[0.072s] Invoking command in '/home/huuhoa/hospital_robot/build/nav2_lifecycle_manager': CMAKE_PREFIX_PATH=/home/huuhoa/hospital_robot/install/nav2_util:/home/huuhoa/hospital_robot/install/nav2_msgs:/home/huuhoa/hospital_robot/install/nav2_common:/home/huuhoa/hospital_robot/install/nav2_system_tests:/home/huuhoa/hospital_robot/install/nav2_bringup:/home/huuhoa/hospital_robot/install/navigation2:/home/huuhoa/hospital_robot/install/nav2_smoother:/home/huuhoa/hospital_robot/install/nav2_rotation_shim_controller:/home/huuhoa/hospital_robot/install/nav2_graceful_controller:/home/huuhoa/hospital_robot/install/nav2_dwb_controller:/home/huuhoa/hospital_robot/install/nav2_controller:/home/huuhoa/hospital_robot/install/dwb_plugins:/home/huuhoa/hospital_robot/install/dwb_critics:/home/huuhoa/hospital_robot/install/dwb_core:/home/huuhoa/hospital_robot/install/nav_2d_utils:/home/huuhoa/hospital_robot/install/dwb_msgs:/home/huuhoa/hospital_robot/install/nav_2d_msgs:/home/huuhoa/hospital_robot/install/nav2_waypoint_follower:/home/huuhoa/hospital_robot/install/nav2_theta_star_planner:/home/huuhoa/hospital_robot/install/nav2_smac_planner:/home/huuhoa/hospital_robot/install/nav2_regulated_pure_pursuit_controller:/home/huuhoa/hospital_robot/install/nav2_planner:/home/huuhoa/hospital_robot/install/nav2_navfn_planner:/home/huuhoa/hospital_robot/install/nav2_mppi_controller:/home/huuhoa/hospital_robot/install/nav2_constrained_smoother:/home/huuhoa/hospital_robot/install/nav2_bt_navigator:/home/huuhoa/hospital_robot/install/nav2_behaviors:/home/huuhoa/hospital_robot/install/nav2_core:/home/huuhoa/hospital_robot/install/nav2_collision_monitor:/home/huuhoa/hospital_robot/install/costmap_queue:/home/huuhoa/hospital_robot/install/nav2_costmap_2d:/home/huuhoa/hospital_robot/install/nav2_voxel_grid:/home/huuhoa/hospital_robot/install/nav2_velocity_smoother:/home/huuhoa/hospital_robot/install/nav2_rviz_plugins:/home/huuhoa/hospital_robot/install/nav2_map_server:/home/huuhoa/hospital_robot/install/nav2_lifecycle_manager:/home/huuhoa/hospital_robot/install/nav2_behavior_tree:/home/huuhoa/hospital_robot/install/nav2_amcl:/home/huuhoa/hospital_robot/install/map_msgs:/home/huuhoa/hospital_robot/install/hospital_package:/home/huuhoa/hospital_robot/install/nav2_simple_commander:/opt/ros/humble LD_LIBRARY_PATH=/home/huuhoa/hospital_robot/install/nav2_util/lib:/home/huuhoa/hospital_robot/install/nav2_msgs/lib:/home/huuhoa/hospital_robot/install/nav2_smoother/lib:/home/huuhoa/hospital_robot/install/nav2_rotation_shim_controller/lib:/home/huuhoa/hospital_robot/install/nav2_graceful_controller/lib:/home/huuhoa/hospital_robot/install/nav2_controller/lib:/home/huuhoa/hospital_robot/install/dwb_plugins/lib:/home/huuhoa/hospital_robot/install/dwb_critics/lib:/home/huuhoa/hospital_robot/install/dwb_core/lib:/home/huuhoa/hospital_robot/install/nav_2d_utils/lib:/home/huuhoa/hospital_robot/install/dwb_msgs/lib:/home/huuhoa/hospital_robot/install/nav_2d_msgs/lib:/home/huuhoa/hospital_robot/install/nav2_waypoint_follower/lib:/home/huuhoa/hospital_robot/install/nav2_theta_star_planner/lib:/home/huuhoa/hospital_robot/install/nav2_smac_planner/lib:/home/huuhoa/hospital_robot/install/nav2_regulated_pure_pursuit_controller/lib:/home/huuhoa/hospital_robot/install/nav2_planner/lib:/home/huuhoa/hospital_robot/install/nav2_navfn_planner/lib:/home/huuhoa/hospital_robot/install/nav2_mppi_controller/lib:/home/huuhoa/hospital_robot/install/nav2_constrained_smoother/lib:/home/huuhoa/hospital_robot/install/nav2_bt_navigator/lib:/home/huuhoa/hospital_robot/install/nav2_behaviors/lib:/home/huuhoa/hospital_robot/install/nav2_collision_monitor/lib:/home/huuhoa/hospital_robot/install/costmap_queue/lib:/home/huuhoa/hospital_robot/install/nav2_costmap_2d/lib:/home/huuhoa/hospital_robot/install/nav2_voxel_grid/lib:/home/huuhoa/hospital_robot/install/nav2_velocity_smoother/lib:/home/huuhoa/hospital_robot/install/nav2_rviz_plugins/lib:/home/huuhoa/hospital_robot/install/nav2_map_server/lib:/home/huuhoa/hospital_robot/install/nav2_lifecycle_manager/lib:/home/huuhoa/hospital_robot/install/nav2_behavior_tree/lib:/home/huuhoa/hospital_robot/install/nav2_amcl/lib:/home/huuhoa/hospital_robot/install/map_msgs/lib:/opt/ros/humble/lib/x86_64-linux-gnu:/opt/ros/humble/lib /usr/bin/cmake /home/huuhoa/hospital_robot/src/nav2_package/navigation2/nav2_lifecycle_manager -DAMENT_CMAKE_SYMLINK_INSTALL=1 -DCMAKE_INSTALL_PREFIX=/home/huuhoa/hospital_robot/install/nav2_lifecycle_manager
[0.165s] -- The C compiler identification is GNU 11.4.0
[0.253s] -- The CXX compiler identification is GNU 11.4.0
[0.268s] -- Detecting C compiler ABI info
[0.410s] -- Detecting C compiler ABI info - done
[0.423s] -- Check for working C compiler: /usr/bin/cc - skipped
[0.423s] -- Detecting C compile features
[0.425s] -- Detecting C compile features - done
[0.430s] -- Detecting CXX compiler ABI info
[0.568s] -- Detecting CXX compiler ABI info - done
[0.587s] -- Check for working CXX compiler: /usr/bin/c++ - skipped
[0.588s] -- Detecting CXX compile features
[0.590s] -- Detecting CXX compile features - done
[0.603s] -- Found ament_cmake: 1.3.11 (/opt/ros/humble/share/ament_cmake/cmake)
[0.774s] -- Found Python3: /usr/bin/python3 (found version "3.10.12") found components: Interpreter 
[0.854s] -- Override CMake install command with custom implementation using symlinks instead of copying resources
[0.890s] -- Found geometry_msgs: 4.2.4 (/opt/ros/humble/share/geometry_msgs/cmake)
[0.932s] -- Found rosidl_generator_c: 3.1.6 (/opt/ros/humble/share/rosidl_generator_c/cmake)
[0.947s] -- Found rosidl_adapter: 3.1.6 (/opt/ros/humble/share/rosidl_adapter/cmake)
[0.947s] -- Found rosidl_generator_cpp: 3.1.6 (/opt/ros/humble/share/rosidl_generator_cpp/cmake)
[0.963s] -- Using all available rosidl_typesupport_c: rosidl_typesupport_fastrtps_c;rosidl_typesupport_introspection_c
[0.984s] -- Using all available rosidl_typesupport_cpp: rosidl_typesupport_fastrtps_cpp;rosidl_typesupport_introspection_cpp
[1.031s] -- Found lifecycle_msgs: 1.2.1 (/opt/ros/humble/share/lifecycle_msgs/cmake)
[1.041s] -- Found nav2_common: 1.1.18 (/home/huuhoa/hospital_robot/install/nav2_common/share/nav2_common/cmake)
[1.042s] -- Found nav2_msgs: 1.1.18 (/home/huuhoa/hospital_robot/install/nav2_msgs/share/nav2_msgs/cmake)
[1.123s] -- Found nav2_util: 1.1.18 (/home/huuhoa/hospital_robot/install/nav2_util/share/nav2_util/cmake)
[1.202s] -- Found rmw_implementation_cmake: 6.1.2 (/opt/ros/humble/share/rmw_implementation_cmake/cmake)
[1.207s] -- Found rmw_cyclonedds_cpp: 1.3.4 (/opt/ros/humble/share/rmw_cyclonedds_cpp/cmake)
[1.251s] -- Using RMW implementation 'rmw_cyclonedds_cpp' as default
[1.262s] -- Looking for pthread.h
[1.395s] -- Looking for pthread.h - found
[1.395s] -- Performing Test CMAKE_HAVE_LIBC_PTHREAD
[1.523s] -- Performing Test CMAKE_HAVE_LIBC_PTHREAD - Success
[1.531s] -- Found Threads: TRUE  
[1.655s] -- Found eigen3_cmake_module: 0.1.1 (/opt/ros/humble/share/eigen3_cmake_module/cmake)
[1.658s] -- Found Eigen3: TRUE (found version "3.4.0") 
[1.658s] -- Ensuring Eigen3 include directory is part of orocos-kdl CMake target
[1.711s] -- Found std_srvs: 4.2.4 (/opt/ros/humble/share/std_srvs/cmake)
[1.766s] -- Found diagnostic_updater: 4.0.2 (/opt/ros/humble/share/diagnostic_updater/cmake)
[1.810s] -- Setting build type to Release as none was specified.
[1.907s] -- Found ament_lint_auto: 0.12.11 (/opt/ros/humble/share/ament_lint_auto/cmake)
[2.030s] -- Found gtest sources under '/opt/ros/humble/src/gtest_vendor': C++ tests using 'Google Test' will be built
[2.143s] -- Added test 'copyright' to check source files copyright and LICENSE
[2.144s] -- Added test 'cppcheck' to perform static code analysis on C / C++ code
[2.145s] -- Configured cppcheck include dirs: /home/huuhoa/hospital_robot/src/nav2_package/navigation2/nav2_lifecycle_manager/include
[2.146s] -- Configured cppcheck exclude dirs and/or files: 
[2.148s] -- Added test 'cpplint' to check C / C++ code against the Google style
[2.148s] -- Configured cpplint exclude dirs and/or files: 
[2.151s] -- Added test 'flake8' to check Python code syntax and style conventions
[2.163s] -- Added test 'lint_cmake' to check CMake code style
[2.163s] -- Added test 'pep257' to check Python code against some of the docstring style conventions in PEP 257
[2.163s] -- Added test 'uncrustify' to check C / C++ code style
[2.163s] -- Configured uncrustify additional arguments: 
[2.163s] -- Added test 'xmllint' to check XML markup files
[2.163s] -- Configuring done
[2.269s] -- Generating done
[2.289s] -- Build files have been written to: /home/huuhoa/hospital_robot/build/nav2_lifecycle_manager
