[0.069s] Invoking command in '/home/huuhoa/hospital_robot/build/nav2_util': CMAKE_PREFIX_PATH=/home/huuhoa/hospital_robot/install/nav2_msgs:/home/huuhoa/hospital_robot/install/nav2_common:/home/huuhoa/hospital_robot/install/nav2_system_tests:/home/huuhoa/hospital_robot/install/nav2_bringup:/home/huuhoa/hospital_robot/install/navigation2:/home/huuhoa/hospital_robot/install/nav2_smoother:/home/huuhoa/hospital_robot/install/nav2_rotation_shim_controller:/home/huuhoa/hospital_robot/install/nav2_graceful_controller:/home/huuhoa/hospital_robot/install/nav2_dwb_controller:/home/huuhoa/hospital_robot/install/nav2_controller:/home/huuhoa/hospital_robot/install/dwb_plugins:/home/huuhoa/hospital_robot/install/dwb_critics:/home/huuhoa/hospital_robot/install/dwb_core:/home/huuhoa/hospital_robot/install/nav_2d_utils:/home/huuhoa/hospital_robot/install/dwb_msgs:/home/huuhoa/hospital_robot/install/nav_2d_msgs:/home/huuhoa/hospital_robot/install/nav2_waypoint_follower:/home/huuhoa/hospital_robot/install/nav2_theta_star_planner:/home/huuhoa/hospital_robot/install/nav2_smac_planner:/home/huuhoa/hospital_robot/install/nav2_regulated_pure_pursuit_controller:/home/huuhoa/hospital_robot/install/nav2_planner:/home/huuhoa/hospital_robot/install/nav2_navfn_planner:/home/huuhoa/hospital_robot/install/nav2_mppi_controller:/home/huuhoa/hospital_robot/install/nav2_constrained_smoother:/home/huuhoa/hospital_robot/install/nav2_bt_navigator:/home/huuhoa/hospital_robot/install/nav2_behaviors:/home/huuhoa/hospital_robot/install/nav2_core:/home/huuhoa/hospital_robot/install/nav2_collision_monitor:/home/huuhoa/hospital_robot/install/costmap_queue:/home/huuhoa/hospital_robot/install/nav2_costmap_2d:/home/huuhoa/hospital_robot/install/nav2_voxel_grid:/home/huuhoa/hospital_robot/install/nav2_velocity_smoother:/home/huuhoa/hospital_robot/install/nav2_rviz_plugins:/home/huuhoa/hospital_robot/install/nav2_map_server:/home/huuhoa/hospital_robot/install/nav2_lifecycle_manager:/home/huuhoa/hospital_robot/install/nav2_behavior_tree:/home/huuhoa/hospital_robot/install/nav2_amcl:/home/huuhoa/hospital_robot/install/nav2_util:/home/huuhoa/hospital_robot/install/map_msgs:/home/huuhoa/hospital_robot/install/hospital_package:/home/huuhoa/hospital_robot/install/nav2_simple_commander:/opt/ros/humble LD_LIBRARY_PATH=/home/huuhoa/hospital_robot/install/nav2_msgs/lib:/home/huuhoa/hospital_robot/install/nav2_smoother/lib:/home/huuhoa/hospital_robot/install/nav2_rotation_shim_controller/lib:/home/huuhoa/hospital_robot/install/nav2_graceful_controller/lib:/home/huuhoa/hospital_robot/install/nav2_controller/lib:/home/huuhoa/hospital_robot/install/dwb_plugins/lib:/home/huuhoa/hospital_robot/install/dwb_critics/lib:/home/huuhoa/hospital_robot/install/dwb_core/lib:/home/huuhoa/hospital_robot/install/nav_2d_utils/lib:/home/huuhoa/hospital_robot/install/dwb_msgs/lib:/home/huuhoa/hospital_robot/install/nav_2d_msgs/lib:/home/huuhoa/hospital_robot/install/nav2_waypoint_follower/lib:/home/huuhoa/hospital_robot/install/nav2_theta_star_planner/lib:/home/huuhoa/hospital_robot/install/nav2_smac_planner/lib:/home/huuhoa/hospital_robot/install/nav2_regulated_pure_pursuit_controller/lib:/home/huuhoa/hospital_robot/install/nav2_planner/lib:/home/huuhoa/hospital_robot/install/nav2_navfn_planner/lib:/home/huuhoa/hospital_robot/install/nav2_mppi_controller/lib:/home/huuhoa/hospital_robot/install/nav2_constrained_smoother/lib:/home/huuhoa/hospital_robot/install/nav2_bt_navigator/lib:/home/huuhoa/hospital_robot/install/nav2_behaviors/lib:/home/huuhoa/hospital_robot/install/nav2_collision_monitor/lib:/home/huuhoa/hospital_robot/install/costmap_queue/lib:/home/huuhoa/hospital_robot/install/nav2_costmap_2d/lib:/home/huuhoa/hospital_robot/install/nav2_voxel_grid/lib:/home/huuhoa/hospital_robot/install/nav2_velocity_smoother/lib:/home/huuhoa/hospital_robot/install/nav2_rviz_plugins/lib:/home/huuhoa/hospital_robot/install/nav2_map_server/lib:/home/huuhoa/hospital_robot/install/nav2_lifecycle_manager/lib:/home/huuhoa/hospital_robot/install/nav2_behavior_tree/lib:/home/huuhoa/hospital_robot/install/nav2_amcl/lib:/home/huuhoa/hospital_robot/install/nav2_util/lib:/home/huuhoa/hospital_robot/install/map_msgs/lib:/opt/ros/humble/lib/x86_64-linux-gnu:/opt/ros/humble/lib /usr/bin/cmake /home/huuhoa/hospital_robot/src/nav2_package/navigation2/nav2_util -DAMENT_CMAKE_SYMLINK_INSTALL=1 -DCMAKE_INSTALL_PREFIX=/home/huuhoa/hospital_robot/install/nav2_util
[0.185s] -- The C compiler identification is GNU 11.4.0
[0.282s] -- The CXX compiler identification is GNU 11.4.0
[0.291s] -- Detecting C compiler ABI info
[0.420s] -- Detecting C compiler ABI info - done
[0.441s] -- Check for working C compiler: /usr/bin/cc - skipped
[0.441s] -- Detecting C compile features
[0.441s] -- Detecting C compile features - done
[0.441s] -- Detecting CXX compiler ABI info
[0.567s] -- Detecting CXX compiler ABI info - done
[0.583s] -- Check for working CXX compiler: /usr/bin/c++ - skipped
[0.583s] -- Detecting CXX compile features
[0.583s] -- Detecting CXX compile features - done
[0.583s] -- Found ament_cmake: 1.3.11 (/opt/ros/humble/share/ament_cmake/cmake)
[0.780s] -- Found Python3: /usr/bin/python3 (found version "3.10.12") found components: Interpreter 
[0.861s] -- Override CMake install command with custom implementation using symlinks instead of copying resources
[0.905s] -- Found nav2_common: 1.1.18 (/home/huuhoa/hospital_robot/install/nav2_common/share/nav2_common/cmake)
[0.913s] -- Found nav2_msgs: 1.1.18 (/home/huuhoa/hospital_robot/install/nav2_msgs/share/nav2_msgs/cmake)
[0.959s] -- Found rosidl_generator_c: 3.1.6 (/opt/ros/humble/share/rosidl_generator_c/cmake)
[0.965s] -- Found rosidl_adapter: 3.1.6 (/opt/ros/humble/share/rosidl_adapter/cmake)
[1.004s] -- Found rosidl_generator_cpp: 3.1.6 (/opt/ros/humble/share/rosidl_generator_cpp/cmake)
[1.013s] -- Using all available rosidl_typesupport_c: rosidl_typesupport_fastrtps_c;rosidl_typesupport_introspection_c
[1.035s] -- Using all available rosidl_typesupport_cpp: rosidl_typesupport_fastrtps_cpp;rosidl_typesupport_introspection_cpp
[1.189s] -- Found tf2_ros: 0.25.12 (/opt/ros/humble/share/tf2_ros/cmake)
[1.274s] -- Found rmw_implementation_cmake: 6.1.2 (/opt/ros/humble/share/rmw_implementation_cmake/cmake)
[1.278s] -- Found rmw_cyclonedds_cpp: 1.3.4 (/opt/ros/humble/share/rmw_cyclonedds_cpp/cmake)
[1.307s] -- Using RMW implementation 'rmw_cyclonedds_cpp' as default
[1.315s] -- Looking for pthread.h
[1.489s] -- Looking for pthread.h - found
[1.489s] -- Performing Test CMAKE_HAVE_LIBC_PTHREAD
[1.646s] -- Performing Test CMAKE_HAVE_LIBC_PTHREAD - Success
[1.648s] -- Found Threads: TRUE  
[1.777s] -- Found tf2_geometry_msgs: 0.25.12 (/opt/ros/humble/share/tf2_geometry_msgs/cmake)
[1.778s] -- Found eigen3_cmake_module: 0.1.1 (/opt/ros/humble/share/eigen3_cmake_module/cmake)
[1.780s] -- Found Eigen3: TRUE (found version "3.4.0") 
[1.780s] -- Ensuring Eigen3 include directory is part of orocos-kdl CMake target
[1.784s] -- Found lifecycle_msgs: 1.2.1 (/opt/ros/humble/share/lifecycle_msgs/cmake)
[1.808s] -- Found rclcpp_lifecycle: 16.0.11 (/opt/ros/humble/share/rclcpp_lifecycle/cmake)
[1.815s] -- Found bondcpp: 4.1.2 (/opt/ros/humble/share/bondcpp/cmake)
[1.846s] -- Setting build type to Release as none was specified.
[1.901s] -- Found Boost: /usr/lib/x86_64-linux-gnu/cmake/Boost-1.74.0/BoostConfig.cmake (found version "1.74.0") found components: program_options 
[1.907s] -- Found ament_lint_auto: 0.12.11 (/opt/ros/humble/share/ament_lint_auto/cmake)
[1.910s] -- Found ament_cmake_pytest: 1.3.11 (/opt/ros/humble/share/ament_cmake_pytest/cmake)
[1.913s] -- Found launch_testing_ament_cmake: 1.0.7 (/opt/ros/humble/share/launch_testing_ament_cmake/cmake)
[1.916s] -- Found python_cmake_module: 0.10.0 (/opt/ros/humble/share/python_cmake_module/cmake)
[1.951s] -- Found PythonInterp: /usr/bin/python3 (found suitable version "3.10.12", minimum required is "3.6") 
[1.959s] -- Found PythonLibs: /usr/lib/x86_64-linux-gnu/libpython3.10.so (found suitable version "3.10.12", minimum required is "3.5") 
[1.960s] -- Using PYTHON_EXECUTABLE: /usr/bin/python3
[1.960s] -- Using PYTHON_INCLUDE_DIRS: /usr/include/python3.10
[1.960s] -- Using PYTHON_LIBRARIES: /usr/lib/x86_64-linux-gnu/libpython3.10.so
[1.999s] -- Found PythonExtra: .so  
[2.182s] -- Found gtest sources under '/opt/ros/humble/src/gtest_vendor': C++ tests using 'Google Test' will be built
[2.240s] -- Added test 'copyright' to check source files copyright and LICENSE
[2.240s] -- Added test 'cppcheck' to perform static code analysis on C / C++ code
[2.240s] -- Configured cppcheck include dirs: /home/huuhoa/hospital_robot/src/nav2_package/navigation2/nav2_util/include
[2.240s] -- Configured cppcheck exclude dirs and/or files: 
[2.243s] -- Added test 'cpplint' to check C / C++ code against the Google style
[2.243s] -- Configured cpplint exclude dirs and/or files: 
[2.247s] -- Added test 'lint_cmake' to check CMake code style
[2.252s] -- Added test 'uncrustify' to check C / C++ code style
[2.252s] -- Configured uncrustify additional arguments: 
[2.254s] -- Added test 'xmllint' to check XML markup files
[2.262s] -- Configuring done
[2.381s] -- Generating done
[2.428s] -- Build files have been written to: /home/huuhoa/hospital_robot/build/nav2_util
[2.506s] Invoked command in '/home/huuhoa/hospital_robot/build/nav2_util' returned '0': CMAKE_PREFIX_PATH=/home/huuhoa/hospital_robot/install/nav2_msgs:/home/huuhoa/hospital_robot/install/nav2_common:/home/huuhoa/hospital_robot/install/nav2_system_tests:/home/huuhoa/hospital_robot/install/nav2_bringup:/home/huuhoa/hospital_robot/install/navigation2:/home/huuhoa/hospital_robot/install/nav2_smoother:/home/huuhoa/hospital_robot/install/nav2_rotation_shim_controller:/home/huuhoa/hospital_robot/install/nav2_graceful_controller:/home/huuhoa/hospital_robot/install/nav2_dwb_controller:/home/huuhoa/hospital_robot/install/nav2_controller:/home/huuhoa/hospital_robot/install/dwb_plugins:/home/huuhoa/hospital_robot/install/dwb_critics:/home/huuhoa/hospital_robot/install/dwb_core:/home/huuhoa/hospital_robot/install/nav_2d_utils:/home/huuhoa/hospital_robot/install/dwb_msgs:/home/huuhoa/hospital_robot/install/nav_2d_msgs:/home/huuhoa/hospital_robot/install/nav2_waypoint_follower:/home/huuhoa/hospital_robot/install/nav2_theta_star_planner:/home/huuhoa/hospital_robot/install/nav2_smac_planner:/home/huuhoa/hospital_robot/install/nav2_regulated_pure_pursuit_controller:/home/huuhoa/hospital_robot/install/nav2_planner:/home/huuhoa/hospital_robot/install/nav2_navfn_planner:/home/huuhoa/hospital_robot/install/nav2_mppi_controller:/home/huuhoa/hospital_robot/install/nav2_constrained_smoother:/home/huuhoa/hospital_robot/install/nav2_bt_navigator:/home/huuhoa/hospital_robot/install/nav2_behaviors:/home/huuhoa/hospital_robot/install/nav2_core:/home/huuhoa/hospital_robot/install/nav2_collision_monitor:/home/huuhoa/hospital_robot/install/costmap_queue:/home/huuhoa/hospital_robot/install/nav2_costmap_2d:/home/huuhoa/hospital_robot/install/nav2_voxel_grid:/home/huuhoa/hospital_robot/install/nav2_velocity_smoother:/home/huuhoa/hospital_robot/install/nav2_rviz_plugins:/home/huuhoa/hospital_robot/install/nav2_map_server:/home/huuhoa/hospital_robot/install/nav2_lifecycle_manager:/home/huuhoa/hospital_robot/install/nav2_behavior_tree:/home/huuhoa/hospital_robot/install/nav2_amcl:/home/huuhoa/hospital_robot/install/nav2_util:/home/huuhoa/hospital_robot/install/map_msgs:/home/huuhoa/hospital_robot/install/hospital_package:/home/huuhoa/hospital_robot/install/nav2_simple_commander:/opt/ros/humble LD_LIBRARY_PATH=/home/huuhoa/hospital_robot/install/nav2_msgs/lib:/home/huuhoa/hospital_robot/install/nav2_smoother/lib:/home/huuhoa/hospital_robot/install/nav2_rotation_shim_controller/lib:/home/huuhoa/hospital_robot/install/nav2_graceful_controller/lib:/home/huuhoa/hospital_robot/install/nav2_controller/lib:/home/huuhoa/hospital_robot/install/dwb_plugins/lib:/home/huuhoa/hospital_robot/install/dwb_critics/lib:/home/huuhoa/hospital_robot/install/dwb_core/lib:/home/huuhoa/hospital_robot/install/nav_2d_utils/lib:/home/huuhoa/hospital_robot/install/dwb_msgs/lib:/home/huuhoa/hospital_robot/install/nav_2d_msgs/lib:/home/huuhoa/hospital_robot/install/nav2_waypoint_follower/lib:/home/huuhoa/hospital_robot/install/nav2_theta_star_planner/lib:/home/huuhoa/hospital_robot/install/nav2_smac_planner/lib:/home/huuhoa/hospital_robot/install/nav2_regulated_pure_pursuit_controller/lib:/home/huuhoa/hospital_robot/install/nav2_planner/lib:/home/huuhoa/hospital_robot/install/nav2_navfn_planner/lib:/home/huuhoa/hospital_robot/install/nav2_mppi_controller/lib:/home/huuhoa/hospital_robot/install/nav2_constrained_smoother/lib:/home/huuhoa/hospital_robot/install/nav2_bt_navigator/lib:/home/huuhoa/hospital_robot/install/nav2_behaviors/lib:/home/huuhoa/hospital_robot/install/nav2_collision_monitor/lib:/home/huuhoa/hospital_robot/install/costmap_queue/lib:/home/huuhoa/hospital_robot/install/nav2_costmap_2d/lib:/home/huuhoa/hospital_robot/install/nav2_voxel_grid/lib:/home/huuhoa/hospital_robot/install/nav2_velocity_smoother/lib:/home/huuhoa/hospital_robot/install/nav2_rviz_plugins/lib:/home/huuhoa/hospital_robot/install/nav2_map_server/lib:/home/huuhoa/hospital_robot/install/nav2_lifecycle_manager/lib:/home/huuhoa/hospital_robot/install/nav2_behavior_tree/lib:/home/huuhoa/hospital_robot/install/nav2_amcl/lib:/home/huuhoa/hospital_robot/install/nav2_util/lib:/home/huuhoa/hospital_robot/install/map_msgs/lib:/opt/ros/humble/lib/x86_64-linux-gnu:/opt/ros/humble/lib /usr/bin/cmake /home/huuhoa/hospital_robot/src/nav2_package/navigation2/nav2_util -DAMENT_CMAKE_SYMLINK_INSTALL=1 -DCMAKE_INSTALL_PREFIX=/home/huuhoa/hospital_robot/install/nav2_util
[2.517s] Invoking command in '/home/huuhoa/hospital_robot/build/nav2_util': CMAKE_PREFIX_PATH=/home/huuhoa/hospital_robot/install/nav2_msgs:/home/huuhoa/hospital_robot/install/nav2_common:/home/huuhoa/hospital_robot/install/nav2_system_tests:/home/huuhoa/hospital_robot/install/nav2_bringup:/home/huuhoa/hospital_robot/install/navigation2:/home/huuhoa/hospital_robot/install/nav2_smoother:/home/huuhoa/hospital_robot/install/nav2_rotation_shim_controller:/home/huuhoa/hospital_robot/install/nav2_graceful_controller:/home/huuhoa/hospital_robot/install/nav2_dwb_controller:/home/huuhoa/hospital_robot/install/nav2_controller:/home/huuhoa/hospital_robot/install/dwb_plugins:/home/huuhoa/hospital_robot/install/dwb_critics:/home/huuhoa/hospital_robot/install/dwb_core:/home/huuhoa/hospital_robot/install/nav_2d_utils:/home/huuhoa/hospital_robot/install/dwb_msgs:/home/huuhoa/hospital_robot/install/nav_2d_msgs:/home/huuhoa/hospital_robot/install/nav2_waypoint_follower:/home/huuhoa/hospital_robot/install/nav2_theta_star_planner:/home/huuhoa/hospital_robot/install/nav2_smac_planner:/home/huuhoa/hospital_robot/install/nav2_regulated_pure_pursuit_controller:/home/huuhoa/hospital_robot/install/nav2_planner:/home/huuhoa/hospital_robot/install/nav2_navfn_planner:/home/huuhoa/hospital_robot/install/nav2_mppi_controller:/home/huuhoa/hospital_robot/install/nav2_constrained_smoother:/home/huuhoa/hospital_robot/install/nav2_bt_navigator:/home/huuhoa/hospital_robot/install/nav2_behaviors:/home/huuhoa/hospital_robot/install/nav2_core:/home/huuhoa/hospital_robot/install/nav2_collision_monitor:/home/huuhoa/hospital_robot/install/costmap_queue:/home/huuhoa/hospital_robot/install/nav2_costmap_2d:/home/huuhoa/hospital_robot/install/nav2_voxel_grid:/home/huuhoa/hospital_robot/install/nav2_velocity_smoother:/home/huuhoa/hospital_robot/install/nav2_rviz_plugins:/home/huuhoa/hospital_robot/install/nav2_map_server:/home/huuhoa/hospital_robot/install/nav2_lifecycle_manager:/home/huuhoa/hospital_robot/install/nav2_behavior_tree:/home/huuhoa/hospital_robot/install/nav2_amcl:/home/huuhoa/hospital_robot/install/nav2_util:/home/huuhoa/hospital_robot/install/map_msgs:/home/huuhoa/hospital_robot/install/hospital_package:/home/huuhoa/hospital_robot/install/nav2_simple_commander:/opt/ros/humble LD_LIBRARY_PATH=/home/huuhoa/hospital_robot/install/nav2_msgs/lib:/home/huuhoa/hospital_robot/install/nav2_smoother/lib:/home/huuhoa/hospital_robot/install/nav2_rotation_shim_controller/lib:/home/huuhoa/hospital_robot/install/nav2_graceful_controller/lib:/home/huuhoa/hospital_robot/install/nav2_controller/lib:/home/huuhoa/hospital_robot/install/dwb_plugins/lib:/home/huuhoa/hospital_robot/install/dwb_critics/lib:/home/huuhoa/hospital_robot/install/dwb_core/lib:/home/huuhoa/hospital_robot/install/nav_2d_utils/lib:/home/huuhoa/hospital_robot/install/dwb_msgs/lib:/home/huuhoa/hospital_robot/install/nav_2d_msgs/lib:/home/huuhoa/hospital_robot/install/nav2_waypoint_follower/lib:/home/huuhoa/hospital_robot/install/nav2_theta_star_planner/lib:/home/huuhoa/hospital_robot/install/nav2_smac_planner/lib:/home/huuhoa/hospital_robot/install/nav2_regulated_pure_pursuit_controller/lib:/home/huuhoa/hospital_robot/install/nav2_planner/lib:/home/huuhoa/hospital_robot/install/nav2_navfn_planner/lib:/home/huuhoa/hospital_robot/install/nav2_mppi_controller/lib:/home/huuhoa/hospital_robot/install/nav2_constrained_smoother/lib:/home/huuhoa/hospital_robot/install/nav2_bt_navigator/lib:/home/huuhoa/hospital_robot/install/nav2_behaviors/lib:/home/huuhoa/hospital_robot/install/nav2_collision_monitor/lib:/home/huuhoa/hospital_robot/install/costmap_queue/lib:/home/huuhoa/hospital_robot/install/nav2_costmap_2d/lib:/home/huuhoa/hospital_robot/install/nav2_voxel_grid/lib:/home/huuhoa/hospital_robot/install/nav2_velocity_smoother/lib:/home/huuhoa/hospital_robot/install/nav2_rviz_plugins/lib:/home/huuhoa/hospital_robot/install/nav2_map_server/lib:/home/huuhoa/hospital_robot/install/nav2_lifecycle_manager/lib:/home/huuhoa/hospital_robot/install/nav2_behavior_tree/lib:/home/huuhoa/hospital_robot/install/nav2_amcl/lib:/home/huuhoa/hospital_robot/install/nav2_util/lib:/home/huuhoa/hospital_robot/install/map_msgs/lib:/opt/ros/humble/lib/x86_64-linux-gnu:/opt/ros/humble/lib /usr/bin/cmake --build /home/huuhoa/hospital_robot/build/nav2_util -- -j2 -l2
[2.696s] [  2%] [32mBuilding CXX object src/CMakeFiles/nav2_util_core.dir/costmap.cpp.o[0m
[6.356s] [  5%] [32mBuilding CXX object src/CMakeFiles/nav2_util_core.dir/node_utils.cpp.o[0m
[10.168s] [  7%] [32mBuilding CXX object src/CMakeFiles/nav2_util_core.dir/lifecycle_service_client.cpp.o[0m
[16.111s] [ 10%] [32mBuilding CXX object src/CMakeFiles/nav2_util_core.dir/string_utils.cpp.o[0m
[16.694s] [ 12%] [32mBuilding CXX object src/CMakeFiles/nav2_util_core.dir/lifecycle_utils.cpp.o[0m
[18.239s] [ 15%] [32mBuilding CXX object gtest/CMakeFiles/gtest_main.dir/src/gtest_main.cc.o[0m
[19.243s] [ 17%] [32m[1mLinking CXX static library libgtest_main.a[0m
[19.364s] [ 17%] Built target gtest_main
[19.402s] [ 20%] [32mBuilding CXX object gtest/CMakeFiles/gtest.dir/src/gtest-all.cc.o[0m
[20.423s] [ 22%] [32mBuilding CXX object src/CMakeFiles/nav2_util_core.dir/lifecycle_node.cpp.o[0m
[23.895s] [ 25%] [32mBuilding CXX object src/CMakeFiles/nav2_util_core.dir/robot_utils.cpp.o[0m
[27.352s] [ 27%] [32mBuilding CXX object src/CMakeFiles/nav2_util_core.dir/node_thread.cpp.o[0m
[30.560s] [ 30%] [32m[1mLinking CXX static library libgtest.a[0m
[30.757s] [ 32%] [32mBuilding CXX object src/CMakeFiles/nav2_util_core.dir/odometry_utils.cpp.o[0m
[30.758s] [ 32%] Built target gtest
[42.427s] [ 35%] [32m[1mLinking CXX shared library libnav2_util_core.so[0m
[42.694s] [ 35%] Built target nav2_util_core
[42.757s] [ 37%] [32mBuilding CXX object test/CMakeFiles/test_execution_timer.dir/test_execution_timer.cpp.o[0m
[44.177s] [ 40%] [32m[1mLinking CXX executable test_execution_timer[0m
[44.308s] [ 40%] Built target test_execution_timer
[44.354s] [ 42%] [32mBuilding CXX object src/CMakeFiles/lifecycle_bringup.dir/lifecycle_bringup_commandline.cpp.o[0m
[47.486s] [ 45%] [32m[1mLinking CXX executable lifecycle_bringup[0m
[47.730s] [ 45%] Built target lifecycle_bringup
[47.804s] [ 47%] [32mBuilding CXX object test/CMakeFiles/test_node_utils.dir/test_node_utils.cpp.o[0m
[55.126s] [ 50%] [32m[1mLinking CXX executable test_node_utils[0m
[55.412s] [ 50%] Built target test_node_utils
[55.465s] [ 52%] [32mBuilding CXX object test/CMakeFiles/test_service_client.dir/test_service_client.cpp.o[0m
[69.545s] [ 55%] [32m[1mLinking CXX executable test_service_client[0m
[69.975s] [ 55%] Built target test_service_client
[70.040s] [ 57%] [32mBuilding CXX object test/CMakeFiles/test_string_utils.dir/test_string_utils.cpp.o[0m
[71.533s] [ 60%] [32m[1mLinking CXX executable test_string_utils[0m
[71.767s] [ 60%] Built target test_string_utils
[71.817s] [ 62%] [32mBuilding CXX object test/CMakeFiles/test_lifecycle_utils.dir/test_lifecycle_utils.cpp.o[0m
[76.211s] [ 65%] [32m[1mLinking CXX executable test_lifecycle_utils[0m
[76.518s] [ 65%] Built target test_lifecycle_utils
[76.623s] [ 67%] [32mBuilding CXX object test/CMakeFiles/test_actions.dir/test_actions.cpp.o[0m
[95.738s] [ 70%] [32m[1mLinking CXX executable test_actions[0m
[96.076s] [ 70%] Built target test_actions
[96.130s] [ 72%] [32mBuilding CXX object test/CMakeFiles/test_lifecycle_node.dir/test_lifecycle_node.cpp.o[0m
[102.583s] [ 75%] [32m[1mLinking CXX executable test_lifecycle_node[0m
[102.818s] [ 75%] Built target test_lifecycle_node
[102.882s] [ 77%] [32mBuilding CXX object test/CMakeFiles/test_lifecycle_cli_node.dir/test_lifecycle_cli_node.cpp.o[0m
[107.375s] [ 80%] [32m[1mLinking CXX executable test_lifecycle_cli_node[0m
[107.614s] [ 80%] Built target test_lifecycle_cli_node
[107.695s] [ 82%] [32mBuilding CXX object test/CMakeFiles/test_geometry_utils.dir/test_geometry_utils.cpp.o[0m
[112.419s] [ 85%] [32m[1mLinking CXX executable test_geometry_utils[0m
[112.765s] [ 85%] Built target test_geometry_utils
[112.785s] [ 87%] [32mBuilding CXX object test/CMakeFiles/test_odometry_utils.dir/test_odometry_utils.cpp.o[0m
[112.818s] [ 90%] [32mBuilding CXX object test/CMakeFiles/test_robot_utils.dir/test_robot_utils.cpp.o[0m
[116.983s] [ 92%] [32m[1mLinking CXX executable test_robot_utils[0m
[117.204s] [ 92%] Built target test_robot_utils
[117.238s] [ 95%] [32mBuilding CXX object test/CMakeFiles/test_validation_messages.dir/test_validation_messages.cpp.o[0m
[119.187s] [ 97%] [32m[1mLinking CXX executable test_validation_messages[0m
[119.468s] [ 97%] Built target test_validation_messages
[119.683s] [100%] [32m[1mLinking CXX executable test_odometry_utils[0m
[120.090s] [100%] Built target test_odometry_utils
[120.131s] Invoked command in '/home/huuhoa/hospital_robot/build/nav2_util' returned '0': CMAKE_PREFIX_PATH=/home/huuhoa/hospital_robot/install/nav2_msgs:/home/huuhoa/hospital_robot/install/nav2_common:/home/huuhoa/hospital_robot/install/nav2_system_tests:/home/huuhoa/hospital_robot/install/nav2_bringup:/home/huuhoa/hospital_robot/install/navigation2:/home/huuhoa/hospital_robot/install/nav2_smoother:/home/huuhoa/hospital_robot/install/nav2_rotation_shim_controller:/home/huuhoa/hospital_robot/install/nav2_graceful_controller:/home/huuhoa/hospital_robot/install/nav2_dwb_controller:/home/huuhoa/hospital_robot/install/nav2_controller:/home/huuhoa/hospital_robot/install/dwb_plugins:/home/huuhoa/hospital_robot/install/dwb_critics:/home/huuhoa/hospital_robot/install/dwb_core:/home/huuhoa/hospital_robot/install/nav_2d_utils:/home/huuhoa/hospital_robot/install/dwb_msgs:/home/huuhoa/hospital_robot/install/nav_2d_msgs:/home/huuhoa/hospital_robot/install/nav2_waypoint_follower:/home/huuhoa/hospital_robot/install/nav2_theta_star_planner:/home/huuhoa/hospital_robot/install/nav2_smac_planner:/home/huuhoa/hospital_robot/install/nav2_regulated_pure_pursuit_controller:/home/huuhoa/hospital_robot/install/nav2_planner:/home/huuhoa/hospital_robot/install/nav2_navfn_planner:/home/huuhoa/hospital_robot/install/nav2_mppi_controller:/home/huuhoa/hospital_robot/install/nav2_constrained_smoother:/home/huuhoa/hospital_robot/install/nav2_bt_navigator:/home/huuhoa/hospital_robot/install/nav2_behaviors:/home/huuhoa/hospital_robot/install/nav2_core:/home/huuhoa/hospital_robot/install/nav2_collision_monitor:/home/huuhoa/hospital_robot/install/costmap_queue:/home/huuhoa/hospital_robot/install/nav2_costmap_2d:/home/huuhoa/hospital_robot/install/nav2_voxel_grid:/home/huuhoa/hospital_robot/install/nav2_velocity_smoother:/home/huuhoa/hospital_robot/install/nav2_rviz_plugins:/home/huuhoa/hospital_robot/install/nav2_map_server:/home/huuhoa/hospital_robot/install/nav2_lifecycle_manager:/home/huuhoa/hospital_robot/install/nav2_behavior_tree:/home/huuhoa/hospital_robot/install/nav2_amcl:/home/huuhoa/hospital_robot/install/nav2_util:/home/huuhoa/hospital_robot/install/map_msgs:/home/huuhoa/hospital_robot/install/hospital_package:/home/huuhoa/hospital_robot/install/nav2_simple_commander:/opt/ros/humble LD_LIBRARY_PATH=/home/huuhoa/hospital_robot/install/nav2_msgs/lib:/home/huuhoa/hospital_robot/install/nav2_smoother/lib:/home/huuhoa/hospital_robot/install/nav2_rotation_shim_controller/lib:/home/huuhoa/hospital_robot/install/nav2_graceful_controller/lib:/home/huuhoa/hospital_robot/install/nav2_controller/lib:/home/huuhoa/hospital_robot/install/dwb_plugins/lib:/home/huuhoa/hospital_robot/install/dwb_critics/lib:/home/huuhoa/hospital_robot/install/dwb_core/lib:/home/huuhoa/hospital_robot/install/nav_2d_utils/lib:/home/huuhoa/hospital_robot/install/dwb_msgs/lib:/home/huuhoa/hospital_robot/install/nav_2d_msgs/lib:/home/huuhoa/hospital_robot/install/nav2_waypoint_follower/lib:/home/huuhoa/hospital_robot/install/nav2_theta_star_planner/lib:/home/huuhoa/hospital_robot/install/nav2_smac_planner/lib:/home/huuhoa/hospital_robot/install/nav2_regulated_pure_pursuit_controller/lib:/home/huuhoa/hospital_robot/install/nav2_planner/lib:/home/huuhoa/hospital_robot/install/nav2_navfn_planner/lib:/home/huuhoa/hospital_robot/install/nav2_mppi_controller/lib:/home/huuhoa/hospital_robot/install/nav2_constrained_smoother/lib:/home/huuhoa/hospital_robot/install/nav2_bt_navigator/lib:/home/huuhoa/hospital_robot/install/nav2_behaviors/lib:/home/huuhoa/hospital_robot/install/nav2_collision_monitor/lib:/home/huuhoa/hospital_robot/install/costmap_queue/lib:/home/huuhoa/hospital_robot/install/nav2_costmap_2d/lib:/home/huuhoa/hospital_robot/install/nav2_voxel_grid/lib:/home/huuhoa/hospital_robot/install/nav2_velocity_smoother/lib:/home/huuhoa/hospital_robot/install/nav2_rviz_plugins/lib:/home/huuhoa/hospital_robot/install/nav2_map_server/lib:/home/huuhoa/hospital_robot/install/nav2_lifecycle_manager/lib:/home/huuhoa/hospital_robot/install/nav2_behavior_tree/lib:/home/huuhoa/hospital_robot/install/nav2_amcl/lib:/home/huuhoa/hospital_robot/install/nav2_util/lib:/home/huuhoa/hospital_robot/install/map_msgs/lib:/opt/ros/humble/lib/x86_64-linux-gnu:/opt/ros/humble/lib /usr/bin/cmake --build /home/huuhoa/hospital_robot/build/nav2_util -- -j2 -l2
[120.135s] Invoking command in '/home/huuhoa/hospital_robot/build/nav2_util': CMAKE_PREFIX_PATH=/home/huuhoa/hospital_robot/install/nav2_msgs:/home/huuhoa/hospital_robot/install/nav2_common:/home/huuhoa/hospital_robot/install/nav2_system_tests:/home/huuhoa/hospital_robot/install/nav2_bringup:/home/huuhoa/hospital_robot/install/navigation2:/home/huuhoa/hospital_robot/install/nav2_smoother:/home/huuhoa/hospital_robot/install/nav2_rotation_shim_controller:/home/huuhoa/hospital_robot/install/nav2_graceful_controller:/home/huuhoa/hospital_robot/install/nav2_dwb_controller:/home/huuhoa/hospital_robot/install/nav2_controller:/home/huuhoa/hospital_robot/install/dwb_plugins:/home/huuhoa/hospital_robot/install/dwb_critics:/home/huuhoa/hospital_robot/install/dwb_core:/home/huuhoa/hospital_robot/install/nav_2d_utils:/home/huuhoa/hospital_robot/install/dwb_msgs:/home/huuhoa/hospital_robot/install/nav_2d_msgs:/home/huuhoa/hospital_robot/install/nav2_waypoint_follower:/home/huuhoa/hospital_robot/install/nav2_theta_star_planner:/home/huuhoa/hospital_robot/install/nav2_smac_planner:/home/huuhoa/hospital_robot/install/nav2_regulated_pure_pursuit_controller:/home/huuhoa/hospital_robot/install/nav2_planner:/home/huuhoa/hospital_robot/install/nav2_navfn_planner:/home/huuhoa/hospital_robot/install/nav2_mppi_controller:/home/huuhoa/hospital_robot/install/nav2_constrained_smoother:/home/huuhoa/hospital_robot/install/nav2_bt_navigator:/home/huuhoa/hospital_robot/install/nav2_behaviors:/home/huuhoa/hospital_robot/install/nav2_core:/home/huuhoa/hospital_robot/install/nav2_collision_monitor:/home/huuhoa/hospital_robot/install/costmap_queue:/home/huuhoa/hospital_robot/install/nav2_costmap_2d:/home/huuhoa/hospital_robot/install/nav2_voxel_grid:/home/huuhoa/hospital_robot/install/nav2_velocity_smoother:/home/huuhoa/hospital_robot/install/nav2_rviz_plugins:/home/huuhoa/hospital_robot/install/nav2_map_server:/home/huuhoa/hospital_robot/install/nav2_lifecycle_manager:/home/huuhoa/hospital_robot/install/nav2_behavior_tree:/home/huuhoa/hospital_robot/install/nav2_amcl:/home/huuhoa/hospital_robot/install/nav2_util:/home/huuhoa/hospital_robot/install/map_msgs:/home/huuhoa/hospital_robot/install/hospital_package:/home/huuhoa/hospital_robot/install/nav2_simple_commander:/opt/ros/humble LD_LIBRARY_PATH=/home/huuhoa/hospital_robot/install/nav2_msgs/lib:/home/huuhoa/hospital_robot/install/nav2_smoother/lib:/home/huuhoa/hospital_robot/install/nav2_rotation_shim_controller/lib:/home/huuhoa/hospital_robot/install/nav2_graceful_controller/lib:/home/huuhoa/hospital_robot/install/nav2_controller/lib:/home/huuhoa/hospital_robot/install/dwb_plugins/lib:/home/huuhoa/hospital_robot/install/dwb_critics/lib:/home/huuhoa/hospital_robot/install/dwb_core/lib:/home/huuhoa/hospital_robot/install/nav_2d_utils/lib:/home/huuhoa/hospital_robot/install/dwb_msgs/lib:/home/huuhoa/hospital_robot/install/nav_2d_msgs/lib:/home/huuhoa/hospital_robot/install/nav2_waypoint_follower/lib:/home/huuhoa/hospital_robot/install/nav2_theta_star_planner/lib:/home/huuhoa/hospital_robot/install/nav2_smac_planner/lib:/home/huuhoa/hospital_robot/install/nav2_regulated_pure_pursuit_controller/lib:/home/huuhoa/hospital_robot/install/nav2_planner/lib:/home/huuhoa/hospital_robot/install/nav2_navfn_planner/lib:/home/huuhoa/hospital_robot/install/nav2_mppi_controller/lib:/home/huuhoa/hospital_robot/install/nav2_constrained_smoother/lib:/home/huuhoa/hospital_robot/install/nav2_bt_navigator/lib:/home/huuhoa/hospital_robot/install/nav2_behaviors/lib:/home/huuhoa/hospital_robot/install/nav2_collision_monitor/lib:/home/huuhoa/hospital_robot/install/costmap_queue/lib:/home/huuhoa/hospital_robot/install/nav2_costmap_2d/lib:/home/huuhoa/hospital_robot/install/nav2_voxel_grid/lib:/home/huuhoa/hospital_robot/install/nav2_velocity_smoother/lib:/home/huuhoa/hospital_robot/install/nav2_rviz_plugins/lib:/home/huuhoa/hospital_robot/install/nav2_map_server/lib:/home/huuhoa/hospital_robot/install/nav2_lifecycle_manager/lib:/home/huuhoa/hospital_robot/install/nav2_behavior_tree/lib:/home/huuhoa/hospital_robot/install/nav2_amcl/lib:/home/huuhoa/hospital_robot/install/nav2_util/lib:/home/huuhoa/hospital_robot/install/map_msgs/lib:/opt/ros/humble/lib/x86_64-linux-gnu:/opt/ros/humble/lib /usr/bin/cmake --install /home/huuhoa/hospital_robot/build/nav2_util
[120.156s] -- Install configuration: "Release"
[120.156s] -- Execute custom install script
[120.157s] -- Symlinking: /home/huuhoa/hospital_robot/install/nav2_util/lib/libnav2_util_core.so
[120.176s] -- Symlinking: /home/huuhoa/hospital_robot/install/nav2_util/lib/nav2_util/lifecycle_bringup
[120.190s] -- Symlinking: /home/huuhoa/hospital_robot/install/nav2_util/include//nav2_util/clear_entirely_costmap_service_client.hpp
[120.202s] -- Symlinking: /home/huuhoa/hospital_robot/install/nav2_util/include//nav2_util/costmap.hpp
[120.214s] -- Symlinking: /home/huuhoa/hospital_robot/install/nav2_util/include//nav2_util/execution_timer.hpp
[120.234s] -- Symlinking: /home/huuhoa/hospital_robot/install/nav2_util/include//nav2_util/geometry_utils.hpp
[120.250s] -- Symlinking: /home/huuhoa/hospital_robot/install/nav2_util/include//nav2_util/lifecycle_node.hpp
[120.265s] -- Symlinking: /home/huuhoa/hospital_robot/install/nav2_util/include//nav2_util/lifecycle_service_client.hpp
[120.286s] -- Symlinking: /home/huuhoa/hospital_robot/install/nav2_util/include//nav2_util/lifecycle_utils.hpp
[120.300s] -- Symlinking: /home/huuhoa/hospital_robot/install/nav2_util/include//nav2_util/line_iterator.hpp
[120.316s] -- Symlinking: /home/huuhoa/hospital_robot/install/nav2_util/include//nav2_util/node_thread.hpp
[120.336s] -- Symlinking: /home/huuhoa/hospital_robot/install/nav2_util/include//nav2_util/node_utils.hpp
[120.363s] -- Symlinking: /home/huuhoa/hospital_robot/install/nav2_util/include//nav2_util/occ_grid_values.hpp
[120.392s] -- Symlinking: /home/huuhoa/hospital_robot/install/nav2_util/include//nav2_util/odometry_utils.hpp
[120.409s] -- Symlinking: /home/huuhoa/hospital_robot/install/nav2_util/include//nav2_util/robot_utils.hpp
[120.423s] -- Symlinking: /home/huuhoa/hospital_robot/install/nav2_util/include//nav2_util/service_client.hpp
[120.451s] -- Symlinking: /home/huuhoa/hospital_robot/install/nav2_util/include//nav2_util/simple_action_server.hpp
[120.477s] -- Symlinking: /home/huuhoa/hospital_robot/install/nav2_util/include//nav2_util/string_utils.hpp
[120.503s] -- Symlinking: /home/huuhoa/hospital_robot/install/nav2_util/include//nav2_util/validate_messages.hpp
[120.530s] -- Symlinking: /home/huuhoa/hospital_robot/install/nav2_util/share/nav2_util/environment/library_path.sh
[120.552s] -- Symlinking: /home/huuhoa/hospital_robot/install/nav2_util/share/nav2_util/environment/library_path.dsv
[120.573s] -- Symlinking: /home/huuhoa/hospital_robot/install/nav2_util/share/ament_index/resource_index/package_run_dependencies/nav2_util
[120.595s] -- Symlinking: /home/huuhoa/hospital_robot/install/nav2_util/share/ament_index/resource_index/parent_prefix_path/nav2_util
[120.619s] -- Symlinking: /home/huuhoa/hospital_robot/install/nav2_util/share/nav2_util/environment/ament_prefix_path.sh
[120.630s] -- Symlinking: /home/huuhoa/hospital_robot/install/nav2_util/share/nav2_util/environment/ament_prefix_path.dsv
[120.649s] -- Symlinking: /home/huuhoa/hospital_robot/install/nav2_util/share/nav2_util/environment/path.sh
[120.667s] -- Symlinking: /home/huuhoa/hospital_robot/install/nav2_util/share/nav2_util/environment/path.dsv
[120.681s] -- Symlinking: /home/huuhoa/hospital_robot/install/nav2_util/share/nav2_util/local_setup.bash
[120.694s] -- Symlinking: /home/huuhoa/hospital_robot/install/nav2_util/share/nav2_util/local_setup.sh
[120.707s] -- Symlinking: /home/huuhoa/hospital_robot/install/nav2_util/share/nav2_util/local_setup.zsh
[120.719s] -- Symlinking: /home/huuhoa/hospital_robot/install/nav2_util/share/nav2_util/local_setup.dsv
[120.733s] -- Symlinking: /home/huuhoa/hospital_robot/install/nav2_util/share/nav2_util/package.dsv
[120.751s] -- Symlinking: /home/huuhoa/hospital_robot/install/nav2_util/share/ament_index/resource_index/packages/nav2_util
[120.765s] -- Symlinking: /home/huuhoa/hospital_robot/install/nav2_util/share/nav2_util/cmake/ament_cmake_export_include_directories-extras.cmake
[120.780s] -- Symlinking: /home/huuhoa/hospital_robot/install/nav2_util/share/nav2_util/cmake/ament_cmake_export_libraries-extras.cmake
[120.793s] -- Symlinking: /home/huuhoa/hospital_robot/install/nav2_util/share/nav2_util/cmake/ament_cmake_export_dependencies-extras.cmake
[120.807s] -- Symlinking: /home/huuhoa/hospital_robot/install/nav2_util/share/nav2_util/cmake/nav2_utilConfig.cmake
[120.821s] -- Symlinking: /home/huuhoa/hospital_robot/install/nav2_util/share/nav2_util/cmake/nav2_utilConfig-version.cmake
[120.836s] -- Symlinking: /home/huuhoa/hospital_robot/install/nav2_util/share/nav2_util/package.xml
[120.855s] Invoked command in '/home/huuhoa/hospital_robot/build/nav2_util' returned '0': CMAKE_PREFIX_PATH=/home/huuhoa/hospital_robot/install/nav2_msgs:/home/huuhoa/hospital_robot/install/nav2_common:/home/huuhoa/hospital_robot/install/nav2_system_tests:/home/huuhoa/hospital_robot/install/nav2_bringup:/home/huuhoa/hospital_robot/install/navigation2:/home/huuhoa/hospital_robot/install/nav2_smoother:/home/huuhoa/hospital_robot/install/nav2_rotation_shim_controller:/home/huuhoa/hospital_robot/install/nav2_graceful_controller:/home/huuhoa/hospital_robot/install/nav2_dwb_controller:/home/huuhoa/hospital_robot/install/nav2_controller:/home/huuhoa/hospital_robot/install/dwb_plugins:/home/huuhoa/hospital_robot/install/dwb_critics:/home/huuhoa/hospital_robot/install/dwb_core:/home/huuhoa/hospital_robot/install/nav_2d_utils:/home/huuhoa/hospital_robot/install/dwb_msgs:/home/huuhoa/hospital_robot/install/nav_2d_msgs:/home/huuhoa/hospital_robot/install/nav2_waypoint_follower:/home/huuhoa/hospital_robot/install/nav2_theta_star_planner:/home/huuhoa/hospital_robot/install/nav2_smac_planner:/home/huuhoa/hospital_robot/install/nav2_regulated_pure_pursuit_controller:/home/huuhoa/hospital_robot/install/nav2_planner:/home/huuhoa/hospital_robot/install/nav2_navfn_planner:/home/huuhoa/hospital_robot/install/nav2_mppi_controller:/home/huuhoa/hospital_robot/install/nav2_constrained_smoother:/home/huuhoa/hospital_robot/install/nav2_bt_navigator:/home/huuhoa/hospital_robot/install/nav2_behaviors:/home/huuhoa/hospital_robot/install/nav2_core:/home/huuhoa/hospital_robot/install/nav2_collision_monitor:/home/huuhoa/hospital_robot/install/costmap_queue:/home/huuhoa/hospital_robot/install/nav2_costmap_2d:/home/huuhoa/hospital_robot/install/nav2_voxel_grid:/home/huuhoa/hospital_robot/install/nav2_velocity_smoother:/home/huuhoa/hospital_robot/install/nav2_rviz_plugins:/home/huuhoa/hospital_robot/install/nav2_map_server:/home/huuhoa/hospital_robot/install/nav2_lifecycle_manager:/home/huuhoa/hospital_robot/install/nav2_behavior_tree:/home/huuhoa/hospital_robot/install/nav2_amcl:/home/huuhoa/hospital_robot/install/nav2_util:/home/huuhoa/hospital_robot/install/map_msgs:/home/huuhoa/hospital_robot/install/hospital_package:/home/huuhoa/hospital_robot/install/nav2_simple_commander:/opt/ros/humble LD_LIBRARY_PATH=/home/huuhoa/hospital_robot/install/nav2_msgs/lib:/home/huuhoa/hospital_robot/install/nav2_smoother/lib:/home/huuhoa/hospital_robot/install/nav2_rotation_shim_controller/lib:/home/huuhoa/hospital_robot/install/nav2_graceful_controller/lib:/home/huuhoa/hospital_robot/install/nav2_controller/lib:/home/huuhoa/hospital_robot/install/dwb_plugins/lib:/home/huuhoa/hospital_robot/install/dwb_critics/lib:/home/huuhoa/hospital_robot/install/dwb_core/lib:/home/huuhoa/hospital_robot/install/nav_2d_utils/lib:/home/huuhoa/hospital_robot/install/dwb_msgs/lib:/home/huuhoa/hospital_robot/install/nav_2d_msgs/lib:/home/huuhoa/hospital_robot/install/nav2_waypoint_follower/lib:/home/huuhoa/hospital_robot/install/nav2_theta_star_planner/lib:/home/huuhoa/hospital_robot/install/nav2_smac_planner/lib:/home/huuhoa/hospital_robot/install/nav2_regulated_pure_pursuit_controller/lib:/home/huuhoa/hospital_robot/install/nav2_planner/lib:/home/huuhoa/hospital_robot/install/nav2_navfn_planner/lib:/home/huuhoa/hospital_robot/install/nav2_mppi_controller/lib:/home/huuhoa/hospital_robot/install/nav2_constrained_smoother/lib:/home/huuhoa/hospital_robot/install/nav2_bt_navigator/lib:/home/huuhoa/hospital_robot/install/nav2_behaviors/lib:/home/huuhoa/hospital_robot/install/nav2_collision_monitor/lib:/home/huuhoa/hospital_robot/install/costmap_queue/lib:/home/huuhoa/hospital_robot/install/nav2_costmap_2d/lib:/home/huuhoa/hospital_robot/install/nav2_voxel_grid/lib:/home/huuhoa/hospital_robot/install/nav2_velocity_smoother/lib:/home/huuhoa/hospital_robot/install/nav2_rviz_plugins/lib:/home/huuhoa/hospital_robot/install/nav2_map_server/lib:/home/huuhoa/hospital_robot/install/nav2_lifecycle_manager/lib:/home/huuhoa/hospital_robot/install/nav2_behavior_tree/lib:/home/huuhoa/hospital_robot/install/nav2_amcl/lib:/home/huuhoa/hospital_robot/install/nav2_util/lib:/home/huuhoa/hospital_robot/install/map_msgs/lib:/opt/ros/humble/lib/x86_64-linux-gnu:/opt/ros/humble/lib /usr/bin/cmake --install /home/huuhoa/hospital_robot/build/nav2_util
