[0.170s] Invoking command in '/home/huuhoa/hospital_robot/build/nav2_costmap_2d': AMENT_PREFIX_PATH=/home/huuhoa/hospital_robot/install/nav2_map_server:/home/huuhoa/hospital_robot/install/nav2_lifecycle_manager:/home/huuhoa/hospital_robot/install/nav2_util:/home/huuhoa/hospital_robot/install/nav2_voxel_grid:/home/huuhoa/hospital_robot/install/nav2_msgs:/home/huuhoa/hospital_robot/install/nav2_common:/home/huuhoa/hospital_robot/install/map_msgs:${AMENT_PREFIX_PATH} CMAKE_PREFIX_PATH=/home/huuhoa/hospital_robot/install/nav2_map_server:/home/huuhoa/hospital_robot/install/nav2_lifecycle_manager:/home/huuhoa/hospital_robot/install/nav2_util:/home/huuhoa/hospital_robot/install/nav2_voxel_grid:/home/huuhoa/hospital_robot/install/nav2_msgs:/home/huuhoa/hospital_robot/install/nav2_common:/home/huuhoa/hospital_robot/install/map_msgs:/opt/ros/humble LD_LIBRARY_PATH=/home/huuhoa/hospital_robot/install/nav2_map_server/lib:/home/huuhoa/hospital_robot/install/nav2_lifecycle_manager/lib:/home/huuhoa/hospital_robot/install/nav2_util/lib:/home/huuhoa/hospital_robot/install/nav2_voxel_grid/lib:/home/huuhoa/hospital_robot/install/nav2_msgs/lib:/home/huuhoa/hospital_robot/install/map_msgs/lib:${LD_LIBRARY_PATH} PYTHONPATH=/home/huuhoa/hospital_robot/install/nav2_msgs/local/lib/python3.10/dist-packages:/home/huuhoa/hospital_robot/install/nav2_common/local/lib/python3.10/dist-packages:/home/huuhoa/hospital_robot/install/map_msgs/local/lib/python3.10/dist-packages:${PYTHONPATH} /usr/bin/cmake --build /home/huuhoa/hospital_robot/build/nav2_costmap_2d -- -j2 -l2
[0.402s] [35m[1mConsolidate compiler generated dependencies of target gtest_main[0m
[0.458s] [35m[1mConsolidate compiler generated dependencies of target nav2_costmap_2d_core[0m
[0.475s] [  2%] Built target gtest_main
[0.540s] [35m[1mConsolidate compiler generated dependencies of target gtest[0m
[0.579s] [  3%] [32mBuilding CXX object CMakeFiles/nav2_costmap_2d_core.dir/src/footprint_collision_checker.cpp.o[0m
[0.609s] [  6%] Built target gtest
[0.643s] [  7%] [32mBuilding CXX object CMakeFiles/nav2_costmap_2d_core.dir/plugins/costmap_filters/costmap_filter.cpp.o[0m
[15.348s] [  8%] [32m[1mLinking CXX shared library libnav2_costmap_2d_core.so[0m
[16.598s] [ 21%] Built target nav2_costmap_2d_core
[16.665s] [ 23%] [32mBuilding CXX object CMakeFiles/layers.dir/plugins/inflation_layer.cpp.o[0m
[22.758s] [ 24%] [32mBuilding CXX object CMakeFiles/layers.dir/plugins/static_layer.cpp.o[0m
[42.634s] [ 25%] [32mBuilding CXX object CMakeFiles/layers.dir/plugins/obstacle_layer.cpp.o[0m
[69.290s] [ 26%] [32mBuilding CXX object CMakeFiles/layers.dir/src/observation_buffer.cpp.o[0m
[76.226s] [ 28%] [32mBuilding CXX object CMakeFiles/layers.dir/plugins/voxel_layer.cpp.o[0m
[87.397s] [ 29%] [32mBuilding CXX object CMakeFiles/layers.dir/plugins/range_sensor_layer.cpp.o[0m
[102.049s] [ 30%] [32mBuilding CXX object CMakeFiles/layers.dir/plugins/denoise_layer.cpp.o[0m
[108.460s] [ 31%] [32m[1mLinking CXX shared library liblayers.so[0m
[109.297s] [ 31%] Built target layers
[109.377s] [ 32%] [32mBuilding CXX object CMakeFiles/filters.dir/plugins/costmap_filters/keepout_filter.cpp.o[0m
[128.089s] [ 34%] [32mBuilding CXX object CMakeFiles/filters.dir/plugins/costmap_filters/speed_filter.cpp.o[0m
[147.429s] [ 35%] [32mBuilding CXX object CMakeFiles/filters.dir/plugins/costmap_filters/binary_filter.cpp.o[0m
[167.911s] [ 36%] [32m[1mLinking CXX shared library libfilters.so[0m
[168.625s] [ 36%] Built target filters
[168.706s] [ 37%] [32mBuilding CXX object CMakeFiles/nav2_costmap_2d_client.dir/src/footprint_subscriber.cpp.o[0m
[183.134s] [ 39%] [32mBuilding CXX object CMakeFiles/nav2_costmap_2d_client.dir/src/costmap_subscriber.cpp.o[0m
[198.590s] [ 40%] [32mBuilding CXX object CMakeFiles/nav2_costmap_2d_client.dir/src/costmap_topic_collision_checker.cpp.o[0m
[203.174s] [ 41%] [32m[1mLinking CXX shared library libnav2_costmap_2d_client.so[0m
[203.810s] [ 41%] Built target nav2_costmap_2d_client
[203.874s] [ 42%] [32mBuilding CXX object CMakeFiles/nav2_costmap_2d_markers.dir/src/costmap_2d_markers.cpp.o[0m
[218.441s] [ 43%] [32m[1mLinking CXX executable nav2_costmap_2d_markers[0m
[218.849s] [ 43%] Built target nav2_costmap_2d_markers
[219.782s] [ 45%] [32mBuilding CXX object CMakeFiles/nav2_costmap_2d_cloud.dir/src/costmap_2d_cloud.cpp.o[0m
[234.478s] [ 46%] [32m[1mLinking CXX executable nav2_costmap_2d_cloud[0m
[234.856s] [ 46%] Built target nav2_costmap_2d_cloud
[234.916s] [ 47%] [32mBuilding CXX object CMakeFiles/nav2_costmap_2d.dir/src/costmap_2d_node.cpp.o[0m
[240.798s] [ 48%] [32m[1mLinking CXX executable nav2_costmap_2d[0m
[241.243s] /usr/bin/ld: libnav2_costmap_2d_core.so: undefined reference to `nav2_costmap_2d::toPointVector(std::shared_ptr<geometry_msgs::msg::Polygon_<std::allocator<void> > >)'
[241.245s] /usr/bin/ld: libnav2_costmap_2d_core.so: undefined reference to `nav2_costmap_2d::transformFootprint(double, double, double, std::vector<geometry_msgs::msg::Point_<std::allocator<void> >, std::allocator<geometry_msgs::msg::Point_<std::allocator<void> > > > const&, geometry_msgs::msg::PolygonStamped_<std::allocator<void> >&)'
[241.245s] /usr/bin/ld: libnav2_costmap_2d_core.so: undefined reference to `nav2_costmap_2d::padFootprint(std::vector<geometry_msgs::msg::Point_<std::allocator<void> >, std::allocator<geometry_msgs::msg::Point_<std::allocator<void> > > >&, double)'
[241.245s] /usr/bin/ld: libnav2_costmap_2d_core.so: undefined reference to `nav2_costmap_2d::ClearCostmapService::~ClearCostmapService()'
[241.245s] /usr/bin/ld: libnav2_costmap_2d_core.so: undefined reference to `nav2_costmap_2d::makeFootprintFromRadius(double)'
[241.245s] /usr/bin/ld: libnav2_costmap_2d_core.so: undefined reference to `nav2_costmap_2d::calculateMinAndMaxDistances(std::vector<geometry_msgs::msg::Point_<std::allocator<void> >, std::allocator<geometry_msgs::msg::Point_<std::allocator<void> > > > const&, double&, double&)'
[241.245s] /usr/bin/ld: libnav2_costmap_2d_core.so: undefined reference to `nav2_costmap_2d::makeFootprintFromString(std::__cxx11::basic_string<char, std::char_traits<char>, std::allocator<char> > const&, std::vector<geometry_msgs::msg::Point_<std::allocator<void> >, std::allocator<geometry_msgs::msg::Point_<std::allocator<void> > > >&)'
[241.250s] /usr/bin/ld: libnav2_costmap_2d_core.so: undefined reference to `nav2_costmap_2d::ClearCostmapService::ClearCostmapService(std::weak_ptr<rclcpp_lifecycle::LifecycleNode> const&, nav2_costmap_2d::Costmap2DROS&)'
[241.250s] /usr/bin/ld: libnav2_costmap_2d_core.so: undefined reference to `nav2_costmap_2d::transformFootprint(double, double, double, std::vector<geometry_msgs::msg::Point_<std::allocator<void> >, std::allocator<geometry_msgs::msg::Point_<std::allocator<void> > > > const&, std::vector<geometry_msgs::msg::Point_<std::allocator<void> >, std::allocator<geometry_msgs::msg::Point_<std::allocator<void> > > >&)'
[241.250s] collect2: error: ld returned 1 exit status
[241.252s] gmake[2]: *** [CMakeFiles/nav2_costmap_2d.dir/build.make:492: nav2_costmap_2d] Error 1
[241.253s] gmake[1]: *** [CMakeFiles/Makefile2:427: CMakeFiles/nav2_costmap_2d.dir/all] Error 2
[241.253s] gmake: *** [Makefile:146: all] Error 2
[241.257s] Invoked command in '/home/huuhoa/hospital_robot/build/nav2_costmap_2d' returned '2': AMENT_PREFIX_PATH=/home/huuhoa/hospital_robot/install/nav2_map_server:/home/huuhoa/hospital_robot/install/nav2_lifecycle_manager:/home/huuhoa/hospital_robot/install/nav2_util:/home/huuhoa/hospital_robot/install/nav2_voxel_grid:/home/huuhoa/hospital_robot/install/nav2_msgs:/home/huuhoa/hospital_robot/install/nav2_common:/home/huuhoa/hospital_robot/install/map_msgs:${AMENT_PREFIX_PATH} CMAKE_PREFIX_PATH=/home/huuhoa/hospital_robot/install/nav2_map_server:/home/huuhoa/hospital_robot/install/nav2_lifecycle_manager:/home/huuhoa/hospital_robot/install/nav2_util:/home/huuhoa/hospital_robot/install/nav2_voxel_grid:/home/huuhoa/hospital_robot/install/nav2_msgs:/home/huuhoa/hospital_robot/install/nav2_common:/home/huuhoa/hospital_robot/install/map_msgs:/opt/ros/humble LD_LIBRARY_PATH=/home/huuhoa/hospital_robot/install/nav2_map_server/lib:/home/huuhoa/hospital_robot/install/nav2_lifecycle_manager/lib:/home/huuhoa/hospital_robot/install/nav2_util/lib:/home/huuhoa/hospital_robot/install/nav2_voxel_grid/lib:/home/huuhoa/hospital_robot/install/nav2_msgs/lib:/home/huuhoa/hospital_robot/install/map_msgs/lib:${LD_LIBRARY_PATH} PYTHONPATH=/home/huuhoa/hospital_robot/install/nav2_msgs/local/lib/python3.10/dist-packages:/home/huuhoa/hospital_robot/install/nav2_common/local/lib/python3.10/dist-packages:/home/huuhoa/hospital_robot/install/map_msgs/local/lib/python3.10/dist-packages:${PYTHONPATH} /usr/bin/cmake --build /home/huuhoa/hospital_robot/build/nav2_costmap_2d -- -j2 -l2
