[0.060s] Invoking command in '/home/huuhoa/hospital_robot/build/nav2_behavior_tree': CMAKE_PREFIX_PATH=/home/huuhoa/hospital_robot/install/nav2_util:/home/huuhoa/hospital_robot/install/nav2_msgs:/home/huuhoa/hospital_robot/install/nav2_common:/home/huuhoa/hospital_robot/install/nav_2d_utils:/home/huuhoa/hospital_robot/install/dwb_msgs:/home/huuhoa/hospital_robot/install/nav_2d_msgs:/home/huuhoa/hospital_robot/install/nav2_voxel_grid:/home/huuhoa/hospital_robot/install/nav2_map_server:/home/huuhoa/hospital_robot/install/nav2_lifecycle_manager:/home/huuhoa/hospital_robot/install/map_msgs:/home/huuhoa/hospital_robot/install/hospital_package:/home/huuhoa/hospital_robot/install/nav2_simple_commander:/opt/ros/humble LD_LIBRARY_PATH=/home/huuhoa/hospital_robot/install/nav2_util/lib:/home/huuhoa/hospital_robot/install/nav2_msgs/lib:/home/huuhoa/hospital_robot/install/nav_2d_utils/lib:/home/huuhoa/hospital_robot/install/dwb_msgs/lib:/home/huuhoa/hospital_robot/install/nav_2d_msgs/lib:/home/huuhoa/hospital_robot/install/nav2_voxel_grid/lib:/home/huuhoa/hospital_robot/install/nav2_map_server/lib:/home/huuhoa/hospital_robot/install/nav2_lifecycle_manager/lib:/home/huuhoa/hospital_robot/install/map_msgs/lib:/opt/ros/humble/lib/x86_64-linux-gnu:/opt/ros/humble/lib /usr/bin/cmake --build /home/huuhoa/hospital_robot/build/nav2_behavior_tree -- -j2 -l2
[0.186s] [  1%] Built target nav2_compute_path_to_pose_action_bt_node
[0.231s] [  2%] Built target nav2_behavior_tree
[0.280s] [  3%] Built target nav2_compute_path_through_poses_action_bt_node
[0.312s] [  4%] Built target nav2_controller_cancel_bt_node
[0.352s] [  5%] Built target nav2_wait_cancel_bt_node
[0.399s] [  6%] Built target nav2_spin_cancel_bt_node
[0.432s] [  7%] Built target nav2_back_up_cancel_bt_node
[0.477s] [  8%] Built target nav2_assisted_teleop_cancel_bt_node
[0.478s] [  9%] Built target nav2_drive_on_heading_cancel_bt_node
[0.550s] [  9%] Built target nav2_smooth_path_action_bt_node
[0.566s] [ 10%] Built target nav2_follow_path_action_bt_node
[0.638s] [ 11%] Built target nav2_back_up_action_bt_node
[0.646s] [ 12%] Built target nav2_drive_on_heading_bt_node
[0.730s] [ 13%] Built target nav2_spin_action_bt_node
[0.742s] [ 14%] Built target nav2_wait_action_bt_node
[0.809s] [ 15%] Built target nav2_assisted_teleop_action_bt_node
[0.827s] [ 16%] Built target nav2_clear_costmap_service_bt_node
[0.935s] [ 17%] Built target nav2_transform_available_condition_bt_node
[0.942s] [ 18%] Built target nav2_is_stuck_condition_bt_node
[1.041s] [ 19%] Built target nav2_goal_reached_condition_bt_node
[1.044s] [ 20%] Built target nav2_globally_updated_goal_condition_bt_node
[1.131s] [ 21%] Built target nav2_is_path_valid_condition_bt_node
[1.172s] [ 21%] Built target nav2_goal_updated_condition_bt_node
[1.244s] [ 22%] Built target nav2_time_expired_condition_bt_node
[1.282s] [ 23%] Built target nav2_path_expiring_timer_condition
[1.383s] [ 24%] Built target nav2_distance_traveled_condition_bt_node
[1.392s] [ 25%] Built target nav2_initial_pose_received_condition_bt_node
[1.495s] [ 26%] Built target nav2_is_battery_charging_condition_bt_node
[1.507s] [ 27%] Built target nav2_is_battery_low_condition_bt_node
[1.625s] [ 28%] Built target nav2_reinitialize_global_localization_service_bt_node
[1.641s] [ 29%] Built target nav2_rate_controller_bt_node
[1.727s] [ 30%] Built target nav2_distance_controller_bt_node
[1.770s] [ 31%] Built target nav2_speed_controller_bt_node
[1.799s] [ 32%] Built target nav2_truncate_path_action_bt_node
[1.874s] [ 33%] Built target nav2_truncate_path_local_action_bt_node
[1.898s] [ 34%] Built target nav2_goal_updater_node_bt_node
[1.949s] [ 35%] Built target nav2_path_longer_on_approach_bt_node
[1.970s] [ 36%] Built target nav2_recovery_node_bt_node
[2.057s] [ 37%] Built target nav2_navigate_through_poses_action_bt_node
[2.085s] [ 38%] Built target nav2_navigate_to_pose_action_bt_node
[2.147s] [ 39%] Built target nav2_remove_passed_goals_action_bt_node
[2.192s] [ 40%] Built target nav2_get_pose_from_path_action_bt_node
[2.234s] [ 41%] Built target nav2_pipeline_sequence_bt_node
[2.291s] [ 42%] Built target nav2_round_robin_node_bt_node
[2.309s] [ 43%] Built target nav2_single_trigger_bt_node
[2.377s] [ 44%] Built target nav2_planner_selector_bt_node
[2.391s] [ 45%] Built target nav2_controller_selector_bt_node
[2.488s] [ 46%] Built target nav2_smoother_selector_bt_node
[2.488s] [ 47%] Built target nav2_goal_checker_selector_bt_node
[2.553s] [ 48%] Built target nav2_goal_updated_controller_bt_node
[2.582s] [ 49%] Built target nav2_progress_checker_selector_bt_node
[2.655s] [ 50%] Built target gtest_main
[2.687s] [ 50%] Built target gtest
[2.781s] [ 51%] Built target test_condition_distance_traveled
[2.781s] [ 52%] Built target test_bt_conversions
[2.878s] [ 52%] Built target test_condition_time_expired
[2.921s] [ 53%] Built target test_condition_path_expiring_timer
[2.951s] [ 54%] Built target test_condition_goal_reached
[3.061s] [ 55%] Built target test_condition_goal_updated
[3.106s] [ 56%] Built target test_condition_globally_updated_goal
[3.213s] [ 57%] Built target test_condition_initial_pose_received
[3.221s] [ 58%] Built target test_condition_transform_available
[3.324s] [ 59%] Built target test_condition_is_battery_charging
[3.390s] [ 60%] Built target test_condition_is_stuck
[3.427s] [ 61%] Built target test_condition_is_battery_low
[3.517s] [ 62%] Built target test_condition_is_path_valid
[3.534s] [ 63%] Built target test_decorator_distance_controller
[3.625s] [ 64%] Built target test_decorator_rate_controller
[3.635s] [ 65%] Built target test_decorator_speed_controller
[3.712s] [ 66%] Built target test_single_trigger_node
[3.720s] [ 67%] Built target test_goal_updater_node
[3.781s] [ 68%] Built target test_goal_updated_controller
[3.811s] [ 69%] Built target test_decorator_path_longer_on_approach
[3.860s] [ 70%] Built target test_control_recovery_node
[3.922s] [ 71%] Built target test_control_pipeline_sequence
[3.947s] [ 72%] Built target test_control_round_robin_node
[4.035s] [ 73%] Built target test_bt_action_node
[4.035s] [ 74%] Built target test_action_spin_action
[4.151s] [ 75%] Built target test_action_drive_on_heading
[4.160s] [ 76%] Built target test_action_back_up_action
[4.247s] [ 77%] Built target test_action_wait_action
[4.291s] [ 78%] Built target test_action_assisted_teleop_action
[4.359s] [ 79%] Built target test_action_controller_cancel_action
[4.418s] [ 80%] Built target test_action_wait_cancel_action
[4.493s] [ 81%] Built target test_action_back_up_cancel_action
[4.505s] [ 82%] Built target test_action_spin_cancel_action
[4.592s] [ 83%] Built target test_action_assisted_teleop_cancel_action
[4.634s] [ 84%] Built target test_action_drive_on_heading_cancel_action
[4.704s] [ 85%] Built target test_action_clear_costmap_service
[4.740s] [ 86%] Built target test_action_reinitialize_global_localization_service
[4.801s] [ 87%] Built target test_action_compute_path_through_poses_action
[4.807s] [ 88%] Built target test_action_compute_path_to_pose_action
[4.919s] [ 88%] Built target test_action_follow_path_action
[4.919s] [ 89%] Built target test_action_smooth_path_action
[5.037s] [ 90%] Built target test_action_navigate_to_pose_action
[5.041s] [ 91%] Built target test_action_navigate_through_poses_action
[5.155s] [ 92%] Built target test_truncate_path_action
[5.156s] [ 93%] Built target test_truncate_path_local_action
[5.259s] [ 94%] Built target test_remove_passed_goals_action
[5.296s] [ 95%] Built target test_get_pose_from_path_action
[5.400s] [ 96%] Built target test_planner_selector_node
[5.403s] [ 97%] Built target test_controller_selector_node
[5.466s] [ 98%] Built target test_goal_checker_selector_node
[5.506s] [ 99%] Built target test_smoother_selector_node
[5.565s] [100%] Built target test_progress_checker_selector_node
[5.586s] Invoked command in '/home/huuhoa/hospital_robot/build/nav2_behavior_tree' returned '0': CMAKE_PREFIX_PATH=/home/huuhoa/hospital_robot/install/nav2_util:/home/huuhoa/hospital_robot/install/nav2_msgs:/home/huuhoa/hospital_robot/install/nav2_common:/home/huuhoa/hospital_robot/install/nav_2d_utils:/home/huuhoa/hospital_robot/install/dwb_msgs:/home/huuhoa/hospital_robot/install/nav_2d_msgs:/home/huuhoa/hospital_robot/install/nav2_voxel_grid:/home/huuhoa/hospital_robot/install/nav2_map_server:/home/huuhoa/hospital_robot/install/nav2_lifecycle_manager:/home/huuhoa/hospital_robot/install/map_msgs:/home/huuhoa/hospital_robot/install/hospital_package:/home/huuhoa/hospital_robot/install/nav2_simple_commander:/opt/ros/humble LD_LIBRARY_PATH=/home/huuhoa/hospital_robot/install/nav2_util/lib:/home/huuhoa/hospital_robot/install/nav2_msgs/lib:/home/huuhoa/hospital_robot/install/nav_2d_utils/lib:/home/huuhoa/hospital_robot/install/dwb_msgs/lib:/home/huuhoa/hospital_robot/install/nav_2d_msgs/lib:/home/huuhoa/hospital_robot/install/nav2_voxel_grid/lib:/home/huuhoa/hospital_robot/install/nav2_map_server/lib:/home/huuhoa/hospital_robot/install/nav2_lifecycle_manager/lib:/home/huuhoa/hospital_robot/install/map_msgs/lib:/opt/ros/humble/lib/x86_64-linux-gnu:/opt/ros/humble/lib /usr/bin/cmake --build /home/huuhoa/hospital_robot/build/nav2_behavior_tree -- -j2 -l2
[5.590s] Invoking command in '/home/huuhoa/hospital_robot/build/nav2_behavior_tree': CMAKE_PREFIX_PATH=/home/huuhoa/hospital_robot/install/nav2_util:/home/huuhoa/hospital_robot/install/nav2_msgs:/home/huuhoa/hospital_robot/install/nav2_common:/home/huuhoa/hospital_robot/install/nav_2d_utils:/home/huuhoa/hospital_robot/install/dwb_msgs:/home/huuhoa/hospital_robot/install/nav_2d_msgs:/home/huuhoa/hospital_robot/install/nav2_voxel_grid:/home/huuhoa/hospital_robot/install/nav2_map_server:/home/huuhoa/hospital_robot/install/nav2_lifecycle_manager:/home/huuhoa/hospital_robot/install/map_msgs:/home/huuhoa/hospital_robot/install/hospital_package:/home/huuhoa/hospital_robot/install/nav2_simple_commander:/opt/ros/humble LD_LIBRARY_PATH=/home/huuhoa/hospital_robot/install/nav2_util/lib:/home/huuhoa/hospital_robot/install/nav2_msgs/lib:/home/huuhoa/hospital_robot/install/nav_2d_utils/lib:/home/huuhoa/hospital_robot/install/dwb_msgs/lib:/home/huuhoa/hospital_robot/install/nav_2d_msgs/lib:/home/huuhoa/hospital_robot/install/nav2_voxel_grid/lib:/home/huuhoa/hospital_robot/install/nav2_map_server/lib:/home/huuhoa/hospital_robot/install/nav2_lifecycle_manager/lib:/home/huuhoa/hospital_robot/install/map_msgs/lib:/opt/ros/humble/lib/x86_64-linux-gnu:/opt/ros/humble/lib /usr/bin/cmake --install /home/huuhoa/hospital_robot/build/nav2_behavior_tree
[5.619s] -- Install configuration: "Release"
[5.619s] -- Execute custom install script
[5.619s] -- Up-to-date symlink: /home/huuhoa/hospital_robot/install/nav2_behavior_tree/lib/libnav2_behavior_tree.so
[5.619s] -- Up-to-date symlink: /home/huuhoa/hospital_robot/install/nav2_behavior_tree/lib/libnav2_compute_path_to_pose_action_bt_node.so
[5.619s] -- Up-to-date symlink: /home/huuhoa/hospital_robot/install/nav2_behavior_tree/lib/libnav2_compute_path_through_poses_action_bt_node.so
[5.619s] -- Up-to-date symlink: /home/huuhoa/hospital_robot/install/nav2_behavior_tree/lib/libnav2_controller_cancel_bt_node.so
[5.619s] -- Up-to-date symlink: /home/huuhoa/hospital_robot/install/nav2_behavior_tree/lib/libnav2_wait_cancel_bt_node.so
[5.619s] -- Up-to-date symlink: /home/huuhoa/hospital_robot/install/nav2_behavior_tree/lib/libnav2_spin_cancel_bt_node.so
[5.619s] -- Up-to-date symlink: /home/huuhoa/hospital_robot/install/nav2_behavior_tree/lib/libnav2_back_up_cancel_bt_node.so
[5.619s] -- Up-to-date symlink: /home/huuhoa/hospital_robot/install/nav2_behavior_tree/lib/libnav2_assisted_teleop_cancel_bt_node.so
[5.619s] -- Up-to-date symlink: /home/huuhoa/hospital_robot/install/nav2_behavior_tree/lib/libnav2_drive_on_heading_cancel_bt_node.so
[5.619s] -- Up-to-date symlink: /home/huuhoa/hospital_robot/install/nav2_behavior_tree/lib/libnav2_smooth_path_action_bt_node.so
[5.620s] -- Up-to-date symlink: /home/huuhoa/hospital_robot/install/nav2_behavior_tree/lib/libnav2_follow_path_action_bt_node.so
[5.620s] -- Up-to-date symlink: /home/huuhoa/hospital_robot/install/nav2_behavior_tree/lib/libnav2_back_up_action_bt_node.so
[5.620s] -- Up-to-date symlink: /home/huuhoa/hospital_robot/install/nav2_behavior_tree/lib/libnav2_drive_on_heading_bt_node.so
[5.620s] -- Up-to-date symlink: /home/huuhoa/hospital_robot/install/nav2_behavior_tree/lib/libnav2_spin_action_bt_node.so
[5.620s] -- Up-to-date symlink: /home/huuhoa/hospital_robot/install/nav2_behavior_tree/lib/libnav2_wait_action_bt_node.so
[5.620s] -- Up-to-date symlink: /home/huuhoa/hospital_robot/install/nav2_behavior_tree/lib/libnav2_assisted_teleop_action_bt_node.so
[5.620s] -- Up-to-date symlink: /home/huuhoa/hospital_robot/install/nav2_behavior_tree/lib/libnav2_clear_costmap_service_bt_node.so
[5.620s] -- Up-to-date symlink: /home/huuhoa/hospital_robot/install/nav2_behavior_tree/lib/libnav2_is_stuck_condition_bt_node.so
[5.620s] -- Up-to-date symlink: /home/huuhoa/hospital_robot/install/nav2_behavior_tree/lib/libnav2_transform_available_condition_bt_node.so
[5.620s] -- Up-to-date symlink: /home/huuhoa/hospital_robot/install/nav2_behavior_tree/lib/libnav2_goal_reached_condition_bt_node.so
[5.620s] -- Up-to-date symlink: /home/huuhoa/hospital_robot/install/nav2_behavior_tree/lib/libnav2_globally_updated_goal_condition_bt_node.so
[5.620s] -- Up-to-date symlink: /home/huuhoa/hospital_robot/install/nav2_behavior_tree/lib/libnav2_goal_updated_condition_bt_node.so
[5.620s] -- Up-to-date symlink: /home/huuhoa/hospital_robot/install/nav2_behavior_tree/lib/libnav2_is_path_valid_condition_bt_node.so
[5.620s] -- Up-to-date symlink: /home/huuhoa/hospital_robot/install/nav2_behavior_tree/lib/libnav2_time_expired_condition_bt_node.so
[5.620s] -- Up-to-date symlink: /home/huuhoa/hospital_robot/install/nav2_behavior_tree/lib/libnav2_path_expiring_timer_condition.so
[5.620s] -- Up-to-date symlink: /home/huuhoa/hospital_robot/install/nav2_behavior_tree/lib/libnav2_distance_traveled_condition_bt_node.so
[5.620s] -- Up-to-date symlink: /home/huuhoa/hospital_robot/install/nav2_behavior_tree/lib/libnav2_initial_pose_received_condition_bt_node.so
[5.620s] -- Up-to-date symlink: /home/huuhoa/hospital_robot/install/nav2_behavior_tree/lib/libnav2_is_battery_charging_condition_bt_node.so
[5.620s] -- Up-to-date symlink: /home/huuhoa/hospital_robot/install/nav2_behavior_tree/lib/libnav2_is_battery_low_condition_bt_node.so
[5.620s] -- Up-to-date symlink: /home/huuhoa/hospital_robot/install/nav2_behavior_tree/lib/libnav2_reinitialize_global_localization_service_bt_node.so
[5.620s] -- Up-to-date symlink: /home/huuhoa/hospital_robot/install/nav2_behavior_tree/lib/libnav2_rate_controller_bt_node.so
[5.620s] -- Up-to-date symlink: /home/huuhoa/hospital_robot/install/nav2_behavior_tree/lib/libnav2_distance_controller_bt_node.so
[5.624s] -- Up-to-date symlink: /home/huuhoa/hospital_robot/install/nav2_behavior_tree/lib/libnav2_speed_controller_bt_node.so
[5.624s] -- Up-to-date symlink: /home/huuhoa/hospital_robot/install/nav2_behavior_tree/lib/libnav2_truncate_path_action_bt_node.so
[5.624s] -- Up-to-date symlink: /home/huuhoa/hospital_robot/install/nav2_behavior_tree/lib/libnav2_truncate_path_local_action_bt_node.so
[5.624s] -- Up-to-date symlink: /home/huuhoa/hospital_robot/install/nav2_behavior_tree/lib/libnav2_goal_updater_node_bt_node.so
[5.624s] -- Up-to-date symlink: /home/huuhoa/hospital_robot/install/nav2_behavior_tree/lib/libnav2_path_longer_on_approach_bt_node.so
[5.624s] -- Up-to-date symlink: /home/huuhoa/hospital_robot/install/nav2_behavior_tree/lib/libnav2_recovery_node_bt_node.so
[5.624s] -- Up-to-date symlink: /home/huuhoa/hospital_robot/install/nav2_behavior_tree/lib/libnav2_navigate_to_pose_action_bt_node.so
[5.624s] -- Up-to-date symlink: /home/huuhoa/hospital_robot/install/nav2_behavior_tree/lib/libnav2_navigate_through_poses_action_bt_node.so
[5.624s] -- Up-to-date symlink: /home/huuhoa/hospital_robot/install/nav2_behavior_tree/lib/libnav2_remove_passed_goals_action_bt_node.so
[5.624s] -- Up-to-date symlink: /home/huuhoa/hospital_robot/install/nav2_behavior_tree/lib/libnav2_get_pose_from_path_action_bt_node.so
[5.625s] -- Up-to-date symlink: /home/huuhoa/hospital_robot/install/nav2_behavior_tree/lib/libnav2_pipeline_sequence_bt_node.so
[5.625s] -- Up-to-date symlink: /home/huuhoa/hospital_robot/install/nav2_behavior_tree/lib/libnav2_round_robin_node_bt_node.so
[5.625s] -- Up-to-date symlink: /home/huuhoa/hospital_robot/install/nav2_behavior_tree/lib/libnav2_single_trigger_bt_node.so
[5.625s] -- Up-to-date symlink: /home/huuhoa/hospital_robot/install/nav2_behavior_tree/lib/libnav2_planner_selector_bt_node.so
[5.625s] -- Up-to-date symlink: /home/huuhoa/hospital_robot/install/nav2_behavior_tree/lib/libnav2_controller_selector_bt_node.so
[5.627s] -- Up-to-date symlink: /home/huuhoa/hospital_robot/install/nav2_behavior_tree/lib/libnav2_smoother_selector_bt_node.so
[5.627s] -- Up-to-date symlink: /home/huuhoa/hospital_robot/install/nav2_behavior_tree/lib/libnav2_goal_checker_selector_bt_node.so
[5.627s] -- Up-to-date symlink: /home/huuhoa/hospital_robot/install/nav2_behavior_tree/lib/libnav2_progress_checker_selector_bt_node.so
[5.628s] -- Up-to-date symlink: /home/huuhoa/hospital_robot/install/nav2_behavior_tree/lib/libnav2_goal_updated_controller_bt_node.so
[5.628s] -- Up-to-date symlink: /home/huuhoa/hospital_robot/install/nav2_behavior_tree/include//nav2_behavior_tree/behavior_tree_engine.hpp
[5.629s] -- Up-to-date symlink: /home/huuhoa/hospital_robot/install/nav2_behavior_tree/include//nav2_behavior_tree/bt_action_node.hpp
[5.629s] -- Up-to-date symlink: /home/huuhoa/hospital_robot/install/nav2_behavior_tree/include//nav2_behavior_tree/bt_action_server.hpp
[5.629s] -- Up-to-date symlink: /home/huuhoa/hospital_robot/install/nav2_behavior_tree/include//nav2_behavior_tree/bt_action_server_impl.hpp
[5.629s] -- Up-to-date symlink: /home/huuhoa/hospital_robot/install/nav2_behavior_tree/include//nav2_behavior_tree/bt_cancel_action_node.hpp
[5.629s] -- Up-to-date symlink: /home/huuhoa/hospital_robot/install/nav2_behavior_tree/include//nav2_behavior_tree/bt_conversions.hpp
[5.629s] -- Up-to-date symlink: /home/huuhoa/hospital_robot/install/nav2_behavior_tree/include//nav2_behavior_tree/bt_service_node.hpp
[5.629s] -- Up-to-date symlink: /home/huuhoa/hospital_robot/install/nav2_behavior_tree/include//nav2_behavior_tree/plugins/action/assisted_teleop_action.hpp
[5.629s] -- Up-to-date symlink: /home/huuhoa/hospital_robot/install/nav2_behavior_tree/include//nav2_behavior_tree/plugins/action/assisted_teleop_cancel_node.hpp
[5.629s] -- Up-to-date symlink: /home/huuhoa/hospital_robot/install/nav2_behavior_tree/include//nav2_behavior_tree/plugins/action/back_up_action.hpp
[5.629s] -- Up-to-date symlink: /home/huuhoa/hospital_robot/install/nav2_behavior_tree/include//nav2_behavior_tree/plugins/action/back_up_cancel_node.hpp
[5.630s] -- Up-to-date symlink: /home/huuhoa/hospital_robot/install/nav2_behavior_tree/include//nav2_behavior_tree/plugins/action/clear_costmap_service.hpp
[5.630s] -- Up-to-date symlink: /home/huuhoa/hospital_robot/install/nav2_behavior_tree/include//nav2_behavior_tree/plugins/action/compute_path_through_poses_action.hpp
[5.630s] -- Up-to-date symlink: /home/huuhoa/hospital_robot/install/nav2_behavior_tree/include//nav2_behavior_tree/plugins/action/compute_path_to_pose_action.hpp
[5.630s] -- Up-to-date symlink: /home/huuhoa/hospital_robot/install/nav2_behavior_tree/include//nav2_behavior_tree/plugins/action/controller_cancel_node.hpp
[5.630s] -- Up-to-date symlink: /home/huuhoa/hospital_robot/install/nav2_behavior_tree/include//nav2_behavior_tree/plugins/action/controller_selector_node.hpp
[5.630s] -- Up-to-date symlink: /home/huuhoa/hospital_robot/install/nav2_behavior_tree/include//nav2_behavior_tree/plugins/action/drive_on_heading_action.hpp
[5.630s] -- Up-to-date symlink: /home/huuhoa/hospital_robot/install/nav2_behavior_tree/include//nav2_behavior_tree/plugins/action/drive_on_heading_cancel_node.hpp
[5.630s] -- Up-to-date symlink: /home/huuhoa/hospital_robot/install/nav2_behavior_tree/include//nav2_behavior_tree/plugins/action/follow_path_action.hpp
[5.630s] -- Up-to-date symlink: /home/huuhoa/hospital_robot/install/nav2_behavior_tree/include//nav2_behavior_tree/plugins/action/get_pose_from_path_action.hpp
[5.630s] -- Up-to-date symlink: /home/huuhoa/hospital_robot/install/nav2_behavior_tree/include//nav2_behavior_tree/plugins/action/goal_checker_selector_node.hpp
[5.630s] -- Up-to-date symlink: /home/huuhoa/hospital_robot/install/nav2_behavior_tree/include//nav2_behavior_tree/plugins/action/navigate_through_poses_action.hpp
[5.630s] -- Up-to-date symlink: /home/huuhoa/hospital_robot/install/nav2_behavior_tree/include//nav2_behavior_tree/plugins/action/navigate_to_pose_action.hpp
[5.630s] -- Up-to-date symlink: /home/huuhoa/hospital_robot/install/nav2_behavior_tree/include//nav2_behavior_tree/plugins/action/planner_selector_node.hpp
[5.630s] -- Up-to-date symlink: /home/huuhoa/hospital_robot/install/nav2_behavior_tree/include//nav2_behavior_tree/plugins/action/progress_checker_selector_node.hpp
[5.630s] -- Up-to-date symlink: /home/huuhoa/hospital_robot/install/nav2_behavior_tree/include//nav2_behavior_tree/plugins/action/reinitialize_global_localization_service.hpp
[5.630s] -- Up-to-date symlink: /home/huuhoa/hospital_robot/install/nav2_behavior_tree/include//nav2_behavior_tree/plugins/action/remove_passed_goals_action.hpp
[5.630s] -- Up-to-date symlink: /home/huuhoa/hospital_robot/install/nav2_behavior_tree/include//nav2_behavior_tree/plugins/action/smooth_path_action.hpp
[5.630s] -- Up-to-date symlink: /home/huuhoa/hospital_robot/install/nav2_behavior_tree/include//nav2_behavior_tree/plugins/action/smoother_selector_node.hpp
[5.630s] -- Up-to-date symlink: /home/huuhoa/hospital_robot/install/nav2_behavior_tree/include//nav2_behavior_tree/plugins/action/spin_action.hpp
[5.630s] -- Up-to-date symlink: /home/huuhoa/hospital_robot/install/nav2_behavior_tree/include//nav2_behavior_tree/plugins/action/spin_cancel_node.hpp
[5.630s] -- Up-to-date symlink: /home/huuhoa/hospital_robot/install/nav2_behavior_tree/include//nav2_behavior_tree/plugins/action/truncate_path_action.hpp
[5.630s] -- Up-to-date symlink: /home/huuhoa/hospital_robot/install/nav2_behavior_tree/include//nav2_behavior_tree/plugins/action/truncate_path_local_action.hpp
[5.631s] -- Up-to-date symlink: /home/huuhoa/hospital_robot/install/nav2_behavior_tree/include//nav2_behavior_tree/plugins/action/wait_action.hpp
[5.631s] -- Up-to-date symlink: /home/huuhoa/hospital_robot/install/nav2_behavior_tree/include//nav2_behavior_tree/plugins/action/wait_cancel_node.hpp
[5.631s] -- Up-to-date symlink: /home/huuhoa/hospital_robot/install/nav2_behavior_tree/include//nav2_behavior_tree/plugins/condition/distance_traveled_condition.hpp
[5.631s] -- Up-to-date symlink: /home/huuhoa/hospital_robot/install/nav2_behavior_tree/include//nav2_behavior_tree/plugins/condition/globally_updated_goal_condition.hpp
[5.631s] -- Up-to-date symlink: /home/huuhoa/hospital_robot/install/nav2_behavior_tree/include//nav2_behavior_tree/plugins/condition/goal_reached_condition.hpp
[5.631s] -- Up-to-date symlink: /home/huuhoa/hospital_robot/install/nav2_behavior_tree/include//nav2_behavior_tree/plugins/condition/goal_updated_condition.hpp
[5.631s] -- Up-to-date symlink: /home/huuhoa/hospital_robot/install/nav2_behavior_tree/include//nav2_behavior_tree/plugins/condition/initial_pose_received_condition.hpp
[5.631s] -- Up-to-date symlink: /home/huuhoa/hospital_robot/install/nav2_behavior_tree/include//nav2_behavior_tree/plugins/condition/is_battery_charging_condition.hpp
[5.631s] -- Up-to-date symlink: /home/huuhoa/hospital_robot/install/nav2_behavior_tree/include//nav2_behavior_tree/plugins/condition/is_battery_low_condition.hpp
[5.631s] -- Up-to-date symlink: /home/huuhoa/hospital_robot/install/nav2_behavior_tree/include//nav2_behavior_tree/plugins/condition/is_path_valid_condition.hpp
[5.631s] -- Up-to-date symlink: /home/huuhoa/hospital_robot/install/nav2_behavior_tree/include//nav2_behavior_tree/plugins/condition/is_stuck_condition.hpp
[5.631s] -- Up-to-date symlink: /home/huuhoa/hospital_robot/install/nav2_behavior_tree/include//nav2_behavior_tree/plugins/condition/path_expiring_timer_condition.hpp
[5.631s] -- Up-to-date symlink: /home/huuhoa/hospital_robot/install/nav2_behavior_tree/include//nav2_behavior_tree/plugins/condition/time_expired_condition.hpp
[5.631s] -- Up-to-date symlink: /home/huuhoa/hospital_robot/install/nav2_behavior_tree/include//nav2_behavior_tree/plugins/condition/transform_available_condition.hpp
[5.631s] -- Up-to-date symlink: /home/huuhoa/hospital_robot/install/nav2_behavior_tree/include//nav2_behavior_tree/plugins/control/pipeline_sequence.hpp
[5.631s] -- Up-to-date symlink: /home/huuhoa/hospital_robot/install/nav2_behavior_tree/include//nav2_behavior_tree/plugins/control/recovery_node.hpp
[5.631s] -- Up-to-date symlink: /home/huuhoa/hospital_robot/install/nav2_behavior_tree/include//nav2_behavior_tree/plugins/control/round_robin_node.hpp
[5.631s] -- Up-to-date symlink: /home/huuhoa/hospital_robot/install/nav2_behavior_tree/include//nav2_behavior_tree/plugins/decorator/distance_controller.hpp
[5.631s] -- Up-to-date symlink: /home/huuhoa/hospital_robot/install/nav2_behavior_tree/include//nav2_behavior_tree/plugins/decorator/goal_updated_controller.hpp
[5.631s] -- Up-to-date symlink: /home/huuhoa/hospital_robot/install/nav2_behavior_tree/include//nav2_behavior_tree/plugins/decorator/goal_updater_node.hpp
[5.631s] -- Up-to-date symlink: /home/huuhoa/hospital_robot/install/nav2_behavior_tree/include//nav2_behavior_tree/plugins/decorator/path_longer_on_approach.hpp
[5.632s] -- Up-to-date symlink: /home/huuhoa/hospital_robot/install/nav2_behavior_tree/include//nav2_behavior_tree/plugins/decorator/rate_controller.hpp
[5.632s] -- Up-to-date symlink: /home/huuhoa/hospital_robot/install/nav2_behavior_tree/include//nav2_behavior_tree/plugins/decorator/single_trigger_node.hpp
[5.632s] -- Up-to-date symlink: /home/huuhoa/hospital_robot/install/nav2_behavior_tree/include//nav2_behavior_tree/plugins/decorator/speed_controller.hpp
[5.632s] -- Up-to-date symlink: /home/huuhoa/hospital_robot/install/nav2_behavior_tree/include//nav2_behavior_tree/ros_topic_logger.hpp
[5.632s] -- Up-to-date symlink: /home/huuhoa/hospital_robot/install/nav2_behavior_tree/share/nav2_behavior_tree/nav2_tree_nodes.xml
[5.632s] -- Up-to-date symlink: /home/huuhoa/hospital_robot/install/nav2_behavior_tree/share/nav2_behavior_tree/environment/library_path.sh
[5.632s] -- Up-to-date symlink: /home/huuhoa/hospital_robot/install/nav2_behavior_tree/share/nav2_behavior_tree/environment/library_path.dsv
[5.632s] -- Up-to-date symlink: /home/huuhoa/hospital_robot/install/nav2_behavior_tree/share/ament_index/resource_index/package_run_dependencies/nav2_behavior_tree
[5.632s] -- Up-to-date symlink: /home/huuhoa/hospital_robot/install/nav2_behavior_tree/share/ament_index/resource_index/parent_prefix_path/nav2_behavior_tree
[5.632s] -- Up-to-date symlink: /home/huuhoa/hospital_robot/install/nav2_behavior_tree/share/nav2_behavior_tree/environment/ament_prefix_path.sh
[5.632s] -- Up-to-date symlink: /home/huuhoa/hospital_robot/install/nav2_behavior_tree/share/nav2_behavior_tree/environment/ament_prefix_path.dsv
[5.632s] -- Up-to-date symlink: /home/huuhoa/hospital_robot/install/nav2_behavior_tree/share/nav2_behavior_tree/environment/path.sh
[5.632s] -- Up-to-date symlink: /home/huuhoa/hospital_robot/install/nav2_behavior_tree/share/nav2_behavior_tree/environment/path.dsv
[5.632s] -- Up-to-date symlink: /home/huuhoa/hospital_robot/install/nav2_behavior_tree/share/nav2_behavior_tree/local_setup.bash
[5.632s] -- Up-to-date symlink: /home/huuhoa/hospital_robot/install/nav2_behavior_tree/share/nav2_behavior_tree/local_setup.sh
[5.632s] -- Up-to-date symlink: /home/huuhoa/hospital_robot/install/nav2_behavior_tree/share/nav2_behavior_tree/local_setup.zsh
[5.632s] -- Up-to-date symlink: /home/huuhoa/hospital_robot/install/nav2_behavior_tree/share/nav2_behavior_tree/local_setup.dsv
[5.637s] -- Symlinking: /home/huuhoa/hospital_robot/install/nav2_behavior_tree/share/nav2_behavior_tree/package.dsv
[5.649s] -- Up-to-date symlink: /home/huuhoa/hospital_robot/install/nav2_behavior_tree/share/ament_index/resource_index/packages/nav2_behavior_tree
[5.649s] -- Up-to-date symlink: /home/huuhoa/hospital_robot/install/nav2_behavior_tree/share/nav2_behavior_tree/cmake/ament_cmake_export_include_directories-extras.cmake
[5.649s] -- Up-to-date symlink: /home/huuhoa/hospital_robot/install/nav2_behavior_tree/share/nav2_behavior_tree/cmake/ament_cmake_export_libraries-extras.cmake
[5.650s] -- Up-to-date symlink: /home/huuhoa/hospital_robot/install/nav2_behavior_tree/share/nav2_behavior_tree/cmake/ament_cmake_export_dependencies-extras.cmake
[5.650s] -- Up-to-date symlink: /home/huuhoa/hospital_robot/install/nav2_behavior_tree/share/nav2_behavior_tree/cmake/nav2_behavior_treeConfig.cmake
[5.650s] -- Up-to-date symlink: /home/huuhoa/hospital_robot/install/nav2_behavior_tree/share/nav2_behavior_tree/cmake/nav2_behavior_treeConfig-version.cmake
[5.650s] -- Up-to-date symlink: /home/huuhoa/hospital_robot/install/nav2_behavior_tree/share/nav2_behavior_tree/package.xml
[5.655s] Invoked command in '/home/huuhoa/hospital_robot/build/nav2_behavior_tree' returned '0': CMAKE_PREFIX_PATH=/home/huuhoa/hospital_robot/install/nav2_util:/home/huuhoa/hospital_robot/install/nav2_msgs:/home/huuhoa/hospital_robot/install/nav2_common:/home/huuhoa/hospital_robot/install/nav_2d_utils:/home/huuhoa/hospital_robot/install/dwb_msgs:/home/huuhoa/hospital_robot/install/nav_2d_msgs:/home/huuhoa/hospital_robot/install/nav2_voxel_grid:/home/huuhoa/hospital_robot/install/nav2_map_server:/home/huuhoa/hospital_robot/install/nav2_lifecycle_manager:/home/huuhoa/hospital_robot/install/map_msgs:/home/huuhoa/hospital_robot/install/hospital_package:/home/huuhoa/hospital_robot/install/nav2_simple_commander:/opt/ros/humble LD_LIBRARY_PATH=/home/huuhoa/hospital_robot/install/nav2_util/lib:/home/huuhoa/hospital_robot/install/nav2_msgs/lib:/home/huuhoa/hospital_robot/install/nav_2d_utils/lib:/home/huuhoa/hospital_robot/install/dwb_msgs/lib:/home/huuhoa/hospital_robot/install/nav_2d_msgs/lib:/home/huuhoa/hospital_robot/install/nav2_voxel_grid/lib:/home/huuhoa/hospital_robot/install/nav2_map_server/lib:/home/huuhoa/hospital_robot/install/nav2_lifecycle_manager/lib:/home/huuhoa/hospital_robot/install/map_msgs/lib:/opt/ros/humble/lib/x86_64-linux-gnu:/opt/ros/humble/lib /usr/bin/cmake --install /home/huuhoa/hospital_robot/build/nav2_behavior_tree
