[0.116s] Invoking command in '/home/huuhoa/hospital_robot/build/dwb_critics': AMENT_PREFIX_PATH=/home/huuhoa/hospital_robot/install/dwb_core:/home/huuhoa/hospital_robot/install/nav2_core:/home/huuhoa/hospital_robot/install/costmap_queue:/home/huuhoa/hospital_robot/install/nav2_costmap_2d:${AMENT_PREFIX_PATH} CMAKE_PREFIX_PATH=/home/huuhoa/hospital_robot/install/dwb_core:/home/huuhoa/hospital_robot/install/nav2_core:/home/huuhoa/hospital_robot/install/costmap_queue:/home/huuhoa/hospital_robot/install/nav2_costmap_2d:/home/huuhoa/hospital_robot/install/nav_2d_utils:/home/huuhoa/hospital_robot/install/nav2_map_server:/home/huuhoa/hospital_robot/install/nav2_lifecycle_manager:/home/huuhoa/hospital_robot/install/nav2_util:/home/huuhoa/hospital_robot/install/nav2_voxel_grid:/home/huuhoa/hospital_robot/install/nav2_msgs:/home/huuhoa/hospital_robot/install/dwb_msgs:/home/huuhoa/hospital_robot/install/nav_2d_msgs:/home/huuhoa/hospital_robot/install/nav2_common:/home/huuhoa/hospital_robot/install/map_msgs:/home/huuhoa/hospital_robot/install/hospital_package:/home/huuhoa/hospital_robot/install/nav2_simple_commander:/opt/ros/humble LD_LIBRARY_PATH=/home/huuhoa/hospital_robot/install/dwb_core/lib:/home/huuhoa/hospital_robot/install/costmap_queue/lib:/home/huuhoa/hospital_robot/install/nav2_costmap_2d/lib:/home/huuhoa/hospital_robot/install/nav_2d_utils/lib:/home/huuhoa/hospital_robot/install/nav2_map_server/lib:/home/huuhoa/hospital_robot/install/nav2_lifecycle_manager/lib:/home/huuhoa/hospital_robot/install/nav2_util/lib:/home/huuhoa/hospital_robot/install/nav2_voxel_grid/lib:/home/huuhoa/hospital_robot/install/nav2_msgs/lib:/home/huuhoa/hospital_robot/install/dwb_msgs/lib:/home/huuhoa/hospital_robot/install/nav_2d_msgs/lib:/home/huuhoa/hospital_robot/install/map_msgs/lib:/opt/ros/humble/lib/x86_64-linux-gnu:/opt/ros/humble/lib /usr/bin/cmake --build /home/huuhoa/hospital_robot/build/dwb_critics -- -j2 -l2
[0.229s] [35m[1mConsolidate compiler generated dependencies of target dwb_critics[0m
[0.229s] [35m[1mConsolidate compiler generated dependencies of target gtest_main[0m
[0.284s] [  7%] Built target gtest_main
[0.315s] [35m[1mConsolidate compiler generated dependencies of target gtest[0m
[0.344s] [ 14%] Built target gtest
[0.380s] [ 62%] Built target dwb_critics
[0.423s] [35m[1mConsolidate compiler generated dependencies of target prefer_forward_tests[0m
[0.446s] [35m[1mConsolidate compiler generated dependencies of target base_obstacle_tests[0m
[0.497s] [ 70%] Built target prefer_forward_tests
[0.513s] [ 77%] Built target base_obstacle_tests
[0.562s] [35m[1mConsolidate compiler generated dependencies of target obstacle_footprint_tests[0m
[0.570s] [35m[1mConsolidate compiler generated dependencies of target alignment_util_tests[0m
[0.613s] [ 85%] Built target obstacle_footprint_tests
[0.644s] [ 92%] Built target alignment_util_tests
[0.667s] [35m[1mConsolidate compiler generated dependencies of target twirling_tests[0m
[0.719s] [100%] Built target twirling_tests
[0.753s] Invoked command in '/home/huuhoa/hospital_robot/build/dwb_critics' returned '0': AMENT_PREFIX_PATH=/home/huuhoa/hospital_robot/install/dwb_core:/home/huuhoa/hospital_robot/install/nav2_core:/home/huuhoa/hospital_robot/install/costmap_queue:/home/huuhoa/hospital_robot/install/nav2_costmap_2d:${AMENT_PREFIX_PATH} CMAKE_PREFIX_PATH=/home/huuhoa/hospital_robot/install/dwb_core:/home/huuhoa/hospital_robot/install/nav2_core:/home/huuhoa/hospital_robot/install/costmap_queue:/home/huuhoa/hospital_robot/install/nav2_costmap_2d:/home/huuhoa/hospital_robot/install/nav_2d_utils:/home/huuhoa/hospital_robot/install/nav2_map_server:/home/huuhoa/hospital_robot/install/nav2_lifecycle_manager:/home/huuhoa/hospital_robot/install/nav2_util:/home/huuhoa/hospital_robot/install/nav2_voxel_grid:/home/huuhoa/hospital_robot/install/nav2_msgs:/home/huuhoa/hospital_robot/install/dwb_msgs:/home/huuhoa/hospital_robot/install/nav_2d_msgs:/home/huuhoa/hospital_robot/install/nav2_common:/home/huuhoa/hospital_robot/install/map_msgs:/home/huuhoa/hospital_robot/install/hospital_package:/home/huuhoa/hospital_robot/install/nav2_simple_commander:/opt/ros/humble LD_LIBRARY_PATH=/home/huuhoa/hospital_robot/install/dwb_core/lib:/home/huuhoa/hospital_robot/install/costmap_queue/lib:/home/huuhoa/hospital_robot/install/nav2_costmap_2d/lib:/home/huuhoa/hospital_robot/install/nav_2d_utils/lib:/home/huuhoa/hospital_robot/install/nav2_map_server/lib:/home/huuhoa/hospital_robot/install/nav2_lifecycle_manager/lib:/home/huuhoa/hospital_robot/install/nav2_util/lib:/home/huuhoa/hospital_robot/install/nav2_voxel_grid/lib:/home/huuhoa/hospital_robot/install/nav2_msgs/lib:/home/huuhoa/hospital_robot/install/dwb_msgs/lib:/home/huuhoa/hospital_robot/install/nav_2d_msgs/lib:/home/huuhoa/hospital_robot/install/map_msgs/lib:/opt/ros/humble/lib/x86_64-linux-gnu:/opt/ros/humble/lib /usr/bin/cmake --build /home/huuhoa/hospital_robot/build/dwb_critics -- -j2 -l2
[0.753s] Invoking command in '/home/huuhoa/hospital_robot/build/dwb_critics': AMENT_PREFIX_PATH=/home/huuhoa/hospital_robot/install/dwb_core:/home/huuhoa/hospital_robot/install/nav2_core:/home/huuhoa/hospital_robot/install/costmap_queue:/home/huuhoa/hospital_robot/install/nav2_costmap_2d:${AMENT_PREFIX_PATH} CMAKE_PREFIX_PATH=/home/huuhoa/hospital_robot/install/dwb_core:/home/huuhoa/hospital_robot/install/nav2_core:/home/huuhoa/hospital_robot/install/costmap_queue:/home/huuhoa/hospital_robot/install/nav2_costmap_2d:/home/huuhoa/hospital_robot/install/nav_2d_utils:/home/huuhoa/hospital_robot/install/nav2_map_server:/home/huuhoa/hospital_robot/install/nav2_lifecycle_manager:/home/huuhoa/hospital_robot/install/nav2_util:/home/huuhoa/hospital_robot/install/nav2_voxel_grid:/home/huuhoa/hospital_robot/install/nav2_msgs:/home/huuhoa/hospital_robot/install/dwb_msgs:/home/huuhoa/hospital_robot/install/nav_2d_msgs:/home/huuhoa/hospital_robot/install/nav2_common:/home/huuhoa/hospital_robot/install/map_msgs:/home/huuhoa/hospital_robot/install/hospital_package:/home/huuhoa/hospital_robot/install/nav2_simple_commander:/opt/ros/humble LD_LIBRARY_PATH=/home/huuhoa/hospital_robot/install/dwb_core/lib:/home/huuhoa/hospital_robot/install/costmap_queue/lib:/home/huuhoa/hospital_robot/install/nav2_costmap_2d/lib:/home/huuhoa/hospital_robot/install/nav_2d_utils/lib:/home/huuhoa/hospital_robot/install/nav2_map_server/lib:/home/huuhoa/hospital_robot/install/nav2_lifecycle_manager/lib:/home/huuhoa/hospital_robot/install/nav2_util/lib:/home/huuhoa/hospital_robot/install/nav2_voxel_grid/lib:/home/huuhoa/hospital_robot/install/nav2_msgs/lib:/home/huuhoa/hospital_robot/install/dwb_msgs/lib:/home/huuhoa/hospital_robot/install/nav_2d_msgs/lib:/home/huuhoa/hospital_robot/install/map_msgs/lib:/opt/ros/humble/lib/x86_64-linux-gnu:/opt/ros/humble/lib /usr/bin/cmake --install /home/huuhoa/hospital_robot/build/dwb_critics
[0.770s] -- Install configuration: "Release"
[0.770s] -- Execute custom install script
[0.770s] -- Up-to-date symlink: /home/huuhoa/hospital_robot/install/dwb_critics/lib/libdwb_critics.so
[0.770s] -- Up-to-date symlink: /home/huuhoa/hospital_robot/install/dwb_critics/include//dwb_critics/alignment_util.hpp
[0.770s] -- Up-to-date symlink: /home/huuhoa/hospital_robot/install/dwb_critics/include//dwb_critics/base_obstacle.hpp
[0.770s] -- Up-to-date symlink: /home/huuhoa/hospital_robot/install/dwb_critics/include//dwb_critics/goal_align.hpp
[0.770s] -- Up-to-date symlink: /home/huuhoa/hospital_robot/install/dwb_critics/include//dwb_critics/goal_dist.hpp
[0.770s] -- Up-to-date symlink: /home/huuhoa/hospital_robot/install/dwb_critics/include//dwb_critics/line_iterator.hpp
[0.770s] -- Up-to-date symlink: /home/huuhoa/hospital_robot/install/dwb_critics/include//dwb_critics/map_grid.hpp
[0.770s] -- Up-to-date symlink: /home/huuhoa/hospital_robot/install/dwb_critics/include//dwb_critics/obstacle_footprint.hpp
[0.770s] -- Up-to-date symlink: /home/huuhoa/hospital_robot/install/dwb_critics/include//dwb_critics/oscillation.hpp
[0.770s] -- Up-to-date symlink: /home/huuhoa/hospital_robot/install/dwb_critics/include//dwb_critics/path_align.hpp
[0.770s] -- Up-to-date symlink: /home/huuhoa/hospital_robot/install/dwb_critics/include//dwb_critics/path_dist.hpp
[0.771s] -- Up-to-date symlink: /home/huuhoa/hospital_robot/install/dwb_critics/include//dwb_critics/prefer_forward.hpp
[0.771s] -- Up-to-date symlink: /home/huuhoa/hospital_robot/install/dwb_critics/include//dwb_critics/rotate_to_goal.hpp
[0.771s] -- Up-to-date symlink: /home/huuhoa/hospital_robot/install/dwb_critics/include//dwb_critics/twirling.hpp
[0.771s] -- Up-to-date symlink: /home/huuhoa/hospital_robot/install/dwb_critics/share/dwb_critics/default_critics.xml
[0.771s] -- Up-to-date symlink: /home/huuhoa/hospital_robot/install/dwb_critics/share/dwb_critics/environment/library_path.sh
[0.771s] -- Up-to-date symlink: /home/huuhoa/hospital_robot/install/dwb_critics/share/dwb_critics/environment/library_path.dsv
[0.771s] -- Up-to-date symlink: /home/huuhoa/hospital_robot/install/dwb_critics/share/dwb_critics//default_critics.xml
[0.771s] -- Up-to-date symlink: /home/huuhoa/hospital_robot/install/dwb_critics/share/ament_index/resource_index/package_run_dependencies/dwb_critics
[0.771s] -- Up-to-date symlink: /home/huuhoa/hospital_robot/install/dwb_critics/share/ament_index/resource_index/parent_prefix_path/dwb_critics
[0.772s] -- Up-to-date symlink: /home/huuhoa/hospital_robot/install/dwb_critics/share/dwb_critics/environment/ament_prefix_path.sh
[0.772s] -- Up-to-date symlink: /home/huuhoa/hospital_robot/install/dwb_critics/share/dwb_critics/environment/ament_prefix_path.dsv
[0.772s] -- Up-to-date symlink: /home/huuhoa/hospital_robot/install/dwb_critics/share/dwb_critics/environment/path.sh
[0.772s] -- Up-to-date symlink: /home/huuhoa/hospital_robot/install/dwb_critics/share/dwb_critics/environment/path.dsv
[0.772s] -- Up-to-date symlink: /home/huuhoa/hospital_robot/install/dwb_critics/share/dwb_critics/local_setup.bash
[0.772s] -- Up-to-date symlink: /home/huuhoa/hospital_robot/install/dwb_critics/share/dwb_critics/local_setup.sh
[0.772s] -- Up-to-date symlink: /home/huuhoa/hospital_robot/install/dwb_critics/share/dwb_critics/local_setup.zsh
[0.776s] -- Up-to-date symlink: /home/huuhoa/hospital_robot/install/dwb_critics/share/dwb_critics/local_setup.dsv
[0.776s] -- Symlinking: /home/huuhoa/hospital_robot/install/dwb_critics/share/dwb_critics/package.dsv
[0.787s] -- Up-to-date symlink: /home/huuhoa/hospital_robot/install/dwb_critics/share/ament_index/resource_index/packages/dwb_critics
[0.787s] -- Up-to-date symlink: /home/huuhoa/hospital_robot/install/dwb_critics/share/ament_index/resource_index/dwb_core__pluginlib__plugin/dwb_critics
[0.787s] -- Up-to-date symlink: /home/huuhoa/hospital_robot/install/dwb_critics/share/dwb_critics/cmake/ament_cmake_export_include_directories-extras.cmake
[0.787s] -- Up-to-date symlink: /home/huuhoa/hospital_robot/install/dwb_critics/share/dwb_critics/cmake/ament_cmake_export_libraries-extras.cmake
[0.787s] -- Up-to-date symlink: /home/huuhoa/hospital_robot/install/dwb_critics/share/dwb_critics/cmake/ament_cmake_export_dependencies-extras.cmake
[0.787s] -- Up-to-date symlink: /home/huuhoa/hospital_robot/install/dwb_critics/share/dwb_critics/cmake/dwb_criticsConfig.cmake
[0.787s] -- Up-to-date symlink: /home/huuhoa/hospital_robot/install/dwb_critics/share/dwb_critics/cmake/dwb_criticsConfig-version.cmake
[0.787s] -- Up-to-date symlink: /home/huuhoa/hospital_robot/install/dwb_critics/share/dwb_critics/package.xml
[0.793s] Invoked command in '/home/huuhoa/hospital_robot/build/dwb_critics' returned '0': AMENT_PREFIX_PATH=/home/huuhoa/hospital_robot/install/dwb_core:/home/huuhoa/hospital_robot/install/nav2_core:/home/huuhoa/hospital_robot/install/costmap_queue:/home/huuhoa/hospital_robot/install/nav2_costmap_2d:${AMENT_PREFIX_PATH} CMAKE_PREFIX_PATH=/home/huuhoa/hospital_robot/install/dwb_core:/home/huuhoa/hospital_robot/install/nav2_core:/home/huuhoa/hospital_robot/install/costmap_queue:/home/huuhoa/hospital_robot/install/nav2_costmap_2d:/home/huuhoa/hospital_robot/install/nav_2d_utils:/home/huuhoa/hospital_robot/install/nav2_map_server:/home/huuhoa/hospital_robot/install/nav2_lifecycle_manager:/home/huuhoa/hospital_robot/install/nav2_util:/home/huuhoa/hospital_robot/install/nav2_voxel_grid:/home/huuhoa/hospital_robot/install/nav2_msgs:/home/huuhoa/hospital_robot/install/dwb_msgs:/home/huuhoa/hospital_robot/install/nav_2d_msgs:/home/huuhoa/hospital_robot/install/nav2_common:/home/huuhoa/hospital_robot/install/map_msgs:/home/huuhoa/hospital_robot/install/hospital_package:/home/huuhoa/hospital_robot/install/nav2_simple_commander:/opt/ros/humble LD_LIBRARY_PATH=/home/huuhoa/hospital_robot/install/dwb_core/lib:/home/huuhoa/hospital_robot/install/costmap_queue/lib:/home/huuhoa/hospital_robot/install/nav2_costmap_2d/lib:/home/huuhoa/hospital_robot/install/nav_2d_utils/lib:/home/huuhoa/hospital_robot/install/nav2_map_server/lib:/home/huuhoa/hospital_robot/install/nav2_lifecycle_manager/lib:/home/huuhoa/hospital_robot/install/nav2_util/lib:/home/huuhoa/hospital_robot/install/nav2_voxel_grid/lib:/home/huuhoa/hospital_robot/install/nav2_msgs/lib:/home/huuhoa/hospital_robot/install/dwb_msgs/lib:/home/huuhoa/hospital_robot/install/nav_2d_msgs/lib:/home/huuhoa/hospital_robot/install/map_msgs/lib:/opt/ros/humble/lib/x86_64-linux-gnu:/opt/ros/humble/lib /usr/bin/cmake --install /home/huuhoa/hospital_robot/build/dwb_critics
