[0.049s] Invoking command in '/home/huuhoa/hospital_robot/build/nav2_util': CMAKE_PREFIX_PATH=/home/huuhoa/hospital_robot/install/nav2_msgs:/home/huuhoa/hospital_robot/install/nav2_common:/home/huuhoa/hospital_robot/install/nav_2d_utils:/home/huuhoa/hospital_robot/install/dwb_msgs:/home/huuhoa/hospital_robot/install/nav_2d_msgs:/home/huuhoa/hospital_robot/install/nav2_voxel_grid:/home/huuhoa/hospital_robot/install/nav2_map_server:/home/huuhoa/hospital_robot/install/nav2_lifecycle_manager:/home/huuhoa/hospital_robot/install/nav2_util:/home/huuhoa/hospital_robot/install/map_msgs:/home/huuhoa/hospital_robot/install/hospital_package:/home/huuhoa/hospital_robot/install/nav2_simple_commander:/opt/ros/humble LD_LIBRARY_PATH=/home/huuhoa/hospital_robot/install/nav2_msgs/lib:/home/huuhoa/hospital_robot/install/nav_2d_utils/lib:/home/huuhoa/hospital_robot/install/dwb_msgs/lib:/home/huuhoa/hospital_robot/install/nav_2d_msgs/lib:/home/huuhoa/hospital_robot/install/nav2_voxel_grid/lib:/home/huuhoa/hospital_robot/install/nav2_map_server/lib:/home/huuhoa/hospital_robot/install/nav2_lifecycle_manager/lib:/home/huuhoa/hospital_robot/install/nav2_util/lib:/home/huuhoa/hospital_robot/install/map_msgs/lib:/opt/ros/humble/lib/x86_64-linux-gnu:/opt/ros/humble/lib /usr/bin/cmake --build /home/huuhoa/hospital_robot/build/nav2_util -- -j2 -l2
[0.191s] [  5%] Built target gtest_main
[0.201s] [ 30%] Built target nav2_util_core
[0.283s] [ 35%] Built target lifecycle_bringup
[0.293s] [ 40%] Built target gtest
[0.358s] [ 45%] Built target test_execution_timer
[0.413s] [ 50%] Built target test_node_utils
[0.458s] [ 55%] Built target test_service_client
[0.480s] [ 60%] Built target test_string_utils
[0.518s] [ 65%] Built target test_lifecycle_utils
[0.558s] [ 70%] Built target test_actions
[0.600s] [ 75%] Built target test_lifecycle_node
[0.600s] [ 80%] Built target test_lifecycle_cli_node
[0.655s] [ 85%] Built target test_odometry_utils
[0.683s] [ 90%] Built target test_geometry_utils
[0.722s] [ 95%] Built target test_robot_utils
[0.740s] [100%] Built target test_validation_messages
[0.759s] Invoked command in '/home/huuhoa/hospital_robot/build/nav2_util' returned '0': CMAKE_PREFIX_PATH=/home/huuhoa/hospital_robot/install/nav2_msgs:/home/huuhoa/hospital_robot/install/nav2_common:/home/huuhoa/hospital_robot/install/nav_2d_utils:/home/huuhoa/hospital_robot/install/dwb_msgs:/home/huuhoa/hospital_robot/install/nav_2d_msgs:/home/huuhoa/hospital_robot/install/nav2_voxel_grid:/home/huuhoa/hospital_robot/install/nav2_map_server:/home/huuhoa/hospital_robot/install/nav2_lifecycle_manager:/home/huuhoa/hospital_robot/install/nav2_util:/home/huuhoa/hospital_robot/install/map_msgs:/home/huuhoa/hospital_robot/install/hospital_package:/home/huuhoa/hospital_robot/install/nav2_simple_commander:/opt/ros/humble LD_LIBRARY_PATH=/home/huuhoa/hospital_robot/install/nav2_msgs/lib:/home/huuhoa/hospital_robot/install/nav_2d_utils/lib:/home/huuhoa/hospital_robot/install/dwb_msgs/lib:/home/huuhoa/hospital_robot/install/nav_2d_msgs/lib:/home/huuhoa/hospital_robot/install/nav2_voxel_grid/lib:/home/huuhoa/hospital_robot/install/nav2_map_server/lib:/home/huuhoa/hospital_robot/install/nav2_lifecycle_manager/lib:/home/huuhoa/hospital_robot/install/nav2_util/lib:/home/huuhoa/hospital_robot/install/map_msgs/lib:/opt/ros/humble/lib/x86_64-linux-gnu:/opt/ros/humble/lib /usr/bin/cmake --build /home/huuhoa/hospital_robot/build/nav2_util -- -j2 -l2
[0.759s] Invoking command in '/home/huuhoa/hospital_robot/build/nav2_util': CMAKE_PREFIX_PATH=/home/huuhoa/hospital_robot/install/nav2_msgs:/home/huuhoa/hospital_robot/install/nav2_common:/home/huuhoa/hospital_robot/install/nav_2d_utils:/home/huuhoa/hospital_robot/install/dwb_msgs:/home/huuhoa/hospital_robot/install/nav_2d_msgs:/home/huuhoa/hospital_robot/install/nav2_voxel_grid:/home/huuhoa/hospital_robot/install/nav2_map_server:/home/huuhoa/hospital_robot/install/nav2_lifecycle_manager:/home/huuhoa/hospital_robot/install/nav2_util:/home/huuhoa/hospital_robot/install/map_msgs:/home/huuhoa/hospital_robot/install/hospital_package:/home/huuhoa/hospital_robot/install/nav2_simple_commander:/opt/ros/humble LD_LIBRARY_PATH=/home/huuhoa/hospital_robot/install/nav2_msgs/lib:/home/huuhoa/hospital_robot/install/nav_2d_utils/lib:/home/huuhoa/hospital_robot/install/dwb_msgs/lib:/home/huuhoa/hospital_robot/install/nav_2d_msgs/lib:/home/huuhoa/hospital_robot/install/nav2_voxel_grid/lib:/home/huuhoa/hospital_robot/install/nav2_map_server/lib:/home/huuhoa/hospital_robot/install/nav2_lifecycle_manager/lib:/home/huuhoa/hospital_robot/install/nav2_util/lib:/home/huuhoa/hospital_robot/install/map_msgs/lib:/opt/ros/humble/lib/x86_64-linux-gnu:/opt/ros/humble/lib /usr/bin/cmake --install /home/huuhoa/hospital_robot/build/nav2_util
[0.777s] -- Install configuration: "Release"
[0.779s] -- Execute custom install script
[0.779s] -- Up-to-date symlink: /home/huuhoa/hospital_robot/install/nav2_util/lib/libnav2_util_core.so
[0.784s] -- Up-to-date symlink: /home/huuhoa/hospital_robot/install/nav2_util/lib/nav2_util/lifecycle_bringup
[0.784s] -- Up-to-date symlink: /home/huuhoa/hospital_robot/install/nav2_util/include//nav2_util/clear_entirely_costmap_service_client.hpp
[0.787s] -- Up-to-date symlink: /home/huuhoa/hospital_robot/install/nav2_util/include//nav2_util/costmap.hpp
[0.787s] -- Up-to-date symlink: /home/huuhoa/hospital_robot/install/nav2_util/include//nav2_util/execution_timer.hpp
[0.787s] -- Up-to-date symlink: /home/huuhoa/hospital_robot/install/nav2_util/include//nav2_util/geometry_utils.hpp
[0.787s] -- Up-to-date symlink: /home/huuhoa/hospital_robot/install/nav2_util/include//nav2_util/lifecycle_node.hpp
[0.787s] -- Up-to-date symlink: /home/huuhoa/hospital_robot/install/nav2_util/include//nav2_util/lifecycle_service_client.hpp
[0.787s] -- Up-to-date symlink: /home/huuhoa/hospital_robot/install/nav2_util/include//nav2_util/lifecycle_utils.hpp
[0.788s] -- Up-to-date symlink: /home/huuhoa/hospital_robot/install/nav2_util/include//nav2_util/line_iterator.hpp
[0.788s] -- Up-to-date symlink: /home/huuhoa/hospital_robot/install/nav2_util/include//nav2_util/node_thread.hpp
[0.788s] -- Up-to-date symlink: /home/huuhoa/hospital_robot/install/nav2_util/include//nav2_util/node_utils.hpp
[0.788s] -- Up-to-date symlink: /home/huuhoa/hospital_robot/install/nav2_util/include//nav2_util/occ_grid_values.hpp
[0.788s] -- Up-to-date symlink: /home/huuhoa/hospital_robot/install/nav2_util/include//nav2_util/odometry_utils.hpp
[0.789s] -- Up-to-date symlink: /home/huuhoa/hospital_robot/install/nav2_util/include//nav2_util/robot_utils.hpp
[0.789s] -- Up-to-date symlink: /home/huuhoa/hospital_robot/install/nav2_util/include//nav2_util/service_client.hpp
[0.790s] -- Up-to-date symlink: /home/huuhoa/hospital_robot/install/nav2_util/include//nav2_util/simple_action_server.hpp
[0.790s] -- Up-to-date symlink: /home/huuhoa/hospital_robot/install/nav2_util/include//nav2_util/string_utils.hpp
[0.790s] -- Up-to-date symlink: /home/huuhoa/hospital_robot/install/nav2_util/include//nav2_util/validate_messages.hpp
[0.790s] -- Up-to-date symlink: /home/huuhoa/hospital_robot/install/nav2_util/share/nav2_util/environment/library_path.sh
[0.792s] -- Up-to-date symlink: /home/huuhoa/hospital_robot/install/nav2_util/share/nav2_util/environment/library_path.dsv
[0.793s] -- Up-to-date symlink: /home/huuhoa/hospital_robot/install/nav2_util/share/ament_index/resource_index/package_run_dependencies/nav2_util
[0.793s] -- Up-to-date symlink: /home/huuhoa/hospital_robot/install/nav2_util/share/ament_index/resource_index/parent_prefix_path/nav2_util
[0.793s] -- Up-to-date symlink: /home/huuhoa/hospital_robot/install/nav2_util/share/nav2_util/environment/ament_prefix_path.sh
[0.793s] -- Up-to-date symlink: /home/huuhoa/hospital_robot/install/nav2_util/share/nav2_util/environment/ament_prefix_path.dsv
[0.793s] -- Up-to-date symlink: /home/huuhoa/hospital_robot/install/nav2_util/share/nav2_util/environment/path.sh
[0.793s] -- Up-to-date symlink: /home/huuhoa/hospital_robot/install/nav2_util/share/nav2_util/environment/path.dsv
[0.794s] -- Up-to-date symlink: /home/huuhoa/hospital_robot/install/nav2_util/share/nav2_util/local_setup.bash
[0.794s] -- Up-to-date symlink: /home/huuhoa/hospital_robot/install/nav2_util/share/nav2_util/local_setup.sh
[0.797s] -- Up-to-date symlink: /home/huuhoa/hospital_robot/install/nav2_util/share/nav2_util/local_setup.zsh
[0.797s] -- Up-to-date symlink: /home/huuhoa/hospital_robot/install/nav2_util/share/nav2_util/local_setup.dsv
[0.797s] -- Symlinking: /home/huuhoa/hospital_robot/install/nav2_util/share/nav2_util/package.dsv
[0.816s] -- Up-to-date symlink: /home/huuhoa/hospital_robot/install/nav2_util/share/ament_index/resource_index/packages/nav2_util
[0.816s] -- Up-to-date symlink: /home/huuhoa/hospital_robot/install/nav2_util/share/nav2_util/cmake/ament_cmake_export_include_directories-extras.cmake
[0.816s] -- Up-to-date symlink: /home/huuhoa/hospital_robot/install/nav2_util/share/nav2_util/cmake/ament_cmake_export_libraries-extras.cmake
[0.816s] -- Up-to-date symlink: /home/huuhoa/hospital_robot/install/nav2_util/share/nav2_util/cmake/ament_cmake_export_dependencies-extras.cmake
[0.816s] -- Up-to-date symlink: /home/huuhoa/hospital_robot/install/nav2_util/share/nav2_util/cmake/nav2_utilConfig.cmake
[0.816s] -- Up-to-date symlink: /home/huuhoa/hospital_robot/install/nav2_util/share/nav2_util/cmake/nav2_utilConfig-version.cmake
[0.816s] -- Up-to-date symlink: /home/huuhoa/hospital_robot/install/nav2_util/share/nav2_util/package.xml
[0.817s] Invoked command in '/home/huuhoa/hospital_robot/build/nav2_util' returned '0': CMAKE_PREFIX_PATH=/home/huuhoa/hospital_robot/install/nav2_msgs:/home/huuhoa/hospital_robot/install/nav2_common:/home/huuhoa/hospital_robot/install/nav_2d_utils:/home/huuhoa/hospital_robot/install/dwb_msgs:/home/huuhoa/hospital_robot/install/nav_2d_msgs:/home/huuhoa/hospital_robot/install/nav2_voxel_grid:/home/huuhoa/hospital_robot/install/nav2_map_server:/home/huuhoa/hospital_robot/install/nav2_lifecycle_manager:/home/huuhoa/hospital_robot/install/nav2_util:/home/huuhoa/hospital_robot/install/map_msgs:/home/huuhoa/hospital_robot/install/hospital_package:/home/huuhoa/hospital_robot/install/nav2_simple_commander:/opt/ros/humble LD_LIBRARY_PATH=/home/huuhoa/hospital_robot/install/nav2_msgs/lib:/home/huuhoa/hospital_robot/install/nav_2d_utils/lib:/home/huuhoa/hospital_robot/install/dwb_msgs/lib:/home/huuhoa/hospital_robot/install/nav_2d_msgs/lib:/home/huuhoa/hospital_robot/install/nav2_voxel_grid/lib:/home/huuhoa/hospital_robot/install/nav2_map_server/lib:/home/huuhoa/hospital_robot/install/nav2_lifecycle_manager/lib:/home/huuhoa/hospital_robot/install/nav2_util/lib:/home/huuhoa/hospital_robot/install/map_msgs/lib:/opt/ros/humble/lib/x86_64-linux-gnu:/opt/ros/humble/lib /usr/bin/cmake --install /home/huuhoa/hospital_robot/build/nav2_util
