[0.031s] Invoking command in '/home/huuhoa/hospital_robot/build/nav2_util': AMENT_PREFIX_PATH=/home/huuhoa/hospital_robot/install/nav2_msgs:/home/huuhoa/hospital_robot/install/nav2_common:${AMENT_PREFIX_PATH} CMAKE_PREFIX_PATH=/home/huuhoa/hospital_robot/install/nav2_msgs:/home/huuhoa/hospital_robot/install/nav2_common:/opt/ros/humble LD_LIBRARY_PATH=/home/huuhoa/hospital_robot/install/nav2_msgs/lib:${LD_LIBRARY_PATH} PYTHONPATH=/home/huuhoa/hospital_robot/install/nav2_msgs/local/lib/python3.10/dist-packages:/home/huuhoa/hospital_robot/install/nav2_common/local/lib/python3.10/dist-packages:${PYTHONPATH} /usr/bin/cmake --build /home/huuhoa/hospital_robot/build/nav2_util -- -j2 -l2
[0.253s] [  5%] Built target gtest_main
[0.297s] [ 10%] Built target gtest
[0.327s] [ 35%] Built target nav2_util_core
[0.392s] [ 40%] Built target test_execution_timer
[0.414s] [ 45%] Built target lifecycle_bringup
[0.467s] [ 50%] Built target test_node_utils
[0.497s] [ 55%] Built target test_service_client
[0.545s] [ 60%] Built target test_string_utils
[0.591s] [ 65%] Built target test_lifecycle_utils
[0.655s] [ 70%] Built target test_actions
[0.690s] [ 75%] Built target test_lifecycle_node
[0.751s] [ 80%] Built target test_lifecycle_cli_node
[0.789s] [ 85%] Built target test_geometry_utils
[0.827s] [ 90%] Built target test_odometry_utils
[0.873s] [ 95%] Built target test_validation_messages
[0.887s] [100%] Built target test_robot_utils
[0.915s] Invoked command in '/home/huuhoa/hospital_robot/build/nav2_util' returned '0': AMENT_PREFIX_PATH=/home/huuhoa/hospital_robot/install/nav2_msgs:/home/huuhoa/hospital_robot/install/nav2_common:${AMENT_PREFIX_PATH} CMAKE_PREFIX_PATH=/home/huuhoa/hospital_robot/install/nav2_msgs:/home/huuhoa/hospital_robot/install/nav2_common:/opt/ros/humble LD_LIBRARY_PATH=/home/huuhoa/hospital_robot/install/nav2_msgs/lib:${LD_LIBRARY_PATH} PYTHONPATH=/home/huuhoa/hospital_robot/install/nav2_msgs/local/lib/python3.10/dist-packages:/home/huuhoa/hospital_robot/install/nav2_common/local/lib/python3.10/dist-packages:${PYTHONPATH} /usr/bin/cmake --build /home/huuhoa/hospital_robot/build/nav2_util -- -j2 -l2
[0.923s] Invoking command in '/home/huuhoa/hospital_robot/build/nav2_util': AMENT_PREFIX_PATH=/home/huuhoa/hospital_robot/install/nav2_msgs:/home/huuhoa/hospital_robot/install/nav2_common:${AMENT_PREFIX_PATH} CMAKE_PREFIX_PATH=/home/huuhoa/hospital_robot/install/nav2_msgs:/home/huuhoa/hospital_robot/install/nav2_common:/opt/ros/humble LD_LIBRARY_PATH=/home/huuhoa/hospital_robot/install/nav2_msgs/lib:${LD_LIBRARY_PATH} PYTHONPATH=/home/huuhoa/hospital_robot/install/nav2_msgs/local/lib/python3.10/dist-packages:/home/huuhoa/hospital_robot/install/nav2_common/local/lib/python3.10/dist-packages:${PYTHONPATH} /usr/bin/cmake --install /home/huuhoa/hospital_robot/build/nav2_util
[0.940s] -- Install configuration: "Release"
[0.943s] -- Execute custom install script
[0.947s] -- Up-to-date symlink: /home/huuhoa/hospital_robot/install/nav2_util/lib/libnav2_util_core.so
[0.953s] -- Up-to-date symlink: /home/huuhoa/hospital_robot/install/nav2_util/lib/nav2_util/lifecycle_bringup
[0.958s] -- Up-to-date symlink: /home/huuhoa/hospital_robot/install/nav2_util/include//nav2_util/clear_entirely_costmap_service_client.hpp
[0.958s] -- Up-to-date symlink: /home/huuhoa/hospital_robot/install/nav2_util/include//nav2_util/costmap.hpp
[0.962s] -- Up-to-date symlink: /home/huuhoa/hospital_robot/install/nav2_util/include//nav2_util/execution_timer.hpp
[0.963s] -- Up-to-date symlink: /home/huuhoa/hospital_robot/install/nav2_util/include//nav2_util/geometry_utils.hpp
[0.964s] -- Up-to-date symlink: /home/huuhoa/hospital_robot/install/nav2_util/include//nav2_util/lifecycle_node.hpp
[0.965s] -- Up-to-date symlink: /home/huuhoa/hospital_robot/install/nav2_util/include//nav2_util/lifecycle_service_client.hpp
[0.966s] -- Up-to-date symlink: /home/huuhoa/hospital_robot/install/nav2_util/include//nav2_util/lifecycle_utils.hpp
[0.967s] -- Up-to-date symlink: /home/huuhoa/hospital_robot/install/nav2_util/include//nav2_util/line_iterator.hpp
[0.968s] -- Up-to-date symlink: /home/huuhoa/hospital_robot/install/nav2_util/include//nav2_util/node_thread.hpp
[0.968s] -- Up-to-date symlink: /home/huuhoa/hospital_robot/install/nav2_util/include//nav2_util/node_utils.hpp
[0.969s] -- Up-to-date symlink: /home/huuhoa/hospital_robot/install/nav2_util/include//nav2_util/occ_grid_values.hpp
[0.970s] -- Up-to-date symlink: /home/huuhoa/hospital_robot/install/nav2_util/include//nav2_util/odometry_utils.hpp
[0.979s] -- Up-to-date symlink: /home/huuhoa/hospital_robot/install/nav2_util/include//nav2_util/robot_utils.hpp
[0.980s] -- Up-to-date symlink: /home/huuhoa/hospital_robot/install/nav2_util/include//nav2_util/service_client.hpp
[0.981s] -- Up-to-date symlink: /home/huuhoa/hospital_robot/install/nav2_util/include//nav2_util/simple_action_server.hpp
[0.982s] -- Up-to-date symlink: /home/huuhoa/hospital_robot/install/nav2_util/include//nav2_util/string_utils.hpp
[0.983s] -- Up-to-date symlink: /home/huuhoa/hospital_robot/install/nav2_util/include//nav2_util/validate_messages.hpp
[0.988s] -- Up-to-date symlink: /home/huuhoa/hospital_robot/install/nav2_util/share/nav2_util/environment/library_path.sh
[0.989s] -- Up-to-date symlink: /home/huuhoa/hospital_robot/install/nav2_util/share/nav2_util/environment/library_path.dsv
[0.993s] -- Up-to-date symlink: /home/huuhoa/hospital_robot/install/nav2_util/share/ament_index/resource_index/package_run_dependencies/nav2_util
[0.995s] -- Up-to-date symlink: /home/huuhoa/hospital_robot/install/nav2_util/share/ament_index/resource_index/parent_prefix_path/nav2_util
[0.995s] -- Up-to-date symlink: /home/huuhoa/hospital_robot/install/nav2_util/share/nav2_util/environment/ament_prefix_path.sh
[0.996s] -- Up-to-date symlink: /home/huuhoa/hospital_robot/install/nav2_util/share/nav2_util/environment/ament_prefix_path.dsv
[0.997s] -- Up-to-date symlink: /home/huuhoa/hospital_robot/install/nav2_util/share/nav2_util/environment/path.sh
[0.998s] -- Up-to-date symlink: /home/huuhoa/hospital_robot/install/nav2_util/share/nav2_util/environment/path.dsv
[1.000s] -- Up-to-date symlink: /home/huuhoa/hospital_robot/install/nav2_util/share/nav2_util/local_setup.bash
[1.007s] -- Up-to-date symlink: /home/huuhoa/hospital_robot/install/nav2_util/share/nav2_util/local_setup.sh
[1.008s] -- Up-to-date symlink: /home/huuhoa/hospital_robot/install/nav2_util/share/nav2_util/local_setup.zsh
[1.009s] -- Up-to-date symlink: /home/huuhoa/hospital_robot/install/nav2_util/share/nav2_util/local_setup.dsv
[1.009s] -- Symlinking: /home/huuhoa/hospital_robot/install/nav2_util/share/nav2_util/package.dsv
[1.031s] -- Up-to-date symlink: /home/huuhoa/hospital_robot/install/nav2_util/share/ament_index/resource_index/packages/nav2_util
[1.036s] -- Up-to-date symlink: /home/huuhoa/hospital_robot/install/nav2_util/share/nav2_util/cmake/ament_cmake_export_include_directories-extras.cmake
[1.037s] -- Up-to-date symlink: /home/huuhoa/hospital_robot/install/nav2_util/share/nav2_util/cmake/ament_cmake_export_libraries-extras.cmake
[1.039s] -- Up-to-date symlink: /home/huuhoa/hospital_robot/install/nav2_util/share/nav2_util/cmake/ament_cmake_export_dependencies-extras.cmake
[1.040s] -- Up-to-date symlink: /home/huuhoa/hospital_robot/install/nav2_util/share/nav2_util/cmake/nav2_utilConfig.cmake
[1.040s] -- Up-to-date symlink: /home/huuhoa/hospital_robot/install/nav2_util/share/nav2_util/cmake/nav2_utilConfig-version.cmake
[1.041s] -- Up-to-date symlink: /home/huuhoa/hospital_robot/install/nav2_util/share/nav2_util/package.xml
[1.054s] Invoked command in '/home/huuhoa/hospital_robot/build/nav2_util' returned '0': AMENT_PREFIX_PATH=/home/huuhoa/hospital_robot/install/nav2_msgs:/home/huuhoa/hospital_robot/install/nav2_common:${AMENT_PREFIX_PATH} CMAKE_PREFIX_PATH=/home/huuhoa/hospital_robot/install/nav2_msgs:/home/huuhoa/hospital_robot/install/nav2_common:/opt/ros/humble LD_LIBRARY_PATH=/home/huuhoa/hospital_robot/install/nav2_msgs/lib:${LD_LIBRARY_PATH} PYTHONPATH=/home/huuhoa/hospital_robot/install/nav2_msgs/local/lib/python3.10/dist-packages:/home/huuhoa/hospital_robot/install/nav2_common/local/lib/python3.10/dist-packages:${PYTHONPATH} /usr/bin/cmake --install /home/huuhoa/hospital_robot/build/nav2_util
