[0.167s] Invoking command in '/home/huuhoa/hospital_robot/build/costmap_queue': AMENT_PREFIX_PATH=/home/huuhoa/hospital_robot/install/nav2_costmap_2d:/home/huuhoa/hospital_robot/install/nav2_map_server:/home/huuhoa/hospital_robot/install/nav2_lifecycle_manager:/home/huuhoa/hospital_robot/install/nav2_util:/home/huuhoa/hospital_robot/install/nav2_voxel_grid:/home/huuhoa/hospital_robot/install/nav2_msgs:/home/huuhoa/hospital_robot/install/nav2_common:/home/huuhoa/hospital_robot/install/map_msgs:${AMENT_PREFIX_PATH} CMAKE_PREFIX_PATH=/home/huuhoa/hospital_robot/install/nav2_costmap_2d:/home/huuhoa/hospital_robot/install/nav2_map_server:/home/huuhoa/hospital_robot/install/nav2_lifecycle_manager:/home/huuhoa/hospital_robot/install/nav2_util:/home/huuhoa/hospital_robot/install/nav2_voxel_grid:/home/huuhoa/hospital_robot/install/nav2_msgs:/home/huuhoa/hospital_robot/install/nav2_common:/home/huuhoa/hospital_robot/install/map_msgs:/opt/ros/humble LD_LIBRARY_PATH=/home/huuhoa/hospital_robot/install/nav2_costmap_2d/lib:/home/huuhoa/hospital_robot/install/nav2_map_server/lib:/home/huuhoa/hospital_robot/install/nav2_lifecycle_manager/lib:/home/huuhoa/hospital_robot/install/nav2_util/lib:/home/huuhoa/hospital_robot/install/nav2_voxel_grid/lib:/home/huuhoa/hospital_robot/install/nav2_msgs/lib:/home/huuhoa/hospital_robot/install/map_msgs/lib:${LD_LIBRARY_PATH} PYTHONPATH=/home/huuhoa/hospital_robot/install/nav2_msgs/local/lib/python3.10/dist-packages:/home/huuhoa/hospital_robot/install/nav2_common/local/lib/python3.10/dist-packages:/home/huuhoa/hospital_robot/install/map_msgs/local/lib/python3.10/dist-packages:${PYTHONPATH} /usr/bin/cmake --build /home/huuhoa/hospital_robot/build/costmap_queue -- -j2 -l2
[0.506s] [ 18%] Built target gtest_main
[0.517s] [ 45%] Built target costmap_queue
[0.592s] [ 63%] Built target gtest
[0.737s] [ 81%] Built target mbq_test
[0.738s] [100%] Built target utest
[0.785s] Invoked command in '/home/huuhoa/hospital_robot/build/costmap_queue' returned '0': AMENT_PREFIX_PATH=/home/huuhoa/hospital_robot/install/nav2_costmap_2d:/home/huuhoa/hospital_robot/install/nav2_map_server:/home/huuhoa/hospital_robot/install/nav2_lifecycle_manager:/home/huuhoa/hospital_robot/install/nav2_util:/home/huuhoa/hospital_robot/install/nav2_voxel_grid:/home/huuhoa/hospital_robot/install/nav2_msgs:/home/huuhoa/hospital_robot/install/nav2_common:/home/huuhoa/hospital_robot/install/map_msgs:${AMENT_PREFIX_PATH} CMAKE_PREFIX_PATH=/home/huuhoa/hospital_robot/install/nav2_costmap_2d:/home/huuhoa/hospital_robot/install/nav2_map_server:/home/huuhoa/hospital_robot/install/nav2_lifecycle_manager:/home/huuhoa/hospital_robot/install/nav2_util:/home/huuhoa/hospital_robot/install/nav2_voxel_grid:/home/huuhoa/hospital_robot/install/nav2_msgs:/home/huuhoa/hospital_robot/install/nav2_common:/home/huuhoa/hospital_robot/install/map_msgs:/opt/ros/humble LD_LIBRARY_PATH=/home/huuhoa/hospital_robot/install/nav2_costmap_2d/lib:/home/huuhoa/hospital_robot/install/nav2_map_server/lib:/home/huuhoa/hospital_robot/install/nav2_lifecycle_manager/lib:/home/huuhoa/hospital_robot/install/nav2_util/lib:/home/huuhoa/hospital_robot/install/nav2_voxel_grid/lib:/home/huuhoa/hospital_robot/install/nav2_msgs/lib:/home/huuhoa/hospital_robot/install/map_msgs/lib:${LD_LIBRARY_PATH} PYTHONPATH=/home/huuhoa/hospital_robot/install/nav2_msgs/local/lib/python3.10/dist-packages:/home/huuhoa/hospital_robot/install/nav2_common/local/lib/python3.10/dist-packages:/home/huuhoa/hospital_robot/install/map_msgs/local/lib/python3.10/dist-packages:${PYTHONPATH} /usr/bin/cmake --build /home/huuhoa/hospital_robot/build/costmap_queue -- -j2 -l2
[0.807s] Invoking command in '/home/huuhoa/hospital_robot/build/costmap_queue': AMENT_PREFIX_PATH=/home/huuhoa/hospital_robot/install/nav2_costmap_2d:/home/huuhoa/hospital_robot/install/nav2_map_server:/home/huuhoa/hospital_robot/install/nav2_lifecycle_manager:/home/huuhoa/hospital_robot/install/nav2_util:/home/huuhoa/hospital_robot/install/nav2_voxel_grid:/home/huuhoa/hospital_robot/install/nav2_msgs:/home/huuhoa/hospital_robot/install/nav2_common:/home/huuhoa/hospital_robot/install/map_msgs:${AMENT_PREFIX_PATH} CMAKE_PREFIX_PATH=/home/huuhoa/hospital_robot/install/nav2_costmap_2d:/home/huuhoa/hospital_robot/install/nav2_map_server:/home/huuhoa/hospital_robot/install/nav2_lifecycle_manager:/home/huuhoa/hospital_robot/install/nav2_util:/home/huuhoa/hospital_robot/install/nav2_voxel_grid:/home/huuhoa/hospital_robot/install/nav2_msgs:/home/huuhoa/hospital_robot/install/nav2_common:/home/huuhoa/hospital_robot/install/map_msgs:/opt/ros/humble LD_LIBRARY_PATH=/home/huuhoa/hospital_robot/install/nav2_costmap_2d/lib:/home/huuhoa/hospital_robot/install/nav2_map_server/lib:/home/huuhoa/hospital_robot/install/nav2_lifecycle_manager/lib:/home/huuhoa/hospital_robot/install/nav2_util/lib:/home/huuhoa/hospital_robot/install/nav2_voxel_grid/lib:/home/huuhoa/hospital_robot/install/nav2_msgs/lib:/home/huuhoa/hospital_robot/install/map_msgs/lib:${LD_LIBRARY_PATH} PYTHONPATH=/home/huuhoa/hospital_robot/install/nav2_msgs/local/lib/python3.10/dist-packages:/home/huuhoa/hospital_robot/install/nav2_common/local/lib/python3.10/dist-packages:/home/huuhoa/hospital_robot/install/map_msgs/local/lib/python3.10/dist-packages:${PYTHONPATH} /usr/bin/cmake --install /home/huuhoa/hospital_robot/build/costmap_queue
[0.818s] -- Install configuration: "Release"
[0.821s] -- Execute custom install script
[0.830s] -- Up-to-date symlink: /home/huuhoa/hospital_robot/install/costmap_queue/lib/libcostmap_queue.so
[0.836s] -- Up-to-date symlink: /home/huuhoa/hospital_robot/install/costmap_queue/include//costmap_queue/costmap_queue.hpp
[0.839s] -- Up-to-date symlink: /home/huuhoa/hospital_robot/install/costmap_queue/include//costmap_queue/limited_costmap_queue.hpp
[0.840s] -- Up-to-date symlink: /home/huuhoa/hospital_robot/install/costmap_queue/include//costmap_queue/map_based_queue.hpp
[0.846s] -- Up-to-date symlink: /home/huuhoa/hospital_robot/install/costmap_queue/share/costmap_queue/environment/library_path.sh
[0.849s] -- Up-to-date symlink: /home/huuhoa/hospital_robot/install/costmap_queue/share/costmap_queue/environment/library_path.dsv
[0.856s] -- Up-to-date symlink: /home/huuhoa/hospital_robot/install/costmap_queue/share/ament_index/resource_index/package_run_dependencies/costmap_queue
[0.858s] -- Up-to-date symlink: /home/huuhoa/hospital_robot/install/costmap_queue/share/ament_index/resource_index/parent_prefix_path/costmap_queue
[0.858s] -- Up-to-date symlink: /home/huuhoa/hospital_robot/install/costmap_queue/share/costmap_queue/environment/ament_prefix_path.sh
[0.861s] -- Up-to-date symlink: /home/huuhoa/hospital_robot/install/costmap_queue/share/costmap_queue/environment/ament_prefix_path.dsv
[0.862s] -- Up-to-date symlink: /home/huuhoa/hospital_robot/install/costmap_queue/share/costmap_queue/environment/path.sh
[0.863s] -- Up-to-date symlink: /home/huuhoa/hospital_robot/install/costmap_queue/share/costmap_queue/environment/path.dsv
[0.865s] -- Up-to-date symlink: /home/huuhoa/hospital_robot/install/costmap_queue/share/costmap_queue/local_setup.bash
[0.874s] -- Up-to-date symlink: /home/huuhoa/hospital_robot/install/costmap_queue/share/costmap_queue/local_setup.sh
[0.874s] -- Up-to-date symlink: /home/huuhoa/hospital_robot/install/costmap_queue/share/costmap_queue/local_setup.zsh
[0.877s] -- Up-to-date symlink: /home/huuhoa/hospital_robot/install/costmap_queue/share/costmap_queue/local_setup.dsv
[0.877s] -- Symlinking: /home/huuhoa/hospital_robot/install/costmap_queue/share/costmap_queue/package.dsv
[0.908s] -- Up-to-date symlink: /home/huuhoa/hospital_robot/install/costmap_queue/share/ament_index/resource_index/packages/costmap_queue
[0.911s] -- Up-to-date symlink: /home/huuhoa/hospital_robot/install/costmap_queue/share/costmap_queue/cmake/ament_cmake_export_include_directories-extras.cmake
[0.912s] -- Up-to-date symlink: /home/huuhoa/hospital_robot/install/costmap_queue/share/costmap_queue/cmake/ament_cmake_export_libraries-extras.cmake
[0.922s] -- Up-to-date symlink: /home/huuhoa/hospital_robot/install/costmap_queue/share/costmap_queue/cmake/costmap_queueConfig.cmake
[0.926s] -- Up-to-date symlink: /home/huuhoa/hospital_robot/install/costmap_queue/share/costmap_queue/cmake/costmap_queueConfig-version.cmake
[0.926s] -- Up-to-date symlink: /home/huuhoa/hospital_robot/install/costmap_queue/share/costmap_queue/package.xml
[0.939s] Invoked command in '/home/huuhoa/hospital_robot/build/costmap_queue' returned '0': AMENT_PREFIX_PATH=/home/huuhoa/hospital_robot/install/nav2_costmap_2d:/home/huuhoa/hospital_robot/install/nav2_map_server:/home/huuhoa/hospital_robot/install/nav2_lifecycle_manager:/home/huuhoa/hospital_robot/install/nav2_util:/home/huuhoa/hospital_robot/install/nav2_voxel_grid:/home/huuhoa/hospital_robot/install/nav2_msgs:/home/huuhoa/hospital_robot/install/nav2_common:/home/huuhoa/hospital_robot/install/map_msgs:${AMENT_PREFIX_PATH} CMAKE_PREFIX_PATH=/home/huuhoa/hospital_robot/install/nav2_costmap_2d:/home/huuhoa/hospital_robot/install/nav2_map_server:/home/huuhoa/hospital_robot/install/nav2_lifecycle_manager:/home/huuhoa/hospital_robot/install/nav2_util:/home/huuhoa/hospital_robot/install/nav2_voxel_grid:/home/huuhoa/hospital_robot/install/nav2_msgs:/home/huuhoa/hospital_robot/install/nav2_common:/home/huuhoa/hospital_robot/install/map_msgs:/opt/ros/humble LD_LIBRARY_PATH=/home/huuhoa/hospital_robot/install/nav2_costmap_2d/lib:/home/huuhoa/hospital_robot/install/nav2_map_server/lib:/home/huuhoa/hospital_robot/install/nav2_lifecycle_manager/lib:/home/huuhoa/hospital_robot/install/nav2_util/lib:/home/huuhoa/hospital_robot/install/nav2_voxel_grid/lib:/home/huuhoa/hospital_robot/install/nav2_msgs/lib:/home/huuhoa/hospital_robot/install/map_msgs/lib:${LD_LIBRARY_PATH} PYTHONPATH=/home/huuhoa/hospital_robot/install/nav2_msgs/local/lib/python3.10/dist-packages:/home/huuhoa/hospital_robot/install/nav2_common/local/lib/python3.10/dist-packages:/home/huuhoa/hospital_robot/install/map_msgs/local/lib/python3.10/dist-packages:${PYTHONPATH} /usr/bin/cmake --install /home/huuhoa/hospital_robot/build/costmap_queue
