[0.090s] Invoking command in '/home/huuhoa/hospital_robot/build/dwb_critics': AMENT_PREFIX_PATH=/home/huuhoa/hospital_robot/install/dwb_core:/home/huuhoa/hospital_robot/install/nav2_core:/home/huuhoa/hospital_robot/install/costmap_queue:/home/huuhoa/hospital_robot/install/nav2_costmap_2d:${AMENT_PREFIX_PATH} CMAKE_PREFIX_PATH=/home/huuhoa/hospital_robot/install/dwb_core:/home/huuhoa/hospital_robot/install/nav2_core:/home/huuhoa/hospital_robot/install/costmap_queue:/home/huuhoa/hospital_robot/install/nav2_costmap_2d:/home/huuhoa/hospital_robot/install/nav_2d_utils:/home/huuhoa/hospital_robot/install/nav2_map_server:/home/huuhoa/hospital_robot/install/nav2_lifecycle_manager:/home/huuhoa/hospital_robot/install/nav2_util:/home/huuhoa/hospital_robot/install/nav2_voxel_grid:/home/huuhoa/hospital_robot/install/nav2_msgs:/home/huuhoa/hospital_robot/install/dwb_msgs:/home/huuhoa/hospital_robot/install/nav_2d_msgs:/home/huuhoa/hospital_robot/install/nav2_common:/home/huuhoa/hospital_robot/install/map_msgs:/home/huuhoa/hospital_robot/install/hospital_package:/home/huuhoa/hospital_robot/install/nav2_simple_commander:/opt/ros/humble LD_LIBRARY_PATH=/home/huuhoa/hospital_robot/install/dwb_core/lib:/home/huuhoa/hospital_robot/install/costmap_queue/lib:/home/huuhoa/hospital_robot/install/nav2_costmap_2d/lib:/home/huuhoa/hospital_robot/install/nav_2d_utils/lib:/home/huuhoa/hospital_robot/install/nav2_map_server/lib:/home/huuhoa/hospital_robot/install/nav2_lifecycle_manager/lib:/home/huuhoa/hospital_robot/install/nav2_util/lib:/home/huuhoa/hospital_robot/install/nav2_voxel_grid/lib:/home/huuhoa/hospital_robot/install/nav2_msgs/lib:/home/huuhoa/hospital_robot/install/dwb_msgs/lib:/home/huuhoa/hospital_robot/install/nav_2d_msgs/lib:/home/huuhoa/hospital_robot/install/map_msgs/lib:/opt/ros/humble/lib/x86_64-linux-gnu:/opt/ros/humble/lib /usr/bin/cmake /home/huuhoa/hospital_robot/src/nav2_package/navigation2/nav2_dwb_controller/dwb_critics -DAMENT_CMAKE_SYMLINK_INSTALL=1 -DCMAKE_INSTALL_PREFIX=/home/huuhoa/hospital_robot/install/dwb_critics
[0.212s] -- The C compiler identification is GNU 11.4.0
[0.323s] -- The CXX compiler identification is GNU 11.4.0
[0.335s] -- Detecting C compiler ABI info
[0.462s] -- Detecting C compiler ABI info - done
[0.473s] -- Check for working C compiler: /usr/bin/cc - skipped
[0.473s] -- Detecting C compile features
[0.474s] -- Detecting C compile features - done
[0.478s] -- Detecting CXX compiler ABI info
[0.620s] -- Detecting CXX compiler ABI info - done
[0.653s] -- Check for working CXX compiler: /usr/bin/c++ - skipped
[0.653s] -- Detecting CXX compile features
[0.654s] -- Detecting CXX compile features - done
[0.654s] -- Found ament_cmake: 1.3.11 (/opt/ros/humble/share/ament_cmake/cmake)
[0.851s] -- Found Python3: /usr/bin/python3 (found version "3.10.12") found components: Interpreter 
[0.946s] -- Override CMake install command with custom implementation using symlinks instead of copying resources
[3.078s] -- Found nav2_common: 1.1.18 (/home/huuhoa/hospital_robot/install/nav2_common/share/nav2_common/cmake)
[3.081s] -- Found angles: 1.15.0 (/opt/ros/humble/share/angles/cmake)
[3.087s] -- Found nav2_costmap_2d: 1.1.18 (/home/huuhoa/hospital_robot/install/nav2_costmap_2d/share/nav2_costmap_2d/cmake)
[3.155s] -- Found rosidl_generator_c: 3.1.6 (/opt/ros/humble/share/rosidl_generator_c/cmake)
[3.165s] -- Found rosidl_adapter: 3.1.6 (/opt/ros/humble/share/rosidl_adapter/cmake)
[3.178s] -- Found rosidl_generator_cpp: 3.1.6 (/opt/ros/humble/share/rosidl_generator_cpp/cmake)
[3.202s] -- Using all available rosidl_typesupport_c: rosidl_typesupport_fastrtps_c;rosidl_typesupport_introspection_c
[3.233s] -- Using all available rosidl_typesupport_cpp: rosidl_typesupport_fastrtps_cpp;rosidl_typesupport_introspection_cpp
[3.392s] -- Found rmw_implementation_cmake: 6.1.2 (/opt/ros/humble/share/rmw_implementation_cmake/cmake)
[3.396s] -- Found rmw_cyclonedds_cpp: 1.3.4 (/opt/ros/humble/share/rmw_cyclonedds_cpp/cmake)
[3.442s] -- Using RMW implementation 'rmw_cyclonedds_cpp' as default
[3.457s] -- Looking for pthread.h
[3.979s] -- Looking for pthread.h - found
[3.987s] -- Performing Test CMAKE_HAVE_LIBC_PTHREAD
[4.117s] -- Performing Test CMAKE_HAVE_LIBC_PTHREAD - Success
[4.119s] -- Found Threads: TRUE  
[4.457s] -- Found Eigen3: TRUE (found version "3.4.0") 
[4.458s] -- Ensuring Eigen3 include directory is part of orocos-kdl CMake target
[4.684s] -- Found costmap_queue: 1.1.18 (/home/huuhoa/hospital_robot/install/costmap_queue/share/costmap_queue/cmake)
[4.692s] -- Found dwb_core: 1.1.18 (/home/huuhoa/hospital_robot/install/dwb_core/share/dwb_core/cmake)
[4.835s] -- Setting build type to Release as none was specified.
[5.397s] -- Found ament_lint_auto: 0.12.11 (/opt/ros/humble/share/ament_lint_auto/cmake)
[5.539s] -- Found gtest sources under '/opt/ros/humble/src/gtest_vendor': C++ tests using 'Google Test' will be built
[5.574s] -- Added test 'cppcheck' to perform static code analysis on C / C++ code
[5.575s] -- Configured cppcheck include dirs: /home/huuhoa/hospital_robot/src/nav2_package/navigation2/nav2_dwb_controller/dwb_critics/include
[5.575s] -- Configured cppcheck exclude dirs and/or files: 
[5.578s] -- Added test 'cpplint' to check C / C++ code against the Google style
[5.580s] -- Configured cpplint exclude dirs and/or files: 
[5.580s] -- Added test 'lint_cmake' to check CMake code style
[5.583s] -- Added test 'uncrustify' to check C / C++ code style
[5.584s] -- Configured uncrustify additional arguments: 
[5.585s] -- Added test 'xmllint' to check XML markup files
[5.591s] -- Configuring done
[5.901s] -- Generating done
[5.952s] -- Build files have been written to: /home/huuhoa/hospital_robot/build/dwb_critics
[5.975s] Invoked command in '/home/huuhoa/hospital_robot/build/dwb_critics' returned '0': AMENT_PREFIX_PATH=/home/huuhoa/hospital_robot/install/dwb_core:/home/huuhoa/hospital_robot/install/nav2_core:/home/huuhoa/hospital_robot/install/costmap_queue:/home/huuhoa/hospital_robot/install/nav2_costmap_2d:${AMENT_PREFIX_PATH} CMAKE_PREFIX_PATH=/home/huuhoa/hospital_robot/install/dwb_core:/home/huuhoa/hospital_robot/install/nav2_core:/home/huuhoa/hospital_robot/install/costmap_queue:/home/huuhoa/hospital_robot/install/nav2_costmap_2d:/home/huuhoa/hospital_robot/install/nav_2d_utils:/home/huuhoa/hospital_robot/install/nav2_map_server:/home/huuhoa/hospital_robot/install/nav2_lifecycle_manager:/home/huuhoa/hospital_robot/install/nav2_util:/home/huuhoa/hospital_robot/install/nav2_voxel_grid:/home/huuhoa/hospital_robot/install/nav2_msgs:/home/huuhoa/hospital_robot/install/dwb_msgs:/home/huuhoa/hospital_robot/install/nav_2d_msgs:/home/huuhoa/hospital_robot/install/nav2_common:/home/huuhoa/hospital_robot/install/map_msgs:/home/huuhoa/hospital_robot/install/hospital_package:/home/huuhoa/hospital_robot/install/nav2_simple_commander:/opt/ros/humble LD_LIBRARY_PATH=/home/huuhoa/hospital_robot/install/dwb_core/lib:/home/huuhoa/hospital_robot/install/costmap_queue/lib:/home/huuhoa/hospital_robot/install/nav2_costmap_2d/lib:/home/huuhoa/hospital_robot/install/nav_2d_utils/lib:/home/huuhoa/hospital_robot/install/nav2_map_server/lib:/home/huuhoa/hospital_robot/install/nav2_lifecycle_manager/lib:/home/huuhoa/hospital_robot/install/nav2_util/lib:/home/huuhoa/hospital_robot/install/nav2_voxel_grid/lib:/home/huuhoa/hospital_robot/install/nav2_msgs/lib:/home/huuhoa/hospital_robot/install/dwb_msgs/lib:/home/huuhoa/hospital_robot/install/nav_2d_msgs/lib:/home/huuhoa/hospital_robot/install/map_msgs/lib:/opt/ros/humble/lib/x86_64-linux-gnu:/opt/ros/humble/lib /usr/bin/cmake /home/huuhoa/hospital_robot/src/nav2_package/navigation2/nav2_dwb_controller/dwb_critics -DAMENT_CMAKE_SYMLINK_INSTALL=1 -DCMAKE_INSTALL_PREFIX=/home/huuhoa/hospital_robot/install/dwb_critics
[5.976s] Invoking command in '/home/huuhoa/hospital_robot/build/dwb_critics': AMENT_PREFIX_PATH=/home/huuhoa/hospital_robot/install/dwb_core:/home/huuhoa/hospital_robot/install/nav2_core:/home/huuhoa/hospital_robot/install/costmap_queue:/home/huuhoa/hospital_robot/install/nav2_costmap_2d:${AMENT_PREFIX_PATH} CMAKE_PREFIX_PATH=/home/huuhoa/hospital_robot/install/dwb_core:/home/huuhoa/hospital_robot/install/nav2_core:/home/huuhoa/hospital_robot/install/costmap_queue:/home/huuhoa/hospital_robot/install/nav2_costmap_2d:/home/huuhoa/hospital_robot/install/nav_2d_utils:/home/huuhoa/hospital_robot/install/nav2_map_server:/home/huuhoa/hospital_robot/install/nav2_lifecycle_manager:/home/huuhoa/hospital_robot/install/nav2_util:/home/huuhoa/hospital_robot/install/nav2_voxel_grid:/home/huuhoa/hospital_robot/install/nav2_msgs:/home/huuhoa/hospital_robot/install/dwb_msgs:/home/huuhoa/hospital_robot/install/nav_2d_msgs:/home/huuhoa/hospital_robot/install/nav2_common:/home/huuhoa/hospital_robot/install/map_msgs:/home/huuhoa/hospital_robot/install/hospital_package:/home/huuhoa/hospital_robot/install/nav2_simple_commander:/opt/ros/humble LD_LIBRARY_PATH=/home/huuhoa/hospital_robot/install/dwb_core/lib:/home/huuhoa/hospital_robot/install/costmap_queue/lib:/home/huuhoa/hospital_robot/install/nav2_costmap_2d/lib:/home/huuhoa/hospital_robot/install/nav_2d_utils/lib:/home/huuhoa/hospital_robot/install/nav2_map_server/lib:/home/huuhoa/hospital_robot/install/nav2_lifecycle_manager/lib:/home/huuhoa/hospital_robot/install/nav2_util/lib:/home/huuhoa/hospital_robot/install/nav2_voxel_grid/lib:/home/huuhoa/hospital_robot/install/nav2_msgs/lib:/home/huuhoa/hospital_robot/install/dwb_msgs/lib:/home/huuhoa/hospital_robot/install/nav_2d_msgs/lib:/home/huuhoa/hospital_robot/install/map_msgs/lib:/opt/ros/humble/lib/x86_64-linux-gnu:/opt/ros/humble/lib /usr/bin/cmake --build /home/huuhoa/hospital_robot/build/dwb_critics -- -j2 -l2
[6.112s] [  3%] [32mBuilding CXX object CMakeFiles/dwb_critics.dir/src/alignment_util.cpp.o[0m
[6.996s] [  7%] [32mBuilding CXX object CMakeFiles/dwb_critics.dir/src/map_grid.cpp.o[0m
[13.650s] [ 11%] [32mBuilding CXX object CMakeFiles/dwb_critics.dir/src/goal_dist.cpp.o[0m
[20.028s] [ 14%] [32mBuilding CXX object CMakeFiles/dwb_critics.dir/src/path_dist.cpp.o[0m
[26.115s] [ 18%] [32mBuilding CXX object CMakeFiles/dwb_critics.dir/src/goal_align.cpp.o[0m
[32.602s] [ 22%] [32mBuilding CXX object CMakeFiles/dwb_critics.dir/src/path_align.cpp.o[0m
[38.803s] [ 25%] [32mBuilding CXX object CMakeFiles/dwb_critics.dir/src/base_obstacle.cpp.o[0m
[45.546s] [ 29%] [32mBuilding CXX object CMakeFiles/dwb_critics.dir/src/obstacle_footprint.cpp.o[0m
[51.635s] [ 33%] [32mBuilding CXX object CMakeFiles/dwb_critics.dir/src/oscillation.cpp.o[0m
[57.976s] [ 37%] [32mBuilding CXX object CMakeFiles/dwb_critics.dir/src/prefer_forward.cpp.o[0m
[64.928s] [ 40%] [32mBuilding CXX object CMakeFiles/dwb_critics.dir/src/rotate_to_goal.cpp.o[0m
[71.454s] [ 44%] [32mBuilding CXX object CMakeFiles/dwb_critics.dir/src/twirling.cpp.o[0m
[77.658s] [ 48%] [32m[1mLinking CXX shared library libdwb_critics.so[0m
[78.128s] [ 48%] Built target dwb_critics
[78.170s] [ 51%] [32mBuilding CXX object gtest/CMakeFiles/gtest_main.dir/src/gtest_main.cc.o[0m
[79.326s] [ 55%] [32m[1mLinking CXX static library libgtest_main.a[0m
[79.451s] [ 55%] Built target gtest_main
[79.510s] [ 59%] [32mBuilding CXX object gtest/CMakeFiles/gtest.dir/src/gtest-all.cc.o[0m
[90.205s] [ 62%] [32m[1mLinking CXX static library libgtest.a[0m
[90.341s] [ 62%] Built target gtest
[90.401s] [ 66%] [32mBuilding CXX object test/CMakeFiles/prefer_forward_tests.dir/prefer_forward_test.cpp.o[0m
[98.860s] [ 70%] [32m[1mLinking CXX executable prefer_forward_tests[0m
[99.338s] [ 70%] Built target prefer_forward_tests
[99.396s] [ 74%] [32mBuilding CXX object test/CMakeFiles/base_obstacle_tests.dir/base_obstacle_test.cpp.o[0m
[107.354s] [ 77%] [32m[1mLinking CXX executable base_obstacle_tests[0m
[107.852s] [ 77%] Built target base_obstacle_tests
[108.050s] [ 81%] [32mBuilding CXX object test/CMakeFiles/obstacle_footprint_tests.dir/obstacle_footprint_test.cpp.o[0m
[117.019s] [ 85%] [32m[1mLinking CXX executable obstacle_footprint_tests[0m
[117.642s] [ 85%] Built target obstacle_footprint_tests
[117.790s] [ 88%] [32mBuilding CXX object test/CMakeFiles/alignment_util_tests.dir/alignment_util_test.cpp.o[0m
[122.411s] [ 92%] [32m[1mLinking CXX executable alignment_util_tests[0m
[122.824s] [ 92%] Built target alignment_util_tests
[122.887s] [ 96%] [32mBuilding CXX object test/CMakeFiles/twirling_tests.dir/twirling_test.cpp.o[0m
[131.725s] [100%] [32m[1mLinking CXX executable twirling_tests[0m
[132.215s] [100%] Built target twirling_tests
[132.240s] Invoked command in '/home/huuhoa/hospital_robot/build/dwb_critics' returned '0': AMENT_PREFIX_PATH=/home/huuhoa/hospital_robot/install/dwb_core:/home/huuhoa/hospital_robot/install/nav2_core:/home/huuhoa/hospital_robot/install/costmap_queue:/home/huuhoa/hospital_robot/install/nav2_costmap_2d:${AMENT_PREFIX_PATH} CMAKE_PREFIX_PATH=/home/huuhoa/hospital_robot/install/dwb_core:/home/huuhoa/hospital_robot/install/nav2_core:/home/huuhoa/hospital_robot/install/costmap_queue:/home/huuhoa/hospital_robot/install/nav2_costmap_2d:/home/huuhoa/hospital_robot/install/nav_2d_utils:/home/huuhoa/hospital_robot/install/nav2_map_server:/home/huuhoa/hospital_robot/install/nav2_lifecycle_manager:/home/huuhoa/hospital_robot/install/nav2_util:/home/huuhoa/hospital_robot/install/nav2_voxel_grid:/home/huuhoa/hospital_robot/install/nav2_msgs:/home/huuhoa/hospital_robot/install/dwb_msgs:/home/huuhoa/hospital_robot/install/nav_2d_msgs:/home/huuhoa/hospital_robot/install/nav2_common:/home/huuhoa/hospital_robot/install/map_msgs:/home/huuhoa/hospital_robot/install/hospital_package:/home/huuhoa/hospital_robot/install/nav2_simple_commander:/opt/ros/humble LD_LIBRARY_PATH=/home/huuhoa/hospital_robot/install/dwb_core/lib:/home/huuhoa/hospital_robot/install/costmap_queue/lib:/home/huuhoa/hospital_robot/install/nav2_costmap_2d/lib:/home/huuhoa/hospital_robot/install/nav_2d_utils/lib:/home/huuhoa/hospital_robot/install/nav2_map_server/lib:/home/huuhoa/hospital_robot/install/nav2_lifecycle_manager/lib:/home/huuhoa/hospital_robot/install/nav2_util/lib:/home/huuhoa/hospital_robot/install/nav2_voxel_grid/lib:/home/huuhoa/hospital_robot/install/nav2_msgs/lib:/home/huuhoa/hospital_robot/install/dwb_msgs/lib:/home/huuhoa/hospital_robot/install/nav_2d_msgs/lib:/home/huuhoa/hospital_robot/install/map_msgs/lib:/opt/ros/humble/lib/x86_64-linux-gnu:/opt/ros/humble/lib /usr/bin/cmake --build /home/huuhoa/hospital_robot/build/dwb_critics -- -j2 -l2
[132.254s] Invoking command in '/home/huuhoa/hospital_robot/build/dwb_critics': AMENT_PREFIX_PATH=/home/huuhoa/hospital_robot/install/dwb_core:/home/huuhoa/hospital_robot/install/nav2_core:/home/huuhoa/hospital_robot/install/costmap_queue:/home/huuhoa/hospital_robot/install/nav2_costmap_2d:${AMENT_PREFIX_PATH} CMAKE_PREFIX_PATH=/home/huuhoa/hospital_robot/install/dwb_core:/home/huuhoa/hospital_robot/install/nav2_core:/home/huuhoa/hospital_robot/install/costmap_queue:/home/huuhoa/hospital_robot/install/nav2_costmap_2d:/home/huuhoa/hospital_robot/install/nav_2d_utils:/home/huuhoa/hospital_robot/install/nav2_map_server:/home/huuhoa/hospital_robot/install/nav2_lifecycle_manager:/home/huuhoa/hospital_robot/install/nav2_util:/home/huuhoa/hospital_robot/install/nav2_voxel_grid:/home/huuhoa/hospital_robot/install/nav2_msgs:/home/huuhoa/hospital_robot/install/dwb_msgs:/home/huuhoa/hospital_robot/install/nav_2d_msgs:/home/huuhoa/hospital_robot/install/nav2_common:/home/huuhoa/hospital_robot/install/map_msgs:/home/huuhoa/hospital_robot/install/hospital_package:/home/huuhoa/hospital_robot/install/nav2_simple_commander:/opt/ros/humble LD_LIBRARY_PATH=/home/huuhoa/hospital_robot/install/dwb_core/lib:/home/huuhoa/hospital_robot/install/costmap_queue/lib:/home/huuhoa/hospital_robot/install/nav2_costmap_2d/lib:/home/huuhoa/hospital_robot/install/nav_2d_utils/lib:/home/huuhoa/hospital_robot/install/nav2_map_server/lib:/home/huuhoa/hospital_robot/install/nav2_lifecycle_manager/lib:/home/huuhoa/hospital_robot/install/nav2_util/lib:/home/huuhoa/hospital_robot/install/nav2_voxel_grid/lib:/home/huuhoa/hospital_robot/install/nav2_msgs/lib:/home/huuhoa/hospital_robot/install/dwb_msgs/lib:/home/huuhoa/hospital_robot/install/nav_2d_msgs/lib:/home/huuhoa/hospital_robot/install/map_msgs/lib:/opt/ros/humble/lib/x86_64-linux-gnu:/opt/ros/humble/lib /usr/bin/cmake --install /home/huuhoa/hospital_robot/build/dwb_critics
[132.256s] -- Install configuration: "Release"
[132.257s] -- Execute custom install script
[132.257s] -- Symlinking: /home/huuhoa/hospital_robot/install/dwb_critics/lib/libdwb_critics.so
[132.273s] -- Symlinking: /home/huuhoa/hospital_robot/install/dwb_critics/include//dwb_critics/alignment_util.hpp
[132.287s] -- Symlinking: /home/huuhoa/hospital_robot/install/dwb_critics/include//dwb_critics/base_obstacle.hpp
[132.302s] -- Symlinking: /home/huuhoa/hospital_robot/install/dwb_critics/include//dwb_critics/goal_align.hpp
[132.716s] -- Symlinking: /home/huuhoa/hospital_robot/install/dwb_critics/include//dwb_critics/goal_dist.hpp
[132.720s] -- Symlinking: /home/huuhoa/hospital_robot/install/dwb_critics/include//dwb_critics/line_iterator.hpp
[132.720s] -- Symlinking: /home/huuhoa/hospital_robot/install/dwb_critics/include//dwb_critics/map_grid.hpp
[132.720s] -- Symlinking: /home/huuhoa/hospital_robot/install/dwb_critics/include//dwb_critics/obstacle_footprint.hpp
[132.720s] -- Symlinking: /home/huuhoa/hospital_robot/install/dwb_critics/include//dwb_critics/oscillation.hpp
[132.720s] -- Symlinking: /home/huuhoa/hospital_robot/install/dwb_critics/include//dwb_critics/path_align.hpp
[132.720s] -- Symlinking: /home/huuhoa/hospital_robot/install/dwb_critics/include//dwb_critics/path_dist.hpp
[132.720s] -- Symlinking: /home/huuhoa/hospital_robot/install/dwb_critics/include//dwb_critics/prefer_forward.hpp
[132.720s] -- Symlinking: /home/huuhoa/hospital_robot/install/dwb_critics/include//dwb_critics/rotate_to_goal.hpp
[132.720s] -- Symlinking: /home/huuhoa/hospital_robot/install/dwb_critics/include//dwb_critics/twirling.hpp
[132.720s] -- Symlinking: /home/huuhoa/hospital_robot/install/dwb_critics/share/dwb_critics/default_critics.xml
[132.720s] -- Symlinking: /home/huuhoa/hospital_robot/install/dwb_critics/share/dwb_critics/environment/library_path.sh
[132.720s] -- Symlinking: /home/huuhoa/hospital_robot/install/dwb_critics/share/dwb_critics/environment/library_path.dsv
[132.720s] -- Up-to-date symlink: /home/huuhoa/hospital_robot/install/dwb_critics/share/dwb_critics//default_critics.xml
[132.721s] -- Symlinking: /home/huuhoa/hospital_robot/install/dwb_critics/share/ament_index/resource_index/package_run_dependencies/dwb_critics
[132.721s] -- Symlinking: /home/huuhoa/hospital_robot/install/dwb_critics/share/ament_index/resource_index/parent_prefix_path/dwb_critics
[132.721s] -- Symlinking: /home/huuhoa/hospital_robot/install/dwb_critics/share/dwb_critics/environment/ament_prefix_path.sh
[132.721s] -- Symlinking: /home/huuhoa/hospital_robot/install/dwb_critics/share/dwb_critics/environment/ament_prefix_path.dsv
[132.721s] -- Symlinking: /home/huuhoa/hospital_robot/install/dwb_critics/share/dwb_critics/environment/path.sh
[132.721s] -- Symlinking: /home/huuhoa/hospital_robot/install/dwb_critics/share/dwb_critics/environment/path.dsv
[132.721s] -- Symlinking: /home/huuhoa/hospital_robot/install/dwb_critics/share/dwb_critics/local_setup.bash
[132.721s] -- Symlinking: /home/huuhoa/hospital_robot/install/dwb_critics/share/dwb_critics/local_setup.sh
[132.721s] -- Symlinking: /home/huuhoa/hospital_robot/install/dwb_critics/share/dwb_critics/local_setup.zsh
[132.721s] -- Symlinking: /home/huuhoa/hospital_robot/install/dwb_critics/share/dwb_critics/local_setup.dsv
[132.721s] -- Symlinking: /home/huuhoa/hospital_robot/install/dwb_critics/share/dwb_critics/package.dsv
[132.721s] -- Symlinking: /home/huuhoa/hospital_robot/install/dwb_critics/share/ament_index/resource_index/packages/dwb_critics
[132.721s] -- Symlinking: /home/huuhoa/hospital_robot/install/dwb_critics/share/ament_index/resource_index/dwb_core__pluginlib__plugin/dwb_critics
[132.721s] -- Symlinking: /home/huuhoa/hospital_robot/install/dwb_critics/share/dwb_critics/cmake/ament_cmake_export_include_directories-extras.cmake
[132.721s] -- Symlinking: /home/huuhoa/hospital_robot/install/dwb_critics/share/dwb_critics/cmake/ament_cmake_export_libraries-extras.cmake
[132.732s] -- Symlinking: /home/huuhoa/hospital_robot/install/dwb_critics/share/dwb_critics/cmake/ament_cmake_export_dependencies-extras.cmake
[132.761s] -- Symlinking: /home/huuhoa/hospital_robot/install/dwb_critics/share/dwb_critics/cmake/dwb_criticsConfig.cmake
[132.787s] -- Symlinking: /home/huuhoa/hospital_robot/install/dwb_critics/share/dwb_critics/cmake/dwb_criticsConfig-version.cmake
[132.802s] -- Symlinking: /home/huuhoa/hospital_robot/install/dwb_critics/share/dwb_critics/package.xml
[132.831s] Invoked command in '/home/huuhoa/hospital_robot/build/dwb_critics' returned '0': AMENT_PREFIX_PATH=/home/huuhoa/hospital_robot/install/dwb_core:/home/huuhoa/hospital_robot/install/nav2_core:/home/huuhoa/hospital_robot/install/costmap_queue:/home/huuhoa/hospital_robot/install/nav2_costmap_2d:${AMENT_PREFIX_PATH} CMAKE_PREFIX_PATH=/home/huuhoa/hospital_robot/install/dwb_core:/home/huuhoa/hospital_robot/install/nav2_core:/home/huuhoa/hospital_robot/install/costmap_queue:/home/huuhoa/hospital_robot/install/nav2_costmap_2d:/home/huuhoa/hospital_robot/install/nav_2d_utils:/home/huuhoa/hospital_robot/install/nav2_map_server:/home/huuhoa/hospital_robot/install/nav2_lifecycle_manager:/home/huuhoa/hospital_robot/install/nav2_util:/home/huuhoa/hospital_robot/install/nav2_voxel_grid:/home/huuhoa/hospital_robot/install/nav2_msgs:/home/huuhoa/hospital_robot/install/dwb_msgs:/home/huuhoa/hospital_robot/install/nav_2d_msgs:/home/huuhoa/hospital_robot/install/nav2_common:/home/huuhoa/hospital_robot/install/map_msgs:/home/huuhoa/hospital_robot/install/hospital_package:/home/huuhoa/hospital_robot/install/nav2_simple_commander:/opt/ros/humble LD_LIBRARY_PATH=/home/huuhoa/hospital_robot/install/dwb_core/lib:/home/huuhoa/hospital_robot/install/costmap_queue/lib:/home/huuhoa/hospital_robot/install/nav2_costmap_2d/lib:/home/huuhoa/hospital_robot/install/nav_2d_utils/lib:/home/huuhoa/hospital_robot/install/nav2_map_server/lib:/home/huuhoa/hospital_robot/install/nav2_lifecycle_manager/lib:/home/huuhoa/hospital_robot/install/nav2_util/lib:/home/huuhoa/hospital_robot/install/nav2_voxel_grid/lib:/home/huuhoa/hospital_robot/install/nav2_msgs/lib:/home/huuhoa/hospital_robot/install/dwb_msgs/lib:/home/huuhoa/hospital_robot/install/nav_2d_msgs/lib:/home/huuhoa/hospital_robot/install/map_msgs/lib:/opt/ros/humble/lib/x86_64-linux-gnu:/opt/ros/humble/lib /usr/bin/cmake --install /home/huuhoa/hospital_robot/build/dwb_critics
