[0.025s] Invoking command in '/home/huuhoa/hospital_robot/build/nav2_voxel_grid': AMENT_PREFIX_PATH=/home/huuhoa/hospital_robot/install/nav2_common:${AMENT_PREFIX_PATH} CMAKE_PREFIX_PATH=/home/huuhoa/hospital_robot/install/nav2_common:/opt/ros/humble PYTHONPATH=/home/huuhoa/hospital_robot/install/nav2_common/local/lib/python3.10/dist-packages:${PYTHONPATH} /usr/bin/cmake --build /home/huuhoa/hospital_robot/build/nav2_voxel_grid -- -j2 -l2
[0.307s] [ 20%] Built target gtest_main
[0.329s] [ 40%] Built target voxel_grid
[0.378s] [ 60%] Built target gtest
[0.453s] [ 80%] Built target voxel_grid_tests
[0.453s] [100%] Built target voxel_grid_bresenham_3d
[0.468s] Invoked command in '/home/huuhoa/hospital_robot/build/nav2_voxel_grid' returned '0': AMENT_PREFIX_PATH=/home/huuhoa/hospital_robot/install/nav2_common:${AMENT_PREFIX_PATH} CMAKE_PREFIX_PATH=/home/huuhoa/hospital_robot/install/nav2_common:/opt/ros/humble PYTHONPATH=/home/huuhoa/hospital_robot/install/nav2_common/local/lib/python3.10/dist-packages:${PYTHONPATH} /usr/bin/cmake --build /home/huuhoa/hospital_robot/build/nav2_voxel_grid -- -j2 -l2
[0.476s] Invoking command in '/home/huuhoa/hospital_robot/build/nav2_voxel_grid': AMENT_PREFIX_PATH=/home/huuhoa/hospital_robot/install/nav2_common:${AMENT_PREFIX_PATH} CMAKE_PREFIX_PATH=/home/huuhoa/hospital_robot/install/nav2_common:/opt/ros/humble PYTHONPATH=/home/huuhoa/hospital_robot/install/nav2_common/local/lib/python3.10/dist-packages:${PYTHONPATH} /usr/bin/cmake --install /home/huuhoa/hospital_robot/build/nav2_voxel_grid
[0.501s] -- Install configuration: "Release"
[0.505s] -- Execute custom install script
[0.509s] -- Up-to-date symlink: /home/huuhoa/hospital_robot/install/nav2_voxel_grid/lib/libvoxel_grid.so
[0.510s] -- Up-to-date symlink: /home/huuhoa/hospital_robot/install/nav2_voxel_grid/include/nav2_voxel_grid/voxel_grid.hpp
[0.515s] -- Up-to-date symlink: /home/huuhoa/hospital_robot/install/nav2_voxel_grid/share/nav2_voxel_grid/environment/library_path.sh
[0.517s] -- Up-to-date symlink: /home/huuhoa/hospital_robot/install/nav2_voxel_grid/share/nav2_voxel_grid/environment/library_path.dsv
[0.520s] -- Up-to-date symlink: /home/huuhoa/hospital_robot/install/nav2_voxel_grid/share/ament_index/resource_index/package_run_dependencies/nav2_voxel_grid
[0.523s] -- Up-to-date symlink: /home/huuhoa/hospital_robot/install/nav2_voxel_grid/share/ament_index/resource_index/parent_prefix_path/nav2_voxel_grid
[0.524s] -- Up-to-date symlink: /home/huuhoa/hospital_robot/install/nav2_voxel_grid/share/nav2_voxel_grid/environment/ament_prefix_path.sh
[0.525s] -- Up-to-date symlink: /home/huuhoa/hospital_robot/install/nav2_voxel_grid/share/nav2_voxel_grid/environment/ament_prefix_path.dsv
[0.526s] -- Up-to-date symlink: /home/huuhoa/hospital_robot/install/nav2_voxel_grid/share/nav2_voxel_grid/environment/path.sh
[0.527s] -- Up-to-date symlink: /home/huuhoa/hospital_robot/install/nav2_voxel_grid/share/nav2_voxel_grid/environment/path.dsv
[0.528s] -- Up-to-date symlink: /home/huuhoa/hospital_robot/install/nav2_voxel_grid/share/nav2_voxel_grid/local_setup.bash
[0.529s] -- Up-to-date symlink: /home/huuhoa/hospital_robot/install/nav2_voxel_grid/share/nav2_voxel_grid/local_setup.sh
[0.530s] -- Up-to-date symlink: /home/huuhoa/hospital_robot/install/nav2_voxel_grid/share/nav2_voxel_grid/local_setup.zsh
[0.531s] -- Up-to-date symlink: /home/huuhoa/hospital_robot/install/nav2_voxel_grid/share/nav2_voxel_grid/local_setup.dsv
[0.532s] -- Symlinking: /home/huuhoa/hospital_robot/install/nav2_voxel_grid/share/nav2_voxel_grid/package.dsv
[0.543s] -- Up-to-date symlink: /home/huuhoa/hospital_robot/install/nav2_voxel_grid/share/ament_index/resource_index/packages/nav2_voxel_grid
[0.546s] -- Up-to-date symlink: /home/huuhoa/hospital_robot/install/nav2_voxel_grid/share/nav2_voxel_grid/cmake/ament_cmake_export_dependencies-extras.cmake
[0.546s] -- Up-to-date symlink: /home/huuhoa/hospital_robot/install/nav2_voxel_grid/share/nav2_voxel_grid/cmake/ament_cmake_export_include_directories-extras.cmake
[0.549s] -- Up-to-date symlink: /home/huuhoa/hospital_robot/install/nav2_voxel_grid/share/nav2_voxel_grid/cmake/ament_cmake_export_libraries-extras.cmake
[0.549s] -- Up-to-date symlink: /home/huuhoa/hospital_robot/install/nav2_voxel_grid/share/nav2_voxel_grid/cmake/nav2_voxel_gridConfig.cmake
[0.550s] -- Up-to-date symlink: /home/huuhoa/hospital_robot/install/nav2_voxel_grid/share/nav2_voxel_grid/cmake/nav2_voxel_gridConfig-version.cmake
[0.550s] -- Up-to-date symlink: /home/huuhoa/hospital_robot/install/nav2_voxel_grid/share/nav2_voxel_grid/package.xml
[0.556s] Invoked command in '/home/huuhoa/hospital_robot/build/nav2_voxel_grid' returned '0': AMENT_PREFIX_PATH=/home/huuhoa/hospital_robot/install/nav2_common:${AMENT_PREFIX_PATH} CMAKE_PREFIX_PATH=/home/huuhoa/hospital_robot/install/nav2_common:/opt/ros/humble PYTHONPATH=/home/huuhoa/hospital_robot/install/nav2_common/local/lib/python3.10/dist-packages:${PYTHONPATH} /usr/bin/cmake --install /home/huuhoa/hospital_robot/build/nav2_voxel_grid
