[0.049s] Invoking command in '/home/huuhoa/hospital_robot/build/nav2_msgs': AMENT_PREFIX_PATH=/home/huuhoa/hospital_robot/install/nav2_common:${AMENT_PREFIX_PATH} CMAKE_PREFIX_PATH=/home/huuhoa/hospital_robot/install/nav2_common:/opt/ros/humble PYTHONPATH=/home/huuhoa/hospital_robot/install/nav2_common/local/lib/python3.10/dist-packages:${PYTHONPATH} /usr/bin/cmake --build /home/huuhoa/hospital_robot/build/nav2_msgs -- -j2 -l2
[0.250s] [  0%] Built target nav2_msgs__cpp
[0.287s] [ 12%] Built target nav2_msgs__rosidl_generator_c
[0.348s] [ 12%] Built target ament_cmake_python_symlink_nav2_msgs
[0.376s] [ 24%] Built target nav2_msgs__rosidl_typesupport_cpp
[0.487s] [ 37%] Built target nav2_msgs__rosidl_typesupport_fastrtps_c
[0.516s] [ 49%] Built target nav2_msgs__rosidl_typesupport_fastrtps_cpp
[0.598s] [ 62%] Built target nav2_msgs__rosidl_typesupport_introspection_c
[0.619s] [ 74%] Built target nav2_msgs__rosidl_typesupport_c
[0.718s] [ 87%] Built target nav2_msgs__rosidl_typesupport_introspection_cpp
[0.798s] [ 87%] Built target nav2_msgs
[0.883s] [ 87%] Built target nav2_msgs__py
[0.969s] running egg_info
[0.969s] writing nav2_msgs.egg-info/PKG-INFO
[0.970s] writing dependency_links to nav2_msgs.egg-info/dependency_links.txt
[0.972s] writing top-level names to nav2_msgs.egg-info/top_level.txt
[0.976s] reading manifest file 'nav2_msgs.egg-info/SOURCES.txt'
[0.980s] writing manifest file 'nav2_msgs.egg-info/SOURCES.txt'
[0.990s] [ 99%] Built target nav2_msgs__rosidl_generator_py
[1.017s] [ 99%] Built target ament_cmake_python_build_nav2_msgs_egg
[1.070s] [ 99%] Built target nav2_msgs__rosidl_typesupport_fastrtps_c__pyext
[1.084s] [ 99%] Built target nav2_msgs__rosidl_typesupport_introspection_c__pyext
[1.119s] [100%] Built target nav2_msgs__rosidl_typesupport_c__pyext
[1.134s] Invoked command in '/home/huuhoa/hospital_robot/build/nav2_msgs' returned '0': AMENT_PREFIX_PATH=/home/huuhoa/hospital_robot/install/nav2_common:${AMENT_PREFIX_PATH} CMAKE_PREFIX_PATH=/home/huuhoa/hospital_robot/install/nav2_common:/opt/ros/humble PYTHONPATH=/home/huuhoa/hospital_robot/install/nav2_common/local/lib/python3.10/dist-packages:${PYTHONPATH} /usr/bin/cmake --build /home/huuhoa/hospital_robot/build/nav2_msgs -- -j2 -l2
[1.149s] Invoking command in '/home/huuhoa/hospital_robot/build/nav2_msgs': AMENT_PREFIX_PATH=/home/huuhoa/hospital_robot/install/nav2_common:${AMENT_PREFIX_PATH} CMAKE_PREFIX_PATH=/home/huuhoa/hospital_robot/install/nav2_common:/opt/ros/humble PYTHONPATH=/home/huuhoa/hospital_robot/install/nav2_common/local/lib/python3.10/dist-packages:${PYTHONPATH} /usr/bin/cmake --install /home/huuhoa/hospital_robot/build/nav2_msgs
[1.163s] -- Install configuration: "Release"
[1.169s] -- Execute custom install script
[1.176s] -- Up-to-date symlink: /home/huuhoa/hospital_robot/install/nav2_msgs/share/ament_index/resource_index/rosidl_interfaces/nav2_msgs
[1.186s] -- Up-to-date symlink: /home/huuhoa/hospital_robot/install/nav2_msgs/include/nav2_msgs/nav2_msgs/action/assisted_teleop.h
[1.186s] -- Up-to-date symlink: /home/huuhoa/hospital_robot/install/nav2_msgs/include/nav2_msgs/nav2_msgs/action/back_up.h
[1.186s] -- Up-to-date symlink: /home/huuhoa/hospital_robot/install/nav2_msgs/include/nav2_msgs/nav2_msgs/action/compute_path_through_poses.h
[1.186s] -- Up-to-date symlink: /home/huuhoa/hospital_robot/install/nav2_msgs/include/nav2_msgs/nav2_msgs/action/compute_path_to_pose.h
[1.189s] -- Up-to-date symlink: /home/huuhoa/hospital_robot/install/nav2_msgs/include/nav2_msgs/nav2_msgs/action/detail/assisted_teleop__functions.h
[1.192s] -- Up-to-date symlink: /home/huuhoa/hospital_robot/install/nav2_msgs/include/nav2_msgs/nav2_msgs/action/detail/assisted_teleop__struct.h
[1.192s] -- Up-to-date symlink: /home/huuhoa/hospital_robot/install/nav2_msgs/include/nav2_msgs/nav2_msgs/action/detail/assisted_teleop__type_support.h
[1.192s] -- Up-to-date symlink: /home/huuhoa/hospital_robot/install/nav2_msgs/include/nav2_msgs/nav2_msgs/action/detail/back_up__functions.h
[1.192s] -- Up-to-date symlink: /home/huuhoa/hospital_robot/install/nav2_msgs/include/nav2_msgs/nav2_msgs/action/detail/back_up__struct.h
[1.194s] -- Up-to-date symlink: /home/huuhoa/hospital_robot/install/nav2_msgs/include/nav2_msgs/nav2_msgs/action/detail/back_up__type_support.h
[1.194s] -- Up-to-date symlink: /home/huuhoa/hospital_robot/install/nav2_msgs/include/nav2_msgs/nav2_msgs/action/detail/compute_path_through_poses__functions.h
[1.196s] -- Up-to-date symlink: /home/huuhoa/hospital_robot/install/nav2_msgs/include/nav2_msgs/nav2_msgs/action/detail/compute_path_through_poses__struct.h
[1.196s] -- Up-to-date symlink: /home/huuhoa/hospital_robot/install/nav2_msgs/include/nav2_msgs/nav2_msgs/action/detail/compute_path_through_poses__type_support.h
[1.196s] -- Up-to-date symlink: /home/huuhoa/hospital_robot/install/nav2_msgs/include/nav2_msgs/nav2_msgs/action/detail/compute_path_to_pose__functions.h
[1.197s] -- Up-to-date symlink: /home/huuhoa/hospital_robot/install/nav2_msgs/include/nav2_msgs/nav2_msgs/action/detail/compute_path_to_pose__struct.h
[1.200s] -- Up-to-date symlink: /home/huuhoa/hospital_robot/install/nav2_msgs/include/nav2_msgs/nav2_msgs/action/detail/compute_path_to_pose__type_support.h
[1.200s] -- Up-to-date symlink: /home/huuhoa/hospital_robot/install/nav2_msgs/include/nav2_msgs/nav2_msgs/action/detail/drive_on_heading__functions.h
[1.200s] -- Up-to-date symlink: /home/huuhoa/hospital_robot/install/nav2_msgs/include/nav2_msgs/nav2_msgs/action/detail/drive_on_heading__struct.h
[1.205s] -- Up-to-date symlink: /home/huuhoa/hospital_robot/install/nav2_msgs/include/nav2_msgs/nav2_msgs/action/detail/drive_on_heading__type_support.h
[1.206s] -- Up-to-date symlink: /home/huuhoa/hospital_robot/install/nav2_msgs/include/nav2_msgs/nav2_msgs/action/detail/dummy_behavior__functions.h
[1.206s] -- Up-to-date symlink: /home/huuhoa/hospital_robot/install/nav2_msgs/include/nav2_msgs/nav2_msgs/action/detail/dummy_behavior__struct.h
[1.206s] -- Up-to-date symlink: /home/huuhoa/hospital_robot/install/nav2_msgs/include/nav2_msgs/nav2_msgs/action/detail/dummy_behavior__type_support.h
[1.206s] -- Up-to-date symlink: /home/huuhoa/hospital_robot/install/nav2_msgs/include/nav2_msgs/nav2_msgs/action/detail/follow_path__functions.h
[1.206s] -- Up-to-date symlink: /home/huuhoa/hospital_robot/install/nav2_msgs/include/nav2_msgs/nav2_msgs/action/detail/follow_path__struct.h
[1.206s] -- Up-to-date symlink: /home/huuhoa/hospital_robot/install/nav2_msgs/include/nav2_msgs/nav2_msgs/action/detail/follow_path__type_support.h
[1.210s] -- Up-to-date symlink: /home/huuhoa/hospital_robot/install/nav2_msgs/include/nav2_msgs/nav2_msgs/action/detail/follow_waypoints__functions.h
[1.213s] -- Up-to-date symlink: /home/huuhoa/hospital_robot/install/nav2_msgs/include/nav2_msgs/nav2_msgs/action/detail/follow_waypoints__struct.h
[1.213s] -- Up-to-date symlink: /home/huuhoa/hospital_robot/install/nav2_msgs/include/nav2_msgs/nav2_msgs/action/detail/follow_waypoints__type_support.h
[1.214s] -- Up-to-date symlink: /home/huuhoa/hospital_robot/install/nav2_msgs/include/nav2_msgs/nav2_msgs/action/detail/navigate_through_poses__functions.h
[1.214s] -- Up-to-date symlink: /home/huuhoa/hospital_robot/install/nav2_msgs/include/nav2_msgs/nav2_msgs/action/detail/navigate_through_poses__struct.h
[1.215s] -- Up-to-date symlink: /home/huuhoa/hospital_robot/install/nav2_msgs/include/nav2_msgs/nav2_msgs/action/detail/navigate_through_poses__type_support.h
[1.216s] -- Up-to-date symlink: /home/huuhoa/hospital_robot/install/nav2_msgs/include/nav2_msgs/nav2_msgs/action/detail/navigate_to_pose__functions.h
[1.222s] -- Up-to-date symlink: /home/huuhoa/hospital_robot/install/nav2_msgs/include/nav2_msgs/nav2_msgs/action/detail/navigate_to_pose__struct.h
[1.222s] -- Up-to-date symlink: /home/huuhoa/hospital_robot/install/nav2_msgs/include/nav2_msgs/nav2_msgs/action/detail/navigate_to_pose__type_support.h
[1.223s] -- Up-to-date symlink: /home/huuhoa/hospital_robot/install/nav2_msgs/include/nav2_msgs/nav2_msgs/action/detail/smooth_path__functions.h
[1.223s] -- Up-to-date symlink: /home/huuhoa/hospital_robot/install/nav2_msgs/include/nav2_msgs/nav2_msgs/action/detail/smooth_path__struct.h
[1.223s] -- Up-to-date symlink: /home/huuhoa/hospital_robot/install/nav2_msgs/include/nav2_msgs/nav2_msgs/action/detail/smooth_path__type_support.h
[1.223s] -- Up-to-date symlink: /home/huuhoa/hospital_robot/install/nav2_msgs/include/nav2_msgs/nav2_msgs/action/detail/spin__functions.h
[1.223s] -- Up-to-date symlink: /home/huuhoa/hospital_robot/install/nav2_msgs/include/nav2_msgs/nav2_msgs/action/detail/spin__struct.h
[1.223s] -- Up-to-date symlink: /home/huuhoa/hospital_robot/install/nav2_msgs/include/nav2_msgs/nav2_msgs/action/detail/spin__type_support.h
[1.230s] -- Up-to-date symlink: /home/huuhoa/hospital_robot/install/nav2_msgs/include/nav2_msgs/nav2_msgs/action/detail/wait__functions.h
[1.230s] -- Up-to-date symlink: /home/huuhoa/hospital_robot/install/nav2_msgs/include/nav2_msgs/nav2_msgs/action/detail/wait__struct.h
[1.230s] -- Up-to-date symlink: /home/huuhoa/hospital_robot/install/nav2_msgs/include/nav2_msgs/nav2_msgs/action/detail/wait__type_support.h
[1.231s] -- Up-to-date symlink: /home/huuhoa/hospital_robot/install/nav2_msgs/include/nav2_msgs/nav2_msgs/action/drive_on_heading.h
[1.235s] -- Up-to-date symlink: /home/huuhoa/hospital_robot/install/nav2_msgs/include/nav2_msgs/nav2_msgs/action/dummy_behavior.h
[1.236s] -- Up-to-date symlink: /home/huuhoa/hospital_robot/install/nav2_msgs/include/nav2_msgs/nav2_msgs/action/follow_path.h
[1.238s] -- Up-to-date symlink: /home/huuhoa/hospital_robot/install/nav2_msgs/include/nav2_msgs/nav2_msgs/action/follow_waypoints.h
[1.241s] -- Up-to-date symlink: /home/huuhoa/hospital_robot/install/nav2_msgs/include/nav2_msgs/nav2_msgs/action/navigate_through_poses.h
[1.244s] -- Up-to-date symlink: /home/huuhoa/hospital_robot/install/nav2_msgs/include/nav2_msgs/nav2_msgs/action/navigate_to_pose.h
[1.244s] -- Up-to-date symlink: /home/huuhoa/hospital_robot/install/nav2_msgs/include/nav2_msgs/nav2_msgs/action/smooth_path.h
[1.244s] -- Up-to-date symlink: /home/huuhoa/hospital_robot/install/nav2_msgs/include/nav2_msgs/nav2_msgs/action/spin.h
[1.245s] -- Up-to-date symlink: /home/huuhoa/hospital_robot/install/nav2_msgs/include/nav2_msgs/nav2_msgs/action/wait.h
[1.247s] -- Up-to-date symlink: /home/huuhoa/hospital_robot/install/nav2_msgs/include/nav2_msgs/nav2_msgs/msg/behavior_tree_log.h
[1.248s] -- Up-to-date symlink: /home/huuhoa/hospital_robot/install/nav2_msgs/include/nav2_msgs/nav2_msgs/msg/behavior_tree_status_change.h
[1.253s] -- Up-to-date symlink: /home/huuhoa/hospital_robot/install/nav2_msgs/include/nav2_msgs/nav2_msgs/msg/collision_monitor_state.h
[1.253s] -- Up-to-date symlink: /home/huuhoa/hospital_robot/install/nav2_msgs/include/nav2_msgs/nav2_msgs/msg/costmap.h
[1.254s] -- Up-to-date symlink: /home/huuhoa/hospital_robot/install/nav2_msgs/include/nav2_msgs/nav2_msgs/msg/costmap_filter_info.h
[1.257s] -- Up-to-date symlink: /home/huuhoa/hospital_robot/install/nav2_msgs/include/nav2_msgs/nav2_msgs/msg/costmap_meta_data.h
[1.258s] -- Up-to-date symlink: /home/huuhoa/hospital_robot/install/nav2_msgs/include/nav2_msgs/nav2_msgs/msg/detail/behavior_tree_log__functions.h
[1.260s] -- Up-to-date symlink: /home/huuhoa/hospital_robot/install/nav2_msgs/include/nav2_msgs/nav2_msgs/msg/detail/behavior_tree_log__struct.h
[1.261s] -- Up-to-date symlink: /home/huuhoa/hospital_robot/install/nav2_msgs/include/nav2_msgs/nav2_msgs/msg/detail/behavior_tree_log__type_support.h
[1.262s] -- Up-to-date symlink: /home/huuhoa/hospital_robot/install/nav2_msgs/include/nav2_msgs/nav2_msgs/msg/detail/behavior_tree_status_change__functions.h
[1.264s] -- Up-to-date symlink: /home/huuhoa/hospital_robot/install/nav2_msgs/include/nav2_msgs/nav2_msgs/msg/detail/behavior_tree_status_change__struct.h
[1.265s] -- Up-to-date symlink: /home/huuhoa/hospital_robot/install/nav2_msgs/include/nav2_msgs/nav2_msgs/msg/detail/behavior_tree_status_change__type_support.h
[1.265s] -- Up-to-date symlink: /home/huuhoa/hospital_robot/install/nav2_msgs/include/nav2_msgs/nav2_msgs/msg/detail/collision_monitor_state__functions.h
[1.267s] -- Up-to-date symlink: /home/huuhoa/hospital_robot/install/nav2_msgs/include/nav2_msgs/nav2_msgs/msg/detail/collision_monitor_state__struct.h
[1.267s] -- Up-to-date symlink: /home/huuhoa/hospital_robot/install/nav2_msgs/include/nav2_msgs/nav2_msgs/msg/detail/collision_monitor_state__type_support.h
[1.268s] -- Up-to-date symlink: /home/huuhoa/hospital_robot/install/nav2_msgs/include/nav2_msgs/nav2_msgs/msg/detail/costmap__functions.h
[1.269s] -- Up-to-date symlink: /home/huuhoa/hospital_robot/install/nav2_msgs/include/nav2_msgs/nav2_msgs/msg/detail/costmap__struct.h
[1.270s] -- Up-to-date symlink: /home/huuhoa/hospital_robot/install/nav2_msgs/include/nav2_msgs/nav2_msgs/msg/detail/costmap__type_support.h
[1.270s] -- Up-to-date symlink: /home/huuhoa/hospital_robot/install/nav2_msgs/include/nav2_msgs/nav2_msgs/msg/detail/costmap_filter_info__functions.h
[1.271s] -- Up-to-date symlink: /home/huuhoa/hospital_robot/install/nav2_msgs/include/nav2_msgs/nav2_msgs/msg/detail/costmap_filter_info__struct.h
[1.272s] -- Up-to-date symlink: /home/huuhoa/hospital_robot/install/nav2_msgs/include/nav2_msgs/nav2_msgs/msg/detail/costmap_filter_info__type_support.h
[1.273s] -- Up-to-date symlink: /home/huuhoa/hospital_robot/install/nav2_msgs/include/nav2_msgs/nav2_msgs/msg/detail/costmap_meta_data__functions.h
[1.274s] -- Up-to-date symlink: /home/huuhoa/hospital_robot/install/nav2_msgs/include/nav2_msgs/nav2_msgs/msg/detail/costmap_meta_data__struct.h
[1.275s] -- Up-to-date symlink: /home/huuhoa/hospital_robot/install/nav2_msgs/include/nav2_msgs/nav2_msgs/msg/detail/costmap_meta_data__type_support.h
[1.276s] -- Up-to-date symlink: /home/huuhoa/hospital_robot/install/nav2_msgs/include/nav2_msgs/nav2_msgs/msg/detail/particle__functions.h
[1.277s] -- Up-to-date symlink: /home/huuhoa/hospital_robot/install/nav2_msgs/include/nav2_msgs/nav2_msgs/msg/detail/particle__struct.h
[1.278s] -- Up-to-date symlink: /home/huuhoa/hospital_robot/install/nav2_msgs/include/nav2_msgs/nav2_msgs/msg/detail/particle__type_support.h
[1.279s] -- Up-to-date symlink: /home/huuhoa/hospital_robot/install/nav2_msgs/include/nav2_msgs/nav2_msgs/msg/detail/particle_cloud__functions.h
[1.279s] -- Up-to-date symlink: /home/huuhoa/hospital_robot/install/nav2_msgs/include/nav2_msgs/nav2_msgs/msg/detail/particle_cloud__struct.h
[1.280s] -- Up-to-date symlink: /home/huuhoa/hospital_robot/install/nav2_msgs/include/nav2_msgs/nav2_msgs/msg/detail/particle_cloud__type_support.h
[1.281s] -- Up-to-date symlink: /home/huuhoa/hospital_robot/install/nav2_msgs/include/nav2_msgs/nav2_msgs/msg/detail/speed_limit__functions.h
[1.282s] -- Up-to-date symlink: /home/huuhoa/hospital_robot/install/nav2_msgs/include/nav2_msgs/nav2_msgs/msg/detail/speed_limit__struct.h
[1.283s] -- Up-to-date symlink: /home/huuhoa/hospital_robot/install/nav2_msgs/include/nav2_msgs/nav2_msgs/msg/detail/speed_limit__type_support.h
[1.284s] -- Up-to-date symlink: /home/huuhoa/hospital_robot/install/nav2_msgs/include/nav2_msgs/nav2_msgs/msg/detail/voxel_grid__functions.h
[1.285s] -- Up-to-date symlink: /home/huuhoa/hospital_robot/install/nav2_msgs/include/nav2_msgs/nav2_msgs/msg/detail/voxel_grid__struct.h
[1.285s] -- Up-to-date symlink: /home/huuhoa/hospital_robot/install/nav2_msgs/include/nav2_msgs/nav2_msgs/msg/detail/voxel_grid__type_support.h
[1.287s] -- Up-to-date symlink: /home/huuhoa/hospital_robot/install/nav2_msgs/include/nav2_msgs/nav2_msgs/msg/particle.h
[1.287s] -- Up-to-date symlink: /home/huuhoa/hospital_robot/install/nav2_msgs/include/nav2_msgs/nav2_msgs/msg/particle_cloud.h
[1.288s] -- Up-to-date symlink: /home/huuhoa/hospital_robot/install/nav2_msgs/include/nav2_msgs/nav2_msgs/msg/rosidl_generator_c__visibility_control.h
[1.289s] -- Up-to-date symlink: /home/huuhoa/hospital_robot/install/nav2_msgs/include/nav2_msgs/nav2_msgs/msg/speed_limit.h
[1.290s] -- Up-to-date symlink: /home/huuhoa/hospital_robot/install/nav2_msgs/include/nav2_msgs/nav2_msgs/msg/voxel_grid.h
[1.291s] -- Up-to-date symlink: /home/huuhoa/hospital_robot/install/nav2_msgs/include/nav2_msgs/nav2_msgs/srv/clear_costmap_around_robot.h
[1.292s] -- Up-to-date symlink: /home/huuhoa/hospital_robot/install/nav2_msgs/include/nav2_msgs/nav2_msgs/srv/clear_costmap_except_region.h
[1.295s] -- Up-to-date symlink: /home/huuhoa/hospital_robot/install/nav2_msgs/include/nav2_msgs/nav2_msgs/srv/clear_entire_costmap.h
[1.295s] -- Up-to-date symlink: /home/huuhoa/hospital_robot/install/nav2_msgs/include/nav2_msgs/nav2_msgs/srv/detail/clear_costmap_around_robot__functions.h
[1.296s] -- Up-to-date symlink: /home/huuhoa/hospital_robot/install/nav2_msgs/include/nav2_msgs/nav2_msgs/srv/detail/clear_costmap_around_robot__struct.h
[1.297s] -- Up-to-date symlink: /home/huuhoa/hospital_robot/install/nav2_msgs/include/nav2_msgs/nav2_msgs/srv/detail/clear_costmap_around_robot__type_support.h
[1.297s] -- Up-to-date symlink: /home/huuhoa/hospital_robot/install/nav2_msgs/include/nav2_msgs/nav2_msgs/srv/detail/clear_costmap_except_region__functions.h
[1.299s] -- Up-to-date symlink: /home/huuhoa/hospital_robot/install/nav2_msgs/include/nav2_msgs/nav2_msgs/srv/detail/clear_costmap_except_region__struct.h
[1.300s] -- Up-to-date symlink: /home/huuhoa/hospital_robot/install/nav2_msgs/include/nav2_msgs/nav2_msgs/srv/detail/clear_costmap_except_region__type_support.h
[1.301s] -- Up-to-date symlink: /home/huuhoa/hospital_robot/install/nav2_msgs/include/nav2_msgs/nav2_msgs/srv/detail/clear_entire_costmap__functions.h
[1.301s] -- Up-to-date symlink: /home/huuhoa/hospital_robot/install/nav2_msgs/include/nav2_msgs/nav2_msgs/srv/detail/clear_entire_costmap__struct.h
[1.302s] -- Up-to-date symlink: /home/huuhoa/hospital_robot/install/nav2_msgs/include/nav2_msgs/nav2_msgs/srv/detail/clear_entire_costmap__type_support.h
[1.303s] -- Up-to-date symlink: /home/huuhoa/hospital_robot/install/nav2_msgs/include/nav2_msgs/nav2_msgs/srv/detail/get_costmap__functions.h
[1.304s] -- Up-to-date symlink: /home/huuhoa/hospital_robot/install/nav2_msgs/include/nav2_msgs/nav2_msgs/srv/detail/get_costmap__struct.h
[1.304s] -- Up-to-date symlink: /home/huuhoa/hospital_robot/install/nav2_msgs/include/nav2_msgs/nav2_msgs/srv/detail/get_costmap__type_support.h
[1.306s] -- Up-to-date symlink: /home/huuhoa/hospital_robot/install/nav2_msgs/include/nav2_msgs/nav2_msgs/srv/detail/is_path_valid__functions.h
[1.306s] -- Up-to-date symlink: /home/huuhoa/hospital_robot/install/nav2_msgs/include/nav2_msgs/nav2_msgs/srv/detail/is_path_valid__struct.h
[1.310s] -- Up-to-date symlink: /home/huuhoa/hospital_robot/install/nav2_msgs/include/nav2_msgs/nav2_msgs/srv/detail/is_path_valid__type_support.h
[1.311s] -- Up-to-date symlink: /home/huuhoa/hospital_robot/install/nav2_msgs/include/nav2_msgs/nav2_msgs/srv/detail/load_map__functions.h
[1.311s] -- Up-to-date symlink: /home/huuhoa/hospital_robot/install/nav2_msgs/include/nav2_msgs/nav2_msgs/srv/detail/load_map__struct.h
[1.311s] -- Up-to-date symlink: /home/huuhoa/hospital_robot/install/nav2_msgs/include/nav2_msgs/nav2_msgs/srv/detail/load_map__type_support.h
[1.312s] -- Up-to-date symlink: /home/huuhoa/hospital_robot/install/nav2_msgs/include/nav2_msgs/nav2_msgs/srv/detail/manage_lifecycle_nodes__functions.h
[1.313s] -- Up-to-date symlink: /home/huuhoa/hospital_robot/install/nav2_msgs/include/nav2_msgs/nav2_msgs/srv/detail/manage_lifecycle_nodes__struct.h
[1.315s] -- Up-to-date symlink: /home/huuhoa/hospital_robot/install/nav2_msgs/include/nav2_msgs/nav2_msgs/srv/detail/manage_lifecycle_nodes__type_support.h
[1.316s] -- Up-to-date symlink: /home/huuhoa/hospital_robot/install/nav2_msgs/include/nav2_msgs/nav2_msgs/srv/detail/save_map__functions.h
[1.318s] -- Up-to-date symlink: /home/huuhoa/hospital_robot/install/nav2_msgs/include/nav2_msgs/nav2_msgs/srv/detail/save_map__struct.h
[1.319s] -- Up-to-date symlink: /home/huuhoa/hospital_robot/install/nav2_msgs/include/nav2_msgs/nav2_msgs/srv/detail/save_map__type_support.h
[1.320s] -- Up-to-date symlink: /home/huuhoa/hospital_robot/install/nav2_msgs/include/nav2_msgs/nav2_msgs/srv/detail/set_initial_pose__functions.h
[1.323s] -- Up-to-date symlink: /home/huuhoa/hospital_robot/install/nav2_msgs/include/nav2_msgs/nav2_msgs/srv/detail/set_initial_pose__struct.h
[1.327s] -- Up-to-date symlink: /home/huuhoa/hospital_robot/install/nav2_msgs/include/nav2_msgs/nav2_msgs/srv/detail/set_initial_pose__type_support.h
[1.330s] -- Up-to-date symlink: /home/huuhoa/hospital_robot/install/nav2_msgs/include/nav2_msgs/nav2_msgs/srv/get_costmap.h
[1.335s] -- Up-to-date symlink: /home/huuhoa/hospital_robot/install/nav2_msgs/include/nav2_msgs/nav2_msgs/srv/is_path_valid.h
[1.335s] -- Up-to-date symlink: /home/huuhoa/hospital_robot/install/nav2_msgs/include/nav2_msgs/nav2_msgs/srv/load_map.h
[1.341s] -- Up-to-date symlink: /home/huuhoa/hospital_robot/install/nav2_msgs/include/nav2_msgs/nav2_msgs/srv/manage_lifecycle_nodes.h
[1.342s] -- Up-to-date symlink: /home/huuhoa/hospital_robot/install/nav2_msgs/include/nav2_msgs/nav2_msgs/srv/save_map.h
[1.342s] -- Up-to-date symlink: /home/huuhoa/hospital_robot/install/nav2_msgs/include/nav2_msgs/nav2_msgs/srv/set_initial_pose.h
[1.346s] -- Up-to-date symlink: /home/huuhoa/hospital_robot/install/nav2_msgs/share/nav2_msgs/environment/library_path.sh
[1.347s] -- Up-to-date symlink: /home/huuhoa/hospital_robot/install/nav2_msgs/share/nav2_msgs/environment/library_path.dsv
[1.349s] -- Up-to-date symlink: /home/huuhoa/hospital_robot/install/nav2_msgs/include/nav2_msgs/nav2_msgs/action/detail/assisted_teleop__rosidl_typesupport_fastrtps_c.h
[1.351s] -- Up-to-date symlink: /home/huuhoa/hospital_robot/install/nav2_msgs/include/nav2_msgs/nav2_msgs/action/detail/back_up__rosidl_typesupport_fastrtps_c.h
[1.352s] -- Up-to-date symlink: /home/huuhoa/hospital_robot/install/nav2_msgs/include/nav2_msgs/nav2_msgs/action/detail/compute_path_through_poses__rosidl_typesupport_fastrtps_c.h
[1.353s] -- Up-to-date symlink: /home/huuhoa/hospital_robot/install/nav2_msgs/include/nav2_msgs/nav2_msgs/action/detail/compute_path_to_pose__rosidl_typesupport_fastrtps_c.h
[1.354s] -- Up-to-date symlink: /home/huuhoa/hospital_robot/install/nav2_msgs/include/nav2_msgs/nav2_msgs/action/detail/drive_on_heading__rosidl_typesupport_fastrtps_c.h
[1.355s] -- Up-to-date symlink: /home/huuhoa/hospital_robot/install/nav2_msgs/include/nav2_msgs/nav2_msgs/action/detail/dummy_behavior__rosidl_typesupport_fastrtps_c.h
[1.360s] -- Up-to-date symlink: /home/huuhoa/hospital_robot/install/nav2_msgs/include/nav2_msgs/nav2_msgs/action/detail/follow_path__rosidl_typesupport_fastrtps_c.h
[1.360s] -- Up-to-date symlink: /home/huuhoa/hospital_robot/install/nav2_msgs/include/nav2_msgs/nav2_msgs/action/detail/follow_waypoints__rosidl_typesupport_fastrtps_c.h
[1.361s] -- Up-to-date symlink: /home/huuhoa/hospital_robot/install/nav2_msgs/include/nav2_msgs/nav2_msgs/action/detail/navigate_through_poses__rosidl_typesupport_fastrtps_c.h
[1.363s] -- Up-to-date symlink: /home/huuhoa/hospital_robot/install/nav2_msgs/include/nav2_msgs/nav2_msgs/action/detail/navigate_to_pose__rosidl_typesupport_fastrtps_c.h
[1.365s] -- Up-to-date symlink: /home/huuhoa/hospital_robot/install/nav2_msgs/include/nav2_msgs/nav2_msgs/action/detail/smooth_path__rosidl_typesupport_fastrtps_c.h
[1.365s] -- Up-to-date symlink: /home/huuhoa/hospital_robot/install/nav2_msgs/include/nav2_msgs/nav2_msgs/action/detail/spin__rosidl_typesupport_fastrtps_c.h
[1.365s] -- Up-to-date symlink: /home/huuhoa/hospital_robot/install/nav2_msgs/include/nav2_msgs/nav2_msgs/action/detail/wait__rosidl_typesupport_fastrtps_c.h
[1.367s] -- Up-to-date symlink: /home/huuhoa/hospital_robot/install/nav2_msgs/include/nav2_msgs/nav2_msgs/msg/detail/behavior_tree_log__rosidl_typesupport_fastrtps_c.h
[1.368s] -- Up-to-date symlink: /home/huuhoa/hospital_robot/install/nav2_msgs/include/nav2_msgs/nav2_msgs/msg/detail/behavior_tree_status_change__rosidl_typesupport_fastrtps_c.h
[1.372s] -- Up-to-date symlink: /home/huuhoa/hospital_robot/install/nav2_msgs/include/nav2_msgs/nav2_msgs/msg/detail/collision_monitor_state__rosidl_typesupport_fastrtps_c.h
[1.372s] -- Up-to-date symlink: /home/huuhoa/hospital_robot/install/nav2_msgs/include/nav2_msgs/nav2_msgs/msg/detail/costmap__rosidl_typesupport_fastrtps_c.h
[1.372s] -- Up-to-date symlink: /home/huuhoa/hospital_robot/install/nav2_msgs/include/nav2_msgs/nav2_msgs/msg/detail/costmap_filter_info__rosidl_typesupport_fastrtps_c.h
[1.372s] -- Up-to-date symlink: /home/huuhoa/hospital_robot/install/nav2_msgs/include/nav2_msgs/nav2_msgs/msg/detail/costmap_meta_data__rosidl_typesupport_fastrtps_c.h
[1.375s] -- Up-to-date symlink: /home/huuhoa/hospital_robot/install/nav2_msgs/include/nav2_msgs/nav2_msgs/msg/detail/particle__rosidl_typesupport_fastrtps_c.h
[1.377s] -- Up-to-date symlink: /home/huuhoa/hospital_robot/install/nav2_msgs/include/nav2_msgs/nav2_msgs/msg/detail/particle_cloud__rosidl_typesupport_fastrtps_c.h
[1.378s] -- Up-to-date symlink: /home/huuhoa/hospital_robot/install/nav2_msgs/include/nav2_msgs/nav2_msgs/msg/detail/speed_limit__rosidl_typesupport_fastrtps_c.h
[1.379s] -- Up-to-date symlink: /home/huuhoa/hospital_robot/install/nav2_msgs/include/nav2_msgs/nav2_msgs/msg/detail/voxel_grid__rosidl_typesupport_fastrtps_c.h
[1.379s] -- Up-to-date symlink: /home/huuhoa/hospital_robot/install/nav2_msgs/include/nav2_msgs/nav2_msgs/msg/rosidl_typesupport_fastrtps_c__visibility_control.h
[1.380s] -- Up-to-date symlink: /home/huuhoa/hospital_robot/install/nav2_msgs/include/nav2_msgs/nav2_msgs/srv/detail/clear_costmap_around_robot__rosidl_typesupport_fastrtps_c.h
[1.381s] -- Up-to-date symlink: /home/huuhoa/hospital_robot/install/nav2_msgs/include/nav2_msgs/nav2_msgs/srv/detail/clear_costmap_except_region__rosidl_typesupport_fastrtps_c.h
[1.382s] -- Up-to-date symlink: /home/huuhoa/hospital_robot/install/nav2_msgs/include/nav2_msgs/nav2_msgs/srv/detail/clear_entire_costmap__rosidl_typesupport_fastrtps_c.h
[1.384s] -- Up-to-date symlink: /home/huuhoa/hospital_robot/install/nav2_msgs/include/nav2_msgs/nav2_msgs/srv/detail/get_costmap__rosidl_typesupport_fastrtps_c.h
[1.384s] -- Up-to-date symlink: /home/huuhoa/hospital_robot/install/nav2_msgs/include/nav2_msgs/nav2_msgs/srv/detail/is_path_valid__rosidl_typesupport_fastrtps_c.h
[1.389s] -- Up-to-date symlink: /home/huuhoa/hospital_robot/install/nav2_msgs/include/nav2_msgs/nav2_msgs/srv/detail/load_map__rosidl_typesupport_fastrtps_c.h
[1.391s] -- Up-to-date symlink: /home/huuhoa/hospital_robot/install/nav2_msgs/include/nav2_msgs/nav2_msgs/srv/detail/manage_lifecycle_nodes__rosidl_typesupport_fastrtps_c.h
[1.391s] -- Up-to-date symlink: /home/huuhoa/hospital_robot/install/nav2_msgs/include/nav2_msgs/nav2_msgs/srv/detail/save_map__rosidl_typesupport_fastrtps_c.h
[1.391s] -- Up-to-date symlink: /home/huuhoa/hospital_robot/install/nav2_msgs/include/nav2_msgs/nav2_msgs/srv/detail/set_initial_pose__rosidl_typesupport_fastrtps_c.h
[1.395s] -- Up-to-date symlink: /home/huuhoa/hospital_robot/install/nav2_msgs/include/nav2_msgs/nav2_msgs/action/assisted_teleop.hpp
[1.397s] -- Up-to-date symlink: /home/huuhoa/hospital_robot/install/nav2_msgs/include/nav2_msgs/nav2_msgs/action/back_up.hpp
[1.397s] -- Up-to-date symlink: /home/huuhoa/hospital_robot/install/nav2_msgs/include/nav2_msgs/nav2_msgs/action/compute_path_through_poses.hpp
[1.398s] -- Up-to-date symlink: /home/huuhoa/hospital_robot/install/nav2_msgs/include/nav2_msgs/nav2_msgs/action/compute_path_to_pose.hpp
[1.399s] -- Up-to-date symlink: /home/huuhoa/hospital_robot/install/nav2_msgs/include/nav2_msgs/nav2_msgs/action/detail/assisted_teleop__builder.hpp
[1.400s] -- Up-to-date symlink: /home/huuhoa/hospital_robot/install/nav2_msgs/include/nav2_msgs/nav2_msgs/action/detail/assisted_teleop__struct.hpp
[1.401s] -- Up-to-date symlink: /home/huuhoa/hospital_robot/install/nav2_msgs/include/nav2_msgs/nav2_msgs/action/detail/assisted_teleop__traits.hpp
[1.401s] -- Up-to-date symlink: /home/huuhoa/hospital_robot/install/nav2_msgs/include/nav2_msgs/nav2_msgs/action/detail/assisted_teleop__type_support.hpp
[1.402s] -- Up-to-date symlink: /home/huuhoa/hospital_robot/install/nav2_msgs/include/nav2_msgs/nav2_msgs/action/detail/back_up__builder.hpp
[1.403s] -- Up-to-date symlink: /home/huuhoa/hospital_robot/install/nav2_msgs/include/nav2_msgs/nav2_msgs/action/detail/back_up__struct.hpp
[1.405s] -- Up-to-date symlink: /home/huuhoa/hospital_robot/install/nav2_msgs/include/nav2_msgs/nav2_msgs/action/detail/back_up__traits.hpp
[1.406s] -- Up-to-date symlink: /home/huuhoa/hospital_robot/install/nav2_msgs/include/nav2_msgs/nav2_msgs/action/detail/back_up__type_support.hpp
[1.407s] -- Up-to-date symlink: /home/huuhoa/hospital_robot/install/nav2_msgs/include/nav2_msgs/nav2_msgs/action/detail/compute_path_through_poses__builder.hpp
[1.410s] -- Up-to-date symlink: /home/huuhoa/hospital_robot/install/nav2_msgs/include/nav2_msgs/nav2_msgs/action/detail/compute_path_through_poses__struct.hpp
[1.410s] -- Up-to-date symlink: /home/huuhoa/hospital_robot/install/nav2_msgs/include/nav2_msgs/nav2_msgs/action/detail/compute_path_through_poses__traits.hpp
[1.411s] -- Up-to-date symlink: /home/huuhoa/hospital_robot/install/nav2_msgs/include/nav2_msgs/nav2_msgs/action/detail/compute_path_through_poses__type_support.hpp
[1.415s] -- Up-to-date symlink: /home/huuhoa/hospital_robot/install/nav2_msgs/include/nav2_msgs/nav2_msgs/action/detail/compute_path_to_pose__builder.hpp
[1.419s] -- Up-to-date symlink: /home/huuhoa/hospital_robot/install/nav2_msgs/include/nav2_msgs/nav2_msgs/action/detail/compute_path_to_pose__struct.hpp
[1.419s] -- Up-to-date symlink: /home/huuhoa/hospital_robot/install/nav2_msgs/include/nav2_msgs/nav2_msgs/action/detail/compute_path_to_pose__traits.hpp
[1.419s] -- Up-to-date symlink: /home/huuhoa/hospital_robot/install/nav2_msgs/include/nav2_msgs/nav2_msgs/action/detail/compute_path_to_pose__type_support.hpp
[1.419s] -- Up-to-date symlink: /home/huuhoa/hospital_robot/install/nav2_msgs/include/nav2_msgs/nav2_msgs/action/detail/drive_on_heading__builder.hpp
[1.420s] -- Up-to-date symlink: /home/huuhoa/hospital_robot/install/nav2_msgs/include/nav2_msgs/nav2_msgs/action/detail/drive_on_heading__struct.hpp
[1.422s] -- Up-to-date symlink: /home/huuhoa/hospital_robot/install/nav2_msgs/include/nav2_msgs/nav2_msgs/action/detail/drive_on_heading__traits.hpp
[1.422s] -- Up-to-date symlink: /home/huuhoa/hospital_robot/install/nav2_msgs/include/nav2_msgs/nav2_msgs/action/detail/drive_on_heading__type_support.hpp
[1.423s] -- Up-to-date symlink: /home/huuhoa/hospital_robot/install/nav2_msgs/include/nav2_msgs/nav2_msgs/action/detail/dummy_behavior__builder.hpp
[1.434s] -- Up-to-date symlink: /home/huuhoa/hospital_robot/install/nav2_msgs/include/nav2_msgs/nav2_msgs/action/detail/dummy_behavior__struct.hpp
[1.434s] -- Up-to-date symlink: /home/huuhoa/hospital_robot/install/nav2_msgs/include/nav2_msgs/nav2_msgs/action/detail/dummy_behavior__traits.hpp
[1.441s] -- Up-to-date symlink: /home/huuhoa/hospital_robot/install/nav2_msgs/include/nav2_msgs/nav2_msgs/action/detail/dummy_behavior__type_support.hpp
[1.441s] -- Up-to-date symlink: /home/huuhoa/hospital_robot/install/nav2_msgs/include/nav2_msgs/nav2_msgs/action/detail/follow_path__builder.hpp
[1.441s] -- Up-to-date symlink: /home/huuhoa/hospital_robot/install/nav2_msgs/include/nav2_msgs/nav2_msgs/action/detail/follow_path__struct.hpp
[1.441s] -- Up-to-date symlink: /home/huuhoa/hospital_robot/install/nav2_msgs/include/nav2_msgs/nav2_msgs/action/detail/follow_path__traits.hpp
[1.443s] -- Up-to-date symlink: /home/huuhoa/hospital_robot/install/nav2_msgs/include/nav2_msgs/nav2_msgs/action/detail/follow_path__type_support.hpp
[1.443s] -- Up-to-date symlink: /home/huuhoa/hospital_robot/install/nav2_msgs/include/nav2_msgs/nav2_msgs/action/detail/follow_waypoints__builder.hpp
[1.444s] -- Up-to-date symlink: /home/huuhoa/hospital_robot/install/nav2_msgs/include/nav2_msgs/nav2_msgs/action/detail/follow_waypoints__struct.hpp
[1.444s] -- Up-to-date symlink: /home/huuhoa/hospital_robot/install/nav2_msgs/include/nav2_msgs/nav2_msgs/action/detail/follow_waypoints__traits.hpp
[1.445s] -- Up-to-date symlink: /home/huuhoa/hospital_robot/install/nav2_msgs/include/nav2_msgs/nav2_msgs/action/detail/follow_waypoints__type_support.hpp
[1.447s] -- Up-to-date symlink: /home/huuhoa/hospital_robot/install/nav2_msgs/include/nav2_msgs/nav2_msgs/action/detail/navigate_through_poses__builder.hpp
[1.449s] -- Up-to-date symlink: /home/huuhoa/hospital_robot/install/nav2_msgs/include/nav2_msgs/nav2_msgs/action/detail/navigate_through_poses__struct.hpp
[1.450s] -- Up-to-date symlink: /home/huuhoa/hospital_robot/install/nav2_msgs/include/nav2_msgs/nav2_msgs/action/detail/navigate_through_poses__traits.hpp
[1.451s] -- Up-to-date symlink: /home/huuhoa/hospital_robot/install/nav2_msgs/include/nav2_msgs/nav2_msgs/action/detail/navigate_through_poses__type_support.hpp
[1.451s] -- Up-to-date symlink: /home/huuhoa/hospital_robot/install/nav2_msgs/include/nav2_msgs/nav2_msgs/action/detail/navigate_to_pose__builder.hpp
[1.452s] -- Up-to-date symlink: /home/huuhoa/hospital_robot/install/nav2_msgs/include/nav2_msgs/nav2_msgs/action/detail/navigate_to_pose__struct.hpp
[1.454s] -- Up-to-date symlink: /home/huuhoa/hospital_robot/install/nav2_msgs/include/nav2_msgs/nav2_msgs/action/detail/navigate_to_pose__traits.hpp
[1.455s] -- Up-to-date symlink: /home/huuhoa/hospital_robot/install/nav2_msgs/include/nav2_msgs/nav2_msgs/action/detail/navigate_to_pose__type_support.hpp
[1.457s] -- Up-to-date symlink: /home/huuhoa/hospital_robot/install/nav2_msgs/include/nav2_msgs/nav2_msgs/action/detail/smooth_path__builder.hpp
[1.458s] -- Up-to-date symlink: /home/huuhoa/hospital_robot/install/nav2_msgs/include/nav2_msgs/nav2_msgs/action/detail/smooth_path__struct.hpp
[1.466s] -- Up-to-date symlink: /home/huuhoa/hospital_robot/install/nav2_msgs/include/nav2_msgs/nav2_msgs/action/detail/smooth_path__traits.hpp
[1.466s] -- Up-to-date symlink: /home/huuhoa/hospital_robot/install/nav2_msgs/include/nav2_msgs/nav2_msgs/action/detail/smooth_path__type_support.hpp
[1.467s] -- Up-to-date symlink: /home/huuhoa/hospital_robot/install/nav2_msgs/include/nav2_msgs/nav2_msgs/action/detail/spin__builder.hpp
[1.471s] -- Up-to-date symlink: /home/huuhoa/hospital_robot/install/nav2_msgs/include/nav2_msgs/nav2_msgs/action/detail/spin__struct.hpp
[1.472s] -- Up-to-date symlink: /home/huuhoa/hospital_robot/install/nav2_msgs/include/nav2_msgs/nav2_msgs/action/detail/spin__traits.hpp
[1.472s] -- Up-to-date symlink: /home/huuhoa/hospital_robot/install/nav2_msgs/include/nav2_msgs/nav2_msgs/action/detail/spin__type_support.hpp
[1.474s] -- Up-to-date symlink: /home/huuhoa/hospital_robot/install/nav2_msgs/include/nav2_msgs/nav2_msgs/action/detail/wait__builder.hpp
[1.474s] -- Up-to-date symlink: /home/huuhoa/hospital_robot/install/nav2_msgs/include/nav2_msgs/nav2_msgs/action/detail/wait__struct.hpp
[1.480s] -- Up-to-date symlink: /home/huuhoa/hospital_robot/install/nav2_msgs/include/nav2_msgs/nav2_msgs/action/detail/wait__traits.hpp
[1.481s] -- Up-to-date symlink: /home/huuhoa/hospital_robot/install/nav2_msgs/include/nav2_msgs/nav2_msgs/action/detail/wait__type_support.hpp
[1.483s] -- Up-to-date symlink: /home/huuhoa/hospital_robot/install/nav2_msgs/include/nav2_msgs/nav2_msgs/action/drive_on_heading.hpp
[1.484s] -- Up-to-date symlink: /home/huuhoa/hospital_robot/install/nav2_msgs/include/nav2_msgs/nav2_msgs/action/dummy_behavior.hpp
[1.485s] -- Up-to-date symlink: /home/huuhoa/hospital_robot/install/nav2_msgs/include/nav2_msgs/nav2_msgs/action/follow_path.hpp
[1.485s] -- Up-to-date symlink: /home/huuhoa/hospital_robot/install/nav2_msgs/include/nav2_msgs/nav2_msgs/action/follow_waypoints.hpp
[1.486s] -- Up-to-date symlink: /home/huuhoa/hospital_robot/install/nav2_msgs/include/nav2_msgs/nav2_msgs/action/navigate_through_poses.hpp
[1.488s] -- Up-to-date symlink: /home/huuhoa/hospital_robot/install/nav2_msgs/include/nav2_msgs/nav2_msgs/action/navigate_to_pose.hpp
[1.489s] -- Up-to-date symlink: /home/huuhoa/hospital_robot/install/nav2_msgs/include/nav2_msgs/nav2_msgs/action/smooth_path.hpp
[1.490s] -- Up-to-date symlink: /home/huuhoa/hospital_robot/install/nav2_msgs/include/nav2_msgs/nav2_msgs/action/spin.hpp
[1.494s] -- Up-to-date symlink: /home/huuhoa/hospital_robot/install/nav2_msgs/include/nav2_msgs/nav2_msgs/action/wait.hpp
[1.494s] -- Up-to-date symlink: /home/huuhoa/hospital_robot/install/nav2_msgs/include/nav2_msgs/nav2_msgs/msg/behavior_tree_log.hpp
[1.496s] -- Up-to-date symlink: /home/huuhoa/hospital_robot/install/nav2_msgs/include/nav2_msgs/nav2_msgs/msg/behavior_tree_status_change.hpp
[1.496s] -- Up-to-date symlink: /home/huuhoa/hospital_robot/install/nav2_msgs/include/nav2_msgs/nav2_msgs/msg/collision_monitor_state.hpp
[1.496s] -- Up-to-date symlink: /home/huuhoa/hospital_robot/install/nav2_msgs/include/nav2_msgs/nav2_msgs/msg/costmap.hpp
[1.498s] -- Up-to-date symlink: /home/huuhoa/hospital_robot/install/nav2_msgs/include/nav2_msgs/nav2_msgs/msg/costmap_filter_info.hpp
[1.499s] -- Up-to-date symlink: /home/huuhoa/hospital_robot/install/nav2_msgs/include/nav2_msgs/nav2_msgs/msg/costmap_meta_data.hpp
[1.499s] -- Up-to-date symlink: /home/huuhoa/hospital_robot/install/nav2_msgs/include/nav2_msgs/nav2_msgs/msg/detail/behavior_tree_log__builder.hpp
[1.500s] -- Up-to-date symlink: /home/huuhoa/hospital_robot/install/nav2_msgs/include/nav2_msgs/nav2_msgs/msg/detail/behavior_tree_log__struct.hpp
[1.503s] -- Up-to-date symlink: /home/huuhoa/hospital_robot/install/nav2_msgs/include/nav2_msgs/nav2_msgs/msg/detail/behavior_tree_log__traits.hpp
[1.503s] -- Up-to-date symlink: /home/huuhoa/hospital_robot/install/nav2_msgs/include/nav2_msgs/nav2_msgs/msg/detail/behavior_tree_log__type_support.hpp
[1.503s] -- Up-to-date symlink: /home/huuhoa/hospital_robot/install/nav2_msgs/include/nav2_msgs/nav2_msgs/msg/detail/behavior_tree_status_change__builder.hpp
[1.503s] -- Up-to-date symlink: /home/huuhoa/hospital_robot/install/nav2_msgs/include/nav2_msgs/nav2_msgs/msg/detail/behavior_tree_status_change__struct.hpp
[1.503s] -- Up-to-date symlink: /home/huuhoa/hospital_robot/install/nav2_msgs/include/nav2_msgs/nav2_msgs/msg/detail/behavior_tree_status_change__traits.hpp
[1.506s] -- Up-to-date symlink: /home/huuhoa/hospital_robot/install/nav2_msgs/include/nav2_msgs/nav2_msgs/msg/detail/behavior_tree_status_change__type_support.hpp
[1.506s] -- Up-to-date symlink: /home/huuhoa/hospital_robot/install/nav2_msgs/include/nav2_msgs/nav2_msgs/msg/detail/collision_monitor_state__builder.hpp
[1.509s] -- Up-to-date symlink: /home/huuhoa/hospital_robot/install/nav2_msgs/include/nav2_msgs/nav2_msgs/msg/detail/collision_monitor_state__struct.hpp
[1.509s] -- Up-to-date symlink: /home/huuhoa/hospital_robot/install/nav2_msgs/include/nav2_msgs/nav2_msgs/msg/detail/collision_monitor_state__traits.hpp
[1.509s] -- Up-to-date symlink: /home/huuhoa/hospital_robot/install/nav2_msgs/include/nav2_msgs/nav2_msgs/msg/detail/collision_monitor_state__type_support.hpp
[1.515s] -- Up-to-date symlink: /home/huuhoa/hospital_robot/install/nav2_msgs/include/nav2_msgs/nav2_msgs/msg/detail/costmap__builder.hpp
[1.516s] -- Up-to-date symlink: /home/huuhoa/hospital_robot/install/nav2_msgs/include/nav2_msgs/nav2_msgs/msg/detail/costmap__struct.hpp
[1.517s] -- Up-to-date symlink: /home/huuhoa/hospital_robot/install/nav2_msgs/include/nav2_msgs/nav2_msgs/msg/detail/costmap__traits.hpp
[1.517s] -- Up-to-date symlink: /home/huuhoa/hospital_robot/install/nav2_msgs/include/nav2_msgs/nav2_msgs/msg/detail/costmap__type_support.hpp
[1.519s] -- Up-to-date symlink: /home/huuhoa/hospital_robot/install/nav2_msgs/include/nav2_msgs/nav2_msgs/msg/detail/costmap_filter_info__builder.hpp
[1.519s] -- Up-to-date symlink: /home/huuhoa/hospital_robot/install/nav2_msgs/include/nav2_msgs/nav2_msgs/msg/detail/costmap_filter_info__struct.hpp
[1.523s] -- Up-to-date symlink: /home/huuhoa/hospital_robot/install/nav2_msgs/include/nav2_msgs/nav2_msgs/msg/detail/costmap_filter_info__traits.hpp
[1.524s] -- Up-to-date symlink: /home/huuhoa/hospital_robot/install/nav2_msgs/include/nav2_msgs/nav2_msgs/msg/detail/costmap_filter_info__type_support.hpp
[1.524s] -- Up-to-date symlink: /home/huuhoa/hospital_robot/install/nav2_msgs/include/nav2_msgs/nav2_msgs/msg/detail/costmap_meta_data__builder.hpp
[1.524s] -- Up-to-date symlink: /home/huuhoa/hospital_robot/install/nav2_msgs/include/nav2_msgs/nav2_msgs/msg/detail/costmap_meta_data__struct.hpp
[1.526s] -- Up-to-date symlink: /home/huuhoa/hospital_robot/install/nav2_msgs/include/nav2_msgs/nav2_msgs/msg/detail/costmap_meta_data__traits.hpp
[1.527s] -- Up-to-date symlink: /home/huuhoa/hospital_robot/install/nav2_msgs/include/nav2_msgs/nav2_msgs/msg/detail/costmap_meta_data__type_support.hpp
[1.531s] -- Up-to-date symlink: /home/huuhoa/hospital_robot/install/nav2_msgs/include/nav2_msgs/nav2_msgs/msg/detail/particle__builder.hpp
[1.531s] -- Up-to-date symlink: /home/huuhoa/hospital_robot/install/nav2_msgs/include/nav2_msgs/nav2_msgs/msg/detail/particle__struct.hpp
[1.531s] -- Up-to-date symlink: /home/huuhoa/hospital_robot/install/nav2_msgs/include/nav2_msgs/nav2_msgs/msg/detail/particle__traits.hpp
[1.531s] -- Up-to-date symlink: /home/huuhoa/hospital_robot/install/nav2_msgs/include/nav2_msgs/nav2_msgs/msg/detail/particle__type_support.hpp
[1.532s] -- Up-to-date symlink: /home/huuhoa/hospital_robot/install/nav2_msgs/include/nav2_msgs/nav2_msgs/msg/detail/particle_cloud__builder.hpp
[1.536s] -- Up-to-date symlink: /home/huuhoa/hospital_robot/install/nav2_msgs/include/nav2_msgs/nav2_msgs/msg/detail/particle_cloud__struct.hpp
[1.536s] -- Up-to-date symlink: /home/huuhoa/hospital_robot/install/nav2_msgs/include/nav2_msgs/nav2_msgs/msg/detail/particle_cloud__traits.hpp
[1.538s] -- Up-to-date symlink: /home/huuhoa/hospital_robot/install/nav2_msgs/include/nav2_msgs/nav2_msgs/msg/detail/particle_cloud__type_support.hpp
[1.538s] -- Up-to-date symlink: /home/huuhoa/hospital_robot/install/nav2_msgs/include/nav2_msgs/nav2_msgs/msg/detail/speed_limit__builder.hpp
[1.539s] -- Up-to-date symlink: /home/huuhoa/hospital_robot/install/nav2_msgs/include/nav2_msgs/nav2_msgs/msg/detail/speed_limit__struct.hpp
[1.544s] -- Up-to-date symlink: /home/huuhoa/hospital_robot/install/nav2_msgs/include/nav2_msgs/nav2_msgs/msg/detail/speed_limit__traits.hpp
[1.544s] -- Up-to-date symlink: /home/huuhoa/hospital_robot/install/nav2_msgs/include/nav2_msgs/nav2_msgs/msg/detail/speed_limit__type_support.hpp
[1.544s] -- Up-to-date symlink: /home/huuhoa/hospital_robot/install/nav2_msgs/include/nav2_msgs/nav2_msgs/msg/detail/voxel_grid__builder.hpp
[1.544s] -- Up-to-date symlink: /home/huuhoa/hospital_robot/install/nav2_msgs/include/nav2_msgs/nav2_msgs/msg/detail/voxel_grid__struct.hpp
[1.546s] -- Up-to-date symlink: /home/huuhoa/hospital_robot/install/nav2_msgs/include/nav2_msgs/nav2_msgs/msg/detail/voxel_grid__traits.hpp
[1.548s] -- Up-to-date symlink: /home/huuhoa/hospital_robot/install/nav2_msgs/include/nav2_msgs/nav2_msgs/msg/detail/voxel_grid__type_support.hpp
[1.548s] -- Up-to-date symlink: /home/huuhoa/hospital_robot/install/nav2_msgs/include/nav2_msgs/nav2_msgs/msg/particle.hpp
[1.549s] -- Up-to-date symlink: /home/huuhoa/hospital_robot/install/nav2_msgs/include/nav2_msgs/nav2_msgs/msg/particle_cloud.hpp
[1.550s] -- Up-to-date symlink: /home/huuhoa/hospital_robot/install/nav2_msgs/include/nav2_msgs/nav2_msgs/msg/rosidl_generator_cpp__visibility_control.hpp
[1.553s] -- Up-to-date symlink: /home/huuhoa/hospital_robot/install/nav2_msgs/include/nav2_msgs/nav2_msgs/msg/speed_limit.hpp
[1.553s] -- Up-to-date symlink: /home/huuhoa/hospital_robot/install/nav2_msgs/include/nav2_msgs/nav2_msgs/msg/voxel_grid.hpp
[1.553s] -- Up-to-date symlink: /home/huuhoa/hospital_robot/install/nav2_msgs/include/nav2_msgs/nav2_msgs/srv/clear_costmap_around_robot.hpp
[1.557s] -- Up-to-date symlink: /home/huuhoa/hospital_robot/install/nav2_msgs/include/nav2_msgs/nav2_msgs/srv/clear_costmap_except_region.hpp
[1.559s] -- Up-to-date symlink: /home/huuhoa/hospital_robot/install/nav2_msgs/include/nav2_msgs/nav2_msgs/srv/clear_entire_costmap.hpp
[1.560s] -- Up-to-date symlink: /home/huuhoa/hospital_robot/install/nav2_msgs/include/nav2_msgs/nav2_msgs/srv/detail/clear_costmap_around_robot__builder.hpp
[1.562s] -- Up-to-date symlink: /home/huuhoa/hospital_robot/install/nav2_msgs/include/nav2_msgs/nav2_msgs/srv/detail/clear_costmap_around_robot__struct.hpp
[1.562s] -- Up-to-date symlink: /home/huuhoa/hospital_robot/install/nav2_msgs/include/nav2_msgs/nav2_msgs/srv/detail/clear_costmap_around_robot__traits.hpp
[1.562s] -- Up-to-date symlink: /home/huuhoa/hospital_robot/install/nav2_msgs/include/nav2_msgs/nav2_msgs/srv/detail/clear_costmap_around_robot__type_support.hpp
[1.564s] -- Up-to-date symlink: /home/huuhoa/hospital_robot/install/nav2_msgs/include/nav2_msgs/nav2_msgs/srv/detail/clear_costmap_except_region__builder.hpp
[1.565s] -- Up-to-date symlink: /home/huuhoa/hospital_robot/install/nav2_msgs/include/nav2_msgs/nav2_msgs/srv/detail/clear_costmap_except_region__struct.hpp
[1.567s] -- Up-to-date symlink: /home/huuhoa/hospital_robot/install/nav2_msgs/include/nav2_msgs/nav2_msgs/srv/detail/clear_costmap_except_region__traits.hpp
[1.568s] -- Up-to-date symlink: /home/huuhoa/hospital_robot/install/nav2_msgs/include/nav2_msgs/nav2_msgs/srv/detail/clear_costmap_except_region__type_support.hpp
[1.570s] -- Up-to-date symlink: /home/huuhoa/hospital_robot/install/nav2_msgs/include/nav2_msgs/nav2_msgs/srv/detail/clear_entire_costmap__builder.hpp
[1.571s] -- Up-to-date symlink: /home/huuhoa/hospital_robot/install/nav2_msgs/include/nav2_msgs/nav2_msgs/srv/detail/clear_entire_costmap__struct.hpp
[1.572s] -- Up-to-date symlink: /home/huuhoa/hospital_robot/install/nav2_msgs/include/nav2_msgs/nav2_msgs/srv/detail/clear_entire_costmap__traits.hpp
[1.572s] -- Up-to-date symlink: /home/huuhoa/hospital_robot/install/nav2_msgs/include/nav2_msgs/nav2_msgs/srv/detail/clear_entire_costmap__type_support.hpp
[1.573s] -- Up-to-date symlink: /home/huuhoa/hospital_robot/install/nav2_msgs/include/nav2_msgs/nav2_msgs/srv/detail/get_costmap__builder.hpp
[1.575s] -- Up-to-date symlink: /home/huuhoa/hospital_robot/install/nav2_msgs/include/nav2_msgs/nav2_msgs/srv/detail/get_costmap__struct.hpp
[1.575s] -- Up-to-date symlink: /home/huuhoa/hospital_robot/install/nav2_msgs/include/nav2_msgs/nav2_msgs/srv/detail/get_costmap__traits.hpp
[1.576s] -- Up-to-date symlink: /home/huuhoa/hospital_robot/install/nav2_msgs/include/nav2_msgs/nav2_msgs/srv/detail/get_costmap__type_support.hpp
[1.577s] -- Up-to-date symlink: /home/huuhoa/hospital_robot/install/nav2_msgs/include/nav2_msgs/nav2_msgs/srv/detail/is_path_valid__builder.hpp
[1.581s] -- Up-to-date symlink: /home/huuhoa/hospital_robot/install/nav2_msgs/include/nav2_msgs/nav2_msgs/srv/detail/is_path_valid__struct.hpp
[1.583s] -- Up-to-date symlink: /home/huuhoa/hospital_robot/install/nav2_msgs/include/nav2_msgs/nav2_msgs/srv/detail/is_path_valid__traits.hpp
[1.583s] -- Up-to-date symlink: /home/huuhoa/hospital_robot/install/nav2_msgs/include/nav2_msgs/nav2_msgs/srv/detail/is_path_valid__type_support.hpp
[1.586s] -- Up-to-date symlink: /home/huuhoa/hospital_robot/install/nav2_msgs/include/nav2_msgs/nav2_msgs/srv/detail/load_map__builder.hpp
[1.587s] -- Up-to-date symlink: /home/huuhoa/hospital_robot/install/nav2_msgs/include/nav2_msgs/nav2_msgs/srv/detail/load_map__struct.hpp
[1.588s] -- Up-to-date symlink: /home/huuhoa/hospital_robot/install/nav2_msgs/include/nav2_msgs/nav2_msgs/srv/detail/load_map__traits.hpp
[1.590s] -- Up-to-date symlink: /home/huuhoa/hospital_robot/install/nav2_msgs/include/nav2_msgs/nav2_msgs/srv/detail/load_map__type_support.hpp
[1.592s] -- Up-to-date symlink: /home/huuhoa/hospital_robot/install/nav2_msgs/include/nav2_msgs/nav2_msgs/srv/detail/manage_lifecycle_nodes__builder.hpp
[1.593s] -- Up-to-date symlink: /home/huuhoa/hospital_robot/install/nav2_msgs/include/nav2_msgs/nav2_msgs/srv/detail/manage_lifecycle_nodes__struct.hpp
[1.595s] -- Up-to-date symlink: /home/huuhoa/hospital_robot/install/nav2_msgs/include/nav2_msgs/nav2_msgs/srv/detail/manage_lifecycle_nodes__traits.hpp
[1.596s] -- Up-to-date symlink: /home/huuhoa/hospital_robot/install/nav2_msgs/include/nav2_msgs/nav2_msgs/srv/detail/manage_lifecycle_nodes__type_support.hpp
[1.597s] -- Up-to-date symlink: /home/huuhoa/hospital_robot/install/nav2_msgs/include/nav2_msgs/nav2_msgs/srv/detail/save_map__builder.hpp
[1.601s] -- Up-to-date symlink: /home/huuhoa/hospital_robot/install/nav2_msgs/include/nav2_msgs/nav2_msgs/srv/detail/save_map__struct.hpp
[1.602s] -- Up-to-date symlink: /home/huuhoa/hospital_robot/install/nav2_msgs/include/nav2_msgs/nav2_msgs/srv/detail/save_map__traits.hpp
[1.603s] -- Up-to-date symlink: /home/huuhoa/hospital_robot/install/nav2_msgs/include/nav2_msgs/nav2_msgs/srv/detail/save_map__type_support.hpp
[1.606s] -- Up-to-date symlink: /home/huuhoa/hospital_robot/install/nav2_msgs/include/nav2_msgs/nav2_msgs/srv/detail/set_initial_pose__builder.hpp
[1.607s] -- Up-to-date symlink: /home/huuhoa/hospital_robot/install/nav2_msgs/include/nav2_msgs/nav2_msgs/srv/detail/set_initial_pose__struct.hpp
[1.608s] -- Up-to-date symlink: /home/huuhoa/hospital_robot/install/nav2_msgs/include/nav2_msgs/nav2_msgs/srv/detail/set_initial_pose__traits.hpp
[1.609s] -- Up-to-date symlink: /home/huuhoa/hospital_robot/install/nav2_msgs/include/nav2_msgs/nav2_msgs/srv/detail/set_initial_pose__type_support.hpp
[1.610s] -- Up-to-date symlink: /home/huuhoa/hospital_robot/install/nav2_msgs/include/nav2_msgs/nav2_msgs/srv/get_costmap.hpp
[1.610s] -- Up-to-date symlink: /home/huuhoa/hospital_robot/install/nav2_msgs/include/nav2_msgs/nav2_msgs/srv/is_path_valid.hpp
[1.611s] -- Up-to-date symlink: /home/huuhoa/hospital_robot/install/nav2_msgs/include/nav2_msgs/nav2_msgs/srv/load_map.hpp
[1.612s] -- Up-to-date symlink: /home/huuhoa/hospital_robot/install/nav2_msgs/include/nav2_msgs/nav2_msgs/srv/manage_lifecycle_nodes.hpp
[1.613s] -- Up-to-date symlink: /home/huuhoa/hospital_robot/install/nav2_msgs/include/nav2_msgs/nav2_msgs/srv/save_map.hpp
[1.613s] -- Up-to-date symlink: /home/huuhoa/hospital_robot/install/nav2_msgs/include/nav2_msgs/nav2_msgs/srv/set_initial_pose.hpp
[1.616s] -- Up-to-date symlink: /home/huuhoa/hospital_robot/install/nav2_msgs/include/nav2_msgs/nav2_msgs/action/detail/assisted_teleop__rosidl_typesupport_fastrtps_cpp.hpp
[1.617s] -- Up-to-date symlink: /home/huuhoa/hospital_robot/install/nav2_msgs/include/nav2_msgs/nav2_msgs/action/detail/back_up__rosidl_typesupport_fastrtps_cpp.hpp
[1.620s] -- Up-to-date symlink: /home/huuhoa/hospital_robot/install/nav2_msgs/include/nav2_msgs/nav2_msgs/action/detail/compute_path_through_poses__rosidl_typesupport_fastrtps_cpp.hpp
[1.620s] -- Up-to-date symlink: /home/huuhoa/hospital_robot/install/nav2_msgs/include/nav2_msgs/nav2_msgs/action/detail/compute_path_to_pose__rosidl_typesupport_fastrtps_cpp.hpp
[1.620s] -- Up-to-date symlink: /home/huuhoa/hospital_robot/install/nav2_msgs/include/nav2_msgs/nav2_msgs/action/detail/drive_on_heading__rosidl_typesupport_fastrtps_cpp.hpp
[1.621s] -- Up-to-date symlink: /home/huuhoa/hospital_robot/install/nav2_msgs/include/nav2_msgs/nav2_msgs/action/detail/dummy_behavior__rosidl_typesupport_fastrtps_cpp.hpp
[1.622s] -- Up-to-date symlink: /home/huuhoa/hospital_robot/install/nav2_msgs/include/nav2_msgs/nav2_msgs/action/detail/follow_path__rosidl_typesupport_fastrtps_cpp.hpp
[1.623s] -- Up-to-date symlink: /home/huuhoa/hospital_robot/install/nav2_msgs/include/nav2_msgs/nav2_msgs/action/detail/follow_waypoints__rosidl_typesupport_fastrtps_cpp.hpp
[1.630s] -- Up-to-date symlink: /home/huuhoa/hospital_robot/install/nav2_msgs/include/nav2_msgs/nav2_msgs/action/detail/navigate_through_poses__rosidl_typesupport_fastrtps_cpp.hpp
[1.630s] -- Up-to-date symlink: /home/huuhoa/hospital_robot/install/nav2_msgs/include/nav2_msgs/nav2_msgs/action/detail/navigate_to_pose__rosidl_typesupport_fastrtps_cpp.hpp
[1.630s] -- Up-to-date symlink: /home/huuhoa/hospital_robot/install/nav2_msgs/include/nav2_msgs/nav2_msgs/action/detail/smooth_path__rosidl_typesupport_fastrtps_cpp.hpp
[1.634s] -- Up-to-date symlink: /home/huuhoa/hospital_robot/install/nav2_msgs/include/nav2_msgs/nav2_msgs/action/detail/spin__rosidl_typesupport_fastrtps_cpp.hpp
[1.634s] -- Up-to-date symlink: /home/huuhoa/hospital_robot/install/nav2_msgs/include/nav2_msgs/nav2_msgs/action/detail/wait__rosidl_typesupport_fastrtps_cpp.hpp
[1.637s] -- Up-to-date symlink: /home/huuhoa/hospital_robot/install/nav2_msgs/include/nav2_msgs/nav2_msgs/msg/detail/behavior_tree_log__rosidl_typesupport_fastrtps_cpp.hpp
[1.637s] -- Up-to-date symlink: /home/huuhoa/hospital_robot/install/nav2_msgs/include/nav2_msgs/nav2_msgs/msg/detail/behavior_tree_status_change__rosidl_typesupport_fastrtps_cpp.hpp
[1.645s] -- Up-to-date symlink: /home/huuhoa/hospital_robot/install/nav2_msgs/include/nav2_msgs/nav2_msgs/msg/detail/collision_monitor_state__rosidl_typesupport_fastrtps_cpp.hpp
[1.646s] -- Up-to-date symlink: /home/huuhoa/hospital_robot/install/nav2_msgs/include/nav2_msgs/nav2_msgs/msg/detail/costmap__rosidl_typesupport_fastrtps_cpp.hpp
[1.648s] -- Up-to-date symlink: /home/huuhoa/hospital_robot/install/nav2_msgs/include/nav2_msgs/nav2_msgs/msg/detail/costmap_filter_info__rosidl_typesupport_fastrtps_cpp.hpp
[1.649s] -- Up-to-date symlink: /home/huuhoa/hospital_robot/install/nav2_msgs/include/nav2_msgs/nav2_msgs/msg/detail/costmap_meta_data__rosidl_typesupport_fastrtps_cpp.hpp
[1.655s] -- Up-to-date symlink: /home/huuhoa/hospital_robot/install/nav2_msgs/include/nav2_msgs/nav2_msgs/msg/detail/particle__rosidl_typesupport_fastrtps_cpp.hpp
[1.655s] -- Up-to-date symlink: /home/huuhoa/hospital_robot/install/nav2_msgs/include/nav2_msgs/nav2_msgs/msg/detail/particle_cloud__rosidl_typesupport_fastrtps_cpp.hpp
[1.656s] -- Up-to-date symlink: /home/huuhoa/hospital_robot/install/nav2_msgs/include/nav2_msgs/nav2_msgs/msg/detail/speed_limit__rosidl_typesupport_fastrtps_cpp.hpp
[1.657s] -- Up-to-date symlink: /home/huuhoa/hospital_robot/install/nav2_msgs/include/nav2_msgs/nav2_msgs/msg/detail/voxel_grid__rosidl_typesupport_fastrtps_cpp.hpp
[1.658s] -- Up-to-date symlink: /home/huuhoa/hospital_robot/install/nav2_msgs/include/nav2_msgs/nav2_msgs/msg/rosidl_typesupport_fastrtps_cpp__visibility_control.h
[1.660s] -- Up-to-date symlink: /home/huuhoa/hospital_robot/install/nav2_msgs/include/nav2_msgs/nav2_msgs/srv/detail/clear_costmap_around_robot__rosidl_typesupport_fastrtps_cpp.hpp
[1.661s] -- Up-to-date symlink: /home/huuhoa/hospital_robot/install/nav2_msgs/include/nav2_msgs/nav2_msgs/srv/detail/clear_costmap_except_region__rosidl_typesupport_fastrtps_cpp.hpp
[1.662s] -- Up-to-date symlink: /home/huuhoa/hospital_robot/install/nav2_msgs/include/nav2_msgs/nav2_msgs/srv/detail/clear_entire_costmap__rosidl_typesupport_fastrtps_cpp.hpp
[1.663s] -- Up-to-date symlink: /home/huuhoa/hospital_robot/install/nav2_msgs/include/nav2_msgs/nav2_msgs/srv/detail/get_costmap__rosidl_typesupport_fastrtps_cpp.hpp
[1.664s] -- Up-to-date symlink: /home/huuhoa/hospital_robot/install/nav2_msgs/include/nav2_msgs/nav2_msgs/srv/detail/is_path_valid__rosidl_typesupport_fastrtps_cpp.hpp
[1.667s] -- Up-to-date symlink: /home/huuhoa/hospital_robot/install/nav2_msgs/include/nav2_msgs/nav2_msgs/srv/detail/load_map__rosidl_typesupport_fastrtps_cpp.hpp
[1.667s] -- Up-to-date symlink: /home/huuhoa/hospital_robot/install/nav2_msgs/include/nav2_msgs/nav2_msgs/srv/detail/manage_lifecycle_nodes__rosidl_typesupport_fastrtps_cpp.hpp
[1.668s] -- Up-to-date symlink: /home/huuhoa/hospital_robot/install/nav2_msgs/include/nav2_msgs/nav2_msgs/srv/detail/save_map__rosidl_typesupport_fastrtps_cpp.hpp
[1.673s] -- Up-to-date symlink: /home/huuhoa/hospital_robot/install/nav2_msgs/include/nav2_msgs/nav2_msgs/srv/detail/set_initial_pose__rosidl_typesupport_fastrtps_cpp.hpp
[1.675s] -- Up-to-date symlink: /home/huuhoa/hospital_robot/install/nav2_msgs/include/nav2_msgs/nav2_msgs/action/detail/assisted_teleop__rosidl_typesupport_introspection_c.h
[1.676s] -- Up-to-date symlink: /home/huuhoa/hospital_robot/install/nav2_msgs/include/nav2_msgs/nav2_msgs/action/detail/back_up__rosidl_typesupport_introspection_c.h
[1.677s] -- Up-to-date symlink: /home/huuhoa/hospital_robot/install/nav2_msgs/include/nav2_msgs/nav2_msgs/action/detail/compute_path_through_poses__rosidl_typesupport_introspection_c.h
[1.678s] -- Up-to-date symlink: /home/huuhoa/hospital_robot/install/nav2_msgs/include/nav2_msgs/nav2_msgs/action/detail/compute_path_to_pose__rosidl_typesupport_introspection_c.h
[1.679s] -- Up-to-date symlink: /home/huuhoa/hospital_robot/install/nav2_msgs/include/nav2_msgs/nav2_msgs/action/detail/drive_on_heading__rosidl_typesupport_introspection_c.h
[1.685s] -- Up-to-date symlink: /home/huuhoa/hospital_robot/install/nav2_msgs/include/nav2_msgs/nav2_msgs/action/detail/dummy_behavior__rosidl_typesupport_introspection_c.h
[1.687s] -- Up-to-date symlink: /home/huuhoa/hospital_robot/install/nav2_msgs/include/nav2_msgs/nav2_msgs/action/detail/follow_path__rosidl_typesupport_introspection_c.h
[1.687s] -- Up-to-date symlink: /home/huuhoa/hospital_robot/install/nav2_msgs/include/nav2_msgs/nav2_msgs/action/detail/follow_waypoints__rosidl_typesupport_introspection_c.h
[1.689s] -- Up-to-date symlink: /home/huuhoa/hospital_robot/install/nav2_msgs/include/nav2_msgs/nav2_msgs/action/detail/navigate_through_poses__rosidl_typesupport_introspection_c.h
[1.690s] -- Up-to-date symlink: /home/huuhoa/hospital_robot/install/nav2_msgs/include/nav2_msgs/nav2_msgs/action/detail/navigate_to_pose__rosidl_typesupport_introspection_c.h
[1.692s] -- Up-to-date symlink: /home/huuhoa/hospital_robot/install/nav2_msgs/include/nav2_msgs/nav2_msgs/action/detail/smooth_path__rosidl_typesupport_introspection_c.h
[1.695s] -- Up-to-date symlink: /home/huuhoa/hospital_robot/install/nav2_msgs/include/nav2_msgs/nav2_msgs/action/detail/spin__rosidl_typesupport_introspection_c.h
[1.697s] -- Up-to-date symlink: /home/huuhoa/hospital_robot/install/nav2_msgs/include/nav2_msgs/nav2_msgs/action/detail/wait__rosidl_typesupport_introspection_c.h
[1.697s] -- Up-to-date symlink: /home/huuhoa/hospital_robot/install/nav2_msgs/include/nav2_msgs/nav2_msgs/msg/detail/behavior_tree_log__rosidl_typesupport_introspection_c.h
[1.699s] -- Up-to-date symlink: /home/huuhoa/hospital_robot/install/nav2_msgs/include/nav2_msgs/nav2_msgs/msg/detail/behavior_tree_status_change__rosidl_typesupport_introspection_c.h
[1.699s] -- Up-to-date symlink: /home/huuhoa/hospital_robot/install/nav2_msgs/include/nav2_msgs/nav2_msgs/msg/detail/collision_monitor_state__rosidl_typesupport_introspection_c.h
[1.701s] -- Up-to-date symlink: /home/huuhoa/hospital_robot/install/nav2_msgs/include/nav2_msgs/nav2_msgs/msg/detail/costmap__rosidl_typesupport_introspection_c.h
[1.701s] -- Up-to-date symlink: /home/huuhoa/hospital_robot/install/nav2_msgs/include/nav2_msgs/nav2_msgs/msg/detail/costmap_filter_info__rosidl_typesupport_introspection_c.h
[1.702s] -- Up-to-date symlink: /home/huuhoa/hospital_robot/install/nav2_msgs/include/nav2_msgs/nav2_msgs/msg/detail/costmap_meta_data__rosidl_typesupport_introspection_c.h
[1.703s] -- Up-to-date symlink: /home/huuhoa/hospital_robot/install/nav2_msgs/include/nav2_msgs/nav2_msgs/msg/detail/particle__rosidl_typesupport_introspection_c.h
[1.703s] -- Up-to-date symlink: /home/huuhoa/hospital_robot/install/nav2_msgs/include/nav2_msgs/nav2_msgs/msg/detail/particle_cloud__rosidl_typesupport_introspection_c.h
[1.705s] -- Up-to-date symlink: /home/huuhoa/hospital_robot/install/nav2_msgs/include/nav2_msgs/nav2_msgs/msg/detail/speed_limit__rosidl_typesupport_introspection_c.h
[1.706s] -- Up-to-date symlink: /home/huuhoa/hospital_robot/install/nav2_msgs/include/nav2_msgs/nav2_msgs/msg/detail/voxel_grid__rosidl_typesupport_introspection_c.h
[1.707s] -- Up-to-date symlink: /home/huuhoa/hospital_robot/install/nav2_msgs/include/nav2_msgs/nav2_msgs/msg/rosidl_typesupport_introspection_c__visibility_control.h
[1.708s] -- Up-to-date symlink: /home/huuhoa/hospital_robot/install/nav2_msgs/include/nav2_msgs/nav2_msgs/srv/detail/clear_costmap_around_robot__rosidl_typesupport_introspection_c.h
[1.710s] -- Up-to-date symlink: /home/huuhoa/hospital_robot/install/nav2_msgs/include/nav2_msgs/nav2_msgs/srv/detail/clear_costmap_except_region__rosidl_typesupport_introspection_c.h
[1.711s] -- Up-to-date symlink: /home/huuhoa/hospital_robot/install/nav2_msgs/include/nav2_msgs/nav2_msgs/srv/detail/clear_entire_costmap__rosidl_typesupport_introspection_c.h
[1.712s] -- Up-to-date symlink: /home/huuhoa/hospital_robot/install/nav2_msgs/include/nav2_msgs/nav2_msgs/srv/detail/get_costmap__rosidl_typesupport_introspection_c.h
[1.716s] -- Up-to-date symlink: /home/huuhoa/hospital_robot/install/nav2_msgs/include/nav2_msgs/nav2_msgs/srv/detail/is_path_valid__rosidl_typesupport_introspection_c.h
[1.718s] -- Up-to-date symlink: /home/huuhoa/hospital_robot/install/nav2_msgs/include/nav2_msgs/nav2_msgs/srv/detail/load_map__rosidl_typesupport_introspection_c.h
[1.719s] -- Up-to-date symlink: /home/huuhoa/hospital_robot/install/nav2_msgs/include/nav2_msgs/nav2_msgs/srv/detail/manage_lifecycle_nodes__rosidl_typesupport_introspection_c.h
[1.720s] -- Up-to-date symlink: /home/huuhoa/hospital_robot/install/nav2_msgs/include/nav2_msgs/nav2_msgs/srv/detail/save_map__rosidl_typesupport_introspection_c.h
[1.721s] -- Up-to-date symlink: /home/huuhoa/hospital_robot/install/nav2_msgs/include/nav2_msgs/nav2_msgs/srv/detail/set_initial_pose__rosidl_typesupport_introspection_c.h
[1.725s] -- Up-to-date symlink: /home/huuhoa/hospital_robot/install/nav2_msgs/include/nav2_msgs/nav2_msgs/action/detail/assisted_teleop__rosidl_typesupport_introspection_cpp.hpp
[1.726s] -- Up-to-date symlink: /home/huuhoa/hospital_robot/install/nav2_msgs/include/nav2_msgs/nav2_msgs/action/detail/back_up__rosidl_typesupport_introspection_cpp.hpp
[1.735s] -- Up-to-date symlink: /home/huuhoa/hospital_robot/install/nav2_msgs/include/nav2_msgs/nav2_msgs/action/detail/compute_path_through_poses__rosidl_typesupport_introspection_cpp.hpp
[1.736s] -- Up-to-date symlink: /home/huuhoa/hospital_robot/install/nav2_msgs/include/nav2_msgs/nav2_msgs/action/detail/compute_path_to_pose__rosidl_typesupport_introspection_cpp.hpp
[1.736s] -- Up-to-date symlink: /home/huuhoa/hospital_robot/install/nav2_msgs/include/nav2_msgs/nav2_msgs/action/detail/drive_on_heading__rosidl_typesupport_introspection_cpp.hpp
[1.736s] -- Up-to-date symlink: /home/huuhoa/hospital_robot/install/nav2_msgs/include/nav2_msgs/nav2_msgs/action/detail/dummy_behavior__rosidl_typesupport_introspection_cpp.hpp
[1.736s] -- Up-to-date symlink: /home/huuhoa/hospital_robot/install/nav2_msgs/include/nav2_msgs/nav2_msgs/action/detail/follow_path__rosidl_typesupport_introspection_cpp.hpp
[1.739s] -- Up-to-date symlink: /home/huuhoa/hospital_robot/install/nav2_msgs/include/nav2_msgs/nav2_msgs/action/detail/follow_waypoints__rosidl_typesupport_introspection_cpp.hpp
[1.739s] -- Up-to-date symlink: /home/huuhoa/hospital_robot/install/nav2_msgs/include/nav2_msgs/nav2_msgs/action/detail/navigate_through_poses__rosidl_typesupport_introspection_cpp.hpp
[1.739s] -- Up-to-date symlink: /home/huuhoa/hospital_robot/install/nav2_msgs/include/nav2_msgs/nav2_msgs/action/detail/navigate_to_pose__rosidl_typesupport_introspection_cpp.hpp
[1.742s] -- Up-to-date symlink: /home/huuhoa/hospital_robot/install/nav2_msgs/include/nav2_msgs/nav2_msgs/action/detail/smooth_path__rosidl_typesupport_introspection_cpp.hpp
[1.742s] -- Up-to-date symlink: /home/huuhoa/hospital_robot/install/nav2_msgs/include/nav2_msgs/nav2_msgs/action/detail/spin__rosidl_typesupport_introspection_cpp.hpp
[1.742s] -- Up-to-date symlink: /home/huuhoa/hospital_robot/install/nav2_msgs/include/nav2_msgs/nav2_msgs/action/detail/wait__rosidl_typesupport_introspection_cpp.hpp
[1.749s] -- Up-to-date symlink: /home/huuhoa/hospital_robot/install/nav2_msgs/include/nav2_msgs/nav2_msgs/msg/detail/behavior_tree_log__rosidl_typesupport_introspection_cpp.hpp
[1.749s] -- Up-to-date symlink: /home/huuhoa/hospital_robot/install/nav2_msgs/include/nav2_msgs/nav2_msgs/msg/detail/behavior_tree_status_change__rosidl_typesupport_introspection_cpp.hpp
[1.750s] -- Up-to-date symlink: /home/huuhoa/hospital_robot/install/nav2_msgs/include/nav2_msgs/nav2_msgs/msg/detail/collision_monitor_state__rosidl_typesupport_introspection_cpp.hpp
[1.752s] -- Up-to-date symlink: /home/huuhoa/hospital_robot/install/nav2_msgs/include/nav2_msgs/nav2_msgs/msg/detail/costmap__rosidl_typesupport_introspection_cpp.hpp
[1.753s] -- Up-to-date symlink: /home/huuhoa/hospital_robot/install/nav2_msgs/include/nav2_msgs/nav2_msgs/msg/detail/costmap_filter_info__rosidl_typesupport_introspection_cpp.hpp
[1.753s] -- Up-to-date symlink: /home/huuhoa/hospital_robot/install/nav2_msgs/include/nav2_msgs/nav2_msgs/msg/detail/costmap_meta_data__rosidl_typesupport_introspection_cpp.hpp
[1.757s] -- Up-to-date symlink: /home/huuhoa/hospital_robot/install/nav2_msgs/include/nav2_msgs/nav2_msgs/msg/detail/particle__rosidl_typesupport_introspection_cpp.hpp
[1.757s] -- Up-to-date symlink: /home/huuhoa/hospital_robot/install/nav2_msgs/include/nav2_msgs/nav2_msgs/msg/detail/particle_cloud__rosidl_typesupport_introspection_cpp.hpp
[1.759s] -- Up-to-date symlink: /home/huuhoa/hospital_robot/install/nav2_msgs/include/nav2_msgs/nav2_msgs/msg/detail/speed_limit__rosidl_typesupport_introspection_cpp.hpp
[1.760s] -- Up-to-date symlink: /home/huuhoa/hospital_robot/install/nav2_msgs/include/nav2_msgs/nav2_msgs/msg/detail/voxel_grid__rosidl_typesupport_introspection_cpp.hpp
[1.761s] -- Up-to-date symlink: /home/huuhoa/hospital_robot/install/nav2_msgs/include/nav2_msgs/nav2_msgs/srv/detail/clear_costmap_around_robot__rosidl_typesupport_introspection_cpp.hpp
[1.769s] -- Up-to-date symlink: /home/huuhoa/hospital_robot/install/nav2_msgs/include/nav2_msgs/nav2_msgs/srv/detail/clear_costmap_except_region__rosidl_typesupport_introspection_cpp.hpp
[1.769s] -- Up-to-date symlink: /home/huuhoa/hospital_robot/install/nav2_msgs/include/nav2_msgs/nav2_msgs/srv/detail/clear_entire_costmap__rosidl_typesupport_introspection_cpp.hpp
[1.770s] -- Up-to-date symlink: /home/huuhoa/hospital_robot/install/nav2_msgs/include/nav2_msgs/nav2_msgs/srv/detail/get_costmap__rosidl_typesupport_introspection_cpp.hpp
[1.771s] -- Up-to-date symlink: /home/huuhoa/hospital_robot/install/nav2_msgs/include/nav2_msgs/nav2_msgs/srv/detail/is_path_valid__rosidl_typesupport_introspection_cpp.hpp
[1.772s] -- Up-to-date symlink: /home/huuhoa/hospital_robot/install/nav2_msgs/include/nav2_msgs/nav2_msgs/srv/detail/load_map__rosidl_typesupport_introspection_cpp.hpp
[1.773s] -- Up-to-date symlink: /home/huuhoa/hospital_robot/install/nav2_msgs/include/nav2_msgs/nav2_msgs/srv/detail/manage_lifecycle_nodes__rosidl_typesupport_introspection_cpp.hpp
[1.774s] -- Up-to-date symlink: /home/huuhoa/hospital_robot/install/nav2_msgs/include/nav2_msgs/nav2_msgs/srv/detail/save_map__rosidl_typesupport_introspection_cpp.hpp
[1.775s] -- Up-to-date symlink: /home/huuhoa/hospital_robot/install/nav2_msgs/include/nav2_msgs/nav2_msgs/srv/detail/set_initial_pose__rosidl_typesupport_introspection_cpp.hpp
[1.776s] -- Up-to-date symlink: /home/huuhoa/hospital_robot/install/nav2_msgs/share/nav2_msgs/environment/pythonpath.sh
[1.777s] -- Up-to-date symlink: /home/huuhoa/hospital_robot/install/nav2_msgs/share/nav2_msgs/environment/pythonpath.dsv
[1.784s] -- Up-to-date symlink: /home/huuhoa/hospital_robot/install/nav2_msgs/local/lib/python3.10/dist-packages/nav2_msgs-1.1.18-py3.10.egg-info/PKG-INFO
[1.785s] -- Up-to-date symlink: /home/huuhoa/hospital_robot/install/nav2_msgs/local/lib/python3.10/dist-packages/nav2_msgs-1.1.18-py3.10.egg-info/SOURCES.txt
[1.791s] -- Up-to-date symlink: /home/huuhoa/hospital_robot/install/nav2_msgs/local/lib/python3.10/dist-packages/nav2_msgs-1.1.18-py3.10.egg-info/dependency_links.txt
[1.793s] -- Up-to-date symlink: /home/huuhoa/hospital_robot/install/nav2_msgs/local/lib/python3.10/dist-packages/nav2_msgs-1.1.18-py3.10.egg-info/top_level.txt
[1.802s] -- Up-to-date symlink: /home/huuhoa/hospital_robot/install/nav2_msgs/local/lib/python3.10/dist-packages/nav2_msgs/__init__.py
[1.804s] -- Up-to-date symlink: /home/huuhoa/hospital_robot/install/nav2_msgs/local/lib/python3.10/dist-packages/nav2_msgs/_nav2_msgs_s.ep.rosidl_typesupport_c.c
[1.805s] -- Up-to-date symlink: /home/huuhoa/hospital_robot/install/nav2_msgs/local/lib/python3.10/dist-packages/nav2_msgs/_nav2_msgs_s.ep.rosidl_typesupport_fastrtps_c.c
[1.807s] -- Up-to-date symlink: /home/huuhoa/hospital_robot/install/nav2_msgs/local/lib/python3.10/dist-packages/nav2_msgs/_nav2_msgs_s.ep.rosidl_typesupport_introspection_c.c
[1.809s] -- Up-to-date symlink: /home/huuhoa/hospital_robot/install/nav2_msgs/local/lib/python3.10/dist-packages/nav2_msgs/action/__init__.py
[1.811s] -- Up-to-date symlink: /home/huuhoa/hospital_robot/install/nav2_msgs/local/lib/python3.10/dist-packages/nav2_msgs/action/_assisted_teleop.py
[1.816s] -- Up-to-date symlink: /home/huuhoa/hospital_robot/install/nav2_msgs/local/lib/python3.10/dist-packages/nav2_msgs/action/_assisted_teleop_s.c
[1.818s] -- Up-to-date symlink: /home/huuhoa/hospital_robot/install/nav2_msgs/local/lib/python3.10/dist-packages/nav2_msgs/action/_back_up.py
[1.819s] -- Up-to-date symlink: /home/huuhoa/hospital_robot/install/nav2_msgs/local/lib/python3.10/dist-packages/nav2_msgs/action/_back_up_s.c
[1.820s] -- Up-to-date symlink: /home/huuhoa/hospital_robot/install/nav2_msgs/local/lib/python3.10/dist-packages/nav2_msgs/action/_compute_path_through_poses.py
[1.822s] -- Up-to-date symlink: /home/huuhoa/hospital_robot/install/nav2_msgs/local/lib/python3.10/dist-packages/nav2_msgs/action/_compute_path_through_poses_s.c
[1.824s] -- Up-to-date symlink: /home/huuhoa/hospital_robot/install/nav2_msgs/local/lib/python3.10/dist-packages/nav2_msgs/action/_compute_path_to_pose.py
[1.825s] -- Up-to-date symlink: /home/huuhoa/hospital_robot/install/nav2_msgs/local/lib/python3.10/dist-packages/nav2_msgs/action/_compute_path_to_pose_s.c
[1.826s] -- Up-to-date symlink: /home/huuhoa/hospital_robot/install/nav2_msgs/local/lib/python3.10/dist-packages/nav2_msgs/action/_drive_on_heading.py
[1.827s] -- Up-to-date symlink: /home/huuhoa/hospital_robot/install/nav2_msgs/local/lib/python3.10/dist-packages/nav2_msgs/action/_drive_on_heading_s.c
[1.828s] -- Up-to-date symlink: /home/huuhoa/hospital_robot/install/nav2_msgs/local/lib/python3.10/dist-packages/nav2_msgs/action/_dummy_behavior.py
[1.829s] -- Up-to-date symlink: /home/huuhoa/hospital_robot/install/nav2_msgs/local/lib/python3.10/dist-packages/nav2_msgs/action/_dummy_behavior_s.c
[1.837s] -- Up-to-date symlink: /home/huuhoa/hospital_robot/install/nav2_msgs/local/lib/python3.10/dist-packages/nav2_msgs/action/_follow_path.py
[1.838s] -- Up-to-date symlink: /home/huuhoa/hospital_robot/install/nav2_msgs/local/lib/python3.10/dist-packages/nav2_msgs/action/_follow_path_s.c
[1.839s] -- Up-to-date symlink: /home/huuhoa/hospital_robot/install/nav2_msgs/local/lib/python3.10/dist-packages/nav2_msgs/action/_follow_waypoints.py
[1.840s] -- Up-to-date symlink: /home/huuhoa/hospital_robot/install/nav2_msgs/local/lib/python3.10/dist-packages/nav2_msgs/action/_follow_waypoints_s.c
[1.841s] -- Up-to-date symlink: /home/huuhoa/hospital_robot/install/nav2_msgs/local/lib/python3.10/dist-packages/nav2_msgs/action/_navigate_through_poses.py
[1.846s] -- Up-to-date symlink: /home/huuhoa/hospital_robot/install/nav2_msgs/local/lib/python3.10/dist-packages/nav2_msgs/action/_navigate_through_poses_s.c
[1.847s] -- Up-to-date symlink: /home/huuhoa/hospital_robot/install/nav2_msgs/local/lib/python3.10/dist-packages/nav2_msgs/action/_navigate_to_pose.py
[1.849s] -- Up-to-date symlink: /home/huuhoa/hospital_robot/install/nav2_msgs/local/lib/python3.10/dist-packages/nav2_msgs/action/_navigate_to_pose_s.c
[1.849s] -- Up-to-date symlink: /home/huuhoa/hospital_robot/install/nav2_msgs/local/lib/python3.10/dist-packages/nav2_msgs/action/_smooth_path.py
[1.850s] -- Up-to-date symlink: /home/huuhoa/hospital_robot/install/nav2_msgs/local/lib/python3.10/dist-packages/nav2_msgs/action/_smooth_path_s.c
[1.850s] -- Up-to-date symlink: /home/huuhoa/hospital_robot/install/nav2_msgs/local/lib/python3.10/dist-packages/nav2_msgs/action/_spin.py
[1.851s] -- Up-to-date symlink: /home/huuhoa/hospital_robot/install/nav2_msgs/local/lib/python3.10/dist-packages/nav2_msgs/action/_spin_s.c
[1.852s] -- Up-to-date symlink: /home/huuhoa/hospital_robot/install/nav2_msgs/local/lib/python3.10/dist-packages/nav2_msgs/action/_wait.py
[1.858s] -- Up-to-date symlink: /home/huuhoa/hospital_robot/install/nav2_msgs/local/lib/python3.10/dist-packages/nav2_msgs/action/_wait_s.c
[1.858s] -- Up-to-date symlink: /home/huuhoa/hospital_robot/install/nav2_msgs/local/lib/python3.10/dist-packages/nav2_msgs/libnav2_msgs__rosidl_generator_py.so
[1.859s] -- Up-to-date symlink: /home/huuhoa/hospital_robot/install/nav2_msgs/local/lib/python3.10/dist-packages/nav2_msgs/msg/__init__.py
[1.859s] -- Up-to-date symlink: /home/huuhoa/hospital_robot/install/nav2_msgs/local/lib/python3.10/dist-packages/nav2_msgs/msg/_behavior_tree_log.py
[1.861s] -- Up-to-date symlink: /home/huuhoa/hospital_robot/install/nav2_msgs/local/lib/python3.10/dist-packages/nav2_msgs/msg/_behavior_tree_log_s.c
[1.862s] -- Up-to-date symlink: /home/huuhoa/hospital_robot/install/nav2_msgs/local/lib/python3.10/dist-packages/nav2_msgs/msg/_behavior_tree_status_change.py
[1.863s] -- Up-to-date symlink: /home/huuhoa/hospital_robot/install/nav2_msgs/local/lib/python3.10/dist-packages/nav2_msgs/msg/_behavior_tree_status_change_s.c
[1.865s] -- Up-to-date symlink: /home/huuhoa/hospital_robot/install/nav2_msgs/local/lib/python3.10/dist-packages/nav2_msgs/msg/_collision_monitor_state.py
[1.865s] -- Up-to-date symlink: /home/huuhoa/hospital_robot/install/nav2_msgs/local/lib/python3.10/dist-packages/nav2_msgs/msg/_collision_monitor_state_s.c
[1.866s] -- Up-to-date symlink: /home/huuhoa/hospital_robot/install/nav2_msgs/local/lib/python3.10/dist-packages/nav2_msgs/msg/_costmap.py
[1.868s] -- Up-to-date symlink: /home/huuhoa/hospital_robot/install/nav2_msgs/local/lib/python3.10/dist-packages/nav2_msgs/msg/_costmap_filter_info.py
[1.869s] -- Up-to-date symlink: /home/huuhoa/hospital_robot/install/nav2_msgs/local/lib/python3.10/dist-packages/nav2_msgs/msg/_costmap_filter_info_s.c
[1.870s] -- Up-to-date symlink: /home/huuhoa/hospital_robot/install/nav2_msgs/local/lib/python3.10/dist-packages/nav2_msgs/msg/_costmap_meta_data.py
[1.871s] -- Up-to-date symlink: /home/huuhoa/hospital_robot/install/nav2_msgs/local/lib/python3.10/dist-packages/nav2_msgs/msg/_costmap_meta_data_s.c
[1.872s] -- Up-to-date symlink: /home/huuhoa/hospital_robot/install/nav2_msgs/local/lib/python3.10/dist-packages/nav2_msgs/msg/_costmap_s.c
[1.880s] -- Up-to-date symlink: /home/huuhoa/hospital_robot/install/nav2_msgs/local/lib/python3.10/dist-packages/nav2_msgs/msg/_particle.py
[1.881s] -- Up-to-date symlink: /home/huuhoa/hospital_robot/install/nav2_msgs/local/lib/python3.10/dist-packages/nav2_msgs/msg/_particle_cloud.py
[1.883s] -- Up-to-date symlink: /home/huuhoa/hospital_robot/install/nav2_msgs/local/lib/python3.10/dist-packages/nav2_msgs/msg/_particle_cloud_s.c
[1.883s] -- Up-to-date symlink: /home/huuhoa/hospital_robot/install/nav2_msgs/local/lib/python3.10/dist-packages/nav2_msgs/msg/_particle_s.c
[1.885s] -- Up-to-date symlink: /home/huuhoa/hospital_robot/install/nav2_msgs/local/lib/python3.10/dist-packages/nav2_msgs/msg/_speed_limit.py
[1.887s] -- Up-to-date symlink: /home/huuhoa/hospital_robot/install/nav2_msgs/local/lib/python3.10/dist-packages/nav2_msgs/msg/_speed_limit_s.c
[1.887s] -- Up-to-date symlink: /home/huuhoa/hospital_robot/install/nav2_msgs/local/lib/python3.10/dist-packages/nav2_msgs/msg/_voxel_grid.py
[1.890s] -- Up-to-date symlink: /home/huuhoa/hospital_robot/install/nav2_msgs/local/lib/python3.10/dist-packages/nav2_msgs/msg/_voxel_grid_s.c
[1.890s] -- Up-to-date symlink: /home/huuhoa/hospital_robot/install/nav2_msgs/local/lib/python3.10/dist-packages/nav2_msgs/nav2_msgs_s__rosidl_typesupport_c.cpython-310-x86_64-linux-gnu.so
[1.891s] -- Up-to-date symlink: /home/huuhoa/hospital_robot/install/nav2_msgs/local/lib/python3.10/dist-packages/nav2_msgs/nav2_msgs_s__rosidl_typesupport_fastrtps_c.cpython-310-x86_64-linux-gnu.so
[1.893s] -- Up-to-date symlink: /home/huuhoa/hospital_robot/install/nav2_msgs/local/lib/python3.10/dist-packages/nav2_msgs/nav2_msgs_s__rosidl_typesupport_introspection_c.cpython-310-x86_64-linux-gnu.so
[1.896s] -- Up-to-date symlink: /home/huuhoa/hospital_robot/install/nav2_msgs/local/lib/python3.10/dist-packages/nav2_msgs/srv/__init__.py
[1.898s] -- Up-to-date symlink: /home/huuhoa/hospital_robot/install/nav2_msgs/local/lib/python3.10/dist-packages/nav2_msgs/srv/_clear_costmap_around_robot.py
[1.904s] -- Up-to-date symlink: /home/huuhoa/hospital_robot/install/nav2_msgs/local/lib/python3.10/dist-packages/nav2_msgs/srv/_clear_costmap_around_robot_s.c
[1.905s] -- Up-to-date symlink: /home/huuhoa/hospital_robot/install/nav2_msgs/local/lib/python3.10/dist-packages/nav2_msgs/srv/_clear_costmap_except_region.py
[1.906s] -- Up-to-date symlink: /home/huuhoa/hospital_robot/install/nav2_msgs/local/lib/python3.10/dist-packages/nav2_msgs/srv/_clear_costmap_except_region_s.c
[1.907s] -- Up-to-date symlink: /home/huuhoa/hospital_robot/install/nav2_msgs/local/lib/python3.10/dist-packages/nav2_msgs/srv/_clear_entire_costmap.py
[1.908s] -- Up-to-date symlink: /home/huuhoa/hospital_robot/install/nav2_msgs/local/lib/python3.10/dist-packages/nav2_msgs/srv/_clear_entire_costmap_s.c
[1.910s] -- Up-to-date symlink: /home/huuhoa/hospital_robot/install/nav2_msgs/local/lib/python3.10/dist-packages/nav2_msgs/srv/_get_costmap.py
[1.911s] -- Up-to-date symlink: /home/huuhoa/hospital_robot/install/nav2_msgs/local/lib/python3.10/dist-packages/nav2_msgs/srv/_get_costmap_s.c
[1.912s] -- Up-to-date symlink: /home/huuhoa/hospital_robot/install/nav2_msgs/local/lib/python3.10/dist-packages/nav2_msgs/srv/_is_path_valid.py
[1.913s] -- Up-to-date symlink: /home/huuhoa/hospital_robot/install/nav2_msgs/local/lib/python3.10/dist-packages/nav2_msgs/srv/_is_path_valid_s.c
[1.914s] -- Up-to-date symlink: /home/huuhoa/hospital_robot/install/nav2_msgs/local/lib/python3.10/dist-packages/nav2_msgs/srv/_load_map.py
[1.916s] -- Up-to-date symlink: /home/huuhoa/hospital_robot/install/nav2_msgs/local/lib/python3.10/dist-packages/nav2_msgs/srv/_load_map_s.c
[1.919s] -- Up-to-date symlink: /home/huuhoa/hospital_robot/install/nav2_msgs/local/lib/python3.10/dist-packages/nav2_msgs/srv/_manage_lifecycle_nodes.py
[1.919s] -- Up-to-date symlink: /home/huuhoa/hospital_robot/install/nav2_msgs/local/lib/python3.10/dist-packages/nav2_msgs/srv/_manage_lifecycle_nodes_s.c
[1.920s] -- Up-to-date symlink: /home/huuhoa/hospital_robot/install/nav2_msgs/local/lib/python3.10/dist-packages/nav2_msgs/srv/_save_map.py
[1.920s] -- Up-to-date symlink: /home/huuhoa/hospital_robot/install/nav2_msgs/local/lib/python3.10/dist-packages/nav2_msgs/srv/_save_map_s.c
[1.922s] -- Up-to-date symlink: /home/huuhoa/hospital_robot/install/nav2_msgs/local/lib/python3.10/dist-packages/nav2_msgs/srv/_set_initial_pose.py
[1.923s] -- Up-to-date symlink: /home/huuhoa/hospital_robot/install/nav2_msgs/local/lib/python3.10/dist-packages/nav2_msgs/srv/_set_initial_pose_s.c
[1.924s] -- Up-to-date symlink: /home/huuhoa/hospital_robot/install/nav2_msgs/local/lib/python3.10/dist-packages/nav2_msgs/nav2_msgs_s__rosidl_typesupport_fastrtps_c.cpython-310-x86_64-linux-gnu.so
[1.931s] -- Up-to-date symlink: /home/huuhoa/hospital_robot/install/nav2_msgs/local/lib/python3.10/dist-packages/nav2_msgs/nav2_msgs_s__rosidl_typesupport_introspection_c.cpython-310-x86_64-linux-gnu.so
[1.934s] -- Up-to-date symlink: /home/huuhoa/hospital_robot/install/nav2_msgs/local/lib/python3.10/dist-packages/nav2_msgs/nav2_msgs_s__rosidl_typesupport_c.cpython-310-x86_64-linux-gnu.so
[1.945s] -- Up-to-date symlink: /home/huuhoa/hospital_robot/install/nav2_msgs/share/nav2_msgs/msg/CollisionMonitorState.idl
[1.946s] -- Up-to-date symlink: /home/huuhoa/hospital_robot/install/nav2_msgs/share/nav2_msgs/msg/Costmap.idl
[1.947s] -- Up-to-date symlink: /home/huuhoa/hospital_robot/install/nav2_msgs/share/nav2_msgs/msg/CostmapMetaData.idl
[1.948s] -- Up-to-date symlink: /home/huuhoa/hospital_robot/install/nav2_msgs/share/nav2_msgs/msg/CostmapFilterInfo.idl
[1.950s] -- Up-to-date symlink: /home/huuhoa/hospital_robot/install/nav2_msgs/share/nav2_msgs/msg/SpeedLimit.idl
[1.950s] -- Up-to-date symlink: /home/huuhoa/hospital_robot/install/nav2_msgs/share/nav2_msgs/msg/VoxelGrid.idl
[1.951s] -- Up-to-date symlink: /home/huuhoa/hospital_robot/install/nav2_msgs/share/nav2_msgs/msg/BehaviorTreeStatusChange.idl
[1.952s] -- Up-to-date symlink: /home/huuhoa/hospital_robot/install/nav2_msgs/share/nav2_msgs/msg/BehaviorTreeLog.idl
[1.953s] -- Up-to-date symlink: /home/huuhoa/hospital_robot/install/nav2_msgs/share/nav2_msgs/msg/Particle.idl
[1.954s] -- Up-to-date symlink: /home/huuhoa/hospital_robot/install/nav2_msgs/share/nav2_msgs/msg/ParticleCloud.idl
[1.956s] -- Up-to-date symlink: /home/huuhoa/hospital_robot/install/nav2_msgs/share/nav2_msgs/srv/GetCostmap.idl
[1.959s] -- Up-to-date symlink: /home/huuhoa/hospital_robot/install/nav2_msgs/share/nav2_msgs/srv/IsPathValid.idl
[1.960s] -- Up-to-date symlink: /home/huuhoa/hospital_robot/install/nav2_msgs/share/nav2_msgs/srv/ClearCostmapExceptRegion.idl
[1.962s] -- Up-to-date symlink: /home/huuhoa/hospital_robot/install/nav2_msgs/share/nav2_msgs/srv/ClearCostmapAroundRobot.idl
[1.963s] -- Up-to-date symlink: /home/huuhoa/hospital_robot/install/nav2_msgs/share/nav2_msgs/srv/ClearEntireCostmap.idl
[1.964s] -- Up-to-date symlink: /home/huuhoa/hospital_robot/install/nav2_msgs/share/nav2_msgs/srv/ManageLifecycleNodes.idl
[1.965s] -- Up-to-date symlink: /home/huuhoa/hospital_robot/install/nav2_msgs/share/nav2_msgs/srv/LoadMap.idl
[1.969s] -- Up-to-date symlink: /home/huuhoa/hospital_robot/install/nav2_msgs/share/nav2_msgs/srv/SaveMap.idl
[1.970s] -- Up-to-date symlink: /home/huuhoa/hospital_robot/install/nav2_msgs/share/nav2_msgs/srv/SetInitialPose.idl
[1.971s] -- Up-to-date symlink: /home/huuhoa/hospital_robot/install/nav2_msgs/share/nav2_msgs/action/AssistedTeleop.idl
[1.972s] -- Up-to-date symlink: /home/huuhoa/hospital_robot/install/nav2_msgs/share/nav2_msgs/action/BackUp.idl
[1.973s] -- Up-to-date symlink: /home/huuhoa/hospital_robot/install/nav2_msgs/share/nav2_msgs/action/ComputePathToPose.idl
[1.974s] -- Up-to-date symlink: /home/huuhoa/hospital_robot/install/nav2_msgs/share/nav2_msgs/action/ComputePathThroughPoses.idl
[1.975s] -- Up-to-date symlink: /home/huuhoa/hospital_robot/install/nav2_msgs/share/nav2_msgs/action/DriveOnHeading.idl
[1.976s] -- Up-to-date symlink: /home/huuhoa/hospital_robot/install/nav2_msgs/share/nav2_msgs/action/SmoothPath.idl
[1.979s] -- Up-to-date symlink: /home/huuhoa/hospital_robot/install/nav2_msgs/share/nav2_msgs/action/FollowPath.idl
[1.980s] -- Up-to-date symlink: /home/huuhoa/hospital_robot/install/nav2_msgs/share/nav2_msgs/action/NavigateToPose.idl
[1.981s] -- Up-to-date symlink: /home/huuhoa/hospital_robot/install/nav2_msgs/share/nav2_msgs/action/NavigateThroughPoses.idl
[1.982s] -- Up-to-date symlink: /home/huuhoa/hospital_robot/install/nav2_msgs/share/nav2_msgs/action/Wait.idl
[1.984s] -- Up-to-date symlink: /home/huuhoa/hospital_robot/install/nav2_msgs/share/nav2_msgs/action/Spin.idl
[1.985s] -- Up-to-date symlink: /home/huuhoa/hospital_robot/install/nav2_msgs/share/nav2_msgs/action/DummyBehavior.idl
[1.986s] -- Up-to-date symlink: /home/huuhoa/hospital_robot/install/nav2_msgs/share/nav2_msgs/action/FollowWaypoints.idl
[1.988s] -- Up-to-date symlink: /home/huuhoa/hospital_robot/install/nav2_msgs/share/nav2_msgs/msg/CollisionMonitorState.msg
[1.990s] -- Up-to-date symlink: /home/huuhoa/hospital_robot/install/nav2_msgs/share/nav2_msgs/msg/Costmap.msg
[1.991s] -- Up-to-date symlink: /home/huuhoa/hospital_robot/install/nav2_msgs/share/nav2_msgs/msg/CostmapMetaData.msg
[1.993s] -- Up-to-date symlink: /home/huuhoa/hospital_robot/install/nav2_msgs/share/nav2_msgs/msg/CostmapFilterInfo.msg
[1.994s] -- Up-to-date symlink: /home/huuhoa/hospital_robot/install/nav2_msgs/share/nav2_msgs/msg/SpeedLimit.msg
[1.997s] -- Up-to-date symlink: /home/huuhoa/hospital_robot/install/nav2_msgs/share/nav2_msgs/msg/VoxelGrid.msg
[1.998s] -- Up-to-date symlink: /home/huuhoa/hospital_robot/install/nav2_msgs/share/nav2_msgs/msg/BehaviorTreeStatusChange.msg
[1.998s] -- Up-to-date symlink: /home/huuhoa/hospital_robot/install/nav2_msgs/share/nav2_msgs/msg/BehaviorTreeLog.msg
[1.999s] -- Up-to-date symlink: /home/huuhoa/hospital_robot/install/nav2_msgs/share/nav2_msgs/msg/Particle.msg
[2.000s] -- Up-to-date symlink: /home/huuhoa/hospital_robot/install/nav2_msgs/share/nav2_msgs/msg/ParticleCloud.msg
[2.005s] -- Up-to-date symlink: /home/huuhoa/hospital_robot/install/nav2_msgs/share/nav2_msgs/srv/GetCostmap.srv
[2.006s] -- Up-to-date symlink: /home/huuhoa/hospital_robot/install/nav2_msgs/share/nav2_msgs/srv/GetCostmap_Request.msg
[2.006s] -- Up-to-date symlink: /home/huuhoa/hospital_robot/install/nav2_msgs/share/nav2_msgs/srv/GetCostmap_Response.msg
[2.007s] -- Up-to-date symlink: /home/huuhoa/hospital_robot/install/nav2_msgs/share/nav2_msgs/srv/IsPathValid.srv
[2.009s] -- Up-to-date symlink: /home/huuhoa/hospital_robot/install/nav2_msgs/share/nav2_msgs/srv/IsPathValid_Request.msg
[2.010s] -- Up-to-date symlink: /home/huuhoa/hospital_robot/install/nav2_msgs/share/nav2_msgs/srv/IsPathValid_Response.msg
[2.013s] -- Up-to-date symlink: /home/huuhoa/hospital_robot/install/nav2_msgs/share/nav2_msgs/srv/ClearCostmapExceptRegion.srv
[2.013s] -- Up-to-date symlink: /home/huuhoa/hospital_robot/install/nav2_msgs/share/nav2_msgs/srv/ClearCostmapExceptRegion_Request.msg
[2.024s] -- Up-to-date symlink: /home/huuhoa/hospital_robot/install/nav2_msgs/share/nav2_msgs/srv/ClearCostmapExceptRegion_Response.msg
[2.024s] -- Up-to-date symlink: /home/huuhoa/hospital_robot/install/nav2_msgs/share/nav2_msgs/srv/ClearCostmapAroundRobot.srv
[2.027s] -- Up-to-date symlink: /home/huuhoa/hospital_robot/install/nav2_msgs/share/nav2_msgs/srv/ClearCostmapAroundRobot_Request.msg
[2.027s] -- Up-to-date symlink: /home/huuhoa/hospital_robot/install/nav2_msgs/share/nav2_msgs/srv/ClearCostmapAroundRobot_Response.msg
[2.028s] -- Up-to-date symlink: /home/huuhoa/hospital_robot/install/nav2_msgs/share/nav2_msgs/srv/ClearEntireCostmap.srv
[2.029s] -- Up-to-date symlink: /home/huuhoa/hospital_robot/install/nav2_msgs/share/nav2_msgs/srv/ClearEntireCostmap_Request.msg
[2.030s] -- Up-to-date symlink: /home/huuhoa/hospital_robot/install/nav2_msgs/share/nav2_msgs/srv/ClearEntireCostmap_Response.msg
[2.032s] -- Up-to-date symlink: /home/huuhoa/hospital_robot/install/nav2_msgs/share/nav2_msgs/srv/ManageLifecycleNodes.srv
[2.042s] -- Up-to-date symlink: /home/huuhoa/hospital_robot/install/nav2_msgs/share/nav2_msgs/srv/ManageLifecycleNodes_Request.msg
[2.042s] -- Up-to-date symlink: /home/huuhoa/hospital_robot/install/nav2_msgs/share/nav2_msgs/srv/ManageLifecycleNodes_Response.msg
[2.043s] -- Up-to-date symlink: /home/huuhoa/hospital_robot/install/nav2_msgs/share/nav2_msgs/srv/LoadMap.srv
[2.044s] -- Up-to-date symlink: /home/huuhoa/hospital_robot/install/nav2_msgs/share/nav2_msgs/srv/LoadMap_Request.msg
[2.045s] -- Up-to-date symlink: /home/huuhoa/hospital_robot/install/nav2_msgs/share/nav2_msgs/srv/LoadMap_Response.msg
[2.046s] -- Up-to-date symlink: /home/huuhoa/hospital_robot/install/nav2_msgs/share/nav2_msgs/srv/SaveMap.srv
[2.050s] -- Up-to-date symlink: /home/huuhoa/hospital_robot/install/nav2_msgs/share/nav2_msgs/srv/SaveMap_Request.msg
[2.054s] -- Up-to-date symlink: /home/huuhoa/hospital_robot/install/nav2_msgs/share/nav2_msgs/srv/SaveMap_Response.msg
[2.055s] -- Up-to-date symlink: /home/huuhoa/hospital_robot/install/nav2_msgs/share/nav2_msgs/srv/SetInitialPose.srv
[2.056s] -- Up-to-date symlink: /home/huuhoa/hospital_robot/install/nav2_msgs/share/nav2_msgs/srv/SetInitialPose_Request.msg
[2.057s] -- Up-to-date symlink: /home/huuhoa/hospital_robot/install/nav2_msgs/share/nav2_msgs/srv/SetInitialPose_Response.msg
[2.059s] -- Up-to-date symlink: /home/huuhoa/hospital_robot/install/nav2_msgs/share/nav2_msgs/action/AssistedTeleop.action
[2.060s] -- Up-to-date symlink: /home/huuhoa/hospital_robot/install/nav2_msgs/share/nav2_msgs/action/BackUp.action
[2.061s] -- Up-to-date symlink: /home/huuhoa/hospital_robot/install/nav2_msgs/share/nav2_msgs/action/ComputePathToPose.action
[2.062s] -- Up-to-date symlink: /home/huuhoa/hospital_robot/install/nav2_msgs/share/nav2_msgs/action/ComputePathThroughPoses.action
[2.064s] -- Up-to-date symlink: /home/huuhoa/hospital_robot/install/nav2_msgs/share/nav2_msgs/action/DriveOnHeading.action
[2.065s] -- Up-to-date symlink: /home/huuhoa/hospital_robot/install/nav2_msgs/share/nav2_msgs/action/SmoothPath.action
[2.071s] -- Up-to-date symlink: /home/huuhoa/hospital_robot/install/nav2_msgs/share/nav2_msgs/action/FollowPath.action
[2.071s] -- Up-to-date symlink: /home/huuhoa/hospital_robot/install/nav2_msgs/share/nav2_msgs/action/NavigateToPose.action
[2.071s] -- Up-to-date symlink: /home/huuhoa/hospital_robot/install/nav2_msgs/share/nav2_msgs/action/NavigateThroughPoses.action
[2.071s] -- Up-to-date symlink: /home/huuhoa/hospital_robot/install/nav2_msgs/share/nav2_msgs/action/Wait.action
[2.071s] -- Up-to-date symlink: /home/huuhoa/hospital_robot/install/nav2_msgs/share/nav2_msgs/action/Spin.action
[2.072s] -- Up-to-date symlink: /home/huuhoa/hospital_robot/install/nav2_msgs/share/nav2_msgs/action/DummyBehavior.action
[2.073s] -- Up-to-date symlink: /home/huuhoa/hospital_robot/install/nav2_msgs/share/nav2_msgs/action/FollowWaypoints.action
[2.075s] -- Up-to-date symlink: /home/huuhoa/hospital_robot/install/nav2_msgs/share/ament_index/resource_index/package_run_dependencies/nav2_msgs
[2.077s] -- Up-to-date symlink: /home/huuhoa/hospital_robot/install/nav2_msgs/share/ament_index/resource_index/parent_prefix_path/nav2_msgs
[2.078s] -- Up-to-date symlink: /home/huuhoa/hospital_robot/install/nav2_msgs/share/nav2_msgs/environment/ament_prefix_path.sh
[2.079s] -- Up-to-date symlink: /home/huuhoa/hospital_robot/install/nav2_msgs/share/nav2_msgs/environment/ament_prefix_path.dsv
[2.080s] -- Up-to-date symlink: /home/huuhoa/hospital_robot/install/nav2_msgs/share/nav2_msgs/environment/path.sh
[2.082s] -- Up-to-date symlink: /home/huuhoa/hospital_robot/install/nav2_msgs/share/nav2_msgs/environment/path.dsv
[2.082s] -- Up-to-date symlink: /home/huuhoa/hospital_robot/install/nav2_msgs/share/nav2_msgs/local_setup.bash
[2.083s] -- Up-to-date symlink: /home/huuhoa/hospital_robot/install/nav2_msgs/share/nav2_msgs/local_setup.sh
[2.085s] -- Up-to-date symlink: /home/huuhoa/hospital_robot/install/nav2_msgs/share/nav2_msgs/local_setup.zsh
[2.086s] -- Up-to-date symlink: /home/huuhoa/hospital_robot/install/nav2_msgs/share/nav2_msgs/local_setup.dsv
[2.087s] -- Symlinking: /home/huuhoa/hospital_robot/install/nav2_msgs/share/nav2_msgs/package.dsv
[2.102s] -- Up-to-date symlink: /home/huuhoa/hospital_robot/install/nav2_msgs/share/ament_index/resource_index/packages/nav2_msgs
[2.104s] -- Up-to-date symlink: /home/huuhoa/hospital_robot/install/nav2_msgs/share/nav2_msgs/cmake/rosidl_cmake-extras.cmake
[2.105s] -- Up-to-date symlink: /home/huuhoa/hospital_robot/install/nav2_msgs/share/nav2_msgs/cmake/ament_cmake_export_dependencies-extras.cmake
[2.107s] -- Up-to-date symlink: /home/huuhoa/hospital_robot/install/nav2_msgs/share/nav2_msgs/cmake/ament_cmake_export_include_directories-extras.cmake
[2.110s] -- Up-to-date symlink: /home/huuhoa/hospital_robot/install/nav2_msgs/share/nav2_msgs/cmake/ament_cmake_export_libraries-extras.cmake
[2.110s] -- Up-to-date symlink: /home/huuhoa/hospital_robot/install/nav2_msgs/share/nav2_msgs/cmake/ament_cmake_export_targets-extras.cmake
[2.112s] -- Up-to-date symlink: /home/huuhoa/hospital_robot/install/nav2_msgs/share/nav2_msgs/cmake/rosidl_cmake_export_typesupport_targets-extras.cmake
[2.113s] -- Up-to-date symlink: /home/huuhoa/hospital_robot/install/nav2_msgs/share/nav2_msgs/cmake/rosidl_cmake_export_typesupport_libraries-extras.cmake
[2.115s] -- Up-to-date symlink: /home/huuhoa/hospital_robot/install/nav2_msgs/share/nav2_msgs/cmake/nav2_msgsConfig.cmake
[2.116s] -- Up-to-date symlink: /home/huuhoa/hospital_robot/install/nav2_msgs/share/nav2_msgs/cmake/nav2_msgsConfig-version.cmake
[2.117s] -- Up-to-date symlink: /home/huuhoa/hospital_robot/install/nav2_msgs/share/nav2_msgs/package.xml
[2.122s] -- Up-to-date: /home/huuhoa/hospital_robot/install/nav2_msgs/lib/libnav2_msgs__rosidl_generator_c.so
[2.126s] -- Up-to-date: /home/huuhoa/hospital_robot/install/nav2_msgs/lib/libnav2_msgs__rosidl_typesupport_fastrtps_c.so
[2.129s] -- Up-to-date: /home/huuhoa/hospital_robot/install/nav2_msgs/lib/libnav2_msgs__rosidl_typesupport_fastrtps_cpp.so
[2.131s] -- Up-to-date: /home/huuhoa/hospital_robot/install/nav2_msgs/lib/libnav2_msgs__rosidl_typesupport_introspection_c.so
[2.134s] -- Up-to-date: /home/huuhoa/hospital_robot/install/nav2_msgs/lib/libnav2_msgs__rosidl_typesupport_c.so
[2.139s] -- Up-to-date: /home/huuhoa/hospital_robot/install/nav2_msgs/lib/libnav2_msgs__rosidl_typesupport_introspection_cpp.so
[2.147s] -- Up-to-date: /home/huuhoa/hospital_robot/install/nav2_msgs/lib/libnav2_msgs__rosidl_typesupport_cpp.so
[2.248s] Listing '/home/huuhoa/hospital_robot/install/nav2_msgs/local/lib/python3.10/dist-packages/nav2_msgs'...
[2.248s] Listing '/home/huuhoa/hospital_robot/install/nav2_msgs/local/lib/python3.10/dist-packages/nav2_msgs/action'...
[2.248s] Listing '/home/huuhoa/hospital_robot/install/nav2_msgs/local/lib/python3.10/dist-packages/nav2_msgs/msg'...
[2.248s] Listing '/home/huuhoa/hospital_robot/install/nav2_msgs/local/lib/python3.10/dist-packages/nav2_msgs/srv'...
[2.255s] -- Up-to-date: /home/huuhoa/hospital_robot/install/nav2_msgs/lib/libnav2_msgs__rosidl_generator_py.so
[2.261s] -- Up-to-date: /home/huuhoa/hospital_robot/install/nav2_msgs/share/nav2_msgs/cmake/export_nav2_msgs__rosidl_generator_cExport.cmake
[2.261s] -- Up-to-date: /home/huuhoa/hospital_robot/install/nav2_msgs/share/nav2_msgs/cmake/export_nav2_msgs__rosidl_generator_cExport-release.cmake
[2.263s] -- Up-to-date: /home/huuhoa/hospital_robot/install/nav2_msgs/share/nav2_msgs/cmake/export_nav2_msgs__rosidl_typesupport_fastrtps_cExport.cmake
[2.264s] -- Up-to-date: /home/huuhoa/hospital_robot/install/nav2_msgs/share/nav2_msgs/cmake/export_nav2_msgs__rosidl_typesupport_fastrtps_cExport-release.cmake
[2.266s] -- Up-to-date: /home/huuhoa/hospital_robot/install/nav2_msgs/share/nav2_msgs/cmake/export_nav2_msgs__rosidl_generator_cppExport.cmake
[2.267s] -- Up-to-date: /home/huuhoa/hospital_robot/install/nav2_msgs/share/nav2_msgs/cmake/export_nav2_msgs__rosidl_typesupport_fastrtps_cppExport.cmake
[2.267s] -- Up-to-date: /home/huuhoa/hospital_robot/install/nav2_msgs/share/nav2_msgs/cmake/export_nav2_msgs__rosidl_typesupport_fastrtps_cppExport-release.cmake
[2.269s] -- Up-to-date: /home/huuhoa/hospital_robot/install/nav2_msgs/share/nav2_msgs/cmake/nav2_msgs__rosidl_typesupport_introspection_cExport.cmake
[2.269s] -- Up-to-date: /home/huuhoa/hospital_robot/install/nav2_msgs/share/nav2_msgs/cmake/nav2_msgs__rosidl_typesupport_introspection_cExport-release.cmake
[2.270s] -- Up-to-date: /home/huuhoa/hospital_robot/install/nav2_msgs/share/nav2_msgs/cmake/nav2_msgs__rosidl_typesupport_cExport.cmake
[2.271s] -- Up-to-date: /home/huuhoa/hospital_robot/install/nav2_msgs/share/nav2_msgs/cmake/nav2_msgs__rosidl_typesupport_cExport-release.cmake
[2.273s] -- Up-to-date: /home/huuhoa/hospital_robot/install/nav2_msgs/share/nav2_msgs/cmake/nav2_msgs__rosidl_typesupport_introspection_cppExport.cmake
[2.273s] -- Up-to-date: /home/huuhoa/hospital_robot/install/nav2_msgs/share/nav2_msgs/cmake/nav2_msgs__rosidl_typesupport_introspection_cppExport-release.cmake
[2.275s] -- Up-to-date: /home/huuhoa/hospital_robot/install/nav2_msgs/share/nav2_msgs/cmake/nav2_msgs__rosidl_typesupport_cppExport.cmake
[2.275s] -- Up-to-date: /home/huuhoa/hospital_robot/install/nav2_msgs/share/nav2_msgs/cmake/nav2_msgs__rosidl_typesupport_cppExport-release.cmake
[2.277s] -- Up-to-date: /home/huuhoa/hospital_robot/install/nav2_msgs/share/nav2_msgs/cmake/export_nav2_msgs__rosidl_generator_pyExport.cmake
[2.278s] -- Up-to-date: /home/huuhoa/hospital_robot/install/nav2_msgs/share/nav2_msgs/cmake/export_nav2_msgs__rosidl_generator_pyExport-release.cmake
[2.286s] Invoked command in '/home/huuhoa/hospital_robot/build/nav2_msgs' returned '0': AMENT_PREFIX_PATH=/home/huuhoa/hospital_robot/install/nav2_common:${AMENT_PREFIX_PATH} CMAKE_PREFIX_PATH=/home/huuhoa/hospital_robot/install/nav2_common:/opt/ros/humble PYTHONPATH=/home/huuhoa/hospital_robot/install/nav2_common/local/lib/python3.10/dist-packages:${PYTHONPATH} /usr/bin/cmake --install /home/huuhoa/hospital_robot/build/nav2_msgs
