[0.032s] Invoking command in '/home/huuhoa/hospital_robot/build/nav2_lifecycle_manager': CMAKE_PREFIX_PATH=/home/huuhoa/hospital_robot/install/nav2_util:/home/huuhoa/hospital_robot/install/nav2_msgs:/home/huuhoa/hospital_robot/install/nav2_common:/home/huuhoa/hospital_robot/install/nav_2d_utils:/home/huuhoa/hospital_robot/install/dwb_msgs:/home/huuhoa/hospital_robot/install/nav_2d_msgs:/home/huuhoa/hospital_robot/install/nav2_voxel_grid:/home/huuhoa/hospital_robot/install/nav2_map_server:/home/huuhoa/hospital_robot/install/nav2_lifecycle_manager:/home/huuhoa/hospital_robot/install/map_msgs:/home/huuhoa/hospital_robot/install/hospital_package:/home/huuhoa/hospital_robot/install/nav2_simple_commander:/opt/ros/humble LD_LIBRARY_PATH=/home/huuhoa/hospital_robot/install/nav2_util/lib:/home/huuhoa/hospital_robot/install/nav2_msgs/lib:/home/huuhoa/hospital_robot/install/nav_2d_utils/lib:/home/huuhoa/hospital_robot/install/dwb_msgs/lib:/home/huuhoa/hospital_robot/install/nav_2d_msgs/lib:/home/huuhoa/hospital_robot/install/nav2_voxel_grid/lib:/home/huuhoa/hospital_robot/install/nav2_map_server/lib:/home/huuhoa/hospital_robot/install/nav2_lifecycle_manager/lib:/home/huuhoa/hospital_robot/install/map_msgs/lib:/opt/ros/humble/lib/x86_64-linux-gnu:/opt/ros/humble/lib /usr/bin/cmake --build /home/huuhoa/hospital_robot/build/nav2_lifecycle_manager -- -j2 -l2
[0.176s] [ 23%] Built target nav2_lifecycle_manager_core
[0.221s] [ 38%] Built target gtest_main
[0.289s] [ 53%] Built target gtest
[0.343s] [ 69%] Built target lifecycle_manager
[0.408s] [ 84%] Built target test_lifecycle_gtest
[0.471s] [100%] Built target test_bond_gtest
[0.727s] Invoked command in '/home/huuhoa/hospital_robot/build/nav2_lifecycle_manager' returned '0': CMAKE_PREFIX_PATH=/home/huuhoa/hospital_robot/install/nav2_util:/home/huuhoa/hospital_robot/install/nav2_msgs:/home/huuhoa/hospital_robot/install/nav2_common:/home/huuhoa/hospital_robot/install/nav_2d_utils:/home/huuhoa/hospital_robot/install/dwb_msgs:/home/huuhoa/hospital_robot/install/nav_2d_msgs:/home/huuhoa/hospital_robot/install/nav2_voxel_grid:/home/huuhoa/hospital_robot/install/nav2_map_server:/home/huuhoa/hospital_robot/install/nav2_lifecycle_manager:/home/huuhoa/hospital_robot/install/map_msgs:/home/huuhoa/hospital_robot/install/hospital_package:/home/huuhoa/hospital_robot/install/nav2_simple_commander:/opt/ros/humble LD_LIBRARY_PATH=/home/huuhoa/hospital_robot/install/nav2_util/lib:/home/huuhoa/hospital_robot/install/nav2_msgs/lib:/home/huuhoa/hospital_robot/install/nav_2d_utils/lib:/home/huuhoa/hospital_robot/install/dwb_msgs/lib:/home/huuhoa/hospital_robot/install/nav_2d_msgs/lib:/home/huuhoa/hospital_robot/install/nav2_voxel_grid/lib:/home/huuhoa/hospital_robot/install/nav2_map_server/lib:/home/huuhoa/hospital_robot/install/nav2_lifecycle_manager/lib:/home/huuhoa/hospital_robot/install/map_msgs/lib:/opt/ros/humble/lib/x86_64-linux-gnu:/opt/ros/humble/lib /usr/bin/cmake --build /home/huuhoa/hospital_robot/build/nav2_lifecycle_manager -- -j2 -l2
[0.728s] Invoking command in '/home/huuhoa/hospital_robot/build/nav2_lifecycle_manager': CMAKE_PREFIX_PATH=/home/huuhoa/hospital_robot/install/nav2_util:/home/huuhoa/hospital_robot/install/nav2_msgs:/home/huuhoa/hospital_robot/install/nav2_common:/home/huuhoa/hospital_robot/install/nav_2d_utils:/home/huuhoa/hospital_robot/install/dwb_msgs:/home/huuhoa/hospital_robot/install/nav_2d_msgs:/home/huuhoa/hospital_robot/install/nav2_voxel_grid:/home/huuhoa/hospital_robot/install/nav2_map_server:/home/huuhoa/hospital_robot/install/nav2_lifecycle_manager:/home/huuhoa/hospital_robot/install/map_msgs:/home/huuhoa/hospital_robot/install/hospital_package:/home/huuhoa/hospital_robot/install/nav2_simple_commander:/opt/ros/humble LD_LIBRARY_PATH=/home/huuhoa/hospital_robot/install/nav2_util/lib:/home/huuhoa/hospital_robot/install/nav2_msgs/lib:/home/huuhoa/hospital_robot/install/nav_2d_utils/lib:/home/huuhoa/hospital_robot/install/dwb_msgs/lib:/home/huuhoa/hospital_robot/install/nav_2d_msgs/lib:/home/huuhoa/hospital_robot/install/nav2_voxel_grid/lib:/home/huuhoa/hospital_robot/install/nav2_map_server/lib:/home/huuhoa/hospital_robot/install/nav2_lifecycle_manager/lib:/home/huuhoa/hospital_robot/install/map_msgs/lib:/opt/ros/humble/lib/x86_64-linux-gnu:/opt/ros/humble/lib /usr/bin/cmake --install /home/huuhoa/hospital_robot/build/nav2_lifecycle_manager
[0.748s] -- Install configuration: "Release"
[0.748s] -- Execute custom install script
[0.749s] -- Up-to-date symlink: /home/huuhoa/hospital_robot/install/nav2_lifecycle_manager/lib/libnav2_lifecycle_manager_core.so
[0.749s] -- Up-to-date symlink: /home/huuhoa/hospital_robot/install/nav2_lifecycle_manager/lib/nav2_lifecycle_manager/lifecycle_manager
[0.750s] -- Up-to-date symlink: /home/huuhoa/hospital_robot/install/nav2_lifecycle_manager/include//nav2_lifecycle_manager/lifecycle_manager.hpp
[0.750s] -- Up-to-date symlink: /home/huuhoa/hospital_robot/install/nav2_lifecycle_manager/include//nav2_lifecycle_manager/lifecycle_manager_client.hpp
[0.754s] -- Up-to-date symlink: /home/huuhoa/hospital_robot/install/nav2_lifecycle_manager/share/nav2_lifecycle_manager/environment/library_path.sh
[0.755s] -- Up-to-date symlink: /home/huuhoa/hospital_robot/install/nav2_lifecycle_manager/share/nav2_lifecycle_manager/environment/library_path.dsv
[0.756s] -- Up-to-date symlink: /home/huuhoa/hospital_robot/install/nav2_lifecycle_manager/share/ament_index/resource_index/package_run_dependencies/nav2_lifecycle_manager
[0.756s] -- Up-to-date symlink: /home/huuhoa/hospital_robot/install/nav2_lifecycle_manager/share/ament_index/resource_index/parent_prefix_path/nav2_lifecycle_manager
[0.757s] -- Up-to-date symlink: /home/huuhoa/hospital_robot/install/nav2_lifecycle_manager/share/nav2_lifecycle_manager/environment/ament_prefix_path.sh
[0.757s] -- Up-to-date symlink: /home/huuhoa/hospital_robot/install/nav2_lifecycle_manager/share/nav2_lifecycle_manager/environment/ament_prefix_path.dsv
[0.757s] -- Up-to-date symlink: /home/huuhoa/hospital_robot/install/nav2_lifecycle_manager/share/nav2_lifecycle_manager/environment/path.sh
[0.758s] -- Up-to-date symlink: /home/huuhoa/hospital_robot/install/nav2_lifecycle_manager/share/nav2_lifecycle_manager/environment/path.dsv
[0.758s] -- Up-to-date symlink: /home/huuhoa/hospital_robot/install/nav2_lifecycle_manager/share/nav2_lifecycle_manager/local_setup.bash
[0.758s] -- Up-to-date symlink: /home/huuhoa/hospital_robot/install/nav2_lifecycle_manager/share/nav2_lifecycle_manager/local_setup.sh
[0.759s] -- Up-to-date symlink: /home/huuhoa/hospital_robot/install/nav2_lifecycle_manager/share/nav2_lifecycle_manager/local_setup.zsh
[0.759s] -- Up-to-date symlink: /home/huuhoa/hospital_robot/install/nav2_lifecycle_manager/share/nav2_lifecycle_manager/local_setup.dsv
[0.769s] -- Symlinking: /home/huuhoa/hospital_robot/install/nav2_lifecycle_manager/share/nav2_lifecycle_manager/package.dsv
[0.788s] -- Up-to-date symlink: /home/huuhoa/hospital_robot/install/nav2_lifecycle_manager/share/ament_index/resource_index/packages/nav2_lifecycle_manager
[0.791s] -- Up-to-date symlink: /home/huuhoa/hospital_robot/install/nav2_lifecycle_manager/share/ament_index/resource_index/rclcpp_components/nav2_lifecycle_manager
[0.793s] -- Up-to-date symlink: /home/huuhoa/hospital_robot/install/nav2_lifecycle_manager/share/nav2_lifecycle_manager/cmake/ament_cmake_export_include_directories-extras.cmake
[0.793s] -- Up-to-date symlink: /home/huuhoa/hospital_robot/install/nav2_lifecycle_manager/share/nav2_lifecycle_manager/cmake/ament_cmake_export_libraries-extras.cmake
[0.793s] -- Up-to-date symlink: /home/huuhoa/hospital_robot/install/nav2_lifecycle_manager/share/nav2_lifecycle_manager/cmake/ament_cmake_export_dependencies-extras.cmake
[0.793s] -- Up-to-date symlink: /home/huuhoa/hospital_robot/install/nav2_lifecycle_manager/share/nav2_lifecycle_manager/cmake/nav2_lifecycle_managerConfig.cmake
[0.793s] -- Up-to-date symlink: /home/huuhoa/hospital_robot/install/nav2_lifecycle_manager/share/nav2_lifecycle_manager/cmake/nav2_lifecycle_managerConfig-version.cmake
[0.793s] -- Up-to-date symlink: /home/huuhoa/hospital_robot/install/nav2_lifecycle_manager/share/nav2_lifecycle_manager/package.xml
[0.798s] Invoked command in '/home/huuhoa/hospital_robot/build/nav2_lifecycle_manager' returned '0': CMAKE_PREFIX_PATH=/home/huuhoa/hospital_robot/install/nav2_util:/home/huuhoa/hospital_robot/install/nav2_msgs:/home/huuhoa/hospital_robot/install/nav2_common:/home/huuhoa/hospital_robot/install/nav_2d_utils:/home/huuhoa/hospital_robot/install/dwb_msgs:/home/huuhoa/hospital_robot/install/nav_2d_msgs:/home/huuhoa/hospital_robot/install/nav2_voxel_grid:/home/huuhoa/hospital_robot/install/nav2_map_server:/home/huuhoa/hospital_robot/install/nav2_lifecycle_manager:/home/huuhoa/hospital_robot/install/map_msgs:/home/huuhoa/hospital_robot/install/hospital_package:/home/huuhoa/hospital_robot/install/nav2_simple_commander:/opt/ros/humble LD_LIBRARY_PATH=/home/huuhoa/hospital_robot/install/nav2_util/lib:/home/huuhoa/hospital_robot/install/nav2_msgs/lib:/home/huuhoa/hospital_robot/install/nav_2d_utils/lib:/home/huuhoa/hospital_robot/install/dwb_msgs/lib:/home/huuhoa/hospital_robot/install/nav_2d_msgs/lib:/home/huuhoa/hospital_robot/install/nav2_voxel_grid/lib:/home/huuhoa/hospital_robot/install/nav2_map_server/lib:/home/huuhoa/hospital_robot/install/nav2_lifecycle_manager/lib:/home/huuhoa/hospital_robot/install/map_msgs/lib:/opt/ros/humble/lib/x86_64-linux-gnu:/opt/ros/humble/lib /usr/bin/cmake --install /home/huuhoa/hospital_robot/build/nav2_lifecycle_manager
