[0.061s] Invoking command in '/home/huuhoa/hospital_robot/build/nav2_costmap_2d': AMENT_PREFIX_PATH=/home/huuhoa/hospital_robot/install/nav2_map_server:/home/huuhoa/hospital_robot/install/nav2_lifecycle_manager:/home/huuhoa/hospital_robot/install/nav2_util:/home/huuhoa/hospital_robot/install/nav2_voxel_grid:/home/huuhoa/hospital_robot/install/nav2_msgs:/home/huuhoa/hospital_robot/install/nav2_common:/home/huuhoa/hospital_robot/install/map_msgs:${AMENT_PREFIX_PATH} CMAKE_PREFIX_PATH=/home/huuhoa/hospital_robot/install/nav2_map_server:/home/huuhoa/hospital_robot/install/nav2_lifecycle_manager:/home/huuhoa/hospital_robot/install/nav2_util:/home/huuhoa/hospital_robot/install/nav2_voxel_grid:/home/huuhoa/hospital_robot/install/nav2_msgs:/home/huuhoa/hospital_robot/install/nav2_common:/home/huuhoa/hospital_robot/install/map_msgs:/opt/ros/humble LD_LIBRARY_PATH=/home/huuhoa/hospital_robot/install/nav2_map_server/lib:/home/huuhoa/hospital_robot/install/nav2_lifecycle_manager/lib:/home/huuhoa/hospital_robot/install/nav2_util/lib:/home/huuhoa/hospital_robot/install/nav2_voxel_grid/lib:/home/huuhoa/hospital_robot/install/nav2_msgs/lib:/home/huuhoa/hospital_robot/install/map_msgs/lib:${LD_LIBRARY_PATH} PYTHONPATH=/home/huuhoa/hospital_robot/install/nav2_msgs/local/lib/python3.10/dist-packages:/home/huuhoa/hospital_robot/install/nav2_common/local/lib/python3.10/dist-packages:/home/huuhoa/hospital_robot/install/map_msgs/local/lib/python3.10/dist-packages:${PYTHONPATH} /usr/bin/cmake --build /home/huuhoa/hospital_robot/build/nav2_costmap_2d -- -j2 -l2
[0.226s] [  2%] Built target gtest_main
[0.319s] [  4%] Built target gtest
[0.333s] [ 21%] Built target nav2_costmap_2d_core
[0.435s] [ 26%] Built target filters
[0.474s] [ 36%] Built target layers
[0.534s] [ 41%] Built target nav2_costmap_2d_client
[0.578s] [ 43%] Built target nav2_costmap_2d_markers
[0.627s] [ 46%] Built target nav2_costmap_2d_cloud
[0.683s] [ 48%] Built target nav2_costmap_2d
[0.717s] [ 51%] Built target array_parser_test
[0.800s] [ 53%] Built target costmap_convesion_test
[0.802s] [ 56%] Built target collision_footprint_test
[0.892s] [ 58%] Built target costmap_filter_test
[0.898s] [ 60%] Built target declare_parameter_test
[0.998s] [ 63%] Built target speed_filter_test
[1.003s] [ 65%] Built target keepout_filter_test
[1.099s] [ 68%] Built target copy_window_test
[1.125s] [ 70%] Built target binary_filter_test
[1.211s] [ 73%] Built target costmap_filter_service_test
[1.245s] [ 78%] Built target denoise_layer_test
[1.328s] [ 80%] Built target footprint_tests_exec
[1.336s] [ 82%] Built target test_collision_checker_exec
[1.425s] [ 85%] Built target inflation_tests_exec
[1.450s] [ 87%] Built target obstacle_tests_exec
[1.529s] [ 90%] Built target range_tests_exec
[1.550s] [ 92%] Built target dyn_params_tests
[1.605s] [ 95%] Built target costmap_bresenham_2d
[1.683s] [ 97%] Built target order_layer
[1.700s] [100%] Built target plugin_api_order
[1.718s] Invoked command in '/home/huuhoa/hospital_robot/build/nav2_costmap_2d' returned '0': AMENT_PREFIX_PATH=/home/huuhoa/hospital_robot/install/nav2_map_server:/home/huuhoa/hospital_robot/install/nav2_lifecycle_manager:/home/huuhoa/hospital_robot/install/nav2_util:/home/huuhoa/hospital_robot/install/nav2_voxel_grid:/home/huuhoa/hospital_robot/install/nav2_msgs:/home/huuhoa/hospital_robot/install/nav2_common:/home/huuhoa/hospital_robot/install/map_msgs:${AMENT_PREFIX_PATH} CMAKE_PREFIX_PATH=/home/huuhoa/hospital_robot/install/nav2_map_server:/home/huuhoa/hospital_robot/install/nav2_lifecycle_manager:/home/huuhoa/hospital_robot/install/nav2_util:/home/huuhoa/hospital_robot/install/nav2_voxel_grid:/home/huuhoa/hospital_robot/install/nav2_msgs:/home/huuhoa/hospital_robot/install/nav2_common:/home/huuhoa/hospital_robot/install/map_msgs:/opt/ros/humble LD_LIBRARY_PATH=/home/huuhoa/hospital_robot/install/nav2_map_server/lib:/home/huuhoa/hospital_robot/install/nav2_lifecycle_manager/lib:/home/huuhoa/hospital_robot/install/nav2_util/lib:/home/huuhoa/hospital_robot/install/nav2_voxel_grid/lib:/home/huuhoa/hospital_robot/install/nav2_msgs/lib:/home/huuhoa/hospital_robot/install/map_msgs/lib:${LD_LIBRARY_PATH} PYTHONPATH=/home/huuhoa/hospital_robot/install/nav2_msgs/local/lib/python3.10/dist-packages:/home/huuhoa/hospital_robot/install/nav2_common/local/lib/python3.10/dist-packages:/home/huuhoa/hospital_robot/install/map_msgs/local/lib/python3.10/dist-packages:${PYTHONPATH} /usr/bin/cmake --build /home/huuhoa/hospital_robot/build/nav2_costmap_2d -- -j2 -l2
[1.725s] Invoking command in '/home/huuhoa/hospital_robot/build/nav2_costmap_2d': AMENT_PREFIX_PATH=/home/huuhoa/hospital_robot/install/nav2_map_server:/home/huuhoa/hospital_robot/install/nav2_lifecycle_manager:/home/huuhoa/hospital_robot/install/nav2_util:/home/huuhoa/hospital_robot/install/nav2_voxel_grid:/home/huuhoa/hospital_robot/install/nav2_msgs:/home/huuhoa/hospital_robot/install/nav2_common:/home/huuhoa/hospital_robot/install/map_msgs:${AMENT_PREFIX_PATH} CMAKE_PREFIX_PATH=/home/huuhoa/hospital_robot/install/nav2_map_server:/home/huuhoa/hospital_robot/install/nav2_lifecycle_manager:/home/huuhoa/hospital_robot/install/nav2_util:/home/huuhoa/hospital_robot/install/nav2_voxel_grid:/home/huuhoa/hospital_robot/install/nav2_msgs:/home/huuhoa/hospital_robot/install/nav2_common:/home/huuhoa/hospital_robot/install/map_msgs:/opt/ros/humble LD_LIBRARY_PATH=/home/huuhoa/hospital_robot/install/nav2_map_server/lib:/home/huuhoa/hospital_robot/install/nav2_lifecycle_manager/lib:/home/huuhoa/hospital_robot/install/nav2_util/lib:/home/huuhoa/hospital_robot/install/nav2_voxel_grid/lib:/home/huuhoa/hospital_robot/install/nav2_msgs/lib:/home/huuhoa/hospital_robot/install/map_msgs/lib:${LD_LIBRARY_PATH} PYTHONPATH=/home/huuhoa/hospital_robot/install/nav2_msgs/local/lib/python3.10/dist-packages:/home/huuhoa/hospital_robot/install/nav2_common/local/lib/python3.10/dist-packages:/home/huuhoa/hospital_robot/install/map_msgs/local/lib/python3.10/dist-packages:${PYTHONPATH} /usr/bin/cmake --install /home/huuhoa/hospital_robot/build/nav2_costmap_2d
[1.743s] -- Install configuration: "Release"
[1.743s] -- Execute custom install script
[1.745s] -- Up-to-date symlink: /home/huuhoa/hospital_robot/install/nav2_costmap_2d/lib/nav2_costmap_2d/nav2_costmap_2d_markers
[1.746s] -- Up-to-date symlink: /home/huuhoa/hospital_robot/install/nav2_costmap_2d/lib/nav2_costmap_2d/nav2_costmap_2d_cloud
[1.747s] -- Up-to-date symlink: /home/huuhoa/hospital_robot/install/nav2_costmap_2d/lib/nav2_costmap_2d/nav2_costmap_2d
[1.749s] -- Up-to-date symlink: /home/huuhoa/hospital_robot/install/nav2_costmap_2d/share/nav2_costmap_2d/costmap_plugins.xml
[1.754s] -- Up-to-date symlink: /home/huuhoa/hospital_robot/install/nav2_costmap_2d/include/nav2_costmap_2d/nav2_costmap_2d/array_parser.hpp
[1.755s] -- Up-to-date symlink: /home/huuhoa/hospital_robot/install/nav2_costmap_2d/include/nav2_costmap_2d/nav2_costmap_2d/clear_costmap_service.hpp
[1.756s] -- Up-to-date symlink: /home/huuhoa/hospital_robot/install/nav2_costmap_2d/include/nav2_costmap_2d/nav2_costmap_2d/cost_values.hpp
[1.756s] -- Up-to-date symlink: /home/huuhoa/hospital_robot/install/nav2_costmap_2d/include/nav2_costmap_2d/nav2_costmap_2d/costmap_2d.hpp
[1.760s] -- Up-to-date symlink: /home/huuhoa/hospital_robot/install/nav2_costmap_2d/include/nav2_costmap_2d/nav2_costmap_2d/costmap_2d_publisher.hpp
[1.765s] -- Up-to-date symlink: /home/huuhoa/hospital_robot/install/nav2_costmap_2d/include/nav2_costmap_2d/nav2_costmap_2d/costmap_2d_ros.hpp
[1.765s] -- Up-to-date symlink: /home/huuhoa/hospital_robot/install/nav2_costmap_2d/include/nav2_costmap_2d/nav2_costmap_2d/costmap_filters/binary_filter.hpp
[1.765s] -- Up-to-date symlink: /home/huuhoa/hospital_robot/install/nav2_costmap_2d/include/nav2_costmap_2d/nav2_costmap_2d/costmap_filters/costmap_filter.hpp
[1.772s] -- Up-to-date symlink: /home/huuhoa/hospital_robot/install/nav2_costmap_2d/include/nav2_costmap_2d/nav2_costmap_2d/costmap_filters/filter_values.hpp
[1.773s] -- Up-to-date symlink: /home/huuhoa/hospital_robot/install/nav2_costmap_2d/include/nav2_costmap_2d/nav2_costmap_2d/costmap_filters/keepout_filter.hpp
[1.775s] -- Up-to-date symlink: /home/huuhoa/hospital_robot/install/nav2_costmap_2d/include/nav2_costmap_2d/nav2_costmap_2d/costmap_filters/speed_filter.hpp
[1.780s] -- Up-to-date symlink: /home/huuhoa/hospital_robot/install/nav2_costmap_2d/include/nav2_costmap_2d/nav2_costmap_2d/costmap_layer.hpp
[1.780s] -- Up-to-date symlink: /home/huuhoa/hospital_robot/install/nav2_costmap_2d/include/nav2_costmap_2d/nav2_costmap_2d/costmap_math.hpp
[1.780s] -- Up-to-date symlink: /home/huuhoa/hospital_robot/install/nav2_costmap_2d/include/nav2_costmap_2d/nav2_costmap_2d/costmap_subscriber.hpp
[1.783s] -- Up-to-date symlink: /home/huuhoa/hospital_robot/install/nav2_costmap_2d/include/nav2_costmap_2d/nav2_costmap_2d/costmap_topic_collision_checker.hpp
[1.783s] -- Up-to-date symlink: /home/huuhoa/hospital_robot/install/nav2_costmap_2d/include/nav2_costmap_2d/nav2_costmap_2d/denoise/image.hpp
[1.783s] -- Up-to-date symlink: /home/huuhoa/hospital_robot/install/nav2_costmap_2d/include/nav2_costmap_2d/nav2_costmap_2d/denoise/image_processing.hpp
[1.783s] -- Up-to-date symlink: /home/huuhoa/hospital_robot/install/nav2_costmap_2d/include/nav2_costmap_2d/nav2_costmap_2d/denoise_layer.hpp
[1.783s] -- Up-to-date symlink: /home/huuhoa/hospital_robot/install/nav2_costmap_2d/include/nav2_costmap_2d/nav2_costmap_2d/exceptions.hpp
[1.783s] -- Up-to-date symlink: /home/huuhoa/hospital_robot/install/nav2_costmap_2d/include/nav2_costmap_2d/nav2_costmap_2d/footprint.hpp
[1.783s] -- Up-to-date symlink: /home/huuhoa/hospital_robot/install/nav2_costmap_2d/include/nav2_costmap_2d/nav2_costmap_2d/footprint_collision_checker.hpp
[1.783s] -- Up-to-date symlink: /home/huuhoa/hospital_robot/install/nav2_costmap_2d/include/nav2_costmap_2d/nav2_costmap_2d/footprint_subscriber.hpp
[1.783s] -- Up-to-date symlink: /home/huuhoa/hospital_robot/install/nav2_costmap_2d/include/nav2_costmap_2d/nav2_costmap_2d/inflation_layer.hpp
[1.784s] -- Up-to-date symlink: /home/huuhoa/hospital_robot/install/nav2_costmap_2d/include/nav2_costmap_2d/nav2_costmap_2d/layer.hpp
[1.785s] -- Up-to-date symlink: /home/huuhoa/hospital_robot/install/nav2_costmap_2d/include/nav2_costmap_2d/nav2_costmap_2d/layered_costmap.hpp
[1.791s] -- Up-to-date symlink: /home/huuhoa/hospital_robot/install/nav2_costmap_2d/include/nav2_costmap_2d/nav2_costmap_2d/observation.hpp
[1.794s] -- Up-to-date symlink: /home/huuhoa/hospital_robot/install/nav2_costmap_2d/include/nav2_costmap_2d/nav2_costmap_2d/observation_buffer.hpp
[1.795s] -- Up-to-date symlink: /home/huuhoa/hospital_robot/install/nav2_costmap_2d/include/nav2_costmap_2d/nav2_costmap_2d/obstacle_layer.hpp
[1.796s] -- Up-to-date symlink: /home/huuhoa/hospital_robot/install/nav2_costmap_2d/include/nav2_costmap_2d/nav2_costmap_2d/range_sensor_layer.hpp
[1.799s] -- Up-to-date symlink: /home/huuhoa/hospital_robot/install/nav2_costmap_2d/include/nav2_costmap_2d/nav2_costmap_2d/static_layer.hpp
[1.799s] -- Up-to-date symlink: /home/huuhoa/hospital_robot/install/nav2_costmap_2d/include/nav2_costmap_2d/nav2_costmap_2d/voxel_layer.hpp
[1.801s] -- Up-to-date symlink: /home/huuhoa/hospital_robot/install/nav2_costmap_2d/lib/liborder_layer.so
[1.803s] -- Up-to-date symlink: /home/huuhoa/hospital_robot/install/nav2_costmap_2d/share/nav2_costmap_2d/test/regression/order_layer.xml
[1.808s] -- Up-to-date symlink: /home/huuhoa/hospital_robot/install/nav2_costmap_2d/share/nav2_costmap_2d/environment/library_path.sh
[1.808s] -- Up-to-date symlink: /home/huuhoa/hospital_robot/install/nav2_costmap_2d/share/nav2_costmap_2d/environment/library_path.dsv
[1.808s] -- Up-to-date symlink: /home/huuhoa/hospital_robot/install/nav2_costmap_2d/share/nav2_costmap_2d//costmap_plugins.xml
[1.813s] -- Up-to-date symlink: /home/huuhoa/hospital_robot/install/nav2_costmap_2d/share/ament_index/resource_index/package_run_dependencies/nav2_costmap_2d
[1.814s] -- Up-to-date symlink: /home/huuhoa/hospital_robot/install/nav2_costmap_2d/share/ament_index/resource_index/parent_prefix_path/nav2_costmap_2d
[1.816s] -- Up-to-date symlink: /home/huuhoa/hospital_robot/install/nav2_costmap_2d/share/nav2_costmap_2d/environment/ament_prefix_path.sh
[1.817s] -- Up-to-date symlink: /home/huuhoa/hospital_robot/install/nav2_costmap_2d/share/nav2_costmap_2d/environment/ament_prefix_path.dsv
[1.819s] -- Up-to-date symlink: /home/huuhoa/hospital_robot/install/nav2_costmap_2d/share/nav2_costmap_2d/environment/path.sh
[1.820s] -- Up-to-date symlink: /home/huuhoa/hospital_robot/install/nav2_costmap_2d/share/nav2_costmap_2d/environment/path.dsv
[1.821s] -- Up-to-date symlink: /home/huuhoa/hospital_robot/install/nav2_costmap_2d/share/nav2_costmap_2d/local_setup.bash
[1.822s] -- Up-to-date symlink: /home/huuhoa/hospital_robot/install/nav2_costmap_2d/share/nav2_costmap_2d/local_setup.sh
[1.824s] -- Up-to-date symlink: /home/huuhoa/hospital_robot/install/nav2_costmap_2d/share/nav2_costmap_2d/local_setup.zsh
[1.825s] -- Up-to-date symlink: /home/huuhoa/hospital_robot/install/nav2_costmap_2d/share/nav2_costmap_2d/local_setup.dsv
[1.825s] -- Symlinking: /home/huuhoa/hospital_robot/install/nav2_costmap_2d/share/nav2_costmap_2d/package.dsv
[1.850s] -- Up-to-date symlink: /home/huuhoa/hospital_robot/install/nav2_costmap_2d/share/ament_index/resource_index/packages/nav2_costmap_2d
[1.852s] -- Up-to-date symlink: /home/huuhoa/hospital_robot/install/nav2_costmap_2d/share/ament_index/resource_index/nav2_costmap_2d__pluginlib__plugin/nav2_costmap_2d
[1.856s] -- Up-to-date symlink: /home/huuhoa/hospital_robot/install/nav2_costmap_2d/share/nav2_costmap_2d/cmake/ament_cmake_export_targets-extras.cmake
[1.870s] -- Up-to-date symlink: /home/huuhoa/hospital_robot/install/nav2_costmap_2d/share/nav2_costmap_2d/cmake/ament_cmake_export_dependencies-extras.cmake
[1.871s] -- Up-to-date symlink: /home/huuhoa/hospital_robot/install/nav2_costmap_2d/share/nav2_costmap_2d/cmake/nav2_costmap_2dConfig.cmake
[1.871s] -- Up-to-date symlink: /home/huuhoa/hospital_robot/install/nav2_costmap_2d/share/nav2_costmap_2d/cmake/nav2_costmap_2dConfig-version.cmake
[1.871s] -- Up-to-date symlink: /home/huuhoa/hospital_robot/install/nav2_costmap_2d/share/nav2_costmap_2d/package.xml
[1.871s] -- Up-to-date: /home/huuhoa/hospital_robot/install/nav2_costmap_2d/lib/liblayers.so
[1.874s] -- Up-to-date: /home/huuhoa/hospital_robot/install/nav2_costmap_2d/lib/libfilters.so
[1.877s] -- Up-to-date: /home/huuhoa/hospital_robot/install/nav2_costmap_2d/lib/libnav2_costmap_2d_core.so
[1.880s] -- Up-to-date: /home/huuhoa/hospital_robot/install/nav2_costmap_2d/lib/libnav2_costmap_2d_client.so
[1.890s] -- Up-to-date: /home/huuhoa/hospital_robot/install/nav2_costmap_2d/share/nav2_costmap_2d/cmake/export_nav2_costmap_2dExport.cmake
[1.890s] -- Up-to-date: /home/huuhoa/hospital_robot/install/nav2_costmap_2d/share/nav2_costmap_2d/cmake/export_nav2_costmap_2dExport-release.cmake
[1.909s] Invoked command in '/home/huuhoa/hospital_robot/build/nav2_costmap_2d' returned '0': AMENT_PREFIX_PATH=/home/huuhoa/hospital_robot/install/nav2_map_server:/home/huuhoa/hospital_robot/install/nav2_lifecycle_manager:/home/huuhoa/hospital_robot/install/nav2_util:/home/huuhoa/hospital_robot/install/nav2_voxel_grid:/home/huuhoa/hospital_robot/install/nav2_msgs:/home/huuhoa/hospital_robot/install/nav2_common:/home/huuhoa/hospital_robot/install/map_msgs:${AMENT_PREFIX_PATH} CMAKE_PREFIX_PATH=/home/huuhoa/hospital_robot/install/nav2_map_server:/home/huuhoa/hospital_robot/install/nav2_lifecycle_manager:/home/huuhoa/hospital_robot/install/nav2_util:/home/huuhoa/hospital_robot/install/nav2_voxel_grid:/home/huuhoa/hospital_robot/install/nav2_msgs:/home/huuhoa/hospital_robot/install/nav2_common:/home/huuhoa/hospital_robot/install/map_msgs:/opt/ros/humble LD_LIBRARY_PATH=/home/huuhoa/hospital_robot/install/nav2_map_server/lib:/home/huuhoa/hospital_robot/install/nav2_lifecycle_manager/lib:/home/huuhoa/hospital_robot/install/nav2_util/lib:/home/huuhoa/hospital_robot/install/nav2_voxel_grid/lib:/home/huuhoa/hospital_robot/install/nav2_msgs/lib:/home/huuhoa/hospital_robot/install/map_msgs/lib:${LD_LIBRARY_PATH} PYTHONPATH=/home/huuhoa/hospital_robot/install/nav2_msgs/local/lib/python3.10/dist-packages:/home/huuhoa/hospital_robot/install/nav2_common/local/lib/python3.10/dist-packages:/home/huuhoa/hospital_robot/install/map_msgs/local/lib/python3.10/dist-packages:${PYTHONPATH} /usr/bin/cmake --install /home/huuhoa/hospital_robot/build/nav2_costmap_2d
