[0.055s] Invoking command in '/home/huuhoa/hospital_robot/build/map_msgs': CMAKE_PREFIX_PATH=${CMAKE_PREFIX_PATH}:/home/huuhoa/hospital_robot/install/nav2_simple_commander:/opt/ros/humble /usr/bin/cmake --build /home/huuhoa/hospital_robot/build/map_msgs -- -j2 -l2
[0.202s] [  0%] Built target map_msgs__cpp
[0.264s] [ 12%] Built target map_msgs__rosidl_generator_c
[0.283s] [ 12%] Built target ament_cmake_python_symlink_map_msgs
[0.363s] [ 24%] Built target map_msgs__rosidl_typesupport_cpp
[0.387s] [ 36%] Built target map_msgs__rosidl_typesupport_fastrtps_c
[0.481s] [ 47%] Built target map_msgs__rosidl_typesupport_c
[0.483s] [ 59%] Built target map_msgs__rosidl_typesupport_introspection_c
[0.575s] [ 71%] Built target map_msgs__rosidl_typesupport_introspection_cpp
[0.603s] [ 82%] Built target map_msgs__rosidl_typesupport_fastrtps_cpp
[0.819s] [ 82%] Built target map_msgs
[0.909s] [ 83%] Built target map_msgs__py
[0.981s] [ 94%] Built target map_msgs__rosidl_generator_py
[1.044s] [ 96%] Built target map_msgs__rosidl_typesupport_fastrtps_c__pyext
[1.177s] [ 98%] Built target map_msgs__rosidl_typesupport_introspection_c__pyext
[1.267s] running egg_info
[1.267s] writing map_msgs.egg-info/PKG-INFO
[1.269s] writing dependency_links to map_msgs.egg-info/dependency_links.txt
[1.269s] writing top-level names to map_msgs.egg-info/top_level.txt
[1.277s] reading manifest file 'map_msgs.egg-info/SOURCES.txt'
[1.289s] writing manifest file 'map_msgs.egg-info/SOURCES.txt'
[1.337s] [100%] Built target map_msgs__rosidl_typesupport_c__pyext
[1.367s] [100%] Built target ament_cmake_python_build_map_msgs_egg
[1.391s] Invoked command in '/home/huuhoa/hospital_robot/build/map_msgs' returned '0': CMAKE_PREFIX_PATH=${CMAKE_PREFIX_PATH}:/home/huuhoa/hospital_robot/install/nav2_simple_commander:/opt/ros/humble /usr/bin/cmake --build /home/huuhoa/hospital_robot/build/map_msgs -- -j2 -l2
[1.399s] Invoking command in '/home/huuhoa/hospital_robot/build/map_msgs': CMAKE_PREFIX_PATH=${CMAKE_PREFIX_PATH}:/home/huuhoa/hospital_robot/install/nav2_simple_commander:/opt/ros/humble /usr/bin/cmake --install /home/huuhoa/hospital_robot/build/map_msgs
[1.427s] -- Install configuration: ""
[1.428s] -- Execute custom install script
[1.429s] -- Up-to-date symlink: /home/huuhoa/hospital_robot/install/map_msgs/share/ament_index/resource_index/rosidl_interfaces/map_msgs
[1.432s] -- Up-to-date symlink: /home/huuhoa/hospital_robot/install/map_msgs/include/map_msgs/map_msgs/msg/detail/occupancy_grid_update__functions.h
[1.432s] -- Up-to-date symlink: /home/huuhoa/hospital_robot/install/map_msgs/include/map_msgs/map_msgs/msg/detail/occupancy_grid_update__struct.h
[1.433s] -- Up-to-date symlink: /home/huuhoa/hospital_robot/install/map_msgs/include/map_msgs/map_msgs/msg/detail/occupancy_grid_update__type_support.h
[1.433s] -- Up-to-date symlink: /home/huuhoa/hospital_robot/install/map_msgs/include/map_msgs/map_msgs/msg/detail/point_cloud2_update__functions.h
[1.434s] -- Up-to-date symlink: /home/huuhoa/hospital_robot/install/map_msgs/include/map_msgs/map_msgs/msg/detail/point_cloud2_update__struct.h
[1.435s] -- Up-to-date symlink: /home/huuhoa/hospital_robot/install/map_msgs/include/map_msgs/map_msgs/msg/detail/point_cloud2_update__type_support.h
[1.436s] -- Up-to-date symlink: /home/huuhoa/hospital_robot/install/map_msgs/include/map_msgs/map_msgs/msg/detail/projected_map__functions.h
[1.436s] -- Up-to-date symlink: /home/huuhoa/hospital_robot/install/map_msgs/include/map_msgs/map_msgs/msg/detail/projected_map__struct.h
[1.436s] -- Up-to-date symlink: /home/huuhoa/hospital_robot/install/map_msgs/include/map_msgs/map_msgs/msg/detail/projected_map__type_support.h
[1.437s] -- Up-to-date symlink: /home/huuhoa/hospital_robot/install/map_msgs/include/map_msgs/map_msgs/msg/detail/projected_map_info__functions.h
[1.437s] -- Up-to-date symlink: /home/huuhoa/hospital_robot/install/map_msgs/include/map_msgs/map_msgs/msg/detail/projected_map_info__struct.h
[1.441s] -- Up-to-date symlink: /home/huuhoa/hospital_robot/install/map_msgs/include/map_msgs/map_msgs/msg/detail/projected_map_info__type_support.h
[1.441s] -- Up-to-date symlink: /home/huuhoa/hospital_robot/install/map_msgs/include/map_msgs/map_msgs/msg/occupancy_grid_update.h
[1.441s] -- Up-to-date symlink: /home/huuhoa/hospital_robot/install/map_msgs/include/map_msgs/map_msgs/msg/point_cloud2_update.h
[1.445s] -- Up-to-date symlink: /home/huuhoa/hospital_robot/install/map_msgs/include/map_msgs/map_msgs/msg/projected_map.h
[1.446s] -- Up-to-date symlink: /home/huuhoa/hospital_robot/install/map_msgs/include/map_msgs/map_msgs/msg/projected_map_info.h
[1.446s] -- Up-to-date symlink: /home/huuhoa/hospital_robot/install/map_msgs/include/map_msgs/map_msgs/msg/rosidl_generator_c__visibility_control.h
[1.446s] -- Up-to-date symlink: /home/huuhoa/hospital_robot/install/map_msgs/include/map_msgs/map_msgs/srv/detail/get_map_roi__functions.h
[1.446s] -- Up-to-date symlink: /home/huuhoa/hospital_robot/install/map_msgs/include/map_msgs/map_msgs/srv/detail/get_map_roi__struct.h
[1.446s] -- Up-to-date symlink: /home/huuhoa/hospital_robot/install/map_msgs/include/map_msgs/map_msgs/srv/detail/get_map_roi__type_support.h
[1.447s] -- Up-to-date symlink: /home/huuhoa/hospital_robot/install/map_msgs/include/map_msgs/map_msgs/srv/detail/get_point_map__functions.h
[1.447s] -- Up-to-date symlink: /home/huuhoa/hospital_robot/install/map_msgs/include/map_msgs/map_msgs/srv/detail/get_point_map__struct.h
[1.456s] -- Up-to-date symlink: /home/huuhoa/hospital_robot/install/map_msgs/include/map_msgs/map_msgs/srv/detail/get_point_map__type_support.h
[1.458s] -- Up-to-date symlink: /home/huuhoa/hospital_robot/install/map_msgs/include/map_msgs/map_msgs/srv/detail/get_point_map_roi__functions.h
[1.458s] -- Up-to-date symlink: /home/huuhoa/hospital_robot/install/map_msgs/include/map_msgs/map_msgs/srv/detail/get_point_map_roi__struct.h
[1.458s] -- Up-to-date symlink: /home/huuhoa/hospital_robot/install/map_msgs/include/map_msgs/map_msgs/srv/detail/get_point_map_roi__type_support.h
[1.458s] -- Up-to-date symlink: /home/huuhoa/hospital_robot/install/map_msgs/include/map_msgs/map_msgs/srv/detail/projected_maps_info__functions.h
[1.458s] -- Up-to-date symlink: /home/huuhoa/hospital_robot/install/map_msgs/include/map_msgs/map_msgs/srv/detail/projected_maps_info__struct.h
[1.458s] -- Up-to-date symlink: /home/huuhoa/hospital_robot/install/map_msgs/include/map_msgs/map_msgs/srv/detail/projected_maps_info__type_support.h
[1.458s] -- Up-to-date symlink: /home/huuhoa/hospital_robot/install/map_msgs/include/map_msgs/map_msgs/srv/detail/save_map__functions.h
[1.458s] -- Up-to-date symlink: /home/huuhoa/hospital_robot/install/map_msgs/include/map_msgs/map_msgs/srv/detail/save_map__struct.h
[1.459s] -- Up-to-date symlink: /home/huuhoa/hospital_robot/install/map_msgs/include/map_msgs/map_msgs/srv/detail/save_map__type_support.h
[1.459s] -- Up-to-date symlink: /home/huuhoa/hospital_robot/install/map_msgs/include/map_msgs/map_msgs/srv/detail/set_map_projections__functions.h
[1.459s] -- Up-to-date symlink: /home/huuhoa/hospital_robot/install/map_msgs/include/map_msgs/map_msgs/srv/detail/set_map_projections__struct.h
[1.459s] -- Up-to-date symlink: /home/huuhoa/hospital_robot/install/map_msgs/include/map_msgs/map_msgs/srv/detail/set_map_projections__type_support.h
[1.459s] -- Up-to-date symlink: /home/huuhoa/hospital_robot/install/map_msgs/include/map_msgs/map_msgs/srv/get_map_roi.h
[1.459s] -- Up-to-date symlink: /home/huuhoa/hospital_robot/install/map_msgs/include/map_msgs/map_msgs/srv/get_point_map.h
[1.461s] -- Up-to-date symlink: /home/huuhoa/hospital_robot/install/map_msgs/include/map_msgs/map_msgs/srv/get_point_map_roi.h
[1.461s] -- Up-to-date symlink: /home/huuhoa/hospital_robot/install/map_msgs/include/map_msgs/map_msgs/srv/projected_maps_info.h
[1.461s] -- Up-to-date symlink: /home/huuhoa/hospital_robot/install/map_msgs/include/map_msgs/map_msgs/srv/save_map.h
[1.461s] -- Up-to-date symlink: /home/huuhoa/hospital_robot/install/map_msgs/include/map_msgs/map_msgs/srv/set_map_projections.h
[1.461s] -- Up-to-date symlink: /home/huuhoa/hospital_robot/install/map_msgs/share/map_msgs/environment/library_path.sh
[1.461s] -- Up-to-date symlink: /home/huuhoa/hospital_robot/install/map_msgs/share/map_msgs/environment/library_path.dsv
[1.462s] -- Up-to-date symlink: /home/huuhoa/hospital_robot/install/map_msgs/include/map_msgs/map_msgs/msg/detail/occupancy_grid_update__rosidl_typesupport_fastrtps_c.h
[1.464s] -- Up-to-date symlink: /home/huuhoa/hospital_robot/install/map_msgs/include/map_msgs/map_msgs/msg/detail/point_cloud2_update__rosidl_typesupport_fastrtps_c.h
[1.464s] -- Up-to-date symlink: /home/huuhoa/hospital_robot/install/map_msgs/include/map_msgs/map_msgs/msg/detail/projected_map__rosidl_typesupport_fastrtps_c.h
[1.464s] -- Up-to-date symlink: /home/huuhoa/hospital_robot/install/map_msgs/include/map_msgs/map_msgs/msg/detail/projected_map_info__rosidl_typesupport_fastrtps_c.h
[1.464s] -- Up-to-date symlink: /home/huuhoa/hospital_robot/install/map_msgs/include/map_msgs/map_msgs/msg/rosidl_typesupport_fastrtps_c__visibility_control.h
[1.464s] -- Up-to-date symlink: /home/huuhoa/hospital_robot/install/map_msgs/include/map_msgs/map_msgs/srv/detail/get_map_roi__rosidl_typesupport_fastrtps_c.h
[1.465s] -- Up-to-date symlink: /home/huuhoa/hospital_robot/install/map_msgs/include/map_msgs/map_msgs/srv/detail/get_point_map__rosidl_typesupport_fastrtps_c.h
[1.465s] -- Up-to-date symlink: /home/huuhoa/hospital_robot/install/map_msgs/include/map_msgs/map_msgs/srv/detail/get_point_map_roi__rosidl_typesupport_fastrtps_c.h
[1.465s] -- Up-to-date symlink: /home/huuhoa/hospital_robot/install/map_msgs/include/map_msgs/map_msgs/srv/detail/projected_maps_info__rosidl_typesupport_fastrtps_c.h
[1.465s] -- Up-to-date symlink: /home/huuhoa/hospital_robot/install/map_msgs/include/map_msgs/map_msgs/srv/detail/save_map__rosidl_typesupport_fastrtps_c.h
[1.465s] -- Up-to-date symlink: /home/huuhoa/hospital_robot/install/map_msgs/include/map_msgs/map_msgs/srv/detail/set_map_projections__rosidl_typesupport_fastrtps_c.h
[1.465s] -- Up-to-date symlink: /home/huuhoa/hospital_robot/install/map_msgs/include/map_msgs/map_msgs/msg/detail/occupancy_grid_update__rosidl_typesupport_introspection_c.h
[1.466s] -- Up-to-date symlink: /home/huuhoa/hospital_robot/install/map_msgs/include/map_msgs/map_msgs/msg/detail/point_cloud2_update__rosidl_typesupport_introspection_c.h
[1.466s] -- Up-to-date symlink: /home/huuhoa/hospital_robot/install/map_msgs/include/map_msgs/map_msgs/msg/detail/projected_map__rosidl_typesupport_introspection_c.h
[1.466s] -- Up-to-date symlink: /home/huuhoa/hospital_robot/install/map_msgs/include/map_msgs/map_msgs/msg/detail/projected_map_info__rosidl_typesupport_introspection_c.h
[1.466s] -- Up-to-date symlink: /home/huuhoa/hospital_robot/install/map_msgs/include/map_msgs/map_msgs/msg/rosidl_typesupport_introspection_c__visibility_control.h
[1.466s] -- Up-to-date symlink: /home/huuhoa/hospital_robot/install/map_msgs/include/map_msgs/map_msgs/srv/detail/get_map_roi__rosidl_typesupport_introspection_c.h
[1.467s] -- Up-to-date symlink: /home/huuhoa/hospital_robot/install/map_msgs/include/map_msgs/map_msgs/srv/detail/get_point_map__rosidl_typesupport_introspection_c.h
[1.468s] -- Up-to-date symlink: /home/huuhoa/hospital_robot/install/map_msgs/include/map_msgs/map_msgs/srv/detail/get_point_map_roi__rosidl_typesupport_introspection_c.h
[1.469s] -- Up-to-date symlink: /home/huuhoa/hospital_robot/install/map_msgs/include/map_msgs/map_msgs/srv/detail/projected_maps_info__rosidl_typesupport_introspection_c.h
[1.470s] -- Up-to-date symlink: /home/huuhoa/hospital_robot/install/map_msgs/include/map_msgs/map_msgs/srv/detail/save_map__rosidl_typesupport_introspection_c.h
[1.470s] -- Up-to-date symlink: /home/huuhoa/hospital_robot/install/map_msgs/include/map_msgs/map_msgs/srv/detail/set_map_projections__rosidl_typesupport_introspection_c.h
[1.472s] -- Up-to-date symlink: /home/huuhoa/hospital_robot/install/map_msgs/include/map_msgs/map_msgs/msg/detail/occupancy_grid_update__builder.hpp
[1.473s] -- Up-to-date symlink: /home/huuhoa/hospital_robot/install/map_msgs/include/map_msgs/map_msgs/msg/detail/occupancy_grid_update__struct.hpp
[1.473s] -- Up-to-date symlink: /home/huuhoa/hospital_robot/install/map_msgs/include/map_msgs/map_msgs/msg/detail/occupancy_grid_update__traits.hpp
[1.473s] -- Up-to-date symlink: /home/huuhoa/hospital_robot/install/map_msgs/include/map_msgs/map_msgs/msg/detail/occupancy_grid_update__type_support.hpp
[1.473s] -- Up-to-date symlink: /home/huuhoa/hospital_robot/install/map_msgs/include/map_msgs/map_msgs/msg/detail/point_cloud2_update__builder.hpp
[1.474s] -- Up-to-date symlink: /home/huuhoa/hospital_robot/install/map_msgs/include/map_msgs/map_msgs/msg/detail/point_cloud2_update__struct.hpp
[1.475s] -- Up-to-date symlink: /home/huuhoa/hospital_robot/install/map_msgs/include/map_msgs/map_msgs/msg/detail/point_cloud2_update__traits.hpp
[1.475s] -- Up-to-date symlink: /home/huuhoa/hospital_robot/install/map_msgs/include/map_msgs/map_msgs/msg/detail/point_cloud2_update__type_support.hpp
[1.475s] -- Up-to-date symlink: /home/huuhoa/hospital_robot/install/map_msgs/include/map_msgs/map_msgs/msg/detail/projected_map__builder.hpp
[1.476s] -- Up-to-date symlink: /home/huuhoa/hospital_robot/install/map_msgs/include/map_msgs/map_msgs/msg/detail/projected_map__struct.hpp
[1.476s] -- Up-to-date symlink: /home/huuhoa/hospital_robot/install/map_msgs/include/map_msgs/map_msgs/msg/detail/projected_map__traits.hpp
[1.476s] -- Up-to-date symlink: /home/huuhoa/hospital_robot/install/map_msgs/include/map_msgs/map_msgs/msg/detail/projected_map__type_support.hpp
[1.477s] -- Up-to-date symlink: /home/huuhoa/hospital_robot/install/map_msgs/include/map_msgs/map_msgs/msg/detail/projected_map_info__builder.hpp
[1.477s] -- Up-to-date symlink: /home/huuhoa/hospital_robot/install/map_msgs/include/map_msgs/map_msgs/msg/detail/projected_map_info__struct.hpp
[1.477s] -- Up-to-date symlink: /home/huuhoa/hospital_robot/install/map_msgs/include/map_msgs/map_msgs/msg/detail/projected_map_info__traits.hpp
[1.478s] -- Up-to-date symlink: /home/huuhoa/hospital_robot/install/map_msgs/include/map_msgs/map_msgs/msg/detail/projected_map_info__type_support.hpp
[1.478s] -- Up-to-date symlink: /home/huuhoa/hospital_robot/install/map_msgs/include/map_msgs/map_msgs/msg/occupancy_grid_update.hpp
[1.478s] -- Up-to-date symlink: /home/huuhoa/hospital_robot/install/map_msgs/include/map_msgs/map_msgs/msg/point_cloud2_update.hpp
[1.479s] -- Up-to-date symlink: /home/huuhoa/hospital_robot/install/map_msgs/include/map_msgs/map_msgs/msg/projected_map.hpp
[1.479s] -- Up-to-date symlink: /home/huuhoa/hospital_robot/install/map_msgs/include/map_msgs/map_msgs/msg/projected_map_info.hpp
[1.479s] -- Up-to-date symlink: /home/huuhoa/hospital_robot/install/map_msgs/include/map_msgs/map_msgs/msg/rosidl_generator_cpp__visibility_control.hpp
[1.480s] -- Up-to-date symlink: /home/huuhoa/hospital_robot/install/map_msgs/include/map_msgs/map_msgs/srv/detail/get_map_roi__builder.hpp
[1.480s] -- Up-to-date symlink: /home/huuhoa/hospital_robot/install/map_msgs/include/map_msgs/map_msgs/srv/detail/get_map_roi__struct.hpp
[1.480s] -- Up-to-date symlink: /home/huuhoa/hospital_robot/install/map_msgs/include/map_msgs/map_msgs/srv/detail/get_map_roi__traits.hpp
[1.481s] -- Up-to-date symlink: /home/huuhoa/hospital_robot/install/map_msgs/include/map_msgs/map_msgs/srv/detail/get_map_roi__type_support.hpp
[1.481s] -- Up-to-date symlink: /home/huuhoa/hospital_robot/install/map_msgs/include/map_msgs/map_msgs/srv/detail/get_point_map__builder.hpp
[1.482s] -- Up-to-date symlink: /home/huuhoa/hospital_robot/install/map_msgs/include/map_msgs/map_msgs/srv/detail/get_point_map__struct.hpp
[1.482s] -- Up-to-date symlink: /home/huuhoa/hospital_robot/install/map_msgs/include/map_msgs/map_msgs/srv/detail/get_point_map__traits.hpp
[1.482s] -- Up-to-date symlink: /home/huuhoa/hospital_robot/install/map_msgs/include/map_msgs/map_msgs/srv/detail/get_point_map__type_support.hpp
[1.483s] -- Up-to-date symlink: /home/huuhoa/hospital_robot/install/map_msgs/include/map_msgs/map_msgs/srv/detail/get_point_map_roi__builder.hpp
[1.483s] -- Up-to-date symlink: /home/huuhoa/hospital_robot/install/map_msgs/include/map_msgs/map_msgs/srv/detail/get_point_map_roi__struct.hpp
[1.483s] -- Up-to-date symlink: /home/huuhoa/hospital_robot/install/map_msgs/include/map_msgs/map_msgs/srv/detail/get_point_map_roi__traits.hpp
[1.483s] -- Up-to-date symlink: /home/huuhoa/hospital_robot/install/map_msgs/include/map_msgs/map_msgs/srv/detail/get_point_map_roi__type_support.hpp
[1.484s] -- Up-to-date symlink: /home/huuhoa/hospital_robot/install/map_msgs/include/map_msgs/map_msgs/srv/detail/projected_maps_info__builder.hpp
[1.485s] -- Up-to-date symlink: /home/huuhoa/hospital_robot/install/map_msgs/include/map_msgs/map_msgs/srv/detail/projected_maps_info__struct.hpp
[1.485s] -- Up-to-date symlink: /home/huuhoa/hospital_robot/install/map_msgs/include/map_msgs/map_msgs/srv/detail/projected_maps_info__traits.hpp
[1.486s] -- Up-to-date symlink: /home/huuhoa/hospital_robot/install/map_msgs/include/map_msgs/map_msgs/srv/detail/projected_maps_info__type_support.hpp
[1.486s] -- Up-to-date symlink: /home/huuhoa/hospital_robot/install/map_msgs/include/map_msgs/map_msgs/srv/detail/save_map__builder.hpp
[1.486s] -- Up-to-date symlink: /home/huuhoa/hospital_robot/install/map_msgs/include/map_msgs/map_msgs/srv/detail/save_map__struct.hpp
[1.486s] -- Up-to-date symlink: /home/huuhoa/hospital_robot/install/map_msgs/include/map_msgs/map_msgs/srv/detail/save_map__traits.hpp
[1.487s] -- Up-to-date symlink: /home/huuhoa/hospital_robot/install/map_msgs/include/map_msgs/map_msgs/srv/detail/save_map__type_support.hpp
[1.487s] -- Up-to-date symlink: /home/huuhoa/hospital_robot/install/map_msgs/include/map_msgs/map_msgs/srv/detail/set_map_projections__builder.hpp
[1.487s] -- Up-to-date symlink: /home/huuhoa/hospital_robot/install/map_msgs/include/map_msgs/map_msgs/srv/detail/set_map_projections__struct.hpp
[1.488s] -- Up-to-date symlink: /home/huuhoa/hospital_robot/install/map_msgs/include/map_msgs/map_msgs/srv/detail/set_map_projections__traits.hpp
[1.489s] -- Up-to-date symlink: /home/huuhoa/hospital_robot/install/map_msgs/include/map_msgs/map_msgs/srv/detail/set_map_projections__type_support.hpp
[1.490s] -- Up-to-date symlink: /home/huuhoa/hospital_robot/install/map_msgs/include/map_msgs/map_msgs/srv/get_map_roi.hpp
[1.490s] -- Up-to-date symlink: /home/huuhoa/hospital_robot/install/map_msgs/include/map_msgs/map_msgs/srv/get_point_map.hpp
[1.491s] -- Up-to-date symlink: /home/huuhoa/hospital_robot/install/map_msgs/include/map_msgs/map_msgs/srv/get_point_map_roi.hpp
[1.491s] -- Up-to-date symlink: /home/huuhoa/hospital_robot/install/map_msgs/include/map_msgs/map_msgs/srv/projected_maps_info.hpp
[1.495s] -- Up-to-date symlink: /home/huuhoa/hospital_robot/install/map_msgs/include/map_msgs/map_msgs/srv/save_map.hpp
[1.495s] -- Up-to-date symlink: /home/huuhoa/hospital_robot/install/map_msgs/include/map_msgs/map_msgs/srv/set_map_projections.hpp
[1.497s] -- Up-to-date symlink: /home/huuhoa/hospital_robot/install/map_msgs/include/map_msgs/map_msgs/msg/detail/occupancy_grid_update__rosidl_typesupport_fastrtps_cpp.hpp
[1.497s] -- Up-to-date symlink: /home/huuhoa/hospital_robot/install/map_msgs/include/map_msgs/map_msgs/msg/detail/point_cloud2_update__rosidl_typesupport_fastrtps_cpp.hpp
[1.497s] -- Up-to-date symlink: /home/huuhoa/hospital_robot/install/map_msgs/include/map_msgs/map_msgs/msg/detail/projected_map__rosidl_typesupport_fastrtps_cpp.hpp
[1.498s] -- Up-to-date symlink: /home/huuhoa/hospital_robot/install/map_msgs/include/map_msgs/map_msgs/msg/detail/projected_map_info__rosidl_typesupport_fastrtps_cpp.hpp
[1.498s] -- Up-to-date symlink: /home/huuhoa/hospital_robot/install/map_msgs/include/map_msgs/map_msgs/msg/rosidl_typesupport_fastrtps_cpp__visibility_control.h
[1.498s] -- Up-to-date symlink: /home/huuhoa/hospital_robot/install/map_msgs/include/map_msgs/map_msgs/srv/detail/get_map_roi__rosidl_typesupport_fastrtps_cpp.hpp
[1.499s] -- Up-to-date symlink: /home/huuhoa/hospital_robot/install/map_msgs/include/map_msgs/map_msgs/srv/detail/get_point_map__rosidl_typesupport_fastrtps_cpp.hpp
[1.500s] -- Up-to-date symlink: /home/huuhoa/hospital_robot/install/map_msgs/include/map_msgs/map_msgs/srv/detail/get_point_map_roi__rosidl_typesupport_fastrtps_cpp.hpp
[1.501s] -- Up-to-date symlink: /home/huuhoa/hospital_robot/install/map_msgs/include/map_msgs/map_msgs/srv/detail/projected_maps_info__rosidl_typesupport_fastrtps_cpp.hpp
[1.501s] -- Up-to-date symlink: /home/huuhoa/hospital_robot/install/map_msgs/include/map_msgs/map_msgs/srv/detail/save_map__rosidl_typesupport_fastrtps_cpp.hpp
[1.501s] -- Up-to-date symlink: /home/huuhoa/hospital_robot/install/map_msgs/include/map_msgs/map_msgs/srv/detail/set_map_projections__rosidl_typesupport_fastrtps_cpp.hpp
[1.502s] -- Up-to-date symlink: /home/huuhoa/hospital_robot/install/map_msgs/include/map_msgs/map_msgs/msg/detail/occupancy_grid_update__rosidl_typesupport_introspection_cpp.hpp
[1.503s] -- Up-to-date symlink: /home/huuhoa/hospital_robot/install/map_msgs/include/map_msgs/map_msgs/msg/detail/point_cloud2_update__rosidl_typesupport_introspection_cpp.hpp
[1.503s] -- Up-to-date symlink: /home/huuhoa/hospital_robot/install/map_msgs/include/map_msgs/map_msgs/msg/detail/projected_map__rosidl_typesupport_introspection_cpp.hpp
[1.503s] -- Up-to-date symlink: /home/huuhoa/hospital_robot/install/map_msgs/include/map_msgs/map_msgs/msg/detail/projected_map_info__rosidl_typesupport_introspection_cpp.hpp
[1.504s] -- Up-to-date symlink: /home/huuhoa/hospital_robot/install/map_msgs/include/map_msgs/map_msgs/srv/detail/get_map_roi__rosidl_typesupport_introspection_cpp.hpp
[1.504s] -- Up-to-date symlink: /home/huuhoa/hospital_robot/install/map_msgs/include/map_msgs/map_msgs/srv/detail/get_point_map__rosidl_typesupport_introspection_cpp.hpp
[1.504s] -- Up-to-date symlink: /home/huuhoa/hospital_robot/install/map_msgs/include/map_msgs/map_msgs/srv/detail/get_point_map_roi__rosidl_typesupport_introspection_cpp.hpp
[1.505s] -- Up-to-date symlink: /home/huuhoa/hospital_robot/install/map_msgs/include/map_msgs/map_msgs/srv/detail/projected_maps_info__rosidl_typesupport_introspection_cpp.hpp
[1.506s] -- Up-to-date symlink: /home/huuhoa/hospital_robot/install/map_msgs/include/map_msgs/map_msgs/srv/detail/save_map__rosidl_typesupport_introspection_cpp.hpp
[1.506s] -- Up-to-date symlink: /home/huuhoa/hospital_robot/install/map_msgs/include/map_msgs/map_msgs/srv/detail/set_map_projections__rosidl_typesupport_introspection_cpp.hpp
[1.508s] -- Up-to-date symlink: /home/huuhoa/hospital_robot/install/map_msgs/share/map_msgs/environment/pythonpath.sh
[1.508s] -- Up-to-date symlink: /home/huuhoa/hospital_robot/install/map_msgs/share/map_msgs/environment/pythonpath.dsv
[1.509s] -- Up-to-date symlink: /home/huuhoa/hospital_robot/install/map_msgs/local/lib/python3.10/dist-packages/map_msgs-2.1.0-py3.10.egg-info/PKG-INFO
[1.509s] -- Up-to-date symlink: /home/huuhoa/hospital_robot/install/map_msgs/local/lib/python3.10/dist-packages/map_msgs-2.1.0-py3.10.egg-info/SOURCES.txt
[1.510s] -- Up-to-date symlink: /home/huuhoa/hospital_robot/install/map_msgs/local/lib/python3.10/dist-packages/map_msgs-2.1.0-py3.10.egg-info/dependency_links.txt
[1.510s] -- Up-to-date symlink: /home/huuhoa/hospital_robot/install/map_msgs/local/lib/python3.10/dist-packages/map_msgs-2.1.0-py3.10.egg-info/top_level.txt
[1.511s] -- Up-to-date symlink: /home/huuhoa/hospital_robot/install/map_msgs/local/lib/python3.10/dist-packages/map_msgs/__init__.py
[1.512s] -- Up-to-date symlink: /home/huuhoa/hospital_robot/install/map_msgs/local/lib/python3.10/dist-packages/map_msgs/_map_msgs_s.ep.rosidl_typesupport_c.c
[1.516s] -- Up-to-date symlink: /home/huuhoa/hospital_robot/install/map_msgs/local/lib/python3.10/dist-packages/map_msgs/_map_msgs_s.ep.rosidl_typesupport_fastrtps_c.c
[1.520s] -- Up-to-date symlink: /home/huuhoa/hospital_robot/install/map_msgs/local/lib/python3.10/dist-packages/map_msgs/_map_msgs_s.ep.rosidl_typesupport_introspection_c.c
[1.522s] -- Up-to-date symlink: /home/huuhoa/hospital_robot/install/map_msgs/local/lib/python3.10/dist-packages/map_msgs/libmap_msgs__rosidl_generator_py.so
[1.524s] -- Up-to-date symlink: /home/huuhoa/hospital_robot/install/map_msgs/local/lib/python3.10/dist-packages/map_msgs/map_msgs_s__rosidl_typesupport_c.cpython-310-x86_64-linux-gnu.so
[1.524s] -- Up-to-date symlink: /home/huuhoa/hospital_robot/install/map_msgs/local/lib/python3.10/dist-packages/map_msgs/map_msgs_s__rosidl_typesupport_fastrtps_c.cpython-310-x86_64-linux-gnu.so
[1.524s] -- Up-to-date symlink: /home/huuhoa/hospital_robot/install/map_msgs/local/lib/python3.10/dist-packages/map_msgs/map_msgs_s__rosidl_typesupport_introspection_c.cpython-310-x86_64-linux-gnu.so
[1.524s] -- Up-to-date symlink: /home/huuhoa/hospital_robot/install/map_msgs/local/lib/python3.10/dist-packages/map_msgs/msg/__init__.py
[1.526s] -- Up-to-date symlink: /home/huuhoa/hospital_robot/install/map_msgs/local/lib/python3.10/dist-packages/map_msgs/msg/_occupancy_grid_update.py
[1.526s] -- Up-to-date symlink: /home/huuhoa/hospital_robot/install/map_msgs/local/lib/python3.10/dist-packages/map_msgs/msg/_occupancy_grid_update_s.c
[1.527s] -- Up-to-date symlink: /home/huuhoa/hospital_robot/install/map_msgs/local/lib/python3.10/dist-packages/map_msgs/msg/_point_cloud2_update.py
[1.527s] -- Up-to-date symlink: /home/huuhoa/hospital_robot/install/map_msgs/local/lib/python3.10/dist-packages/map_msgs/msg/_point_cloud2_update_s.c
[1.527s] -- Up-to-date symlink: /home/huuhoa/hospital_robot/install/map_msgs/local/lib/python3.10/dist-packages/map_msgs/msg/_projected_map.py
[1.528s] -- Up-to-date symlink: /home/huuhoa/hospital_robot/install/map_msgs/local/lib/python3.10/dist-packages/map_msgs/msg/_projected_map_info.py
[1.528s] -- Up-to-date symlink: /home/huuhoa/hospital_robot/install/map_msgs/local/lib/python3.10/dist-packages/map_msgs/msg/_projected_map_info_s.c
[1.528s] -- Up-to-date symlink: /home/huuhoa/hospital_robot/install/map_msgs/local/lib/python3.10/dist-packages/map_msgs/msg/_projected_map_s.c
[1.530s] -- Up-to-date symlink: /home/huuhoa/hospital_robot/install/map_msgs/local/lib/python3.10/dist-packages/map_msgs/srv/__init__.py
[1.531s] -- Up-to-date symlink: /home/huuhoa/hospital_robot/install/map_msgs/local/lib/python3.10/dist-packages/map_msgs/srv/_get_map_roi.py
[1.531s] -- Up-to-date symlink: /home/huuhoa/hospital_robot/install/map_msgs/local/lib/python3.10/dist-packages/map_msgs/srv/_get_map_roi_s.c
[1.531s] -- Up-to-date symlink: /home/huuhoa/hospital_robot/install/map_msgs/local/lib/python3.10/dist-packages/map_msgs/srv/_get_point_map.py
[1.532s] -- Up-to-date symlink: /home/huuhoa/hospital_robot/install/map_msgs/local/lib/python3.10/dist-packages/map_msgs/srv/_get_point_map_roi.py
[1.532s] -- Up-to-date symlink: /home/huuhoa/hospital_robot/install/map_msgs/local/lib/python3.10/dist-packages/map_msgs/srv/_get_point_map_roi_s.c
[1.532s] -- Up-to-date symlink: /home/huuhoa/hospital_robot/install/map_msgs/local/lib/python3.10/dist-packages/map_msgs/srv/_get_point_map_s.c
[1.533s] -- Up-to-date symlink: /home/huuhoa/hospital_robot/install/map_msgs/local/lib/python3.10/dist-packages/map_msgs/srv/_projected_maps_info.py
[1.533s] -- Up-to-date symlink: /home/huuhoa/hospital_robot/install/map_msgs/local/lib/python3.10/dist-packages/map_msgs/srv/_projected_maps_info_s.c
[1.535s] -- Up-to-date symlink: /home/huuhoa/hospital_robot/install/map_msgs/local/lib/python3.10/dist-packages/map_msgs/srv/_save_map.py
[1.535s] -- Up-to-date symlink: /home/huuhoa/hospital_robot/install/map_msgs/local/lib/python3.10/dist-packages/map_msgs/srv/_save_map_s.c
[1.535s] -- Up-to-date symlink: /home/huuhoa/hospital_robot/install/map_msgs/local/lib/python3.10/dist-packages/map_msgs/srv/_set_map_projections.py
[1.536s] -- Up-to-date symlink: /home/huuhoa/hospital_robot/install/map_msgs/local/lib/python3.10/dist-packages/map_msgs/srv/_set_map_projections_s.c
[1.537s] -- Up-to-date symlink: /home/huuhoa/hospital_robot/install/map_msgs/local/lib/python3.10/dist-packages/map_msgs/map_msgs_s__rosidl_typesupport_fastrtps_c.cpython-310-x86_64-linux-gnu.so
[1.537s] -- Up-to-date symlink: /home/huuhoa/hospital_robot/install/map_msgs/local/lib/python3.10/dist-packages/map_msgs/map_msgs_s__rosidl_typesupport_introspection_c.cpython-310-x86_64-linux-gnu.so
[1.537s] -- Up-to-date symlink: /home/huuhoa/hospital_robot/install/map_msgs/local/lib/python3.10/dist-packages/map_msgs/map_msgs_s__rosidl_typesupport_c.cpython-310-x86_64-linux-gnu.so
[1.538s] -- Up-to-date symlink: /home/huuhoa/hospital_robot/install/map_msgs/share/map_msgs/msg/OccupancyGridUpdate.idl
[1.542s] -- Up-to-date symlink: /home/huuhoa/hospital_robot/install/map_msgs/share/map_msgs/msg/PointCloud2Update.idl
[1.542s] -- Up-to-date symlink: /home/huuhoa/hospital_robot/install/map_msgs/share/map_msgs/msg/ProjectedMapInfo.idl
[1.542s] -- Up-to-date symlink: /home/huuhoa/hospital_robot/install/map_msgs/share/map_msgs/msg/ProjectedMap.idl
[1.542s] -- Up-to-date symlink: /home/huuhoa/hospital_robot/install/map_msgs/share/map_msgs/srv/GetMapROI.idl
[1.542s] -- Up-to-date symlink: /home/huuhoa/hospital_robot/install/map_msgs/share/map_msgs/srv/GetPointMapROI.idl
[1.544s] -- Up-to-date symlink: /home/huuhoa/hospital_robot/install/map_msgs/share/map_msgs/srv/GetPointMap.idl
[1.544s] -- Up-to-date symlink: /home/huuhoa/hospital_robot/install/map_msgs/share/map_msgs/srv/ProjectedMapsInfo.idl
[1.545s] -- Up-to-date symlink: /home/huuhoa/hospital_robot/install/map_msgs/share/map_msgs/srv/SaveMap.idl
[1.547s] -- Up-to-date symlink: /home/huuhoa/hospital_robot/install/map_msgs/share/map_msgs/srv/SetMapProjections.idl
[1.547s] -- Up-to-date symlink: /home/huuhoa/hospital_robot/install/map_msgs/share/map_msgs/msg/OccupancyGridUpdate.msg
[1.548s] -- Up-to-date symlink: /home/huuhoa/hospital_robot/install/map_msgs/share/map_msgs/msg/PointCloud2Update.msg
[1.552s] -- Up-to-date symlink: /home/huuhoa/hospital_robot/install/map_msgs/share/map_msgs/msg/ProjectedMapInfo.msg
[1.552s] -- Up-to-date symlink: /home/huuhoa/hospital_robot/install/map_msgs/share/map_msgs/msg/ProjectedMap.msg
[1.552s] -- Up-to-date symlink: /home/huuhoa/hospital_robot/install/map_msgs/share/map_msgs/srv/GetMapROI.srv
[1.552s] -- Up-to-date symlink: /home/huuhoa/hospital_robot/install/map_msgs/share/map_msgs/srv/GetMapROI_Request.msg
[1.553s] -- Up-to-date symlink: /home/huuhoa/hospital_robot/install/map_msgs/share/map_msgs/srv/GetMapROI_Response.msg
[1.553s] -- Up-to-date symlink: /home/huuhoa/hospital_robot/install/map_msgs/share/map_msgs/srv/GetPointMapROI.srv
[1.556s] -- Up-to-date symlink: /home/huuhoa/hospital_robot/install/map_msgs/share/map_msgs/srv/GetPointMapROI_Request.msg
[1.556s] -- Up-to-date symlink: /home/huuhoa/hospital_robot/install/map_msgs/share/map_msgs/srv/GetPointMapROI_Response.msg
[1.568s] -- Up-to-date symlink: /home/huuhoa/hospital_robot/install/map_msgs/share/map_msgs/srv/GetPointMap.srv
[1.568s] -- Up-to-date symlink: /home/huuhoa/hospital_robot/install/map_msgs/share/map_msgs/srv/GetPointMap_Request.msg
[1.568s] -- Up-to-date symlink: /home/huuhoa/hospital_robot/install/map_msgs/share/map_msgs/srv/GetPointMap_Response.msg
[1.568s] -- Up-to-date symlink: /home/huuhoa/hospital_robot/install/map_msgs/share/map_msgs/srv/ProjectedMapsInfo.srv
[1.568s] -- Up-to-date symlink: /home/huuhoa/hospital_robot/install/map_msgs/share/map_msgs/srv/ProjectedMapsInfo_Request.msg
[1.568s] -- Up-to-date symlink: /home/huuhoa/hospital_robot/install/map_msgs/share/map_msgs/srv/ProjectedMapsInfo_Response.msg
[1.568s] -- Up-to-date symlink: /home/huuhoa/hospital_robot/install/map_msgs/share/map_msgs/srv/SaveMap.srv
[1.569s] -- Up-to-date symlink: /home/huuhoa/hospital_robot/install/map_msgs/share/map_msgs/srv/SaveMap_Request.msg
[1.571s] -- Up-to-date symlink: /home/huuhoa/hospital_robot/install/map_msgs/share/map_msgs/srv/SaveMap_Response.msg
[1.571s] -- Up-to-date symlink: /home/huuhoa/hospital_robot/install/map_msgs/share/map_msgs/srv/SetMapProjections.srv
[1.571s] -- Up-to-date symlink: /home/huuhoa/hospital_robot/install/map_msgs/share/map_msgs/srv/SetMapProjections_Request.msg
[1.571s] -- Up-to-date symlink: /home/huuhoa/hospital_robot/install/map_msgs/share/map_msgs/srv/SetMapProjections_Response.msg
[1.571s] -- Up-to-date symlink: /home/huuhoa/hospital_robot/install/map_msgs/share/ament_index/resource_index/package_run_dependencies/map_msgs
[1.571s] -- Up-to-date symlink: /home/huuhoa/hospital_robot/install/map_msgs/share/ament_index/resource_index/parent_prefix_path/map_msgs
[1.571s] -- Up-to-date symlink: /home/huuhoa/hospital_robot/install/map_msgs/share/map_msgs/environment/ament_prefix_path.sh
[1.571s] -- Up-to-date symlink: /home/huuhoa/hospital_robot/install/map_msgs/share/map_msgs/environment/ament_prefix_path.dsv
[1.573s] -- Up-to-date symlink: /home/huuhoa/hospital_robot/install/map_msgs/share/map_msgs/environment/path.sh
[1.573s] -- Up-to-date symlink: /home/huuhoa/hospital_robot/install/map_msgs/share/map_msgs/environment/path.dsv
[1.573s] -- Up-to-date symlink: /home/huuhoa/hospital_robot/install/map_msgs/share/map_msgs/local_setup.bash
[1.574s] -- Up-to-date symlink: /home/huuhoa/hospital_robot/install/map_msgs/share/map_msgs/local_setup.sh
[1.575s] -- Up-to-date symlink: /home/huuhoa/hospital_robot/install/map_msgs/share/map_msgs/local_setup.zsh
[1.575s] -- Up-to-date symlink: /home/huuhoa/hospital_robot/install/map_msgs/share/map_msgs/local_setup.dsv
[1.575s] -- Symlinking: /home/huuhoa/hospital_robot/install/map_msgs/share/map_msgs/package.dsv
[1.603s] -- Up-to-date symlink: /home/huuhoa/hospital_robot/install/map_msgs/share/ament_index/resource_index/packages/map_msgs
[1.603s] -- Up-to-date symlink: /home/huuhoa/hospital_robot/install/map_msgs/share/map_msgs/cmake/rosidl_cmake-extras.cmake
[1.603s] -- Up-to-date symlink: /home/huuhoa/hospital_robot/install/map_msgs/share/map_msgs/cmake/ament_cmake_export_dependencies-extras.cmake
[1.604s] -- Up-to-date symlink: /home/huuhoa/hospital_robot/install/map_msgs/share/map_msgs/cmake/ament_cmake_export_include_directories-extras.cmake
[1.604s] -- Up-to-date symlink: /home/huuhoa/hospital_robot/install/map_msgs/share/map_msgs/cmake/ament_cmake_export_libraries-extras.cmake
[1.604s] -- Up-to-date symlink: /home/huuhoa/hospital_robot/install/map_msgs/share/map_msgs/cmake/ament_cmake_export_targets-extras.cmake
[1.605s] -- Up-to-date symlink: /home/huuhoa/hospital_robot/install/map_msgs/share/map_msgs/cmake/rosidl_cmake_export_typesupport_targets-extras.cmake
[1.607s] -- Up-to-date symlink: /home/huuhoa/hospital_robot/install/map_msgs/share/map_msgs/cmake/rosidl_cmake_export_typesupport_libraries-extras.cmake
[1.608s] -- Up-to-date symlink: /home/huuhoa/hospital_robot/install/map_msgs/share/map_msgs/cmake/map_msgsConfig.cmake
[1.608s] -- Up-to-date symlink: /home/huuhoa/hospital_robot/install/map_msgs/share/map_msgs/cmake/map_msgsConfig-version.cmake
[1.608s] -- Up-to-date symlink: /home/huuhoa/hospital_robot/install/map_msgs/share/map_msgs/package.xml
[1.608s] -- Up-to-date: /home/huuhoa/hospital_robot/install/map_msgs/lib/libmap_msgs__rosidl_generator_c.so
[1.608s] -- Up-to-date: /home/huuhoa/hospital_robot/install/map_msgs/lib/libmap_msgs__rosidl_typesupport_fastrtps_c.so
[1.609s] -- Up-to-date: /home/huuhoa/hospital_robot/install/map_msgs/lib/libmap_msgs__rosidl_typesupport_introspection_c.so
[1.609s] -- Up-to-date: /home/huuhoa/hospital_robot/install/map_msgs/lib/libmap_msgs__rosidl_typesupport_c.so
[1.610s] -- Up-to-date: /home/huuhoa/hospital_robot/install/map_msgs/lib/libmap_msgs__rosidl_typesupport_fastrtps_cpp.so
[1.613s] -- Up-to-date: /home/huuhoa/hospital_robot/install/map_msgs/lib/libmap_msgs__rosidl_typesupport_introspection_cpp.so
[1.613s] -- Up-to-date: /home/huuhoa/hospital_robot/install/map_msgs/lib/libmap_msgs__rosidl_typesupport_cpp.so
[1.705s] Listing '/home/huuhoa/hospital_robot/install/map_msgs/local/lib/python3.10/dist-packages/map_msgs'...
[1.705s] Listing '/home/huuhoa/hospital_robot/install/map_msgs/local/lib/python3.10/dist-packages/map_msgs/msg'...
[1.705s] Listing '/home/huuhoa/hospital_robot/install/map_msgs/local/lib/python3.10/dist-packages/map_msgs/srv'...
[1.726s] -- Up-to-date: /home/huuhoa/hospital_robot/install/map_msgs/lib/libmap_msgs__rosidl_generator_py.so
[1.727s] -- Up-to-date: /home/huuhoa/hospital_robot/install/map_msgs/share/map_msgs/cmake/export_map_msgs__rosidl_generator_cExport.cmake
[1.727s] -- Up-to-date: /home/huuhoa/hospital_robot/install/map_msgs/share/map_msgs/cmake/export_map_msgs__rosidl_generator_cExport-noconfig.cmake
[1.727s] -- Up-to-date: /home/huuhoa/hospital_robot/install/map_msgs/share/map_msgs/cmake/export_map_msgs__rosidl_typesupport_fastrtps_cExport.cmake
[1.728s] -- Up-to-date: /home/huuhoa/hospital_robot/install/map_msgs/share/map_msgs/cmake/export_map_msgs__rosidl_typesupport_fastrtps_cExport-noconfig.cmake
[1.728s] -- Up-to-date: /home/huuhoa/hospital_robot/install/map_msgs/share/map_msgs/cmake/map_msgs__rosidl_typesupport_introspection_cExport.cmake
[1.729s] -- Up-to-date: /home/huuhoa/hospital_robot/install/map_msgs/share/map_msgs/cmake/map_msgs__rosidl_typesupport_introspection_cExport-noconfig.cmake
[1.729s] -- Up-to-date: /home/huuhoa/hospital_robot/install/map_msgs/share/map_msgs/cmake/map_msgs__rosidl_typesupport_cExport.cmake
[1.730s] -- Up-to-date: /home/huuhoa/hospital_robot/install/map_msgs/share/map_msgs/cmake/map_msgs__rosidl_typesupport_cExport-noconfig.cmake
[1.731s] -- Up-to-date: /home/huuhoa/hospital_robot/install/map_msgs/share/map_msgs/cmake/export_map_msgs__rosidl_generator_cppExport.cmake
[1.732s] -- Up-to-date: /home/huuhoa/hospital_robot/install/map_msgs/share/map_msgs/cmake/export_map_msgs__rosidl_typesupport_fastrtps_cppExport.cmake
[1.732s] -- Up-to-date: /home/huuhoa/hospital_robot/install/map_msgs/share/map_msgs/cmake/export_map_msgs__rosidl_typesupport_fastrtps_cppExport-noconfig.cmake
[1.732s] -- Up-to-date: /home/huuhoa/hospital_robot/install/map_msgs/share/map_msgs/cmake/map_msgs__rosidl_typesupport_introspection_cppExport.cmake
[1.732s] -- Up-to-date: /home/huuhoa/hospital_robot/install/map_msgs/share/map_msgs/cmake/map_msgs__rosidl_typesupport_introspection_cppExport-noconfig.cmake
[1.732s] -- Up-to-date: /home/huuhoa/hospital_robot/install/map_msgs/share/map_msgs/cmake/map_msgs__rosidl_typesupport_cppExport.cmake
[1.732s] -- Up-to-date: /home/huuhoa/hospital_robot/install/map_msgs/share/map_msgs/cmake/map_msgs__rosidl_typesupport_cppExport-noconfig.cmake
[1.732s] -- Up-to-date: /home/huuhoa/hospital_robot/install/map_msgs/share/map_msgs/cmake/export_map_msgs__rosidl_generator_pyExport.cmake
[1.733s] -- Up-to-date: /home/huuhoa/hospital_robot/install/map_msgs/share/map_msgs/cmake/export_map_msgs__rosidl_generator_pyExport-noconfig.cmake
[1.745s] Invoked command in '/home/huuhoa/hospital_robot/build/map_msgs' returned '0': CMAKE_PREFIX_PATH=${CMAKE_PREFIX_PATH}:/home/huuhoa/hospital_robot/install/nav2_simple_commander:/opt/ros/humble /usr/bin/cmake --install /home/huuhoa/hospital_robot/build/map_msgs
