[0.042s] Invoking command in '/home/huuhoa/hospital_robot/build/nav2_velocity_smoother': AMENT_PREFIX_PATH=/home/huuhoa/hospital_robot/install/nav2_util:/home/huuhoa/hospital_robot/install/nav2_msgs:/home/huuhoa/hospital_robot/install/nav2_common:${AMENT_PREFIX_PATH} CMAKE_PREFIX_PATH=/home/huuhoa/hospital_robot/install/nav2_util:/home/huuhoa/hospital_robot/install/nav2_msgs:/home/huuhoa/hospital_robot/install/nav2_common:/opt/ros/humble LD_LIBRARY_PATH=/home/huuhoa/hospital_robot/install/nav2_util/lib:/home/huuhoa/hospital_robot/install/nav2_msgs/lib:${LD_LIBRARY_PATH} PYTHONPATH=/home/huuhoa/hospital_robot/install/nav2_msgs/local/lib/python3.10/dist-packages:/home/huuhoa/hospital_robot/install/nav2_common/local/lib/python3.10/dist-packages:${PYTHONPATH} /usr/bin/cmake --build /home/huuhoa/hospital_robot/build/nav2_velocity_smoother -- -j2 -l2
[0.184s] [ 20%] Built target velocity_smoother_core
[0.187s] [ 40%] Built target gtest_main
[0.253s] [ 60%] Built target gtest
[0.279s] [ 80%] Built target velocity_smoother
[0.303s] [100%] Built target velocity_smoother_tests
[0.331s] Invoked command in '/home/huuhoa/hospital_robot/build/nav2_velocity_smoother' returned '0': AMENT_PREFIX_PATH=/home/huuhoa/hospital_robot/install/nav2_util:/home/huuhoa/hospital_robot/install/nav2_msgs:/home/huuhoa/hospital_robot/install/nav2_common:${AMENT_PREFIX_PATH} CMAKE_PREFIX_PATH=/home/huuhoa/hospital_robot/install/nav2_util:/home/huuhoa/hospital_robot/install/nav2_msgs:/home/huuhoa/hospital_robot/install/nav2_common:/opt/ros/humble LD_LIBRARY_PATH=/home/huuhoa/hospital_robot/install/nav2_util/lib:/home/huuhoa/hospital_robot/install/nav2_msgs/lib:${LD_LIBRARY_PATH} PYTHONPATH=/home/huuhoa/hospital_robot/install/nav2_msgs/local/lib/python3.10/dist-packages:/home/huuhoa/hospital_robot/install/nav2_common/local/lib/python3.10/dist-packages:${PYTHONPATH} /usr/bin/cmake --build /home/huuhoa/hospital_robot/build/nav2_velocity_smoother -- -j2 -l2
[0.346s] Invoking command in '/home/huuhoa/hospital_robot/build/nav2_velocity_smoother': AMENT_PREFIX_PATH=/home/huuhoa/hospital_robot/install/nav2_util:/home/huuhoa/hospital_robot/install/nav2_msgs:/home/huuhoa/hospital_robot/install/nav2_common:${AMENT_PREFIX_PATH} CMAKE_PREFIX_PATH=/home/huuhoa/hospital_robot/install/nav2_util:/home/huuhoa/hospital_robot/install/nav2_msgs:/home/huuhoa/hospital_robot/install/nav2_common:/opt/ros/humble LD_LIBRARY_PATH=/home/huuhoa/hospital_robot/install/nav2_util/lib:/home/huuhoa/hospital_robot/install/nav2_msgs/lib:${LD_LIBRARY_PATH} PYTHONPATH=/home/huuhoa/hospital_robot/install/nav2_msgs/local/lib/python3.10/dist-packages:/home/huuhoa/hospital_robot/install/nav2_common/local/lib/python3.10/dist-packages:${PYTHONPATH} /usr/bin/cmake --install /home/huuhoa/hospital_robot/build/nav2_velocity_smoother
[0.346s] -- Install configuration: "Release"
[0.347s] -- Execute custom install script
[0.348s] -- Up-to-date symlink: /home/huuhoa/hospital_robot/install/nav2_velocity_smoother/lib/libvelocity_smoother_core.so
[0.350s] -- Up-to-date symlink: /home/huuhoa/hospital_robot/install/nav2_velocity_smoother/lib/nav2_velocity_smoother/velocity_smoother
[0.353s] -- Up-to-date symlink: /home/huuhoa/hospital_robot/install/nav2_velocity_smoother/include//nav2_velocity_smoother/velocity_smoother.hpp
[0.356s] -- Up-to-date symlink: /home/huuhoa/hospital_robot/install/nav2_velocity_smoother/share/nav2_velocity_smoother/environment/library_path.sh
[0.357s] -- Up-to-date symlink: /home/huuhoa/hospital_robot/install/nav2_velocity_smoother/share/nav2_velocity_smoother/environment/library_path.dsv
[0.361s] -- Up-to-date symlink: /home/huuhoa/hospital_robot/install/nav2_velocity_smoother/share/ament_index/resource_index/package_run_dependencies/nav2_velocity_smoother
[0.363s] -- Up-to-date symlink: /home/huuhoa/hospital_robot/install/nav2_velocity_smoother/share/ament_index/resource_index/parent_prefix_path/nav2_velocity_smoother
[0.364s] -- Up-to-date symlink: /home/huuhoa/hospital_robot/install/nav2_velocity_smoother/share/nav2_velocity_smoother/environment/ament_prefix_path.sh
[0.365s] -- Up-to-date symlink: /home/huuhoa/hospital_robot/install/nav2_velocity_smoother/share/nav2_velocity_smoother/environment/ament_prefix_path.dsv
[0.366s] -- Up-to-date symlink: /home/huuhoa/hospital_robot/install/nav2_velocity_smoother/share/nav2_velocity_smoother/environment/path.sh
[0.367s] -- Up-to-date symlink: /home/huuhoa/hospital_robot/install/nav2_velocity_smoother/share/nav2_velocity_smoother/environment/path.dsv
[0.368s] -- Up-to-date symlink: /home/huuhoa/hospital_robot/install/nav2_velocity_smoother/share/nav2_velocity_smoother/local_setup.bash
[0.369s] -- Up-to-date symlink: /home/huuhoa/hospital_robot/install/nav2_velocity_smoother/share/nav2_velocity_smoother/local_setup.sh
[0.370s] -- Up-to-date symlink: /home/huuhoa/hospital_robot/install/nav2_velocity_smoother/share/nav2_velocity_smoother/local_setup.zsh
[0.371s] -- Up-to-date symlink: /home/huuhoa/hospital_robot/install/nav2_velocity_smoother/share/nav2_velocity_smoother/local_setup.dsv
[0.372s] -- Symlinking: /home/huuhoa/hospital_robot/install/nav2_velocity_smoother/share/nav2_velocity_smoother/package.dsv
[0.382s] -- Up-to-date symlink: /home/huuhoa/hospital_robot/install/nav2_velocity_smoother/share/ament_index/resource_index/packages/nav2_velocity_smoother
[0.384s] -- Up-to-date symlink: /home/huuhoa/hospital_robot/install/nav2_velocity_smoother/share/ament_index/resource_index/rclcpp_components/nav2_velocity_smoother
[0.385s] -- Up-to-date symlink: /home/huuhoa/hospital_robot/install/nav2_velocity_smoother/share/nav2_velocity_smoother/cmake/ament_cmake_export_include_directories-extras.cmake
[0.386s] -- Up-to-date symlink: /home/huuhoa/hospital_robot/install/nav2_velocity_smoother/share/nav2_velocity_smoother/cmake/ament_cmake_export_libraries-extras.cmake
[0.387s] -- Up-to-date symlink: /home/huuhoa/hospital_robot/install/nav2_velocity_smoother/share/nav2_velocity_smoother/cmake/ament_cmake_export_dependencies-extras.cmake
[0.388s] -- Up-to-date symlink: /home/huuhoa/hospital_robot/install/nav2_velocity_smoother/share/nav2_velocity_smoother/cmake/nav2_velocity_smootherConfig.cmake
[0.389s] -- Up-to-date symlink: /home/huuhoa/hospital_robot/install/nav2_velocity_smoother/share/nav2_velocity_smoother/cmake/nav2_velocity_smootherConfig-version.cmake
[0.390s] -- Up-to-date symlink: /home/huuhoa/hospital_robot/install/nav2_velocity_smoother/share/nav2_velocity_smoother/package.xml
[0.395s] Invoked command in '/home/huuhoa/hospital_robot/build/nav2_velocity_smoother' returned '0': AMENT_PREFIX_PATH=/home/huuhoa/hospital_robot/install/nav2_util:/home/huuhoa/hospital_robot/install/nav2_msgs:/home/huuhoa/hospital_robot/install/nav2_common:${AMENT_PREFIX_PATH} CMAKE_PREFIX_PATH=/home/huuhoa/hospital_robot/install/nav2_util:/home/huuhoa/hospital_robot/install/nav2_msgs:/home/huuhoa/hospital_robot/install/nav2_common:/opt/ros/humble LD_LIBRARY_PATH=/home/huuhoa/hospital_robot/install/nav2_util/lib:/home/huuhoa/hospital_robot/install/nav2_msgs/lib:${LD_LIBRARY_PATH} PYTHONPATH=/home/huuhoa/hospital_robot/install/nav2_msgs/local/lib/python3.10/dist-packages:/home/huuhoa/hospital_robot/install/nav2_common/local/lib/python3.10/dist-packages:${PYTHONPATH} /usr/bin/cmake --install /home/huuhoa/hospital_robot/build/nav2_velocity_smoother
