-- Found ament_cmake: 1.3.11 (/opt/ros/humble/share/ament_cmake/cmake)
-- Override CMake install command with custom implementation using symlinks instead of copying resources
-- Found geometry_msgs: 4.2.4 (/opt/ros/humble/share/geometry_msgs/cmake)
-- Found rosidl_generator_c: 3.1.6 (/opt/ros/humble/share/rosidl_generator_c/cmake)
-- Found rosidl_adapter: 3.1.6 (/opt/ros/humble/share/rosidl_adapter/cmake)
-- Found rosidl_generator_cpp: 3.1.6 (/opt/ros/humble/share/rosidl_generator_cpp/cmake)
-- Using all available rosidl_typesupport_c: rosidl_typesupport_fastrtps_c;rosidl_typesupport_introspection_c
-- Using all available rosidl_typesupport_cpp: rosidl_typesupport_fastrtps_cpp;rosidl_typesupport_introspection_cpp
-- Found nav2_util: 1.1.18 (/home/huuhoa/hospital_robot/install/nav2_util/share/nav2_util/cmake)
-- Found rmw_implementation_cmake: 6.1.2 (/opt/ros/humble/share/rmw_implementation_cmake/cmake)
-- Found rmw_cyclonedds_cpp: 1.3.4 (/opt/ros/humble/share/rmw_cyclonedds_cpp/cmake)
-- Using RMW implementation 'rmw_cyclonedds_cpp' as default
-- Found eigen3_cmake_module: 0.1.1 (/opt/ros/humble/share/eigen3_cmake_module/cmake)
-- Ensuring Eigen3 include directory is part of orocos-kdl CMake target
-- Found nav2_lifecycle_manager: 1.1.18 (/home/huuhoa/hospital_robot/install/nav2_lifecycle_manager/share/nav2_lifecycle_manager/cmake)
-- Found pluginlib: 5.1.0 (/opt/ros/humble/share/pluginlib/cmake)
-- Found rviz_common: 11.2.17 (/opt/ros/humble/share/rviz_common/cmake)
-- Setting assimp_DIR to: '/opt/ros/humble/share/rviz_assimp_vendor/cmake/../../../opt/rviz_assimp_vendor/lib/cmake/assimp-4.1'
-- Setting OGRE_DIR to: '/opt/ros/humble/share/rviz_ogre_vendor/cmake/../../../opt/rviz_ogre_vendor/lib/OGRE/cmake'
-- Found OGRE
--   static     : OFF
--   components : HLMS;MeshLodGenerator;Overlay;Paging;Property;RTShaderSystem;Terrain;Volume
--   plugins    : Plugin_BSPSceneManager;Plugin_OctreeSceneManager;Plugin_PCZSceneManager;Plugin_ParticleFX;RenderSystem_GL;RenderSystem_GL3Plus;Codec_STBI
--   media      : /opt/ros/humble/opt/rviz_ogre_vendor/share/OGRE/Media
-- OGRE_LIBRARIES: OgreHLMS;OgreMeshLodGenerator;OgreOverlay;OgrePaging;OgreProperty;OgreRTShaderSystem;OgreTerrain;OgreVolume;OgreMain
-- OGRE_LIBRARY_DIRS: /opt/ros/humble/opt/rviz_ogre_vendor/lib
-- OGRE_PLUGINS: Plugin_BSPSceneManager;Plugin_OctreeSceneManager;Plugin_PCZSceneManager;Plugin_ParticleFX;RenderSystem_GL;RenderSystem_GL3Plus;Codec_STBI
-- OGRE_PLUGIN_DIR: /opt/ros/humble/opt/rviz_ogre_vendor/lib/OGRE
-- rviz_ogre_vendor::OgreOverlay for IMPORTED_LOCATION_RELEASE: /opt/ros/humble/opt/rviz_ogre_vendor/lib/libOgreOverlay.so
-- rviz_ogre_vendor::OgreOverlay for IMPORTED_LOCATION_DEBUG: /opt/ros/humble/opt/rviz_ogre_vendor/lib/libOgreOverlay.so
-- rviz_ogre_vendor::OgreMain for IMPORTED_LOCATION_RELEASE: /opt/ros/humble/opt/rviz_ogre_vendor/lib/libOgreMain.so
-- rviz_ogre_vendor::OgreMain for IMPORTED_LOCATION_DEBUG: /opt/ros/humble/opt/rviz_ogre_vendor/lib/libOgreMain.so
-- Found ZLIB: /usr/lib/x86_64-linux-gnu/libz.so (found version "1.2.11") 
-- Found OpenGL: /usr/lib/x86_64-linux-gnu/libOpenGL.so   
-- Found X11: /usr/include   
-- Looking for XOpenDisplay in /usr/lib/x86_64-linux-gnu/libX11.so;/usr/lib/x86_64-linux-gnu/libXext.so
-- Looking for XOpenDisplay in /usr/lib/x86_64-linux-gnu/libX11.so;/usr/lib/x86_64-linux-gnu/libXext.so - found
-- Looking for gethostbyname
-- Looking for gethostbyname - found
-- Looking for connect
-- Looking for connect - found
-- Looking for remove
-- Looking for remove - found
-- Looking for shmat
-- Looking for shmat - found
-- Looking for IceConnectionNumber in ICE
-- Looking for IceConnectionNumber in ICE - found
-- library: /usr/lib/x86_64-linux-gnu/libcurl.so
-- Found rviz_default_plugins: 11.2.17 (/opt/ros/humble/share/rviz_default_plugins/cmake)
-- Found ament_lint_auto: 0.12.11 (/opt/ros/humble/share/ament_lint_auto/cmake)
-- Added test 'copyright' to check source files copyright and LICENSE
-- Added test 'cppcheck' to perform static code analysis on C / C++ code
-- Configured cppcheck include dirs: /home/huuhoa/hospital_robot/src/nav2_package/navigation2/nav2_rviz_plugins/include
-- Configured cppcheck exclude dirs and/or files: 
-- Added test 'cpplint' to check C / C++ code against the Google style
-- Configured cpplint exclude dirs and/or files: 
-- Added test 'lint_cmake' to check CMake code style
-- Added test 'uncrustify' to check C / C++ code style
-- Configured uncrustify additional arguments: 
-- Added test 'xmllint' to check XML markup files
-- Configuring done
-- Generating done
-- Build files have been written to: /home/huuhoa/hospital_robot/build/nav2_rviz_plugins
[ 14%] [34m[1mAutomatic MOC for target nav2_rviz_plugins[0m
[ 14%] Built target nav2_rviz_plugins_autogen
[ 28%] [32mBuilding CXX object CMakeFiles/nav2_rviz_plugins.dir/nav2_rviz_plugins_autogen/mocs_compilation.cpp.o[0m
[ 42%] [32mBuilding CXX object CMakeFiles/nav2_rviz_plugins.dir/src/goal_tool.cpp.o[0m
[ 57%] [32mBuilding CXX object CMakeFiles/nav2_rviz_plugins.dir/src/nav2_panel.cpp.o[0m
[ 71%] [32mBuilding CXX object CMakeFiles/nav2_rviz_plugins.dir/src/particle_cloud_display/flat_weighted_arrows_array.cpp.o[0m
[ 85%] [32mBuilding CXX object CMakeFiles/nav2_rviz_plugins.dir/src/particle_cloud_display/particle_cloud_display.cpp.o[0m
[100%] [32m[1mLinking CXX shared library libnav2_rviz_plugins.so[0m
[100%] Built target nav2_rviz_plugins
-- Install configuration: ""
-- Execute custom install script
-- Symlinking: /home/huuhoa/hospital_robot/install/nav2_rviz_plugins/share/nav2_rviz_plugins//plugins_description.xml
-- Symlinking: /home/huuhoa/hospital_robot/install/nav2_rviz_plugins/include//nav2_rviz_plugins/goal_common.hpp
-- Symlinking: /home/huuhoa/hospital_robot/install/nav2_rviz_plugins/include//nav2_rviz_plugins/goal_pose_updater.hpp
-- Symlinking: /home/huuhoa/hospital_robot/install/nav2_rviz_plugins/include//nav2_rviz_plugins/goal_tool.hpp
-- Symlinking: /home/huuhoa/hospital_robot/install/nav2_rviz_plugins/include//nav2_rviz_plugins/nav2_panel.hpp
-- Symlinking: /home/huuhoa/hospital_robot/install/nav2_rviz_plugins/include//nav2_rviz_plugins/particle_cloud_display/flat_weighted_arrows_array.hpp
-- Symlinking: /home/huuhoa/hospital_robot/install/nav2_rviz_plugins/include//nav2_rviz_plugins/particle_cloud_display/particle_cloud_display.hpp
-- Symlinking: /home/huuhoa/hospital_robot/install/nav2_rviz_plugins/include//nav2_rviz_plugins/ros_action_qevent.hpp
-- Symlinking: /home/huuhoa/hospital_robot/install/nav2_rviz_plugins/share/nav2_rviz_plugins/environment/library_path.sh
-- Symlinking: /home/huuhoa/hospital_robot/install/nav2_rviz_plugins/share/nav2_rviz_plugins/environment/library_path.dsv
-- Symlinking: /home/huuhoa/hospital_robot/install/nav2_rviz_plugins/share/ament_index/resource_index/package_run_dependencies/nav2_rviz_plugins
-- Symlinking: /home/huuhoa/hospital_robot/install/nav2_rviz_plugins/share/ament_index/resource_index/parent_prefix_path/nav2_rviz_plugins
-- Symlinking: /home/huuhoa/hospital_robot/install/nav2_rviz_plugins/share/nav2_rviz_plugins/environment/ament_prefix_path.sh
-- Symlinking: /home/huuhoa/hospital_robot/install/nav2_rviz_plugins/share/nav2_rviz_plugins/environment/ament_prefix_path.dsv
-- Symlinking: /home/huuhoa/hospital_robot/install/nav2_rviz_plugins/share/nav2_rviz_plugins/environment/path.sh
-- Symlinking: /home/huuhoa/hospital_robot/install/nav2_rviz_plugins/share/nav2_rviz_plugins/environment/path.dsv
-- Symlinking: /home/huuhoa/hospital_robot/install/nav2_rviz_plugins/share/nav2_rviz_plugins/local_setup.bash
-- Symlinking: /home/huuhoa/hospital_robot/install/nav2_rviz_plugins/share/nav2_rviz_plugins/local_setup.sh
-- Symlinking: /home/huuhoa/hospital_robot/install/nav2_rviz_plugins/share/nav2_rviz_plugins/local_setup.zsh
-- Symlinking: /home/huuhoa/hospital_robot/install/nav2_rviz_plugins/share/nav2_rviz_plugins/local_setup.dsv
-- Symlinking: /home/huuhoa/hospital_robot/install/nav2_rviz_plugins/share/nav2_rviz_plugins/package.dsv
-- Symlinking: /home/huuhoa/hospital_robot/install/nav2_rviz_plugins/share/ament_index/resource_index/packages/nav2_rviz_plugins
-- Symlinking: /home/huuhoa/hospital_robot/install/nav2_rviz_plugins/share/ament_index/resource_index/rviz_common__pluginlib__plugin/nav2_rviz_plugins
-- Symlinking: /home/huuhoa/hospital_robot/install/nav2_rviz_plugins/share/nav2_rviz_plugins/cmake/ament_cmake_export_include_directories-extras.cmake
-- Symlinking: /home/huuhoa/hospital_robot/install/nav2_rviz_plugins/share/nav2_rviz_plugins/cmake/ament_cmake_export_targets-extras.cmake
-- Symlinking: /home/huuhoa/hospital_robot/install/nav2_rviz_plugins/share/nav2_rviz_plugins/cmake/ament_cmake_export_dependencies-extras.cmake
-- Symlinking: /home/huuhoa/hospital_robot/install/nav2_rviz_plugins/share/nav2_rviz_plugins/cmake/nav2_rviz_pluginsConfig.cmake
-- Symlinking: /home/huuhoa/hospital_robot/install/nav2_rviz_plugins/share/nav2_rviz_plugins/cmake/nav2_rviz_pluginsConfig-version.cmake
-- Symlinking: /home/huuhoa/hospital_robot/install/nav2_rviz_plugins/share/nav2_rviz_plugins/package.xml
-- Installing: /home/huuhoa/hospital_robot/install/nav2_rviz_plugins/lib/libnav2_rviz_plugins.so
-- Set runtime path of "/home/huuhoa/hospital_robot/install/nav2_rviz_plugins/lib/libnav2_rviz_plugins.so" to ""
-- Installing: /home/huuhoa/hospital_robot/install/nav2_rviz_plugins/share/nav2_rviz_plugins/cmake/nav2_rviz_pluginsExport.cmake
-- Installing: /home/huuhoa/hospital_robot/install/nav2_rviz_plugins/share/nav2_rviz_plugins/cmake/nav2_rviz_pluginsExport-noconfig.cmake
