[0.092s] Invoking command in '/home/huuhoa/hospital_robot/build/nav2_msgs': AMENT_PREFIX_PATH=/home/huuhoa/hospital_robot/install/nav2_common:${AMENT_PREFIX_PATH} CMAKE_PREFIX_PATH=/home/huuhoa/hospital_robot/install/nav2_common:/opt/ros/humble PYTHONPATH=/home/huuhoa/hospital_robot/install/nav2_common/local/lib/python3.10/dist-packages:${PYTHONPATH} /usr/bin/cmake --build /home/huuhoa/hospital_robot/build/nav2_msgs -- -j2 -l2
[0.752s] [  0%] Built target nav2_msgs__cpp
[0.804s] [ 12%] Built target nav2_msgs__rosidl_generator_c
[0.982s] [ 12%] Built target ament_cmake_python_symlink_nav2_msgs
[1.073s] [ 24%] Built target nav2_msgs__rosidl_typesupport_cpp
[1.274s] [ 37%] Built target nav2_msgs__rosidl_typesupport_fastrtps_c
[1.349s] [ 49%] Built target nav2_msgs__rosidl_typesupport_fastrtps_cpp
[1.524s] [ 62%] Built target nav2_msgs__rosidl_typesupport_introspection_c
[1.615s] [ 74%] Built target nav2_msgs__rosidl_typesupport_c
[1.834s] [ 87%] Built target nav2_msgs__rosidl_typesupport_introspection_cpp
[2.080s] [ 87%] Built target nav2_msgs
[2.334s] running egg_info
[2.336s] writing nav2_msgs.egg-info/PKG-INFO
[2.340s] writing dependency_links to nav2_msgs.egg-info/dependency_links.txt
[2.344s] writing top-level names to nav2_msgs.egg-info/top_level.txt
[2.394s] reading manifest file 'nav2_msgs.egg-info/SOURCES.txt'
[2.394s] writing manifest file 'nav2_msgs.egg-info/SOURCES.txt'
[2.394s] [ 87%] Built target nav2_msgs__py
[2.483s] [ 87%] Built target ament_cmake_python_build_nav2_msgs_egg
[2.582s] [ 99%] Built target nav2_msgs__rosidl_generator_py
[2.763s] [ 99%] Built target nav2_msgs__rosidl_typesupport_introspection_c__pyext
[2.790s] [ 99%] Built target nav2_msgs__rosidl_typesupport_fastrtps_c__pyext
[2.907s] [100%] Built target nav2_msgs__rosidl_typesupport_c__pyext
[2.964s] Invoked command in '/home/huuhoa/hospital_robot/build/nav2_msgs' returned '0': AMENT_PREFIX_PATH=/home/huuhoa/hospital_robot/install/nav2_common:${AMENT_PREFIX_PATH} CMAKE_PREFIX_PATH=/home/huuhoa/hospital_robot/install/nav2_common:/opt/ros/humble PYTHONPATH=/home/huuhoa/hospital_robot/install/nav2_common/local/lib/python3.10/dist-packages:${PYTHONPATH} /usr/bin/cmake --build /home/huuhoa/hospital_robot/build/nav2_msgs -- -j2 -l2
[2.973s] Invoking command in '/home/huuhoa/hospital_robot/build/nav2_msgs': AMENT_PREFIX_PATH=/home/huuhoa/hospital_robot/install/nav2_common:${AMENT_PREFIX_PATH} CMAKE_PREFIX_PATH=/home/huuhoa/hospital_robot/install/nav2_common:/opt/ros/humble PYTHONPATH=/home/huuhoa/hospital_robot/install/nav2_common/local/lib/python3.10/dist-packages:${PYTHONPATH} /usr/bin/cmake --install /home/huuhoa/hospital_robot/build/nav2_msgs
[3.033s] -- Install configuration: "Release"
[3.039s] -- Execute custom install script
[3.045s] -- Up-to-date symlink: /home/huuhoa/hospital_robot/install/nav2_msgs/share/ament_index/resource_index/rosidl_interfaces/nav2_msgs
[3.063s] -- Up-to-date symlink: /home/huuhoa/hospital_robot/install/nav2_msgs/include/nav2_msgs/nav2_msgs/action/assisted_teleop.h
[3.065s] -- Up-to-date symlink: /home/huuhoa/hospital_robot/install/nav2_msgs/include/nav2_msgs/nav2_msgs/action/back_up.h
[3.083s] -- Up-to-date symlink: /home/huuhoa/hospital_robot/install/nav2_msgs/include/nav2_msgs/nav2_msgs/action/compute_path_through_poses.h
[3.086s] -- Up-to-date symlink: /home/huuhoa/hospital_robot/install/nav2_msgs/include/nav2_msgs/nav2_msgs/action/compute_path_to_pose.h
[3.091s] -- Up-to-date symlink: /home/huuhoa/hospital_robot/install/nav2_msgs/include/nav2_msgs/nav2_msgs/action/detail/assisted_teleop__functions.h
[3.091s] -- Up-to-date symlink: /home/huuhoa/hospital_robot/install/nav2_msgs/include/nav2_msgs/nav2_msgs/action/detail/assisted_teleop__struct.h
[3.091s] -- Up-to-date symlink: /home/huuhoa/hospital_robot/install/nav2_msgs/include/nav2_msgs/nav2_msgs/action/detail/assisted_teleop__type_support.h
[3.091s] -- Up-to-date symlink: /home/huuhoa/hospital_robot/install/nav2_msgs/include/nav2_msgs/nav2_msgs/action/detail/back_up__functions.h
[3.091s] -- Up-to-date symlink: /home/huuhoa/hospital_robot/install/nav2_msgs/include/nav2_msgs/nav2_msgs/action/detail/back_up__struct.h
[3.091s] -- Up-to-date symlink: /home/huuhoa/hospital_robot/install/nav2_msgs/include/nav2_msgs/nav2_msgs/action/detail/back_up__type_support.h
[3.091s] -- Up-to-date symlink: /home/huuhoa/hospital_robot/install/nav2_msgs/include/nav2_msgs/nav2_msgs/action/detail/compute_path_through_poses__functions.h
[3.091s] -- Up-to-date symlink: /home/huuhoa/hospital_robot/install/nav2_msgs/include/nav2_msgs/nav2_msgs/action/detail/compute_path_through_poses__struct.h
[3.091s] -- Up-to-date symlink: /home/huuhoa/hospital_robot/install/nav2_msgs/include/nav2_msgs/nav2_msgs/action/detail/compute_path_through_poses__type_support.h
[3.091s] -- Up-to-date symlink: /home/huuhoa/hospital_robot/install/nav2_msgs/include/nav2_msgs/nav2_msgs/action/detail/compute_path_to_pose__functions.h
[3.091s] -- Up-to-date symlink: /home/huuhoa/hospital_robot/install/nav2_msgs/include/nav2_msgs/nav2_msgs/action/detail/compute_path_to_pose__struct.h
[3.092s] -- Up-to-date symlink: /home/huuhoa/hospital_robot/install/nav2_msgs/include/nav2_msgs/nav2_msgs/action/detail/compute_path_to_pose__type_support.h
[3.092s] -- Up-to-date symlink: /home/huuhoa/hospital_robot/install/nav2_msgs/include/nav2_msgs/nav2_msgs/action/detail/drive_on_heading__functions.h
[3.092s] -- Up-to-date symlink: /home/huuhoa/hospital_robot/install/nav2_msgs/include/nav2_msgs/nav2_msgs/action/detail/drive_on_heading__struct.h
[3.092s] -- Up-to-date symlink: /home/huuhoa/hospital_robot/install/nav2_msgs/include/nav2_msgs/nav2_msgs/action/detail/drive_on_heading__type_support.h
[3.092s] -- Up-to-date symlink: /home/huuhoa/hospital_robot/install/nav2_msgs/include/nav2_msgs/nav2_msgs/action/detail/dummy_behavior__functions.h
[3.103s] -- Up-to-date symlink: /home/huuhoa/hospital_robot/install/nav2_msgs/include/nav2_msgs/nav2_msgs/action/detail/dummy_behavior__struct.h
[3.104s] -- Up-to-date symlink: /home/huuhoa/hospital_robot/install/nav2_msgs/include/nav2_msgs/nav2_msgs/action/detail/dummy_behavior__type_support.h
[3.109s] -- Up-to-date symlink: /home/huuhoa/hospital_robot/install/nav2_msgs/include/nav2_msgs/nav2_msgs/action/detail/follow_path__functions.h
[3.109s] -- Up-to-date symlink: /home/huuhoa/hospital_robot/install/nav2_msgs/include/nav2_msgs/nav2_msgs/action/detail/follow_path__struct.h
[3.112s] -- Up-to-date symlink: /home/huuhoa/hospital_robot/install/nav2_msgs/include/nav2_msgs/nav2_msgs/action/detail/follow_path__type_support.h
[3.113s] -- Up-to-date symlink: /home/huuhoa/hospital_robot/install/nav2_msgs/include/nav2_msgs/nav2_msgs/action/detail/follow_waypoints__functions.h
[3.114s] -- Up-to-date symlink: /home/huuhoa/hospital_robot/install/nav2_msgs/include/nav2_msgs/nav2_msgs/action/detail/follow_waypoints__struct.h
[3.114s] -- Up-to-date symlink: /home/huuhoa/hospital_robot/install/nav2_msgs/include/nav2_msgs/nav2_msgs/action/detail/follow_waypoints__type_support.h
[3.114s] -- Up-to-date symlink: /home/huuhoa/hospital_robot/install/nav2_msgs/include/nav2_msgs/nav2_msgs/action/detail/navigate_through_poses__functions.h
[3.114s] -- Up-to-date symlink: /home/huuhoa/hospital_robot/install/nav2_msgs/include/nav2_msgs/nav2_msgs/action/detail/navigate_through_poses__struct.h
[3.117s] -- Up-to-date symlink: /home/huuhoa/hospital_robot/install/nav2_msgs/include/nav2_msgs/nav2_msgs/action/detail/navigate_through_poses__type_support.h
[3.118s] -- Up-to-date symlink: /home/huuhoa/hospital_robot/install/nav2_msgs/include/nav2_msgs/nav2_msgs/action/detail/navigate_to_pose__functions.h
[3.118s] -- Up-to-date symlink: /home/huuhoa/hospital_robot/install/nav2_msgs/include/nav2_msgs/nav2_msgs/action/detail/navigate_to_pose__struct.h
[3.118s] -- Up-to-date symlink: /home/huuhoa/hospital_robot/install/nav2_msgs/include/nav2_msgs/nav2_msgs/action/detail/navigate_to_pose__type_support.h
[3.118s] -- Up-to-date symlink: /home/huuhoa/hospital_robot/install/nav2_msgs/include/nav2_msgs/nav2_msgs/action/detail/smooth_path__functions.h
[3.118s] -- Up-to-date symlink: /home/huuhoa/hospital_robot/install/nav2_msgs/include/nav2_msgs/nav2_msgs/action/detail/smooth_path__struct.h
[3.127s] -- Up-to-date symlink: /home/huuhoa/hospital_robot/install/nav2_msgs/include/nav2_msgs/nav2_msgs/action/detail/smooth_path__type_support.h
[3.127s] -- Up-to-date symlink: /home/huuhoa/hospital_robot/install/nav2_msgs/include/nav2_msgs/nav2_msgs/action/detail/spin__functions.h
[3.127s] -- Up-to-date symlink: /home/huuhoa/hospital_robot/install/nav2_msgs/include/nav2_msgs/nav2_msgs/action/detail/spin__struct.h
[3.131s] -- Up-to-date symlink: /home/huuhoa/hospital_robot/install/nav2_msgs/include/nav2_msgs/nav2_msgs/action/detail/spin__type_support.h
[3.132s] -- Up-to-date symlink: /home/huuhoa/hospital_robot/install/nav2_msgs/include/nav2_msgs/nav2_msgs/action/detail/wait__functions.h
[3.132s] -- Up-to-date symlink: /home/huuhoa/hospital_robot/install/nav2_msgs/include/nav2_msgs/nav2_msgs/action/detail/wait__struct.h
[3.132s] -- Up-to-date symlink: /home/huuhoa/hospital_robot/install/nav2_msgs/include/nav2_msgs/nav2_msgs/action/detail/wait__type_support.h
[3.132s] -- Up-to-date symlink: /home/huuhoa/hospital_robot/install/nav2_msgs/include/nav2_msgs/nav2_msgs/action/drive_on_heading.h
[3.132s] -- Up-to-date symlink: /home/huuhoa/hospital_robot/install/nav2_msgs/include/nav2_msgs/nav2_msgs/action/dummy_behavior.h
[3.132s] -- Up-to-date symlink: /home/huuhoa/hospital_robot/install/nav2_msgs/include/nav2_msgs/nav2_msgs/action/follow_path.h
[3.132s] -- Up-to-date symlink: /home/huuhoa/hospital_robot/install/nav2_msgs/include/nav2_msgs/nav2_msgs/action/follow_waypoints.h
[3.140s] -- Up-to-date symlink: /home/huuhoa/hospital_robot/install/nav2_msgs/include/nav2_msgs/nav2_msgs/action/navigate_through_poses.h
[3.140s] -- Up-to-date symlink: /home/huuhoa/hospital_robot/install/nav2_msgs/include/nav2_msgs/nav2_msgs/action/navigate_to_pose.h
[3.141s] -- Up-to-date symlink: /home/huuhoa/hospital_robot/install/nav2_msgs/include/nav2_msgs/nav2_msgs/action/smooth_path.h
[3.141s] -- Up-to-date symlink: /home/huuhoa/hospital_robot/install/nav2_msgs/include/nav2_msgs/nav2_msgs/action/spin.h
[3.141s] -- Up-to-date symlink: /home/huuhoa/hospital_robot/install/nav2_msgs/include/nav2_msgs/nav2_msgs/action/wait.h
[3.143s] -- Up-to-date symlink: /home/huuhoa/hospital_robot/install/nav2_msgs/include/nav2_msgs/nav2_msgs/msg/behavior_tree_log.h
[3.144s] -- Up-to-date symlink: /home/huuhoa/hospital_robot/install/nav2_msgs/include/nav2_msgs/nav2_msgs/msg/behavior_tree_status_change.h
[3.144s] -- Up-to-date symlink: /home/huuhoa/hospital_robot/install/nav2_msgs/include/nav2_msgs/nav2_msgs/msg/collision_monitor_state.h
[3.144s] -- Up-to-date symlink: /home/huuhoa/hospital_robot/install/nav2_msgs/include/nav2_msgs/nav2_msgs/msg/costmap.h
[3.147s] -- Up-to-date symlink: /home/huuhoa/hospital_robot/install/nav2_msgs/include/nav2_msgs/nav2_msgs/msg/costmap_filter_info.h
[3.148s] -- Up-to-date symlink: /home/huuhoa/hospital_robot/install/nav2_msgs/include/nav2_msgs/nav2_msgs/msg/costmap_meta_data.h
[3.150s] -- Up-to-date symlink: /home/huuhoa/hospital_robot/install/nav2_msgs/include/nav2_msgs/nav2_msgs/msg/detail/behavior_tree_log__functions.h
[3.158s] -- Up-to-date symlink: /home/huuhoa/hospital_robot/install/nav2_msgs/include/nav2_msgs/nav2_msgs/msg/detail/behavior_tree_log__struct.h
[3.158s] -- Up-to-date symlink: /home/huuhoa/hospital_robot/install/nav2_msgs/include/nav2_msgs/nav2_msgs/msg/detail/behavior_tree_log__type_support.h
[3.159s] -- Up-to-date symlink: /home/huuhoa/hospital_robot/install/nav2_msgs/include/nav2_msgs/nav2_msgs/msg/detail/behavior_tree_status_change__functions.h
[3.161s] -- Up-to-date symlink: /home/huuhoa/hospital_robot/install/nav2_msgs/include/nav2_msgs/nav2_msgs/msg/detail/behavior_tree_status_change__struct.h
[3.161s] -- Up-to-date symlink: /home/huuhoa/hospital_robot/install/nav2_msgs/include/nav2_msgs/nav2_msgs/msg/detail/behavior_tree_status_change__type_support.h
[3.162s] -- Up-to-date symlink: /home/huuhoa/hospital_robot/install/nav2_msgs/include/nav2_msgs/nav2_msgs/msg/detail/collision_monitor_state__functions.h
[3.168s] -- Up-to-date symlink: /home/huuhoa/hospital_robot/install/nav2_msgs/include/nav2_msgs/nav2_msgs/msg/detail/collision_monitor_state__struct.h
[3.169s] -- Up-to-date symlink: /home/huuhoa/hospital_robot/install/nav2_msgs/include/nav2_msgs/nav2_msgs/msg/detail/collision_monitor_state__type_support.h
[3.169s] -- Up-to-date symlink: /home/huuhoa/hospital_robot/install/nav2_msgs/include/nav2_msgs/nav2_msgs/msg/detail/costmap__functions.h
[3.171s] -- Up-to-date symlink: /home/huuhoa/hospital_robot/install/nav2_msgs/include/nav2_msgs/nav2_msgs/msg/detail/costmap__struct.h
[3.173s] -- Up-to-date symlink: /home/huuhoa/hospital_robot/install/nav2_msgs/include/nav2_msgs/nav2_msgs/msg/detail/costmap__type_support.h
[3.174s] -- Up-to-date symlink: /home/huuhoa/hospital_robot/install/nav2_msgs/include/nav2_msgs/nav2_msgs/msg/detail/costmap_filter_info__functions.h
[3.176s] -- Up-to-date symlink: /home/huuhoa/hospital_robot/install/nav2_msgs/include/nav2_msgs/nav2_msgs/msg/detail/costmap_filter_info__struct.h
[3.184s] -- Up-to-date symlink: /home/huuhoa/hospital_robot/install/nav2_msgs/include/nav2_msgs/nav2_msgs/msg/detail/costmap_filter_info__type_support.h
[3.185s] -- Up-to-date symlink: /home/huuhoa/hospital_robot/install/nav2_msgs/include/nav2_msgs/nav2_msgs/msg/detail/costmap_meta_data__functions.h
[3.185s] -- Up-to-date symlink: /home/huuhoa/hospital_robot/install/nav2_msgs/include/nav2_msgs/nav2_msgs/msg/detail/costmap_meta_data__struct.h
[3.188s] -- Up-to-date symlink: /home/huuhoa/hospital_robot/install/nav2_msgs/include/nav2_msgs/nav2_msgs/msg/detail/costmap_meta_data__type_support.h
[3.191s] -- Up-to-date symlink: /home/huuhoa/hospital_robot/install/nav2_msgs/include/nav2_msgs/nav2_msgs/msg/detail/particle__functions.h
[3.192s] -- Up-to-date symlink: /home/huuhoa/hospital_robot/install/nav2_msgs/include/nav2_msgs/nav2_msgs/msg/detail/particle__struct.h
[3.192s] -- Up-to-date symlink: /home/huuhoa/hospital_robot/install/nav2_msgs/include/nav2_msgs/nav2_msgs/msg/detail/particle__type_support.h
[3.192s] -- Up-to-date symlink: /home/huuhoa/hospital_robot/install/nav2_msgs/include/nav2_msgs/nav2_msgs/msg/detail/particle_cloud__functions.h
[3.210s] -- Up-to-date symlink: /home/huuhoa/hospital_robot/install/nav2_msgs/include/nav2_msgs/nav2_msgs/msg/detail/particle_cloud__struct.h
[3.210s] -- Up-to-date symlink: /home/huuhoa/hospital_robot/install/nav2_msgs/include/nav2_msgs/nav2_msgs/msg/detail/particle_cloud__type_support.h
[3.211s] -- Up-to-date symlink: /home/huuhoa/hospital_robot/install/nav2_msgs/include/nav2_msgs/nav2_msgs/msg/detail/speed_limit__functions.h
[3.211s] -- Up-to-date symlink: /home/huuhoa/hospital_robot/install/nav2_msgs/include/nav2_msgs/nav2_msgs/msg/detail/speed_limit__struct.h
[3.217s] -- Up-to-date symlink: /home/huuhoa/hospital_robot/install/nav2_msgs/include/nav2_msgs/nav2_msgs/msg/detail/speed_limit__type_support.h
[3.217s] -- Up-to-date symlink: /home/huuhoa/hospital_robot/install/nav2_msgs/include/nav2_msgs/nav2_msgs/msg/detail/voxel_grid__functions.h
[3.217s] -- Up-to-date symlink: /home/huuhoa/hospital_robot/install/nav2_msgs/include/nav2_msgs/nav2_msgs/msg/detail/voxel_grid__struct.h
[3.217s] -- Up-to-date symlink: /home/huuhoa/hospital_robot/install/nav2_msgs/include/nav2_msgs/nav2_msgs/msg/detail/voxel_grid__type_support.h
[3.222s] -- Up-to-date symlink: /home/huuhoa/hospital_robot/install/nav2_msgs/include/nav2_msgs/nav2_msgs/msg/particle.h
[3.228s] -- Up-to-date symlink: /home/huuhoa/hospital_robot/install/nav2_msgs/include/nav2_msgs/nav2_msgs/msg/particle_cloud.h
[3.231s] -- Up-to-date symlink: /home/huuhoa/hospital_robot/install/nav2_msgs/include/nav2_msgs/nav2_msgs/msg/rosidl_generator_c__visibility_control.h
[3.247s] -- Up-to-date symlink: /home/huuhoa/hospital_robot/install/nav2_msgs/include/nav2_msgs/nav2_msgs/msg/speed_limit.h
[3.249s] -- Up-to-date symlink: /home/huuhoa/hospital_robot/install/nav2_msgs/include/nav2_msgs/nav2_msgs/msg/voxel_grid.h
[3.250s] -- Up-to-date symlink: /home/huuhoa/hospital_robot/install/nav2_msgs/include/nav2_msgs/nav2_msgs/srv/clear_costmap_around_robot.h
[3.251s] -- Up-to-date symlink: /home/huuhoa/hospital_robot/install/nav2_msgs/include/nav2_msgs/nav2_msgs/srv/clear_costmap_except_region.h
[3.252s] -- Up-to-date symlink: /home/huuhoa/hospital_robot/install/nav2_msgs/include/nav2_msgs/nav2_msgs/srv/clear_entire_costmap.h
[3.255s] -- Up-to-date symlink: /home/huuhoa/hospital_robot/install/nav2_msgs/include/nav2_msgs/nav2_msgs/srv/detail/clear_costmap_around_robot__functions.h
[3.260s] -- Up-to-date symlink: /home/huuhoa/hospital_robot/install/nav2_msgs/include/nav2_msgs/nav2_msgs/srv/detail/clear_costmap_around_robot__struct.h
[3.263s] -- Up-to-date symlink: /home/huuhoa/hospital_robot/install/nav2_msgs/include/nav2_msgs/nav2_msgs/srv/detail/clear_costmap_around_robot__type_support.h
[3.264s] -- Up-to-date symlink: /home/huuhoa/hospital_robot/install/nav2_msgs/include/nav2_msgs/nav2_msgs/srv/detail/clear_costmap_except_region__functions.h
[3.271s] -- Up-to-date symlink: /home/huuhoa/hospital_robot/install/nav2_msgs/include/nav2_msgs/nav2_msgs/srv/detail/clear_costmap_except_region__struct.h
[3.281s] -- Up-to-date symlink: /home/huuhoa/hospital_robot/install/nav2_msgs/include/nav2_msgs/nav2_msgs/srv/detail/clear_costmap_except_region__type_support.h
[3.282s] -- Up-to-date symlink: /home/huuhoa/hospital_robot/install/nav2_msgs/include/nav2_msgs/nav2_msgs/srv/detail/clear_entire_costmap__functions.h
[3.284s] -- Up-to-date symlink: /home/huuhoa/hospital_robot/install/nav2_msgs/include/nav2_msgs/nav2_msgs/srv/detail/clear_entire_costmap__struct.h
[3.286s] -- Up-to-date symlink: /home/huuhoa/hospital_robot/install/nav2_msgs/include/nav2_msgs/nav2_msgs/srv/detail/clear_entire_costmap__type_support.h
[3.290s] -- Up-to-date symlink: /home/huuhoa/hospital_robot/install/nav2_msgs/include/nav2_msgs/nav2_msgs/srv/detail/get_costmap__functions.h
[3.295s] -- Up-to-date symlink: /home/huuhoa/hospital_robot/install/nav2_msgs/include/nav2_msgs/nav2_msgs/srv/detail/get_costmap__struct.h
[3.296s] -- Up-to-date symlink: /home/huuhoa/hospital_robot/install/nav2_msgs/include/nav2_msgs/nav2_msgs/srv/detail/get_costmap__type_support.h
[3.303s] -- Up-to-date symlink: /home/huuhoa/hospital_robot/install/nav2_msgs/include/nav2_msgs/nav2_msgs/srv/detail/is_path_valid__functions.h
[3.311s] -- Up-to-date symlink: /home/huuhoa/hospital_robot/install/nav2_msgs/include/nav2_msgs/nav2_msgs/srv/detail/is_path_valid__struct.h
[3.314s] -- Up-to-date symlink: /home/huuhoa/hospital_robot/install/nav2_msgs/include/nav2_msgs/nav2_msgs/srv/detail/is_path_valid__type_support.h
[3.316s] -- Up-to-date symlink: /home/huuhoa/hospital_robot/install/nav2_msgs/include/nav2_msgs/nav2_msgs/srv/detail/load_map__functions.h
[3.322s] -- Up-to-date symlink: /home/huuhoa/hospital_robot/install/nav2_msgs/include/nav2_msgs/nav2_msgs/srv/detail/load_map__struct.h
[3.323s] -- Up-to-date symlink: /home/huuhoa/hospital_robot/install/nav2_msgs/include/nav2_msgs/nav2_msgs/srv/detail/load_map__type_support.h
[3.336s] -- Up-to-date symlink: /home/huuhoa/hospital_robot/install/nav2_msgs/include/nav2_msgs/nav2_msgs/srv/detail/manage_lifecycle_nodes__functions.h
[3.337s] -- Up-to-date symlink: /home/huuhoa/hospital_robot/install/nav2_msgs/include/nav2_msgs/nav2_msgs/srv/detail/manage_lifecycle_nodes__struct.h
[3.338s] -- Up-to-date symlink: /home/huuhoa/hospital_robot/install/nav2_msgs/include/nav2_msgs/nav2_msgs/srv/detail/manage_lifecycle_nodes__type_support.h
[3.345s] -- Up-to-date symlink: /home/huuhoa/hospital_robot/install/nav2_msgs/include/nav2_msgs/nav2_msgs/srv/detail/save_map__functions.h
[3.357s] -- Up-to-date symlink: /home/huuhoa/hospital_robot/install/nav2_msgs/include/nav2_msgs/nav2_msgs/srv/detail/save_map__struct.h
[3.364s] -- Up-to-date symlink: /home/huuhoa/hospital_robot/install/nav2_msgs/include/nav2_msgs/nav2_msgs/srv/detail/save_map__type_support.h
[3.374s] -- Up-to-date symlink: /home/huuhoa/hospital_robot/install/nav2_msgs/include/nav2_msgs/nav2_msgs/srv/detail/set_initial_pose__functions.h
[3.379s] -- Up-to-date symlink: /home/huuhoa/hospital_robot/install/nav2_msgs/include/nav2_msgs/nav2_msgs/srv/detail/set_initial_pose__struct.h
[3.379s] -- Up-to-date symlink: /home/huuhoa/hospital_robot/install/nav2_msgs/include/nav2_msgs/nav2_msgs/srv/detail/set_initial_pose__type_support.h
[3.379s] -- Up-to-date symlink: /home/huuhoa/hospital_robot/install/nav2_msgs/include/nav2_msgs/nav2_msgs/srv/get_costmap.h
[3.384s] -- Up-to-date symlink: /home/huuhoa/hospital_robot/install/nav2_msgs/include/nav2_msgs/nav2_msgs/srv/is_path_valid.h
[3.391s] -- Up-to-date symlink: /home/huuhoa/hospital_robot/install/nav2_msgs/include/nav2_msgs/nav2_msgs/srv/load_map.h
[3.391s] -- Up-to-date symlink: /home/huuhoa/hospital_robot/install/nav2_msgs/include/nav2_msgs/nav2_msgs/srv/manage_lifecycle_nodes.h
[3.391s] -- Up-to-date symlink: /home/huuhoa/hospital_robot/install/nav2_msgs/include/nav2_msgs/nav2_msgs/srv/save_map.h
[3.400s] -- Up-to-date symlink: /home/huuhoa/hospital_robot/install/nav2_msgs/include/nav2_msgs/nav2_msgs/srv/set_initial_pose.h
[3.400s] -- Up-to-date symlink: /home/huuhoa/hospital_robot/install/nav2_msgs/share/nav2_msgs/environment/library_path.sh
[3.401s] -- Up-to-date symlink: /home/huuhoa/hospital_robot/install/nav2_msgs/share/nav2_msgs/environment/library_path.dsv
[3.403s] -- Up-to-date symlink: /home/huuhoa/hospital_robot/install/nav2_msgs/include/nav2_msgs/nav2_msgs/action/detail/assisted_teleop__rosidl_typesupport_fastrtps_c.h
[3.404s] -- Up-to-date symlink: /home/huuhoa/hospital_robot/install/nav2_msgs/include/nav2_msgs/nav2_msgs/action/detail/back_up__rosidl_typesupport_fastrtps_c.h
[3.409s] -- Up-to-date symlink: /home/huuhoa/hospital_robot/install/nav2_msgs/include/nav2_msgs/nav2_msgs/action/detail/compute_path_through_poses__rosidl_typesupport_fastrtps_c.h
[3.410s] -- Up-to-date symlink: /home/huuhoa/hospital_robot/install/nav2_msgs/include/nav2_msgs/nav2_msgs/action/detail/compute_path_to_pose__rosidl_typesupport_fastrtps_c.h
[3.410s] -- Up-to-date symlink: /home/huuhoa/hospital_robot/install/nav2_msgs/include/nav2_msgs/nav2_msgs/action/detail/drive_on_heading__rosidl_typesupport_fastrtps_c.h
[3.415s] -- Up-to-date symlink: /home/huuhoa/hospital_robot/install/nav2_msgs/include/nav2_msgs/nav2_msgs/action/detail/dummy_behavior__rosidl_typesupport_fastrtps_c.h
[3.415s] -- Up-to-date symlink: /home/huuhoa/hospital_robot/install/nav2_msgs/include/nav2_msgs/nav2_msgs/action/detail/follow_path__rosidl_typesupport_fastrtps_c.h
[3.415s] -- Up-to-date symlink: /home/huuhoa/hospital_robot/install/nav2_msgs/include/nav2_msgs/nav2_msgs/action/detail/follow_waypoints__rosidl_typesupport_fastrtps_c.h
[3.425s] -- Up-to-date symlink: /home/huuhoa/hospital_robot/install/nav2_msgs/include/nav2_msgs/nav2_msgs/action/detail/navigate_through_poses__rosidl_typesupport_fastrtps_c.h
[3.427s] -- Up-to-date symlink: /home/huuhoa/hospital_robot/install/nav2_msgs/include/nav2_msgs/nav2_msgs/action/detail/navigate_to_pose__rosidl_typesupport_fastrtps_c.h
[3.428s] -- Up-to-date symlink: /home/huuhoa/hospital_robot/install/nav2_msgs/include/nav2_msgs/nav2_msgs/action/detail/smooth_path__rosidl_typesupport_fastrtps_c.h
[3.433s] -- Up-to-date symlink: /home/huuhoa/hospital_robot/install/nav2_msgs/include/nav2_msgs/nav2_msgs/action/detail/spin__rosidl_typesupport_fastrtps_c.h
[3.434s] -- Up-to-date symlink: /home/huuhoa/hospital_robot/install/nav2_msgs/include/nav2_msgs/nav2_msgs/action/detail/wait__rosidl_typesupport_fastrtps_c.h
[3.434s] -- Up-to-date symlink: /home/huuhoa/hospital_robot/install/nav2_msgs/include/nav2_msgs/nav2_msgs/msg/detail/behavior_tree_log__rosidl_typesupport_fastrtps_c.h
[3.434s] -- Up-to-date symlink: /home/huuhoa/hospital_robot/install/nav2_msgs/include/nav2_msgs/nav2_msgs/msg/detail/behavior_tree_status_change__rosidl_typesupport_fastrtps_c.h
[3.435s] -- Up-to-date symlink: /home/huuhoa/hospital_robot/install/nav2_msgs/include/nav2_msgs/nav2_msgs/msg/detail/collision_monitor_state__rosidl_typesupport_fastrtps_c.h
[3.437s] -- Up-to-date symlink: /home/huuhoa/hospital_robot/install/nav2_msgs/include/nav2_msgs/nav2_msgs/msg/detail/costmap__rosidl_typesupport_fastrtps_c.h
[3.438s] -- Up-to-date symlink: /home/huuhoa/hospital_robot/install/nav2_msgs/include/nav2_msgs/nav2_msgs/msg/detail/costmap_filter_info__rosidl_typesupport_fastrtps_c.h
[3.458s] -- Up-to-date symlink: /home/huuhoa/hospital_robot/install/nav2_msgs/include/nav2_msgs/nav2_msgs/msg/detail/costmap_meta_data__rosidl_typesupport_fastrtps_c.h
[3.459s] -- Up-to-date symlink: /home/huuhoa/hospital_robot/install/nav2_msgs/include/nav2_msgs/nav2_msgs/msg/detail/particle__rosidl_typesupport_fastrtps_c.h
[3.459s] -- Up-to-date symlink: /home/huuhoa/hospital_robot/install/nav2_msgs/include/nav2_msgs/nav2_msgs/msg/detail/particle_cloud__rosidl_typesupport_fastrtps_c.h
[3.460s] -- Up-to-date symlink: /home/huuhoa/hospital_robot/install/nav2_msgs/include/nav2_msgs/nav2_msgs/msg/detail/speed_limit__rosidl_typesupport_fastrtps_c.h
[3.469s] -- Up-to-date symlink: /home/huuhoa/hospital_robot/install/nav2_msgs/include/nav2_msgs/nav2_msgs/msg/detail/voxel_grid__rosidl_typesupport_fastrtps_c.h
[3.469s] -- Up-to-date symlink: /home/huuhoa/hospital_robot/install/nav2_msgs/include/nav2_msgs/nav2_msgs/msg/rosidl_typesupport_fastrtps_c__visibility_control.h
[3.470s] -- Up-to-date symlink: /home/huuhoa/hospital_robot/install/nav2_msgs/include/nav2_msgs/nav2_msgs/srv/detail/clear_costmap_around_robot__rosidl_typesupport_fastrtps_c.h
[3.471s] -- Up-to-date symlink: /home/huuhoa/hospital_robot/install/nav2_msgs/include/nav2_msgs/nav2_msgs/srv/detail/clear_costmap_except_region__rosidl_typesupport_fastrtps_c.h
[3.473s] -- Up-to-date symlink: /home/huuhoa/hospital_robot/install/nav2_msgs/include/nav2_msgs/nav2_msgs/srv/detail/clear_entire_costmap__rosidl_typesupport_fastrtps_c.h
[3.476s] -- Up-to-date symlink: /home/huuhoa/hospital_robot/install/nav2_msgs/include/nav2_msgs/nav2_msgs/srv/detail/get_costmap__rosidl_typesupport_fastrtps_c.h
[3.481s] -- Up-to-date symlink: /home/huuhoa/hospital_robot/install/nav2_msgs/include/nav2_msgs/nav2_msgs/srv/detail/is_path_valid__rosidl_typesupport_fastrtps_c.h
[3.481s] -- Up-to-date symlink: /home/huuhoa/hospital_robot/install/nav2_msgs/include/nav2_msgs/nav2_msgs/srv/detail/load_map__rosidl_typesupport_fastrtps_c.h
[3.481s] -- Up-to-date symlink: /home/huuhoa/hospital_robot/install/nav2_msgs/include/nav2_msgs/nav2_msgs/srv/detail/manage_lifecycle_nodes__rosidl_typesupport_fastrtps_c.h
[3.481s] -- Up-to-date symlink: /home/huuhoa/hospital_robot/install/nav2_msgs/include/nav2_msgs/nav2_msgs/srv/detail/save_map__rosidl_typesupport_fastrtps_c.h
[3.481s] -- Up-to-date symlink: /home/huuhoa/hospital_robot/install/nav2_msgs/include/nav2_msgs/nav2_msgs/srv/detail/set_initial_pose__rosidl_typesupport_fastrtps_c.h
[3.495s] -- Up-to-date symlink: /home/huuhoa/hospital_robot/install/nav2_msgs/include/nav2_msgs/nav2_msgs/action/assisted_teleop.hpp
[3.495s] -- Up-to-date symlink: /home/huuhoa/hospital_robot/install/nav2_msgs/include/nav2_msgs/nav2_msgs/action/back_up.hpp
[3.498s] -- Up-to-date symlink: /home/huuhoa/hospital_robot/install/nav2_msgs/include/nav2_msgs/nav2_msgs/action/compute_path_through_poses.hpp
[3.500s] -- Up-to-date symlink: /home/huuhoa/hospital_robot/install/nav2_msgs/include/nav2_msgs/nav2_msgs/action/compute_path_to_pose.hpp
[3.506s] -- Up-to-date symlink: /home/huuhoa/hospital_robot/install/nav2_msgs/include/nav2_msgs/nav2_msgs/action/detail/assisted_teleop__builder.hpp
[3.507s] -- Up-to-date symlink: /home/huuhoa/hospital_robot/install/nav2_msgs/include/nav2_msgs/nav2_msgs/action/detail/assisted_teleop__struct.hpp
[3.508s] -- Up-to-date symlink: /home/huuhoa/hospital_robot/install/nav2_msgs/include/nav2_msgs/nav2_msgs/action/detail/assisted_teleop__traits.hpp
[3.508s] -- Up-to-date symlink: /home/huuhoa/hospital_robot/install/nav2_msgs/include/nav2_msgs/nav2_msgs/action/detail/assisted_teleop__type_support.hpp
[3.514s] -- Up-to-date symlink: /home/huuhoa/hospital_robot/install/nav2_msgs/include/nav2_msgs/nav2_msgs/action/detail/back_up__builder.hpp
[3.514s] -- Up-to-date symlink: /home/huuhoa/hospital_robot/install/nav2_msgs/include/nav2_msgs/nav2_msgs/action/detail/back_up__struct.hpp
[3.514s] -- Up-to-date symlink: /home/huuhoa/hospital_robot/install/nav2_msgs/include/nav2_msgs/nav2_msgs/action/detail/back_up__traits.hpp
[3.519s] -- Up-to-date symlink: /home/huuhoa/hospital_robot/install/nav2_msgs/include/nav2_msgs/nav2_msgs/action/detail/back_up__type_support.hpp
[3.536s] -- Up-to-date symlink: /home/huuhoa/hospital_robot/install/nav2_msgs/include/nav2_msgs/nav2_msgs/action/detail/compute_path_through_poses__builder.hpp
[3.536s] -- Up-to-date symlink: /home/huuhoa/hospital_robot/install/nav2_msgs/include/nav2_msgs/nav2_msgs/action/detail/compute_path_through_poses__struct.hpp
[3.536s] -- Up-to-date symlink: /home/huuhoa/hospital_robot/install/nav2_msgs/include/nav2_msgs/nav2_msgs/action/detail/compute_path_through_poses__traits.hpp
[3.538s] -- Up-to-date symlink: /home/huuhoa/hospital_robot/install/nav2_msgs/include/nav2_msgs/nav2_msgs/action/detail/compute_path_through_poses__type_support.hpp
[3.539s] -- Up-to-date symlink: /home/huuhoa/hospital_robot/install/nav2_msgs/include/nav2_msgs/nav2_msgs/action/detail/compute_path_to_pose__builder.hpp
[3.544s] -- Up-to-date symlink: /home/huuhoa/hospital_robot/install/nav2_msgs/include/nav2_msgs/nav2_msgs/action/detail/compute_path_to_pose__struct.hpp
[3.550s] -- Up-to-date symlink: /home/huuhoa/hospital_robot/install/nav2_msgs/include/nav2_msgs/nav2_msgs/action/detail/compute_path_to_pose__traits.hpp
[3.550s] -- Up-to-date symlink: /home/huuhoa/hospital_robot/install/nav2_msgs/include/nav2_msgs/nav2_msgs/action/detail/compute_path_to_pose__type_support.hpp
[3.553s] -- Up-to-date symlink: /home/huuhoa/hospital_robot/install/nav2_msgs/include/nav2_msgs/nav2_msgs/action/detail/drive_on_heading__builder.hpp
[3.563s] -- Up-to-date symlink: /home/huuhoa/hospital_robot/install/nav2_msgs/include/nav2_msgs/nav2_msgs/action/detail/drive_on_heading__struct.hpp
[3.564s] -- Up-to-date symlink: /home/huuhoa/hospital_robot/install/nav2_msgs/include/nav2_msgs/nav2_msgs/action/detail/drive_on_heading__traits.hpp
[3.564s] -- Up-to-date symlink: /home/huuhoa/hospital_robot/install/nav2_msgs/include/nav2_msgs/nav2_msgs/action/detail/drive_on_heading__type_support.hpp
[3.564s] -- Up-to-date symlink: /home/huuhoa/hospital_robot/install/nav2_msgs/include/nav2_msgs/nav2_msgs/action/detail/dummy_behavior__builder.hpp
[3.571s] -- Up-to-date symlink: /home/huuhoa/hospital_robot/install/nav2_msgs/include/nav2_msgs/nav2_msgs/action/detail/dummy_behavior__struct.hpp
[3.572s] -- Up-to-date symlink: /home/huuhoa/hospital_robot/install/nav2_msgs/include/nav2_msgs/nav2_msgs/action/detail/dummy_behavior__traits.hpp
[3.572s] -- Up-to-date symlink: /home/huuhoa/hospital_robot/install/nav2_msgs/include/nav2_msgs/nav2_msgs/action/detail/dummy_behavior__type_support.hpp
[3.574s] -- Up-to-date symlink: /home/huuhoa/hospital_robot/install/nav2_msgs/include/nav2_msgs/nav2_msgs/action/detail/follow_path__builder.hpp
[3.576s] -- Up-to-date symlink: /home/huuhoa/hospital_robot/install/nav2_msgs/include/nav2_msgs/nav2_msgs/action/detail/follow_path__struct.hpp
[3.600s] -- Up-to-date symlink: /home/huuhoa/hospital_robot/install/nav2_msgs/include/nav2_msgs/nav2_msgs/action/detail/follow_path__traits.hpp
[3.601s] -- Up-to-date symlink: /home/huuhoa/hospital_robot/install/nav2_msgs/include/nav2_msgs/nav2_msgs/action/detail/follow_path__type_support.hpp
[3.601s] -- Up-to-date symlink: /home/huuhoa/hospital_robot/install/nav2_msgs/include/nav2_msgs/nav2_msgs/action/detail/follow_waypoints__builder.hpp
[3.601s] -- Up-to-date symlink: /home/huuhoa/hospital_robot/install/nav2_msgs/include/nav2_msgs/nav2_msgs/action/detail/follow_waypoints__struct.hpp
[3.601s] -- Up-to-date symlink: /home/huuhoa/hospital_robot/install/nav2_msgs/include/nav2_msgs/nav2_msgs/action/detail/follow_waypoints__traits.hpp
[3.601s] -- Up-to-date symlink: /home/huuhoa/hospital_robot/install/nav2_msgs/include/nav2_msgs/nav2_msgs/action/detail/follow_waypoints__type_support.hpp
[3.615s] -- Up-to-date symlink: /home/huuhoa/hospital_robot/install/nav2_msgs/include/nav2_msgs/nav2_msgs/action/detail/navigate_through_poses__builder.hpp
[3.615s] -- Up-to-date symlink: /home/huuhoa/hospital_robot/install/nav2_msgs/include/nav2_msgs/nav2_msgs/action/detail/navigate_through_poses__struct.hpp
[3.615s] -- Up-to-date symlink: /home/huuhoa/hospital_robot/install/nav2_msgs/include/nav2_msgs/nav2_msgs/action/detail/navigate_through_poses__traits.hpp
[3.615s] -- Up-to-date symlink: /home/huuhoa/hospital_robot/install/nav2_msgs/include/nav2_msgs/nav2_msgs/action/detail/navigate_through_poses__type_support.hpp
[3.615s] -- Up-to-date symlink: /home/huuhoa/hospital_robot/install/nav2_msgs/include/nav2_msgs/nav2_msgs/action/detail/navigate_to_pose__builder.hpp
[3.616s] -- Up-to-date symlink: /home/huuhoa/hospital_robot/install/nav2_msgs/include/nav2_msgs/nav2_msgs/action/detail/navigate_to_pose__struct.hpp
[3.616s] -- Up-to-date symlink: /home/huuhoa/hospital_robot/install/nav2_msgs/include/nav2_msgs/nav2_msgs/action/detail/navigate_to_pose__traits.hpp
[3.621s] -- Up-to-date symlink: /home/huuhoa/hospital_robot/install/nav2_msgs/include/nav2_msgs/nav2_msgs/action/detail/navigate_to_pose__type_support.hpp
[3.623s] -- Up-to-date symlink: /home/huuhoa/hospital_robot/install/nav2_msgs/include/nav2_msgs/nav2_msgs/action/detail/smooth_path__builder.hpp
[3.625s] -- Up-to-date symlink: /home/huuhoa/hospital_robot/install/nav2_msgs/include/nav2_msgs/nav2_msgs/action/detail/smooth_path__struct.hpp
[3.627s] -- Up-to-date symlink: /home/huuhoa/hospital_robot/install/nav2_msgs/include/nav2_msgs/nav2_msgs/action/detail/smooth_path__traits.hpp
[3.629s] -- Up-to-date symlink: /home/huuhoa/hospital_robot/install/nav2_msgs/include/nav2_msgs/nav2_msgs/action/detail/smooth_path__type_support.hpp
[3.633s] -- Up-to-date symlink: /home/huuhoa/hospital_robot/install/nav2_msgs/include/nav2_msgs/nav2_msgs/action/detail/spin__builder.hpp
[3.634s] -- Up-to-date symlink: /home/huuhoa/hospital_robot/install/nav2_msgs/include/nav2_msgs/nav2_msgs/action/detail/spin__struct.hpp
[3.636s] -- Up-to-date symlink: /home/huuhoa/hospital_robot/install/nav2_msgs/include/nav2_msgs/nav2_msgs/action/detail/spin__traits.hpp
[3.639s] -- Up-to-date symlink: /home/huuhoa/hospital_robot/install/nav2_msgs/include/nav2_msgs/nav2_msgs/action/detail/spin__type_support.hpp
[3.639s] -- Up-to-date symlink: /home/huuhoa/hospital_robot/install/nav2_msgs/include/nav2_msgs/nav2_msgs/action/detail/wait__builder.hpp
[3.640s] -- Up-to-date symlink: /home/huuhoa/hospital_robot/install/nav2_msgs/include/nav2_msgs/nav2_msgs/action/detail/wait__struct.hpp
[3.642s] -- Up-to-date symlink: /home/huuhoa/hospital_robot/install/nav2_msgs/include/nav2_msgs/nav2_msgs/action/detail/wait__traits.hpp
[3.642s] -- Up-to-date symlink: /home/huuhoa/hospital_robot/install/nav2_msgs/include/nav2_msgs/nav2_msgs/action/detail/wait__type_support.hpp
[3.643s] -- Up-to-date symlink: /home/huuhoa/hospital_robot/install/nav2_msgs/include/nav2_msgs/nav2_msgs/action/drive_on_heading.hpp
[3.645s] -- Up-to-date symlink: /home/huuhoa/hospital_robot/install/nav2_msgs/include/nav2_msgs/nav2_msgs/action/dummy_behavior.hpp
[3.647s] -- Up-to-date symlink: /home/huuhoa/hospital_robot/install/nav2_msgs/include/nav2_msgs/nav2_msgs/action/follow_path.hpp
[3.649s] -- Up-to-date symlink: /home/huuhoa/hospital_robot/install/nav2_msgs/include/nav2_msgs/nav2_msgs/action/follow_waypoints.hpp
[3.651s] -- Up-to-date symlink: /home/huuhoa/hospital_robot/install/nav2_msgs/include/nav2_msgs/nav2_msgs/action/navigate_through_poses.hpp
[3.654s] -- Up-to-date symlink: /home/huuhoa/hospital_robot/install/nav2_msgs/include/nav2_msgs/nav2_msgs/action/navigate_to_pose.hpp
[3.658s] -- Up-to-date symlink: /home/huuhoa/hospital_robot/install/nav2_msgs/include/nav2_msgs/nav2_msgs/action/smooth_path.hpp
[3.660s] -- Up-to-date symlink: /home/huuhoa/hospital_robot/install/nav2_msgs/include/nav2_msgs/nav2_msgs/action/spin.hpp
[3.664s] -- Up-to-date symlink: /home/huuhoa/hospital_robot/install/nav2_msgs/include/nav2_msgs/nav2_msgs/action/wait.hpp
[3.667s] -- Up-to-date symlink: /home/huuhoa/hospital_robot/install/nav2_msgs/include/nav2_msgs/nav2_msgs/msg/behavior_tree_log.hpp
[3.667s] -- Up-to-date symlink: /home/huuhoa/hospital_robot/install/nav2_msgs/include/nav2_msgs/nav2_msgs/msg/behavior_tree_status_change.hpp
[3.667s] -- Up-to-date symlink: /home/huuhoa/hospital_robot/install/nav2_msgs/include/nav2_msgs/nav2_msgs/msg/collision_monitor_state.hpp
[3.667s] -- Up-to-date symlink: /home/huuhoa/hospital_robot/install/nav2_msgs/include/nav2_msgs/nav2_msgs/msg/costmap.hpp
[3.670s] -- Up-to-date symlink: /home/huuhoa/hospital_robot/install/nav2_msgs/include/nav2_msgs/nav2_msgs/msg/costmap_filter_info.hpp
[3.670s] -- Up-to-date symlink: /home/huuhoa/hospital_robot/install/nav2_msgs/include/nav2_msgs/nav2_msgs/msg/costmap_meta_data.hpp
[3.670s] -- Up-to-date symlink: /home/huuhoa/hospital_robot/install/nav2_msgs/include/nav2_msgs/nav2_msgs/msg/detail/behavior_tree_log__builder.hpp
[3.672s] -- Up-to-date symlink: /home/huuhoa/hospital_robot/install/nav2_msgs/include/nav2_msgs/nav2_msgs/msg/detail/behavior_tree_log__struct.hpp
[3.673s] -- Up-to-date symlink: /home/huuhoa/hospital_robot/install/nav2_msgs/include/nav2_msgs/nav2_msgs/msg/detail/behavior_tree_log__traits.hpp
[3.675s] -- Up-to-date symlink: /home/huuhoa/hospital_robot/install/nav2_msgs/include/nav2_msgs/nav2_msgs/msg/detail/behavior_tree_log__type_support.hpp
[3.677s] -- Up-to-date symlink: /home/huuhoa/hospital_robot/install/nav2_msgs/include/nav2_msgs/nav2_msgs/msg/detail/behavior_tree_status_change__builder.hpp
[3.679s] -- Up-to-date symlink: /home/huuhoa/hospital_robot/install/nav2_msgs/include/nav2_msgs/nav2_msgs/msg/detail/behavior_tree_status_change__struct.hpp
[3.681s] -- Up-to-date symlink: /home/huuhoa/hospital_robot/install/nav2_msgs/include/nav2_msgs/nav2_msgs/msg/detail/behavior_tree_status_change__traits.hpp
[3.686s] -- Up-to-date symlink: /home/huuhoa/hospital_robot/install/nav2_msgs/include/nav2_msgs/nav2_msgs/msg/detail/behavior_tree_status_change__type_support.hpp
[3.690s] -- Up-to-date symlink: /home/huuhoa/hospital_robot/install/nav2_msgs/include/nav2_msgs/nav2_msgs/msg/detail/collision_monitor_state__builder.hpp
[3.690s] -- Up-to-date symlink: /home/huuhoa/hospital_robot/install/nav2_msgs/include/nav2_msgs/nav2_msgs/msg/detail/collision_monitor_state__struct.hpp
[3.690s] -- Up-to-date symlink: /home/huuhoa/hospital_robot/install/nav2_msgs/include/nav2_msgs/nav2_msgs/msg/detail/collision_monitor_state__traits.hpp
[3.692s] -- Up-to-date symlink: /home/huuhoa/hospital_robot/install/nav2_msgs/include/nav2_msgs/nav2_msgs/msg/detail/collision_monitor_state__type_support.hpp
[3.696s] -- Up-to-date symlink: /home/huuhoa/hospital_robot/install/nav2_msgs/include/nav2_msgs/nav2_msgs/msg/detail/costmap__builder.hpp
[3.699s] -- Up-to-date symlink: /home/huuhoa/hospital_robot/install/nav2_msgs/include/nav2_msgs/nav2_msgs/msg/detail/costmap__struct.hpp
[3.699s] -- Up-to-date symlink: /home/huuhoa/hospital_robot/install/nav2_msgs/include/nav2_msgs/nav2_msgs/msg/detail/costmap__traits.hpp
[3.713s] -- Up-to-date symlink: /home/huuhoa/hospital_robot/install/nav2_msgs/include/nav2_msgs/nav2_msgs/msg/detail/costmap__type_support.hpp
[3.713s] -- Up-to-date symlink: /home/huuhoa/hospital_robot/install/nav2_msgs/include/nav2_msgs/nav2_msgs/msg/detail/costmap_filter_info__builder.hpp
[3.713s] -- Up-to-date symlink: /home/huuhoa/hospital_robot/install/nav2_msgs/include/nav2_msgs/nav2_msgs/msg/detail/costmap_filter_info__struct.hpp
[3.717s] -- Up-to-date symlink: /home/huuhoa/hospital_robot/install/nav2_msgs/include/nav2_msgs/nav2_msgs/msg/detail/costmap_filter_info__traits.hpp
[3.723s] -- Up-to-date symlink: /home/huuhoa/hospital_robot/install/nav2_msgs/include/nav2_msgs/nav2_msgs/msg/detail/costmap_filter_info__type_support.hpp
[3.729s] -- Up-to-date symlink: /home/huuhoa/hospital_robot/install/nav2_msgs/include/nav2_msgs/nav2_msgs/msg/detail/costmap_meta_data__builder.hpp
[3.730s] -- Up-to-date symlink: /home/huuhoa/hospital_robot/install/nav2_msgs/include/nav2_msgs/nav2_msgs/msg/detail/costmap_meta_data__struct.hpp
[3.730s] -- Up-to-date symlink: /home/huuhoa/hospital_robot/install/nav2_msgs/include/nav2_msgs/nav2_msgs/msg/detail/costmap_meta_data__traits.hpp
[3.730s] -- Up-to-date symlink: /home/huuhoa/hospital_robot/install/nav2_msgs/include/nav2_msgs/nav2_msgs/msg/detail/costmap_meta_data__type_support.hpp
[3.730s] -- Up-to-date symlink: /home/huuhoa/hospital_robot/install/nav2_msgs/include/nav2_msgs/nav2_msgs/msg/detail/particle__builder.hpp
[3.735s] -- Up-to-date symlink: /home/huuhoa/hospital_robot/install/nav2_msgs/include/nav2_msgs/nav2_msgs/msg/detail/particle__struct.hpp
[3.740s] -- Up-to-date symlink: /home/huuhoa/hospital_robot/install/nav2_msgs/include/nav2_msgs/nav2_msgs/msg/detail/particle__traits.hpp
[3.740s] -- Up-to-date symlink: /home/huuhoa/hospital_robot/install/nav2_msgs/include/nav2_msgs/nav2_msgs/msg/detail/particle__type_support.hpp
[3.740s] -- Up-to-date symlink: /home/huuhoa/hospital_robot/install/nav2_msgs/include/nav2_msgs/nav2_msgs/msg/detail/particle_cloud__builder.hpp
[3.746s] -- Up-to-date symlink: /home/huuhoa/hospital_robot/install/nav2_msgs/include/nav2_msgs/nav2_msgs/msg/detail/particle_cloud__struct.hpp
[3.746s] -- Up-to-date symlink: /home/huuhoa/hospital_robot/install/nav2_msgs/include/nav2_msgs/nav2_msgs/msg/detail/particle_cloud__traits.hpp
[3.753s] -- Up-to-date symlink: /home/huuhoa/hospital_robot/install/nav2_msgs/include/nav2_msgs/nav2_msgs/msg/detail/particle_cloud__type_support.hpp
[3.753s] -- Up-to-date symlink: /home/huuhoa/hospital_robot/install/nav2_msgs/include/nav2_msgs/nav2_msgs/msg/detail/speed_limit__builder.hpp
[3.757s] -- Up-to-date symlink: /home/huuhoa/hospital_robot/install/nav2_msgs/include/nav2_msgs/nav2_msgs/msg/detail/speed_limit__struct.hpp
[3.760s] -- Up-to-date symlink: /home/huuhoa/hospital_robot/install/nav2_msgs/include/nav2_msgs/nav2_msgs/msg/detail/speed_limit__traits.hpp
[3.762s] -- Up-to-date symlink: /home/huuhoa/hospital_robot/install/nav2_msgs/include/nav2_msgs/nav2_msgs/msg/detail/speed_limit__type_support.hpp
[3.766s] -- Up-to-date symlink: /home/huuhoa/hospital_robot/install/nav2_msgs/include/nav2_msgs/nav2_msgs/msg/detail/voxel_grid__builder.hpp
[3.767s] -- Up-to-date symlink: /home/huuhoa/hospital_robot/install/nav2_msgs/include/nav2_msgs/nav2_msgs/msg/detail/voxel_grid__struct.hpp
[3.769s] -- Up-to-date symlink: /home/huuhoa/hospital_robot/install/nav2_msgs/include/nav2_msgs/nav2_msgs/msg/detail/voxel_grid__traits.hpp
[3.775s] -- Up-to-date symlink: /home/huuhoa/hospital_robot/install/nav2_msgs/include/nav2_msgs/nav2_msgs/msg/detail/voxel_grid__type_support.hpp
[3.777s] -- Up-to-date symlink: /home/huuhoa/hospital_robot/install/nav2_msgs/include/nav2_msgs/nav2_msgs/msg/particle.hpp
[3.779s] -- Up-to-date symlink: /home/huuhoa/hospital_robot/install/nav2_msgs/include/nav2_msgs/nav2_msgs/msg/particle_cloud.hpp
[3.780s] -- Up-to-date symlink: /home/huuhoa/hospital_robot/install/nav2_msgs/include/nav2_msgs/nav2_msgs/msg/rosidl_generator_cpp__visibility_control.hpp
[3.782s] -- Up-to-date symlink: /home/huuhoa/hospital_robot/install/nav2_msgs/include/nav2_msgs/nav2_msgs/msg/speed_limit.hpp
[3.784s] -- Up-to-date symlink: /home/huuhoa/hospital_robot/install/nav2_msgs/include/nav2_msgs/nav2_msgs/msg/voxel_grid.hpp
[3.785s] -- Up-to-date symlink: /home/huuhoa/hospital_robot/install/nav2_msgs/include/nav2_msgs/nav2_msgs/srv/clear_costmap_around_robot.hpp
[3.787s] -- Up-to-date symlink: /home/huuhoa/hospital_robot/install/nav2_msgs/include/nav2_msgs/nav2_msgs/srv/clear_costmap_except_region.hpp
[3.787s] -- Up-to-date symlink: /home/huuhoa/hospital_robot/install/nav2_msgs/include/nav2_msgs/nav2_msgs/srv/clear_entire_costmap.hpp
[3.791s] -- Up-to-date symlink: /home/huuhoa/hospital_robot/install/nav2_msgs/include/nav2_msgs/nav2_msgs/srv/detail/clear_costmap_around_robot__builder.hpp
[3.791s] -- Up-to-date symlink: /home/huuhoa/hospital_robot/install/nav2_msgs/include/nav2_msgs/nav2_msgs/srv/detail/clear_costmap_around_robot__struct.hpp
[3.794s] -- Up-to-date symlink: /home/huuhoa/hospital_robot/install/nav2_msgs/include/nav2_msgs/nav2_msgs/srv/detail/clear_costmap_around_robot__traits.hpp
[3.797s] -- Up-to-date symlink: /home/huuhoa/hospital_robot/install/nav2_msgs/include/nav2_msgs/nav2_msgs/srv/detail/clear_costmap_around_robot__type_support.hpp
[3.799s] -- Up-to-date symlink: /home/huuhoa/hospital_robot/install/nav2_msgs/include/nav2_msgs/nav2_msgs/srv/detail/clear_costmap_except_region__builder.hpp
[3.800s] -- Up-to-date symlink: /home/huuhoa/hospital_robot/install/nav2_msgs/include/nav2_msgs/nav2_msgs/srv/detail/clear_costmap_except_region__struct.hpp
[3.806s] -- Up-to-date symlink: /home/huuhoa/hospital_robot/install/nav2_msgs/include/nav2_msgs/nav2_msgs/srv/detail/clear_costmap_except_region__traits.hpp
[3.806s] -- Up-to-date symlink: /home/huuhoa/hospital_robot/install/nav2_msgs/include/nav2_msgs/nav2_msgs/srv/detail/clear_costmap_except_region__type_support.hpp
[3.817s] -- Up-to-date symlink: /home/huuhoa/hospital_robot/install/nav2_msgs/include/nav2_msgs/nav2_msgs/srv/detail/clear_entire_costmap__builder.hpp
[3.817s] -- Up-to-date symlink: /home/huuhoa/hospital_robot/install/nav2_msgs/include/nav2_msgs/nav2_msgs/srv/detail/clear_entire_costmap__struct.hpp
[3.829s] -- Up-to-date symlink: /home/huuhoa/hospital_robot/install/nav2_msgs/include/nav2_msgs/nav2_msgs/srv/detail/clear_entire_costmap__traits.hpp
[3.832s] -- Up-to-date symlink: /home/huuhoa/hospital_robot/install/nav2_msgs/include/nav2_msgs/nav2_msgs/srv/detail/clear_entire_costmap__type_support.hpp
[3.833s] -- Up-to-date symlink: /home/huuhoa/hospital_robot/install/nav2_msgs/include/nav2_msgs/nav2_msgs/srv/detail/get_costmap__builder.hpp
[3.835s] -- Up-to-date symlink: /home/huuhoa/hospital_robot/install/nav2_msgs/include/nav2_msgs/nav2_msgs/srv/detail/get_costmap__struct.hpp
[3.836s] -- Up-to-date symlink: /home/huuhoa/hospital_robot/install/nav2_msgs/include/nav2_msgs/nav2_msgs/srv/detail/get_costmap__traits.hpp
[3.841s] -- Up-to-date symlink: /home/huuhoa/hospital_robot/install/nav2_msgs/include/nav2_msgs/nav2_msgs/srv/detail/get_costmap__type_support.hpp
[3.844s] -- Up-to-date symlink: /home/huuhoa/hospital_robot/install/nav2_msgs/include/nav2_msgs/nav2_msgs/srv/detail/is_path_valid__builder.hpp
[3.847s] -- Up-to-date symlink: /home/huuhoa/hospital_robot/install/nav2_msgs/include/nav2_msgs/nav2_msgs/srv/detail/is_path_valid__struct.hpp
[3.847s] -- Up-to-date symlink: /home/huuhoa/hospital_robot/install/nav2_msgs/include/nav2_msgs/nav2_msgs/srv/detail/is_path_valid__traits.hpp
[3.850s] -- Up-to-date symlink: /home/huuhoa/hospital_robot/install/nav2_msgs/include/nav2_msgs/nav2_msgs/srv/detail/is_path_valid__type_support.hpp
[3.850s] -- Up-to-date symlink: /home/huuhoa/hospital_robot/install/nav2_msgs/include/nav2_msgs/nav2_msgs/srv/detail/load_map__builder.hpp
[3.852s] -- Up-to-date symlink: /home/huuhoa/hospital_robot/install/nav2_msgs/include/nav2_msgs/nav2_msgs/srv/detail/load_map__struct.hpp
[3.852s] -- Up-to-date symlink: /home/huuhoa/hospital_robot/install/nav2_msgs/include/nav2_msgs/nav2_msgs/srv/detail/load_map__traits.hpp
[3.854s] -- Up-to-date symlink: /home/huuhoa/hospital_robot/install/nav2_msgs/include/nav2_msgs/nav2_msgs/srv/detail/load_map__type_support.hpp
[3.858s] -- Up-to-date symlink: /home/huuhoa/hospital_robot/install/nav2_msgs/include/nav2_msgs/nav2_msgs/srv/detail/manage_lifecycle_nodes__builder.hpp
[3.859s] -- Up-to-date symlink: /home/huuhoa/hospital_robot/install/nav2_msgs/include/nav2_msgs/nav2_msgs/srv/detail/manage_lifecycle_nodes__struct.hpp
[3.861s] -- Up-to-date symlink: /home/huuhoa/hospital_robot/install/nav2_msgs/include/nav2_msgs/nav2_msgs/srv/detail/manage_lifecycle_nodes__traits.hpp
[3.864s] -- Up-to-date symlink: /home/huuhoa/hospital_robot/install/nav2_msgs/include/nav2_msgs/nav2_msgs/srv/detail/manage_lifecycle_nodes__type_support.hpp
[3.865s] -- Up-to-date symlink: /home/huuhoa/hospital_robot/install/nav2_msgs/include/nav2_msgs/nav2_msgs/srv/detail/save_map__builder.hpp
[3.868s] -- Up-to-date symlink: /home/huuhoa/hospital_robot/install/nav2_msgs/include/nav2_msgs/nav2_msgs/srv/detail/save_map__struct.hpp
[3.875s] -- Up-to-date symlink: /home/huuhoa/hospital_robot/install/nav2_msgs/include/nav2_msgs/nav2_msgs/srv/detail/save_map__traits.hpp
[3.875s] -- Up-to-date symlink: /home/huuhoa/hospital_robot/install/nav2_msgs/include/nav2_msgs/nav2_msgs/srv/detail/save_map__type_support.hpp
[3.875s] -- Up-to-date symlink: /home/huuhoa/hospital_robot/install/nav2_msgs/include/nav2_msgs/nav2_msgs/srv/detail/set_initial_pose__builder.hpp
[3.875s] -- Up-to-date symlink: /home/huuhoa/hospital_robot/install/nav2_msgs/include/nav2_msgs/nav2_msgs/srv/detail/set_initial_pose__struct.hpp
[3.875s] -- Up-to-date symlink: /home/huuhoa/hospital_robot/install/nav2_msgs/include/nav2_msgs/nav2_msgs/srv/detail/set_initial_pose__traits.hpp
[3.880s] -- Up-to-date symlink: /home/huuhoa/hospital_robot/install/nav2_msgs/include/nav2_msgs/nav2_msgs/srv/detail/set_initial_pose__type_support.hpp
[3.881s] -- Up-to-date symlink: /home/huuhoa/hospital_robot/install/nav2_msgs/include/nav2_msgs/nav2_msgs/srv/get_costmap.hpp
[3.881s] -- Up-to-date symlink: /home/huuhoa/hospital_robot/install/nav2_msgs/include/nav2_msgs/nav2_msgs/srv/is_path_valid.hpp
[3.882s] -- Up-to-date symlink: /home/huuhoa/hospital_robot/install/nav2_msgs/include/nav2_msgs/nav2_msgs/srv/load_map.hpp
[3.883s] -- Up-to-date symlink: /home/huuhoa/hospital_robot/install/nav2_msgs/include/nav2_msgs/nav2_msgs/srv/manage_lifecycle_nodes.hpp
[3.884s] -- Up-to-date symlink: /home/huuhoa/hospital_robot/install/nav2_msgs/include/nav2_msgs/nav2_msgs/srv/save_map.hpp
[3.889s] -- Up-to-date symlink: /home/huuhoa/hospital_robot/install/nav2_msgs/include/nav2_msgs/nav2_msgs/srv/set_initial_pose.hpp
[3.894s] -- Up-to-date symlink: /home/huuhoa/hospital_robot/install/nav2_msgs/include/nav2_msgs/nav2_msgs/action/detail/assisted_teleop__rosidl_typesupport_fastrtps_cpp.hpp
[3.894s] -- Up-to-date symlink: /home/huuhoa/hospital_robot/install/nav2_msgs/include/nav2_msgs/nav2_msgs/action/detail/back_up__rosidl_typesupport_fastrtps_cpp.hpp
[3.899s] -- Up-to-date symlink: /home/huuhoa/hospital_robot/install/nav2_msgs/include/nav2_msgs/nav2_msgs/action/detail/compute_path_through_poses__rosidl_typesupport_fastrtps_cpp.hpp
[3.905s] -- Up-to-date symlink: /home/huuhoa/hospital_robot/install/nav2_msgs/include/nav2_msgs/nav2_msgs/action/detail/compute_path_to_pose__rosidl_typesupport_fastrtps_cpp.hpp
[3.905s] -- Up-to-date symlink: /home/huuhoa/hospital_robot/install/nav2_msgs/include/nav2_msgs/nav2_msgs/action/detail/drive_on_heading__rosidl_typesupport_fastrtps_cpp.hpp
[3.909s] -- Up-to-date symlink: /home/huuhoa/hospital_robot/install/nav2_msgs/include/nav2_msgs/nav2_msgs/action/detail/dummy_behavior__rosidl_typesupport_fastrtps_cpp.hpp
[3.912s] -- Up-to-date symlink: /home/huuhoa/hospital_robot/install/nav2_msgs/include/nav2_msgs/nav2_msgs/action/detail/follow_path__rosidl_typesupport_fastrtps_cpp.hpp
[3.921s] -- Up-to-date symlink: /home/huuhoa/hospital_robot/install/nav2_msgs/include/nav2_msgs/nav2_msgs/action/detail/follow_waypoints__rosidl_typesupport_fastrtps_cpp.hpp
[3.921s] -- Up-to-date symlink: /home/huuhoa/hospital_robot/install/nav2_msgs/include/nav2_msgs/nav2_msgs/action/detail/navigate_through_poses__rosidl_typesupport_fastrtps_cpp.hpp
[3.924s] -- Up-to-date symlink: /home/huuhoa/hospital_robot/install/nav2_msgs/include/nav2_msgs/nav2_msgs/action/detail/navigate_to_pose__rosidl_typesupport_fastrtps_cpp.hpp
[3.937s] -- Up-to-date symlink: /home/huuhoa/hospital_robot/install/nav2_msgs/include/nav2_msgs/nav2_msgs/action/detail/smooth_path__rosidl_typesupport_fastrtps_cpp.hpp
[3.942s] -- Up-to-date symlink: /home/huuhoa/hospital_robot/install/nav2_msgs/include/nav2_msgs/nav2_msgs/action/detail/spin__rosidl_typesupport_fastrtps_cpp.hpp
[3.942s] -- Up-to-date symlink: /home/huuhoa/hospital_robot/install/nav2_msgs/include/nav2_msgs/nav2_msgs/action/detail/wait__rosidl_typesupport_fastrtps_cpp.hpp
[3.942s] -- Up-to-date symlink: /home/huuhoa/hospital_robot/install/nav2_msgs/include/nav2_msgs/nav2_msgs/msg/detail/behavior_tree_log__rosidl_typesupport_fastrtps_cpp.hpp
[3.942s] -- Up-to-date symlink: /home/huuhoa/hospital_robot/install/nav2_msgs/include/nav2_msgs/nav2_msgs/msg/detail/behavior_tree_status_change__rosidl_typesupport_fastrtps_cpp.hpp
[3.943s] -- Up-to-date symlink: /home/huuhoa/hospital_robot/install/nav2_msgs/include/nav2_msgs/nav2_msgs/msg/detail/collision_monitor_state__rosidl_typesupport_fastrtps_cpp.hpp
[3.944s] -- Up-to-date symlink: /home/huuhoa/hospital_robot/install/nav2_msgs/include/nav2_msgs/nav2_msgs/msg/detail/costmap__rosidl_typesupport_fastrtps_cpp.hpp
[3.944s] -- Up-to-date symlink: /home/huuhoa/hospital_robot/install/nav2_msgs/include/nav2_msgs/nav2_msgs/msg/detail/costmap_filter_info__rosidl_typesupport_fastrtps_cpp.hpp
[3.947s] -- Up-to-date symlink: /home/huuhoa/hospital_robot/install/nav2_msgs/include/nav2_msgs/nav2_msgs/msg/detail/costmap_meta_data__rosidl_typesupport_fastrtps_cpp.hpp
[3.949s] -- Up-to-date symlink: /home/huuhoa/hospital_robot/install/nav2_msgs/include/nav2_msgs/nav2_msgs/msg/detail/particle__rosidl_typesupport_fastrtps_cpp.hpp
[3.952s] -- Up-to-date symlink: /home/huuhoa/hospital_robot/install/nav2_msgs/include/nav2_msgs/nav2_msgs/msg/detail/particle_cloud__rosidl_typesupport_fastrtps_cpp.hpp
[3.954s] -- Up-to-date symlink: /home/huuhoa/hospital_robot/install/nav2_msgs/include/nav2_msgs/nav2_msgs/msg/detail/speed_limit__rosidl_typesupport_fastrtps_cpp.hpp
[3.955s] -- Up-to-date symlink: /home/huuhoa/hospital_robot/install/nav2_msgs/include/nav2_msgs/nav2_msgs/msg/detail/voxel_grid__rosidl_typesupport_fastrtps_cpp.hpp
[3.958s] -- Up-to-date symlink: /home/huuhoa/hospital_robot/install/nav2_msgs/include/nav2_msgs/nav2_msgs/msg/rosidl_typesupport_fastrtps_cpp__visibility_control.h
[3.959s] -- Up-to-date symlink: /home/huuhoa/hospital_robot/install/nav2_msgs/include/nav2_msgs/nav2_msgs/srv/detail/clear_costmap_around_robot__rosidl_typesupport_fastrtps_cpp.hpp
[3.960s] -- Up-to-date symlink: /home/huuhoa/hospital_robot/install/nav2_msgs/include/nav2_msgs/nav2_msgs/srv/detail/clear_costmap_except_region__rosidl_typesupport_fastrtps_cpp.hpp
[3.963s] -- Up-to-date symlink: /home/huuhoa/hospital_robot/install/nav2_msgs/include/nav2_msgs/nav2_msgs/srv/detail/clear_entire_costmap__rosidl_typesupport_fastrtps_cpp.hpp
[3.964s] -- Up-to-date symlink: /home/huuhoa/hospital_robot/install/nav2_msgs/include/nav2_msgs/nav2_msgs/srv/detail/get_costmap__rosidl_typesupport_fastrtps_cpp.hpp
[3.965s] -- Up-to-date symlink: /home/huuhoa/hospital_robot/install/nav2_msgs/include/nav2_msgs/nav2_msgs/srv/detail/is_path_valid__rosidl_typesupport_fastrtps_cpp.hpp
[3.968s] -- Up-to-date symlink: /home/huuhoa/hospital_robot/install/nav2_msgs/include/nav2_msgs/nav2_msgs/srv/detail/load_map__rosidl_typesupport_fastrtps_cpp.hpp
[3.973s] -- Up-to-date symlink: /home/huuhoa/hospital_robot/install/nav2_msgs/include/nav2_msgs/nav2_msgs/srv/detail/manage_lifecycle_nodes__rosidl_typesupport_fastrtps_cpp.hpp
[3.974s] -- Up-to-date symlink: /home/huuhoa/hospital_robot/install/nav2_msgs/include/nav2_msgs/nav2_msgs/srv/detail/save_map__rosidl_typesupport_fastrtps_cpp.hpp
[3.974s] -- Up-to-date symlink: /home/huuhoa/hospital_robot/install/nav2_msgs/include/nav2_msgs/nav2_msgs/srv/detail/set_initial_pose__rosidl_typesupport_fastrtps_cpp.hpp
[3.978s] -- Up-to-date symlink: /home/huuhoa/hospital_robot/install/nav2_msgs/include/nav2_msgs/nav2_msgs/action/detail/assisted_teleop__rosidl_typesupport_introspection_c.h
[3.980s] -- Up-to-date symlink: /home/huuhoa/hospital_robot/install/nav2_msgs/include/nav2_msgs/nav2_msgs/action/detail/back_up__rosidl_typesupport_introspection_c.h
[3.981s] -- Up-to-date symlink: /home/huuhoa/hospital_robot/install/nav2_msgs/include/nav2_msgs/nav2_msgs/action/detail/compute_path_through_poses__rosidl_typesupport_introspection_c.h
[3.986s] -- Up-to-date symlink: /home/huuhoa/hospital_robot/install/nav2_msgs/include/nav2_msgs/nav2_msgs/action/detail/compute_path_to_pose__rosidl_typesupport_introspection_c.h
[3.987s] -- Up-to-date symlink: /home/huuhoa/hospital_robot/install/nav2_msgs/include/nav2_msgs/nav2_msgs/action/detail/drive_on_heading__rosidl_typesupport_introspection_c.h
[3.989s] -- Up-to-date symlink: /home/huuhoa/hospital_robot/install/nav2_msgs/include/nav2_msgs/nav2_msgs/action/detail/dummy_behavior__rosidl_typesupport_introspection_c.h
[3.991s] -- Up-to-date symlink: /home/huuhoa/hospital_robot/install/nav2_msgs/include/nav2_msgs/nav2_msgs/action/detail/follow_path__rosidl_typesupport_introspection_c.h
[3.993s] -- Up-to-date symlink: /home/huuhoa/hospital_robot/install/nav2_msgs/include/nav2_msgs/nav2_msgs/action/detail/follow_waypoints__rosidl_typesupport_introspection_c.h
[3.995s] -- Up-to-date symlink: /home/huuhoa/hospital_robot/install/nav2_msgs/include/nav2_msgs/nav2_msgs/action/detail/navigate_through_poses__rosidl_typesupport_introspection_c.h
[4.000s] -- Up-to-date symlink: /home/huuhoa/hospital_robot/install/nav2_msgs/include/nav2_msgs/nav2_msgs/action/detail/navigate_to_pose__rosidl_typesupport_introspection_c.h
[4.001s] -- Up-to-date symlink: /home/huuhoa/hospital_robot/install/nav2_msgs/include/nav2_msgs/nav2_msgs/action/detail/smooth_path__rosidl_typesupport_introspection_c.h
[4.003s] -- Up-to-date symlink: /home/huuhoa/hospital_robot/install/nav2_msgs/include/nav2_msgs/nav2_msgs/action/detail/spin__rosidl_typesupport_introspection_c.h
[4.005s] -- Up-to-date symlink: /home/huuhoa/hospital_robot/install/nav2_msgs/include/nav2_msgs/nav2_msgs/action/detail/wait__rosidl_typesupport_introspection_c.h
[4.007s] -- Up-to-date symlink: /home/huuhoa/hospital_robot/install/nav2_msgs/include/nav2_msgs/nav2_msgs/msg/detail/behavior_tree_log__rosidl_typesupport_introspection_c.h
[4.023s] -- Up-to-date symlink: /home/huuhoa/hospital_robot/install/nav2_msgs/include/nav2_msgs/nav2_msgs/msg/detail/behavior_tree_status_change__rosidl_typesupport_introspection_c.h
[4.023s] -- Up-to-date symlink: /home/huuhoa/hospital_robot/install/nav2_msgs/include/nav2_msgs/nav2_msgs/msg/detail/collision_monitor_state__rosidl_typesupport_introspection_c.h
[4.026s] -- Up-to-date symlink: /home/huuhoa/hospital_robot/install/nav2_msgs/include/nav2_msgs/nav2_msgs/msg/detail/costmap__rosidl_typesupport_introspection_c.h
[4.033s] -- Up-to-date symlink: /home/huuhoa/hospital_robot/install/nav2_msgs/include/nav2_msgs/nav2_msgs/msg/detail/costmap_filter_info__rosidl_typesupport_introspection_c.h
[4.034s] -- Up-to-date symlink: /home/huuhoa/hospital_robot/install/nav2_msgs/include/nav2_msgs/nav2_msgs/msg/detail/costmap_meta_data__rosidl_typesupport_introspection_c.h
[4.035s] -- Up-to-date symlink: /home/huuhoa/hospital_robot/install/nav2_msgs/include/nav2_msgs/nav2_msgs/msg/detail/particle__rosidl_typesupport_introspection_c.h
[4.036s] -- Up-to-date symlink: /home/huuhoa/hospital_robot/install/nav2_msgs/include/nav2_msgs/nav2_msgs/msg/detail/particle_cloud__rosidl_typesupport_introspection_c.h
[4.038s] -- Up-to-date symlink: /home/huuhoa/hospital_robot/install/nav2_msgs/include/nav2_msgs/nav2_msgs/msg/detail/speed_limit__rosidl_typesupport_introspection_c.h
[4.044s] -- Up-to-date symlink: /home/huuhoa/hospital_robot/install/nav2_msgs/include/nav2_msgs/nav2_msgs/msg/detail/voxel_grid__rosidl_typesupport_introspection_c.h
[4.045s] -- Up-to-date symlink: /home/huuhoa/hospital_robot/install/nav2_msgs/include/nav2_msgs/nav2_msgs/msg/rosidl_typesupport_introspection_c__visibility_control.h
[4.050s] -- Up-to-date symlink: /home/huuhoa/hospital_robot/install/nav2_msgs/include/nav2_msgs/nav2_msgs/srv/detail/clear_costmap_around_robot__rosidl_typesupport_introspection_c.h
[4.052s] -- Up-to-date symlink: /home/huuhoa/hospital_robot/install/nav2_msgs/include/nav2_msgs/nav2_msgs/srv/detail/clear_costmap_except_region__rosidl_typesupport_introspection_c.h
[4.053s] -- Up-to-date symlink: /home/huuhoa/hospital_robot/install/nav2_msgs/include/nav2_msgs/nav2_msgs/srv/detail/clear_entire_costmap__rosidl_typesupport_introspection_c.h
[4.054s] -- Up-to-date symlink: /home/huuhoa/hospital_robot/install/nav2_msgs/include/nav2_msgs/nav2_msgs/srv/detail/get_costmap__rosidl_typesupport_introspection_c.h
[4.068s] -- Up-to-date symlink: /home/huuhoa/hospital_robot/install/nav2_msgs/include/nav2_msgs/nav2_msgs/srv/detail/is_path_valid__rosidl_typesupport_introspection_c.h
[4.071s] -- Up-to-date symlink: /home/huuhoa/hospital_robot/install/nav2_msgs/include/nav2_msgs/nav2_msgs/srv/detail/load_map__rosidl_typesupport_introspection_c.h
[4.072s] -- Up-to-date symlink: /home/huuhoa/hospital_robot/install/nav2_msgs/include/nav2_msgs/nav2_msgs/srv/detail/manage_lifecycle_nodes__rosidl_typesupport_introspection_c.h
[4.074s] -- Up-to-date symlink: /home/huuhoa/hospital_robot/install/nav2_msgs/include/nav2_msgs/nav2_msgs/srv/detail/save_map__rosidl_typesupport_introspection_c.h
[4.077s] -- Up-to-date symlink: /home/huuhoa/hospital_robot/install/nav2_msgs/include/nav2_msgs/nav2_msgs/srv/detail/set_initial_pose__rosidl_typesupport_introspection_c.h
[4.078s] -- Up-to-date symlink: /home/huuhoa/hospital_robot/install/nav2_msgs/include/nav2_msgs/nav2_msgs/action/detail/assisted_teleop__rosidl_typesupport_introspection_cpp.hpp
[4.081s] -- Up-to-date symlink: /home/huuhoa/hospital_robot/install/nav2_msgs/include/nav2_msgs/nav2_msgs/action/detail/back_up__rosidl_typesupport_introspection_cpp.hpp
[4.083s] -- Up-to-date symlink: /home/huuhoa/hospital_robot/install/nav2_msgs/include/nav2_msgs/nav2_msgs/action/detail/compute_path_through_poses__rosidl_typesupport_introspection_cpp.hpp
[4.085s] -- Up-to-date symlink: /home/huuhoa/hospital_robot/install/nav2_msgs/include/nav2_msgs/nav2_msgs/action/detail/compute_path_to_pose__rosidl_typesupport_introspection_cpp.hpp
[4.086s] -- Up-to-date symlink: /home/huuhoa/hospital_robot/install/nav2_msgs/include/nav2_msgs/nav2_msgs/action/detail/drive_on_heading__rosidl_typesupport_introspection_cpp.hpp
[4.088s] -- Up-to-date symlink: /home/huuhoa/hospital_robot/install/nav2_msgs/include/nav2_msgs/nav2_msgs/action/detail/dummy_behavior__rosidl_typesupport_introspection_cpp.hpp
[4.090s] -- Up-to-date symlink: /home/huuhoa/hospital_robot/install/nav2_msgs/include/nav2_msgs/nav2_msgs/action/detail/follow_path__rosidl_typesupport_introspection_cpp.hpp
[4.095s] -- Up-to-date symlink: /home/huuhoa/hospital_robot/install/nav2_msgs/include/nav2_msgs/nav2_msgs/action/detail/follow_waypoints__rosidl_typesupport_introspection_cpp.hpp
[4.096s] -- Up-to-date symlink: /home/huuhoa/hospital_robot/install/nav2_msgs/include/nav2_msgs/nav2_msgs/action/detail/navigate_through_poses__rosidl_typesupport_introspection_cpp.hpp
[4.097s] -- Up-to-date symlink: /home/huuhoa/hospital_robot/install/nav2_msgs/include/nav2_msgs/nav2_msgs/action/detail/navigate_to_pose__rosidl_typesupport_introspection_cpp.hpp
[4.099s] -- Up-to-date symlink: /home/huuhoa/hospital_robot/install/nav2_msgs/include/nav2_msgs/nav2_msgs/action/detail/smooth_path__rosidl_typesupport_introspection_cpp.hpp
[4.100s] -- Up-to-date symlink: /home/huuhoa/hospital_robot/install/nav2_msgs/include/nav2_msgs/nav2_msgs/action/detail/spin__rosidl_typesupport_introspection_cpp.hpp
[4.101s] -- Up-to-date symlink: /home/huuhoa/hospital_robot/install/nav2_msgs/include/nav2_msgs/nav2_msgs/action/detail/wait__rosidl_typesupport_introspection_cpp.hpp
[4.114s] -- Up-to-date symlink: /home/huuhoa/hospital_robot/install/nav2_msgs/include/nav2_msgs/nav2_msgs/msg/detail/behavior_tree_log__rosidl_typesupport_introspection_cpp.hpp
[4.115s] -- Up-to-date symlink: /home/huuhoa/hospital_robot/install/nav2_msgs/include/nav2_msgs/nav2_msgs/msg/detail/behavior_tree_status_change__rosidl_typesupport_introspection_cpp.hpp
[4.118s] -- Up-to-date symlink: /home/huuhoa/hospital_robot/install/nav2_msgs/include/nav2_msgs/nav2_msgs/msg/detail/collision_monitor_state__rosidl_typesupport_introspection_cpp.hpp
[4.125s] -- Up-to-date symlink: /home/huuhoa/hospital_robot/install/nav2_msgs/include/nav2_msgs/nav2_msgs/msg/detail/costmap__rosidl_typesupport_introspection_cpp.hpp
[4.125s] -- Up-to-date symlink: /home/huuhoa/hospital_robot/install/nav2_msgs/include/nav2_msgs/nav2_msgs/msg/detail/costmap_filter_info__rosidl_typesupport_introspection_cpp.hpp
[4.132s] -- Up-to-date symlink: /home/huuhoa/hospital_robot/install/nav2_msgs/include/nav2_msgs/nav2_msgs/msg/detail/costmap_meta_data__rosidl_typesupport_introspection_cpp.hpp
[4.135s] -- Up-to-date symlink: /home/huuhoa/hospital_robot/install/nav2_msgs/include/nav2_msgs/nav2_msgs/msg/detail/particle__rosidl_typesupport_introspection_cpp.hpp
[4.138s] -- Up-to-date symlink: /home/huuhoa/hospital_robot/install/nav2_msgs/include/nav2_msgs/nav2_msgs/msg/detail/particle_cloud__rosidl_typesupport_introspection_cpp.hpp
[4.141s] -- Up-to-date symlink: /home/huuhoa/hospital_robot/install/nav2_msgs/include/nav2_msgs/nav2_msgs/msg/detail/speed_limit__rosidl_typesupport_introspection_cpp.hpp
[4.142s] -- Up-to-date symlink: /home/huuhoa/hospital_robot/install/nav2_msgs/include/nav2_msgs/nav2_msgs/msg/detail/voxel_grid__rosidl_typesupport_introspection_cpp.hpp
[4.144s] -- Up-to-date symlink: /home/huuhoa/hospital_robot/install/nav2_msgs/include/nav2_msgs/nav2_msgs/srv/detail/clear_costmap_around_robot__rosidl_typesupport_introspection_cpp.hpp
[4.158s] -- Up-to-date symlink: /home/huuhoa/hospital_robot/install/nav2_msgs/include/nav2_msgs/nav2_msgs/srv/detail/clear_costmap_except_region__rosidl_typesupport_introspection_cpp.hpp
[4.163s] -- Up-to-date symlink: /home/huuhoa/hospital_robot/install/nav2_msgs/include/nav2_msgs/nav2_msgs/srv/detail/clear_entire_costmap__rosidl_typesupport_introspection_cpp.hpp
[4.166s] -- Up-to-date symlink: /home/huuhoa/hospital_robot/install/nav2_msgs/include/nav2_msgs/nav2_msgs/srv/detail/get_costmap__rosidl_typesupport_introspection_cpp.hpp
[4.167s] -- Up-to-date symlink: /home/huuhoa/hospital_robot/install/nav2_msgs/include/nav2_msgs/nav2_msgs/srv/detail/is_path_valid__rosidl_typesupport_introspection_cpp.hpp
[4.173s] -- Up-to-date symlink: /home/huuhoa/hospital_robot/install/nav2_msgs/include/nav2_msgs/nav2_msgs/srv/detail/load_map__rosidl_typesupport_introspection_cpp.hpp
[4.174s] -- Up-to-date symlink: /home/huuhoa/hospital_robot/install/nav2_msgs/include/nav2_msgs/nav2_msgs/srv/detail/manage_lifecycle_nodes__rosidl_typesupport_introspection_cpp.hpp
[4.175s] -- Up-to-date symlink: /home/huuhoa/hospital_robot/install/nav2_msgs/include/nav2_msgs/nav2_msgs/srv/detail/save_map__rosidl_typesupport_introspection_cpp.hpp
[4.177s] -- Up-to-date symlink: /home/huuhoa/hospital_robot/install/nav2_msgs/include/nav2_msgs/nav2_msgs/srv/detail/set_initial_pose__rosidl_typesupport_introspection_cpp.hpp
[4.180s] -- Up-to-date symlink: /home/huuhoa/hospital_robot/install/nav2_msgs/share/nav2_msgs/environment/pythonpath.sh
[4.184s] -- Up-to-date symlink: /home/huuhoa/hospital_robot/install/nav2_msgs/share/nav2_msgs/environment/pythonpath.dsv
[4.198s] -- Up-to-date symlink: /home/huuhoa/hospital_robot/install/nav2_msgs/local/lib/python3.10/dist-packages/nav2_msgs-1.1.18-py3.10.egg-info/PKG-INFO
[4.199s] -- Up-to-date symlink: /home/huuhoa/hospital_robot/install/nav2_msgs/local/lib/python3.10/dist-packages/nav2_msgs-1.1.18-py3.10.egg-info/SOURCES.txt
[4.199s] -- Up-to-date symlink: /home/huuhoa/hospital_robot/install/nav2_msgs/local/lib/python3.10/dist-packages/nav2_msgs-1.1.18-py3.10.egg-info/dependency_links.txt
[4.209s] -- Up-to-date symlink: /home/huuhoa/hospital_robot/install/nav2_msgs/local/lib/python3.10/dist-packages/nav2_msgs-1.1.18-py3.10.egg-info/top_level.txt
[4.211s] -- Up-to-date symlink: /home/huuhoa/hospital_robot/install/nav2_msgs/local/lib/python3.10/dist-packages/nav2_msgs/__init__.py
[4.212s] -- Up-to-date symlink: /home/huuhoa/hospital_robot/install/nav2_msgs/local/lib/python3.10/dist-packages/nav2_msgs/_nav2_msgs_s.ep.rosidl_typesupport_c.c
[4.214s] -- Up-to-date symlink: /home/huuhoa/hospital_robot/install/nav2_msgs/local/lib/python3.10/dist-packages/nav2_msgs/_nav2_msgs_s.ep.rosidl_typesupport_fastrtps_c.c
[4.216s] -- Up-to-date symlink: /home/huuhoa/hospital_robot/install/nav2_msgs/local/lib/python3.10/dist-packages/nav2_msgs/_nav2_msgs_s.ep.rosidl_typesupport_introspection_c.c
[4.218s] -- Up-to-date symlink: /home/huuhoa/hospital_robot/install/nav2_msgs/local/lib/python3.10/dist-packages/nav2_msgs/action/__init__.py
[4.223s] -- Up-to-date symlink: /home/huuhoa/hospital_robot/install/nav2_msgs/local/lib/python3.10/dist-packages/nav2_msgs/action/_assisted_teleop.py
[4.225s] -- Up-to-date symlink: /home/huuhoa/hospital_robot/install/nav2_msgs/local/lib/python3.10/dist-packages/nav2_msgs/action/_assisted_teleop_s.c
[4.227s] -- Up-to-date symlink: /home/huuhoa/hospital_robot/install/nav2_msgs/local/lib/python3.10/dist-packages/nav2_msgs/action/_back_up.py
[4.229s] -- Up-to-date symlink: /home/huuhoa/hospital_robot/install/nav2_msgs/local/lib/python3.10/dist-packages/nav2_msgs/action/_back_up_s.c
[4.230s] -- Up-to-date symlink: /home/huuhoa/hospital_robot/install/nav2_msgs/local/lib/python3.10/dist-packages/nav2_msgs/action/_compute_path_through_poses.py
[4.233s] -- Up-to-date symlink: /home/huuhoa/hospital_robot/install/nav2_msgs/local/lib/python3.10/dist-packages/nav2_msgs/action/_compute_path_through_poses_s.c
[4.237s] -- Up-to-date symlink: /home/huuhoa/hospital_robot/install/nav2_msgs/local/lib/python3.10/dist-packages/nav2_msgs/action/_compute_path_to_pose.py
[4.238s] -- Up-to-date symlink: /home/huuhoa/hospital_robot/install/nav2_msgs/local/lib/python3.10/dist-packages/nav2_msgs/action/_compute_path_to_pose_s.c
[4.238s] -- Up-to-date symlink: /home/huuhoa/hospital_robot/install/nav2_msgs/local/lib/python3.10/dist-packages/nav2_msgs/action/_drive_on_heading.py
[4.257s] -- Up-to-date symlink: /home/huuhoa/hospital_robot/install/nav2_msgs/local/lib/python3.10/dist-packages/nav2_msgs/action/_drive_on_heading_s.c
[4.257s] -- Up-to-date symlink: /home/huuhoa/hospital_robot/install/nav2_msgs/local/lib/python3.10/dist-packages/nav2_msgs/action/_dummy_behavior.py
[4.258s] -- Up-to-date symlink: /home/huuhoa/hospital_robot/install/nav2_msgs/local/lib/python3.10/dist-packages/nav2_msgs/action/_dummy_behavior_s.c
[4.260s] -- Up-to-date symlink: /home/huuhoa/hospital_robot/install/nav2_msgs/local/lib/python3.10/dist-packages/nav2_msgs/action/_follow_path.py
[4.261s] -- Up-to-date symlink: /home/huuhoa/hospital_robot/install/nav2_msgs/local/lib/python3.10/dist-packages/nav2_msgs/action/_follow_path_s.c
[4.262s] -- Up-to-date symlink: /home/huuhoa/hospital_robot/install/nav2_msgs/local/lib/python3.10/dist-packages/nav2_msgs/action/_follow_waypoints.py
[4.264s] -- Up-to-date symlink: /home/huuhoa/hospital_robot/install/nav2_msgs/local/lib/python3.10/dist-packages/nav2_msgs/action/_follow_waypoints_s.c
[4.265s] -- Up-to-date symlink: /home/huuhoa/hospital_robot/install/nav2_msgs/local/lib/python3.10/dist-packages/nav2_msgs/action/_navigate_through_poses.py
[4.268s] -- Up-to-date symlink: /home/huuhoa/hospital_robot/install/nav2_msgs/local/lib/python3.10/dist-packages/nav2_msgs/action/_navigate_through_poses_s.c
[4.271s] -- Up-to-date symlink: /home/huuhoa/hospital_robot/install/nav2_msgs/local/lib/python3.10/dist-packages/nav2_msgs/action/_navigate_to_pose.py
[4.272s] -- Up-to-date symlink: /home/huuhoa/hospital_robot/install/nav2_msgs/local/lib/python3.10/dist-packages/nav2_msgs/action/_navigate_to_pose_s.c
[4.274s] -- Up-to-date symlink: /home/huuhoa/hospital_robot/install/nav2_msgs/local/lib/python3.10/dist-packages/nav2_msgs/action/_smooth_path.py
[4.275s] -- Up-to-date symlink: /home/huuhoa/hospital_robot/install/nav2_msgs/local/lib/python3.10/dist-packages/nav2_msgs/action/_smooth_path_s.c
[4.276s] -- Up-to-date symlink: /home/huuhoa/hospital_robot/install/nav2_msgs/local/lib/python3.10/dist-packages/nav2_msgs/action/_spin.py
[4.279s] -- Up-to-date symlink: /home/huuhoa/hospital_robot/install/nav2_msgs/local/lib/python3.10/dist-packages/nav2_msgs/action/_spin_s.c
[4.281s] -- Up-to-date symlink: /home/huuhoa/hospital_robot/install/nav2_msgs/local/lib/python3.10/dist-packages/nav2_msgs/action/_wait.py
[4.283s] -- Up-to-date symlink: /home/huuhoa/hospital_robot/install/nav2_msgs/local/lib/python3.10/dist-packages/nav2_msgs/action/_wait_s.c
[4.284s] -- Up-to-date symlink: /home/huuhoa/hospital_robot/install/nav2_msgs/local/lib/python3.10/dist-packages/nav2_msgs/libnav2_msgs__rosidl_generator_py.so
[4.285s] -- Up-to-date symlink: /home/huuhoa/hospital_robot/install/nav2_msgs/local/lib/python3.10/dist-packages/nav2_msgs/msg/__init__.py
[4.301s] -- Up-to-date symlink: /home/huuhoa/hospital_robot/install/nav2_msgs/local/lib/python3.10/dist-packages/nav2_msgs/msg/_behavior_tree_log.py
[4.303s] -- Up-to-date symlink: /home/huuhoa/hospital_robot/install/nav2_msgs/local/lib/python3.10/dist-packages/nav2_msgs/msg/_behavior_tree_log_s.c
[4.305s] -- Up-to-date symlink: /home/huuhoa/hospital_robot/install/nav2_msgs/local/lib/python3.10/dist-packages/nav2_msgs/msg/_behavior_tree_status_change.py
[4.309s] -- Up-to-date symlink: /home/huuhoa/hospital_robot/install/nav2_msgs/local/lib/python3.10/dist-packages/nav2_msgs/msg/_behavior_tree_status_change_s.c
[4.309s] -- Up-to-date symlink: /home/huuhoa/hospital_robot/install/nav2_msgs/local/lib/python3.10/dist-packages/nav2_msgs/msg/_collision_monitor_state.py
[4.309s] -- Up-to-date symlink: /home/huuhoa/hospital_robot/install/nav2_msgs/local/lib/python3.10/dist-packages/nav2_msgs/msg/_collision_monitor_state_s.c
[4.311s] -- Up-to-date symlink: /home/huuhoa/hospital_robot/install/nav2_msgs/local/lib/python3.10/dist-packages/nav2_msgs/msg/_costmap.py
[4.312s] -- Up-to-date symlink: /home/huuhoa/hospital_robot/install/nav2_msgs/local/lib/python3.10/dist-packages/nav2_msgs/msg/_costmap_filter_info.py
[4.313s] -- Up-to-date symlink: /home/huuhoa/hospital_robot/install/nav2_msgs/local/lib/python3.10/dist-packages/nav2_msgs/msg/_costmap_filter_info_s.c
[4.314s] -- Up-to-date symlink: /home/huuhoa/hospital_robot/install/nav2_msgs/local/lib/python3.10/dist-packages/nav2_msgs/msg/_costmap_meta_data.py
[4.321s] -- Up-to-date symlink: /home/huuhoa/hospital_robot/install/nav2_msgs/local/lib/python3.10/dist-packages/nav2_msgs/msg/_costmap_meta_data_s.c
[4.322s] -- Up-to-date symlink: /home/huuhoa/hospital_robot/install/nav2_msgs/local/lib/python3.10/dist-packages/nav2_msgs/msg/_costmap_s.c
[4.329s] -- Up-to-date symlink: /home/huuhoa/hospital_robot/install/nav2_msgs/local/lib/python3.10/dist-packages/nav2_msgs/msg/_particle.py
[4.330s] -- Up-to-date symlink: /home/huuhoa/hospital_robot/install/nav2_msgs/local/lib/python3.10/dist-packages/nav2_msgs/msg/_particle_cloud.py
[4.331s] -- Up-to-date symlink: /home/huuhoa/hospital_robot/install/nav2_msgs/local/lib/python3.10/dist-packages/nav2_msgs/msg/_particle_cloud_s.c
[4.335s] -- Up-to-date symlink: /home/huuhoa/hospital_robot/install/nav2_msgs/local/lib/python3.10/dist-packages/nav2_msgs/msg/_particle_s.c
[4.337s] -- Up-to-date symlink: /home/huuhoa/hospital_robot/install/nav2_msgs/local/lib/python3.10/dist-packages/nav2_msgs/msg/_speed_limit.py
[4.340s] -- Up-to-date symlink: /home/huuhoa/hospital_robot/install/nav2_msgs/local/lib/python3.10/dist-packages/nav2_msgs/msg/_speed_limit_s.c
[4.340s] -- Up-to-date symlink: /home/huuhoa/hospital_robot/install/nav2_msgs/local/lib/python3.10/dist-packages/nav2_msgs/msg/_voxel_grid.py
[4.341s] -- Up-to-date symlink: /home/huuhoa/hospital_robot/install/nav2_msgs/local/lib/python3.10/dist-packages/nav2_msgs/msg/_voxel_grid_s.c
[4.342s] -- Up-to-date symlink: /home/huuhoa/hospital_robot/install/nav2_msgs/local/lib/python3.10/dist-packages/nav2_msgs/nav2_msgs_s__rosidl_typesupport_c.cpython-310-x86_64-linux-gnu.so
[4.344s] -- Up-to-date symlink: /home/huuhoa/hospital_robot/install/nav2_msgs/local/lib/python3.10/dist-packages/nav2_msgs/nav2_msgs_s__rosidl_typesupport_fastrtps_c.cpython-310-x86_64-linux-gnu.so
[4.345s] -- Up-to-date symlink: /home/huuhoa/hospital_robot/install/nav2_msgs/local/lib/python3.10/dist-packages/nav2_msgs/nav2_msgs_s__rosidl_typesupport_introspection_c.cpython-310-x86_64-linux-gnu.so
[4.351s] -- Up-to-date symlink: /home/huuhoa/hospital_robot/install/nav2_msgs/local/lib/python3.10/dist-packages/nav2_msgs/srv/__init__.py
[4.351s] -- Up-to-date symlink: /home/huuhoa/hospital_robot/install/nav2_msgs/local/lib/python3.10/dist-packages/nav2_msgs/srv/_clear_costmap_around_robot.py
[4.351s] -- Up-to-date symlink: /home/huuhoa/hospital_robot/install/nav2_msgs/local/lib/python3.10/dist-packages/nav2_msgs/srv/_clear_costmap_around_robot_s.c
[4.351s] -- Up-to-date symlink: /home/huuhoa/hospital_robot/install/nav2_msgs/local/lib/python3.10/dist-packages/nav2_msgs/srv/_clear_costmap_except_region.py
[4.359s] -- Up-to-date symlink: /home/huuhoa/hospital_robot/install/nav2_msgs/local/lib/python3.10/dist-packages/nav2_msgs/srv/_clear_costmap_except_region_s.c
[4.362s] -- Up-to-date symlink: /home/huuhoa/hospital_robot/install/nav2_msgs/local/lib/python3.10/dist-packages/nav2_msgs/srv/_clear_entire_costmap.py
[4.362s] -- Up-to-date symlink: /home/huuhoa/hospital_robot/install/nav2_msgs/local/lib/python3.10/dist-packages/nav2_msgs/srv/_clear_entire_costmap_s.c
[4.363s] -- Up-to-date symlink: /home/huuhoa/hospital_robot/install/nav2_msgs/local/lib/python3.10/dist-packages/nav2_msgs/srv/_get_costmap.py
[4.364s] -- Up-to-date symlink: /home/huuhoa/hospital_robot/install/nav2_msgs/local/lib/python3.10/dist-packages/nav2_msgs/srv/_get_costmap_s.c
[4.365s] -- Up-to-date symlink: /home/huuhoa/hospital_robot/install/nav2_msgs/local/lib/python3.10/dist-packages/nav2_msgs/srv/_is_path_valid.py
[4.367s] -- Up-to-date symlink: /home/huuhoa/hospital_robot/install/nav2_msgs/local/lib/python3.10/dist-packages/nav2_msgs/srv/_is_path_valid_s.c
[4.369s] -- Up-to-date symlink: /home/huuhoa/hospital_robot/install/nav2_msgs/local/lib/python3.10/dist-packages/nav2_msgs/srv/_load_map.py
[4.371s] -- Up-to-date symlink: /home/huuhoa/hospital_robot/install/nav2_msgs/local/lib/python3.10/dist-packages/nav2_msgs/srv/_load_map_s.c
[4.376s] -- Up-to-date symlink: /home/huuhoa/hospital_robot/install/nav2_msgs/local/lib/python3.10/dist-packages/nav2_msgs/srv/_manage_lifecycle_nodes.py
[4.376s] -- Up-to-date symlink: /home/huuhoa/hospital_robot/install/nav2_msgs/local/lib/python3.10/dist-packages/nav2_msgs/srv/_manage_lifecycle_nodes_s.c
[4.376s] -- Up-to-date symlink: /home/huuhoa/hospital_robot/install/nav2_msgs/local/lib/python3.10/dist-packages/nav2_msgs/srv/_save_map.py
[4.377s] -- Up-to-date symlink: /home/huuhoa/hospital_robot/install/nav2_msgs/local/lib/python3.10/dist-packages/nav2_msgs/srv/_save_map_s.c
[4.378s] -- Up-to-date symlink: /home/huuhoa/hospital_robot/install/nav2_msgs/local/lib/python3.10/dist-packages/nav2_msgs/srv/_set_initial_pose.py
[4.379s] -- Up-to-date symlink: /home/huuhoa/hospital_robot/install/nav2_msgs/local/lib/python3.10/dist-packages/nav2_msgs/srv/_set_initial_pose_s.c
[4.381s] -- Up-to-date symlink: /home/huuhoa/hospital_robot/install/nav2_msgs/local/lib/python3.10/dist-packages/nav2_msgs/nav2_msgs_s__rosidl_typesupport_fastrtps_c.cpython-310-x86_64-linux-gnu.so
[4.396s] -- Up-to-date symlink: /home/huuhoa/hospital_robot/install/nav2_msgs/local/lib/python3.10/dist-packages/nav2_msgs/nav2_msgs_s__rosidl_typesupport_introspection_c.cpython-310-x86_64-linux-gnu.so
[4.403s] -- Up-to-date symlink: /home/huuhoa/hospital_robot/install/nav2_msgs/local/lib/python3.10/dist-packages/nav2_msgs/nav2_msgs_s__rosidl_typesupport_c.cpython-310-x86_64-linux-gnu.so
[4.403s] -- Up-to-date symlink: /home/huuhoa/hospital_robot/install/nav2_msgs/share/nav2_msgs/msg/CollisionMonitorState.idl
[4.403s] -- Up-to-date symlink: /home/huuhoa/hospital_robot/install/nav2_msgs/share/nav2_msgs/msg/Costmap.idl
[4.403s] -- Up-to-date symlink: /home/huuhoa/hospital_robot/install/nav2_msgs/share/nav2_msgs/msg/CostmapMetaData.idl
[4.403s] -- Up-to-date symlink: /home/huuhoa/hospital_robot/install/nav2_msgs/share/nav2_msgs/msg/CostmapFilterInfo.idl
[4.404s] -- Up-to-date symlink: /home/huuhoa/hospital_robot/install/nav2_msgs/share/nav2_msgs/msg/SpeedLimit.idl
[4.406s] -- Up-to-date symlink: /home/huuhoa/hospital_robot/install/nav2_msgs/share/nav2_msgs/msg/VoxelGrid.idl
[4.407s] -- Up-to-date symlink: /home/huuhoa/hospital_robot/install/nav2_msgs/share/nav2_msgs/msg/BehaviorTreeStatusChange.idl
[4.412s] -- Up-to-date symlink: /home/huuhoa/hospital_robot/install/nav2_msgs/share/nav2_msgs/msg/BehaviorTreeLog.idl
[4.425s] -- Up-to-date symlink: /home/huuhoa/hospital_robot/install/nav2_msgs/share/nav2_msgs/msg/Particle.idl
[4.433s] -- Up-to-date symlink: /home/huuhoa/hospital_robot/install/nav2_msgs/share/nav2_msgs/msg/ParticleCloud.idl
[4.476s] -- Up-to-date symlink: /home/huuhoa/hospital_robot/install/nav2_msgs/share/nav2_msgs/srv/GetCostmap.idl
[4.479s] -- Up-to-date symlink: /home/huuhoa/hospital_robot/install/nav2_msgs/share/nav2_msgs/srv/IsPathValid.idl
[4.479s] -- Up-to-date symlink: /home/huuhoa/hospital_robot/install/nav2_msgs/share/nav2_msgs/srv/ClearCostmapExceptRegion.idl
[4.481s] -- Up-to-date symlink: /home/huuhoa/hospital_robot/install/nav2_msgs/share/nav2_msgs/srv/ClearCostmapAroundRobot.idl
[4.493s] -- Up-to-date symlink: /home/huuhoa/hospital_robot/install/nav2_msgs/share/nav2_msgs/srv/ClearEntireCostmap.idl
[4.495s] -- Up-to-date symlink: /home/huuhoa/hospital_robot/install/nav2_msgs/share/nav2_msgs/srv/ManageLifecycleNodes.idl
[4.495s] -- Up-to-date symlink: /home/huuhoa/hospital_robot/install/nav2_msgs/share/nav2_msgs/srv/LoadMap.idl
[4.495s] -- Up-to-date symlink: /home/huuhoa/hospital_robot/install/nav2_msgs/share/nav2_msgs/srv/SaveMap.idl
[4.504s] -- Up-to-date symlink: /home/huuhoa/hospital_robot/install/nav2_msgs/share/nav2_msgs/srv/SetInitialPose.idl
[4.508s] -- Up-to-date symlink: /home/huuhoa/hospital_robot/install/nav2_msgs/share/nav2_msgs/action/AssistedTeleop.idl
[4.510s] -- Up-to-date symlink: /home/huuhoa/hospital_robot/install/nav2_msgs/share/nav2_msgs/action/BackUp.idl
[4.515s] -- Up-to-date symlink: /home/huuhoa/hospital_robot/install/nav2_msgs/share/nav2_msgs/action/ComputePathToPose.idl
[4.517s] -- Up-to-date symlink: /home/huuhoa/hospital_robot/install/nav2_msgs/share/nav2_msgs/action/ComputePathThroughPoses.idl
[4.517s] -- Up-to-date symlink: /home/huuhoa/hospital_robot/install/nav2_msgs/share/nav2_msgs/action/DriveOnHeading.idl
[4.518s] -- Up-to-date symlink: /home/huuhoa/hospital_robot/install/nav2_msgs/share/nav2_msgs/action/SmoothPath.idl
[4.519s] -- Up-to-date symlink: /home/huuhoa/hospital_robot/install/nav2_msgs/share/nav2_msgs/action/FollowPath.idl
[4.522s] -- Up-to-date symlink: /home/huuhoa/hospital_robot/install/nav2_msgs/share/nav2_msgs/action/NavigateToPose.idl
[4.524s] -- Up-to-date symlink: /home/huuhoa/hospital_robot/install/nav2_msgs/share/nav2_msgs/action/NavigateThroughPoses.idl
[4.527s] -- Up-to-date symlink: /home/huuhoa/hospital_robot/install/nav2_msgs/share/nav2_msgs/action/Wait.idl
[4.531s] -- Up-to-date symlink: /home/huuhoa/hospital_robot/install/nav2_msgs/share/nav2_msgs/action/Spin.idl
[4.536s] -- Up-to-date symlink: /home/huuhoa/hospital_robot/install/nav2_msgs/share/nav2_msgs/action/DummyBehavior.idl
[4.540s] -- Up-to-date symlink: /home/huuhoa/hospital_robot/install/nav2_msgs/share/nav2_msgs/action/FollowWaypoints.idl
[4.541s] -- Up-to-date symlink: /home/huuhoa/hospital_robot/install/nav2_msgs/share/nav2_msgs/msg/CollisionMonitorState.msg
[4.544s] -- Up-to-date symlink: /home/huuhoa/hospital_robot/install/nav2_msgs/share/nav2_msgs/msg/Costmap.msg
[4.548s] -- Up-to-date symlink: /home/huuhoa/hospital_robot/install/nav2_msgs/share/nav2_msgs/msg/CostmapMetaData.msg
[4.550s] -- Up-to-date symlink: /home/huuhoa/hospital_robot/install/nav2_msgs/share/nav2_msgs/msg/CostmapFilterInfo.msg
[4.551s] -- Up-to-date symlink: /home/huuhoa/hospital_robot/install/nav2_msgs/share/nav2_msgs/msg/SpeedLimit.msg
[4.553s] -- Up-to-date symlink: /home/huuhoa/hospital_robot/install/nav2_msgs/share/nav2_msgs/msg/VoxelGrid.msg
[4.564s] -- Up-to-date symlink: /home/huuhoa/hospital_robot/install/nav2_msgs/share/nav2_msgs/msg/BehaviorTreeStatusChange.msg
[4.565s] -- Up-to-date symlink: /home/huuhoa/hospital_robot/install/nav2_msgs/share/nav2_msgs/msg/BehaviorTreeLog.msg
[4.567s] -- Up-to-date symlink: /home/huuhoa/hospital_robot/install/nav2_msgs/share/nav2_msgs/msg/Particle.msg
[4.569s] -- Up-to-date symlink: /home/huuhoa/hospital_robot/install/nav2_msgs/share/nav2_msgs/msg/ParticleCloud.msg
[4.575s] -- Up-to-date symlink: /home/huuhoa/hospital_robot/install/nav2_msgs/share/nav2_msgs/srv/GetCostmap.srv
[4.577s] -- Up-to-date symlink: /home/huuhoa/hospital_robot/install/nav2_msgs/share/nav2_msgs/srv/GetCostmap_Request.msg
[4.580s] -- Up-to-date symlink: /home/huuhoa/hospital_robot/install/nav2_msgs/share/nav2_msgs/srv/GetCostmap_Response.msg
[4.584s] -- Up-to-date symlink: /home/huuhoa/hospital_robot/install/nav2_msgs/share/nav2_msgs/srv/IsPathValid.srv
[4.585s] -- Up-to-date symlink: /home/huuhoa/hospital_robot/install/nav2_msgs/share/nav2_msgs/srv/IsPathValid_Request.msg
[4.587s] -- Up-to-date symlink: /home/huuhoa/hospital_robot/install/nav2_msgs/share/nav2_msgs/srv/IsPathValid_Response.msg
[4.594s] -- Up-to-date symlink: /home/huuhoa/hospital_robot/install/nav2_msgs/share/nav2_msgs/srv/ClearCostmapExceptRegion.srv
[4.596s] -- Up-to-date symlink: /home/huuhoa/hospital_robot/install/nav2_msgs/share/nav2_msgs/srv/ClearCostmapExceptRegion_Request.msg
[4.598s] -- Up-to-date symlink: /home/huuhoa/hospital_robot/install/nav2_msgs/share/nav2_msgs/srv/ClearCostmapExceptRegion_Response.msg
[4.600s] -- Up-to-date symlink: /home/huuhoa/hospital_robot/install/nav2_msgs/share/nav2_msgs/srv/ClearCostmapAroundRobot.srv
[4.602s] -- Up-to-date symlink: /home/huuhoa/hospital_robot/install/nav2_msgs/share/nav2_msgs/srv/ClearCostmapAroundRobot_Request.msg
[4.603s] -- Up-to-date symlink: /home/huuhoa/hospital_robot/install/nav2_msgs/share/nav2_msgs/srv/ClearCostmapAroundRobot_Response.msg
[4.605s] -- Up-to-date symlink: /home/huuhoa/hospital_robot/install/nav2_msgs/share/nav2_msgs/srv/ClearEntireCostmap.srv
[4.607s] -- Up-to-date symlink: /home/huuhoa/hospital_robot/install/nav2_msgs/share/nav2_msgs/srv/ClearEntireCostmap_Request.msg
[4.608s] -- Up-to-date symlink: /home/huuhoa/hospital_robot/install/nav2_msgs/share/nav2_msgs/srv/ClearEntireCostmap_Response.msg
[4.610s] -- Up-to-date symlink: /home/huuhoa/hospital_robot/install/nav2_msgs/share/nav2_msgs/srv/ManageLifecycleNodes.srv
[4.612s] -- Up-to-date symlink: /home/huuhoa/hospital_robot/install/nav2_msgs/share/nav2_msgs/srv/ManageLifecycleNodes_Request.msg
[4.615s] -- Up-to-date symlink: /home/huuhoa/hospital_robot/install/nav2_msgs/share/nav2_msgs/srv/ManageLifecycleNodes_Response.msg
[4.616s] -- Up-to-date symlink: /home/huuhoa/hospital_robot/install/nav2_msgs/share/nav2_msgs/srv/LoadMap.srv
[4.618s] -- Up-to-date symlink: /home/huuhoa/hospital_robot/install/nav2_msgs/share/nav2_msgs/srv/LoadMap_Request.msg
[4.624s] -- Up-to-date symlink: /home/huuhoa/hospital_robot/install/nav2_msgs/share/nav2_msgs/srv/LoadMap_Response.msg
[4.626s] -- Up-to-date symlink: /home/huuhoa/hospital_robot/install/nav2_msgs/share/nav2_msgs/srv/SaveMap.srv
[4.626s] -- Up-to-date symlink: /home/huuhoa/hospital_robot/install/nav2_msgs/share/nav2_msgs/srv/SaveMap_Request.msg
[4.628s] -- Up-to-date symlink: /home/huuhoa/hospital_robot/install/nav2_msgs/share/nav2_msgs/srv/SaveMap_Response.msg
[4.630s] -- Up-to-date symlink: /home/huuhoa/hospital_robot/install/nav2_msgs/share/nav2_msgs/srv/SetInitialPose.srv
[4.651s] -- Up-to-date symlink: /home/huuhoa/hospital_robot/install/nav2_msgs/share/nav2_msgs/srv/SetInitialPose_Request.msg
[4.657s] -- Up-to-date symlink: /home/huuhoa/hospital_robot/install/nav2_msgs/share/nav2_msgs/srv/SetInitialPose_Response.msg
[4.659s] -- Up-to-date symlink: /home/huuhoa/hospital_robot/install/nav2_msgs/share/nav2_msgs/action/AssistedTeleop.action
[4.660s] -- Up-to-date symlink: /home/huuhoa/hospital_robot/install/nav2_msgs/share/nav2_msgs/action/BackUp.action
[4.676s] -- Up-to-date symlink: /home/huuhoa/hospital_robot/install/nav2_msgs/share/nav2_msgs/action/ComputePathToPose.action
[4.677s] -- Up-to-date symlink: /home/huuhoa/hospital_robot/install/nav2_msgs/share/nav2_msgs/action/ComputePathThroughPoses.action
[4.677s] -- Up-to-date symlink: /home/huuhoa/hospital_robot/install/nav2_msgs/share/nav2_msgs/action/DriveOnHeading.action
[4.679s] -- Up-to-date symlink: /home/huuhoa/hospital_robot/install/nav2_msgs/share/nav2_msgs/action/SmoothPath.action
[4.680s] -- Up-to-date symlink: /home/huuhoa/hospital_robot/install/nav2_msgs/share/nav2_msgs/action/FollowPath.action
[4.680s] -- Up-to-date symlink: /home/huuhoa/hospital_robot/install/nav2_msgs/share/nav2_msgs/action/NavigateToPose.action
[4.685s] -- Up-to-date symlink: /home/huuhoa/hospital_robot/install/nav2_msgs/share/nav2_msgs/action/NavigateThroughPoses.action
[4.685s] -- Up-to-date symlink: /home/huuhoa/hospital_robot/install/nav2_msgs/share/nav2_msgs/action/Wait.action
[4.686s] -- Up-to-date symlink: /home/huuhoa/hospital_robot/install/nav2_msgs/share/nav2_msgs/action/Spin.action
[4.686s] -- Up-to-date symlink: /home/huuhoa/hospital_robot/install/nav2_msgs/share/nav2_msgs/action/DummyBehavior.action
[4.688s] -- Up-to-date symlink: /home/huuhoa/hospital_robot/install/nav2_msgs/share/nav2_msgs/action/FollowWaypoints.action
[4.691s] -- Up-to-date symlink: /home/huuhoa/hospital_robot/install/nav2_msgs/share/ament_index/resource_index/package_run_dependencies/nav2_msgs
[4.692s] -- Up-to-date symlink: /home/huuhoa/hospital_robot/install/nav2_msgs/share/ament_index/resource_index/parent_prefix_path/nav2_msgs
[4.694s] -- Up-to-date symlink: /home/huuhoa/hospital_robot/install/nav2_msgs/share/nav2_msgs/environment/ament_prefix_path.sh
[4.696s] -- Up-to-date symlink: /home/huuhoa/hospital_robot/install/nav2_msgs/share/nav2_msgs/environment/ament_prefix_path.dsv
[4.697s] -- Up-to-date symlink: /home/huuhoa/hospital_robot/install/nav2_msgs/share/nav2_msgs/environment/path.sh
[4.699s] -- Up-to-date symlink: /home/huuhoa/hospital_robot/install/nav2_msgs/share/nav2_msgs/environment/path.dsv
[4.705s] -- Up-to-date symlink: /home/huuhoa/hospital_robot/install/nav2_msgs/share/nav2_msgs/local_setup.bash
[4.708s] -- Up-to-date symlink: /home/huuhoa/hospital_robot/install/nav2_msgs/share/nav2_msgs/local_setup.sh
[4.711s] -- Up-to-date symlink: /home/huuhoa/hospital_robot/install/nav2_msgs/share/nav2_msgs/local_setup.zsh
[4.711s] -- Up-to-date symlink: /home/huuhoa/hospital_robot/install/nav2_msgs/share/nav2_msgs/local_setup.dsv
[4.711s] -- Symlinking: /home/huuhoa/hospital_robot/install/nav2_msgs/share/nav2_msgs/package.dsv
[4.758s] -- Up-to-date symlink: /home/huuhoa/hospital_robot/install/nav2_msgs/share/ament_index/resource_index/packages/nav2_msgs
[4.759s] -- Up-to-date symlink: /home/huuhoa/hospital_robot/install/nav2_msgs/share/nav2_msgs/cmake/rosidl_cmake-extras.cmake
[4.760s] -- Up-to-date symlink: /home/huuhoa/hospital_robot/install/nav2_msgs/share/nav2_msgs/cmake/ament_cmake_export_dependencies-extras.cmake
[4.763s] -- Up-to-date symlink: /home/huuhoa/hospital_robot/install/nav2_msgs/share/nav2_msgs/cmake/ament_cmake_export_include_directories-extras.cmake
[4.770s] -- Up-to-date symlink: /home/huuhoa/hospital_robot/install/nav2_msgs/share/nav2_msgs/cmake/ament_cmake_export_libraries-extras.cmake
[4.770s] -- Up-to-date symlink: /home/huuhoa/hospital_robot/install/nav2_msgs/share/nav2_msgs/cmake/ament_cmake_export_targets-extras.cmake
[4.770s] -- Up-to-date symlink: /home/huuhoa/hospital_robot/install/nav2_msgs/share/nav2_msgs/cmake/rosidl_cmake_export_typesupport_targets-extras.cmake
[4.770s] -- Up-to-date symlink: /home/huuhoa/hospital_robot/install/nav2_msgs/share/nav2_msgs/cmake/rosidl_cmake_export_typesupport_libraries-extras.cmake
[4.777s] -- Up-to-date symlink: /home/huuhoa/hospital_robot/install/nav2_msgs/share/nav2_msgs/cmake/nav2_msgsConfig.cmake
[4.777s] -- Up-to-date symlink: /home/huuhoa/hospital_robot/install/nav2_msgs/share/nav2_msgs/cmake/nav2_msgsConfig-version.cmake
[4.777s] -- Up-to-date symlink: /home/huuhoa/hospital_robot/install/nav2_msgs/share/nav2_msgs/package.xml
[4.786s] -- Up-to-date: /home/huuhoa/hospital_robot/install/nav2_msgs/lib/libnav2_msgs__rosidl_generator_c.so
[4.786s] -- Up-to-date: /home/huuhoa/hospital_robot/install/nav2_msgs/lib/libnav2_msgs__rosidl_typesupport_fastrtps_c.so
[4.800s] -- Up-to-date: /home/huuhoa/hospital_robot/install/nav2_msgs/lib/libnav2_msgs__rosidl_typesupport_fastrtps_cpp.so
[4.803s] -- Up-to-date: /home/huuhoa/hospital_robot/install/nav2_msgs/lib/libnav2_msgs__rosidl_typesupport_introspection_c.so
[4.803s] -- Up-to-date: /home/huuhoa/hospital_robot/install/nav2_msgs/lib/libnav2_msgs__rosidl_typesupport_c.so
[4.803s] -- Up-to-date: /home/huuhoa/hospital_robot/install/nav2_msgs/lib/libnav2_msgs__rosidl_typesupport_introspection_cpp.so
[4.812s] -- Up-to-date: /home/huuhoa/hospital_robot/install/nav2_msgs/lib/libnav2_msgs__rosidl_typesupport_cpp.so
[4.941s] Listing '/home/huuhoa/hospital_robot/install/nav2_msgs/local/lib/python3.10/dist-packages/nav2_msgs'...
[4.941s] Listing '/home/huuhoa/hospital_robot/install/nav2_msgs/local/lib/python3.10/dist-packages/nav2_msgs/action'...
[4.942s] Listing '/home/huuhoa/hospital_robot/install/nav2_msgs/local/lib/python3.10/dist-packages/nav2_msgs/msg'...
[4.942s] Listing '/home/huuhoa/hospital_robot/install/nav2_msgs/local/lib/python3.10/dist-packages/nav2_msgs/srv'...
[4.969s] -- Up-to-date: /home/huuhoa/hospital_robot/install/nav2_msgs/lib/libnav2_msgs__rosidl_generator_py.so
[4.981s] -- Up-to-date: /home/huuhoa/hospital_robot/install/nav2_msgs/share/nav2_msgs/cmake/export_nav2_msgs__rosidl_generator_cExport.cmake
[4.981s] -- Up-to-date: /home/huuhoa/hospital_robot/install/nav2_msgs/share/nav2_msgs/cmake/export_nav2_msgs__rosidl_generator_cExport-release.cmake
[4.984s] -- Up-to-date: /home/huuhoa/hospital_robot/install/nav2_msgs/share/nav2_msgs/cmake/export_nav2_msgs__rosidl_typesupport_fastrtps_cExport.cmake
[4.984s] -- Up-to-date: /home/huuhoa/hospital_robot/install/nav2_msgs/share/nav2_msgs/cmake/export_nav2_msgs__rosidl_typesupport_fastrtps_cExport-release.cmake
[4.987s] -- Up-to-date: /home/huuhoa/hospital_robot/install/nav2_msgs/share/nav2_msgs/cmake/export_nav2_msgs__rosidl_generator_cppExport.cmake
[4.990s] -- Up-to-date: /home/huuhoa/hospital_robot/install/nav2_msgs/share/nav2_msgs/cmake/export_nav2_msgs__rosidl_typesupport_fastrtps_cppExport.cmake
[4.990s] -- Up-to-date: /home/huuhoa/hospital_robot/install/nav2_msgs/share/nav2_msgs/cmake/export_nav2_msgs__rosidl_typesupport_fastrtps_cppExport-release.cmake
[4.993s] -- Up-to-date: /home/huuhoa/hospital_robot/install/nav2_msgs/share/nav2_msgs/cmake/nav2_msgs__rosidl_typesupport_introspection_cExport.cmake
[4.994s] -- Up-to-date: /home/huuhoa/hospital_robot/install/nav2_msgs/share/nav2_msgs/cmake/nav2_msgs__rosidl_typesupport_introspection_cExport-release.cmake
[4.996s] -- Up-to-date: /home/huuhoa/hospital_robot/install/nav2_msgs/share/nav2_msgs/cmake/nav2_msgs__rosidl_typesupport_cExport.cmake
[4.997s] -- Up-to-date: /home/huuhoa/hospital_robot/install/nav2_msgs/share/nav2_msgs/cmake/nav2_msgs__rosidl_typesupport_cExport-release.cmake
[4.999s] -- Up-to-date: /home/huuhoa/hospital_robot/install/nav2_msgs/share/nav2_msgs/cmake/nav2_msgs__rosidl_typesupport_introspection_cppExport.cmake
[4.999s] -- Up-to-date: /home/huuhoa/hospital_robot/install/nav2_msgs/share/nav2_msgs/cmake/nav2_msgs__rosidl_typesupport_introspection_cppExport-release.cmake
[5.002s] -- Up-to-date: /home/huuhoa/hospital_robot/install/nav2_msgs/share/nav2_msgs/cmake/nav2_msgs__rosidl_typesupport_cppExport.cmake
[5.002s] -- Up-to-date: /home/huuhoa/hospital_robot/install/nav2_msgs/share/nav2_msgs/cmake/nav2_msgs__rosidl_typesupport_cppExport-release.cmake
[5.004s] -- Up-to-date: /home/huuhoa/hospital_robot/install/nav2_msgs/share/nav2_msgs/cmake/export_nav2_msgs__rosidl_generator_pyExport.cmake
[5.004s] -- Up-to-date: /home/huuhoa/hospital_robot/install/nav2_msgs/share/nav2_msgs/cmake/export_nav2_msgs__rosidl_generator_pyExport-release.cmake
[5.014s] Invoked command in '/home/huuhoa/hospital_robot/build/nav2_msgs' returned '0': AMENT_PREFIX_PATH=/home/huuhoa/hospital_robot/install/nav2_common:${AMENT_PREFIX_PATH} CMAKE_PREFIX_PATH=/home/huuhoa/hospital_robot/install/nav2_common:/opt/ros/humble PYTHONPATH=/home/huuhoa/hospital_robot/install/nav2_common/local/lib/python3.10/dist-packages:${PYTHONPATH} /usr/bin/cmake --install /home/huuhoa/hospital_robot/build/nav2_msgs
