[0.056s] Invoking command in '/home/huuhoa/hospital_robot/build/nav2_behavior_tree': AMENT_PREFIX_PATH=/home/huuhoa/hospital_robot/install/nav2_util:/home/huuhoa/hospital_robot/install/nav2_msgs:/home/huuhoa/hospital_robot/install/nav2_common:${AMENT_PREFIX_PATH} CMAKE_PREFIX_PATH=/home/huuhoa/hospital_robot/install/nav2_util:/home/huuhoa/hospital_robot/install/nav2_msgs:/home/huuhoa/hospital_robot/install/nav2_common:/opt/ros/humble LD_LIBRARY_PATH=/home/huuhoa/hospital_robot/install/nav2_util/lib:/home/huuhoa/hospital_robot/install/nav2_msgs/lib:${LD_LIBRARY_PATH} PYTHONPATH=/home/huuhoa/hospital_robot/install/nav2_msgs/local/lib/python3.10/dist-packages:/home/huuhoa/hospital_robot/install/nav2_common/local/lib/python3.10/dist-packages:${PYTHONPATH} /usr/bin/cmake --build /home/huuhoa/hospital_robot/build/nav2_behavior_tree -- -j2 -l2
[0.244s] [  1%] Built target nav2_compute_path_to_pose_action_bt_node
[0.252s] [  2%] Built target nav2_behavior_tree
[0.326s] [  3%] Built target nav2_compute_path_through_poses_action_bt_node
[0.333s] [  4%] Built target nav2_controller_cancel_bt_node
[0.400s] [  5%] Built target nav2_spin_cancel_bt_node
[0.418s] [  6%] Built target nav2_wait_cancel_bt_node
[0.469s] [  7%] Built target nav2_back_up_cancel_bt_node
[0.482s] [  8%] Built target nav2_assisted_teleop_cancel_bt_node
[0.567s] [  9%] Built target nav2_drive_on_heading_cancel_bt_node
[0.579s] [  9%] Built target nav2_smooth_path_action_bt_node
[0.652s] [ 10%] Built target nav2_follow_path_action_bt_node
[0.668s] [ 11%] Built target nav2_back_up_action_bt_node
[0.772s] [ 12%] Built target nav2_spin_action_bt_node
[0.775s] [ 13%] Built target nav2_drive_on_heading_bt_node
[0.868s] [ 14%] Built target nav2_assisted_teleop_action_bt_node
[0.871s] [ 15%] Built target nav2_wait_action_bt_node
[0.954s] [ 16%] Built target nav2_clear_costmap_service_bt_node
[0.978s] [ 17%] Built target nav2_is_stuck_condition_bt_node
[1.059s] [ 18%] Built target nav2_transform_available_condition_bt_node
[1.073s] [ 19%] Built target nav2_goal_reached_condition_bt_node
[1.145s] [ 20%] Built target nav2_globally_updated_goal_condition_bt_node
[1.155s] [ 20%] Built target nav2_goal_updated_condition_bt_node
[1.235s] [ 21%] Built target nav2_time_expired_condition_bt_node
[1.245s] [ 22%] Built target nav2_is_path_valid_condition_bt_node
[1.332s] [ 23%] Built target nav2_distance_traveled_condition_bt_node
[1.335s] [ 24%] Built target nav2_path_expiring_timer_condition
[1.413s] [ 25%] Built target nav2_initial_pose_received_condition_bt_node
[1.457s] [ 26%] Built target nav2_is_battery_charging_condition_bt_node
[1.495s] [ 27%] Built target nav2_is_battery_low_condition_bt_node
[1.547s] [ 28%] Built target nav2_reinitialize_global_localization_service_bt_node
[1.586s] [ 29%] Built target nav2_rate_controller_bt_node
[1.657s] [ 30%] Built target nav2_distance_controller_bt_node
[1.661s] [ 31%] Built target nav2_speed_controller_bt_node
[1.744s] [ 32%] Built target nav2_truncate_path_local_action_bt_node
[1.753s] [ 33%] Built target nav2_truncate_path_action_bt_node
[1.843s] [ 34%] Built target nav2_goal_updater_node_bt_node
[1.861s] [ 35%] Built target nav2_path_longer_on_approach_bt_node
[1.922s] [ 36%] Built target nav2_recovery_node_bt_node
[1.947s] [ 37%] Built target nav2_navigate_to_pose_action_bt_node
[2.008s] [ 38%] Built target nav2_navigate_through_poses_action_bt_node
[2.035s] [ 39%] Built target nav2_remove_passed_goals_action_bt_node
[2.074s] [ 40%] Built target nav2_get_pose_from_path_action_bt_node
[2.122s] [ 41%] Built target nav2_pipeline_sequence_bt_node
[2.140s] [ 42%] Built target nav2_round_robin_node_bt_node
[2.190s] [ 43%] Built target nav2_single_trigger_bt_node
[2.212s] [ 44%] Built target nav2_planner_selector_bt_node
[2.256s] [ 45%] Built target nav2_controller_selector_bt_node
[2.299s] [ 46%] Built target nav2_smoother_selector_bt_node
[2.348s] [ 47%] Built target nav2_goal_checker_selector_bt_node
[2.404s] [ 48%] Built target nav2_progress_checker_selector_bt_node
[2.404s] [ 49%] Built target nav2_goal_updated_controller_bt_node
[2.461s] [ 49%] Built target gtest
[2.466s] [ 50%] Built target gtest_main
[2.546s] [ 51%] Built target test_bt_conversions
[2.546s] [ 52%] Built target test_condition_distance_traveled
[2.616s] [ 52%] Built target test_condition_time_expired
[2.626s] [ 53%] Built target test_condition_path_expiring_timer
[2.701s] [ 54%] Built target test_condition_goal_updated
[2.725s] [ 55%] Built target test_condition_goal_reached
[2.780s] [ 56%] Built target test_condition_globally_updated_goal
[2.809s] [ 57%] Built target test_condition_initial_pose_received
[2.871s] [ 58%] Built target test_condition_transform_available
[2.888s] [ 59%] Built target test_condition_is_stuck
[2.939s] [ 60%] Built target test_condition_is_battery_charging
[2.956s] [ 61%] Built target test_condition_is_battery_low
[3.007s] [ 62%] Built target test_condition_is_path_valid
[3.073s] [ 63%] Built target test_decorator_distance_controller
[3.090s] [ 64%] Built target test_decorator_speed_controller
[3.157s] [ 65%] Built target test_decorator_rate_controller
[3.170s] [ 66%] Built target test_goal_updater_node
[3.242s] [ 67%] Built target test_goal_updated_controller
[3.242s] [ 68%] Built target test_single_trigger_node
[3.315s] [ 70%] Built target test_control_recovery_node
[3.315s] [ 70%] Built target test_decorator_path_longer_on_approach
[3.406s] [ 71%] Built target test_control_pipeline_sequence
[3.443s] [ 72%] Built target test_control_round_robin_node
[3.502s] [ 73%] Built target test_bt_action_node
[3.547s] [ 74%] Built target test_action_spin_action
[3.596s] [ 75%] Built target test_action_back_up_action
[3.633s] [ 76%] Built target test_action_drive_on_heading
[3.685s] [ 77%] Built target test_action_wait_action
[3.710s] [ 78%] Built target test_action_assisted_teleop_action
[3.743s] [ 79%] Built target test_action_controller_cancel_action
[3.816s] [ 81%] Built target test_action_wait_cancel_action
[3.820s] [ 81%] Built target test_action_spin_cancel_action
[3.894s] [ 82%] Built target test_action_assisted_teleop_cancel_action
[3.896s] [ 83%] Built target test_action_back_up_cancel_action
[3.966s] [ 84%] Built target test_action_clear_costmap_service
[3.969s] [ 85%] Built target test_action_drive_on_heading_cancel_action
[4.036s] [ 86%] Built target test_action_reinitialize_global_localization_service
[4.041s] [ 87%] Built target test_action_compute_path_to_pose_action
[4.120s] [ 88%] Built target test_action_compute_path_through_poses_action
[4.130s] [ 89%] Built target test_action_smooth_path_action
[4.203s] [ 89%] Built target test_action_follow_path_action
[4.222s] [ 90%] Built target test_action_navigate_to_pose_action
[4.292s] [ 91%] Built target test_action_navigate_through_poses_action
[4.310s] [ 92%] Built target test_truncate_path_action
[4.395s] [ 93%] Built target test_remove_passed_goals_action
[4.405s] [ 94%] Built target test_truncate_path_local_action
[4.503s] [ 95%] Built target test_planner_selector_node
[4.503s] [ 96%] Built target test_get_pose_from_path_action
[4.586s] [ 97%] Built target test_controller_selector_node
[4.594s] [ 98%] Built target test_smoother_selector_node
[4.659s] [ 99%] Built target test_progress_checker_selector_node
[4.664s] [100%] Built target test_goal_checker_selector_node
[4.679s] Invoked command in '/home/huuhoa/hospital_robot/build/nav2_behavior_tree' returned '0': AMENT_PREFIX_PATH=/home/huuhoa/hospital_robot/install/nav2_util:/home/huuhoa/hospital_robot/install/nav2_msgs:/home/huuhoa/hospital_robot/install/nav2_common:${AMENT_PREFIX_PATH} CMAKE_PREFIX_PATH=/home/huuhoa/hospital_robot/install/nav2_util:/home/huuhoa/hospital_robot/install/nav2_msgs:/home/huuhoa/hospital_robot/install/nav2_common:/opt/ros/humble LD_LIBRARY_PATH=/home/huuhoa/hospital_robot/install/nav2_util/lib:/home/huuhoa/hospital_robot/install/nav2_msgs/lib:${LD_LIBRARY_PATH} PYTHONPATH=/home/huuhoa/hospital_robot/install/nav2_msgs/local/lib/python3.10/dist-packages:/home/huuhoa/hospital_robot/install/nav2_common/local/lib/python3.10/dist-packages:${PYTHONPATH} /usr/bin/cmake --build /home/huuhoa/hospital_robot/build/nav2_behavior_tree -- -j2 -l2
[4.688s] Invoking command in '/home/huuhoa/hospital_robot/build/nav2_behavior_tree': AMENT_PREFIX_PATH=/home/huuhoa/hospital_robot/install/nav2_util:/home/huuhoa/hospital_robot/install/nav2_msgs:/home/huuhoa/hospital_robot/install/nav2_common:${AMENT_PREFIX_PATH} CMAKE_PREFIX_PATH=/home/huuhoa/hospital_robot/install/nav2_util:/home/huuhoa/hospital_robot/install/nav2_msgs:/home/huuhoa/hospital_robot/install/nav2_common:/opt/ros/humble LD_LIBRARY_PATH=/home/huuhoa/hospital_robot/install/nav2_util/lib:/home/huuhoa/hospital_robot/install/nav2_msgs/lib:${LD_LIBRARY_PATH} PYTHONPATH=/home/huuhoa/hospital_robot/install/nav2_msgs/local/lib/python3.10/dist-packages:/home/huuhoa/hospital_robot/install/nav2_common/local/lib/python3.10/dist-packages:${PYTHONPATH} /usr/bin/cmake --install /home/huuhoa/hospital_robot/build/nav2_behavior_tree
[4.699s] -- Install configuration: "Release"
[4.701s] -- Execute custom install script
[4.705s] -- Up-to-date symlink: /home/huuhoa/hospital_robot/install/nav2_behavior_tree/lib/libnav2_behavior_tree.so
[4.706s] -- Up-to-date symlink: /home/huuhoa/hospital_robot/install/nav2_behavior_tree/lib/libnav2_compute_path_to_pose_action_bt_node.so
[4.706s] -- Up-to-date symlink: /home/huuhoa/hospital_robot/install/nav2_behavior_tree/lib/libnav2_compute_path_through_poses_action_bt_node.so
[4.707s] -- Up-to-date symlink: /home/huuhoa/hospital_robot/install/nav2_behavior_tree/lib/libnav2_controller_cancel_bt_node.so
[4.708s] -- Up-to-date symlink: /home/huuhoa/hospital_robot/install/nav2_behavior_tree/lib/libnav2_wait_cancel_bt_node.so
[4.710s] -- Up-to-date symlink: /home/huuhoa/hospital_robot/install/nav2_behavior_tree/lib/libnav2_spin_cancel_bt_node.so
[4.711s] -- Up-to-date symlink: /home/huuhoa/hospital_robot/install/nav2_behavior_tree/lib/libnav2_back_up_cancel_bt_node.so
[4.712s] -- Up-to-date symlink: /home/huuhoa/hospital_robot/install/nav2_behavior_tree/lib/libnav2_assisted_teleop_cancel_bt_node.so
[4.713s] -- Up-to-date symlink: /home/huuhoa/hospital_robot/install/nav2_behavior_tree/lib/libnav2_drive_on_heading_cancel_bt_node.so
[4.714s] -- Up-to-date symlink: /home/huuhoa/hospital_robot/install/nav2_behavior_tree/lib/libnav2_smooth_path_action_bt_node.so
[4.715s] -- Up-to-date symlink: /home/huuhoa/hospital_robot/install/nav2_behavior_tree/lib/libnav2_follow_path_action_bt_node.so
[4.716s] -- Up-to-date symlink: /home/huuhoa/hospital_robot/install/nav2_behavior_tree/lib/libnav2_back_up_action_bt_node.so
[4.717s] -- Up-to-date symlink: /home/huuhoa/hospital_robot/install/nav2_behavior_tree/lib/libnav2_drive_on_heading_bt_node.so
[4.718s] -- Up-to-date symlink: /home/huuhoa/hospital_robot/install/nav2_behavior_tree/lib/libnav2_spin_action_bt_node.so
[4.719s] -- Up-to-date symlink: /home/huuhoa/hospital_robot/install/nav2_behavior_tree/lib/libnav2_wait_action_bt_node.so
[4.720s] -- Up-to-date symlink: /home/huuhoa/hospital_robot/install/nav2_behavior_tree/lib/libnav2_assisted_teleop_action_bt_node.so
[4.721s] -- Up-to-date symlink: /home/huuhoa/hospital_robot/install/nav2_behavior_tree/lib/libnav2_clear_costmap_service_bt_node.so
[4.722s] -- Up-to-date symlink: /home/huuhoa/hospital_robot/install/nav2_behavior_tree/lib/libnav2_is_stuck_condition_bt_node.so
[4.722s] -- Up-to-date symlink: /home/huuhoa/hospital_robot/install/nav2_behavior_tree/lib/libnav2_transform_available_condition_bt_node.so
[4.724s] -- Up-to-date symlink: /home/huuhoa/hospital_robot/install/nav2_behavior_tree/lib/libnav2_goal_reached_condition_bt_node.so
[4.724s] -- Up-to-date symlink: /home/huuhoa/hospital_robot/install/nav2_behavior_tree/lib/libnav2_globally_updated_goal_condition_bt_node.so
[4.727s] -- Up-to-date symlink: /home/huuhoa/hospital_robot/install/nav2_behavior_tree/lib/libnav2_goal_updated_condition_bt_node.so
[4.729s] -- Up-to-date symlink: /home/huuhoa/hospital_robot/install/nav2_behavior_tree/lib/libnav2_is_path_valid_condition_bt_node.so
[4.731s] -- Up-to-date symlink: /home/huuhoa/hospital_robot/install/nav2_behavior_tree/lib/libnav2_time_expired_condition_bt_node.so
[4.736s] -- Up-to-date symlink: /home/huuhoa/hospital_robot/install/nav2_behavior_tree/lib/libnav2_path_expiring_timer_condition.so
[4.736s] -- Up-to-date symlink: /home/huuhoa/hospital_robot/install/nav2_behavior_tree/lib/libnav2_distance_traveled_condition_bt_node.so
[4.736s] -- Up-to-date symlink: /home/huuhoa/hospital_robot/install/nav2_behavior_tree/lib/libnav2_initial_pose_received_condition_bt_node.so
[4.738s] -- Up-to-date symlink: /home/huuhoa/hospital_robot/install/nav2_behavior_tree/lib/libnav2_is_battery_charging_condition_bt_node.so
[4.738s] -- Up-to-date symlink: /home/huuhoa/hospital_robot/install/nav2_behavior_tree/lib/libnav2_is_battery_low_condition_bt_node.so
[4.738s] -- Up-to-date symlink: /home/huuhoa/hospital_robot/install/nav2_behavior_tree/lib/libnav2_reinitialize_global_localization_service_bt_node.so
[4.739s] -- Up-to-date symlink: /home/huuhoa/hospital_robot/install/nav2_behavior_tree/lib/libnav2_rate_controller_bt_node.so
[4.739s] -- Up-to-date symlink: /home/huuhoa/hospital_robot/install/nav2_behavior_tree/lib/libnav2_distance_controller_bt_node.so
[4.739s] -- Up-to-date symlink: /home/huuhoa/hospital_robot/install/nav2_behavior_tree/lib/libnav2_speed_controller_bt_node.so
[4.741s] -- Up-to-date symlink: /home/huuhoa/hospital_robot/install/nav2_behavior_tree/lib/libnav2_truncate_path_action_bt_node.so
[4.744s] -- Up-to-date symlink: /home/huuhoa/hospital_robot/install/nav2_behavior_tree/lib/libnav2_truncate_path_local_action_bt_node.so
[4.745s] -- Up-to-date symlink: /home/huuhoa/hospital_robot/install/nav2_behavior_tree/lib/libnav2_goal_updater_node_bt_node.so
[4.747s] -- Up-to-date symlink: /home/huuhoa/hospital_robot/install/nav2_behavior_tree/lib/libnav2_path_longer_on_approach_bt_node.so
[4.747s] -- Up-to-date symlink: /home/huuhoa/hospital_robot/install/nav2_behavior_tree/lib/libnav2_recovery_node_bt_node.so
[4.749s] -- Up-to-date symlink: /home/huuhoa/hospital_robot/install/nav2_behavior_tree/lib/libnav2_navigate_to_pose_action_bt_node.so
[4.750s] -- Up-to-date symlink: /home/huuhoa/hospital_robot/install/nav2_behavior_tree/lib/libnav2_navigate_through_poses_action_bt_node.so
[4.750s] -- Up-to-date symlink: /home/huuhoa/hospital_robot/install/nav2_behavior_tree/lib/libnav2_remove_passed_goals_action_bt_node.so
[4.752s] -- Up-to-date symlink: /home/huuhoa/hospital_robot/install/nav2_behavior_tree/lib/libnav2_get_pose_from_path_action_bt_node.so
[4.753s] -- Up-to-date symlink: /home/huuhoa/hospital_robot/install/nav2_behavior_tree/lib/libnav2_pipeline_sequence_bt_node.so
[4.757s] -- Up-to-date symlink: /home/huuhoa/hospital_robot/install/nav2_behavior_tree/lib/libnav2_round_robin_node_bt_node.so
[4.757s] -- Up-to-date symlink: /home/huuhoa/hospital_robot/install/nav2_behavior_tree/lib/libnav2_single_trigger_bt_node.so
[4.758s] -- Up-to-date symlink: /home/huuhoa/hospital_robot/install/nav2_behavior_tree/lib/libnav2_planner_selector_bt_node.so
[4.759s] -- Up-to-date symlink: /home/huuhoa/hospital_robot/install/nav2_behavior_tree/lib/libnav2_controller_selector_bt_node.so
[4.761s] -- Up-to-date symlink: /home/huuhoa/hospital_robot/install/nav2_behavior_tree/lib/libnav2_smoother_selector_bt_node.so
[4.763s] -- Up-to-date symlink: /home/huuhoa/hospital_robot/install/nav2_behavior_tree/lib/libnav2_goal_checker_selector_bt_node.so
[4.763s] -- Up-to-date symlink: /home/huuhoa/hospital_robot/install/nav2_behavior_tree/lib/libnav2_progress_checker_selector_bt_node.so
[4.766s] -- Up-to-date symlink: /home/huuhoa/hospital_robot/install/nav2_behavior_tree/lib/libnav2_goal_updated_controller_bt_node.so
[4.769s] -- Up-to-date symlink: /home/huuhoa/hospital_robot/install/nav2_behavior_tree/include//nav2_behavior_tree/behavior_tree_engine.hpp
[4.771s] -- Up-to-date symlink: /home/huuhoa/hospital_robot/install/nav2_behavior_tree/include//nav2_behavior_tree/bt_action_node.hpp
[4.772s] -- Up-to-date symlink: /home/huuhoa/hospital_robot/install/nav2_behavior_tree/include//nav2_behavior_tree/bt_action_server.hpp
[4.772s] -- Up-to-date symlink: /home/huuhoa/hospital_robot/install/nav2_behavior_tree/include//nav2_behavior_tree/bt_action_server_impl.hpp
[4.773s] -- Up-to-date symlink: /home/huuhoa/hospital_robot/install/nav2_behavior_tree/include//nav2_behavior_tree/bt_cancel_action_node.hpp
[4.774s] -- Up-to-date symlink: /home/huuhoa/hospital_robot/install/nav2_behavior_tree/include//nav2_behavior_tree/bt_conversions.hpp
[4.775s] -- Up-to-date symlink: /home/huuhoa/hospital_robot/install/nav2_behavior_tree/include//nav2_behavior_tree/bt_service_node.hpp
[4.777s] -- Up-to-date symlink: /home/huuhoa/hospital_robot/install/nav2_behavior_tree/include//nav2_behavior_tree/plugins/action/assisted_teleop_action.hpp
[4.779s] -- Up-to-date symlink: /home/huuhoa/hospital_robot/install/nav2_behavior_tree/include//nav2_behavior_tree/plugins/action/assisted_teleop_cancel_node.hpp
[4.780s] -- Up-to-date symlink: /home/huuhoa/hospital_robot/install/nav2_behavior_tree/include//nav2_behavior_tree/plugins/action/back_up_action.hpp
[4.780s] -- Up-to-date symlink: /home/huuhoa/hospital_robot/install/nav2_behavior_tree/include//nav2_behavior_tree/plugins/action/back_up_cancel_node.hpp
[4.781s] -- Up-to-date symlink: /home/huuhoa/hospital_robot/install/nav2_behavior_tree/include//nav2_behavior_tree/plugins/action/clear_costmap_service.hpp
[4.782s] -- Up-to-date symlink: /home/huuhoa/hospital_robot/install/nav2_behavior_tree/include//nav2_behavior_tree/plugins/action/compute_path_through_poses_action.hpp
[4.784s] -- Up-to-date symlink: /home/huuhoa/hospital_robot/install/nav2_behavior_tree/include//nav2_behavior_tree/plugins/action/compute_path_to_pose_action.hpp
[4.785s] -- Up-to-date symlink: /home/huuhoa/hospital_robot/install/nav2_behavior_tree/include//nav2_behavior_tree/plugins/action/controller_cancel_node.hpp
[4.786s] -- Up-to-date symlink: /home/huuhoa/hospital_robot/install/nav2_behavior_tree/include//nav2_behavior_tree/plugins/action/controller_selector_node.hpp
[4.787s] -- Up-to-date symlink: /home/huuhoa/hospital_robot/install/nav2_behavior_tree/include//nav2_behavior_tree/plugins/action/drive_on_heading_action.hpp
[4.788s] -- Up-to-date symlink: /home/huuhoa/hospital_robot/install/nav2_behavior_tree/include//nav2_behavior_tree/plugins/action/drive_on_heading_cancel_node.hpp
[4.789s] -- Up-to-date symlink: /home/huuhoa/hospital_robot/install/nav2_behavior_tree/include//nav2_behavior_tree/plugins/action/follow_path_action.hpp
[4.789s] -- Up-to-date symlink: /home/huuhoa/hospital_robot/install/nav2_behavior_tree/include//nav2_behavior_tree/plugins/action/get_pose_from_path_action.hpp
[4.790s] -- Up-to-date symlink: /home/huuhoa/hospital_robot/install/nav2_behavior_tree/include//nav2_behavior_tree/plugins/action/goal_checker_selector_node.hpp
[4.792s] -- Up-to-date symlink: /home/huuhoa/hospital_robot/install/nav2_behavior_tree/include//nav2_behavior_tree/plugins/action/navigate_through_poses_action.hpp
[4.793s] -- Up-to-date symlink: /home/huuhoa/hospital_robot/install/nav2_behavior_tree/include//nav2_behavior_tree/plugins/action/navigate_to_pose_action.hpp
[4.794s] -- Up-to-date symlink: /home/huuhoa/hospital_robot/install/nav2_behavior_tree/include//nav2_behavior_tree/plugins/action/planner_selector_node.hpp
[4.795s] -- Up-to-date symlink: /home/huuhoa/hospital_robot/install/nav2_behavior_tree/include//nav2_behavior_tree/plugins/action/progress_checker_selector_node.hpp
[4.797s] -- Up-to-date symlink: /home/huuhoa/hospital_robot/install/nav2_behavior_tree/include//nav2_behavior_tree/plugins/action/reinitialize_global_localization_service.hpp
[4.797s] -- Up-to-date symlink: /home/huuhoa/hospital_robot/install/nav2_behavior_tree/include//nav2_behavior_tree/plugins/action/remove_passed_goals_action.hpp
[4.798s] -- Up-to-date symlink: /home/huuhoa/hospital_robot/install/nav2_behavior_tree/include//nav2_behavior_tree/plugins/action/smooth_path_action.hpp
[4.798s] -- Up-to-date symlink: /home/huuhoa/hospital_robot/install/nav2_behavior_tree/include//nav2_behavior_tree/plugins/action/smoother_selector_node.hpp
[4.800s] -- Up-to-date symlink: /home/huuhoa/hospital_robot/install/nav2_behavior_tree/include//nav2_behavior_tree/plugins/action/spin_action.hpp
[4.801s] -- Up-to-date symlink: /home/huuhoa/hospital_robot/install/nav2_behavior_tree/include//nav2_behavior_tree/plugins/action/spin_cancel_node.hpp
[4.801s] -- Up-to-date symlink: /home/huuhoa/hospital_robot/install/nav2_behavior_tree/include//nav2_behavior_tree/plugins/action/truncate_path_action.hpp
[4.803s] -- Up-to-date symlink: /home/huuhoa/hospital_robot/install/nav2_behavior_tree/include//nav2_behavior_tree/plugins/action/truncate_path_local_action.hpp
[4.803s] -- Up-to-date symlink: /home/huuhoa/hospital_robot/install/nav2_behavior_tree/include//nav2_behavior_tree/plugins/action/wait_action.hpp
[4.803s] -- Up-to-date symlink: /home/huuhoa/hospital_robot/install/nav2_behavior_tree/include//nav2_behavior_tree/plugins/action/wait_cancel_node.hpp
[4.804s] -- Up-to-date symlink: /home/huuhoa/hospital_robot/install/nav2_behavior_tree/include//nav2_behavior_tree/plugins/condition/distance_traveled_condition.hpp
[4.805s] -- Up-to-date symlink: /home/huuhoa/hospital_robot/install/nav2_behavior_tree/include//nav2_behavior_tree/plugins/condition/globally_updated_goal_condition.hpp
[4.806s] -- Up-to-date symlink: /home/huuhoa/hospital_robot/install/nav2_behavior_tree/include//nav2_behavior_tree/plugins/condition/goal_reached_condition.hpp
[4.807s] -- Up-to-date symlink: /home/huuhoa/hospital_robot/install/nav2_behavior_tree/include//nav2_behavior_tree/plugins/condition/goal_updated_condition.hpp
[4.807s] -- Up-to-date symlink: /home/huuhoa/hospital_robot/install/nav2_behavior_tree/include//nav2_behavior_tree/plugins/condition/initial_pose_received_condition.hpp
[4.808s] -- Up-to-date symlink: /home/huuhoa/hospital_robot/install/nav2_behavior_tree/include//nav2_behavior_tree/plugins/condition/is_battery_charging_condition.hpp
[4.809s] -- Up-to-date symlink: /home/huuhoa/hospital_robot/install/nav2_behavior_tree/include//nav2_behavior_tree/plugins/condition/is_battery_low_condition.hpp
[4.810s] -- Up-to-date symlink: /home/huuhoa/hospital_robot/install/nav2_behavior_tree/include//nav2_behavior_tree/plugins/condition/is_path_valid_condition.hpp
[4.811s] -- Up-to-date symlink: /home/huuhoa/hospital_robot/install/nav2_behavior_tree/include//nav2_behavior_tree/plugins/condition/is_stuck_condition.hpp
[4.812s] -- Up-to-date symlink: /home/huuhoa/hospital_robot/install/nav2_behavior_tree/include//nav2_behavior_tree/plugins/condition/path_expiring_timer_condition.hpp
[4.812s] -- Up-to-date symlink: /home/huuhoa/hospital_robot/install/nav2_behavior_tree/include//nav2_behavior_tree/plugins/condition/time_expired_condition.hpp
[4.814s] -- Up-to-date symlink: /home/huuhoa/hospital_robot/install/nav2_behavior_tree/include//nav2_behavior_tree/plugins/condition/transform_available_condition.hpp
[4.815s] -- Up-to-date symlink: /home/huuhoa/hospital_robot/install/nav2_behavior_tree/include//nav2_behavior_tree/plugins/control/pipeline_sequence.hpp
[4.815s] -- Up-to-date symlink: /home/huuhoa/hospital_robot/install/nav2_behavior_tree/include//nav2_behavior_tree/plugins/control/recovery_node.hpp
[4.816s] -- Up-to-date symlink: /home/huuhoa/hospital_robot/install/nav2_behavior_tree/include//nav2_behavior_tree/plugins/control/round_robin_node.hpp
[4.817s] -- Up-to-date symlink: /home/huuhoa/hospital_robot/install/nav2_behavior_tree/include//nav2_behavior_tree/plugins/decorator/distance_controller.hpp
[4.819s] -- Up-to-date symlink: /home/huuhoa/hospital_robot/install/nav2_behavior_tree/include//nav2_behavior_tree/plugins/decorator/goal_updated_controller.hpp
[4.819s] -- Up-to-date symlink: /home/huuhoa/hospital_robot/install/nav2_behavior_tree/include//nav2_behavior_tree/plugins/decorator/goal_updater_node.hpp
[4.820s] -- Up-to-date symlink: /home/huuhoa/hospital_robot/install/nav2_behavior_tree/include//nav2_behavior_tree/plugins/decorator/path_longer_on_approach.hpp
[4.821s] -- Up-to-date symlink: /home/huuhoa/hospital_robot/install/nav2_behavior_tree/include//nav2_behavior_tree/plugins/decorator/rate_controller.hpp
[4.822s] -- Up-to-date symlink: /home/huuhoa/hospital_robot/install/nav2_behavior_tree/include//nav2_behavior_tree/plugins/decorator/single_trigger_node.hpp
[4.823s] -- Up-to-date symlink: /home/huuhoa/hospital_robot/install/nav2_behavior_tree/include//nav2_behavior_tree/plugins/decorator/speed_controller.hpp
[4.824s] -- Up-to-date symlink: /home/huuhoa/hospital_robot/install/nav2_behavior_tree/include//nav2_behavior_tree/ros_topic_logger.hpp
[4.827s] -- Up-to-date symlink: /home/huuhoa/hospital_robot/install/nav2_behavior_tree/share/nav2_behavior_tree/nav2_tree_nodes.xml
[4.829s] -- Up-to-date symlink: /home/huuhoa/hospital_robot/install/nav2_behavior_tree/share/nav2_behavior_tree/environment/library_path.sh
[4.830s] -- Up-to-date symlink: /home/huuhoa/hospital_robot/install/nav2_behavior_tree/share/nav2_behavior_tree/environment/library_path.dsv
[4.833s] -- Up-to-date symlink: /home/huuhoa/hospital_robot/install/nav2_behavior_tree/share/ament_index/resource_index/package_run_dependencies/nav2_behavior_tree
[4.835s] -- Up-to-date symlink: /home/huuhoa/hospital_robot/install/nav2_behavior_tree/share/ament_index/resource_index/parent_prefix_path/nav2_behavior_tree
[4.837s] -- Up-to-date symlink: /home/huuhoa/hospital_robot/install/nav2_behavior_tree/share/nav2_behavior_tree/environment/ament_prefix_path.sh
[4.838s] -- Up-to-date symlink: /home/huuhoa/hospital_robot/install/nav2_behavior_tree/share/nav2_behavior_tree/environment/ament_prefix_path.dsv
[4.839s] -- Up-to-date symlink: /home/huuhoa/hospital_robot/install/nav2_behavior_tree/share/nav2_behavior_tree/environment/path.sh
[4.840s] -- Up-to-date symlink: /home/huuhoa/hospital_robot/install/nav2_behavior_tree/share/nav2_behavior_tree/environment/path.dsv
[4.843s] -- Up-to-date symlink: /home/huuhoa/hospital_robot/install/nav2_behavior_tree/share/nav2_behavior_tree/local_setup.bash
[4.843s] -- Up-to-date symlink: /home/huuhoa/hospital_robot/install/nav2_behavior_tree/share/nav2_behavior_tree/local_setup.sh
[4.843s] -- Up-to-date symlink: /home/huuhoa/hospital_robot/install/nav2_behavior_tree/share/nav2_behavior_tree/local_setup.zsh
[4.847s] -- Up-to-date symlink: /home/huuhoa/hospital_robot/install/nav2_behavior_tree/share/nav2_behavior_tree/local_setup.dsv
[4.847s] -- Symlinking: /home/huuhoa/hospital_robot/install/nav2_behavior_tree/share/nav2_behavior_tree/package.dsv
[4.863s] -- Up-to-date symlink: /home/huuhoa/hospital_robot/install/nav2_behavior_tree/share/ament_index/resource_index/packages/nav2_behavior_tree
[4.866s] -- Up-to-date symlink: /home/huuhoa/hospital_robot/install/nav2_behavior_tree/share/nav2_behavior_tree/cmake/ament_cmake_export_include_directories-extras.cmake
[4.866s] -- Up-to-date symlink: /home/huuhoa/hospital_robot/install/nav2_behavior_tree/share/nav2_behavior_tree/cmake/ament_cmake_export_libraries-extras.cmake
[4.867s] -- Up-to-date symlink: /home/huuhoa/hospital_robot/install/nav2_behavior_tree/share/nav2_behavior_tree/cmake/ament_cmake_export_dependencies-extras.cmake
[4.868s] -- Up-to-date symlink: /home/huuhoa/hospital_robot/install/nav2_behavior_tree/share/nav2_behavior_tree/cmake/nav2_behavior_treeConfig.cmake
[4.869s] -- Up-to-date symlink: /home/huuhoa/hospital_robot/install/nav2_behavior_tree/share/nav2_behavior_tree/cmake/nav2_behavior_treeConfig-version.cmake
[4.870s] -- Up-to-date symlink: /home/huuhoa/hospital_robot/install/nav2_behavior_tree/share/nav2_behavior_tree/package.xml
[4.887s] Invoked command in '/home/huuhoa/hospital_robot/build/nav2_behavior_tree' returned '0': AMENT_PREFIX_PATH=/home/huuhoa/hospital_robot/install/nav2_util:/home/huuhoa/hospital_robot/install/nav2_msgs:/home/huuhoa/hospital_robot/install/nav2_common:${AMENT_PREFIX_PATH} CMAKE_PREFIX_PATH=/home/huuhoa/hospital_robot/install/nav2_util:/home/huuhoa/hospital_robot/install/nav2_msgs:/home/huuhoa/hospital_robot/install/nav2_common:/opt/ros/humble LD_LIBRARY_PATH=/home/huuhoa/hospital_robot/install/nav2_util/lib:/home/huuhoa/hospital_robot/install/nav2_msgs/lib:${LD_LIBRARY_PATH} PYTHONPATH=/home/huuhoa/hospital_robot/install/nav2_msgs/local/lib/python3.10/dist-packages:/home/huuhoa/hospital_robot/install/nav2_common/local/lib/python3.10/dist-packages:${PYTHONPATH} /usr/bin/cmake --install /home/huuhoa/hospital_robot/build/nav2_behavior_tree
