[0.112s] Invoking command in '/home/huuhoa/hospital_robot/build/nav2_behaviors': AMENT_PREFIX_PATH=/home/huuhoa/hospital_robot/install/nav2_core:/home/huuhoa/hospital_robot/install/nav2_costmap_2d:/home/huuhoa/hospital_robot/install/nav2_map_server:/home/huuhoa/hospital_robot/install/nav2_lifecycle_manager:/home/huuhoa/hospital_robot/install/nav2_behavior_tree:/home/huuhoa/hospital_robot/install/nav2_util:/home/huuhoa/hospital_robot/install/nav2_voxel_grid:/home/huuhoa/hospital_robot/install/nav2_msgs:/home/huuhoa/hospital_robot/install/nav2_common:/home/huuhoa/hospital_robot/install/map_msgs:${AMENT_PREFIX_PATH} CMAKE_PREFIX_PATH=/home/huuhoa/hospital_robot/install/nav2_core:/home/huuhoa/hospital_robot/install/nav2_costmap_2d:/home/huuhoa/hospital_robot/install/nav2_map_server:/home/huuhoa/hospital_robot/install/nav2_lifecycle_manager:/home/huuhoa/hospital_robot/install/nav2_behavior_tree:/home/huuhoa/hospital_robot/install/nav2_util:/home/huuhoa/hospital_robot/install/nav2_voxel_grid:/home/huuhoa/hospital_robot/install/nav2_msgs:/home/huuhoa/hospital_robot/install/nav2_common:/home/huuhoa/hospital_robot/install/map_msgs:/opt/ros/humble LD_LIBRARY_PATH=/home/huuhoa/hospital_robot/install/nav2_costmap_2d/lib:/home/huuhoa/hospital_robot/install/nav2_map_server/lib:/home/huuhoa/hospital_robot/install/nav2_lifecycle_manager/lib:/home/huuhoa/hospital_robot/install/nav2_behavior_tree/lib:/home/huuhoa/hospital_robot/install/nav2_util/lib:/home/huuhoa/hospital_robot/install/nav2_voxel_grid/lib:/home/huuhoa/hospital_robot/install/nav2_msgs/lib:/home/huuhoa/hospital_robot/install/map_msgs/lib:${LD_LIBRARY_PATH} PYTHONPATH=/home/huuhoa/hospital_robot/install/nav2_msgs/local/lib/python3.10/dist-packages:/home/huuhoa/hospital_robot/install/nav2_common/local/lib/python3.10/dist-packages:/home/huuhoa/hospital_robot/install/map_msgs/local/lib/python3.10/dist-packages:${PYTHONPATH} /usr/bin/cmake --build /home/huuhoa/hospital_robot/build/nav2_behaviors -- -j2 -l2
[0.261s] [ 10%] Built target nav2_wait_behavior
[0.271s] [ 20%] Built target nav2_spin_behavior
[0.367s] [ 30%] Built target nav2_drive_on_heading_behavior
[0.391s] [ 40%] Built target nav2_back_up_behavior
[0.452s] [ 50%] Built target behavior_server_core
[0.474s] [ 60%] Built target nav2_assisted_teleop_behavior
[0.526s] [ 70%] Built target gtest_main
[0.560s] [ 80%] Built target gtest
[0.587s] [ 90%] Built target behavior_server
[0.639s] [100%] Built target test_behaviors
[0.659s] Invoked command in '/home/huuhoa/hospital_robot/build/nav2_behaviors' returned '0': AMENT_PREFIX_PATH=/home/huuhoa/hospital_robot/install/nav2_core:/home/huuhoa/hospital_robot/install/nav2_costmap_2d:/home/huuhoa/hospital_robot/install/nav2_map_server:/home/huuhoa/hospital_robot/install/nav2_lifecycle_manager:/home/huuhoa/hospital_robot/install/nav2_behavior_tree:/home/huuhoa/hospital_robot/install/nav2_util:/home/huuhoa/hospital_robot/install/nav2_voxel_grid:/home/huuhoa/hospital_robot/install/nav2_msgs:/home/huuhoa/hospital_robot/install/nav2_common:/home/huuhoa/hospital_robot/install/map_msgs:${AMENT_PREFIX_PATH} CMAKE_PREFIX_PATH=/home/huuhoa/hospital_robot/install/nav2_core:/home/huuhoa/hospital_robot/install/nav2_costmap_2d:/home/huuhoa/hospital_robot/install/nav2_map_server:/home/huuhoa/hospital_robot/install/nav2_lifecycle_manager:/home/huuhoa/hospital_robot/install/nav2_behavior_tree:/home/huuhoa/hospital_robot/install/nav2_util:/home/huuhoa/hospital_robot/install/nav2_voxel_grid:/home/huuhoa/hospital_robot/install/nav2_msgs:/home/huuhoa/hospital_robot/install/nav2_common:/home/huuhoa/hospital_robot/install/map_msgs:/opt/ros/humble LD_LIBRARY_PATH=/home/huuhoa/hospital_robot/install/nav2_costmap_2d/lib:/home/huuhoa/hospital_robot/install/nav2_map_server/lib:/home/huuhoa/hospital_robot/install/nav2_lifecycle_manager/lib:/home/huuhoa/hospital_robot/install/nav2_behavior_tree/lib:/home/huuhoa/hospital_robot/install/nav2_util/lib:/home/huuhoa/hospital_robot/install/nav2_voxel_grid/lib:/home/huuhoa/hospital_robot/install/nav2_msgs/lib:/home/huuhoa/hospital_robot/install/map_msgs/lib:${LD_LIBRARY_PATH} PYTHONPATH=/home/huuhoa/hospital_robot/install/nav2_msgs/local/lib/python3.10/dist-packages:/home/huuhoa/hospital_robot/install/nav2_common/local/lib/python3.10/dist-packages:/home/huuhoa/hospital_robot/install/map_msgs/local/lib/python3.10/dist-packages:${PYTHONPATH} /usr/bin/cmake --build /home/huuhoa/hospital_robot/build/nav2_behaviors -- -j2 -l2
[0.666s] Invoking command in '/home/huuhoa/hospital_robot/build/nav2_behaviors': AMENT_PREFIX_PATH=/home/huuhoa/hospital_robot/install/nav2_core:/home/huuhoa/hospital_robot/install/nav2_costmap_2d:/home/huuhoa/hospital_robot/install/nav2_map_server:/home/huuhoa/hospital_robot/install/nav2_lifecycle_manager:/home/huuhoa/hospital_robot/install/nav2_behavior_tree:/home/huuhoa/hospital_robot/install/nav2_util:/home/huuhoa/hospital_robot/install/nav2_voxel_grid:/home/huuhoa/hospital_robot/install/nav2_msgs:/home/huuhoa/hospital_robot/install/nav2_common:/home/huuhoa/hospital_robot/install/map_msgs:${AMENT_PREFIX_PATH} CMAKE_PREFIX_PATH=/home/huuhoa/hospital_robot/install/nav2_core:/home/huuhoa/hospital_robot/install/nav2_costmap_2d:/home/huuhoa/hospital_robot/install/nav2_map_server:/home/huuhoa/hospital_robot/install/nav2_lifecycle_manager:/home/huuhoa/hospital_robot/install/nav2_behavior_tree:/home/huuhoa/hospital_robot/install/nav2_util:/home/huuhoa/hospital_robot/install/nav2_voxel_grid:/home/huuhoa/hospital_robot/install/nav2_msgs:/home/huuhoa/hospital_robot/install/nav2_common:/home/huuhoa/hospital_robot/install/map_msgs:/opt/ros/humble LD_LIBRARY_PATH=/home/huuhoa/hospital_robot/install/nav2_costmap_2d/lib:/home/huuhoa/hospital_robot/install/nav2_map_server/lib:/home/huuhoa/hospital_robot/install/nav2_lifecycle_manager/lib:/home/huuhoa/hospital_robot/install/nav2_behavior_tree/lib:/home/huuhoa/hospital_robot/install/nav2_util/lib:/home/huuhoa/hospital_robot/install/nav2_voxel_grid/lib:/home/huuhoa/hospital_robot/install/nav2_msgs/lib:/home/huuhoa/hospital_robot/install/map_msgs/lib:${LD_LIBRARY_PATH} PYTHONPATH=/home/huuhoa/hospital_robot/install/nav2_msgs/local/lib/python3.10/dist-packages:/home/huuhoa/hospital_robot/install/nav2_common/local/lib/python3.10/dist-packages:/home/huuhoa/hospital_robot/install/map_msgs/local/lib/python3.10/dist-packages:${PYTHONPATH} /usr/bin/cmake --install /home/huuhoa/hospital_robot/build/nav2_behaviors
[0.680s] -- Install configuration: "Release"
[0.683s] -- Execute custom install script
[0.687s] -- Up-to-date symlink: /home/huuhoa/hospital_robot/install/nav2_behaviors/share/nav2_behaviors//behavior_plugin.xml
[0.690s] -- Up-to-date symlink: /home/huuhoa/hospital_robot/install/nav2_behaviors/lib/libbehavior_server_core.so
[0.694s] -- Up-to-date symlink: /home/huuhoa/hospital_robot/install/nav2_behaviors/lib/libnav2_spin_behavior.so
[0.695s] -- Up-to-date symlink: /home/huuhoa/hospital_robot/install/nav2_behaviors/lib/libnav2_wait_behavior.so
[0.696s] -- Up-to-date symlink: /home/huuhoa/hospital_robot/install/nav2_behaviors/lib/libnav2_assisted_teleop_behavior.so
[0.696s] -- Up-to-date symlink: /home/huuhoa/hospital_robot/install/nav2_behaviors/lib/libnav2_drive_on_heading_behavior.so
[0.698s] -- Up-to-date symlink: /home/huuhoa/hospital_robot/install/nav2_behaviors/lib/libnav2_back_up_behavior.so
[0.702s] -- Up-to-date symlink: /home/huuhoa/hospital_robot/install/nav2_behaviors/lib/nav2_behaviors/behavior_server
[0.707s] -- Up-to-date symlink: /home/huuhoa/hospital_robot/install/nav2_behaviors/include//nav2_behaviors/behavior_server.hpp
[0.708s] -- Up-to-date symlink: /home/huuhoa/hospital_robot/install/nav2_behaviors/include//nav2_behaviors/plugins/assisted_teleop.hpp
[0.709s] -- Up-to-date symlink: /home/huuhoa/hospital_robot/install/nav2_behaviors/include//nav2_behaviors/plugins/back_up.hpp
[0.710s] -- Up-to-date symlink: /home/huuhoa/hospital_robot/install/nav2_behaviors/include//nav2_behaviors/plugins/drive_on_heading.hpp
[0.711s] -- Up-to-date symlink: /home/huuhoa/hospital_robot/install/nav2_behaviors/include//nav2_behaviors/plugins/spin.hpp
[0.712s] -- Up-to-date symlink: /home/huuhoa/hospital_robot/install/nav2_behaviors/include//nav2_behaviors/plugins/wait.hpp
[0.713s] -- Up-to-date symlink: /home/huuhoa/hospital_robot/install/nav2_behaviors/include//nav2_behaviors/timed_behavior.hpp
[0.713s] -- Up-to-date symlink: /home/huuhoa/hospital_robot/install/nav2_behaviors/share/nav2_behaviors/behavior_plugin.xml
[0.714s] -- Up-to-date symlink: /home/huuhoa/hospital_robot/install/nav2_behaviors/share/nav2_behaviors/plugins//assisted_teleop.cpp
[0.715s] -- Up-to-date symlink: /home/huuhoa/hospital_robot/install/nav2_behaviors/share/nav2_behaviors/plugins//back_up.cpp
[0.716s] -- Up-to-date symlink: /home/huuhoa/hospital_robot/install/nav2_behaviors/share/nav2_behaviors/plugins//drive_on_heading.cpp
[0.718s] -- Up-to-date symlink: /home/huuhoa/hospital_robot/install/nav2_behaviors/share/nav2_behaviors/plugins//spin.cpp
[0.719s] -- Up-to-date symlink: /home/huuhoa/hospital_robot/install/nav2_behaviors/share/nav2_behaviors/plugins//wait.cpp
[0.720s] -- Up-to-date symlink: /home/huuhoa/hospital_robot/install/nav2_behaviors/share/nav2_behaviors/environment/library_path.sh
[0.721s] -- Up-to-date symlink: /home/huuhoa/hospital_robot/install/nav2_behaviors/share/nav2_behaviors/environment/library_path.dsv
[0.723s] -- Up-to-date symlink: /home/huuhoa/hospital_robot/install/nav2_behaviors/share/ament_index/resource_index/package_run_dependencies/nav2_behaviors
[0.725s] -- Up-to-date symlink: /home/huuhoa/hospital_robot/install/nav2_behaviors/share/ament_index/resource_index/parent_prefix_path/nav2_behaviors
[0.726s] -- Up-to-date symlink: /home/huuhoa/hospital_robot/install/nav2_behaviors/share/nav2_behaviors/environment/ament_prefix_path.sh
[0.727s] -- Up-to-date symlink: /home/huuhoa/hospital_robot/install/nav2_behaviors/share/nav2_behaviors/environment/ament_prefix_path.dsv
[0.728s] -- Up-to-date symlink: /home/huuhoa/hospital_robot/install/nav2_behaviors/share/nav2_behaviors/environment/path.sh
[0.729s] -- Up-to-date symlink: /home/huuhoa/hospital_robot/install/nav2_behaviors/share/nav2_behaviors/environment/path.dsv
[0.730s] -- Up-to-date symlink: /home/huuhoa/hospital_robot/install/nav2_behaviors/share/nav2_behaviors/local_setup.bash
[0.731s] -- Up-to-date symlink: /home/huuhoa/hospital_robot/install/nav2_behaviors/share/nav2_behaviors/local_setup.sh
[0.732s] -- Up-to-date symlink: /home/huuhoa/hospital_robot/install/nav2_behaviors/share/nav2_behaviors/local_setup.zsh
[0.732s] -- Up-to-date symlink: /home/huuhoa/hospital_robot/install/nav2_behaviors/share/nav2_behaviors/local_setup.dsv
[0.733s] -- Symlinking: /home/huuhoa/hospital_robot/install/nav2_behaviors/share/nav2_behaviors/package.dsv
[0.748s] -- Up-to-date symlink: /home/huuhoa/hospital_robot/install/nav2_behaviors/share/ament_index/resource_index/packages/nav2_behaviors
[0.750s] -- Up-to-date symlink: /home/huuhoa/hospital_robot/install/nav2_behaviors/share/ament_index/resource_index/nav2_core__pluginlib__plugin/nav2_behaviors
[0.752s] -- Up-to-date symlink: /home/huuhoa/hospital_robot/install/nav2_behaviors/share/ament_index/resource_index/rclcpp_components/nav2_behaviors
[0.755s] -- Up-to-date symlink: /home/huuhoa/hospital_robot/install/nav2_behaviors/share/nav2_behaviors/cmake/ament_cmake_export_include_directories-extras.cmake
[0.758s] -- Up-to-date symlink: /home/huuhoa/hospital_robot/install/nav2_behaviors/share/nav2_behaviors/cmake/ament_cmake_export_libraries-extras.cmake
[0.758s] -- Up-to-date symlink: /home/huuhoa/hospital_robot/install/nav2_behaviors/share/nav2_behaviors/cmake/ament_cmake_export_dependencies-extras.cmake
[0.759s] -- Up-to-date symlink: /home/huuhoa/hospital_robot/install/nav2_behaviors/share/nav2_behaviors/cmake/nav2_behaviorsConfig.cmake
[0.759s] -- Up-to-date symlink: /home/huuhoa/hospital_robot/install/nav2_behaviors/share/nav2_behaviors/cmake/nav2_behaviorsConfig-version.cmake
[0.759s] -- Up-to-date symlink: /home/huuhoa/hospital_robot/install/nav2_behaviors/share/nav2_behaviors/package.xml
[0.784s] Invoked command in '/home/huuhoa/hospital_robot/build/nav2_behaviors' returned '0': AMENT_PREFIX_PATH=/home/huuhoa/hospital_robot/install/nav2_core:/home/huuhoa/hospital_robot/install/nav2_costmap_2d:/home/huuhoa/hospital_robot/install/nav2_map_server:/home/huuhoa/hospital_robot/install/nav2_lifecycle_manager:/home/huuhoa/hospital_robot/install/nav2_behavior_tree:/home/huuhoa/hospital_robot/install/nav2_util:/home/huuhoa/hospital_robot/install/nav2_voxel_grid:/home/huuhoa/hospital_robot/install/nav2_msgs:/home/huuhoa/hospital_robot/install/nav2_common:/home/huuhoa/hospital_robot/install/map_msgs:${AMENT_PREFIX_PATH} CMAKE_PREFIX_PATH=/home/huuhoa/hospital_robot/install/nav2_core:/home/huuhoa/hospital_robot/install/nav2_costmap_2d:/home/huuhoa/hospital_robot/install/nav2_map_server:/home/huuhoa/hospital_robot/install/nav2_lifecycle_manager:/home/huuhoa/hospital_robot/install/nav2_behavior_tree:/home/huuhoa/hospital_robot/install/nav2_util:/home/huuhoa/hospital_robot/install/nav2_voxel_grid:/home/huuhoa/hospital_robot/install/nav2_msgs:/home/huuhoa/hospital_robot/install/nav2_common:/home/huuhoa/hospital_robot/install/map_msgs:/opt/ros/humble LD_LIBRARY_PATH=/home/huuhoa/hospital_robot/install/nav2_costmap_2d/lib:/home/huuhoa/hospital_robot/install/nav2_map_server/lib:/home/huuhoa/hospital_robot/install/nav2_lifecycle_manager/lib:/home/huuhoa/hospital_robot/install/nav2_behavior_tree/lib:/home/huuhoa/hospital_robot/install/nav2_util/lib:/home/huuhoa/hospital_robot/install/nav2_voxel_grid/lib:/home/huuhoa/hospital_robot/install/nav2_msgs/lib:/home/huuhoa/hospital_robot/install/map_msgs/lib:${LD_LIBRARY_PATH} PYTHONPATH=/home/huuhoa/hospital_robot/install/nav2_msgs/local/lib/python3.10/dist-packages:/home/huuhoa/hospital_robot/install/nav2_common/local/lib/python3.10/dist-packages:/home/huuhoa/hospital_robot/install/map_msgs/local/lib/python3.10/dist-packages:${PYTHONPATH} /usr/bin/cmake --install /home/huuhoa/hospital_robot/build/nav2_behaviors
