[0.107s] Invoking command in '/home/huuhoa/hospital_robot/build/nav2_common': CMAKE_PREFIX_PATH=${CMAKE_PREFIX_PATH}:/home/huuhoa/hospital_robot/install/nav2_simple_commander:/opt/ros/humble /usr/bin/cmake /home/huuhoa/hospital_robot/src/nav2_package/navigation2/nav2_common -DAMENT_CMAKE_SYMLINK_INSTALL=1 -DCMAKE_INSTALL_PREFIX=/home/huuhoa/hospital_robot/install/nav2_common
[0.191s] -- Found ament_cmake_core: 1.3.11 (/opt/ros/humble/share/ament_cmake_core/cmake)
[0.444s] -- Found Python3: /usr/bin/python3 (found version "3.10.12") found components: Interpreter 
[0.536s] -- Override CMake install command with custom implementation using symlinks instead of copying resources
[0.538s] -- Found ament_cmake_python: 1.3.11 (/opt/ros/humble/share/ament_cmake_python/cmake)
[0.765s] -- Configuring done
[0.765s] -- Generating done
[0.768s] -- Build files have been written to: /home/huuhoa/hospital_robot/build/nav2_common
[0.784s] Invoked command in '/home/huuhoa/hospital_robot/build/nav2_common' returned '0': CMAKE_PREFIX_PATH=${CMAKE_PREFIX_PATH}:/home/huuhoa/hospital_robot/install/nav2_simple_commander:/opt/ros/humble /usr/bin/cmake /home/huuhoa/hospital_robot/src/nav2_package/navigation2/nav2_common -DAMENT_CMAKE_SYMLINK_INSTALL=1 -DCMAKE_INSTALL_PREFIX=/home/huuhoa/hospital_robot/install/nav2_common
[0.786s] Invoking command in '/home/huuhoa/hospital_robot/build/nav2_common': CMAKE_PREFIX_PATH=${CMAKE_PREFIX_PATH}:/home/huuhoa/hospital_robot/install/nav2_simple_commander:/opt/ros/humble /usr/bin/cmake --build /home/huuhoa/hospital_robot/build/nav2_common -- -j2 -l2
[0.890s] Built target ament_cmake_python_symlink_nav2_common
[1.135s] running egg_info
[1.135s] creating nav2_common.egg-info
[1.135s] writing nav2_common.egg-info/PKG-INFO
[1.135s] writing dependency_links to nav2_common.egg-info/dependency_links.txt
[1.135s] writing top-level names to nav2_common.egg-info/top_level.txt
[1.135s] writing manifest file 'nav2_common.egg-info/SOURCES.txt'
[1.136s] reading manifest file 'nav2_common.egg-info/SOURCES.txt'
[1.136s] writing manifest file 'nav2_common.egg-info/SOURCES.txt'
[1.172s] Built target ament_cmake_python_build_nav2_common_egg
[1.189s] Invoked command in '/home/huuhoa/hospital_robot/build/nav2_common' returned '0': CMAKE_PREFIX_PATH=${CMAKE_PREFIX_PATH}:/home/huuhoa/hospital_robot/install/nav2_simple_commander:/opt/ros/humble /usr/bin/cmake --build /home/huuhoa/hospital_robot/build/nav2_common -- -j2 -l2
[1.210s] Invoking command in '/home/huuhoa/hospital_robot/build/nav2_common': CMAKE_PREFIX_PATH=${CMAKE_PREFIX_PATH}:/home/huuhoa/hospital_robot/install/nav2_simple_commander:/opt/ros/humble /usr/bin/cmake --install /home/huuhoa/hospital_robot/build/nav2_common
[1.224s] -- Install configuration: ""
[1.224s] -- Execute custom install script
[1.224s] -- Symlinking: /home/huuhoa/hospital_robot/install/nav2_common/share/nav2_common/environment/pythonpath.sh
[1.237s] -- Symlinking: /home/huuhoa/hospital_robot/install/nav2_common/share/nav2_common/environment/pythonpath.dsv
[1.250s] -- Symlinking: /home/huuhoa/hospital_robot/install/nav2_common/local/lib/python3.10/dist-packages/nav2_common-1.1.18-py3.10.egg-info/PKG-INFO
[1.262s] -- Symlinking: /home/huuhoa/hospital_robot/install/nav2_common/local/lib/python3.10/dist-packages/nav2_common-1.1.18-py3.10.egg-info/SOURCES.txt
[1.275s] -- Symlinking: /home/huuhoa/hospital_robot/install/nav2_common/local/lib/python3.10/dist-packages/nav2_common-1.1.18-py3.10.egg-info/dependency_links.txt
[1.286s] -- Symlinking: /home/huuhoa/hospital_robot/install/nav2_common/local/lib/python3.10/dist-packages/nav2_common-1.1.18-py3.10.egg-info/top_level.txt
[1.302s] -- Symlinking: /home/huuhoa/hospital_robot/install/nav2_common/local/lib/python3.10/dist-packages/nav2_common/__init__.py
[1.317s] -- Symlinking: /home/huuhoa/hospital_robot/install/nav2_common/local/lib/python3.10/dist-packages/nav2_common/launch/__init__.py
[1.328s] -- Symlinking: /home/huuhoa/hospital_robot/install/nav2_common/local/lib/python3.10/dist-packages/nav2_common/launch/has_node_params.py
[1.345s] -- Symlinking: /home/huuhoa/hospital_robot/install/nav2_common/local/lib/python3.10/dist-packages/nav2_common/launch/parse_multirobot_pose.py
[1.356s] -- Symlinking: /home/huuhoa/hospital_robot/install/nav2_common/local/lib/python3.10/dist-packages/nav2_common/launch/replace_string.py
[1.367s] -- Symlinking: /home/huuhoa/hospital_robot/install/nav2_common/local/lib/python3.10/dist-packages/nav2_common/launch/rewritten_yaml.py
[1.384s] -- Symlinking: /home/huuhoa/hospital_robot/install/nav2_common/share/ament_index/resource_index/package_run_dependencies/nav2_common
[1.396s] -- Symlinking: /home/huuhoa/hospital_robot/install/nav2_common/share/ament_index/resource_index/parent_prefix_path/nav2_common
[1.413s] -- Symlinking: /home/huuhoa/hospital_robot/install/nav2_common/share/nav2_common/environment/ament_prefix_path.sh
[1.423s] -- Symlinking: /home/huuhoa/hospital_robot/install/nav2_common/share/nav2_common/environment/ament_prefix_path.dsv
[1.437s] -- Symlinking: /home/huuhoa/hospital_robot/install/nav2_common/share/nav2_common/environment/path.sh
[1.451s] -- Symlinking: /home/huuhoa/hospital_robot/install/nav2_common/share/nav2_common/environment/path.dsv
[1.464s] -- Symlinking: /home/huuhoa/hospital_robot/install/nav2_common/share/nav2_common/local_setup.bash
[1.481s] -- Symlinking: /home/huuhoa/hospital_robot/install/nav2_common/share/nav2_common/local_setup.sh
[1.493s] -- Symlinking: /home/huuhoa/hospital_robot/install/nav2_common/share/nav2_common/local_setup.zsh
[1.516s] -- Symlinking: /home/huuhoa/hospital_robot/install/nav2_common/share/nav2_common/local_setup.dsv
[1.546s] -- Symlinking: /home/huuhoa/hospital_robot/install/nav2_common/share/nav2_common/package.dsv
[1.548s] -- Symlinking: /home/huuhoa/hospital_robot/install/nav2_common/share/ament_index/resource_index/packages/nav2_common
[1.561s] -- Symlinking: /home/huuhoa/hospital_robot/install/nav2_common/share/nav2_common/cmake/nav2_common-extras.cmake
[1.576s] -- Symlinking: /home/huuhoa/hospital_robot/install/nav2_common/share/nav2_common/cmake/nav2_commonConfig.cmake
[1.596s] -- Symlinking: /home/huuhoa/hospital_robot/install/nav2_common/share/nav2_common/cmake/nav2_commonConfig-version.cmake
[1.621s] -- Symlinking: /home/huuhoa/hospital_robot/install/nav2_common/share/nav2_common/package.xml
[1.621s] -- Symlinking: /home/huuhoa/hospital_robot/install/nav2_common/share/nav2_common/cmake/nav2_package.cmake
[1.713s] Listing '/home/huuhoa/hospital_robot/install/nav2_common/local/lib/python3.10/dist-packages/nav2_common'...
[1.713s] Compiling '/home/huuhoa/hospital_robot/install/nav2_common/local/lib/python3.10/dist-packages/nav2_common/__init__.py'...
[1.713s] Listing '/home/huuhoa/hospital_robot/install/nav2_common/local/lib/python3.10/dist-packages/nav2_common/launch'...
[1.713s] Compiling '/home/huuhoa/hospital_robot/install/nav2_common/local/lib/python3.10/dist-packages/nav2_common/launch/__init__.py'...
[1.713s] Compiling '/home/huuhoa/hospital_robot/install/nav2_common/local/lib/python3.10/dist-packages/nav2_common/launch/has_node_params.py'...
[1.713s] Compiling '/home/huuhoa/hospital_robot/install/nav2_common/local/lib/python3.10/dist-packages/nav2_common/launch/parse_multirobot_pose.py'...
[1.713s] Compiling '/home/huuhoa/hospital_robot/install/nav2_common/local/lib/python3.10/dist-packages/nav2_common/launch/replace_string.py'...
[1.713s] Compiling '/home/huuhoa/hospital_robot/install/nav2_common/local/lib/python3.10/dist-packages/nav2_common/launch/rewritten_yaml.py'...
[1.724s] Invoked command in '/home/huuhoa/hospital_robot/build/nav2_common' returned '0': CMAKE_PREFIX_PATH=${CMAKE_PREFIX_PATH}:/home/huuhoa/hospital_robot/install/nav2_simple_commander:/opt/ros/humble /usr/bin/cmake --install /home/huuhoa/hospital_robot/build/nav2_common
