[0.023s] Invoking command in '/home/huuhoa/hospital_robot/build/nav_2d_msgs': CMAKE_PREFIX_PATH=/opt/ros/humble /usr/bin/cmake --build /home/huuhoa/hospital_robot/build/nav_2d_msgs -- -j2 -l2
[0.197s] [  1%] Built target nav_2d_msgs__cpp
[0.215s] [ 12%] Built target nav_2d_msgs__rosidl_generator_c
[0.306s] [ 12%] Built target ament_cmake_python_symlink_nav_2d_msgs
[0.315s] [ 23%] Built target nav_2d_msgs__rosidl_typesupport_cpp
[0.385s] [ 35%] Built target nav_2d_msgs__rosidl_typesupport_fastrtps_c
[0.410s] [ 46%] Built target nav_2d_msgs__rosidl_typesupport_fastrtps_cpp
[0.434s] [ 57%] Built target nav_2d_msgs__rosidl_typesupport_introspection_c
[0.494s] [ 69%] Built target nav_2d_msgs__rosidl_typesupport_c
[0.506s] [ 80%] Built target nav_2d_msgs__rosidl_typesupport_introspection_cpp
[0.551s] [ 80%] Built target nav_2d_msgs
[0.603s] [ 81%] Built target nav_2d_msgs__py
[0.691s] [ 91%] Built target nav_2d_msgs__rosidl_generator_py
[0.753s] [ 94%] Built target nav_2d_msgs__rosidl_typesupport_fastrtps_c__pyext
[0.795s] [ 97%] Built target nav_2d_msgs__rosidl_typesupport_introspection_c__pyext
[0.833s] [100%] Built target nav_2d_msgs__rosidl_typesupport_c__pyext
[0.874s] running egg_info
[0.879s] writing nav_2d_msgs.egg-info/PKG-INFO
[0.881s] writing dependency_links to nav_2d_msgs.egg-info/dependency_links.txt
[0.882s] writing top-level names to nav_2d_msgs.egg-info/top_level.txt
[0.884s] reading manifest file 'nav_2d_msgs.egg-info/SOURCES.txt'
[0.887s] writing manifest file 'nav_2d_msgs.egg-info/SOURCES.txt'
[0.937s] [100%] Built target ament_cmake_python_build_nav_2d_msgs_egg
[0.967s] Invoked command in '/home/huuhoa/hospital_robot/build/nav_2d_msgs' returned '0': CMAKE_PREFIX_PATH=/opt/ros/humble /usr/bin/cmake --build /home/huuhoa/hospital_robot/build/nav_2d_msgs -- -j2 -l2
[0.980s] Invoking command in '/home/huuhoa/hospital_robot/build/nav_2d_msgs': CMAKE_PREFIX_PATH=/opt/ros/humble /usr/bin/cmake --install /home/huuhoa/hospital_robot/build/nav_2d_msgs
[1.000s] -- Install configuration: ""
[1.003s] -- Execute custom install script
[1.013s] -- Up-to-date symlink: /home/huuhoa/hospital_robot/install/nav_2d_msgs/share/ament_index/resource_index/rosidl_interfaces/nav_2d_msgs
[1.022s] -- Up-to-date symlink: /home/huuhoa/hospital_robot/install/nav_2d_msgs/include/nav_2d_msgs/nav_2d_msgs/msg/detail/path2_d__functions.h
[1.025s] -- Up-to-date symlink: /home/huuhoa/hospital_robot/install/nav_2d_msgs/include/nav_2d_msgs/nav_2d_msgs/msg/detail/path2_d__struct.h
[1.026s] -- Up-to-date symlink: /home/huuhoa/hospital_robot/install/nav_2d_msgs/include/nav_2d_msgs/nav_2d_msgs/msg/detail/path2_d__type_support.h
[1.026s] -- Up-to-date symlink: /home/huuhoa/hospital_robot/install/nav_2d_msgs/include/nav_2d_msgs/nav_2d_msgs/msg/detail/pose2_d32__functions.h
[1.028s] -- Up-to-date symlink: /home/huuhoa/hospital_robot/install/nav_2d_msgs/include/nav_2d_msgs/nav_2d_msgs/msg/detail/pose2_d32__struct.h
[1.029s] -- Up-to-date symlink: /home/huuhoa/hospital_robot/install/nav_2d_msgs/include/nav_2d_msgs/nav_2d_msgs/msg/detail/pose2_d32__type_support.h
[1.031s] -- Up-to-date symlink: /home/huuhoa/hospital_robot/install/nav_2d_msgs/include/nav_2d_msgs/nav_2d_msgs/msg/detail/pose2_d_stamped__functions.h
[1.032s] -- Up-to-date symlink: /home/huuhoa/hospital_robot/install/nav_2d_msgs/include/nav_2d_msgs/nav_2d_msgs/msg/detail/pose2_d_stamped__struct.h
[1.033s] -- Up-to-date symlink: /home/huuhoa/hospital_robot/install/nav_2d_msgs/include/nav_2d_msgs/nav_2d_msgs/msg/detail/pose2_d_stamped__type_support.h
[1.033s] -- Up-to-date symlink: /home/huuhoa/hospital_robot/install/nav_2d_msgs/include/nav_2d_msgs/nav_2d_msgs/msg/detail/twist2_d32__functions.h
[1.035s] -- Up-to-date symlink: /home/huuhoa/hospital_robot/install/nav_2d_msgs/include/nav_2d_msgs/nav_2d_msgs/msg/detail/twist2_d32__struct.h
[1.038s] -- Up-to-date symlink: /home/huuhoa/hospital_robot/install/nav_2d_msgs/include/nav_2d_msgs/nav_2d_msgs/msg/detail/twist2_d32__type_support.h
[1.041s] -- Up-to-date symlink: /home/huuhoa/hospital_robot/install/nav_2d_msgs/include/nav_2d_msgs/nav_2d_msgs/msg/detail/twist2_d__functions.h
[1.041s] -- Up-to-date symlink: /home/huuhoa/hospital_robot/install/nav_2d_msgs/include/nav_2d_msgs/nav_2d_msgs/msg/detail/twist2_d__struct.h
[1.041s] -- Up-to-date symlink: /home/huuhoa/hospital_robot/install/nav_2d_msgs/include/nav_2d_msgs/nav_2d_msgs/msg/detail/twist2_d__type_support.h
[1.043s] -- Up-to-date symlink: /home/huuhoa/hospital_robot/install/nav_2d_msgs/include/nav_2d_msgs/nav_2d_msgs/msg/detail/twist2_d_stamped__functions.h
[1.043s] -- Up-to-date symlink: /home/huuhoa/hospital_robot/install/nav_2d_msgs/include/nav_2d_msgs/nav_2d_msgs/msg/detail/twist2_d_stamped__struct.h
[1.045s] -- Up-to-date symlink: /home/huuhoa/hospital_robot/install/nav_2d_msgs/include/nav_2d_msgs/nav_2d_msgs/msg/detail/twist2_d_stamped__type_support.h
[1.045s] -- Up-to-date symlink: /home/huuhoa/hospital_robot/install/nav_2d_msgs/include/nav_2d_msgs/nav_2d_msgs/msg/path2_d.h
[1.047s] -- Up-to-date symlink: /home/huuhoa/hospital_robot/install/nav_2d_msgs/include/nav_2d_msgs/nav_2d_msgs/msg/pose2_d32.h
[1.048s] -- Up-to-date symlink: /home/huuhoa/hospital_robot/install/nav_2d_msgs/include/nav_2d_msgs/nav_2d_msgs/msg/pose2_d_stamped.h
[1.048s] -- Up-to-date symlink: /home/huuhoa/hospital_robot/install/nav_2d_msgs/include/nav_2d_msgs/nav_2d_msgs/msg/rosidl_generator_c__visibility_control.h
[1.049s] -- Up-to-date symlink: /home/huuhoa/hospital_robot/install/nav_2d_msgs/include/nav_2d_msgs/nav_2d_msgs/msg/twist2_d.h
[1.050s] -- Up-to-date symlink: /home/huuhoa/hospital_robot/install/nav_2d_msgs/include/nav_2d_msgs/nav_2d_msgs/msg/twist2_d32.h
[1.050s] -- Up-to-date symlink: /home/huuhoa/hospital_robot/install/nav_2d_msgs/include/nav_2d_msgs/nav_2d_msgs/msg/twist2_d_stamped.h
[1.053s] -- Up-to-date symlink: /home/huuhoa/hospital_robot/install/nav_2d_msgs/share/nav_2d_msgs/environment/library_path.sh
[1.053s] -- Up-to-date symlink: /home/huuhoa/hospital_robot/install/nav_2d_msgs/share/nav_2d_msgs/environment/library_path.dsv
[1.055s] -- Up-to-date symlink: /home/huuhoa/hospital_robot/install/nav_2d_msgs/include/nav_2d_msgs/nav_2d_msgs/msg/detail/path2_d__rosidl_typesupport_fastrtps_c.h
[1.056s] -- Up-to-date symlink: /home/huuhoa/hospital_robot/install/nav_2d_msgs/include/nav_2d_msgs/nav_2d_msgs/msg/detail/pose2_d32__rosidl_typesupport_fastrtps_c.h
[1.057s] -- Up-to-date symlink: /home/huuhoa/hospital_robot/install/nav_2d_msgs/include/nav_2d_msgs/nav_2d_msgs/msg/detail/pose2_d_stamped__rosidl_typesupport_fastrtps_c.h
[1.058s] -- Up-to-date symlink: /home/huuhoa/hospital_robot/install/nav_2d_msgs/include/nav_2d_msgs/nav_2d_msgs/msg/detail/twist2_d32__rosidl_typesupport_fastrtps_c.h
[1.059s] -- Up-to-date symlink: /home/huuhoa/hospital_robot/install/nav_2d_msgs/include/nav_2d_msgs/nav_2d_msgs/msg/detail/twist2_d__rosidl_typesupport_fastrtps_c.h
[1.060s] -- Up-to-date symlink: /home/huuhoa/hospital_robot/install/nav_2d_msgs/include/nav_2d_msgs/nav_2d_msgs/msg/detail/twist2_d_stamped__rosidl_typesupport_fastrtps_c.h
[1.061s] -- Up-to-date symlink: /home/huuhoa/hospital_robot/install/nav_2d_msgs/include/nav_2d_msgs/nav_2d_msgs/msg/rosidl_typesupport_fastrtps_c__visibility_control.h
[1.063s] -- Up-to-date symlink: /home/huuhoa/hospital_robot/install/nav_2d_msgs/include/nav_2d_msgs/nav_2d_msgs/msg/detail/path2_d__builder.hpp
[1.064s] -- Up-to-date symlink: /home/huuhoa/hospital_robot/install/nav_2d_msgs/include/nav_2d_msgs/nav_2d_msgs/msg/detail/path2_d__struct.hpp
[1.065s] -- Up-to-date symlink: /home/huuhoa/hospital_robot/install/nav_2d_msgs/include/nav_2d_msgs/nav_2d_msgs/msg/detail/path2_d__traits.hpp
[1.065s] -- Up-to-date symlink: /home/huuhoa/hospital_robot/install/nav_2d_msgs/include/nav_2d_msgs/nav_2d_msgs/msg/detail/path2_d__type_support.hpp
[1.068s] -- Up-to-date symlink: /home/huuhoa/hospital_robot/install/nav_2d_msgs/include/nav_2d_msgs/nav_2d_msgs/msg/detail/pose2_d32__builder.hpp
[1.070s] -- Up-to-date symlink: /home/huuhoa/hospital_robot/install/nav_2d_msgs/include/nav_2d_msgs/nav_2d_msgs/msg/detail/pose2_d32__struct.hpp
[1.070s] -- Up-to-date symlink: /home/huuhoa/hospital_robot/install/nav_2d_msgs/include/nav_2d_msgs/nav_2d_msgs/msg/detail/pose2_d32__traits.hpp
[1.072s] -- Up-to-date symlink: /home/huuhoa/hospital_robot/install/nav_2d_msgs/include/nav_2d_msgs/nav_2d_msgs/msg/detail/pose2_d32__type_support.hpp
[1.074s] -- Up-to-date symlink: /home/huuhoa/hospital_robot/install/nav_2d_msgs/include/nav_2d_msgs/nav_2d_msgs/msg/detail/pose2_d_stamped__builder.hpp
[1.074s] -- Up-to-date symlink: /home/huuhoa/hospital_robot/install/nav_2d_msgs/include/nav_2d_msgs/nav_2d_msgs/msg/detail/pose2_d_stamped__struct.hpp
[1.075s] -- Up-to-date symlink: /home/huuhoa/hospital_robot/install/nav_2d_msgs/include/nav_2d_msgs/nav_2d_msgs/msg/detail/pose2_d_stamped__traits.hpp
[1.076s] -- Up-to-date symlink: /home/huuhoa/hospital_robot/install/nav_2d_msgs/include/nav_2d_msgs/nav_2d_msgs/msg/detail/pose2_d_stamped__type_support.hpp
[1.078s] -- Up-to-date symlink: /home/huuhoa/hospital_robot/install/nav_2d_msgs/include/nav_2d_msgs/nav_2d_msgs/msg/detail/twist2_d32__builder.hpp
[1.079s] -- Up-to-date symlink: /home/huuhoa/hospital_robot/install/nav_2d_msgs/include/nav_2d_msgs/nav_2d_msgs/msg/detail/twist2_d32__struct.hpp
[1.079s] -- Up-to-date symlink: /home/huuhoa/hospital_robot/install/nav_2d_msgs/include/nav_2d_msgs/nav_2d_msgs/msg/detail/twist2_d32__traits.hpp
[1.080s] -- Up-to-date symlink: /home/huuhoa/hospital_robot/install/nav_2d_msgs/include/nav_2d_msgs/nav_2d_msgs/msg/detail/twist2_d32__type_support.hpp
[1.091s] -- Up-to-date symlink: /home/huuhoa/hospital_robot/install/nav_2d_msgs/include/nav_2d_msgs/nav_2d_msgs/msg/detail/twist2_d__builder.hpp
[1.091s] -- Up-to-date symlink: /home/huuhoa/hospital_robot/install/nav_2d_msgs/include/nav_2d_msgs/nav_2d_msgs/msg/detail/twist2_d__struct.hpp
[1.092s] -- Up-to-date symlink: /home/huuhoa/hospital_robot/install/nav_2d_msgs/include/nav_2d_msgs/nav_2d_msgs/msg/detail/twist2_d__traits.hpp
[1.096s] -- Up-to-date symlink: /home/huuhoa/hospital_robot/install/nav_2d_msgs/include/nav_2d_msgs/nav_2d_msgs/msg/detail/twist2_d__type_support.hpp
[1.097s] -- Up-to-date symlink: /home/huuhoa/hospital_robot/install/nav_2d_msgs/include/nav_2d_msgs/nav_2d_msgs/msg/detail/twist2_d_stamped__builder.hpp
[1.098s] -- Up-to-date symlink: /home/huuhoa/hospital_robot/install/nav_2d_msgs/include/nav_2d_msgs/nav_2d_msgs/msg/detail/twist2_d_stamped__struct.hpp
[1.100s] -- Up-to-date symlink: /home/huuhoa/hospital_robot/install/nav_2d_msgs/include/nav_2d_msgs/nav_2d_msgs/msg/detail/twist2_d_stamped__traits.hpp
[1.114s] -- Up-to-date symlink: /home/huuhoa/hospital_robot/install/nav_2d_msgs/include/nav_2d_msgs/nav_2d_msgs/msg/detail/twist2_d_stamped__type_support.hpp
[1.114s] -- Up-to-date symlink: /home/huuhoa/hospital_robot/install/nav_2d_msgs/include/nav_2d_msgs/nav_2d_msgs/msg/path2_d.hpp
[1.115s] -- Up-to-date symlink: /home/huuhoa/hospital_robot/install/nav_2d_msgs/include/nav_2d_msgs/nav_2d_msgs/msg/pose2_d32.hpp
[1.116s] -- Up-to-date symlink: /home/huuhoa/hospital_robot/install/nav_2d_msgs/include/nav_2d_msgs/nav_2d_msgs/msg/pose2_d_stamped.hpp
[1.116s] -- Up-to-date symlink: /home/huuhoa/hospital_robot/install/nav_2d_msgs/include/nav_2d_msgs/nav_2d_msgs/msg/rosidl_generator_cpp__visibility_control.hpp
[1.119s] -- Up-to-date symlink: /home/huuhoa/hospital_robot/install/nav_2d_msgs/include/nav_2d_msgs/nav_2d_msgs/msg/twist2_d.hpp
[1.122s] -- Up-to-date symlink: /home/huuhoa/hospital_robot/install/nav_2d_msgs/include/nav_2d_msgs/nav_2d_msgs/msg/twist2_d32.hpp
[1.122s] -- Up-to-date symlink: /home/huuhoa/hospital_robot/install/nav_2d_msgs/include/nav_2d_msgs/nav_2d_msgs/msg/twist2_d_stamped.hpp
[1.127s] -- Up-to-date symlink: /home/huuhoa/hospital_robot/install/nav_2d_msgs/include/nav_2d_msgs/nav_2d_msgs/msg/detail/path2_d__rosidl_typesupport_fastrtps_cpp.hpp
[1.128s] -- Up-to-date symlink: /home/huuhoa/hospital_robot/install/nav_2d_msgs/include/nav_2d_msgs/nav_2d_msgs/msg/detail/pose2_d32__rosidl_typesupport_fastrtps_cpp.hpp
[1.128s] -- Up-to-date symlink: /home/huuhoa/hospital_robot/install/nav_2d_msgs/include/nav_2d_msgs/nav_2d_msgs/msg/detail/pose2_d_stamped__rosidl_typesupport_fastrtps_cpp.hpp
[1.128s] -- Up-to-date symlink: /home/huuhoa/hospital_robot/install/nav_2d_msgs/include/nav_2d_msgs/nav_2d_msgs/msg/detail/twist2_d32__rosidl_typesupport_fastrtps_cpp.hpp
[1.128s] -- Up-to-date symlink: /home/huuhoa/hospital_robot/install/nav_2d_msgs/include/nav_2d_msgs/nav_2d_msgs/msg/detail/twist2_d__rosidl_typesupport_fastrtps_cpp.hpp
[1.129s] -- Up-to-date symlink: /home/huuhoa/hospital_robot/install/nav_2d_msgs/include/nav_2d_msgs/nav_2d_msgs/msg/detail/twist2_d_stamped__rosidl_typesupport_fastrtps_cpp.hpp
[1.130s] -- Up-to-date symlink: /home/huuhoa/hospital_robot/install/nav_2d_msgs/include/nav_2d_msgs/nav_2d_msgs/msg/rosidl_typesupport_fastrtps_cpp__visibility_control.h
[1.137s] -- Up-to-date symlink: /home/huuhoa/hospital_robot/install/nav_2d_msgs/include/nav_2d_msgs/nav_2d_msgs/msg/detail/path2_d__rosidl_typesupport_introspection_c.h
[1.137s] -- Up-to-date symlink: /home/huuhoa/hospital_robot/install/nav_2d_msgs/include/nav_2d_msgs/nav_2d_msgs/msg/detail/pose2_d32__rosidl_typesupport_introspection_c.h
[1.137s] -- Up-to-date symlink: /home/huuhoa/hospital_robot/install/nav_2d_msgs/include/nav_2d_msgs/nav_2d_msgs/msg/detail/pose2_d_stamped__rosidl_typesupport_introspection_c.h
[1.139s] -- Up-to-date symlink: /home/huuhoa/hospital_robot/install/nav_2d_msgs/include/nav_2d_msgs/nav_2d_msgs/msg/detail/twist2_d32__rosidl_typesupport_introspection_c.h
[1.139s] -- Up-to-date symlink: /home/huuhoa/hospital_robot/install/nav_2d_msgs/include/nav_2d_msgs/nav_2d_msgs/msg/detail/twist2_d__rosidl_typesupport_introspection_c.h
[1.141s] -- Up-to-date symlink: /home/huuhoa/hospital_robot/install/nav_2d_msgs/include/nav_2d_msgs/nav_2d_msgs/msg/detail/twist2_d_stamped__rosidl_typesupport_introspection_c.h
[1.141s] -- Up-to-date symlink: /home/huuhoa/hospital_robot/install/nav_2d_msgs/include/nav_2d_msgs/nav_2d_msgs/msg/rosidl_typesupport_introspection_c__visibility_control.h
[1.143s] -- Up-to-date symlink: /home/huuhoa/hospital_robot/install/nav_2d_msgs/include/nav_2d_msgs/nav_2d_msgs/msg/detail/path2_d__rosidl_typesupport_introspection_cpp.hpp
[1.144s] -- Up-to-date symlink: /home/huuhoa/hospital_robot/install/nav_2d_msgs/include/nav_2d_msgs/nav_2d_msgs/msg/detail/pose2_d32__rosidl_typesupport_introspection_cpp.hpp
[1.145s] -- Up-to-date symlink: /home/huuhoa/hospital_robot/install/nav_2d_msgs/include/nav_2d_msgs/nav_2d_msgs/msg/detail/pose2_d_stamped__rosidl_typesupport_introspection_cpp.hpp
[1.146s] -- Up-to-date symlink: /home/huuhoa/hospital_robot/install/nav_2d_msgs/include/nav_2d_msgs/nav_2d_msgs/msg/detail/twist2_d32__rosidl_typesupport_introspection_cpp.hpp
[1.148s] -- Up-to-date symlink: /home/huuhoa/hospital_robot/install/nav_2d_msgs/include/nav_2d_msgs/nav_2d_msgs/msg/detail/twist2_d__rosidl_typesupport_introspection_cpp.hpp
[1.152s] -- Up-to-date symlink: /home/huuhoa/hospital_robot/install/nav_2d_msgs/include/nav_2d_msgs/nav_2d_msgs/msg/detail/twist2_d_stamped__rosidl_typesupport_introspection_cpp.hpp
[1.152s] -- Up-to-date symlink: /home/huuhoa/hospital_robot/install/nav_2d_msgs/share/nav_2d_msgs/environment/pythonpath.sh
[1.152s] -- Up-to-date symlink: /home/huuhoa/hospital_robot/install/nav_2d_msgs/share/nav_2d_msgs/environment/pythonpath.dsv
[1.159s] -- Up-to-date symlink: /home/huuhoa/hospital_robot/install/nav_2d_msgs/local/lib/python3.10/dist-packages/nav_2d_msgs-1.1.18-py3.10.egg-info/PKG-INFO
[1.161s] -- Up-to-date symlink: /home/huuhoa/hospital_robot/install/nav_2d_msgs/local/lib/python3.10/dist-packages/nav_2d_msgs-1.1.18-py3.10.egg-info/SOURCES.txt
[1.162s] -- Up-to-date symlink: /home/huuhoa/hospital_robot/install/nav_2d_msgs/local/lib/python3.10/dist-packages/nav_2d_msgs-1.1.18-py3.10.egg-info/dependency_links.txt
[1.162s] -- Up-to-date symlink: /home/huuhoa/hospital_robot/install/nav_2d_msgs/local/lib/python3.10/dist-packages/nav_2d_msgs-1.1.18-py3.10.egg-info/top_level.txt
[1.163s] -- Up-to-date symlink: /home/huuhoa/hospital_robot/install/nav_2d_msgs/local/lib/python3.10/dist-packages/nav_2d_msgs/__init__.py
[1.164s] -- Up-to-date symlink: /home/huuhoa/hospital_robot/install/nav_2d_msgs/local/lib/python3.10/dist-packages/nav_2d_msgs/_nav_2d_msgs_s.ep.rosidl_typesupport_c.c
[1.166s] -- Up-to-date symlink: /home/huuhoa/hospital_robot/install/nav_2d_msgs/local/lib/python3.10/dist-packages/nav_2d_msgs/_nav_2d_msgs_s.ep.rosidl_typesupport_fastrtps_c.c
[1.168s] -- Up-to-date symlink: /home/huuhoa/hospital_robot/install/nav_2d_msgs/local/lib/python3.10/dist-packages/nav_2d_msgs/_nav_2d_msgs_s.ep.rosidl_typesupport_introspection_c.c
[1.170s] -- Up-to-date symlink: /home/huuhoa/hospital_robot/install/nav_2d_msgs/local/lib/python3.10/dist-packages/nav_2d_msgs/libnav_2d_msgs__rosidl_generator_py.so
[1.171s] -- Up-to-date symlink: /home/huuhoa/hospital_robot/install/nav_2d_msgs/local/lib/python3.10/dist-packages/nav_2d_msgs/msg/__init__.py
[1.171s] -- Up-to-date symlink: /home/huuhoa/hospital_robot/install/nav_2d_msgs/local/lib/python3.10/dist-packages/nav_2d_msgs/msg/_path2_d.py
[1.172s] -- Up-to-date symlink: /home/huuhoa/hospital_robot/install/nav_2d_msgs/local/lib/python3.10/dist-packages/nav_2d_msgs/msg/_path2_d_s.c
[1.174s] -- Up-to-date symlink: /home/huuhoa/hospital_robot/install/nav_2d_msgs/local/lib/python3.10/dist-packages/nav_2d_msgs/msg/_pose2_d32.py
[1.175s] -- Up-to-date symlink: /home/huuhoa/hospital_robot/install/nav_2d_msgs/local/lib/python3.10/dist-packages/nav_2d_msgs/msg/_pose2_d32_s.c
[1.176s] -- Up-to-date symlink: /home/huuhoa/hospital_robot/install/nav_2d_msgs/local/lib/python3.10/dist-packages/nav_2d_msgs/msg/_pose2_d_stamped.py
[1.176s] -- Up-to-date symlink: /home/huuhoa/hospital_robot/install/nav_2d_msgs/local/lib/python3.10/dist-packages/nav_2d_msgs/msg/_pose2_d_stamped_s.c
[1.179s] -- Up-to-date symlink: /home/huuhoa/hospital_robot/install/nav_2d_msgs/local/lib/python3.10/dist-packages/nav_2d_msgs/msg/_twist2_d.py
[1.179s] -- Up-to-date symlink: /home/huuhoa/hospital_robot/install/nav_2d_msgs/local/lib/python3.10/dist-packages/nav_2d_msgs/msg/_twist2_d32.py
[1.180s] -- Up-to-date symlink: /home/huuhoa/hospital_robot/install/nav_2d_msgs/local/lib/python3.10/dist-packages/nav_2d_msgs/msg/_twist2_d32_s.c
[1.181s] -- Up-to-date symlink: /home/huuhoa/hospital_robot/install/nav_2d_msgs/local/lib/python3.10/dist-packages/nav_2d_msgs/msg/_twist2_d_s.c
[1.183s] -- Up-to-date symlink: /home/huuhoa/hospital_robot/install/nav_2d_msgs/local/lib/python3.10/dist-packages/nav_2d_msgs/msg/_twist2_d_stamped.py
[1.185s] -- Up-to-date symlink: /home/huuhoa/hospital_robot/install/nav_2d_msgs/local/lib/python3.10/dist-packages/nav_2d_msgs/msg/_twist2_d_stamped_s.c
[1.186s] -- Up-to-date symlink: /home/huuhoa/hospital_robot/install/nav_2d_msgs/local/lib/python3.10/dist-packages/nav_2d_msgs/nav_2d_msgs_s__rosidl_typesupport_c.cpython-310-x86_64-linux-gnu.so
[1.190s] -- Up-to-date symlink: /home/huuhoa/hospital_robot/install/nav_2d_msgs/local/lib/python3.10/dist-packages/nav_2d_msgs/nav_2d_msgs_s__rosidl_typesupport_fastrtps_c.cpython-310-x86_64-linux-gnu.so
[1.190s] -- Up-to-date symlink: /home/huuhoa/hospital_robot/install/nav_2d_msgs/local/lib/python3.10/dist-packages/nav_2d_msgs/nav_2d_msgs_s__rosidl_typesupport_introspection_c.cpython-310-x86_64-linux-gnu.so
[1.191s] -- Up-to-date symlink: /home/huuhoa/hospital_robot/install/nav_2d_msgs/local/lib/python3.10/dist-packages/nav_2d_msgs/nav_2d_msgs_s__rosidl_typesupport_fastrtps_c.cpython-310-x86_64-linux-gnu.so
[1.192s] -- Up-to-date symlink: /home/huuhoa/hospital_robot/install/nav_2d_msgs/local/lib/python3.10/dist-packages/nav_2d_msgs/nav_2d_msgs_s__rosidl_typesupport_introspection_c.cpython-310-x86_64-linux-gnu.so
[1.196s] -- Up-to-date symlink: /home/huuhoa/hospital_robot/install/nav_2d_msgs/local/lib/python3.10/dist-packages/nav_2d_msgs/nav_2d_msgs_s__rosidl_typesupport_c.cpython-310-x86_64-linux-gnu.so
[1.198s] -- Up-to-date symlink: /home/huuhoa/hospital_robot/install/nav_2d_msgs/share/nav_2d_msgs/msg/Path2D.idl
[1.199s] -- Up-to-date symlink: /home/huuhoa/hospital_robot/install/nav_2d_msgs/share/nav_2d_msgs/msg/Pose2D32.idl
[1.199s] -- Up-to-date symlink: /home/huuhoa/hospital_robot/install/nav_2d_msgs/share/nav_2d_msgs/msg/Pose2DStamped.idl
[1.200s] -- Up-to-date symlink: /home/huuhoa/hospital_robot/install/nav_2d_msgs/share/nav_2d_msgs/msg/Twist2D.idl
[1.202s] -- Up-to-date symlink: /home/huuhoa/hospital_robot/install/nav_2d_msgs/share/nav_2d_msgs/msg/Twist2D32.idl
[1.206s] -- Up-to-date symlink: /home/huuhoa/hospital_robot/install/nav_2d_msgs/share/nav_2d_msgs/msg/Twist2DStamped.idl
[1.213s] -- Up-to-date symlink: /home/huuhoa/hospital_robot/install/nav_2d_msgs/share/nav_2d_msgs/msg/Path2D.msg
[1.215s] -- Up-to-date symlink: /home/huuhoa/hospital_robot/install/nav_2d_msgs/share/nav_2d_msgs/msg/Pose2D32.msg
[1.215s] -- Up-to-date symlink: /home/huuhoa/hospital_robot/install/nav_2d_msgs/share/nav_2d_msgs/msg/Pose2DStamped.msg
[1.215s] -- Up-to-date symlink: /home/huuhoa/hospital_robot/install/nav_2d_msgs/share/nav_2d_msgs/msg/Twist2D.msg
[1.216s] -- Up-to-date symlink: /home/huuhoa/hospital_robot/install/nav_2d_msgs/share/nav_2d_msgs/msg/Twist2D32.msg
[1.217s] -- Up-to-date symlink: /home/huuhoa/hospital_robot/install/nav_2d_msgs/share/nav_2d_msgs/msg/Twist2DStamped.msg
[1.219s] -- Up-to-date symlink: /home/huuhoa/hospital_robot/install/nav_2d_msgs/share/ament_index/resource_index/package_run_dependencies/nav_2d_msgs
[1.221s] -- Up-to-date symlink: /home/huuhoa/hospital_robot/install/nav_2d_msgs/share/ament_index/resource_index/parent_prefix_path/nav_2d_msgs
[1.224s] -- Up-to-date symlink: /home/huuhoa/hospital_robot/install/nav_2d_msgs/share/nav_2d_msgs/environment/ament_prefix_path.sh
[1.226s] -- Up-to-date symlink: /home/huuhoa/hospital_robot/install/nav_2d_msgs/share/nav_2d_msgs/environment/ament_prefix_path.dsv
[1.226s] -- Up-to-date symlink: /home/huuhoa/hospital_robot/install/nav_2d_msgs/share/nav_2d_msgs/environment/path.sh
[1.226s] -- Up-to-date symlink: /home/huuhoa/hospital_robot/install/nav_2d_msgs/share/nav_2d_msgs/environment/path.dsv
[1.229s] -- Up-to-date symlink: /home/huuhoa/hospital_robot/install/nav_2d_msgs/share/nav_2d_msgs/local_setup.bash
[1.229s] -- Up-to-date symlink: /home/huuhoa/hospital_robot/install/nav_2d_msgs/share/nav_2d_msgs/local_setup.sh
[1.231s] -- Up-to-date symlink: /home/huuhoa/hospital_robot/install/nav_2d_msgs/share/nav_2d_msgs/local_setup.zsh
[1.232s] -- Up-to-date symlink: /home/huuhoa/hospital_robot/install/nav_2d_msgs/share/nav_2d_msgs/local_setup.dsv
[1.232s] -- Symlinking: /home/huuhoa/hospital_robot/install/nav_2d_msgs/share/nav_2d_msgs/package.dsv
[1.247s] -- Up-to-date symlink: /home/huuhoa/hospital_robot/install/nav_2d_msgs/share/ament_index/resource_index/packages/nav_2d_msgs
[1.250s] -- Up-to-date symlink: /home/huuhoa/hospital_robot/install/nav_2d_msgs/share/nav_2d_msgs/cmake/rosidl_cmake-extras.cmake
[1.254s] -- Up-to-date symlink: /home/huuhoa/hospital_robot/install/nav_2d_msgs/share/nav_2d_msgs/cmake/ament_cmake_export_dependencies-extras.cmake
[1.255s] -- Up-to-date symlink: /home/huuhoa/hospital_robot/install/nav_2d_msgs/share/nav_2d_msgs/cmake/ament_cmake_export_include_directories-extras.cmake
[1.255s] -- Up-to-date symlink: /home/huuhoa/hospital_robot/install/nav_2d_msgs/share/nav_2d_msgs/cmake/ament_cmake_export_libraries-extras.cmake
[1.256s] -- Up-to-date symlink: /home/huuhoa/hospital_robot/install/nav_2d_msgs/share/nav_2d_msgs/cmake/ament_cmake_export_targets-extras.cmake
[1.258s] -- Up-to-date symlink: /home/huuhoa/hospital_robot/install/nav_2d_msgs/share/nav_2d_msgs/cmake/rosidl_cmake_export_typesupport_targets-extras.cmake
[1.260s] -- Up-to-date symlink: /home/huuhoa/hospital_robot/install/nav_2d_msgs/share/nav_2d_msgs/cmake/rosidl_cmake_export_typesupport_libraries-extras.cmake
[1.260s] -- Up-to-date symlink: /home/huuhoa/hospital_robot/install/nav_2d_msgs/share/nav_2d_msgs/cmake/nav_2d_msgsConfig.cmake
[1.267s] -- Up-to-date symlink: /home/huuhoa/hospital_robot/install/nav_2d_msgs/share/nav_2d_msgs/cmake/nav_2d_msgsConfig-version.cmake
[1.268s] -- Up-to-date symlink: /home/huuhoa/hospital_robot/install/nav_2d_msgs/share/nav_2d_msgs/package.xml
[1.271s] -- Up-to-date: /home/huuhoa/hospital_robot/install/nav_2d_msgs/lib/libnav_2d_msgs__rosidl_generator_c.so
[1.274s] -- Up-to-date: /home/huuhoa/hospital_robot/install/nav_2d_msgs/lib/libnav_2d_msgs__rosidl_typesupport_fastrtps_c.so
[1.277s] -- Up-to-date: /home/huuhoa/hospital_robot/install/nav_2d_msgs/lib/libnav_2d_msgs__rosidl_typesupport_fastrtps_cpp.so
[1.280s] -- Up-to-date: /home/huuhoa/hospital_robot/install/nav_2d_msgs/lib/libnav_2d_msgs__rosidl_typesupport_introspection_c.so
[1.284s] -- Up-to-date: /home/huuhoa/hospital_robot/install/nav_2d_msgs/lib/libnav_2d_msgs__rosidl_typesupport_c.so
[1.288s] -- Up-to-date: /home/huuhoa/hospital_robot/install/nav_2d_msgs/lib/libnav_2d_msgs__rosidl_typesupport_introspection_cpp.so
[1.289s] -- Up-to-date: /home/huuhoa/hospital_robot/install/nav_2d_msgs/lib/libnav_2d_msgs__rosidl_typesupport_cpp.so
[1.357s] Listing '/home/huuhoa/hospital_robot/install/nav_2d_msgs/local/lib/python3.10/dist-packages/nav_2d_msgs'...
[1.357s] Listing '/home/huuhoa/hospital_robot/install/nav_2d_msgs/local/lib/python3.10/dist-packages/nav_2d_msgs/msg'...
[1.375s] -- Up-to-date: /home/huuhoa/hospital_robot/install/nav_2d_msgs/lib/libnav_2d_msgs__rosidl_generator_py.so
[1.379s] -- Up-to-date: /home/huuhoa/hospital_robot/install/nav_2d_msgs/share/nav_2d_msgs/cmake/export_nav_2d_msgs__rosidl_generator_cExport.cmake
[1.379s] -- Up-to-date: /home/huuhoa/hospital_robot/install/nav_2d_msgs/share/nav_2d_msgs/cmake/export_nav_2d_msgs__rosidl_generator_cExport-noconfig.cmake
[1.382s] -- Up-to-date: /home/huuhoa/hospital_robot/install/nav_2d_msgs/share/nav_2d_msgs/cmake/export_nav_2d_msgs__rosidl_typesupport_fastrtps_cExport.cmake
[1.382s] -- Up-to-date: /home/huuhoa/hospital_robot/install/nav_2d_msgs/share/nav_2d_msgs/cmake/export_nav_2d_msgs__rosidl_typesupport_fastrtps_cExport-noconfig.cmake
[1.384s] -- Up-to-date: /home/huuhoa/hospital_robot/install/nav_2d_msgs/share/nav_2d_msgs/cmake/export_nav_2d_msgs__rosidl_generator_cppExport.cmake
[1.390s] -- Up-to-date: /home/huuhoa/hospital_robot/install/nav_2d_msgs/share/nav_2d_msgs/cmake/export_nav_2d_msgs__rosidl_typesupport_fastrtps_cppExport.cmake
[1.390s] -- Up-to-date: /home/huuhoa/hospital_robot/install/nav_2d_msgs/share/nav_2d_msgs/cmake/export_nav_2d_msgs__rosidl_typesupport_fastrtps_cppExport-noconfig.cmake
[1.390s] -- Up-to-date: /home/huuhoa/hospital_robot/install/nav_2d_msgs/share/nav_2d_msgs/cmake/nav_2d_msgs__rosidl_typesupport_introspection_cExport.cmake
[1.390s] -- Up-to-date: /home/huuhoa/hospital_robot/install/nav_2d_msgs/share/nav_2d_msgs/cmake/nav_2d_msgs__rosidl_typesupport_introspection_cExport-noconfig.cmake
[1.392s] -- Up-to-date: /home/huuhoa/hospital_robot/install/nav_2d_msgs/share/nav_2d_msgs/cmake/nav_2d_msgs__rosidl_typesupport_cExport.cmake
[1.392s] -- Up-to-date: /home/huuhoa/hospital_robot/install/nav_2d_msgs/share/nav_2d_msgs/cmake/nav_2d_msgs__rosidl_typesupport_cExport-noconfig.cmake
[1.395s] -- Up-to-date: /home/huuhoa/hospital_robot/install/nav_2d_msgs/share/nav_2d_msgs/cmake/nav_2d_msgs__rosidl_typesupport_introspection_cppExport.cmake
[1.395s] -- Up-to-date: /home/huuhoa/hospital_robot/install/nav_2d_msgs/share/nav_2d_msgs/cmake/nav_2d_msgs__rosidl_typesupport_introspection_cppExport-noconfig.cmake
[1.396s] -- Up-to-date: /home/huuhoa/hospital_robot/install/nav_2d_msgs/share/nav_2d_msgs/cmake/nav_2d_msgs__rosidl_typesupport_cppExport.cmake
[1.397s] -- Up-to-date: /home/huuhoa/hospital_robot/install/nav_2d_msgs/share/nav_2d_msgs/cmake/nav_2d_msgs__rosidl_typesupport_cppExport-noconfig.cmake
[1.399s] -- Up-to-date: /home/huuhoa/hospital_robot/install/nav_2d_msgs/share/nav_2d_msgs/cmake/export_nav_2d_msgs__rosidl_generator_pyExport.cmake
[1.399s] -- Up-to-date: /home/huuhoa/hospital_robot/install/nav_2d_msgs/share/nav_2d_msgs/cmake/export_nav_2d_msgs__rosidl_generator_pyExport-noconfig.cmake
[1.403s] Invoked command in '/home/huuhoa/hospital_robot/build/nav_2d_msgs' returned '0': CMAKE_PREFIX_PATH=/opt/ros/humble /usr/bin/cmake --install /home/huuhoa/hospital_robot/build/nav_2d_msgs
