[0.199s] Invoking command in '/home/huuhoa/hospital_robot/build/dwb_core': AMENT_PREFIX_PATH=/home/huuhoa/hospital_robot/install/nav2_core:/home/huuhoa/hospital_robot/install/nav2_costmap_2d:${AMENT_PREFIX_PATH} CMAKE_PREFIX_PATH=/home/huuhoa/hospital_robot/install/nav2_core:/home/huuhoa/hospital_robot/install/nav2_costmap_2d:/home/huuhoa/hospital_robot/install/nav_2d_utils:/home/huuhoa/hospital_robot/install/nav2_map_server:/home/huuhoa/hospital_robot/install/nav2_lifecycle_manager:/home/huuhoa/hospital_robot/install/nav2_util:/home/huuhoa/hospital_robot/install/nav2_voxel_grid:/home/huuhoa/hospital_robot/install/nav2_msgs:/home/huuhoa/hospital_robot/install/dwb_msgs:/home/huuhoa/hospital_robot/install/nav_2d_msgs:/home/huuhoa/hospital_robot/install/nav2_common:/home/huuhoa/hospital_robot/install/map_msgs:/home/huuhoa/hospital_robot/install/hospital_package:/home/huuhoa/hospital_robot/install/nav2_simple_commander:/opt/ros/humble LD_LIBRARY_PATH=/home/huuhoa/hospital_robot/install/nav2_costmap_2d/lib:/home/huuhoa/hospital_robot/install/nav_2d_utils/lib:/home/huuhoa/hospital_robot/install/nav2_map_server/lib:/home/huuhoa/hospital_robot/install/nav2_lifecycle_manager/lib:/home/huuhoa/hospital_robot/install/nav2_util/lib:/home/huuhoa/hospital_robot/install/nav2_voxel_grid/lib:/home/huuhoa/hospital_robot/install/nav2_msgs/lib:/home/huuhoa/hospital_robot/install/dwb_msgs/lib:/home/huuhoa/hospital_robot/install/nav_2d_msgs/lib:/home/huuhoa/hospital_robot/install/map_msgs/lib:/opt/ros/humble/lib/x86_64-linux-gnu:/opt/ros/humble/lib /usr/bin/cmake --build /home/huuhoa/hospital_robot/build/dwb_core -- -j2 -l2
[0.349s] [35m[1mConsolidate compiler generated dependencies of target gtest_main[0m
[0.358s] [35m[1mConsolidate compiler generated dependencies of target dwb_core[0m
[0.414s] [ 45%] Built target dwb_core
[0.421s] [ 63%] Built target gtest_main
[0.475s] [35m[1mConsolidate compiler generated dependencies of target gtest[0m
[0.508s] [ 81%] Built target gtest
[0.535s] [35m[1mConsolidate compiler generated dependencies of target utils_test[0m
[0.578s] [100%] Built target utils_test
[0.603s] Invoked command in '/home/huuhoa/hospital_robot/build/dwb_core' returned '0': AMENT_PREFIX_PATH=/home/huuhoa/hospital_robot/install/nav2_core:/home/huuhoa/hospital_robot/install/nav2_costmap_2d:${AMENT_PREFIX_PATH} CMAKE_PREFIX_PATH=/home/huuhoa/hospital_robot/install/nav2_core:/home/huuhoa/hospital_robot/install/nav2_costmap_2d:/home/huuhoa/hospital_robot/install/nav_2d_utils:/home/huuhoa/hospital_robot/install/nav2_map_server:/home/huuhoa/hospital_robot/install/nav2_lifecycle_manager:/home/huuhoa/hospital_robot/install/nav2_util:/home/huuhoa/hospital_robot/install/nav2_voxel_grid:/home/huuhoa/hospital_robot/install/nav2_msgs:/home/huuhoa/hospital_robot/install/dwb_msgs:/home/huuhoa/hospital_robot/install/nav_2d_msgs:/home/huuhoa/hospital_robot/install/nav2_common:/home/huuhoa/hospital_robot/install/map_msgs:/home/huuhoa/hospital_robot/install/hospital_package:/home/huuhoa/hospital_robot/install/nav2_simple_commander:/opt/ros/humble LD_LIBRARY_PATH=/home/huuhoa/hospital_robot/install/nav2_costmap_2d/lib:/home/huuhoa/hospital_robot/install/nav_2d_utils/lib:/home/huuhoa/hospital_robot/install/nav2_map_server/lib:/home/huuhoa/hospital_robot/install/nav2_lifecycle_manager/lib:/home/huuhoa/hospital_robot/install/nav2_util/lib:/home/huuhoa/hospital_robot/install/nav2_voxel_grid/lib:/home/huuhoa/hospital_robot/install/nav2_msgs/lib:/home/huuhoa/hospital_robot/install/dwb_msgs/lib:/home/huuhoa/hospital_robot/install/nav_2d_msgs/lib:/home/huuhoa/hospital_robot/install/map_msgs/lib:/opt/ros/humble/lib/x86_64-linux-gnu:/opt/ros/humble/lib /usr/bin/cmake --build /home/huuhoa/hospital_robot/build/dwb_core -- -j2 -l2
[0.615s] Invoking command in '/home/huuhoa/hospital_robot/build/dwb_core': AMENT_PREFIX_PATH=/home/huuhoa/hospital_robot/install/nav2_core:/home/huuhoa/hospital_robot/install/nav2_costmap_2d:${AMENT_PREFIX_PATH} CMAKE_PREFIX_PATH=/home/huuhoa/hospital_robot/install/nav2_core:/home/huuhoa/hospital_robot/install/nav2_costmap_2d:/home/huuhoa/hospital_robot/install/nav_2d_utils:/home/huuhoa/hospital_robot/install/nav2_map_server:/home/huuhoa/hospital_robot/install/nav2_lifecycle_manager:/home/huuhoa/hospital_robot/install/nav2_util:/home/huuhoa/hospital_robot/install/nav2_voxel_grid:/home/huuhoa/hospital_robot/install/nav2_msgs:/home/huuhoa/hospital_robot/install/dwb_msgs:/home/huuhoa/hospital_robot/install/nav_2d_msgs:/home/huuhoa/hospital_robot/install/nav2_common:/home/huuhoa/hospital_robot/install/map_msgs:/home/huuhoa/hospital_robot/install/hospital_package:/home/huuhoa/hospital_robot/install/nav2_simple_commander:/opt/ros/humble LD_LIBRARY_PATH=/home/huuhoa/hospital_robot/install/nav2_costmap_2d/lib:/home/huuhoa/hospital_robot/install/nav_2d_utils/lib:/home/huuhoa/hospital_robot/install/nav2_map_server/lib:/home/huuhoa/hospital_robot/install/nav2_lifecycle_manager/lib:/home/huuhoa/hospital_robot/install/nav2_util/lib:/home/huuhoa/hospital_robot/install/nav2_voxel_grid/lib:/home/huuhoa/hospital_robot/install/nav2_msgs/lib:/home/huuhoa/hospital_robot/install/dwb_msgs/lib:/home/huuhoa/hospital_robot/install/nav_2d_msgs/lib:/home/huuhoa/hospital_robot/install/map_msgs/lib:/opt/ros/humble/lib/x86_64-linux-gnu:/opt/ros/humble/lib /usr/bin/cmake --install /home/huuhoa/hospital_robot/build/dwb_core
[0.632s] -- Install configuration: "Release"
[0.637s] -- Execute custom install script
[0.637s] -- Up-to-date symlink: /home/huuhoa/hospital_robot/install/dwb_core/lib/libdwb_core.so
[0.638s] -- Up-to-date symlink: /home/huuhoa/hospital_robot/install/dwb_core/include//dwb_core/dwb_local_planner.hpp
[0.638s] -- Up-to-date symlink: /home/huuhoa/hospital_robot/install/dwb_core/include//dwb_core/exceptions.hpp
[0.638s] -- Up-to-date symlink: /home/huuhoa/hospital_robot/install/dwb_core/include//dwb_core/illegal_trajectory_tracker.hpp
[0.638s] -- Up-to-date symlink: /home/huuhoa/hospital_robot/install/dwb_core/include//dwb_core/publisher.hpp
[0.638s] -- Up-to-date symlink: /home/huuhoa/hospital_robot/install/dwb_core/include//dwb_core/trajectory_critic.hpp
[0.638s] -- Up-to-date symlink: /home/huuhoa/hospital_robot/install/dwb_core/include//dwb_core/trajectory_generator.hpp
[0.638s] -- Up-to-date symlink: /home/huuhoa/hospital_robot/install/dwb_core/include//dwb_core/trajectory_utils.hpp
[0.638s] -- Up-to-date symlink: /home/huuhoa/hospital_robot/install/dwb_core/share/dwb_core/environment/library_path.sh
[0.638s] -- Up-to-date symlink: /home/huuhoa/hospital_robot/install/dwb_core/share/dwb_core/environment/library_path.dsv
[0.638s] -- Up-to-date symlink: /home/huuhoa/hospital_robot/install/dwb_core/share/dwb_core//local_planner_plugin.xml
[0.638s] -- Up-to-date symlink: /home/huuhoa/hospital_robot/install/dwb_core/share/ament_index/resource_index/package_run_dependencies/dwb_core
[0.638s] -- Up-to-date symlink: /home/huuhoa/hospital_robot/install/dwb_core/share/ament_index/resource_index/parent_prefix_path/dwb_core
[0.638s] -- Up-to-date symlink: /home/huuhoa/hospital_robot/install/dwb_core/share/dwb_core/environment/ament_prefix_path.sh
[0.638s] -- Up-to-date symlink: /home/huuhoa/hospital_robot/install/dwb_core/share/dwb_core/environment/ament_prefix_path.dsv
[0.647s] -- Up-to-date symlink: /home/huuhoa/hospital_robot/install/dwb_core/share/dwb_core/environment/path.sh
[0.647s] -- Up-to-date symlink: /home/huuhoa/hospital_robot/install/dwb_core/share/dwb_core/environment/path.dsv
[0.647s] -- Up-to-date symlink: /home/huuhoa/hospital_robot/install/dwb_core/share/dwb_core/local_setup.bash
[0.647s] -- Up-to-date symlink: /home/huuhoa/hospital_robot/install/dwb_core/share/dwb_core/local_setup.sh
[0.648s] -- Up-to-date symlink: /home/huuhoa/hospital_robot/install/dwb_core/share/dwb_core/local_setup.zsh
[0.648s] -- Up-to-date symlink: /home/huuhoa/hospital_robot/install/dwb_core/share/dwb_core/local_setup.dsv
[0.648s] -- Symlinking: /home/huuhoa/hospital_robot/install/dwb_core/share/dwb_core/package.dsv
[0.679s] -- Up-to-date symlink: /home/huuhoa/hospital_robot/install/dwb_core/share/ament_index/resource_index/packages/dwb_core
[0.681s] -- Up-to-date symlink: /home/huuhoa/hospital_robot/install/dwb_core/share/ament_index/resource_index/nav2_core__pluginlib__plugin/dwb_core
[0.682s] -- Up-to-date symlink: /home/huuhoa/hospital_robot/install/dwb_core/share/dwb_core/cmake/ament_cmake_export_include_directories-extras.cmake
[0.682s] -- Up-to-date symlink: /home/huuhoa/hospital_robot/install/dwb_core/share/dwb_core/cmake/ament_cmake_export_libraries-extras.cmake
[0.686s] -- Up-to-date symlink: /home/huuhoa/hospital_robot/install/dwb_core/share/dwb_core/cmake/ament_cmake_export_dependencies-extras.cmake
[0.686s] -- Up-to-date symlink: /home/huuhoa/hospital_robot/install/dwb_core/share/dwb_core/cmake/dwb_coreConfig.cmake
[0.692s] -- Up-to-date symlink: /home/huuhoa/hospital_robot/install/dwb_core/share/dwb_core/cmake/dwb_coreConfig-version.cmake
[0.692s] -- Up-to-date symlink: /home/huuhoa/hospital_robot/install/dwb_core/share/dwb_core/package.xml
[0.692s] Invoked command in '/home/huuhoa/hospital_robot/build/dwb_core' returned '0': AMENT_PREFIX_PATH=/home/huuhoa/hospital_robot/install/nav2_core:/home/huuhoa/hospital_robot/install/nav2_costmap_2d:${AMENT_PREFIX_PATH} CMAKE_PREFIX_PATH=/home/huuhoa/hospital_robot/install/nav2_core:/home/huuhoa/hospital_robot/install/nav2_costmap_2d:/home/huuhoa/hospital_robot/install/nav_2d_utils:/home/huuhoa/hospital_robot/install/nav2_map_server:/home/huuhoa/hospital_robot/install/nav2_lifecycle_manager:/home/huuhoa/hospital_robot/install/nav2_util:/home/huuhoa/hospital_robot/install/nav2_voxel_grid:/home/huuhoa/hospital_robot/install/nav2_msgs:/home/huuhoa/hospital_robot/install/dwb_msgs:/home/huuhoa/hospital_robot/install/nav_2d_msgs:/home/huuhoa/hospital_robot/install/nav2_common:/home/huuhoa/hospital_robot/install/map_msgs:/home/huuhoa/hospital_robot/install/hospital_package:/home/huuhoa/hospital_robot/install/nav2_simple_commander:/opt/ros/humble LD_LIBRARY_PATH=/home/huuhoa/hospital_robot/install/nav2_costmap_2d/lib:/home/huuhoa/hospital_robot/install/nav_2d_utils/lib:/home/huuhoa/hospital_robot/install/nav2_map_server/lib:/home/huuhoa/hospital_robot/install/nav2_lifecycle_manager/lib:/home/huuhoa/hospital_robot/install/nav2_util/lib:/home/huuhoa/hospital_robot/install/nav2_voxel_grid/lib:/home/huuhoa/hospital_robot/install/nav2_msgs/lib:/home/huuhoa/hospital_robot/install/dwb_msgs/lib:/home/huuhoa/hospital_robot/install/nav_2d_msgs/lib:/home/huuhoa/hospital_robot/install/map_msgs/lib:/opt/ros/humble/lib/x86_64-linux-gnu:/opt/ros/humble/lib /usr/bin/cmake --install /home/huuhoa/hospital_robot/build/dwb_core
