[0.036s] Invoking command in '/home/huuhoa/hospital_robot/build/nav2_msgs': AMENT_PREFIX_PATH=/home/huuhoa/hospital_robot/install/nav2_common:${AMENT_PREFIX_PATH} CMAKE_PREFIX_PATH=/home/huuhoa/hospital_robot/install/nav2_common:/opt/ros/humble PYTHONPATH=/home/huuhoa/hospital_robot/install/nav2_common/local/lib/python3.10/dist-packages:${PYTHONPATH} /usr/bin/cmake --build /home/huuhoa/hospital_robot/build/nav2_msgs -- -j2 -l2
[0.200s] [  0%] Built target nav2_msgs__cpp
[0.259s] [  0%] Built target ament_cmake_python_symlink_nav2_msgs
[0.271s] [ 12%] Built target nav2_msgs__rosidl_generator_c
[0.377s] [ 24%] Built target nav2_msgs__rosidl_typesupport_fastrtps_cpp
[0.401s] [ 36%] Built target nav2_msgs__rosidl_typesupport_cpp
[0.454s] [ 49%] Built target nav2_msgs__rosidl_typesupport_introspection_c
[0.499s] [ 61%] Built target nav2_msgs__rosidl_typesupport_c
[0.604s] [ 74%] Built target nav2_msgs__rosidl_typesupport_introspection_cpp
[0.723s] [ 87%] Built target nav2_msgs__rosidl_typesupport_fastrtps_c
[0.805s] [ 87%] Built target nav2_msgs
[0.851s] [ 87%] Built target nav2_msgs__py
[0.879s] running egg_info
[0.881s] writing nav2_msgs.egg-info/PKG-INFO
[0.881s] writing dependency_links to nav2_msgs.egg-info/dependency_links.txt
[0.883s] writing top-level names to nav2_msgs.egg-info/top_level.txt
[0.890s] reading manifest file 'nav2_msgs.egg-info/SOURCES.txt'
[0.895s] writing manifest file 'nav2_msgs.egg-info/SOURCES.txt'
[0.933s] [ 99%] Built target nav2_msgs__rosidl_generator_py
[0.960s] [ 99%] Built target ament_cmake_python_build_nav2_msgs_egg
[1.034s] [ 99%] Built target nav2_msgs__rosidl_typesupport_fastrtps_c__pyext
[1.055s] [ 99%] Built target nav2_msgs__rosidl_typesupport_introspection_c__pyext
[1.104s] [100%] Built target nav2_msgs__rosidl_typesupport_c__pyext
[1.121s] Invoked command in '/home/huuhoa/hospital_robot/build/nav2_msgs' returned '0': AMENT_PREFIX_PATH=/home/huuhoa/hospital_robot/install/nav2_common:${AMENT_PREFIX_PATH} CMAKE_PREFIX_PATH=/home/huuhoa/hospital_robot/install/nav2_common:/opt/ros/humble PYTHONPATH=/home/huuhoa/hospital_robot/install/nav2_common/local/lib/python3.10/dist-packages:${PYTHONPATH} /usr/bin/cmake --build /home/huuhoa/hospital_robot/build/nav2_msgs -- -j2 -l2
[1.143s] Invoking command in '/home/huuhoa/hospital_robot/build/nav2_msgs': AMENT_PREFIX_PATH=/home/huuhoa/hospital_robot/install/nav2_common:${AMENT_PREFIX_PATH} CMAKE_PREFIX_PATH=/home/huuhoa/hospital_robot/install/nav2_common:/opt/ros/humble PYTHONPATH=/home/huuhoa/hospital_robot/install/nav2_common/local/lib/python3.10/dist-packages:${PYTHONPATH} /usr/bin/cmake --install /home/huuhoa/hospital_robot/build/nav2_msgs
[1.147s] -- Install configuration: "Release"
[1.150s] -- Execute custom install script
[1.156s] -- Up-to-date symlink: /home/huuhoa/hospital_robot/install/nav2_msgs/share/ament_index/resource_index/rosidl_interfaces/nav2_msgs
[1.162s] -- Up-to-date symlink: /home/huuhoa/hospital_robot/install/nav2_msgs/include/nav2_msgs/nav2_msgs/action/assisted_teleop.h
[1.163s] -- Up-to-date symlink: /home/huuhoa/hospital_robot/install/nav2_msgs/include/nav2_msgs/nav2_msgs/action/back_up.h
[1.164s] -- Up-to-date symlink: /home/huuhoa/hospital_robot/install/nav2_msgs/include/nav2_msgs/nav2_msgs/action/compute_path_through_poses.h
[1.166s] -- Up-to-date symlink: /home/huuhoa/hospital_robot/install/nav2_msgs/include/nav2_msgs/nav2_msgs/action/compute_path_to_pose.h
[1.170s] -- Up-to-date symlink: /home/huuhoa/hospital_robot/install/nav2_msgs/include/nav2_msgs/nav2_msgs/action/detail/assisted_teleop__functions.h
[1.170s] -- Up-to-date symlink: /home/huuhoa/hospital_robot/install/nav2_msgs/include/nav2_msgs/nav2_msgs/action/detail/assisted_teleop__struct.h
[1.178s] -- Up-to-date symlink: /home/huuhoa/hospital_robot/install/nav2_msgs/include/nav2_msgs/nav2_msgs/action/detail/assisted_teleop__type_support.h
[1.179s] -- Up-to-date symlink: /home/huuhoa/hospital_robot/install/nav2_msgs/include/nav2_msgs/nav2_msgs/action/detail/back_up__functions.h
[1.180s] -- Up-to-date symlink: /home/huuhoa/hospital_robot/install/nav2_msgs/include/nav2_msgs/nav2_msgs/action/detail/back_up__struct.h
[1.181s] -- Up-to-date symlink: /home/huuhoa/hospital_robot/install/nav2_msgs/include/nav2_msgs/nav2_msgs/action/detail/back_up__type_support.h
[1.183s] -- Up-to-date symlink: /home/huuhoa/hospital_robot/install/nav2_msgs/include/nav2_msgs/nav2_msgs/action/detail/compute_path_through_poses__functions.h
[1.184s] -- Up-to-date symlink: /home/huuhoa/hospital_robot/install/nav2_msgs/include/nav2_msgs/nav2_msgs/action/detail/compute_path_through_poses__struct.h
[1.185s] -- Up-to-date symlink: /home/huuhoa/hospital_robot/install/nav2_msgs/include/nav2_msgs/nav2_msgs/action/detail/compute_path_through_poses__type_support.h
[1.187s] -- Up-to-date symlink: /home/huuhoa/hospital_robot/install/nav2_msgs/include/nav2_msgs/nav2_msgs/action/detail/compute_path_to_pose__functions.h
[1.188s] -- Up-to-date symlink: /home/huuhoa/hospital_robot/install/nav2_msgs/include/nav2_msgs/nav2_msgs/action/detail/compute_path_to_pose__struct.h
[1.189s] -- Up-to-date symlink: /home/huuhoa/hospital_robot/install/nav2_msgs/include/nav2_msgs/nav2_msgs/action/detail/compute_path_to_pose__type_support.h
[1.190s] -- Up-to-date symlink: /home/huuhoa/hospital_robot/install/nav2_msgs/include/nav2_msgs/nav2_msgs/action/detail/drive_on_heading__functions.h
[1.192s] -- Up-to-date symlink: /home/huuhoa/hospital_robot/install/nav2_msgs/include/nav2_msgs/nav2_msgs/action/detail/drive_on_heading__struct.h
[1.193s] -- Up-to-date symlink: /home/huuhoa/hospital_robot/install/nav2_msgs/include/nav2_msgs/nav2_msgs/action/detail/drive_on_heading__type_support.h
[1.194s] -- Up-to-date symlink: /home/huuhoa/hospital_robot/install/nav2_msgs/include/nav2_msgs/nav2_msgs/action/detail/dummy_behavior__functions.h
[1.195s] -- Up-to-date symlink: /home/huuhoa/hospital_robot/install/nav2_msgs/include/nav2_msgs/nav2_msgs/action/detail/dummy_behavior__struct.h
[1.196s] -- Up-to-date symlink: /home/huuhoa/hospital_robot/install/nav2_msgs/include/nav2_msgs/nav2_msgs/action/detail/dummy_behavior__type_support.h
[1.197s] -- Up-to-date symlink: /home/huuhoa/hospital_robot/install/nav2_msgs/include/nav2_msgs/nav2_msgs/action/detail/follow_path__functions.h
[1.199s] -- Up-to-date symlink: /home/huuhoa/hospital_robot/install/nav2_msgs/include/nav2_msgs/nav2_msgs/action/detail/follow_path__struct.h
[1.199s] -- Up-to-date symlink: /home/huuhoa/hospital_robot/install/nav2_msgs/include/nav2_msgs/nav2_msgs/action/detail/follow_path__type_support.h
[1.200s] -- Up-to-date symlink: /home/huuhoa/hospital_robot/install/nav2_msgs/include/nav2_msgs/nav2_msgs/action/detail/follow_waypoints__functions.h
[1.201s] -- Up-to-date symlink: /home/huuhoa/hospital_robot/install/nav2_msgs/include/nav2_msgs/nav2_msgs/action/detail/follow_waypoints__struct.h
[1.202s] -- Up-to-date symlink: /home/huuhoa/hospital_robot/install/nav2_msgs/include/nav2_msgs/nav2_msgs/action/detail/follow_waypoints__type_support.h
[1.203s] -- Up-to-date symlink: /home/huuhoa/hospital_robot/install/nav2_msgs/include/nav2_msgs/nav2_msgs/action/detail/navigate_through_poses__functions.h
[1.204s] -- Up-to-date symlink: /home/huuhoa/hospital_robot/install/nav2_msgs/include/nav2_msgs/nav2_msgs/action/detail/navigate_through_poses__struct.h
[1.206s] -- Up-to-date symlink: /home/huuhoa/hospital_robot/install/nav2_msgs/include/nav2_msgs/nav2_msgs/action/detail/navigate_through_poses__type_support.h
[1.207s] -- Up-to-date symlink: /home/huuhoa/hospital_robot/install/nav2_msgs/include/nav2_msgs/nav2_msgs/action/detail/navigate_to_pose__functions.h
[1.208s] -- Up-to-date symlink: /home/huuhoa/hospital_robot/install/nav2_msgs/include/nav2_msgs/nav2_msgs/action/detail/navigate_to_pose__struct.h
[1.208s] -- Up-to-date symlink: /home/huuhoa/hospital_robot/install/nav2_msgs/include/nav2_msgs/nav2_msgs/action/detail/navigate_to_pose__type_support.h
[1.208s] -- Up-to-date symlink: /home/huuhoa/hospital_robot/install/nav2_msgs/include/nav2_msgs/nav2_msgs/action/detail/smooth_path__functions.h
[1.209s] -- Up-to-date symlink: /home/huuhoa/hospital_robot/install/nav2_msgs/include/nav2_msgs/nav2_msgs/action/detail/smooth_path__struct.h
[1.211s] -- Up-to-date symlink: /home/huuhoa/hospital_robot/install/nav2_msgs/include/nav2_msgs/nav2_msgs/action/detail/smooth_path__type_support.h
[1.212s] -- Up-to-date symlink: /home/huuhoa/hospital_robot/install/nav2_msgs/include/nav2_msgs/nav2_msgs/action/detail/spin__functions.h
[1.213s] -- Up-to-date symlink: /home/huuhoa/hospital_robot/install/nav2_msgs/include/nav2_msgs/nav2_msgs/action/detail/spin__struct.h
[1.214s] -- Up-to-date symlink: /home/huuhoa/hospital_robot/install/nav2_msgs/include/nav2_msgs/nav2_msgs/action/detail/spin__type_support.h
[1.215s] -- Up-to-date symlink: /home/huuhoa/hospital_robot/install/nav2_msgs/include/nav2_msgs/nav2_msgs/action/detail/wait__functions.h
[1.215s] -- Up-to-date symlink: /home/huuhoa/hospital_robot/install/nav2_msgs/include/nav2_msgs/nav2_msgs/action/detail/wait__struct.h
[1.217s] -- Up-to-date symlink: /home/huuhoa/hospital_robot/install/nav2_msgs/include/nav2_msgs/nav2_msgs/action/detail/wait__type_support.h
[1.218s] -- Up-to-date symlink: /home/huuhoa/hospital_robot/install/nav2_msgs/include/nav2_msgs/nav2_msgs/action/drive_on_heading.h
[1.219s] -- Up-to-date symlink: /home/huuhoa/hospital_robot/install/nav2_msgs/include/nav2_msgs/nav2_msgs/action/dummy_behavior.h
[1.222s] -- Up-to-date symlink: /home/huuhoa/hospital_robot/install/nav2_msgs/include/nav2_msgs/nav2_msgs/action/follow_path.h
[1.222s] -- Up-to-date symlink: /home/huuhoa/hospital_robot/install/nav2_msgs/include/nav2_msgs/nav2_msgs/action/follow_waypoints.h
[1.223s] -- Up-to-date symlink: /home/huuhoa/hospital_robot/install/nav2_msgs/include/nav2_msgs/nav2_msgs/action/navigate_through_poses.h
[1.224s] -- Up-to-date symlink: /home/huuhoa/hospital_robot/install/nav2_msgs/include/nav2_msgs/nav2_msgs/action/navigate_to_pose.h
[1.225s] -- Up-to-date symlink: /home/huuhoa/hospital_robot/install/nav2_msgs/include/nav2_msgs/nav2_msgs/action/smooth_path.h
[1.225s] -- Up-to-date symlink: /home/huuhoa/hospital_robot/install/nav2_msgs/include/nav2_msgs/nav2_msgs/action/spin.h
[1.226s] -- Up-to-date symlink: /home/huuhoa/hospital_robot/install/nav2_msgs/include/nav2_msgs/nav2_msgs/action/wait.h
[1.228s] -- Up-to-date symlink: /home/huuhoa/hospital_robot/install/nav2_msgs/include/nav2_msgs/nav2_msgs/msg/behavior_tree_log.h
[1.229s] -- Up-to-date symlink: /home/huuhoa/hospital_robot/install/nav2_msgs/include/nav2_msgs/nav2_msgs/msg/behavior_tree_status_change.h
[1.229s] -- Up-to-date symlink: /home/huuhoa/hospital_robot/install/nav2_msgs/include/nav2_msgs/nav2_msgs/msg/collision_monitor_state.h
[1.230s] -- Up-to-date symlink: /home/huuhoa/hospital_robot/install/nav2_msgs/include/nav2_msgs/nav2_msgs/msg/costmap.h
[1.231s] -- Up-to-date symlink: /home/huuhoa/hospital_robot/install/nav2_msgs/include/nav2_msgs/nav2_msgs/msg/costmap_filter_info.h
[1.232s] -- Up-to-date symlink: /home/huuhoa/hospital_robot/install/nav2_msgs/include/nav2_msgs/nav2_msgs/msg/costmap_meta_data.h
[1.236s] -- Up-to-date symlink: /home/huuhoa/hospital_robot/install/nav2_msgs/include/nav2_msgs/nav2_msgs/msg/detail/behavior_tree_log__functions.h
[1.239s] -- Up-to-date symlink: /home/huuhoa/hospital_robot/install/nav2_msgs/include/nav2_msgs/nav2_msgs/msg/detail/behavior_tree_log__struct.h
[1.240s] -- Up-to-date symlink: /home/huuhoa/hospital_robot/install/nav2_msgs/include/nav2_msgs/nav2_msgs/msg/detail/behavior_tree_log__type_support.h
[1.241s] -- Up-to-date symlink: /home/huuhoa/hospital_robot/install/nav2_msgs/include/nav2_msgs/nav2_msgs/msg/detail/behavior_tree_status_change__functions.h
[1.243s] -- Up-to-date symlink: /home/huuhoa/hospital_robot/install/nav2_msgs/include/nav2_msgs/nav2_msgs/msg/detail/behavior_tree_status_change__struct.h
[1.247s] -- Up-to-date symlink: /home/huuhoa/hospital_robot/install/nav2_msgs/include/nav2_msgs/nav2_msgs/msg/detail/behavior_tree_status_change__type_support.h
[1.247s] -- Up-to-date symlink: /home/huuhoa/hospital_robot/install/nav2_msgs/include/nav2_msgs/nav2_msgs/msg/detail/collision_monitor_state__functions.h
[1.247s] -- Up-to-date symlink: /home/huuhoa/hospital_robot/install/nav2_msgs/include/nav2_msgs/nav2_msgs/msg/detail/collision_monitor_state__struct.h
[1.249s] -- Up-to-date symlink: /home/huuhoa/hospital_robot/install/nav2_msgs/include/nav2_msgs/nav2_msgs/msg/detail/collision_monitor_state__type_support.h
[1.249s] -- Up-to-date symlink: /home/huuhoa/hospital_robot/install/nav2_msgs/include/nav2_msgs/nav2_msgs/msg/detail/costmap__functions.h
[1.250s] -- Up-to-date symlink: /home/huuhoa/hospital_robot/install/nav2_msgs/include/nav2_msgs/nav2_msgs/msg/detail/costmap__struct.h
[1.251s] -- Up-to-date symlink: /home/huuhoa/hospital_robot/install/nav2_msgs/include/nav2_msgs/nav2_msgs/msg/detail/costmap__type_support.h
[1.252s] -- Up-to-date symlink: /home/huuhoa/hospital_robot/install/nav2_msgs/include/nav2_msgs/nav2_msgs/msg/detail/costmap_filter_info__functions.h
[1.253s] -- Up-to-date symlink: /home/huuhoa/hospital_robot/install/nav2_msgs/include/nav2_msgs/nav2_msgs/msg/detail/costmap_filter_info__struct.h
[1.253s] -- Up-to-date symlink: /home/huuhoa/hospital_robot/install/nav2_msgs/include/nav2_msgs/nav2_msgs/msg/detail/costmap_filter_info__type_support.h
[1.255s] -- Up-to-date symlink: /home/huuhoa/hospital_robot/install/nav2_msgs/include/nav2_msgs/nav2_msgs/msg/detail/costmap_meta_data__functions.h
[1.255s] -- Up-to-date symlink: /home/huuhoa/hospital_robot/install/nav2_msgs/include/nav2_msgs/nav2_msgs/msg/detail/costmap_meta_data__struct.h
[1.257s] -- Up-to-date symlink: /home/huuhoa/hospital_robot/install/nav2_msgs/include/nav2_msgs/nav2_msgs/msg/detail/costmap_meta_data__type_support.h
[1.257s] -- Up-to-date symlink: /home/huuhoa/hospital_robot/install/nav2_msgs/include/nav2_msgs/nav2_msgs/msg/detail/particle__functions.h
[1.258s] -- Up-to-date symlink: /home/huuhoa/hospital_robot/install/nav2_msgs/include/nav2_msgs/nav2_msgs/msg/detail/particle__struct.h
[1.259s] -- Up-to-date symlink: /home/huuhoa/hospital_robot/install/nav2_msgs/include/nav2_msgs/nav2_msgs/msg/detail/particle__type_support.h
[1.262s] -- Up-to-date symlink: /home/huuhoa/hospital_robot/install/nav2_msgs/include/nav2_msgs/nav2_msgs/msg/detail/particle_cloud__functions.h
[1.263s] -- Up-to-date symlink: /home/huuhoa/hospital_robot/install/nav2_msgs/include/nav2_msgs/nav2_msgs/msg/detail/particle_cloud__struct.h
[1.263s] -- Up-to-date symlink: /home/huuhoa/hospital_robot/install/nav2_msgs/include/nav2_msgs/nav2_msgs/msg/detail/particle_cloud__type_support.h
[1.263s] -- Up-to-date symlink: /home/huuhoa/hospital_robot/install/nav2_msgs/include/nav2_msgs/nav2_msgs/msg/detail/speed_limit__functions.h
[1.263s] -- Up-to-date symlink: /home/huuhoa/hospital_robot/install/nav2_msgs/include/nav2_msgs/nav2_msgs/msg/detail/speed_limit__struct.h
[1.264s] -- Up-to-date symlink: /home/huuhoa/hospital_robot/install/nav2_msgs/include/nav2_msgs/nav2_msgs/msg/detail/speed_limit__type_support.h
[1.265s] -- Up-to-date symlink: /home/huuhoa/hospital_robot/install/nav2_msgs/include/nav2_msgs/nav2_msgs/msg/detail/voxel_grid__functions.h
[1.265s] -- Up-to-date symlink: /home/huuhoa/hospital_robot/install/nav2_msgs/include/nav2_msgs/nav2_msgs/msg/detail/voxel_grid__struct.h
[1.266s] -- Up-to-date symlink: /home/huuhoa/hospital_robot/install/nav2_msgs/include/nav2_msgs/nav2_msgs/msg/detail/voxel_grid__type_support.h
[1.269s] -- Up-to-date symlink: /home/huuhoa/hospital_robot/install/nav2_msgs/include/nav2_msgs/nav2_msgs/msg/particle.h
[1.269s] -- Up-to-date symlink: /home/huuhoa/hospital_robot/install/nav2_msgs/include/nav2_msgs/nav2_msgs/msg/particle_cloud.h
[1.277s] -- Up-to-date symlink: /home/huuhoa/hospital_robot/install/nav2_msgs/include/nav2_msgs/nav2_msgs/msg/rosidl_generator_c__visibility_control.h
[1.277s] -- Up-to-date symlink: /home/huuhoa/hospital_robot/install/nav2_msgs/include/nav2_msgs/nav2_msgs/msg/speed_limit.h
[1.277s] -- Up-to-date symlink: /home/huuhoa/hospital_robot/install/nav2_msgs/include/nav2_msgs/nav2_msgs/msg/voxel_grid.h
[1.277s] -- Up-to-date symlink: /home/huuhoa/hospital_robot/install/nav2_msgs/include/nav2_msgs/nav2_msgs/srv/clear_costmap_around_robot.h
[1.277s] -- Up-to-date symlink: /home/huuhoa/hospital_robot/install/nav2_msgs/include/nav2_msgs/nav2_msgs/srv/clear_costmap_except_region.h
[1.277s] -- Up-to-date symlink: /home/huuhoa/hospital_robot/install/nav2_msgs/include/nav2_msgs/nav2_msgs/srv/clear_entire_costmap.h
[1.278s] -- Up-to-date symlink: /home/huuhoa/hospital_robot/install/nav2_msgs/include/nav2_msgs/nav2_msgs/srv/detail/clear_costmap_around_robot__functions.h
[1.278s] -- Up-to-date symlink: /home/huuhoa/hospital_robot/install/nav2_msgs/include/nav2_msgs/nav2_msgs/srv/detail/clear_costmap_around_robot__struct.h
[1.279s] -- Up-to-date symlink: /home/huuhoa/hospital_robot/install/nav2_msgs/include/nav2_msgs/nav2_msgs/srv/detail/clear_costmap_around_robot__type_support.h
[1.281s] -- Up-to-date symlink: /home/huuhoa/hospital_robot/install/nav2_msgs/include/nav2_msgs/nav2_msgs/srv/detail/clear_costmap_except_region__functions.h
[1.285s] -- Up-to-date symlink: /home/huuhoa/hospital_robot/install/nav2_msgs/include/nav2_msgs/nav2_msgs/srv/detail/clear_costmap_except_region__struct.h
[1.285s] -- Up-to-date symlink: /home/huuhoa/hospital_robot/install/nav2_msgs/include/nav2_msgs/nav2_msgs/srv/detail/clear_costmap_except_region__type_support.h
[1.285s] -- Up-to-date symlink: /home/huuhoa/hospital_robot/install/nav2_msgs/include/nav2_msgs/nav2_msgs/srv/detail/clear_entire_costmap__functions.h
[1.290s] -- Up-to-date symlink: /home/huuhoa/hospital_robot/install/nav2_msgs/include/nav2_msgs/nav2_msgs/srv/detail/clear_entire_costmap__struct.h
[1.290s] -- Up-to-date symlink: /home/huuhoa/hospital_robot/install/nav2_msgs/include/nav2_msgs/nav2_msgs/srv/detail/clear_entire_costmap__type_support.h
[1.290s] -- Up-to-date symlink: /home/huuhoa/hospital_robot/install/nav2_msgs/include/nav2_msgs/nav2_msgs/srv/detail/get_costmap__functions.h
[1.290s] -- Up-to-date symlink: /home/huuhoa/hospital_robot/install/nav2_msgs/include/nav2_msgs/nav2_msgs/srv/detail/get_costmap__struct.h
[1.291s] -- Up-to-date symlink: /home/huuhoa/hospital_robot/install/nav2_msgs/include/nav2_msgs/nav2_msgs/srv/detail/get_costmap__type_support.h
[1.293s] -- Up-to-date symlink: /home/huuhoa/hospital_robot/install/nav2_msgs/include/nav2_msgs/nav2_msgs/srv/detail/is_path_valid__functions.h
[1.293s] -- Up-to-date symlink: /home/huuhoa/hospital_robot/install/nav2_msgs/include/nav2_msgs/nav2_msgs/srv/detail/is_path_valid__struct.h
[1.295s] -- Up-to-date symlink: /home/huuhoa/hospital_robot/install/nav2_msgs/include/nav2_msgs/nav2_msgs/srv/detail/is_path_valid__type_support.h
[1.298s] -- Up-to-date symlink: /home/huuhoa/hospital_robot/install/nav2_msgs/include/nav2_msgs/nav2_msgs/srv/detail/load_map__functions.h
[1.300s] -- Up-to-date symlink: /home/huuhoa/hospital_robot/install/nav2_msgs/include/nav2_msgs/nav2_msgs/srv/detail/load_map__struct.h
[1.300s] -- Up-to-date symlink: /home/huuhoa/hospital_robot/install/nav2_msgs/include/nav2_msgs/nav2_msgs/srv/detail/load_map__type_support.h
[1.300s] -- Up-to-date symlink: /home/huuhoa/hospital_robot/install/nav2_msgs/include/nav2_msgs/nav2_msgs/srv/detail/manage_lifecycle_nodes__functions.h
[1.300s] -- Up-to-date symlink: /home/huuhoa/hospital_robot/install/nav2_msgs/include/nav2_msgs/nav2_msgs/srv/detail/manage_lifecycle_nodes__struct.h
[1.300s] -- Up-to-date symlink: /home/huuhoa/hospital_robot/install/nav2_msgs/include/nav2_msgs/nav2_msgs/srv/detail/manage_lifecycle_nodes__type_support.h
[1.301s] -- Up-to-date symlink: /home/huuhoa/hospital_robot/install/nav2_msgs/include/nav2_msgs/nav2_msgs/srv/detail/save_map__functions.h
[1.303s] -- Up-to-date symlink: /home/huuhoa/hospital_robot/install/nav2_msgs/include/nav2_msgs/nav2_msgs/srv/detail/save_map__struct.h
[1.303s] -- Up-to-date symlink: /home/huuhoa/hospital_robot/install/nav2_msgs/include/nav2_msgs/nav2_msgs/srv/detail/save_map__type_support.h
[1.307s] -- Up-to-date symlink: /home/huuhoa/hospital_robot/install/nav2_msgs/include/nav2_msgs/nav2_msgs/srv/detail/set_initial_pose__functions.h
[1.307s] -- Up-to-date symlink: /home/huuhoa/hospital_robot/install/nav2_msgs/include/nav2_msgs/nav2_msgs/srv/detail/set_initial_pose__struct.h
[1.307s] -- Up-to-date symlink: /home/huuhoa/hospital_robot/install/nav2_msgs/include/nav2_msgs/nav2_msgs/srv/detail/set_initial_pose__type_support.h
[1.307s] -- Up-to-date symlink: /home/huuhoa/hospital_robot/install/nav2_msgs/include/nav2_msgs/nav2_msgs/srv/get_costmap.h
[1.308s] -- Up-to-date symlink: /home/huuhoa/hospital_robot/install/nav2_msgs/include/nav2_msgs/nav2_msgs/srv/is_path_valid.h
[1.310s] -- Up-to-date symlink: /home/huuhoa/hospital_robot/install/nav2_msgs/include/nav2_msgs/nav2_msgs/srv/load_map.h
[1.310s] -- Up-to-date symlink: /home/huuhoa/hospital_robot/install/nav2_msgs/include/nav2_msgs/nav2_msgs/srv/manage_lifecycle_nodes.h
[1.318s] -- Up-to-date symlink: /home/huuhoa/hospital_robot/install/nav2_msgs/include/nav2_msgs/nav2_msgs/srv/save_map.h
[1.318s] -- Up-to-date symlink: /home/huuhoa/hospital_robot/install/nav2_msgs/include/nav2_msgs/nav2_msgs/srv/set_initial_pose.h
[1.318s] -- Up-to-date symlink: /home/huuhoa/hospital_robot/install/nav2_msgs/share/nav2_msgs/environment/library_path.sh
[1.318s] -- Up-to-date symlink: /home/huuhoa/hospital_robot/install/nav2_msgs/share/nav2_msgs/environment/library_path.dsv
[1.318s] -- Up-to-date symlink: /home/huuhoa/hospital_robot/install/nav2_msgs/include/nav2_msgs/nav2_msgs/action/detail/assisted_teleop__rosidl_typesupport_fastrtps_c.h
[1.320s] -- Up-to-date symlink: /home/huuhoa/hospital_robot/install/nav2_msgs/include/nav2_msgs/nav2_msgs/action/detail/back_up__rosidl_typesupport_fastrtps_c.h
[1.320s] -- Up-to-date symlink: /home/huuhoa/hospital_robot/install/nav2_msgs/include/nav2_msgs/nav2_msgs/action/detail/compute_path_through_poses__rosidl_typesupport_fastrtps_c.h
[1.321s] -- Up-to-date symlink: /home/huuhoa/hospital_robot/install/nav2_msgs/include/nav2_msgs/nav2_msgs/action/detail/compute_path_to_pose__rosidl_typesupport_fastrtps_c.h
[1.322s] -- Up-to-date symlink: /home/huuhoa/hospital_robot/install/nav2_msgs/include/nav2_msgs/nav2_msgs/action/detail/drive_on_heading__rosidl_typesupport_fastrtps_c.h
[1.323s] -- Up-to-date symlink: /home/huuhoa/hospital_robot/install/nav2_msgs/include/nav2_msgs/nav2_msgs/action/detail/dummy_behavior__rosidl_typesupport_fastrtps_c.h
[1.323s] -- Up-to-date symlink: /home/huuhoa/hospital_robot/install/nav2_msgs/include/nav2_msgs/nav2_msgs/action/detail/follow_path__rosidl_typesupport_fastrtps_c.h
[1.324s] -- Up-to-date symlink: /home/huuhoa/hospital_robot/install/nav2_msgs/include/nav2_msgs/nav2_msgs/action/detail/follow_waypoints__rosidl_typesupport_fastrtps_c.h
[1.325s] -- Up-to-date symlink: /home/huuhoa/hospital_robot/install/nav2_msgs/include/nav2_msgs/nav2_msgs/action/detail/navigate_through_poses__rosidl_typesupport_fastrtps_c.h
[1.325s] -- Up-to-date symlink: /home/huuhoa/hospital_robot/install/nav2_msgs/include/nav2_msgs/nav2_msgs/action/detail/navigate_to_pose__rosidl_typesupport_fastrtps_c.h
[1.329s] -- Up-to-date symlink: /home/huuhoa/hospital_robot/install/nav2_msgs/include/nav2_msgs/nav2_msgs/action/detail/smooth_path__rosidl_typesupport_fastrtps_c.h
[1.329s] -- Up-to-date symlink: /home/huuhoa/hospital_robot/install/nav2_msgs/include/nav2_msgs/nav2_msgs/action/detail/spin__rosidl_typesupport_fastrtps_c.h
[1.330s] -- Up-to-date symlink: /home/huuhoa/hospital_robot/install/nav2_msgs/include/nav2_msgs/nav2_msgs/action/detail/wait__rosidl_typesupport_fastrtps_c.h
[1.331s] -- Up-to-date symlink: /home/huuhoa/hospital_robot/install/nav2_msgs/include/nav2_msgs/nav2_msgs/msg/detail/behavior_tree_log__rosidl_typesupport_fastrtps_c.h
[1.332s] -- Up-to-date symlink: /home/huuhoa/hospital_robot/install/nav2_msgs/include/nav2_msgs/nav2_msgs/msg/detail/behavior_tree_status_change__rosidl_typesupport_fastrtps_c.h
[1.341s] -- Up-to-date symlink: /home/huuhoa/hospital_robot/install/nav2_msgs/include/nav2_msgs/nav2_msgs/msg/detail/collision_monitor_state__rosidl_typesupport_fastrtps_c.h
[1.344s] -- Up-to-date symlink: /home/huuhoa/hospital_robot/install/nav2_msgs/include/nav2_msgs/nav2_msgs/msg/detail/costmap__rosidl_typesupport_fastrtps_c.h
[1.344s] -- Up-to-date symlink: /home/huuhoa/hospital_robot/install/nav2_msgs/include/nav2_msgs/nav2_msgs/msg/detail/costmap_filter_info__rosidl_typesupport_fastrtps_c.h
[1.344s] -- Up-to-date symlink: /home/huuhoa/hospital_robot/install/nav2_msgs/include/nav2_msgs/nav2_msgs/msg/detail/costmap_meta_data__rosidl_typesupport_fastrtps_c.h
[1.344s] -- Up-to-date symlink: /home/huuhoa/hospital_robot/install/nav2_msgs/include/nav2_msgs/nav2_msgs/msg/detail/particle__rosidl_typesupport_fastrtps_c.h
[1.344s] -- Up-to-date symlink: /home/huuhoa/hospital_robot/install/nav2_msgs/include/nav2_msgs/nav2_msgs/msg/detail/particle_cloud__rosidl_typesupport_fastrtps_c.h
[1.345s] -- Up-to-date symlink: /home/huuhoa/hospital_robot/install/nav2_msgs/include/nav2_msgs/nav2_msgs/msg/detail/speed_limit__rosidl_typesupport_fastrtps_c.h
[1.345s] -- Up-to-date symlink: /home/huuhoa/hospital_robot/install/nav2_msgs/include/nav2_msgs/nav2_msgs/msg/detail/voxel_grid__rosidl_typesupport_fastrtps_c.h
[1.345s] -- Up-to-date symlink: /home/huuhoa/hospital_robot/install/nav2_msgs/include/nav2_msgs/nav2_msgs/msg/rosidl_typesupport_fastrtps_c__visibility_control.h
[1.345s] -- Up-to-date symlink: /home/huuhoa/hospital_robot/install/nav2_msgs/include/nav2_msgs/nav2_msgs/srv/detail/clear_costmap_around_robot__rosidl_typesupport_fastrtps_c.h
[1.346s] -- Up-to-date symlink: /home/huuhoa/hospital_robot/install/nav2_msgs/include/nav2_msgs/nav2_msgs/srv/detail/clear_costmap_except_region__rosidl_typesupport_fastrtps_c.h
[1.346s] -- Up-to-date symlink: /home/huuhoa/hospital_robot/install/nav2_msgs/include/nav2_msgs/nav2_msgs/srv/detail/clear_entire_costmap__rosidl_typesupport_fastrtps_c.h
[1.346s] -- Up-to-date symlink: /home/huuhoa/hospital_robot/install/nav2_msgs/include/nav2_msgs/nav2_msgs/srv/detail/get_costmap__rosidl_typesupport_fastrtps_c.h
[1.346s] -- Up-to-date symlink: /home/huuhoa/hospital_robot/install/nav2_msgs/include/nav2_msgs/nav2_msgs/srv/detail/is_path_valid__rosidl_typesupport_fastrtps_c.h
[1.347s] -- Up-to-date symlink: /home/huuhoa/hospital_robot/install/nav2_msgs/include/nav2_msgs/nav2_msgs/srv/detail/load_map__rosidl_typesupport_fastrtps_c.h
[1.348s] -- Up-to-date symlink: /home/huuhoa/hospital_robot/install/nav2_msgs/include/nav2_msgs/nav2_msgs/srv/detail/manage_lifecycle_nodes__rosidl_typesupport_fastrtps_c.h
[1.351s] -- Up-to-date symlink: /home/huuhoa/hospital_robot/install/nav2_msgs/include/nav2_msgs/nav2_msgs/srv/detail/save_map__rosidl_typesupport_fastrtps_c.h
[1.352s] -- Up-to-date symlink: /home/huuhoa/hospital_robot/install/nav2_msgs/include/nav2_msgs/nav2_msgs/srv/detail/set_initial_pose__rosidl_typesupport_fastrtps_c.h
[1.355s] -- Up-to-date symlink: /home/huuhoa/hospital_robot/install/nav2_msgs/include/nav2_msgs/nav2_msgs/action/assisted_teleop.hpp
[1.356s] -- Up-to-date symlink: /home/huuhoa/hospital_robot/install/nav2_msgs/include/nav2_msgs/nav2_msgs/action/back_up.hpp
[1.357s] -- Up-to-date symlink: /home/huuhoa/hospital_robot/install/nav2_msgs/include/nav2_msgs/nav2_msgs/action/compute_path_through_poses.hpp
[1.358s] -- Up-to-date symlink: /home/huuhoa/hospital_robot/install/nav2_msgs/include/nav2_msgs/nav2_msgs/action/compute_path_to_pose.hpp
[1.360s] -- Up-to-date symlink: /home/huuhoa/hospital_robot/install/nav2_msgs/include/nav2_msgs/nav2_msgs/action/detail/assisted_teleop__builder.hpp
[1.360s] -- Up-to-date symlink: /home/huuhoa/hospital_robot/install/nav2_msgs/include/nav2_msgs/nav2_msgs/action/detail/assisted_teleop__struct.hpp
[1.360s] -- Up-to-date symlink: /home/huuhoa/hospital_robot/install/nav2_msgs/include/nav2_msgs/nav2_msgs/action/detail/assisted_teleop__traits.hpp
[1.362s] -- Up-to-date symlink: /home/huuhoa/hospital_robot/install/nav2_msgs/include/nav2_msgs/nav2_msgs/action/detail/assisted_teleop__type_support.hpp
[1.362s] -- Up-to-date symlink: /home/huuhoa/hospital_robot/install/nav2_msgs/include/nav2_msgs/nav2_msgs/action/detail/back_up__builder.hpp
[1.364s] -- Up-to-date symlink: /home/huuhoa/hospital_robot/install/nav2_msgs/include/nav2_msgs/nav2_msgs/action/detail/back_up__struct.hpp
[1.365s] -- Up-to-date symlink: /home/huuhoa/hospital_robot/install/nav2_msgs/include/nav2_msgs/nav2_msgs/action/detail/back_up__traits.hpp
[1.366s] -- Up-to-date symlink: /home/huuhoa/hospital_robot/install/nav2_msgs/include/nav2_msgs/nav2_msgs/action/detail/back_up__type_support.hpp
[1.366s] -- Up-to-date symlink: /home/huuhoa/hospital_robot/install/nav2_msgs/include/nav2_msgs/nav2_msgs/action/detail/compute_path_through_poses__builder.hpp
[1.367s] -- Up-to-date symlink: /home/huuhoa/hospital_robot/install/nav2_msgs/include/nav2_msgs/nav2_msgs/action/detail/compute_path_through_poses__struct.hpp
[1.368s] -- Up-to-date symlink: /home/huuhoa/hospital_robot/install/nav2_msgs/include/nav2_msgs/nav2_msgs/action/detail/compute_path_through_poses__traits.hpp
[1.369s] -- Up-to-date symlink: /home/huuhoa/hospital_robot/install/nav2_msgs/include/nav2_msgs/nav2_msgs/action/detail/compute_path_through_poses__type_support.hpp
[1.370s] -- Up-to-date symlink: /home/huuhoa/hospital_robot/install/nav2_msgs/include/nav2_msgs/nav2_msgs/action/detail/compute_path_to_pose__builder.hpp
[1.371s] -- Up-to-date symlink: /home/huuhoa/hospital_robot/install/nav2_msgs/include/nav2_msgs/nav2_msgs/action/detail/compute_path_to_pose__struct.hpp
[1.372s] -- Up-to-date symlink: /home/huuhoa/hospital_robot/install/nav2_msgs/include/nav2_msgs/nav2_msgs/action/detail/compute_path_to_pose__traits.hpp
[1.373s] -- Up-to-date symlink: /home/huuhoa/hospital_robot/install/nav2_msgs/include/nav2_msgs/nav2_msgs/action/detail/compute_path_to_pose__type_support.hpp
[1.376s] -- Up-to-date symlink: /home/huuhoa/hospital_robot/install/nav2_msgs/include/nav2_msgs/nav2_msgs/action/detail/drive_on_heading__builder.hpp
[1.380s] -- Up-to-date symlink: /home/huuhoa/hospital_robot/install/nav2_msgs/include/nav2_msgs/nav2_msgs/action/detail/drive_on_heading__struct.hpp
[1.382s] -- Up-to-date symlink: /home/huuhoa/hospital_robot/install/nav2_msgs/include/nav2_msgs/nav2_msgs/action/detail/drive_on_heading__traits.hpp
[1.382s] -- Up-to-date symlink: /home/huuhoa/hospital_robot/install/nav2_msgs/include/nav2_msgs/nav2_msgs/action/detail/drive_on_heading__type_support.hpp
[1.385s] -- Up-to-date symlink: /home/huuhoa/hospital_robot/install/nav2_msgs/include/nav2_msgs/nav2_msgs/action/detail/dummy_behavior__builder.hpp
[1.387s] -- Up-to-date symlink: /home/huuhoa/hospital_robot/install/nav2_msgs/include/nav2_msgs/nav2_msgs/action/detail/dummy_behavior__struct.hpp
[1.387s] -- Up-to-date symlink: /home/huuhoa/hospital_robot/install/nav2_msgs/include/nav2_msgs/nav2_msgs/action/detail/dummy_behavior__traits.hpp
[1.388s] -- Up-to-date symlink: /home/huuhoa/hospital_robot/install/nav2_msgs/include/nav2_msgs/nav2_msgs/action/detail/dummy_behavior__type_support.hpp
[1.389s] -- Up-to-date symlink: /home/huuhoa/hospital_robot/install/nav2_msgs/include/nav2_msgs/nav2_msgs/action/detail/follow_path__builder.hpp
[1.390s] -- Up-to-date symlink: /home/huuhoa/hospital_robot/install/nav2_msgs/include/nav2_msgs/nav2_msgs/action/detail/follow_path__struct.hpp
[1.391s] -- Up-to-date symlink: /home/huuhoa/hospital_robot/install/nav2_msgs/include/nav2_msgs/nav2_msgs/action/detail/follow_path__traits.hpp
[1.393s] -- Up-to-date symlink: /home/huuhoa/hospital_robot/install/nav2_msgs/include/nav2_msgs/nav2_msgs/action/detail/follow_path__type_support.hpp
[1.393s] -- Up-to-date symlink: /home/huuhoa/hospital_robot/install/nav2_msgs/include/nav2_msgs/nav2_msgs/action/detail/follow_waypoints__builder.hpp
[1.394s] -- Up-to-date symlink: /home/huuhoa/hospital_robot/install/nav2_msgs/include/nav2_msgs/nav2_msgs/action/detail/follow_waypoints__struct.hpp
[1.395s] -- Up-to-date symlink: /home/huuhoa/hospital_robot/install/nav2_msgs/include/nav2_msgs/nav2_msgs/action/detail/follow_waypoints__traits.hpp
[1.397s] -- Up-to-date symlink: /home/huuhoa/hospital_robot/install/nav2_msgs/include/nav2_msgs/nav2_msgs/action/detail/follow_waypoints__type_support.hpp
[1.398s] -- Up-to-date symlink: /home/huuhoa/hospital_robot/install/nav2_msgs/include/nav2_msgs/nav2_msgs/action/detail/navigate_through_poses__builder.hpp
[1.398s] -- Up-to-date symlink: /home/huuhoa/hospital_robot/install/nav2_msgs/include/nav2_msgs/nav2_msgs/action/detail/navigate_through_poses__struct.hpp
[1.400s] -- Up-to-date symlink: /home/huuhoa/hospital_robot/install/nav2_msgs/include/nav2_msgs/nav2_msgs/action/detail/navigate_through_poses__traits.hpp
[1.400s] -- Up-to-date symlink: /home/huuhoa/hospital_robot/install/nav2_msgs/include/nav2_msgs/nav2_msgs/action/detail/navigate_through_poses__type_support.hpp
[1.401s] -- Up-to-date symlink: /home/huuhoa/hospital_robot/install/nav2_msgs/include/nav2_msgs/nav2_msgs/action/detail/navigate_to_pose__builder.hpp
[1.402s] -- Up-to-date symlink: /home/huuhoa/hospital_robot/install/nav2_msgs/include/nav2_msgs/nav2_msgs/action/detail/navigate_to_pose__struct.hpp
[1.403s] -- Up-to-date symlink: /home/huuhoa/hospital_robot/install/nav2_msgs/include/nav2_msgs/nav2_msgs/action/detail/navigate_to_pose__traits.hpp
[1.404s] -- Up-to-date symlink: /home/huuhoa/hospital_robot/install/nav2_msgs/include/nav2_msgs/nav2_msgs/action/detail/navigate_to_pose__type_support.hpp
[1.405s] -- Up-to-date symlink: /home/huuhoa/hospital_robot/install/nav2_msgs/include/nav2_msgs/nav2_msgs/action/detail/smooth_path__builder.hpp
[1.406s] -- Up-to-date symlink: /home/huuhoa/hospital_robot/install/nav2_msgs/include/nav2_msgs/nav2_msgs/action/detail/smooth_path__struct.hpp
[1.406s] -- Up-to-date symlink: /home/huuhoa/hospital_robot/install/nav2_msgs/include/nav2_msgs/nav2_msgs/action/detail/smooth_path__traits.hpp
[1.407s] -- Up-to-date symlink: /home/huuhoa/hospital_robot/install/nav2_msgs/include/nav2_msgs/nav2_msgs/action/detail/smooth_path__type_support.hpp
[1.410s] -- Up-to-date symlink: /home/huuhoa/hospital_robot/install/nav2_msgs/include/nav2_msgs/nav2_msgs/action/detail/spin__builder.hpp
[1.410s] -- Up-to-date symlink: /home/huuhoa/hospital_robot/install/nav2_msgs/include/nav2_msgs/nav2_msgs/action/detail/spin__struct.hpp
[1.410s] -- Up-to-date symlink: /home/huuhoa/hospital_robot/install/nav2_msgs/include/nav2_msgs/nav2_msgs/action/detail/spin__traits.hpp
[1.410s] -- Up-to-date symlink: /home/huuhoa/hospital_robot/install/nav2_msgs/include/nav2_msgs/nav2_msgs/action/detail/spin__type_support.hpp
[1.411s] -- Up-to-date symlink: /home/huuhoa/hospital_robot/install/nav2_msgs/include/nav2_msgs/nav2_msgs/action/detail/wait__builder.hpp
[1.412s] -- Up-to-date symlink: /home/huuhoa/hospital_robot/install/nav2_msgs/include/nav2_msgs/nav2_msgs/action/detail/wait__struct.hpp
[1.412s] -- Up-to-date symlink: /home/huuhoa/hospital_robot/install/nav2_msgs/include/nav2_msgs/nav2_msgs/action/detail/wait__traits.hpp
[1.413s] -- Up-to-date symlink: /home/huuhoa/hospital_robot/install/nav2_msgs/include/nav2_msgs/nav2_msgs/action/detail/wait__type_support.hpp
[1.414s] -- Up-to-date symlink: /home/huuhoa/hospital_robot/install/nav2_msgs/include/nav2_msgs/nav2_msgs/action/drive_on_heading.hpp
[1.415s] -- Up-to-date symlink: /home/huuhoa/hospital_robot/install/nav2_msgs/include/nav2_msgs/nav2_msgs/action/dummy_behavior.hpp
[1.415s] -- Up-to-date symlink: /home/huuhoa/hospital_robot/install/nav2_msgs/include/nav2_msgs/nav2_msgs/action/follow_path.hpp
[1.417s] -- Up-to-date symlink: /home/huuhoa/hospital_robot/install/nav2_msgs/include/nav2_msgs/nav2_msgs/action/follow_waypoints.hpp
[1.417s] -- Up-to-date symlink: /home/huuhoa/hospital_robot/install/nav2_msgs/include/nav2_msgs/nav2_msgs/action/navigate_through_poses.hpp
[1.417s] -- Up-to-date symlink: /home/huuhoa/hospital_robot/install/nav2_msgs/include/nav2_msgs/nav2_msgs/action/navigate_to_pose.hpp
[1.418s] -- Up-to-date symlink: /home/huuhoa/hospital_robot/install/nav2_msgs/include/nav2_msgs/nav2_msgs/action/smooth_path.hpp
[1.420s] -- Up-to-date symlink: /home/huuhoa/hospital_robot/install/nav2_msgs/include/nav2_msgs/nav2_msgs/action/spin.hpp
[1.421s] -- Up-to-date symlink: /home/huuhoa/hospital_robot/install/nav2_msgs/include/nav2_msgs/nav2_msgs/action/wait.hpp
[1.421s] -- Up-to-date symlink: /home/huuhoa/hospital_robot/install/nav2_msgs/include/nav2_msgs/nav2_msgs/msg/behavior_tree_log.hpp
[1.422s] -- Up-to-date symlink: /home/huuhoa/hospital_robot/install/nav2_msgs/include/nav2_msgs/nav2_msgs/msg/behavior_tree_status_change.hpp
[1.422s] -- Up-to-date symlink: /home/huuhoa/hospital_robot/install/nav2_msgs/include/nav2_msgs/nav2_msgs/msg/collision_monitor_state.hpp
[1.423s] -- Up-to-date symlink: /home/huuhoa/hospital_robot/install/nav2_msgs/include/nav2_msgs/nav2_msgs/msg/costmap.hpp
[1.423s] -- Up-to-date symlink: /home/huuhoa/hospital_robot/install/nav2_msgs/include/nav2_msgs/nav2_msgs/msg/costmap_filter_info.hpp
[1.426s] -- Up-to-date symlink: /home/huuhoa/hospital_robot/install/nav2_msgs/include/nav2_msgs/nav2_msgs/msg/costmap_meta_data.hpp
[1.426s] -- Up-to-date symlink: /home/huuhoa/hospital_robot/install/nav2_msgs/include/nav2_msgs/nav2_msgs/msg/detail/behavior_tree_log__builder.hpp
[1.427s] -- Up-to-date symlink: /home/huuhoa/hospital_robot/install/nav2_msgs/include/nav2_msgs/nav2_msgs/msg/detail/behavior_tree_log__struct.hpp
[1.427s] -- Up-to-date symlink: /home/huuhoa/hospital_robot/install/nav2_msgs/include/nav2_msgs/nav2_msgs/msg/detail/behavior_tree_log__traits.hpp
[1.427s] -- Up-to-date symlink: /home/huuhoa/hospital_robot/install/nav2_msgs/include/nav2_msgs/nav2_msgs/msg/detail/behavior_tree_log__type_support.hpp
[1.427s] -- Up-to-date symlink: /home/huuhoa/hospital_robot/install/nav2_msgs/include/nav2_msgs/nav2_msgs/msg/detail/behavior_tree_status_change__builder.hpp
[1.428s] -- Up-to-date symlink: /home/huuhoa/hospital_robot/install/nav2_msgs/include/nav2_msgs/nav2_msgs/msg/detail/behavior_tree_status_change__struct.hpp
[1.429s] -- Up-to-date symlink: /home/huuhoa/hospital_robot/install/nav2_msgs/include/nav2_msgs/nav2_msgs/msg/detail/behavior_tree_status_change__traits.hpp
[1.430s] -- Up-to-date symlink: /home/huuhoa/hospital_robot/install/nav2_msgs/include/nav2_msgs/nav2_msgs/msg/detail/behavior_tree_status_change__type_support.hpp
[1.431s] -- Up-to-date symlink: /home/huuhoa/hospital_robot/install/nav2_msgs/include/nav2_msgs/nav2_msgs/msg/detail/collision_monitor_state__builder.hpp
[1.432s] -- Up-to-date symlink: /home/huuhoa/hospital_robot/install/nav2_msgs/include/nav2_msgs/nav2_msgs/msg/detail/collision_monitor_state__struct.hpp
[1.433s] -- Up-to-date symlink: /home/huuhoa/hospital_robot/install/nav2_msgs/include/nav2_msgs/nav2_msgs/msg/detail/collision_monitor_state__traits.hpp
[1.433s] -- Up-to-date symlink: /home/huuhoa/hospital_robot/install/nav2_msgs/include/nav2_msgs/nav2_msgs/msg/detail/collision_monitor_state__type_support.hpp
[1.435s] -- Up-to-date symlink: /home/huuhoa/hospital_robot/install/nav2_msgs/include/nav2_msgs/nav2_msgs/msg/detail/costmap__builder.hpp
[1.435s] -- Up-to-date symlink: /home/huuhoa/hospital_robot/install/nav2_msgs/include/nav2_msgs/nav2_msgs/msg/detail/costmap__struct.hpp
[1.436s] -- Up-to-date symlink: /home/huuhoa/hospital_robot/install/nav2_msgs/include/nav2_msgs/nav2_msgs/msg/detail/costmap__traits.hpp
[1.437s] -- Up-to-date symlink: /home/huuhoa/hospital_robot/install/nav2_msgs/include/nav2_msgs/nav2_msgs/msg/detail/costmap__type_support.hpp
[1.438s] -- Up-to-date symlink: /home/huuhoa/hospital_robot/install/nav2_msgs/include/nav2_msgs/nav2_msgs/msg/detail/costmap_filter_info__builder.hpp
[1.438s] -- Up-to-date symlink: /home/huuhoa/hospital_robot/install/nav2_msgs/include/nav2_msgs/nav2_msgs/msg/detail/costmap_filter_info__struct.hpp
[1.439s] -- Up-to-date symlink: /home/huuhoa/hospital_robot/install/nav2_msgs/include/nav2_msgs/nav2_msgs/msg/detail/costmap_filter_info__traits.hpp
[1.441s] -- Up-to-date symlink: /home/huuhoa/hospital_robot/install/nav2_msgs/include/nav2_msgs/nav2_msgs/msg/detail/costmap_filter_info__type_support.hpp
[1.441s] -- Up-to-date symlink: /home/huuhoa/hospital_robot/install/nav2_msgs/include/nav2_msgs/nav2_msgs/msg/detail/costmap_meta_data__builder.hpp
[1.444s] -- Up-to-date symlink: /home/huuhoa/hospital_robot/install/nav2_msgs/include/nav2_msgs/nav2_msgs/msg/detail/costmap_meta_data__struct.hpp
[1.444s] -- Up-to-date symlink: /home/huuhoa/hospital_robot/install/nav2_msgs/include/nav2_msgs/nav2_msgs/msg/detail/costmap_meta_data__traits.hpp
[1.444s] -- Up-to-date symlink: /home/huuhoa/hospital_robot/install/nav2_msgs/include/nav2_msgs/nav2_msgs/msg/detail/costmap_meta_data__type_support.hpp
[1.445s] -- Up-to-date symlink: /home/huuhoa/hospital_robot/install/nav2_msgs/include/nav2_msgs/nav2_msgs/msg/detail/particle__builder.hpp
[1.445s] -- Up-to-date symlink: /home/huuhoa/hospital_robot/install/nav2_msgs/include/nav2_msgs/nav2_msgs/msg/detail/particle__struct.hpp
[1.446s] -- Up-to-date symlink: /home/huuhoa/hospital_robot/install/nav2_msgs/include/nav2_msgs/nav2_msgs/msg/detail/particle__traits.hpp
[1.448s] -- Up-to-date symlink: /home/huuhoa/hospital_robot/install/nav2_msgs/include/nav2_msgs/nav2_msgs/msg/detail/particle__type_support.hpp
[1.451s] -- Up-to-date symlink: /home/huuhoa/hospital_robot/install/nav2_msgs/include/nav2_msgs/nav2_msgs/msg/detail/particle_cloud__builder.hpp
[1.451s] -- Up-to-date symlink: /home/huuhoa/hospital_robot/install/nav2_msgs/include/nav2_msgs/nav2_msgs/msg/detail/particle_cloud__struct.hpp
[1.451s] -- Up-to-date symlink: /home/huuhoa/hospital_robot/install/nav2_msgs/include/nav2_msgs/nav2_msgs/msg/detail/particle_cloud__traits.hpp
[1.452s] -- Up-to-date symlink: /home/huuhoa/hospital_robot/install/nav2_msgs/include/nav2_msgs/nav2_msgs/msg/detail/particle_cloud__type_support.hpp
[1.453s] -- Up-to-date symlink: /home/huuhoa/hospital_robot/install/nav2_msgs/include/nav2_msgs/nav2_msgs/msg/detail/speed_limit__builder.hpp
[1.455s] -- Up-to-date symlink: /home/huuhoa/hospital_robot/install/nav2_msgs/include/nav2_msgs/nav2_msgs/msg/detail/speed_limit__struct.hpp
[1.456s] -- Up-to-date symlink: /home/huuhoa/hospital_robot/install/nav2_msgs/include/nav2_msgs/nav2_msgs/msg/detail/speed_limit__traits.hpp
[1.457s] -- Up-to-date symlink: /home/huuhoa/hospital_robot/install/nav2_msgs/include/nav2_msgs/nav2_msgs/msg/detail/speed_limit__type_support.hpp
[1.459s] -- Up-to-date symlink: /home/huuhoa/hospital_robot/install/nav2_msgs/include/nav2_msgs/nav2_msgs/msg/detail/voxel_grid__builder.hpp
[1.460s] -- Up-to-date symlink: /home/huuhoa/hospital_robot/install/nav2_msgs/include/nav2_msgs/nav2_msgs/msg/detail/voxel_grid__struct.hpp
[1.460s] -- Up-to-date symlink: /home/huuhoa/hospital_robot/install/nav2_msgs/include/nav2_msgs/nav2_msgs/msg/detail/voxel_grid__traits.hpp
[1.465s] -- Up-to-date symlink: /home/huuhoa/hospital_robot/install/nav2_msgs/include/nav2_msgs/nav2_msgs/msg/detail/voxel_grid__type_support.hpp
[1.467s] -- Up-to-date symlink: /home/huuhoa/hospital_robot/install/nav2_msgs/include/nav2_msgs/nav2_msgs/msg/particle.hpp
[1.467s] -- Up-to-date symlink: /home/huuhoa/hospital_robot/install/nav2_msgs/include/nav2_msgs/nav2_msgs/msg/particle_cloud.hpp
[1.468s] -- Up-to-date symlink: /home/huuhoa/hospital_robot/install/nav2_msgs/include/nav2_msgs/nav2_msgs/msg/rosidl_generator_cpp__visibility_control.hpp
[1.469s] -- Up-to-date symlink: /home/huuhoa/hospital_robot/install/nav2_msgs/include/nav2_msgs/nav2_msgs/msg/speed_limit.hpp
[1.472s] -- Up-to-date symlink: /home/huuhoa/hospital_robot/install/nav2_msgs/include/nav2_msgs/nav2_msgs/msg/voxel_grid.hpp
[1.472s] -- Up-to-date symlink: /home/huuhoa/hospital_robot/install/nav2_msgs/include/nav2_msgs/nav2_msgs/srv/clear_costmap_around_robot.hpp
[1.474s] -- Up-to-date symlink: /home/huuhoa/hospital_robot/install/nav2_msgs/include/nav2_msgs/nav2_msgs/srv/clear_costmap_except_region.hpp
[1.484s] -- Up-to-date symlink: /home/huuhoa/hospital_robot/install/nav2_msgs/include/nav2_msgs/nav2_msgs/srv/clear_entire_costmap.hpp
[1.484s] -- Up-to-date symlink: /home/huuhoa/hospital_robot/install/nav2_msgs/include/nav2_msgs/nav2_msgs/srv/detail/clear_costmap_around_robot__builder.hpp
[1.484s] -- Up-to-date symlink: /home/huuhoa/hospital_robot/install/nav2_msgs/include/nav2_msgs/nav2_msgs/srv/detail/clear_costmap_around_robot__struct.hpp
[1.484s] -- Up-to-date symlink: /home/huuhoa/hospital_robot/install/nav2_msgs/include/nav2_msgs/nav2_msgs/srv/detail/clear_costmap_around_robot__traits.hpp
[1.484s] -- Up-to-date symlink: /home/huuhoa/hospital_robot/install/nav2_msgs/include/nav2_msgs/nav2_msgs/srv/detail/clear_costmap_around_robot__type_support.hpp
[1.490s] -- Up-to-date symlink: /home/huuhoa/hospital_robot/install/nav2_msgs/include/nav2_msgs/nav2_msgs/srv/detail/clear_costmap_except_region__builder.hpp
[1.491s] -- Up-to-date symlink: /home/huuhoa/hospital_robot/install/nav2_msgs/include/nav2_msgs/nav2_msgs/srv/detail/clear_costmap_except_region__struct.hpp
[1.491s] -- Up-to-date symlink: /home/huuhoa/hospital_robot/install/nav2_msgs/include/nav2_msgs/nav2_msgs/srv/detail/clear_costmap_except_region__traits.hpp
[1.493s] -- Up-to-date symlink: /home/huuhoa/hospital_robot/install/nav2_msgs/include/nav2_msgs/nav2_msgs/srv/detail/clear_costmap_except_region__type_support.hpp
[1.495s] -- Up-to-date symlink: /home/huuhoa/hospital_robot/install/nav2_msgs/include/nav2_msgs/nav2_msgs/srv/detail/clear_entire_costmap__builder.hpp
[1.496s] -- Up-to-date symlink: /home/huuhoa/hospital_robot/install/nav2_msgs/include/nav2_msgs/nav2_msgs/srv/detail/clear_entire_costmap__struct.hpp
[1.497s] -- Up-to-date symlink: /home/huuhoa/hospital_robot/install/nav2_msgs/include/nav2_msgs/nav2_msgs/srv/detail/clear_entire_costmap__traits.hpp
[1.498s] -- Up-to-date symlink: /home/huuhoa/hospital_robot/install/nav2_msgs/include/nav2_msgs/nav2_msgs/srv/detail/clear_entire_costmap__type_support.hpp
[1.499s] -- Up-to-date symlink: /home/huuhoa/hospital_robot/install/nav2_msgs/include/nav2_msgs/nav2_msgs/srv/detail/get_costmap__builder.hpp
[1.500s] -- Up-to-date symlink: /home/huuhoa/hospital_robot/install/nav2_msgs/include/nav2_msgs/nav2_msgs/srv/detail/get_costmap__struct.hpp
[1.503s] -- Up-to-date symlink: /home/huuhoa/hospital_robot/install/nav2_msgs/include/nav2_msgs/nav2_msgs/srv/detail/get_costmap__traits.hpp
[1.504s] -- Up-to-date symlink: /home/huuhoa/hospital_robot/install/nav2_msgs/include/nav2_msgs/nav2_msgs/srv/detail/get_costmap__type_support.hpp
[1.505s] -- Up-to-date symlink: /home/huuhoa/hospital_robot/install/nav2_msgs/include/nav2_msgs/nav2_msgs/srv/detail/is_path_valid__builder.hpp
[1.506s] -- Up-to-date symlink: /home/huuhoa/hospital_robot/install/nav2_msgs/include/nav2_msgs/nav2_msgs/srv/detail/is_path_valid__struct.hpp
[1.507s] -- Up-to-date symlink: /home/huuhoa/hospital_robot/install/nav2_msgs/include/nav2_msgs/nav2_msgs/srv/detail/is_path_valid__traits.hpp
[1.509s] -- Up-to-date symlink: /home/huuhoa/hospital_robot/install/nav2_msgs/include/nav2_msgs/nav2_msgs/srv/detail/is_path_valid__type_support.hpp
[1.509s] -- Up-to-date symlink: /home/huuhoa/hospital_robot/install/nav2_msgs/include/nav2_msgs/nav2_msgs/srv/detail/load_map__builder.hpp
[1.509s] -- Up-to-date symlink: /home/huuhoa/hospital_robot/install/nav2_msgs/include/nav2_msgs/nav2_msgs/srv/detail/load_map__struct.hpp
[1.512s] -- Up-to-date symlink: /home/huuhoa/hospital_robot/install/nav2_msgs/include/nav2_msgs/nav2_msgs/srv/detail/load_map__traits.hpp
[1.512s] -- Up-to-date symlink: /home/huuhoa/hospital_robot/install/nav2_msgs/include/nav2_msgs/nav2_msgs/srv/detail/load_map__type_support.hpp
[1.512s] -- Up-to-date symlink: /home/huuhoa/hospital_robot/install/nav2_msgs/include/nav2_msgs/nav2_msgs/srv/detail/manage_lifecycle_nodes__builder.hpp
[1.512s] -- Up-to-date symlink: /home/huuhoa/hospital_robot/install/nav2_msgs/include/nav2_msgs/nav2_msgs/srv/detail/manage_lifecycle_nodes__struct.hpp
[1.514s] -- Up-to-date symlink: /home/huuhoa/hospital_robot/install/nav2_msgs/include/nav2_msgs/nav2_msgs/srv/detail/manage_lifecycle_nodes__traits.hpp
[1.514s] -- Up-to-date symlink: /home/huuhoa/hospital_robot/install/nav2_msgs/include/nav2_msgs/nav2_msgs/srv/detail/manage_lifecycle_nodes__type_support.hpp
[1.515s] -- Up-to-date symlink: /home/huuhoa/hospital_robot/install/nav2_msgs/include/nav2_msgs/nav2_msgs/srv/detail/save_map__builder.hpp
[1.520s] -- Up-to-date symlink: /home/huuhoa/hospital_robot/install/nav2_msgs/include/nav2_msgs/nav2_msgs/srv/detail/save_map__struct.hpp
[1.521s] -- Up-to-date symlink: /home/huuhoa/hospital_robot/install/nav2_msgs/include/nav2_msgs/nav2_msgs/srv/detail/save_map__traits.hpp
[1.522s] -- Up-to-date symlink: /home/huuhoa/hospital_robot/install/nav2_msgs/include/nav2_msgs/nav2_msgs/srv/detail/save_map__type_support.hpp
[1.522s] -- Up-to-date symlink: /home/huuhoa/hospital_robot/install/nav2_msgs/include/nav2_msgs/nav2_msgs/srv/detail/set_initial_pose__builder.hpp
[1.524s] -- Up-to-date symlink: /home/huuhoa/hospital_robot/install/nav2_msgs/include/nav2_msgs/nav2_msgs/srv/detail/set_initial_pose__struct.hpp
[1.524s] -- Up-to-date symlink: /home/huuhoa/hospital_robot/install/nav2_msgs/include/nav2_msgs/nav2_msgs/srv/detail/set_initial_pose__traits.hpp
[1.524s] -- Up-to-date symlink: /home/huuhoa/hospital_robot/install/nav2_msgs/include/nav2_msgs/nav2_msgs/srv/detail/set_initial_pose__type_support.hpp
[1.525s] -- Up-to-date symlink: /home/huuhoa/hospital_robot/install/nav2_msgs/include/nav2_msgs/nav2_msgs/srv/get_costmap.hpp
[1.526s] -- Up-to-date symlink: /home/huuhoa/hospital_robot/install/nav2_msgs/include/nav2_msgs/nav2_msgs/srv/is_path_valid.hpp
[1.527s] -- Up-to-date symlink: /home/huuhoa/hospital_robot/install/nav2_msgs/include/nav2_msgs/nav2_msgs/srv/load_map.hpp
[1.528s] -- Up-to-date symlink: /home/huuhoa/hospital_robot/install/nav2_msgs/include/nav2_msgs/nav2_msgs/srv/manage_lifecycle_nodes.hpp
[1.529s] -- Up-to-date symlink: /home/huuhoa/hospital_robot/install/nav2_msgs/include/nav2_msgs/nav2_msgs/srv/save_map.hpp
[1.530s] -- Up-to-date symlink: /home/huuhoa/hospital_robot/install/nav2_msgs/include/nav2_msgs/nav2_msgs/srv/set_initial_pose.hpp
[1.532s] -- Up-to-date symlink: /home/huuhoa/hospital_robot/install/nav2_msgs/include/nav2_msgs/nav2_msgs/action/detail/assisted_teleop__rosidl_typesupport_fastrtps_cpp.hpp
[1.533s] -- Up-to-date symlink: /home/huuhoa/hospital_robot/install/nav2_msgs/include/nav2_msgs/nav2_msgs/action/detail/back_up__rosidl_typesupport_fastrtps_cpp.hpp
[1.534s] -- Up-to-date symlink: /home/huuhoa/hospital_robot/install/nav2_msgs/include/nav2_msgs/nav2_msgs/action/detail/compute_path_through_poses__rosidl_typesupport_fastrtps_cpp.hpp
[1.535s] -- Up-to-date symlink: /home/huuhoa/hospital_robot/install/nav2_msgs/include/nav2_msgs/nav2_msgs/action/detail/compute_path_to_pose__rosidl_typesupport_fastrtps_cpp.hpp
[1.536s] -- Up-to-date symlink: /home/huuhoa/hospital_robot/install/nav2_msgs/include/nav2_msgs/nav2_msgs/action/detail/drive_on_heading__rosidl_typesupport_fastrtps_cpp.hpp
[1.537s] -- Up-to-date symlink: /home/huuhoa/hospital_robot/install/nav2_msgs/include/nav2_msgs/nav2_msgs/action/detail/dummy_behavior__rosidl_typesupport_fastrtps_cpp.hpp
[1.537s] -- Up-to-date symlink: /home/huuhoa/hospital_robot/install/nav2_msgs/include/nav2_msgs/nav2_msgs/action/detail/follow_path__rosidl_typesupport_fastrtps_cpp.hpp
[1.539s] -- Up-to-date symlink: /home/huuhoa/hospital_robot/install/nav2_msgs/include/nav2_msgs/nav2_msgs/action/detail/follow_waypoints__rosidl_typesupport_fastrtps_cpp.hpp
[1.540s] -- Up-to-date symlink: /home/huuhoa/hospital_robot/install/nav2_msgs/include/nav2_msgs/nav2_msgs/action/detail/navigate_through_poses__rosidl_typesupport_fastrtps_cpp.hpp
[1.540s] -- Up-to-date symlink: /home/huuhoa/hospital_robot/install/nav2_msgs/include/nav2_msgs/nav2_msgs/action/detail/navigate_to_pose__rosidl_typesupport_fastrtps_cpp.hpp
[1.541s] -- Up-to-date symlink: /home/huuhoa/hospital_robot/install/nav2_msgs/include/nav2_msgs/nav2_msgs/action/detail/smooth_path__rosidl_typesupport_fastrtps_cpp.hpp
[1.548s] -- Up-to-date symlink: /home/huuhoa/hospital_robot/install/nav2_msgs/include/nav2_msgs/nav2_msgs/action/detail/spin__rosidl_typesupport_fastrtps_cpp.hpp
[1.549s] -- Up-to-date symlink: /home/huuhoa/hospital_robot/install/nav2_msgs/include/nav2_msgs/nav2_msgs/action/detail/wait__rosidl_typesupport_fastrtps_cpp.hpp
[1.549s] -- Up-to-date symlink: /home/huuhoa/hospital_robot/install/nav2_msgs/include/nav2_msgs/nav2_msgs/msg/detail/behavior_tree_log__rosidl_typesupport_fastrtps_cpp.hpp
[1.549s] -- Up-to-date symlink: /home/huuhoa/hospital_robot/install/nav2_msgs/include/nav2_msgs/nav2_msgs/msg/detail/behavior_tree_status_change__rosidl_typesupport_fastrtps_cpp.hpp
[1.549s] -- Up-to-date symlink: /home/huuhoa/hospital_robot/install/nav2_msgs/include/nav2_msgs/nav2_msgs/msg/detail/collision_monitor_state__rosidl_typesupport_fastrtps_cpp.hpp
[1.549s] -- Up-to-date symlink: /home/huuhoa/hospital_robot/install/nav2_msgs/include/nav2_msgs/nav2_msgs/msg/detail/costmap__rosidl_typesupport_fastrtps_cpp.hpp
[1.551s] -- Up-to-date symlink: /home/huuhoa/hospital_robot/install/nav2_msgs/include/nav2_msgs/nav2_msgs/msg/detail/costmap_filter_info__rosidl_typesupport_fastrtps_cpp.hpp
[1.552s] -- Up-to-date symlink: /home/huuhoa/hospital_robot/install/nav2_msgs/include/nav2_msgs/nav2_msgs/msg/detail/costmap_meta_data__rosidl_typesupport_fastrtps_cpp.hpp
[1.555s] -- Up-to-date symlink: /home/huuhoa/hospital_robot/install/nav2_msgs/include/nav2_msgs/nav2_msgs/msg/detail/particle__rosidl_typesupport_fastrtps_cpp.hpp
[1.556s] -- Up-to-date symlink: /home/huuhoa/hospital_robot/install/nav2_msgs/include/nav2_msgs/nav2_msgs/msg/detail/particle_cloud__rosidl_typesupport_fastrtps_cpp.hpp
[1.556s] -- Up-to-date symlink: /home/huuhoa/hospital_robot/install/nav2_msgs/include/nav2_msgs/nav2_msgs/msg/detail/speed_limit__rosidl_typesupport_fastrtps_cpp.hpp
[1.557s] -- Up-to-date symlink: /home/huuhoa/hospital_robot/install/nav2_msgs/include/nav2_msgs/nav2_msgs/msg/detail/voxel_grid__rosidl_typesupport_fastrtps_cpp.hpp
[1.557s] -- Up-to-date symlink: /home/huuhoa/hospital_robot/install/nav2_msgs/include/nav2_msgs/nav2_msgs/msg/rosidl_typesupport_fastrtps_cpp__visibility_control.h
[1.557s] -- Up-to-date symlink: /home/huuhoa/hospital_robot/install/nav2_msgs/include/nav2_msgs/nav2_msgs/srv/detail/clear_costmap_around_robot__rosidl_typesupport_fastrtps_cpp.hpp
[1.558s] -- Up-to-date symlink: /home/huuhoa/hospital_robot/install/nav2_msgs/include/nav2_msgs/nav2_msgs/srv/detail/clear_costmap_except_region__rosidl_typesupport_fastrtps_cpp.hpp
[1.558s] -- Up-to-date symlink: /home/huuhoa/hospital_robot/install/nav2_msgs/include/nav2_msgs/nav2_msgs/srv/detail/clear_entire_costmap__rosidl_typesupport_fastrtps_cpp.hpp
[1.558s] -- Up-to-date symlink: /home/huuhoa/hospital_robot/install/nav2_msgs/include/nav2_msgs/nav2_msgs/srv/detail/get_costmap__rosidl_typesupport_fastrtps_cpp.hpp
[1.559s] -- Up-to-date symlink: /home/huuhoa/hospital_robot/install/nav2_msgs/include/nav2_msgs/nav2_msgs/srv/detail/is_path_valid__rosidl_typesupport_fastrtps_cpp.hpp
[1.560s] -- Up-to-date symlink: /home/huuhoa/hospital_robot/install/nav2_msgs/include/nav2_msgs/nav2_msgs/srv/detail/load_map__rosidl_typesupport_fastrtps_cpp.hpp
[1.561s] -- Up-to-date symlink: /home/huuhoa/hospital_robot/install/nav2_msgs/include/nav2_msgs/nav2_msgs/srv/detail/manage_lifecycle_nodes__rosidl_typesupport_fastrtps_cpp.hpp
[1.561s] -- Up-to-date symlink: /home/huuhoa/hospital_robot/install/nav2_msgs/include/nav2_msgs/nav2_msgs/srv/detail/save_map__rosidl_typesupport_fastrtps_cpp.hpp
[1.562s] -- Up-to-date symlink: /home/huuhoa/hospital_robot/install/nav2_msgs/include/nav2_msgs/nav2_msgs/srv/detail/set_initial_pose__rosidl_typesupport_fastrtps_cpp.hpp
[1.564s] -- Up-to-date symlink: /home/huuhoa/hospital_robot/install/nav2_msgs/include/nav2_msgs/nav2_msgs/action/detail/assisted_teleop__rosidl_typesupport_introspection_c.h
[1.565s] -- Up-to-date symlink: /home/huuhoa/hospital_robot/install/nav2_msgs/include/nav2_msgs/nav2_msgs/action/detail/back_up__rosidl_typesupport_introspection_c.h
[1.566s] -- Up-to-date symlink: /home/huuhoa/hospital_robot/install/nav2_msgs/include/nav2_msgs/nav2_msgs/action/detail/compute_path_through_poses__rosidl_typesupport_introspection_c.h
[1.567s] -- Up-to-date symlink: /home/huuhoa/hospital_robot/install/nav2_msgs/include/nav2_msgs/nav2_msgs/action/detail/compute_path_to_pose__rosidl_typesupport_introspection_c.h
[1.568s] -- Up-to-date symlink: /home/huuhoa/hospital_robot/install/nav2_msgs/include/nav2_msgs/nav2_msgs/action/detail/drive_on_heading__rosidl_typesupport_introspection_c.h
[1.569s] -- Up-to-date symlink: /home/huuhoa/hospital_robot/install/nav2_msgs/include/nav2_msgs/nav2_msgs/action/detail/dummy_behavior__rosidl_typesupport_introspection_c.h
[1.570s] -- Up-to-date symlink: /home/huuhoa/hospital_robot/install/nav2_msgs/include/nav2_msgs/nav2_msgs/action/detail/follow_path__rosidl_typesupport_introspection_c.h
[1.571s] -- Up-to-date symlink: /home/huuhoa/hospital_robot/install/nav2_msgs/include/nav2_msgs/nav2_msgs/action/detail/follow_waypoints__rosidl_typesupport_introspection_c.h
[1.571s] -- Up-to-date symlink: /home/huuhoa/hospital_robot/install/nav2_msgs/include/nav2_msgs/nav2_msgs/action/detail/navigate_through_poses__rosidl_typesupport_introspection_c.h
[1.576s] -- Up-to-date symlink: /home/huuhoa/hospital_robot/install/nav2_msgs/include/nav2_msgs/nav2_msgs/action/detail/navigate_to_pose__rosidl_typesupport_introspection_c.h
[1.576s] -- Up-to-date symlink: /home/huuhoa/hospital_robot/install/nav2_msgs/include/nav2_msgs/nav2_msgs/action/detail/smooth_path__rosidl_typesupport_introspection_c.h
[1.578s] -- Up-to-date symlink: /home/huuhoa/hospital_robot/install/nav2_msgs/include/nav2_msgs/nav2_msgs/action/detail/spin__rosidl_typesupport_introspection_c.h
[1.584s] -- Up-to-date symlink: /home/huuhoa/hospital_robot/install/nav2_msgs/include/nav2_msgs/nav2_msgs/action/detail/wait__rosidl_typesupport_introspection_c.h
[1.586s] -- Up-to-date symlink: /home/huuhoa/hospital_robot/install/nav2_msgs/include/nav2_msgs/nav2_msgs/msg/detail/behavior_tree_log__rosidl_typesupport_introspection_c.h
[1.587s] -- Up-to-date symlink: /home/huuhoa/hospital_robot/install/nav2_msgs/include/nav2_msgs/nav2_msgs/msg/detail/behavior_tree_status_change__rosidl_typesupport_introspection_c.h
[1.589s] -- Up-to-date symlink: /home/huuhoa/hospital_robot/install/nav2_msgs/include/nav2_msgs/nav2_msgs/msg/detail/collision_monitor_state__rosidl_typesupport_introspection_c.h
[1.590s] -- Up-to-date symlink: /home/huuhoa/hospital_robot/install/nav2_msgs/include/nav2_msgs/nav2_msgs/msg/detail/costmap__rosidl_typesupport_introspection_c.h
[1.591s] -- Up-to-date symlink: /home/huuhoa/hospital_robot/install/nav2_msgs/include/nav2_msgs/nav2_msgs/msg/detail/costmap_filter_info__rosidl_typesupport_introspection_c.h
[1.593s] -- Up-to-date symlink: /home/huuhoa/hospital_robot/install/nav2_msgs/include/nav2_msgs/nav2_msgs/msg/detail/costmap_meta_data__rosidl_typesupport_introspection_c.h
[1.593s] -- Up-to-date symlink: /home/huuhoa/hospital_robot/install/nav2_msgs/include/nav2_msgs/nav2_msgs/msg/detail/particle__rosidl_typesupport_introspection_c.h
[1.597s] -- Up-to-date symlink: /home/huuhoa/hospital_robot/install/nav2_msgs/include/nav2_msgs/nav2_msgs/msg/detail/particle_cloud__rosidl_typesupport_introspection_c.h
[1.598s] -- Up-to-date symlink: /home/huuhoa/hospital_robot/install/nav2_msgs/include/nav2_msgs/nav2_msgs/msg/detail/speed_limit__rosidl_typesupport_introspection_c.h
[1.598s] -- Up-to-date symlink: /home/huuhoa/hospital_robot/install/nav2_msgs/include/nav2_msgs/nav2_msgs/msg/detail/voxel_grid__rosidl_typesupport_introspection_c.h
[1.598s] -- Up-to-date symlink: /home/huuhoa/hospital_robot/install/nav2_msgs/include/nav2_msgs/nav2_msgs/msg/rosidl_typesupport_introspection_c__visibility_control.h
[1.599s] -- Up-to-date symlink: /home/huuhoa/hospital_robot/install/nav2_msgs/include/nav2_msgs/nav2_msgs/srv/detail/clear_costmap_around_robot__rosidl_typesupport_introspection_c.h
[1.601s] -- Up-to-date symlink: /home/huuhoa/hospital_robot/install/nav2_msgs/include/nav2_msgs/nav2_msgs/srv/detail/clear_costmap_except_region__rosidl_typesupport_introspection_c.h
[1.601s] -- Up-to-date symlink: /home/huuhoa/hospital_robot/install/nav2_msgs/include/nav2_msgs/nav2_msgs/srv/detail/clear_entire_costmap__rosidl_typesupport_introspection_c.h
[1.602s] -- Up-to-date symlink: /home/huuhoa/hospital_robot/install/nav2_msgs/include/nav2_msgs/nav2_msgs/srv/detail/get_costmap__rosidl_typesupport_introspection_c.h
[1.603s] -- Up-to-date symlink: /home/huuhoa/hospital_robot/install/nav2_msgs/include/nav2_msgs/nav2_msgs/srv/detail/is_path_valid__rosidl_typesupport_introspection_c.h
[1.604s] -- Up-to-date symlink: /home/huuhoa/hospital_robot/install/nav2_msgs/include/nav2_msgs/nav2_msgs/srv/detail/load_map__rosidl_typesupport_introspection_c.h
[1.605s] -- Up-to-date symlink: /home/huuhoa/hospital_robot/install/nav2_msgs/include/nav2_msgs/nav2_msgs/srv/detail/manage_lifecycle_nodes__rosidl_typesupport_introspection_c.h
[1.606s] -- Up-to-date symlink: /home/huuhoa/hospital_robot/install/nav2_msgs/include/nav2_msgs/nav2_msgs/srv/detail/save_map__rosidl_typesupport_introspection_c.h
[1.606s] -- Up-to-date symlink: /home/huuhoa/hospital_robot/install/nav2_msgs/include/nav2_msgs/nav2_msgs/srv/detail/set_initial_pose__rosidl_typesupport_introspection_c.h
[1.609s] -- Up-to-date symlink: /home/huuhoa/hospital_robot/install/nav2_msgs/include/nav2_msgs/nav2_msgs/action/detail/assisted_teleop__rosidl_typesupport_introspection_cpp.hpp
[1.611s] -- Up-to-date symlink: /home/huuhoa/hospital_robot/install/nav2_msgs/include/nav2_msgs/nav2_msgs/action/detail/back_up__rosidl_typesupport_introspection_cpp.hpp
[1.611s] -- Up-to-date symlink: /home/huuhoa/hospital_robot/install/nav2_msgs/include/nav2_msgs/nav2_msgs/action/detail/compute_path_through_poses__rosidl_typesupport_introspection_cpp.hpp
[1.613s] -- Up-to-date symlink: /home/huuhoa/hospital_robot/install/nav2_msgs/include/nav2_msgs/nav2_msgs/action/detail/compute_path_to_pose__rosidl_typesupport_introspection_cpp.hpp
[1.614s] -- Up-to-date symlink: /home/huuhoa/hospital_robot/install/nav2_msgs/include/nav2_msgs/nav2_msgs/action/detail/drive_on_heading__rosidl_typesupport_introspection_cpp.hpp
[1.615s] -- Up-to-date symlink: /home/huuhoa/hospital_robot/install/nav2_msgs/include/nav2_msgs/nav2_msgs/action/detail/dummy_behavior__rosidl_typesupport_introspection_cpp.hpp
[1.616s] -- Up-to-date symlink: /home/huuhoa/hospital_robot/install/nav2_msgs/include/nav2_msgs/nav2_msgs/action/detail/follow_path__rosidl_typesupport_introspection_cpp.hpp
[1.617s] -- Up-to-date symlink: /home/huuhoa/hospital_robot/install/nav2_msgs/include/nav2_msgs/nav2_msgs/action/detail/follow_waypoints__rosidl_typesupport_introspection_cpp.hpp
[1.618s] -- Up-to-date symlink: /home/huuhoa/hospital_robot/install/nav2_msgs/include/nav2_msgs/nav2_msgs/action/detail/navigate_through_poses__rosidl_typesupport_introspection_cpp.hpp
[1.618s] -- Up-to-date symlink: /home/huuhoa/hospital_robot/install/nav2_msgs/include/nav2_msgs/nav2_msgs/action/detail/navigate_to_pose__rosidl_typesupport_introspection_cpp.hpp
[1.620s] -- Up-to-date symlink: /home/huuhoa/hospital_robot/install/nav2_msgs/include/nav2_msgs/nav2_msgs/action/detail/smooth_path__rosidl_typesupport_introspection_cpp.hpp
[1.620s] -- Up-to-date symlink: /home/huuhoa/hospital_robot/install/nav2_msgs/include/nav2_msgs/nav2_msgs/action/detail/spin__rosidl_typesupport_introspection_cpp.hpp
[1.622s] -- Up-to-date symlink: /home/huuhoa/hospital_robot/install/nav2_msgs/include/nav2_msgs/nav2_msgs/action/detail/wait__rosidl_typesupport_introspection_cpp.hpp
[1.622s] -- Up-to-date symlink: /home/huuhoa/hospital_robot/install/nav2_msgs/include/nav2_msgs/nav2_msgs/msg/detail/behavior_tree_log__rosidl_typesupport_introspection_cpp.hpp
[1.623s] -- Up-to-date symlink: /home/huuhoa/hospital_robot/install/nav2_msgs/include/nav2_msgs/nav2_msgs/msg/detail/behavior_tree_status_change__rosidl_typesupport_introspection_cpp.hpp
[1.626s] -- Up-to-date symlink: /home/huuhoa/hospital_robot/install/nav2_msgs/include/nav2_msgs/nav2_msgs/msg/detail/collision_monitor_state__rosidl_typesupport_introspection_cpp.hpp
[1.626s] -- Up-to-date symlink: /home/huuhoa/hospital_robot/install/nav2_msgs/include/nav2_msgs/nav2_msgs/msg/detail/costmap__rosidl_typesupport_introspection_cpp.hpp
[1.628s] -- Up-to-date symlink: /home/huuhoa/hospital_robot/install/nav2_msgs/include/nav2_msgs/nav2_msgs/msg/detail/costmap_filter_info__rosidl_typesupport_introspection_cpp.hpp
[1.629s] -- Up-to-date symlink: /home/huuhoa/hospital_robot/install/nav2_msgs/include/nav2_msgs/nav2_msgs/msg/detail/costmap_meta_data__rosidl_typesupport_introspection_cpp.hpp
[1.631s] -- Up-to-date symlink: /home/huuhoa/hospital_robot/install/nav2_msgs/include/nav2_msgs/nav2_msgs/msg/detail/particle__rosidl_typesupport_introspection_cpp.hpp
[1.633s] -- Up-to-date symlink: /home/huuhoa/hospital_robot/install/nav2_msgs/include/nav2_msgs/nav2_msgs/msg/detail/particle_cloud__rosidl_typesupport_introspection_cpp.hpp
[1.634s] -- Up-to-date symlink: /home/huuhoa/hospital_robot/install/nav2_msgs/include/nav2_msgs/nav2_msgs/msg/detail/speed_limit__rosidl_typesupport_introspection_cpp.hpp
[1.635s] -- Up-to-date symlink: /home/huuhoa/hospital_robot/install/nav2_msgs/include/nav2_msgs/nav2_msgs/msg/detail/voxel_grid__rosidl_typesupport_introspection_cpp.hpp
[1.638s] -- Up-to-date symlink: /home/huuhoa/hospital_robot/install/nav2_msgs/include/nav2_msgs/nav2_msgs/srv/detail/clear_costmap_around_robot__rosidl_typesupport_introspection_cpp.hpp
[1.638s] -- Up-to-date symlink: /home/huuhoa/hospital_robot/install/nav2_msgs/include/nav2_msgs/nav2_msgs/srv/detail/clear_costmap_except_region__rosidl_typesupport_introspection_cpp.hpp
[1.638s] -- Up-to-date symlink: /home/huuhoa/hospital_robot/install/nav2_msgs/include/nav2_msgs/nav2_msgs/srv/detail/clear_entire_costmap__rosidl_typesupport_introspection_cpp.hpp
[1.640s] -- Up-to-date symlink: /home/huuhoa/hospital_robot/install/nav2_msgs/include/nav2_msgs/nav2_msgs/srv/detail/get_costmap__rosidl_typesupport_introspection_cpp.hpp
[1.643s] -- Up-to-date symlink: /home/huuhoa/hospital_robot/install/nav2_msgs/include/nav2_msgs/nav2_msgs/srv/detail/is_path_valid__rosidl_typesupport_introspection_cpp.hpp
[1.646s] -- Up-to-date symlink: /home/huuhoa/hospital_robot/install/nav2_msgs/include/nav2_msgs/nav2_msgs/srv/detail/load_map__rosidl_typesupport_introspection_cpp.hpp
[1.646s] -- Up-to-date symlink: /home/huuhoa/hospital_robot/install/nav2_msgs/include/nav2_msgs/nav2_msgs/srv/detail/manage_lifecycle_nodes__rosidl_typesupport_introspection_cpp.hpp
[1.647s] -- Up-to-date symlink: /home/huuhoa/hospital_robot/install/nav2_msgs/include/nav2_msgs/nav2_msgs/srv/detail/save_map__rosidl_typesupport_introspection_cpp.hpp
[1.647s] -- Up-to-date symlink: /home/huuhoa/hospital_robot/install/nav2_msgs/include/nav2_msgs/nav2_msgs/srv/detail/set_initial_pose__rosidl_typesupport_introspection_cpp.hpp
[1.651s] -- Up-to-date symlink: /home/huuhoa/hospital_robot/install/nav2_msgs/share/nav2_msgs/environment/pythonpath.sh
[1.651s] -- Up-to-date symlink: /home/huuhoa/hospital_robot/install/nav2_msgs/share/nav2_msgs/environment/pythonpath.dsv
[1.653s] -- Up-to-date symlink: /home/huuhoa/hospital_robot/install/nav2_msgs/local/lib/python3.10/dist-packages/nav2_msgs-1.1.18-py3.10.egg-info/PKG-INFO
[1.654s] -- Up-to-date symlink: /home/huuhoa/hospital_robot/install/nav2_msgs/local/lib/python3.10/dist-packages/nav2_msgs-1.1.18-py3.10.egg-info/SOURCES.txt
[1.655s] -- Up-to-date symlink: /home/huuhoa/hospital_robot/install/nav2_msgs/local/lib/python3.10/dist-packages/nav2_msgs-1.1.18-py3.10.egg-info/dependency_links.txt
[1.656s] -- Up-to-date symlink: /home/huuhoa/hospital_robot/install/nav2_msgs/local/lib/python3.10/dist-packages/nav2_msgs-1.1.18-py3.10.egg-info/top_level.txt
[1.660s] -- Up-to-date symlink: /home/huuhoa/hospital_robot/install/nav2_msgs/local/lib/python3.10/dist-packages/nav2_msgs/__init__.py
[1.661s] -- Up-to-date symlink: /home/huuhoa/hospital_robot/install/nav2_msgs/local/lib/python3.10/dist-packages/nav2_msgs/_nav2_msgs_s.ep.rosidl_typesupport_c.c
[1.662s] -- Up-to-date symlink: /home/huuhoa/hospital_robot/install/nav2_msgs/local/lib/python3.10/dist-packages/nav2_msgs/_nav2_msgs_s.ep.rosidl_typesupport_fastrtps_c.c
[1.663s] -- Up-to-date symlink: /home/huuhoa/hospital_robot/install/nav2_msgs/local/lib/python3.10/dist-packages/nav2_msgs/_nav2_msgs_s.ep.rosidl_typesupport_introspection_c.c
[1.664s] -- Up-to-date symlink: /home/huuhoa/hospital_robot/install/nav2_msgs/local/lib/python3.10/dist-packages/nav2_msgs/action/__init__.py
[1.665s] -- Up-to-date symlink: /home/huuhoa/hospital_robot/install/nav2_msgs/local/lib/python3.10/dist-packages/nav2_msgs/action/_assisted_teleop.py
[1.666s] -- Up-to-date symlink: /home/huuhoa/hospital_robot/install/nav2_msgs/local/lib/python3.10/dist-packages/nav2_msgs/action/_assisted_teleop_s.c
[1.671s] -- Up-to-date symlink: /home/huuhoa/hospital_robot/install/nav2_msgs/local/lib/python3.10/dist-packages/nav2_msgs/action/_back_up.py
[1.671s] -- Up-to-date symlink: /home/huuhoa/hospital_robot/install/nav2_msgs/local/lib/python3.10/dist-packages/nav2_msgs/action/_back_up_s.c
[1.672s] -- Up-to-date symlink: /home/huuhoa/hospital_robot/install/nav2_msgs/local/lib/python3.10/dist-packages/nav2_msgs/action/_compute_path_through_poses.py
[1.672s] -- Up-to-date symlink: /home/huuhoa/hospital_robot/install/nav2_msgs/local/lib/python3.10/dist-packages/nav2_msgs/action/_compute_path_through_poses_s.c
[1.674s] -- Up-to-date symlink: /home/huuhoa/hospital_robot/install/nav2_msgs/local/lib/python3.10/dist-packages/nav2_msgs/action/_compute_path_to_pose.py
[1.675s] -- Up-to-date symlink: /home/huuhoa/hospital_robot/install/nav2_msgs/local/lib/python3.10/dist-packages/nav2_msgs/action/_compute_path_to_pose_s.c
[1.678s] -- Up-to-date symlink: /home/huuhoa/hospital_robot/install/nav2_msgs/local/lib/python3.10/dist-packages/nav2_msgs/action/_drive_on_heading.py
[1.678s] -- Up-to-date symlink: /home/huuhoa/hospital_robot/install/nav2_msgs/local/lib/python3.10/dist-packages/nav2_msgs/action/_drive_on_heading_s.c
[1.681s] -- Up-to-date symlink: /home/huuhoa/hospital_robot/install/nav2_msgs/local/lib/python3.10/dist-packages/nav2_msgs/action/_dummy_behavior.py
[1.683s] -- Up-to-date symlink: /home/huuhoa/hospital_robot/install/nav2_msgs/local/lib/python3.10/dist-packages/nav2_msgs/action/_dummy_behavior_s.c
[1.687s] -- Up-to-date symlink: /home/huuhoa/hospital_robot/install/nav2_msgs/local/lib/python3.10/dist-packages/nav2_msgs/action/_follow_path.py
[1.689s] -- Up-to-date symlink: /home/huuhoa/hospital_robot/install/nav2_msgs/local/lib/python3.10/dist-packages/nav2_msgs/action/_follow_path_s.c
[1.691s] -- Up-to-date symlink: /home/huuhoa/hospital_robot/install/nav2_msgs/local/lib/python3.10/dist-packages/nav2_msgs/action/_follow_waypoints.py
[1.695s] -- Up-to-date symlink: /home/huuhoa/hospital_robot/install/nav2_msgs/local/lib/python3.10/dist-packages/nav2_msgs/action/_follow_waypoints_s.c
[1.697s] -- Up-to-date symlink: /home/huuhoa/hospital_robot/install/nav2_msgs/local/lib/python3.10/dist-packages/nav2_msgs/action/_navigate_through_poses.py
[1.698s] -- Up-to-date symlink: /home/huuhoa/hospital_robot/install/nav2_msgs/local/lib/python3.10/dist-packages/nav2_msgs/action/_navigate_through_poses_s.c
[1.699s] -- Up-to-date symlink: /home/huuhoa/hospital_robot/install/nav2_msgs/local/lib/python3.10/dist-packages/nav2_msgs/action/_navigate_to_pose.py
[1.700s] -- Up-to-date symlink: /home/huuhoa/hospital_robot/install/nav2_msgs/local/lib/python3.10/dist-packages/nav2_msgs/action/_navigate_to_pose_s.c
[1.700s] -- Up-to-date symlink: /home/huuhoa/hospital_robot/install/nav2_msgs/local/lib/python3.10/dist-packages/nav2_msgs/action/_smooth_path.py
[1.702s] -- Up-to-date symlink: /home/huuhoa/hospital_robot/install/nav2_msgs/local/lib/python3.10/dist-packages/nav2_msgs/action/_smooth_path_s.c
[1.702s] -- Up-to-date symlink: /home/huuhoa/hospital_robot/install/nav2_msgs/local/lib/python3.10/dist-packages/nav2_msgs/action/_spin.py
[1.703s] -- Up-to-date symlink: /home/huuhoa/hospital_robot/install/nav2_msgs/local/lib/python3.10/dist-packages/nav2_msgs/action/_spin_s.c
[1.704s] -- Up-to-date symlink: /home/huuhoa/hospital_robot/install/nav2_msgs/local/lib/python3.10/dist-packages/nav2_msgs/action/_wait.py
[1.706s] -- Up-to-date symlink: /home/huuhoa/hospital_robot/install/nav2_msgs/local/lib/python3.10/dist-packages/nav2_msgs/action/_wait_s.c
[1.706s] -- Up-to-date symlink: /home/huuhoa/hospital_robot/install/nav2_msgs/local/lib/python3.10/dist-packages/nav2_msgs/libnav2_msgs__rosidl_generator_py.so
[1.709s] -- Up-to-date symlink: /home/huuhoa/hospital_robot/install/nav2_msgs/local/lib/python3.10/dist-packages/nav2_msgs/msg/__init__.py
[1.709s] -- Up-to-date symlink: /home/huuhoa/hospital_robot/install/nav2_msgs/local/lib/python3.10/dist-packages/nav2_msgs/msg/_behavior_tree_log.py
[1.710s] -- Up-to-date symlink: /home/huuhoa/hospital_robot/install/nav2_msgs/local/lib/python3.10/dist-packages/nav2_msgs/msg/_behavior_tree_log_s.c
[1.712s] -- Up-to-date symlink: /home/huuhoa/hospital_robot/install/nav2_msgs/local/lib/python3.10/dist-packages/nav2_msgs/msg/_behavior_tree_status_change.py
[1.713s] -- Up-to-date symlink: /home/huuhoa/hospital_robot/install/nav2_msgs/local/lib/python3.10/dist-packages/nav2_msgs/msg/_behavior_tree_status_change_s.c
[1.714s] -- Up-to-date symlink: /home/huuhoa/hospital_robot/install/nav2_msgs/local/lib/python3.10/dist-packages/nav2_msgs/msg/_collision_monitor_state.py
[1.719s] -- Up-to-date symlink: /home/huuhoa/hospital_robot/install/nav2_msgs/local/lib/python3.10/dist-packages/nav2_msgs/msg/_collision_monitor_state_s.c
[1.720s] -- Up-to-date symlink: /home/huuhoa/hospital_robot/install/nav2_msgs/local/lib/python3.10/dist-packages/nav2_msgs/msg/_costmap.py
[1.720s] -- Up-to-date symlink: /home/huuhoa/hospital_robot/install/nav2_msgs/local/lib/python3.10/dist-packages/nav2_msgs/msg/_costmap_filter_info.py
[1.721s] -- Up-to-date symlink: /home/huuhoa/hospital_robot/install/nav2_msgs/local/lib/python3.10/dist-packages/nav2_msgs/msg/_costmap_filter_info_s.c
[1.723s] -- Up-to-date symlink: /home/huuhoa/hospital_robot/install/nav2_msgs/local/lib/python3.10/dist-packages/nav2_msgs/msg/_costmap_meta_data.py
[1.723s] -- Up-to-date symlink: /home/huuhoa/hospital_robot/install/nav2_msgs/local/lib/python3.10/dist-packages/nav2_msgs/msg/_costmap_meta_data_s.c
[1.724s] -- Up-to-date symlink: /home/huuhoa/hospital_robot/install/nav2_msgs/local/lib/python3.10/dist-packages/nav2_msgs/msg/_costmap_s.c
[1.725s] -- Up-to-date symlink: /home/huuhoa/hospital_robot/install/nav2_msgs/local/lib/python3.10/dist-packages/nav2_msgs/msg/_particle.py
[1.726s] -- Up-to-date symlink: /home/huuhoa/hospital_robot/install/nav2_msgs/local/lib/python3.10/dist-packages/nav2_msgs/msg/_particle_cloud.py
[1.727s] -- Up-to-date symlink: /home/huuhoa/hospital_robot/install/nav2_msgs/local/lib/python3.10/dist-packages/nav2_msgs/msg/_particle_cloud_s.c
[1.728s] -- Up-to-date symlink: /home/huuhoa/hospital_robot/install/nav2_msgs/local/lib/python3.10/dist-packages/nav2_msgs/msg/_particle_s.c
[1.728s] -- Up-to-date symlink: /home/huuhoa/hospital_robot/install/nav2_msgs/local/lib/python3.10/dist-packages/nav2_msgs/msg/_speed_limit.py
[1.729s] -- Up-to-date symlink: /home/huuhoa/hospital_robot/install/nav2_msgs/local/lib/python3.10/dist-packages/nav2_msgs/msg/_speed_limit_s.c
[1.730s] -- Up-to-date symlink: /home/huuhoa/hospital_robot/install/nav2_msgs/local/lib/python3.10/dist-packages/nav2_msgs/msg/_voxel_grid.py
[1.731s] -- Up-to-date symlink: /home/huuhoa/hospital_robot/install/nav2_msgs/local/lib/python3.10/dist-packages/nav2_msgs/msg/_voxel_grid_s.c
[1.732s] -- Up-to-date symlink: /home/huuhoa/hospital_robot/install/nav2_msgs/local/lib/python3.10/dist-packages/nav2_msgs/nav2_msgs_s__rosidl_typesupport_c.cpython-310-x86_64-linux-gnu.so
[1.733s] -- Up-to-date symlink: /home/huuhoa/hospital_robot/install/nav2_msgs/local/lib/python3.10/dist-packages/nav2_msgs/nav2_msgs_s__rosidl_typesupport_fastrtps_c.cpython-310-x86_64-linux-gnu.so
[1.735s] -- Up-to-date symlink: /home/huuhoa/hospital_robot/install/nav2_msgs/local/lib/python3.10/dist-packages/nav2_msgs/nav2_msgs_s__rosidl_typesupport_introspection_c.cpython-310-x86_64-linux-gnu.so
[1.735s] -- Up-to-date symlink: /home/huuhoa/hospital_robot/install/nav2_msgs/local/lib/python3.10/dist-packages/nav2_msgs/srv/__init__.py
[1.738s] -- Up-to-date symlink: /home/huuhoa/hospital_robot/install/nav2_msgs/local/lib/python3.10/dist-packages/nav2_msgs/srv/_clear_costmap_around_robot.py
[1.738s] -- Up-to-date symlink: /home/huuhoa/hospital_robot/install/nav2_msgs/local/lib/python3.10/dist-packages/nav2_msgs/srv/_clear_costmap_around_robot_s.c
[1.738s] -- Up-to-date symlink: /home/huuhoa/hospital_robot/install/nav2_msgs/local/lib/python3.10/dist-packages/nav2_msgs/srv/_clear_costmap_except_region.py
[1.739s] -- Up-to-date symlink: /home/huuhoa/hospital_robot/install/nav2_msgs/local/lib/python3.10/dist-packages/nav2_msgs/srv/_clear_costmap_except_region_s.c
[1.739s] -- Up-to-date symlink: /home/huuhoa/hospital_robot/install/nav2_msgs/local/lib/python3.10/dist-packages/nav2_msgs/srv/_clear_entire_costmap.py
[1.740s] -- Up-to-date symlink: /home/huuhoa/hospital_robot/install/nav2_msgs/local/lib/python3.10/dist-packages/nav2_msgs/srv/_clear_entire_costmap_s.c
[1.741s] -- Up-to-date symlink: /home/huuhoa/hospital_robot/install/nav2_msgs/local/lib/python3.10/dist-packages/nav2_msgs/srv/_get_costmap.py
[1.742s] -- Up-to-date symlink: /home/huuhoa/hospital_robot/install/nav2_msgs/local/lib/python3.10/dist-packages/nav2_msgs/srv/_get_costmap_s.c
[1.743s] -- Up-to-date symlink: /home/huuhoa/hospital_robot/install/nav2_msgs/local/lib/python3.10/dist-packages/nav2_msgs/srv/_is_path_valid.py
[1.744s] -- Up-to-date symlink: /home/huuhoa/hospital_robot/install/nav2_msgs/local/lib/python3.10/dist-packages/nav2_msgs/srv/_is_path_valid_s.c
[1.748s] -- Up-to-date symlink: /home/huuhoa/hospital_robot/install/nav2_msgs/local/lib/python3.10/dist-packages/nav2_msgs/srv/_load_map.py
[1.749s] -- Up-to-date symlink: /home/huuhoa/hospital_robot/install/nav2_msgs/local/lib/python3.10/dist-packages/nav2_msgs/srv/_load_map_s.c
[1.749s] -- Up-to-date symlink: /home/huuhoa/hospital_robot/install/nav2_msgs/local/lib/python3.10/dist-packages/nav2_msgs/srv/_manage_lifecycle_nodes.py
[1.749s] -- Up-to-date symlink: /home/huuhoa/hospital_robot/install/nav2_msgs/local/lib/python3.10/dist-packages/nav2_msgs/srv/_manage_lifecycle_nodes_s.c
[1.749s] -- Up-to-date symlink: /home/huuhoa/hospital_robot/install/nav2_msgs/local/lib/python3.10/dist-packages/nav2_msgs/srv/_save_map.py
[1.751s] -- Up-to-date symlink: /home/huuhoa/hospital_robot/install/nav2_msgs/local/lib/python3.10/dist-packages/nav2_msgs/srv/_save_map_s.c
[1.753s] -- Up-to-date symlink: /home/huuhoa/hospital_robot/install/nav2_msgs/local/lib/python3.10/dist-packages/nav2_msgs/srv/_set_initial_pose.py
[1.754s] -- Up-to-date symlink: /home/huuhoa/hospital_robot/install/nav2_msgs/local/lib/python3.10/dist-packages/nav2_msgs/srv/_set_initial_pose_s.c
[1.756s] -- Up-to-date symlink: /home/huuhoa/hospital_robot/install/nav2_msgs/local/lib/python3.10/dist-packages/nav2_msgs/nav2_msgs_s__rosidl_typesupport_fastrtps_c.cpython-310-x86_64-linux-gnu.so
[1.756s] -- Up-to-date symlink: /home/huuhoa/hospital_robot/install/nav2_msgs/local/lib/python3.10/dist-packages/nav2_msgs/nav2_msgs_s__rosidl_typesupport_introspection_c.cpython-310-x86_64-linux-gnu.so
[1.759s] -- Up-to-date symlink: /home/huuhoa/hospital_robot/install/nav2_msgs/local/lib/python3.10/dist-packages/nav2_msgs/nav2_msgs_s__rosidl_typesupport_c.cpython-310-x86_64-linux-gnu.so
[1.760s] -- Up-to-date symlink: /home/huuhoa/hospital_robot/install/nav2_msgs/share/nav2_msgs/msg/CollisionMonitorState.idl
[1.763s] -- Up-to-date symlink: /home/huuhoa/hospital_robot/install/nav2_msgs/share/nav2_msgs/msg/Costmap.idl
[1.764s] -- Up-to-date symlink: /home/huuhoa/hospital_robot/install/nav2_msgs/share/nav2_msgs/msg/CostmapMetaData.idl
[1.765s] -- Up-to-date symlink: /home/huuhoa/hospital_robot/install/nav2_msgs/share/nav2_msgs/msg/CostmapFilterInfo.idl
[1.767s] -- Up-to-date symlink: /home/huuhoa/hospital_robot/install/nav2_msgs/share/nav2_msgs/msg/SpeedLimit.idl
[1.768s] -- Up-to-date symlink: /home/huuhoa/hospital_robot/install/nav2_msgs/share/nav2_msgs/msg/VoxelGrid.idl
[1.771s] -- Up-to-date symlink: /home/huuhoa/hospital_robot/install/nav2_msgs/share/nav2_msgs/msg/BehaviorTreeStatusChange.idl
[1.771s] -- Up-to-date symlink: /home/huuhoa/hospital_robot/install/nav2_msgs/share/nav2_msgs/msg/BehaviorTreeLog.idl
[1.773s] -- Up-to-date symlink: /home/huuhoa/hospital_robot/install/nav2_msgs/share/nav2_msgs/msg/Particle.idl
[1.780s] -- Up-to-date symlink: /home/huuhoa/hospital_robot/install/nav2_msgs/share/nav2_msgs/msg/ParticleCloud.idl
[1.783s] -- Up-to-date symlink: /home/huuhoa/hospital_robot/install/nav2_msgs/share/nav2_msgs/srv/GetCostmap.idl
[1.784s] -- Up-to-date symlink: /home/huuhoa/hospital_robot/install/nav2_msgs/share/nav2_msgs/srv/IsPathValid.idl
[1.785s] -- Up-to-date symlink: /home/huuhoa/hospital_robot/install/nav2_msgs/share/nav2_msgs/srv/ClearCostmapExceptRegion.idl
[1.791s] -- Up-to-date symlink: /home/huuhoa/hospital_robot/install/nav2_msgs/share/nav2_msgs/srv/ClearCostmapAroundRobot.idl
[1.792s] -- Up-to-date symlink: /home/huuhoa/hospital_robot/install/nav2_msgs/share/nav2_msgs/srv/ClearEntireCostmap.idl
[1.793s] -- Up-to-date symlink: /home/huuhoa/hospital_robot/install/nav2_msgs/share/nav2_msgs/srv/ManageLifecycleNodes.idl
[1.795s] -- Up-to-date symlink: /home/huuhoa/hospital_robot/install/nav2_msgs/share/nav2_msgs/srv/LoadMap.idl
[1.795s] -- Up-to-date symlink: /home/huuhoa/hospital_robot/install/nav2_msgs/share/nav2_msgs/srv/SaveMap.idl
[1.796s] -- Up-to-date symlink: /home/huuhoa/hospital_robot/install/nav2_msgs/share/nav2_msgs/srv/SetInitialPose.idl
[1.801s] -- Up-to-date symlink: /home/huuhoa/hospital_robot/install/nav2_msgs/share/nav2_msgs/action/AssistedTeleop.idl
[1.802s] -- Up-to-date symlink: /home/huuhoa/hospital_robot/install/nav2_msgs/share/nav2_msgs/action/BackUp.idl
[1.804s] -- Up-to-date symlink: /home/huuhoa/hospital_robot/install/nav2_msgs/share/nav2_msgs/action/ComputePathToPose.idl
[1.805s] -- Up-to-date symlink: /home/huuhoa/hospital_robot/install/nav2_msgs/share/nav2_msgs/action/ComputePathThroughPoses.idl
[1.806s] -- Up-to-date symlink: /home/huuhoa/hospital_robot/install/nav2_msgs/share/nav2_msgs/action/DriveOnHeading.idl
[1.807s] -- Up-to-date symlink: /home/huuhoa/hospital_robot/install/nav2_msgs/share/nav2_msgs/action/SmoothPath.idl
[1.808s] -- Up-to-date symlink: /home/huuhoa/hospital_robot/install/nav2_msgs/share/nav2_msgs/action/FollowPath.idl
[1.809s] -- Up-to-date symlink: /home/huuhoa/hospital_robot/install/nav2_msgs/share/nav2_msgs/action/NavigateToPose.idl
[1.811s] -- Up-to-date symlink: /home/huuhoa/hospital_robot/install/nav2_msgs/share/nav2_msgs/action/NavigateThroughPoses.idl
[1.812s] -- Up-to-date symlink: /home/huuhoa/hospital_robot/install/nav2_msgs/share/nav2_msgs/action/Wait.idl
[1.816s] -- Up-to-date symlink: /home/huuhoa/hospital_robot/install/nav2_msgs/share/nav2_msgs/action/Spin.idl
[1.817s] -- Up-to-date symlink: /home/huuhoa/hospital_robot/install/nav2_msgs/share/nav2_msgs/action/DummyBehavior.idl
[1.818s] -- Up-to-date symlink: /home/huuhoa/hospital_robot/install/nav2_msgs/share/nav2_msgs/action/FollowWaypoints.idl
[1.818s] -- Up-to-date symlink: /home/huuhoa/hospital_robot/install/nav2_msgs/share/nav2_msgs/msg/CollisionMonitorState.msg
[1.818s] -- Up-to-date symlink: /home/huuhoa/hospital_robot/install/nav2_msgs/share/nav2_msgs/msg/Costmap.msg
[1.819s] -- Up-to-date symlink: /home/huuhoa/hospital_robot/install/nav2_msgs/share/nav2_msgs/msg/CostmapMetaData.msg
[1.820s] -- Up-to-date symlink: /home/huuhoa/hospital_robot/install/nav2_msgs/share/nav2_msgs/msg/CostmapFilterInfo.msg
[1.821s] -- Up-to-date symlink: /home/huuhoa/hospital_robot/install/nav2_msgs/share/nav2_msgs/msg/SpeedLimit.msg
[1.822s] -- Up-to-date symlink: /home/huuhoa/hospital_robot/install/nav2_msgs/share/nav2_msgs/msg/VoxelGrid.msg
[1.823s] -- Up-to-date symlink: /home/huuhoa/hospital_robot/install/nav2_msgs/share/nav2_msgs/msg/BehaviorTreeStatusChange.msg
[1.829s] -- Up-to-date symlink: /home/huuhoa/hospital_robot/install/nav2_msgs/share/nav2_msgs/msg/BehaviorTreeLog.msg
[1.829s] -- Up-to-date symlink: /home/huuhoa/hospital_robot/install/nav2_msgs/share/nav2_msgs/msg/Particle.msg
[1.829s] -- Up-to-date symlink: /home/huuhoa/hospital_robot/install/nav2_msgs/share/nav2_msgs/msg/ParticleCloud.msg
[1.830s] -- Up-to-date symlink: /home/huuhoa/hospital_robot/install/nav2_msgs/share/nav2_msgs/srv/GetCostmap.srv
[1.831s] -- Up-to-date symlink: /home/huuhoa/hospital_robot/install/nav2_msgs/share/nav2_msgs/srv/GetCostmap_Request.msg
[1.833s] -- Up-to-date symlink: /home/huuhoa/hospital_robot/install/nav2_msgs/share/nav2_msgs/srv/GetCostmap_Response.msg
[1.833s] -- Up-to-date symlink: /home/huuhoa/hospital_robot/install/nav2_msgs/share/nav2_msgs/srv/IsPathValid.srv
[1.835s] -- Up-to-date symlink: /home/huuhoa/hospital_robot/install/nav2_msgs/share/nav2_msgs/srv/IsPathValid_Request.msg
[1.838s] -- Up-to-date symlink: /home/huuhoa/hospital_robot/install/nav2_msgs/share/nav2_msgs/srv/IsPathValid_Response.msg
[1.838s] -- Up-to-date symlink: /home/huuhoa/hospital_robot/install/nav2_msgs/share/nav2_msgs/srv/ClearCostmapExceptRegion.srv
[1.840s] -- Up-to-date symlink: /home/huuhoa/hospital_robot/install/nav2_msgs/share/nav2_msgs/srv/ClearCostmapExceptRegion_Request.msg
[1.840s] -- Up-to-date symlink: /home/huuhoa/hospital_robot/install/nav2_msgs/share/nav2_msgs/srv/ClearCostmapExceptRegion_Response.msg
[1.840s] -- Up-to-date symlink: /home/huuhoa/hospital_robot/install/nav2_msgs/share/nav2_msgs/srv/ClearCostmapAroundRobot.srv
[1.841s] -- Up-to-date symlink: /home/huuhoa/hospital_robot/install/nav2_msgs/share/nav2_msgs/srv/ClearCostmapAroundRobot_Request.msg
[1.842s] -- Up-to-date symlink: /home/huuhoa/hospital_robot/install/nav2_msgs/share/nav2_msgs/srv/ClearCostmapAroundRobot_Response.msg
[1.843s] -- Up-to-date symlink: /home/huuhoa/hospital_robot/install/nav2_msgs/share/nav2_msgs/srv/ClearEntireCostmap.srv
[1.844s] -- Up-to-date symlink: /home/huuhoa/hospital_robot/install/nav2_msgs/share/nav2_msgs/srv/ClearEntireCostmap_Request.msg
[1.845s] -- Up-to-date symlink: /home/huuhoa/hospital_robot/install/nav2_msgs/share/nav2_msgs/srv/ClearEntireCostmap_Response.msg
[1.846s] -- Up-to-date symlink: /home/huuhoa/hospital_robot/install/nav2_msgs/share/nav2_msgs/srv/ManageLifecycleNodes.srv
[1.849s] -- Up-to-date symlink: /home/huuhoa/hospital_robot/install/nav2_msgs/share/nav2_msgs/srv/ManageLifecycleNodes_Request.msg
[1.849s] -- Up-to-date symlink: /home/huuhoa/hospital_robot/install/nav2_msgs/share/nav2_msgs/srv/ManageLifecycleNodes_Response.msg
[1.849s] -- Up-to-date symlink: /home/huuhoa/hospital_robot/install/nav2_msgs/share/nav2_msgs/srv/LoadMap.srv
[1.850s] -- Up-to-date symlink: /home/huuhoa/hospital_robot/install/nav2_msgs/share/nav2_msgs/srv/LoadMap_Request.msg
[1.853s] -- Up-to-date symlink: /home/huuhoa/hospital_robot/install/nav2_msgs/share/nav2_msgs/srv/LoadMap_Response.msg
[1.854s] -- Up-to-date symlink: /home/huuhoa/hospital_robot/install/nav2_msgs/share/nav2_msgs/srv/SaveMap.srv
[1.855s] -- Up-to-date symlink: /home/huuhoa/hospital_robot/install/nav2_msgs/share/nav2_msgs/srv/SaveMap_Request.msg
[1.856s] -- Up-to-date symlink: /home/huuhoa/hospital_robot/install/nav2_msgs/share/nav2_msgs/srv/SaveMap_Response.msg
[1.857s] -- Up-to-date symlink: /home/huuhoa/hospital_robot/install/nav2_msgs/share/nav2_msgs/srv/SetInitialPose.srv
[1.858s] -- Up-to-date symlink: /home/huuhoa/hospital_robot/install/nav2_msgs/share/nav2_msgs/srv/SetInitialPose_Request.msg
[1.868s] -- Up-to-date symlink: /home/huuhoa/hospital_robot/install/nav2_msgs/share/nav2_msgs/srv/SetInitialPose_Response.msg
[1.868s] -- Up-to-date symlink: /home/huuhoa/hospital_robot/install/nav2_msgs/share/nav2_msgs/action/AssistedTeleop.action
[1.868s] -- Up-to-date symlink: /home/huuhoa/hospital_robot/install/nav2_msgs/share/nav2_msgs/action/BackUp.action
[1.868s] -- Up-to-date symlink: /home/huuhoa/hospital_robot/install/nav2_msgs/share/nav2_msgs/action/ComputePathToPose.action
[1.868s] -- Up-to-date symlink: /home/huuhoa/hospital_robot/install/nav2_msgs/share/nav2_msgs/action/ComputePathThroughPoses.action
[1.869s] -- Up-to-date symlink: /home/huuhoa/hospital_robot/install/nav2_msgs/share/nav2_msgs/action/DriveOnHeading.action
[1.870s] -- Up-to-date symlink: /home/huuhoa/hospital_robot/install/nav2_msgs/share/nav2_msgs/action/SmoothPath.action
[1.871s] -- Up-to-date symlink: /home/huuhoa/hospital_robot/install/nav2_msgs/share/nav2_msgs/action/FollowPath.action
[1.872s] -- Up-to-date symlink: /home/huuhoa/hospital_robot/install/nav2_msgs/share/nav2_msgs/action/NavigateToPose.action
[1.872s] -- Up-to-date symlink: /home/huuhoa/hospital_robot/install/nav2_msgs/share/nav2_msgs/action/NavigateThroughPoses.action
[1.874s] -- Up-to-date symlink: /home/huuhoa/hospital_robot/install/nav2_msgs/share/nav2_msgs/action/Wait.action
[1.874s] -- Up-to-date symlink: /home/huuhoa/hospital_robot/install/nav2_msgs/share/nav2_msgs/action/Spin.action
[1.876s] -- Up-to-date symlink: /home/huuhoa/hospital_robot/install/nav2_msgs/share/nav2_msgs/action/DummyBehavior.action
[1.877s] -- Up-to-date symlink: /home/huuhoa/hospital_robot/install/nav2_msgs/share/nav2_msgs/action/FollowWaypoints.action
[1.879s] -- Up-to-date symlink: /home/huuhoa/hospital_robot/install/nav2_msgs/share/ament_index/resource_index/package_run_dependencies/nav2_msgs
[1.882s] -- Up-to-date symlink: /home/huuhoa/hospital_robot/install/nav2_msgs/share/ament_index/resource_index/parent_prefix_path/nav2_msgs
[1.882s] -- Up-to-date symlink: /home/huuhoa/hospital_robot/install/nav2_msgs/share/nav2_msgs/environment/ament_prefix_path.sh
[1.900s] -- Up-to-date symlink: /home/huuhoa/hospital_robot/install/nav2_msgs/share/nav2_msgs/environment/ament_prefix_path.dsv
[1.900s] -- Up-to-date symlink: /home/huuhoa/hospital_robot/install/nav2_msgs/share/nav2_msgs/environment/path.sh
[1.900s] -- Up-to-date symlink: /home/huuhoa/hospital_robot/install/nav2_msgs/share/nav2_msgs/environment/path.dsv
[1.900s] -- Up-to-date symlink: /home/huuhoa/hospital_robot/install/nav2_msgs/share/nav2_msgs/local_setup.bash
[1.905s] -- Up-to-date symlink: /home/huuhoa/hospital_robot/install/nav2_msgs/share/nav2_msgs/local_setup.sh
[1.905s] -- Up-to-date symlink: /home/huuhoa/hospital_robot/install/nav2_msgs/share/nav2_msgs/local_setup.zsh
[1.905s] -- Up-to-date symlink: /home/huuhoa/hospital_robot/install/nav2_msgs/share/nav2_msgs/local_setup.dsv
[1.910s] -- Symlinking: /home/huuhoa/hospital_robot/install/nav2_msgs/share/nav2_msgs/package.dsv
[1.931s] -- Up-to-date symlink: /home/huuhoa/hospital_robot/install/nav2_msgs/share/ament_index/resource_index/packages/nav2_msgs
[1.933s] -- Up-to-date symlink: /home/huuhoa/hospital_robot/install/nav2_msgs/share/nav2_msgs/cmake/rosidl_cmake-extras.cmake
[1.935s] -- Up-to-date symlink: /home/huuhoa/hospital_robot/install/nav2_msgs/share/nav2_msgs/cmake/ament_cmake_export_dependencies-extras.cmake
[1.935s] -- Up-to-date symlink: /home/huuhoa/hospital_robot/install/nav2_msgs/share/nav2_msgs/cmake/ament_cmake_export_include_directories-extras.cmake
[1.936s] -- Up-to-date symlink: /home/huuhoa/hospital_robot/install/nav2_msgs/share/nav2_msgs/cmake/ament_cmake_export_libraries-extras.cmake
[1.937s] -- Up-to-date symlink: /home/huuhoa/hospital_robot/install/nav2_msgs/share/nav2_msgs/cmake/ament_cmake_export_targets-extras.cmake
[1.937s] -- Up-to-date symlink: /home/huuhoa/hospital_robot/install/nav2_msgs/share/nav2_msgs/cmake/rosidl_cmake_export_typesupport_targets-extras.cmake
[1.938s] -- Up-to-date symlink: /home/huuhoa/hospital_robot/install/nav2_msgs/share/nav2_msgs/cmake/rosidl_cmake_export_typesupport_libraries-extras.cmake
[1.939s] -- Up-to-date symlink: /home/huuhoa/hospital_robot/install/nav2_msgs/share/nav2_msgs/cmake/nav2_msgsConfig.cmake
[1.940s] -- Up-to-date symlink: /home/huuhoa/hospital_robot/install/nav2_msgs/share/nav2_msgs/cmake/nav2_msgsConfig-version.cmake
[1.942s] -- Up-to-date symlink: /home/huuhoa/hospital_robot/install/nav2_msgs/share/nav2_msgs/package.xml
[1.946s] -- Up-to-date: /home/huuhoa/hospital_robot/install/nav2_msgs/lib/libnav2_msgs__rosidl_generator_c.so
[1.957s] -- Up-to-date: /home/huuhoa/hospital_robot/install/nav2_msgs/lib/libnav2_msgs__rosidl_typesupport_fastrtps_c.so
[1.962s] -- Up-to-date: /home/huuhoa/hospital_robot/install/nav2_msgs/lib/libnav2_msgs__rosidl_typesupport_fastrtps_cpp.so
[1.964s] -- Up-to-date: /home/huuhoa/hospital_robot/install/nav2_msgs/lib/libnav2_msgs__rosidl_typesupport_introspection_c.so
[1.968s] -- Up-to-date: /home/huuhoa/hospital_robot/install/nav2_msgs/lib/libnav2_msgs__rosidl_typesupport_c.so
[1.970s] -- Up-to-date: /home/huuhoa/hospital_robot/install/nav2_msgs/lib/libnav2_msgs__rosidl_typesupport_introspection_cpp.so
[1.972s] -- Up-to-date: /home/huuhoa/hospital_robot/install/nav2_msgs/lib/libnav2_msgs__rosidl_typesupport_cpp.so
[2.062s] Listing '/home/huuhoa/hospital_robot/install/nav2_msgs/local/lib/python3.10/dist-packages/nav2_msgs'...
[2.062s] Listing '/home/huuhoa/hospital_robot/install/nav2_msgs/local/lib/python3.10/dist-packages/nav2_msgs/action'...
[2.062s] Listing '/home/huuhoa/hospital_robot/install/nav2_msgs/local/lib/python3.10/dist-packages/nav2_msgs/msg'...
[2.062s] Listing '/home/huuhoa/hospital_robot/install/nav2_msgs/local/lib/python3.10/dist-packages/nav2_msgs/srv'...
[2.075s] -- Up-to-date: /home/huuhoa/hospital_robot/install/nav2_msgs/lib/libnav2_msgs__rosidl_generator_py.so
[2.081s] -- Up-to-date: /home/huuhoa/hospital_robot/install/nav2_msgs/share/nav2_msgs/cmake/export_nav2_msgs__rosidl_generator_cExport.cmake
[2.081s] -- Up-to-date: /home/huuhoa/hospital_robot/install/nav2_msgs/share/nav2_msgs/cmake/export_nav2_msgs__rosidl_generator_cExport-release.cmake
[2.082s] -- Up-to-date: /home/huuhoa/hospital_robot/install/nav2_msgs/share/nav2_msgs/cmake/export_nav2_msgs__rosidl_typesupport_fastrtps_cExport.cmake
[2.082s] -- Up-to-date: /home/huuhoa/hospital_robot/install/nav2_msgs/share/nav2_msgs/cmake/export_nav2_msgs__rosidl_typesupport_fastrtps_cExport-release.cmake
[2.084s] -- Up-to-date: /home/huuhoa/hospital_robot/install/nav2_msgs/share/nav2_msgs/cmake/export_nav2_msgs__rosidl_generator_cppExport.cmake
[2.086s] -- Up-to-date: /home/huuhoa/hospital_robot/install/nav2_msgs/share/nav2_msgs/cmake/export_nav2_msgs__rosidl_typesupport_fastrtps_cppExport.cmake
[2.086s] -- Up-to-date: /home/huuhoa/hospital_robot/install/nav2_msgs/share/nav2_msgs/cmake/export_nav2_msgs__rosidl_typesupport_fastrtps_cppExport-release.cmake
[2.087s] -- Up-to-date: /home/huuhoa/hospital_robot/install/nav2_msgs/share/nav2_msgs/cmake/nav2_msgs__rosidl_typesupport_introspection_cExport.cmake
[2.087s] -- Up-to-date: /home/huuhoa/hospital_robot/install/nav2_msgs/share/nav2_msgs/cmake/nav2_msgs__rosidl_typesupport_introspection_cExport-release.cmake
[2.091s] -- Up-to-date: /home/huuhoa/hospital_robot/install/nav2_msgs/share/nav2_msgs/cmake/nav2_msgs__rosidl_typesupport_cExport.cmake
[2.091s] -- Up-to-date: /home/huuhoa/hospital_robot/install/nav2_msgs/share/nav2_msgs/cmake/nav2_msgs__rosidl_typesupport_cExport-release.cmake
[2.091s] -- Up-to-date: /home/huuhoa/hospital_robot/install/nav2_msgs/share/nav2_msgs/cmake/nav2_msgs__rosidl_typesupport_introspection_cppExport.cmake
[2.091s] -- Up-to-date: /home/huuhoa/hospital_robot/install/nav2_msgs/share/nav2_msgs/cmake/nav2_msgs__rosidl_typesupport_introspection_cppExport-release.cmake
[2.093s] -- Up-to-date: /home/huuhoa/hospital_robot/install/nav2_msgs/share/nav2_msgs/cmake/nav2_msgs__rosidl_typesupport_cppExport.cmake
[2.093s] -- Up-to-date: /home/huuhoa/hospital_robot/install/nav2_msgs/share/nav2_msgs/cmake/nav2_msgs__rosidl_typesupport_cppExport-release.cmake
[2.099s] -- Up-to-date: /home/huuhoa/hospital_robot/install/nav2_msgs/share/nav2_msgs/cmake/export_nav2_msgs__rosidl_generator_pyExport.cmake
[2.099s] -- Up-to-date: /home/huuhoa/hospital_robot/install/nav2_msgs/share/nav2_msgs/cmake/export_nav2_msgs__rosidl_generator_pyExport-release.cmake
[2.123s] Invoked command in '/home/huuhoa/hospital_robot/build/nav2_msgs' returned '0': AMENT_PREFIX_PATH=/home/huuhoa/hospital_robot/install/nav2_common:${AMENT_PREFIX_PATH} CMAKE_PREFIX_PATH=/home/huuhoa/hospital_robot/install/nav2_common:/opt/ros/humble PYTHONPATH=/home/huuhoa/hospital_robot/install/nav2_common/local/lib/python3.10/dist-packages:${PYTHONPATH} /usr/bin/cmake --install /home/huuhoa/hospital_robot/build/nav2_msgs
