[0.036s] Invoking command in '/home/huuhoa/hospital_robot/build/hospital_package': CMAKE_PREFIX_PATH=${CMAKE_PREFIX_PATH}:/home/huuhoa/hospital_robot/install/nav2_simple_commander:/opt/ros/humble /usr/bin/cmake /home/huuhoa/hospital_robot/src/hospital_package -DAMENT_CMAKE_SYMLINK_INSTALL=1 -DCMAKE_INSTALL_PREFIX=/home/huuhoa/hospital_robot/install/hospital_package
[0.173s] -- The C compiler identification is GNU 11.4.0
[0.265s] -- The CXX compiler identification is GNU 11.4.0
[0.277s] -- Detecting C compiler ABI info
[0.411s] -- Detecting C compiler ABI info - done
[0.421s] -- Check for working C compiler: /usr/bin/cc - skipped
[0.424s] -- Detecting C compile features
[0.424s] -- Detecting C compile features - done
[0.427s] -- Detecting CXX compiler ABI info
[0.566s] -- Detecting CXX compiler ABI info - done
[0.567s] -- Check for working CXX compiler: /usr/bin/c++ - skipped
[0.567s] -- Detecting CXX compile features
[0.567s] -- Detecting CXX compile features - done
[0.571s] -- Found ament_cmake: 1.3.11 (/opt/ros/humble/share/ament_cmake/cmake)
[0.754s] -- Found Python3: /usr/bin/python3 (found version "3.10.12") found components: Interpreter 
[0.843s] -- Override CMake install command with custom implementation using symlinks instead of copying resources
[1.015s] -- Found ament_lint_auto: 0.12.11 (/opt/ros/humble/share/ament_lint_auto/cmake)
[1.015s] -- Added test 'copyright' to check source files copyright and LICENSE
[1.015s] -- Added test 'flake8' to check Python code syntax and style conventions
[1.015s] -- Added test 'lint_cmake' to check CMake code style
[1.015s] -- Added test 'pep257' to check Python code against some of the docstring style conventions in PEP 257
[1.015s] -- Added test 'xmllint' to check XML markup files
[1.015s] -- Configuring done
[1.015s] -- Generating done
[1.022s] -- Build files have been written to: /home/huuhoa/hospital_robot/build/hospital_package
[1.066s] Invoked command in '/home/huuhoa/hospital_robot/build/hospital_package' returned '0': CMAKE_PREFIX_PATH=${CMAKE_PREFIX_PATH}:/home/huuhoa/hospital_robot/install/nav2_simple_commander:/opt/ros/humble /usr/bin/cmake /home/huuhoa/hospital_robot/src/hospital_package -DAMENT_CMAKE_SYMLINK_INSTALL=1 -DCMAKE_INSTALL_PREFIX=/home/huuhoa/hospital_robot/install/hospital_package
[1.067s] Invoking command in '/home/huuhoa/hospital_robot/build/hospital_package': CMAKE_PREFIX_PATH=${CMAKE_PREFIX_PATH}:/home/huuhoa/hospital_robot/install/nav2_simple_commander:/opt/ros/humble /usr/bin/cmake --build /home/huuhoa/hospital_robot/build/hospital_package -- -j2 -l2
[1.122s] Invoked command in '/home/huuhoa/hospital_robot/build/hospital_package' returned '0': CMAKE_PREFIX_PATH=${CMAKE_PREFIX_PATH}:/home/huuhoa/hospital_robot/install/nav2_simple_commander:/opt/ros/humble /usr/bin/cmake --build /home/huuhoa/hospital_robot/build/hospital_package -- -j2 -l2
[1.126s] Invoking command in '/home/huuhoa/hospital_robot/build/hospital_package': CMAKE_PREFIX_PATH=${CMAKE_PREFIX_PATH}:/home/huuhoa/hospital_robot/install/nav2_simple_commander:/opt/ros/humble /usr/bin/cmake --install /home/huuhoa/hospital_robot/build/hospital_package
[1.142s] -- Install configuration: ""
[1.142s] -- Execute custom install script
[1.142s] -- Symlinking: /home/huuhoa/hospital_robot/install/hospital_package/share/hospital_package/config/.nav2_params.yaml.swp
[1.160s] -- Symlinking: /home/huuhoa/hospital_robot/install/hospital_package/share/hospital_package/config/hospital_robot.rviz
[1.178s] -- Symlinking: /home/huuhoa/hospital_robot/install/hospital_package/share/hospital_package/config/mapper_params_online_async.yaml
[1.196s] -- Symlinking: /home/huuhoa/hospital_robot/install/hospital_package/share/hospital_package/config/mapper_params_online_async_localization.yaml
[1.212s] -- Symlinking: /home/huuhoa/hospital_robot/install/hospital_package/share/hospital_package/config/mapper_params_online_async_loci.yaml
[1.227s] -- Symlinking: /home/huuhoa/hospital_robot/install/hospital_package/share/hospital_package/config/nav2_params.yaml
[1.241s] -- Symlinking: /home/huuhoa/hospital_robot/install/hospital_package/share/hospital_package/config/nav2_params_backup.yaml
[1.256s] -- Symlinking: /home/huuhoa/hospital_robot/install/hospital_package/share/hospital_package/description/gazebo_enviroment.xacro
[1.279s] -- Symlinking: /home/huuhoa/hospital_robot/install/hospital_package/share/hospital_package/description/hospital_robot.xacro
[1.292s] -- Symlinking: /home/huuhoa/hospital_robot/install/hospital_package/share/hospital_package/description/lidar_config.xacro
[1.309s] -- Symlinking: /home/huuhoa/hospital_robot/install/hospital_package/share/hospital_package/description/robot.urdf.xacro
[1.325s] -- Symlinking: /home/huuhoa/hospital_robot/install/hospital_package/share/hospital_package/launch/launch_sim.launch.py
[1.338s] -- Symlinking: /home/huuhoa/hospital_robot/install/hospital_package/share/hospital_package/launch/publisher.launch.py
[1.367s] -- Symlinking: /home/huuhoa/hospital_robot/install/hospital_package/share/hospital_package/maps/map1/my_map_save.pgm
[1.375s] -- Symlinking: /home/huuhoa/hospital_robot/install/hospital_package/share/hospital_package/maps/map1/my_map_save.yaml
[1.392s] -- Symlinking: /home/huuhoa/hospital_robot/install/hospital_package/share/hospital_package/maps/map1/my_map_serial.data
[1.407s] -- Symlinking: /home/huuhoa/hospital_robot/install/hospital_package/share/hospital_package/maps/map1/my_map_serial.posegraph
[1.420s] -- Symlinking: /home/huuhoa/hospital_robot/install/hospital_package/share/hospital_package/maps/map2/my_map_save.pgm
[1.434s] -- Symlinking: /home/huuhoa/hospital_robot/install/hospital_package/share/hospital_package/maps/map2/my_map_save.yaml
[1.447s] -- Symlinking: /home/huuhoa/hospital_robot/install/hospital_package/share/hospital_package/maps/map2/my_map_serial.data
[1.464s] -- Symlinking: /home/huuhoa/hospital_robot/install/hospital_package/share/hospital_package/maps/map2/my_map_serial.posegraph
[1.480s] -- Symlinking: /home/huuhoa/hospital_robot/install/hospital_package/share/hospital_package/maps/map4/my_map_save.pgm
[1.495s] -- Symlinking: /home/huuhoa/hospital_robot/install/hospital_package/share/hospital_package/maps/map4/my_map_save.yaml
[1.511s] -- Symlinking: /home/huuhoa/hospital_robot/install/hospital_package/share/hospital_package/maps/map4/my_map_serial.data
[1.526s] -- Symlinking: /home/huuhoa/hospital_robot/install/hospital_package/share/hospital_package/maps/map4/my_map_serial.posegraph
[1.543s] -- Symlinking: /home/huuhoa/hospital_robot/install/hospital_package/share/hospital_package/maps/map5/my_map_save.pgm
[1.562s] -- Symlinking: /home/huuhoa/hospital_robot/install/hospital_package/share/hospital_package/maps/map5/my_map_save.yaml
[1.578s] -- Symlinking: /home/huuhoa/hospital_robot/install/hospital_package/share/hospital_package/maps/map5/my_map_serial.data
[1.595s] -- Symlinking: /home/huuhoa/hospital_robot/install/hospital_package/share/hospital_package/maps/map5/my_map_serial.posegraph
[1.609s] -- Symlinking: /home/huuhoa/hospital_robot/install/hospital_package/share/ament_index/resource_index/package_run_dependencies/hospital_package
[1.625s] -- Symlinking: /home/huuhoa/hospital_robot/install/hospital_package/share/ament_index/resource_index/parent_prefix_path/hospital_package
[1.643s] -- Symlinking: /home/huuhoa/hospital_robot/install/hospital_package/share/hospital_package/environment/ament_prefix_path.sh
[1.665s] -- Symlinking: /home/huuhoa/hospital_robot/install/hospital_package/share/hospital_package/environment/ament_prefix_path.dsv
[1.682s] -- Symlinking: /home/huuhoa/hospital_robot/install/hospital_package/share/hospital_package/environment/path.sh
[1.698s] -- Symlinking: /home/huuhoa/hospital_robot/install/hospital_package/share/hospital_package/environment/path.dsv
[1.714s] -- Symlinking: /home/huuhoa/hospital_robot/install/hospital_package/share/hospital_package/local_setup.bash
[1.731s] -- Symlinking: /home/huuhoa/hospital_robot/install/hospital_package/share/hospital_package/local_setup.sh
[1.749s] -- Symlinking: /home/huuhoa/hospital_robot/install/hospital_package/share/hospital_package/local_setup.zsh
[1.773s] -- Symlinking: /home/huuhoa/hospital_robot/install/hospital_package/share/hospital_package/local_setup.dsv
[1.790s] -- Symlinking: /home/huuhoa/hospital_robot/install/hospital_package/share/hospital_package/package.dsv
[1.807s] -- Symlinking: /home/huuhoa/hospital_robot/install/hospital_package/share/ament_index/resource_index/packages/hospital_package
[1.824s] -- Symlinking: /home/huuhoa/hospital_robot/install/hospital_package/share/hospital_package/cmake/hospital_packageConfig.cmake
[1.843s] -- Symlinking: /home/huuhoa/hospital_robot/install/hospital_package/share/hospital_package/cmake/hospital_packageConfig-version.cmake
[1.872s] -- Symlinking: /home/huuhoa/hospital_robot/install/hospital_package/share/hospital_package/package.xml
[1.893s] Invoked command in '/home/huuhoa/hospital_robot/build/hospital_package' returned '0': CMAKE_PREFIX_PATH=${CMAKE_PREFIX_PATH}:/home/huuhoa/hospital_robot/install/nav2_simple_commander:/opt/ros/humble /usr/bin/cmake --install /home/huuhoa/hospital_robot/build/hospital_package
