[0.101s] Invoking command in '/home/huuhoa/hospital_robot/build/costmap_queue': AMENT_PREFIX_PATH=/home/huuhoa/hospital_robot/install/nav2_costmap_2d:${AMENT_PREFIX_PATH} CMAKE_PREFIX_PATH=/home/huuhoa/hospital_robot/install/nav2_costmap_2d:/home/huuhoa/hospital_robot/install/nav2_map_server:/home/huuhoa/hospital_robot/install/nav2_lifecycle_manager:/home/huuhoa/hospital_robot/install/nav2_util:/home/huuhoa/hospital_robot/install/nav2_voxel_grid:/home/huuhoa/hospital_robot/install/nav2_msgs:/home/huuhoa/hospital_robot/install/nav2_common:/home/huuhoa/hospital_robot/install/map_msgs:/home/huuhoa/hospital_robot/install/nav_2d_utils:/home/huuhoa/hospital_robot/install/dwb_msgs:/home/huuhoa/hospital_robot/install/nav_2d_msgs:/home/huuhoa/hospital_robot/install/hospital_package:/home/huuhoa/hospital_robot/install/nav2_simple_commander:/opt/ros/humble LD_LIBRARY_PATH=/home/huuhoa/hospital_robot/install/nav2_costmap_2d/lib:/home/huuhoa/hospital_robot/install/nav2_map_server/lib:/home/huuhoa/hospital_robot/install/nav2_lifecycle_manager/lib:/home/huuhoa/hospital_robot/install/nav2_util/lib:/home/huuhoa/hospital_robot/install/nav2_voxel_grid/lib:/home/huuhoa/hospital_robot/install/nav2_msgs/lib:/home/huuhoa/hospital_robot/install/map_msgs/lib:/home/huuhoa/hospital_robot/install/nav_2d_utils/lib:/home/huuhoa/hospital_robot/install/dwb_msgs/lib:/home/huuhoa/hospital_robot/install/nav_2d_msgs/lib:/opt/ros/humble/lib/x86_64-linux-gnu:/opt/ros/humble/lib /usr/bin/cmake --build /home/huuhoa/hospital_robot/build/costmap_queue -- -j2 -l2
[0.288s] [35m[1mConsolidate compiler generated dependencies of target gtest_main[0m
[0.295s] [35m[1mConsolidate compiler generated dependencies of target costmap_queue[0m
[0.347s] [ 18%] Built target gtest_main
[0.380s] [ 45%] Built target costmap_queue
[0.397s] [35m[1mConsolidate compiler generated dependencies of target gtest[0m
[0.437s] [ 63%] Built target gtest
[0.470s] [35m[1mConsolidate compiler generated dependencies of target mbq_test[0m
[0.498s] [35m[1mConsolidate compiler generated dependencies of target utest[0m
[0.516s] [ 81%] Built target mbq_test
[0.565s] [100%] Built target utest
[0.594s] Invoked command in '/home/huuhoa/hospital_robot/build/costmap_queue' returned '0': AMENT_PREFIX_PATH=/home/huuhoa/hospital_robot/install/nav2_costmap_2d:${AMENT_PREFIX_PATH} CMAKE_PREFIX_PATH=/home/huuhoa/hospital_robot/install/nav2_costmap_2d:/home/huuhoa/hospital_robot/install/nav2_map_server:/home/huuhoa/hospital_robot/install/nav2_lifecycle_manager:/home/huuhoa/hospital_robot/install/nav2_util:/home/huuhoa/hospital_robot/install/nav2_voxel_grid:/home/huuhoa/hospital_robot/install/nav2_msgs:/home/huuhoa/hospital_robot/install/nav2_common:/home/huuhoa/hospital_robot/install/map_msgs:/home/huuhoa/hospital_robot/install/nav_2d_utils:/home/huuhoa/hospital_robot/install/dwb_msgs:/home/huuhoa/hospital_robot/install/nav_2d_msgs:/home/huuhoa/hospital_robot/install/hospital_package:/home/huuhoa/hospital_robot/install/nav2_simple_commander:/opt/ros/humble LD_LIBRARY_PATH=/home/huuhoa/hospital_robot/install/nav2_costmap_2d/lib:/home/huuhoa/hospital_robot/install/nav2_map_server/lib:/home/huuhoa/hospital_robot/install/nav2_lifecycle_manager/lib:/home/huuhoa/hospital_robot/install/nav2_util/lib:/home/huuhoa/hospital_robot/install/nav2_voxel_grid/lib:/home/huuhoa/hospital_robot/install/nav2_msgs/lib:/home/huuhoa/hospital_robot/install/map_msgs/lib:/home/huuhoa/hospital_robot/install/nav_2d_utils/lib:/home/huuhoa/hospital_robot/install/dwb_msgs/lib:/home/huuhoa/hospital_robot/install/nav_2d_msgs/lib:/opt/ros/humble/lib/x86_64-linux-gnu:/opt/ros/humble/lib /usr/bin/cmake --build /home/huuhoa/hospital_robot/build/costmap_queue -- -j2 -l2
[0.602s] Invoking command in '/home/huuhoa/hospital_robot/build/costmap_queue': AMENT_PREFIX_PATH=/home/huuhoa/hospital_robot/install/nav2_costmap_2d:${AMENT_PREFIX_PATH} CMAKE_PREFIX_PATH=/home/huuhoa/hospital_robot/install/nav2_costmap_2d:/home/huuhoa/hospital_robot/install/nav2_map_server:/home/huuhoa/hospital_robot/install/nav2_lifecycle_manager:/home/huuhoa/hospital_robot/install/nav2_util:/home/huuhoa/hospital_robot/install/nav2_voxel_grid:/home/huuhoa/hospital_robot/install/nav2_msgs:/home/huuhoa/hospital_robot/install/nav2_common:/home/huuhoa/hospital_robot/install/map_msgs:/home/huuhoa/hospital_robot/install/nav_2d_utils:/home/huuhoa/hospital_robot/install/dwb_msgs:/home/huuhoa/hospital_robot/install/nav_2d_msgs:/home/huuhoa/hospital_robot/install/hospital_package:/home/huuhoa/hospital_robot/install/nav2_simple_commander:/opt/ros/humble LD_LIBRARY_PATH=/home/huuhoa/hospital_robot/install/nav2_costmap_2d/lib:/home/huuhoa/hospital_robot/install/nav2_map_server/lib:/home/huuhoa/hospital_robot/install/nav2_lifecycle_manager/lib:/home/huuhoa/hospital_robot/install/nav2_util/lib:/home/huuhoa/hospital_robot/install/nav2_voxel_grid/lib:/home/huuhoa/hospital_robot/install/nav2_msgs/lib:/home/huuhoa/hospital_robot/install/map_msgs/lib:/home/huuhoa/hospital_robot/install/nav_2d_utils/lib:/home/huuhoa/hospital_robot/install/dwb_msgs/lib:/home/huuhoa/hospital_robot/install/nav_2d_msgs/lib:/opt/ros/humble/lib/x86_64-linux-gnu:/opt/ros/humble/lib /usr/bin/cmake --install /home/huuhoa/hospital_robot/build/costmap_queue
[0.626s] -- Install configuration: "Release"
[0.627s] -- Execute custom install script
[0.628s] -- Up-to-date symlink: /home/huuhoa/hospital_robot/install/costmap_queue/lib/libcostmap_queue.so
[0.635s] -- Up-to-date symlink: /home/huuhoa/hospital_robot/install/costmap_queue/include//costmap_queue/costmap_queue.hpp
[0.635s] -- Up-to-date symlink: /home/huuhoa/hospital_robot/install/costmap_queue/include//costmap_queue/limited_costmap_queue.hpp
[0.635s] -- Up-to-date symlink: /home/huuhoa/hospital_robot/install/costmap_queue/include//costmap_queue/map_based_queue.hpp
[0.635s] -- Up-to-date symlink: /home/huuhoa/hospital_robot/install/costmap_queue/share/costmap_queue/environment/library_path.sh
[0.635s] -- Up-to-date symlink: /home/huuhoa/hospital_robot/install/costmap_queue/share/costmap_queue/environment/library_path.dsv
[0.635s] -- Up-to-date symlink: /home/huuhoa/hospital_robot/install/costmap_queue/share/ament_index/resource_index/package_run_dependencies/costmap_queue
[0.635s] -- Up-to-date symlink: /home/huuhoa/hospital_robot/install/costmap_queue/share/ament_index/resource_index/parent_prefix_path/costmap_queue
[0.636s] -- Up-to-date symlink: /home/huuhoa/hospital_robot/install/costmap_queue/share/costmap_queue/environment/ament_prefix_path.sh
[0.636s] -- Up-to-date symlink: /home/huuhoa/hospital_robot/install/costmap_queue/share/costmap_queue/environment/ament_prefix_path.dsv
[0.637s] -- Up-to-date symlink: /home/huuhoa/hospital_robot/install/costmap_queue/share/costmap_queue/environment/path.sh
[0.637s] -- Up-to-date symlink: /home/huuhoa/hospital_robot/install/costmap_queue/share/costmap_queue/environment/path.dsv
[0.638s] -- Up-to-date symlink: /home/huuhoa/hospital_robot/install/costmap_queue/share/costmap_queue/local_setup.bash
[0.638s] -- Up-to-date symlink: /home/huuhoa/hospital_robot/install/costmap_queue/share/costmap_queue/local_setup.sh
[0.638s] -- Up-to-date symlink: /home/huuhoa/hospital_robot/install/costmap_queue/share/costmap_queue/local_setup.zsh
[0.638s] -- Up-to-date symlink: /home/huuhoa/hospital_robot/install/costmap_queue/share/costmap_queue/local_setup.dsv
[0.639s] -- Symlinking: /home/huuhoa/hospital_robot/install/costmap_queue/share/costmap_queue/package.dsv
[0.657s] -- Up-to-date symlink: /home/huuhoa/hospital_robot/install/costmap_queue/share/ament_index/resource_index/packages/costmap_queue
[0.657s] -- Up-to-date symlink: /home/huuhoa/hospital_robot/install/costmap_queue/share/costmap_queue/cmake/ament_cmake_export_include_directories-extras.cmake
[0.658s] -- Up-to-date symlink: /home/huuhoa/hospital_robot/install/costmap_queue/share/costmap_queue/cmake/ament_cmake_export_libraries-extras.cmake
[0.658s] -- Up-to-date symlink: /home/huuhoa/hospital_robot/install/costmap_queue/share/costmap_queue/cmake/costmap_queueConfig.cmake
[0.658s] -- Up-to-date symlink: /home/huuhoa/hospital_robot/install/costmap_queue/share/costmap_queue/cmake/costmap_queueConfig-version.cmake
[0.659s] -- Up-to-date symlink: /home/huuhoa/hospital_robot/install/costmap_queue/share/costmap_queue/package.xml
[0.663s] Invoked command in '/home/huuhoa/hospital_robot/build/costmap_queue' returned '0': AMENT_PREFIX_PATH=/home/huuhoa/hospital_robot/install/nav2_costmap_2d:${AMENT_PREFIX_PATH} CMAKE_PREFIX_PATH=/home/huuhoa/hospital_robot/install/nav2_costmap_2d:/home/huuhoa/hospital_robot/install/nav2_map_server:/home/huuhoa/hospital_robot/install/nav2_lifecycle_manager:/home/huuhoa/hospital_robot/install/nav2_util:/home/huuhoa/hospital_robot/install/nav2_voxel_grid:/home/huuhoa/hospital_robot/install/nav2_msgs:/home/huuhoa/hospital_robot/install/nav2_common:/home/huuhoa/hospital_robot/install/map_msgs:/home/huuhoa/hospital_robot/install/nav_2d_utils:/home/huuhoa/hospital_robot/install/dwb_msgs:/home/huuhoa/hospital_robot/install/nav_2d_msgs:/home/huuhoa/hospital_robot/install/hospital_package:/home/huuhoa/hospital_robot/install/nav2_simple_commander:/opt/ros/humble LD_LIBRARY_PATH=/home/huuhoa/hospital_robot/install/nav2_costmap_2d/lib:/home/huuhoa/hospital_robot/install/nav2_map_server/lib:/home/huuhoa/hospital_robot/install/nav2_lifecycle_manager/lib:/home/huuhoa/hospital_robot/install/nav2_util/lib:/home/huuhoa/hospital_robot/install/nav2_voxel_grid/lib:/home/huuhoa/hospital_robot/install/nav2_msgs/lib:/home/huuhoa/hospital_robot/install/map_msgs/lib:/home/huuhoa/hospital_robot/install/nav_2d_utils/lib:/home/huuhoa/hospital_robot/install/dwb_msgs/lib:/home/huuhoa/hospital_robot/install/nav_2d_msgs/lib:/opt/ros/humble/lib/x86_64-linux-gnu:/opt/ros/humble/lib /usr/bin/cmake --install /home/huuhoa/hospital_robot/build/costmap_queue
