[1.349s] Invoking command in '/home/huuhoa/hospital_robot/build/nav2_simple_commander': AMENT_PREFIX_PATH=/home/huuhoa/hospital_robot/install/nav2_msgs:/home/huuhoa/hospital_robot/install/nav2_common:${AMENT_PREFIX_PATH} CMAKE_PREFIX_PATH=/home/huuhoa/hospital_robot/install/nav2_msgs:/home/huuhoa/hospital_robot/install/nav2_common LD_LIBRARY_PATH=/home/huuhoa/hospital_robot/install/nav2_msgs/lib:${LD_LIBRARY_PATH} PYTHONPATH=/home/huuhoa/hospital_robot/build/nav2_simple_commander/prefix_override:/usr/lib/python3/dist-packages/colcon_core/task/python/colcon_distutils_commands:/home/huuhoa/hospital_robot/install/nav2_simple_commander/lib/python3.10/site-packages:/home/huuhoa/hospital_robot/install/nav2_msgs/local/lib/python3.10/dist-packages:/home/huuhoa/hospital_robot/install/nav2_common/local/lib/python3.10/dist-packages:${PYTHONPATH} /usr/bin/python3 -W ignore:setup.py install is deprecated -W ignore:easy_install command is deprecated setup.py develop --editable --build-directory /home/huuhoa/hospital_robot/build/nav2_simple_commander/build --no-deps symlink_data
[1.582s] running develop
[1.724s] running egg_info
[1.724s] writing nav2_simple_commander.egg-info/PKG-INFO
[1.724s] writing dependency_links to nav2_simple_commander.egg-info/dependency_links.txt
[1.724s] writing entry points to nav2_simple_commander.egg-info/entry_points.txt
[1.724s] writing requirements to nav2_simple_commander.egg-info/requires.txt
[1.724s] writing top-level names to nav2_simple_commander.egg-info/top_level.txt
[1.727s] reading manifest file 'nav2_simple_commander.egg-info/SOURCES.txt'
[1.729s] writing manifest file 'nav2_simple_commander.egg-info/SOURCES.txt'
[1.731s] running build_ext
[1.732s] Creating /home/huuhoa/hospital_robot/install/nav2_simple_commander/lib/python3.10/site-packages/nav2-simple-commander.egg-link (link to .)
[1.733s] Installing demo_inspection script to /home/huuhoa/hospital_robot/install/nav2_simple_commander/lib/nav2_simple_commander
[1.733s] Installing demo_picking script to /home/huuhoa/hospital_robot/install/nav2_simple_commander/lib/nav2_simple_commander
[1.733s] Installing demo_recoveries script to /home/huuhoa/hospital_robot/install/nav2_simple_commander/lib/nav2_simple_commander
[1.733s] Installing demo_security script to /home/huuhoa/hospital_robot/install/nav2_simple_commander/lib/nav2_simple_commander
[1.734s] Installing example_assisted_teleop script to /home/huuhoa/hospital_robot/install/nav2_simple_commander/lib/nav2_simple_commander
[1.734s] Installing example_follow_path script to /home/huuhoa/hospital_robot/install/nav2_simple_commander/lib/nav2_simple_commander
[1.734s] Installing example_nav_through_poses script to /home/huuhoa/hospital_robot/install/nav2_simple_commander/lib/nav2_simple_commander
[1.734s] Installing example_nav_to_pose script to /home/huuhoa/hospital_robot/install/nav2_simple_commander/lib/nav2_simple_commander
[1.734s] Installing example_waypoint_follower script to /home/huuhoa/hospital_robot/install/nav2_simple_commander/lib/nav2_simple_commander
[1.735s] 
[1.735s] Installed /home/huuhoa/hospital_robot/build/nav2_simple_commander
[1.735s] running symlink_data
[1.776s] Invoked command in '/home/huuhoa/hospital_robot/build/nav2_simple_commander' returned '0': AMENT_PREFIX_PATH=/home/huuhoa/hospital_robot/install/nav2_msgs:/home/huuhoa/hospital_robot/install/nav2_common:${AMENT_PREFIX_PATH} CMAKE_PREFIX_PATH=/home/huuhoa/hospital_robot/install/nav2_msgs:/home/huuhoa/hospital_robot/install/nav2_common LD_LIBRARY_PATH=/home/huuhoa/hospital_robot/install/nav2_msgs/lib:${LD_LIBRARY_PATH} PYTHONPATH=/home/huuhoa/hospital_robot/build/nav2_simple_commander/prefix_override:/usr/lib/python3/dist-packages/colcon_core/task/python/colcon_distutils_commands:/home/huuhoa/hospital_robot/install/nav2_simple_commander/lib/python3.10/site-packages:/home/huuhoa/hospital_robot/install/nav2_msgs/local/lib/python3.10/dist-packages:/home/huuhoa/hospital_robot/install/nav2_common/local/lib/python3.10/dist-packages:${PYTHONPATH} /usr/bin/python3 -W ignore:setup.py install is deprecated -W ignore:easy_install command is deprecated setup.py develop --editable --build-directory /home/huuhoa/hospital_robot/build/nav2_simple_commander/build --no-deps symlink_data
