[0.024s] Invoking command in '/home/huuhoa/hospital_robot/build/nav2_util': AMENT_PREFIX_PATH=/home/huuhoa/hospital_robot/install/nav2_msgs:/home/huuhoa/hospital_robot/install/nav2_common:${AMENT_PREFIX_PATH} CMAKE_PREFIX_PATH=/home/huuhoa/hospital_robot/install/nav2_msgs:/home/huuhoa/hospital_robot/install/nav2_common:/opt/ros/humble LD_LIBRARY_PATH=/home/huuhoa/hospital_robot/install/nav2_msgs/lib:${LD_LIBRARY_PATH} PYTHONPATH=/home/huuhoa/hospital_robot/install/nav2_msgs/local/lib/python3.10/dist-packages:/home/huuhoa/hospital_robot/install/nav2_common/local/lib/python3.10/dist-packages:${PYTHONPATH} /usr/bin/cmake --build /home/huuhoa/hospital_robot/build/nav2_util -- -j2 -l2
[0.221s] [  5%] Built target gtest_main
[0.263s] [ 10%] Built target gtest
[0.277s] [ 35%] Built target nav2_util_core
[0.334s] [ 40%] Built target lifecycle_bringup
[0.346s] [ 45%] Built target test_execution_timer
[0.395s] [ 50%] Built target test_service_client
[0.418s] [ 55%] Built target test_node_utils
[0.473s] [ 60%] Built target test_string_utils
[0.493s] [ 65%] Built target test_lifecycle_utils
[0.562s] [ 70%] Built target test_actions
[0.589s] [ 75%] Built target test_lifecycle_node
[0.640s] [ 80%] Built target test_lifecycle_cli_node
[0.679s] [ 85%] Built target test_geometry_utils
[0.698s] [ 90%] Built target test_odometry_utils
[0.772s] [ 95%] Built target test_robot_utils
[0.785s] [100%] Built target test_validation_messages
[0.815s] Invoked command in '/home/huuhoa/hospital_robot/build/nav2_util' returned '0': AMENT_PREFIX_PATH=/home/huuhoa/hospital_robot/install/nav2_msgs:/home/huuhoa/hospital_robot/install/nav2_common:${AMENT_PREFIX_PATH} CMAKE_PREFIX_PATH=/home/huuhoa/hospital_robot/install/nav2_msgs:/home/huuhoa/hospital_robot/install/nav2_common:/opt/ros/humble LD_LIBRARY_PATH=/home/huuhoa/hospital_robot/install/nav2_msgs/lib:${LD_LIBRARY_PATH} PYTHONPATH=/home/huuhoa/hospital_robot/install/nav2_msgs/local/lib/python3.10/dist-packages:/home/huuhoa/hospital_robot/install/nav2_common/local/lib/python3.10/dist-packages:${PYTHONPATH} /usr/bin/cmake --build /home/huuhoa/hospital_robot/build/nav2_util -- -j2 -l2
[0.831s] Invoking command in '/home/huuhoa/hospital_robot/build/nav2_util': AMENT_PREFIX_PATH=/home/huuhoa/hospital_robot/install/nav2_msgs:/home/huuhoa/hospital_robot/install/nav2_common:${AMENT_PREFIX_PATH} CMAKE_PREFIX_PATH=/home/huuhoa/hospital_robot/install/nav2_msgs:/home/huuhoa/hospital_robot/install/nav2_common:/opt/ros/humble LD_LIBRARY_PATH=/home/huuhoa/hospital_robot/install/nav2_msgs/lib:${LD_LIBRARY_PATH} PYTHONPATH=/home/huuhoa/hospital_robot/install/nav2_msgs/local/lib/python3.10/dist-packages:/home/huuhoa/hospital_robot/install/nav2_common/local/lib/python3.10/dist-packages:${PYTHONPATH} /usr/bin/cmake --install /home/huuhoa/hospital_robot/build/nav2_util
[0.848s] -- Install configuration: "Release"
[0.851s] -- Execute custom install script
[0.854s] -- Up-to-date symlink: /home/huuhoa/hospital_robot/install/nav2_util/lib/libnav2_util_core.so
[0.859s] -- Up-to-date symlink: /home/huuhoa/hospital_robot/install/nav2_util/lib/nav2_util/lifecycle_bringup
[0.861s] -- Up-to-date symlink: /home/huuhoa/hospital_robot/install/nav2_util/include//nav2_util/clear_entirely_costmap_service_client.hpp
[0.861s] -- Up-to-date symlink: /home/huuhoa/hospital_robot/install/nav2_util/include//nav2_util/costmap.hpp
[0.863s] -- Up-to-date symlink: /home/huuhoa/hospital_robot/install/nav2_util/include//nav2_util/execution_timer.hpp
[0.864s] -- Up-to-date symlink: /home/huuhoa/hospital_robot/install/nav2_util/include//nav2_util/geometry_utils.hpp
[0.865s] -- Up-to-date symlink: /home/huuhoa/hospital_robot/install/nav2_util/include//nav2_util/lifecycle_node.hpp
[0.866s] -- Up-to-date symlink: /home/huuhoa/hospital_robot/install/nav2_util/include//nav2_util/lifecycle_service_client.hpp
[0.867s] -- Up-to-date symlink: /home/huuhoa/hospital_robot/install/nav2_util/include//nav2_util/lifecycle_utils.hpp
[0.869s] -- Up-to-date symlink: /home/huuhoa/hospital_robot/install/nav2_util/include//nav2_util/line_iterator.hpp
[0.869s] -- Up-to-date symlink: /home/huuhoa/hospital_robot/install/nav2_util/include//nav2_util/node_thread.hpp
[0.870s] -- Up-to-date symlink: /home/huuhoa/hospital_robot/install/nav2_util/include//nav2_util/node_utils.hpp
[0.871s] -- Up-to-date symlink: /home/huuhoa/hospital_robot/install/nav2_util/include//nav2_util/occ_grid_values.hpp
[0.872s] -- Up-to-date symlink: /home/huuhoa/hospital_robot/install/nav2_util/include//nav2_util/odometry_utils.hpp
[0.874s] -- Up-to-date symlink: /home/huuhoa/hospital_robot/install/nav2_util/include//nav2_util/robot_utils.hpp
[0.875s] -- Up-to-date symlink: /home/huuhoa/hospital_robot/install/nav2_util/include//nav2_util/service_client.hpp
[0.877s] -- Up-to-date symlink: /home/huuhoa/hospital_robot/install/nav2_util/include//nav2_util/simple_action_server.hpp
[0.881s] -- Up-to-date symlink: /home/huuhoa/hospital_robot/install/nav2_util/include//nav2_util/string_utils.hpp
[0.882s] -- Up-to-date symlink: /home/huuhoa/hospital_robot/install/nav2_util/include//nav2_util/validate_messages.hpp
[0.883s] -- Up-to-date symlink: /home/huuhoa/hospital_robot/install/nav2_util/share/nav2_util/environment/library_path.sh
[0.884s] -- Up-to-date symlink: /home/huuhoa/hospital_robot/install/nav2_util/share/nav2_util/environment/library_path.dsv
[0.893s] -- Up-to-date symlink: /home/huuhoa/hospital_robot/install/nav2_util/share/ament_index/resource_index/package_run_dependencies/nav2_util
[0.893s] -- Up-to-date symlink: /home/huuhoa/hospital_robot/install/nav2_util/share/ament_index/resource_index/parent_prefix_path/nav2_util
[0.894s] -- Up-to-date symlink: /home/huuhoa/hospital_robot/install/nav2_util/share/nav2_util/environment/ament_prefix_path.sh
[0.896s] -- Up-to-date symlink: /home/huuhoa/hospital_robot/install/nav2_util/share/nav2_util/environment/ament_prefix_path.dsv
[0.898s] -- Up-to-date symlink: /home/huuhoa/hospital_robot/install/nav2_util/share/nav2_util/environment/path.sh
[0.898s] -- Up-to-date symlink: /home/huuhoa/hospital_robot/install/nav2_util/share/nav2_util/environment/path.dsv
[0.898s] -- Up-to-date symlink: /home/huuhoa/hospital_robot/install/nav2_util/share/nav2_util/local_setup.bash
[0.899s] -- Up-to-date symlink: /home/huuhoa/hospital_robot/install/nav2_util/share/nav2_util/local_setup.sh
[0.900s] -- Up-to-date symlink: /home/huuhoa/hospital_robot/install/nav2_util/share/nav2_util/local_setup.zsh
[0.901s] -- Up-to-date symlink: /home/huuhoa/hospital_robot/install/nav2_util/share/nav2_util/local_setup.dsv
[0.902s] -- Symlinking: /home/huuhoa/hospital_robot/install/nav2_util/share/nav2_util/package.dsv
[0.943s] -- Up-to-date symlink: /home/huuhoa/hospital_robot/install/nav2_util/share/ament_index/resource_index/packages/nav2_util
[0.945s] -- Up-to-date symlink: /home/huuhoa/hospital_robot/install/nav2_util/share/nav2_util/cmake/ament_cmake_export_include_directories-extras.cmake
[0.950s] -- Up-to-date symlink: /home/huuhoa/hospital_robot/install/nav2_util/share/nav2_util/cmake/ament_cmake_export_libraries-extras.cmake
[0.950s] -- Up-to-date symlink: /home/huuhoa/hospital_robot/install/nav2_util/share/nav2_util/cmake/ament_cmake_export_dependencies-extras.cmake
[0.950s] -- Up-to-date symlink: /home/huuhoa/hospital_robot/install/nav2_util/share/nav2_util/cmake/nav2_utilConfig.cmake
[0.950s] -- Up-to-date symlink: /home/huuhoa/hospital_robot/install/nav2_util/share/nav2_util/cmake/nav2_utilConfig-version.cmake
[0.957s] -- Up-to-date symlink: /home/huuhoa/hospital_robot/install/nav2_util/share/nav2_util/package.xml
[0.965s] Invoked command in '/home/huuhoa/hospital_robot/build/nav2_util' returned '0': AMENT_PREFIX_PATH=/home/huuhoa/hospital_robot/install/nav2_msgs:/home/huuhoa/hospital_robot/install/nav2_common:${AMENT_PREFIX_PATH} CMAKE_PREFIX_PATH=/home/huuhoa/hospital_robot/install/nav2_msgs:/home/huuhoa/hospital_robot/install/nav2_common:/opt/ros/humble LD_LIBRARY_PATH=/home/huuhoa/hospital_robot/install/nav2_msgs/lib:${LD_LIBRARY_PATH} PYTHONPATH=/home/huuhoa/hospital_robot/install/nav2_msgs/local/lib/python3.10/dist-packages:/home/huuhoa/hospital_robot/install/nav2_common/local/lib/python3.10/dist-packages:${PYTHONPATH} /usr/bin/cmake --install /home/huuhoa/hospital_robot/build/nav2_util
