[0.138s] Invoking command in '/home/huuhoa/hospital_robot/build/nav2_controller': AMENT_PREFIX_PATH=/home/huuhoa/hospital_robot/install/nav2_core:/home/huuhoa/hospital_robot/install/nav2_costmap_2d:/home/huuhoa/hospital_robot/install/nav_2d_utils:/home/huuhoa/hospital_robot/install/nav2_map_server:/home/huuhoa/hospital_robot/install/nav2_lifecycle_manager:/home/huuhoa/hospital_robot/install/nav2_util:/home/huuhoa/hospital_robot/install/nav2_voxel_grid:/home/huuhoa/hospital_robot/install/nav2_msgs:/home/huuhoa/hospital_robot/install/nav_2d_msgs:/home/huuhoa/hospital_robot/install/nav2_common:/home/huuhoa/hospital_robot/install/map_msgs:${AMENT_PREFIX_PATH} CMAKE_PREFIX_PATH=/home/huuhoa/hospital_robot/install/nav2_core:/home/huuhoa/hospital_robot/install/nav2_costmap_2d:/home/huuhoa/hospital_robot/install/nav_2d_utils:/home/huuhoa/hospital_robot/install/nav2_map_server:/home/huuhoa/hospital_robot/install/nav2_lifecycle_manager:/home/huuhoa/hospital_robot/install/nav2_util:/home/huuhoa/hospital_robot/install/nav2_voxel_grid:/home/huuhoa/hospital_robot/install/nav2_msgs:/home/huuhoa/hospital_robot/install/nav_2d_msgs:/home/huuhoa/hospital_robot/install/nav2_common:/home/huuhoa/hospital_robot/install/map_msgs:/opt/ros/humble LD_LIBRARY_PATH=/home/huuhoa/hospital_robot/install/nav2_costmap_2d/lib:/home/huuhoa/hospital_robot/install/nav_2d_utils/lib:/home/huuhoa/hospital_robot/install/nav2_map_server/lib:/home/huuhoa/hospital_robot/install/nav2_lifecycle_manager/lib:/home/huuhoa/hospital_robot/install/nav2_util/lib:/home/huuhoa/hospital_robot/install/nav2_voxel_grid/lib:/home/huuhoa/hospital_robot/install/nav2_msgs/lib:/home/huuhoa/hospital_robot/install/nav_2d_msgs/lib:/home/huuhoa/hospital_robot/install/map_msgs/lib:${LD_LIBRARY_PATH} PYTHONPATH=/home/huuhoa/hospital_robot/install/nav2_msgs/local/lib/python3.10/dist-packages:/home/huuhoa/hospital_robot/install/nav_2d_msgs/local/lib/python3.10/dist-packages:/home/huuhoa/hospital_robot/install/nav2_common/local/lib/python3.10/dist-packages:/home/huuhoa/hospital_robot/install/map_msgs/local/lib/python3.10/dist-packages:${PYTHONPATH} /usr/bin/cmake --build /home/huuhoa/hospital_robot/build/nav2_controller -- -j2 -l2
[0.367s] [  8%] Built target simple_progress_checker
[0.379s] [ 16%] Built target controller_server_core
[0.494s] [ 25%] Built target position_goal_checker
[0.494s] [ 33%] Built target simple_goal_checker
[0.568s] [ 41%] Built target gtest_main
[0.578s] [ 50%] Built target gtest
[0.691s] [ 58%] Built target controller_server
[0.692s] [ 66%] Built target pose_progress_checker
[0.801s] [ 75%] Built target pctest
[0.801s] [ 83%] Built target stopped_goal_checker
[0.872s] [ 91%] Built target test_dynamic_parameters
[0.940s] [100%] Built target gctest
[0.960s] Invoked command in '/home/huuhoa/hospital_robot/build/nav2_controller' returned '0': AMENT_PREFIX_PATH=/home/huuhoa/hospital_robot/install/nav2_core:/home/huuhoa/hospital_robot/install/nav2_costmap_2d:/home/huuhoa/hospital_robot/install/nav_2d_utils:/home/huuhoa/hospital_robot/install/nav2_map_server:/home/huuhoa/hospital_robot/install/nav2_lifecycle_manager:/home/huuhoa/hospital_robot/install/nav2_util:/home/huuhoa/hospital_robot/install/nav2_voxel_grid:/home/huuhoa/hospital_robot/install/nav2_msgs:/home/huuhoa/hospital_robot/install/nav_2d_msgs:/home/huuhoa/hospital_robot/install/nav2_common:/home/huuhoa/hospital_robot/install/map_msgs:${AMENT_PREFIX_PATH} CMAKE_PREFIX_PATH=/home/huuhoa/hospital_robot/install/nav2_core:/home/huuhoa/hospital_robot/install/nav2_costmap_2d:/home/huuhoa/hospital_robot/install/nav_2d_utils:/home/huuhoa/hospital_robot/install/nav2_map_server:/home/huuhoa/hospital_robot/install/nav2_lifecycle_manager:/home/huuhoa/hospital_robot/install/nav2_util:/home/huuhoa/hospital_robot/install/nav2_voxel_grid:/home/huuhoa/hospital_robot/install/nav2_msgs:/home/huuhoa/hospital_robot/install/nav_2d_msgs:/home/huuhoa/hospital_robot/install/nav2_common:/home/huuhoa/hospital_robot/install/map_msgs:/opt/ros/humble LD_LIBRARY_PATH=/home/huuhoa/hospital_robot/install/nav2_costmap_2d/lib:/home/huuhoa/hospital_robot/install/nav_2d_utils/lib:/home/huuhoa/hospital_robot/install/nav2_map_server/lib:/home/huuhoa/hospital_robot/install/nav2_lifecycle_manager/lib:/home/huuhoa/hospital_robot/install/nav2_util/lib:/home/huuhoa/hospital_robot/install/nav2_voxel_grid/lib:/home/huuhoa/hospital_robot/install/nav2_msgs/lib:/home/huuhoa/hospital_robot/install/nav_2d_msgs/lib:/home/huuhoa/hospital_robot/install/map_msgs/lib:${LD_LIBRARY_PATH} PYTHONPATH=/home/huuhoa/hospital_robot/install/nav2_msgs/local/lib/python3.10/dist-packages:/home/huuhoa/hospital_robot/install/nav_2d_msgs/local/lib/python3.10/dist-packages:/home/huuhoa/hospital_robot/install/nav2_common/local/lib/python3.10/dist-packages:/home/huuhoa/hospital_robot/install/map_msgs/local/lib/python3.10/dist-packages:${PYTHONPATH} /usr/bin/cmake --build /home/huuhoa/hospital_robot/build/nav2_controller -- -j2 -l2
[0.967s] Invoking command in '/home/huuhoa/hospital_robot/build/nav2_controller': AMENT_PREFIX_PATH=/home/huuhoa/hospital_robot/install/nav2_core:/home/huuhoa/hospital_robot/install/nav2_costmap_2d:/home/huuhoa/hospital_robot/install/nav_2d_utils:/home/huuhoa/hospital_robot/install/nav2_map_server:/home/huuhoa/hospital_robot/install/nav2_lifecycle_manager:/home/huuhoa/hospital_robot/install/nav2_util:/home/huuhoa/hospital_robot/install/nav2_voxel_grid:/home/huuhoa/hospital_robot/install/nav2_msgs:/home/huuhoa/hospital_robot/install/nav_2d_msgs:/home/huuhoa/hospital_robot/install/nav2_common:/home/huuhoa/hospital_robot/install/map_msgs:${AMENT_PREFIX_PATH} CMAKE_PREFIX_PATH=/home/huuhoa/hospital_robot/install/nav2_core:/home/huuhoa/hospital_robot/install/nav2_costmap_2d:/home/huuhoa/hospital_robot/install/nav_2d_utils:/home/huuhoa/hospital_robot/install/nav2_map_server:/home/huuhoa/hospital_robot/install/nav2_lifecycle_manager:/home/huuhoa/hospital_robot/install/nav2_util:/home/huuhoa/hospital_robot/install/nav2_voxel_grid:/home/huuhoa/hospital_robot/install/nav2_msgs:/home/huuhoa/hospital_robot/install/nav_2d_msgs:/home/huuhoa/hospital_robot/install/nav2_common:/home/huuhoa/hospital_robot/install/map_msgs:/opt/ros/humble LD_LIBRARY_PATH=/home/huuhoa/hospital_robot/install/nav2_costmap_2d/lib:/home/huuhoa/hospital_robot/install/nav_2d_utils/lib:/home/huuhoa/hospital_robot/install/nav2_map_server/lib:/home/huuhoa/hospital_robot/install/nav2_lifecycle_manager/lib:/home/huuhoa/hospital_robot/install/nav2_util/lib:/home/huuhoa/hospital_robot/install/nav2_voxel_grid/lib:/home/huuhoa/hospital_robot/install/nav2_msgs/lib:/home/huuhoa/hospital_robot/install/nav_2d_msgs/lib:/home/huuhoa/hospital_robot/install/map_msgs/lib:${LD_LIBRARY_PATH} PYTHONPATH=/home/huuhoa/hospital_robot/install/nav2_msgs/local/lib/python3.10/dist-packages:/home/huuhoa/hospital_robot/install/nav_2d_msgs/local/lib/python3.10/dist-packages:/home/huuhoa/hospital_robot/install/nav2_common/local/lib/python3.10/dist-packages:/home/huuhoa/hospital_robot/install/map_msgs/local/lib/python3.10/dist-packages:${PYTHONPATH} /usr/bin/cmake --install /home/huuhoa/hospital_robot/build/nav2_controller
[0.981s] -- Install configuration: "Release"
[0.984s] -- Execute custom install script
[0.990s] -- Up-to-date symlink: /home/huuhoa/hospital_robot/install/nav2_controller/lib/libsimple_progress_checker.so
[0.991s] -- Up-to-date symlink: /home/huuhoa/hospital_robot/install/nav2_controller/lib/libpose_progress_checker.so
[0.991s] -- Up-to-date symlink: /home/huuhoa/hospital_robot/install/nav2_controller/lib/libsimple_goal_checker.so
[0.993s] -- Up-to-date symlink: /home/huuhoa/hospital_robot/install/nav2_controller/lib/libstopped_goal_checker.so
[0.994s] -- Up-to-date symlink: /home/huuhoa/hospital_robot/install/nav2_controller/lib/libposition_goal_checker.so
[0.995s] -- Up-to-date symlink: /home/huuhoa/hospital_robot/install/nav2_controller/lib/libcontroller_server_core.so
[1.000s] -- Up-to-date symlink: /home/huuhoa/hospital_robot/install/nav2_controller/lib/nav2_controller/controller_server
[1.004s] -- Up-to-date symlink: /home/huuhoa/hospital_robot/install/nav2_controller/include//nav2_controller/controller_server.hpp
[1.007s] -- Up-to-date symlink: /home/huuhoa/hospital_robot/install/nav2_controller/include//nav2_controller/plugins/pose_progress_checker.hpp
[1.007s] -- Up-to-date symlink: /home/huuhoa/hospital_robot/install/nav2_controller/include//nav2_controller/plugins/position_goal_checker.hpp
[1.008s] -- Up-to-date symlink: /home/huuhoa/hospital_robot/install/nav2_controller/include//nav2_controller/plugins/simple_goal_checker.hpp
[1.009s] -- Up-to-date symlink: /home/huuhoa/hospital_robot/install/nav2_controller/include//nav2_controller/plugins/simple_progress_checker.hpp
[1.011s] -- Up-to-date symlink: /home/huuhoa/hospital_robot/install/nav2_controller/include//nav2_controller/plugins/stopped_goal_checker.hpp
[1.013s] -- Up-to-date symlink: /home/huuhoa/hospital_robot/install/nav2_controller/share/nav2_controller/environment/library_path.sh
[1.014s] -- Up-to-date symlink: /home/huuhoa/hospital_robot/install/nav2_controller/share/nav2_controller/environment/library_path.dsv
[1.016s] -- Up-to-date symlink: /home/huuhoa/hospital_robot/install/nav2_controller/share/nav2_controller//plugins.xml
[1.019s] -- Up-to-date symlink: /home/huuhoa/hospital_robot/install/nav2_controller/share/ament_index/resource_index/package_run_dependencies/nav2_controller
[1.020s] -- Up-to-date symlink: /home/huuhoa/hospital_robot/install/nav2_controller/share/ament_index/resource_index/parent_prefix_path/nav2_controller
[1.022s] -- Up-to-date symlink: /home/huuhoa/hospital_robot/install/nav2_controller/share/nav2_controller/environment/ament_prefix_path.sh
[1.023s] -- Up-to-date symlink: /home/huuhoa/hospital_robot/install/nav2_controller/share/nav2_controller/environment/ament_prefix_path.dsv
[1.024s] -- Up-to-date symlink: /home/huuhoa/hospital_robot/install/nav2_controller/share/nav2_controller/environment/path.sh
[1.025s] -- Up-to-date symlink: /home/huuhoa/hospital_robot/install/nav2_controller/share/nav2_controller/environment/path.dsv
[1.027s] -- Up-to-date symlink: /home/huuhoa/hospital_robot/install/nav2_controller/share/nav2_controller/local_setup.bash
[1.028s] -- Up-to-date symlink: /home/huuhoa/hospital_robot/install/nav2_controller/share/nav2_controller/local_setup.sh
[1.029s] -- Up-to-date symlink: /home/huuhoa/hospital_robot/install/nav2_controller/share/nav2_controller/local_setup.zsh
[1.031s] -- Up-to-date symlink: /home/huuhoa/hospital_robot/install/nav2_controller/share/nav2_controller/local_setup.dsv
[1.031s] -- Symlinking: /home/huuhoa/hospital_robot/install/nav2_controller/share/nav2_controller/package.dsv
[1.058s] -- Up-to-date symlink: /home/huuhoa/hospital_robot/install/nav2_controller/share/ament_index/resource_index/packages/nav2_controller
[1.060s] -- Up-to-date symlink: /home/huuhoa/hospital_robot/install/nav2_controller/share/ament_index/resource_index/nav2_core__pluginlib__plugin/nav2_controller
[1.063s] -- Up-to-date symlink: /home/huuhoa/hospital_robot/install/nav2_controller/share/ament_index/resource_index/rclcpp_components/nav2_controller
[1.065s] -- Up-to-date symlink: /home/huuhoa/hospital_robot/install/nav2_controller/share/nav2_controller/cmake/ament_cmake_export_include_directories-extras.cmake
[1.066s] -- Up-to-date symlink: /home/huuhoa/hospital_robot/install/nav2_controller/share/nav2_controller/cmake/ament_cmake_export_libraries-extras.cmake
[1.067s] -- Up-to-date symlink: /home/huuhoa/hospital_robot/install/nav2_controller/share/nav2_controller/cmake/ament_cmake_export_dependencies-extras.cmake
[1.068s] -- Up-to-date symlink: /home/huuhoa/hospital_robot/install/nav2_controller/share/nav2_controller/cmake/nav2_controllerConfig.cmake
[1.069s] -- Up-to-date symlink: /home/huuhoa/hospital_robot/install/nav2_controller/share/nav2_controller/cmake/nav2_controllerConfig-version.cmake
[1.070s] -- Up-to-date symlink: /home/huuhoa/hospital_robot/install/nav2_controller/share/nav2_controller/package.xml
[1.080s] Invoked command in '/home/huuhoa/hospital_robot/build/nav2_controller' returned '0': AMENT_PREFIX_PATH=/home/huuhoa/hospital_robot/install/nav2_core:/home/huuhoa/hospital_robot/install/nav2_costmap_2d:/home/huuhoa/hospital_robot/install/nav_2d_utils:/home/huuhoa/hospital_robot/install/nav2_map_server:/home/huuhoa/hospital_robot/install/nav2_lifecycle_manager:/home/huuhoa/hospital_robot/install/nav2_util:/home/huuhoa/hospital_robot/install/nav2_voxel_grid:/home/huuhoa/hospital_robot/install/nav2_msgs:/home/huuhoa/hospital_robot/install/nav_2d_msgs:/home/huuhoa/hospital_robot/install/nav2_common:/home/huuhoa/hospital_robot/install/map_msgs:${AMENT_PREFIX_PATH} CMAKE_PREFIX_PATH=/home/huuhoa/hospital_robot/install/nav2_core:/home/huuhoa/hospital_robot/install/nav2_costmap_2d:/home/huuhoa/hospital_robot/install/nav_2d_utils:/home/huuhoa/hospital_robot/install/nav2_map_server:/home/huuhoa/hospital_robot/install/nav2_lifecycle_manager:/home/huuhoa/hospital_robot/install/nav2_util:/home/huuhoa/hospital_robot/install/nav2_voxel_grid:/home/huuhoa/hospital_robot/install/nav2_msgs:/home/huuhoa/hospital_robot/install/nav_2d_msgs:/home/huuhoa/hospital_robot/install/nav2_common:/home/huuhoa/hospital_robot/install/map_msgs:/opt/ros/humble LD_LIBRARY_PATH=/home/huuhoa/hospital_robot/install/nav2_costmap_2d/lib:/home/huuhoa/hospital_robot/install/nav_2d_utils/lib:/home/huuhoa/hospital_robot/install/nav2_map_server/lib:/home/huuhoa/hospital_robot/install/nav2_lifecycle_manager/lib:/home/huuhoa/hospital_robot/install/nav2_util/lib:/home/huuhoa/hospital_robot/install/nav2_voxel_grid/lib:/home/huuhoa/hospital_robot/install/nav2_msgs/lib:/home/huuhoa/hospital_robot/install/nav_2d_msgs/lib:/home/huuhoa/hospital_robot/install/map_msgs/lib:${LD_LIBRARY_PATH} PYTHONPATH=/home/huuhoa/hospital_robot/install/nav2_msgs/local/lib/python3.10/dist-packages:/home/huuhoa/hospital_robot/install/nav_2d_msgs/local/lib/python3.10/dist-packages:/home/huuhoa/hospital_robot/install/nav2_common/local/lib/python3.10/dist-packages:/home/huuhoa/hospital_robot/install/map_msgs/local/lib/python3.10/dist-packages:${PYTHONPATH} /usr/bin/cmake --install /home/huuhoa/hospital_robot/build/nav2_controller
