[0.138s] Invoking command in '/home/huuhoa/hospital_robot/build/nav2_costmap_2d': CMAKE_PREFIX_PATH=/home/huuhoa/hospital_robot/install/nav2_map_server:/home/huuhoa/hospital_robot/install/nav2_lifecycle_manager:/home/huuhoa/hospital_robot/install/nav2_util:/home/huuhoa/hospital_robot/install/nav2_voxel_grid:/home/huuhoa/hospital_robot/install/nav2_msgs:/home/huuhoa/hospital_robot/install/nav2_common:/home/huuhoa/hospital_robot/install/map_msgs:/home/huuhoa/hospital_robot/install/nav2_system_tests:/home/huuhoa/hospital_robot/install/nav2_bringup:/home/huuhoa/hospital_robot/install/navigation2:/home/huuhoa/hospital_robot/install/nav2_smoother:/home/huuhoa/hospital_robot/install/nav2_rotation_shim_controller:/home/huuhoa/hospital_robot/install/nav2_graceful_controller:/home/huuhoa/hospital_robot/install/nav2_dwb_controller:/home/huuhoa/hospital_robot/install/nav2_controller:/home/huuhoa/hospital_robot/install/dwb_plugins:/home/huuhoa/hospital_robot/install/dwb_critics:/home/huuhoa/hospital_robot/install/dwb_core:/home/huuhoa/hospital_robot/install/nav_2d_utils:/home/huuhoa/hospital_robot/install/dwb_msgs:/home/huuhoa/hospital_robot/install/nav_2d_msgs:/home/huuhoa/hospital_robot/install/nav2_waypoint_follower:/home/huuhoa/hospital_robot/install/nav2_theta_star_planner:/home/huuhoa/hospital_robot/install/nav2_smac_planner:/home/huuhoa/hospital_robot/install/nav2_regulated_pure_pursuit_controller:/home/huuhoa/hospital_robot/install/nav2_planner:/home/huuhoa/hospital_robot/install/nav2_navfn_planner:/home/huuhoa/hospital_robot/install/nav2_mppi_controller:/home/huuhoa/hospital_robot/install/nav2_constrained_smoother:/home/huuhoa/hospital_robot/install/nav2_bt_navigator:/home/huuhoa/hospital_robot/install/nav2_behaviors:/home/huuhoa/hospital_robot/install/nav2_core:/home/huuhoa/hospital_robot/install/nav2_collision_monitor:/home/huuhoa/hospital_robot/install/costmap_queue:/home/huuhoa/hospital_robot/install/nav2_costmap_2d:/home/huuhoa/hospital_robot/install/nav2_velocity_smoother:/home/huuhoa/hospital_robot/install/nav2_rviz_plugins:/home/huuhoa/hospital_robot/install/nav2_behavior_tree:/home/huuhoa/hospital_robot/install/nav2_amcl:/home/huuhoa/hospital_robot/install/hospital_package:/home/huuhoa/hospital_robot/install/nav2_simple_commander:/opt/ros/humble LD_LIBRARY_PATH=/home/huuhoa/hospital_robot/install/nav2_map_server/lib:/home/huuhoa/hospital_robot/install/nav2_lifecycle_manager/lib:/home/huuhoa/hospital_robot/install/nav2_util/lib:/home/huuhoa/hospital_robot/install/nav2_voxel_grid/lib:/home/huuhoa/hospital_robot/install/nav2_msgs/lib:/home/huuhoa/hospital_robot/install/map_msgs/lib:/home/huuhoa/hospital_robot/install/nav2_smoother/lib:/home/huuhoa/hospital_robot/install/nav2_rotation_shim_controller/lib:/home/huuhoa/hospital_robot/install/nav2_graceful_controller/lib:/home/huuhoa/hospital_robot/install/nav2_controller/lib:/home/huuhoa/hospital_robot/install/dwb_plugins/lib:/home/huuhoa/hospital_robot/install/dwb_critics/lib:/home/huuhoa/hospital_robot/install/dwb_core/lib:/home/huuhoa/hospital_robot/install/nav_2d_utils/lib:/home/huuhoa/hospital_robot/install/dwb_msgs/lib:/home/huuhoa/hospital_robot/install/nav_2d_msgs/lib:/home/huuhoa/hospital_robot/install/nav2_waypoint_follower/lib:/home/huuhoa/hospital_robot/install/nav2_theta_star_planner/lib:/home/huuhoa/hospital_robot/install/nav2_smac_planner/lib:/home/huuhoa/hospital_robot/install/nav2_regulated_pure_pursuit_controller/lib:/home/huuhoa/hospital_robot/install/nav2_planner/lib:/home/huuhoa/hospital_robot/install/nav2_navfn_planner/lib:/home/huuhoa/hospital_robot/install/nav2_mppi_controller/lib:/home/huuhoa/hospital_robot/install/nav2_constrained_smoother/lib:/home/huuhoa/hospital_robot/install/nav2_bt_navigator/lib:/home/huuhoa/hospital_robot/install/nav2_behaviors/lib:/home/huuhoa/hospital_robot/install/nav2_collision_monitor/lib:/home/huuhoa/hospital_robot/install/costmap_queue/lib:/home/huuhoa/hospital_robot/install/nav2_costmap_2d/lib:/home/huuhoa/hospital_robot/install/nav2_velocity_smoother/lib:/home/huuhoa/hospital_robot/install/nav2_rviz_plugins/lib:/home/huuhoa/hospital_robot/install/nav2_behavior_tree/lib:/home/huuhoa/hospital_robot/install/nav2_amcl/lib:/opt/ros/humble/lib/x86_64-linux-gnu:/opt/ros/humble/lib /usr/bin/cmake /home/huuhoa/hospital_robot/src/nav2_package/navigation2/nav2_costmap_2d -DAMENT_CMAKE_SYMLINK_INSTALL=1 -DCMAKE_INSTALL_PREFIX=/home/huuhoa/hospital_robot/install/nav2_costmap_2d
[0.268s] -- The C compiler identification is GNU 11.4.0
[0.391s] -- The CXX compiler identification is GNU 11.4.0
[0.413s] -- Detecting C compiler ABI info
[0.587s] -- Detecting C compiler ABI info - done
[0.592s] -- Check for working C compiler: /usr/bin/cc - skipped
[0.592s] -- Detecting C compile features
[0.592s] -- Detecting C compile features - done
[0.594s] -- Detecting CXX compiler ABI info
[0.780s] -- Detecting CXX compiler ABI info - done
[0.798s] -- Check for working CXX compiler: /usr/bin/c++ - skipped
[0.798s] -- Detecting CXX compile features
[0.799s] -- Detecting CXX compile features - done
[0.803s] -- Found ament_cmake: 1.3.11 (/opt/ros/humble/share/ament_cmake/cmake)
[1.045s] -- Found Python3: /usr/bin/python3 (found version "3.10.12") found components: Interpreter 
[1.150s] -- Override CMake install command with custom implementation using symlinks instead of copying resources
[1.195s] -- Found geometry_msgs: 4.2.4 (/opt/ros/humble/share/geometry_msgs/cmake)
[1.261s] -- Found rosidl_generator_c: 3.1.6 (/opt/ros/humble/share/rosidl_generator_c/cmake)
[1.269s] -- Found rosidl_adapter: 3.1.6 (/opt/ros/humble/share/rosidl_adapter/cmake)
[1.282s] -- Found rosidl_generator_cpp: 3.1.6 (/opt/ros/humble/share/rosidl_generator_cpp/cmake)
[1.306s] -- Using all available rosidl_typesupport_c: rosidl_typesupport_fastrtps_c;rosidl_typesupport_introspection_c
[1.334s] -- Using all available rosidl_typesupport_cpp: rosidl_typesupport_fastrtps_cpp;rosidl_typesupport_introspection_cpp
[1.397s] [31mCMake Error at CMakeLists.txt:6 (find_package):
[1.398s]   By not providing "Findlaser_geometry.cmake" in CMAKE_MODULE_PATH this
[1.398s]   project has asked CMake to find a package configuration file provided by
[1.398s]   "laser_geometry", but CMake did not find one.
[1.398s] 
[1.398s]   Could not find a package configuration file provided by "laser_geometry"
[1.399s]   with any of the following names:
[1.399s] 
[1.399s]     laser_geometryConfig.cmake
[1.399s]     laser_geometry-config.cmake
[1.399s] 
[1.399s]   Add the installation prefix of "laser_geometry" to CMAKE_PREFIX_PATH or set
[1.411s]   "laser_geometry_DIR" to a directory containing one of the above files.  If
[1.411s]   "laser_geometry" provides a separate development package or SDK, be sure it
[1.411s]   has been installed.
[1.411s] 
[1.411s] [0m
[1.411s] -- Configuring incomplete, errors occurred!
[1.411s] See also "/home/huuhoa/hospital_robot/build/nav2_costmap_2d/CMakeFiles/CMakeOutput.log".
[1.413s] Invoked command in '/home/huuhoa/hospital_robot/build/nav2_costmap_2d' returned '1': CMAKE_PREFIX_PATH=/home/huuhoa/hospital_robot/install/nav2_map_server:/home/huuhoa/hospital_robot/install/nav2_lifecycle_manager:/home/huuhoa/hospital_robot/install/nav2_util:/home/huuhoa/hospital_robot/install/nav2_voxel_grid:/home/huuhoa/hospital_robot/install/nav2_msgs:/home/huuhoa/hospital_robot/install/nav2_common:/home/huuhoa/hospital_robot/install/map_msgs:/home/huuhoa/hospital_robot/install/nav2_system_tests:/home/huuhoa/hospital_robot/install/nav2_bringup:/home/huuhoa/hospital_robot/install/navigation2:/home/huuhoa/hospital_robot/install/nav2_smoother:/home/huuhoa/hospital_robot/install/nav2_rotation_shim_controller:/home/huuhoa/hospital_robot/install/nav2_graceful_controller:/home/huuhoa/hospital_robot/install/nav2_dwb_controller:/home/huuhoa/hospital_robot/install/nav2_controller:/home/huuhoa/hospital_robot/install/dwb_plugins:/home/huuhoa/hospital_robot/install/dwb_critics:/home/huuhoa/hospital_robot/install/dwb_core:/home/huuhoa/hospital_robot/install/nav_2d_utils:/home/huuhoa/hospital_robot/install/dwb_msgs:/home/huuhoa/hospital_robot/install/nav_2d_msgs:/home/huuhoa/hospital_robot/install/nav2_waypoint_follower:/home/huuhoa/hospital_robot/install/nav2_theta_star_planner:/home/huuhoa/hospital_robot/install/nav2_smac_planner:/home/huuhoa/hospital_robot/install/nav2_regulated_pure_pursuit_controller:/home/huuhoa/hospital_robot/install/nav2_planner:/home/huuhoa/hospital_robot/install/nav2_navfn_planner:/home/huuhoa/hospital_robot/install/nav2_mppi_controller:/home/huuhoa/hospital_robot/install/nav2_constrained_smoother:/home/huuhoa/hospital_robot/install/nav2_bt_navigator:/home/huuhoa/hospital_robot/install/nav2_behaviors:/home/huuhoa/hospital_robot/install/nav2_core:/home/huuhoa/hospital_robot/install/nav2_collision_monitor:/home/huuhoa/hospital_robot/install/costmap_queue:/home/huuhoa/hospital_robot/install/nav2_costmap_2d:/home/huuhoa/hospital_robot/install/nav2_velocity_smoother:/home/huuhoa/hospital_robot/install/nav2_rviz_plugins:/home/huuhoa/hospital_robot/install/nav2_behavior_tree:/home/huuhoa/hospital_robot/install/nav2_amcl:/home/huuhoa/hospital_robot/install/hospital_package:/home/huuhoa/hospital_robot/install/nav2_simple_commander:/opt/ros/humble LD_LIBRARY_PATH=/home/huuhoa/hospital_robot/install/nav2_map_server/lib:/home/huuhoa/hospital_robot/install/nav2_lifecycle_manager/lib:/home/huuhoa/hospital_robot/install/nav2_util/lib:/home/huuhoa/hospital_robot/install/nav2_voxel_grid/lib:/home/huuhoa/hospital_robot/install/nav2_msgs/lib:/home/huuhoa/hospital_robot/install/map_msgs/lib:/home/huuhoa/hospital_robot/install/nav2_smoother/lib:/home/huuhoa/hospital_robot/install/nav2_rotation_shim_controller/lib:/home/huuhoa/hospital_robot/install/nav2_graceful_controller/lib:/home/huuhoa/hospital_robot/install/nav2_controller/lib:/home/huuhoa/hospital_robot/install/dwb_plugins/lib:/home/huuhoa/hospital_robot/install/dwb_critics/lib:/home/huuhoa/hospital_robot/install/dwb_core/lib:/home/huuhoa/hospital_robot/install/nav_2d_utils/lib:/home/huuhoa/hospital_robot/install/dwb_msgs/lib:/home/huuhoa/hospital_robot/install/nav_2d_msgs/lib:/home/huuhoa/hospital_robot/install/nav2_waypoint_follower/lib:/home/huuhoa/hospital_robot/install/nav2_theta_star_planner/lib:/home/huuhoa/hospital_robot/install/nav2_smac_planner/lib:/home/huuhoa/hospital_robot/install/nav2_regulated_pure_pursuit_controller/lib:/home/huuhoa/hospital_robot/install/nav2_planner/lib:/home/huuhoa/hospital_robot/install/nav2_navfn_planner/lib:/home/huuhoa/hospital_robot/install/nav2_mppi_controller/lib:/home/huuhoa/hospital_robot/install/nav2_constrained_smoother/lib:/home/huuhoa/hospital_robot/install/nav2_bt_navigator/lib:/home/huuhoa/hospital_robot/install/nav2_behaviors/lib:/home/huuhoa/hospital_robot/install/nav2_collision_monitor/lib:/home/huuhoa/hospital_robot/install/costmap_queue/lib:/home/huuhoa/hospital_robot/install/nav2_costmap_2d/lib:/home/huuhoa/hospital_robot/install/nav2_velocity_smoother/lib:/home/huuhoa/hospital_robot/install/nav2_rviz_plugins/lib:/home/huuhoa/hospital_robot/install/nav2_behavior_tree/lib:/home/huuhoa/hospital_robot/install/nav2_amcl/lib:/opt/ros/humble/lib/x86_64-linux-gnu:/opt/ros/humble/lib /usr/bin/cmake /home/huuhoa/hospital_robot/src/nav2_package/navigation2/nav2_costmap_2d -DAMENT_CMAKE_SYMLINK_INSTALL=1 -DCMAKE_INSTALL_PREFIX=/home/huuhoa/hospital_robot/install/nav2_costmap_2d
