[0.088s] Invoking command in '/home/huuhoa/hospital_robot/build/map_msgs': CMAKE_PREFIX_PATH=${CMAKE_PREFIX_PATH}:/home/huuhoa/hospital_robot/install/nav2_simple_commander:/opt/ros/humble /usr/bin/cmake /home/huuhoa/hospital_robot/src/nav2_package/navigation_msgs/map_msgs -DAMENT_CMAKE_SYMLINK_INSTALL=1 -DCMAKE_INSTALL_PREFIX=/home/huuhoa/hospital_robot/install/map_msgs
[0.333s] -- The C compiler identification is GNU 11.4.0
[0.427s] -- The CXX compiler identification is GNU 11.4.0
[0.445s] -- Detecting C compiler ABI info
[0.617s] -- Detecting C compiler ABI info - done
[0.638s] -- Check for working C compiler: /usr/bin/cc - skipped
[0.638s] -- Detecting C compile features
[0.639s] -- Detecting C compile features - done
[0.643s] -- Detecting CXX compiler ABI info
[0.793s] -- Detecting CXX compiler ABI info - done
[0.801s] -- Check for working CXX compiler: /usr/bin/c++ - skipped
[0.802s] -- Detecting CXX compile features
[0.802s] -- Detecting CXX compile features - done
[0.805s] -- Found ament_cmake: 1.3.11 (/opt/ros/humble/share/ament_cmake/cmake)
[1.008s] -- Found Python3: /usr/bin/python3 (found version "3.10.12") found components: Interpreter 
[1.078s] -- Override CMake install command with custom implementation using symlinks instead of copying resources
[1.102s] -- Found rosidl_default_generators: 1.2.0 (/opt/ros/humble/share/rosidl_default_generators/cmake)
[1.120s] -- Using all available rosidl_typesupport_c: rosidl_typesupport_fastrtps_c;rosidl_typesupport_introspection_c
[1.128s] -- Found rosidl_adapter: 3.1.6 (/opt/ros/humble/share/rosidl_adapter/cmake)
[1.203s] -- Using all available rosidl_typesupport_cpp: rosidl_typesupport_fastrtps_cpp;rosidl_typesupport_introspection_cpp
[1.250s] -- Found nav_msgs: 4.2.4 (/opt/ros/humble/share/nav_msgs/cmake)
[1.344s] -- Found sensor_msgs: 4.2.4 (/opt/ros/humble/share/sensor_msgs/cmake)
[2.092s] -- Found ament_cmake_cppcheck: 0.12.11 (/opt/ros/humble/share/ament_cmake_cppcheck/cmake)
[2.095s] -- Found ament_cmake_cpplint: 0.12.11 (/opt/ros/humble/share/ament_cmake_cpplint/cmake)
[2.098s] -- Found ament_cmake_uncrustify: 0.12.11 (/opt/ros/humble/share/ament_cmake_uncrustify/cmake)
[2.108s] -- Found ament_cmake_ros: 0.10.0 (/opt/ros/humble/share/ament_cmake_ros/cmake)
[2.516s] -- Using all available rosidl_typesupport_c: rosidl_typesupport_fastrtps_c;rosidl_typesupport_introspection_c
[2.995s] -- Using all available rosidl_typesupport_cpp: rosidl_typesupport_fastrtps_cpp;rosidl_typesupport_introspection_cpp
[3.028s] -- Found PythonInterp: /usr/bin/python3 (found suitable version "3.10.12", minimum required is "3.6") 
[3.036s] -- Found python_cmake_module: 0.10.0 (/opt/ros/humble/share/python_cmake_module/cmake)
[3.069s] -- Found PythonLibs: /usr/lib/x86_64-linux-gnu/libpython3.10.so (found suitable version "3.10.12", minimum required is "3.5") 
[3.069s] -- Using PYTHON_EXECUTABLE: /usr/bin/python3
[3.069s] -- Using PYTHON_INCLUDE_DIRS: /usr/include/python3.10
[3.069s] -- Using PYTHON_LIBRARIES: /usr/lib/x86_64-linux-gnu/libpython3.10.so
[3.091s] -- Found PythonExtra: .so  
[3.229s] -- Found ament_cmake_flake8: 0.12.11 (/opt/ros/humble/share/ament_cmake_flake8/cmake)
[3.232s] -- Found ament_cmake_pep257: 0.12.11 (/opt/ros/humble/share/ament_cmake_pep257/cmake)
[3.245s] -- Configuring done
[3.302s] -- Generating done
[3.338s] -- Build files have been written to: /home/huuhoa/hospital_robot/build/map_msgs
[3.353s] Invoked command in '/home/huuhoa/hospital_robot/build/map_msgs' returned '0': CMAKE_PREFIX_PATH=${CMAKE_PREFIX_PATH}:/home/huuhoa/hospital_robot/install/nav2_simple_commander:/opt/ros/humble /usr/bin/cmake /home/huuhoa/hospital_robot/src/nav2_package/navigation_msgs/map_msgs -DAMENT_CMAKE_SYMLINK_INSTALL=1 -DCMAKE_INSTALL_PREFIX=/home/huuhoa/hospital_robot/install/map_msgs
[3.356s] Invoking command in '/home/huuhoa/hospital_robot/build/map_msgs': CMAKE_PREFIX_PATH=${CMAKE_PREFIX_PATH}:/home/huuhoa/hospital_robot/install/nav2_simple_commander:/opt/ros/humble /usr/bin/cmake --build /home/huuhoa/hospital_robot/build/map_msgs -- -j2 -l2
[3.453s] [  1%] [34m[1mGenerating C code for ROS interfaces[0m
[3.480s] [  1%] [34m[1mGenerating C++ code for ROS interfaces[0m
[10.300s] [  2%] [32mBuilding C object CMakeFiles/map_msgs__rosidl_generator_c.dir/rosidl_generator_c/map_msgs/msg/detail/occupancy_grid_update__functions.c.o[0m
[10.860s] [  3%] [32mBuilding C object CMakeFiles/map_msgs__rosidl_generator_c.dir/rosidl_generator_c/map_msgs/msg/detail/point_cloud2_update__functions.c.o[0m
[11.056s] [  4%] [32mBuilding C object CMakeFiles/map_msgs__rosidl_generator_c.dir/rosidl_generator_c/map_msgs/msg/detail/projected_map_info__functions.c.o[0m
[11.195s] [  5%] [32mBuilding C object CMakeFiles/map_msgs__rosidl_generator_c.dir/rosidl_generator_c/map_msgs/msg/detail/projected_map__functions.c.o[0m
[11.317s] [  6%] [32mBuilding C object CMakeFiles/map_msgs__rosidl_generator_c.dir/rosidl_generator_c/map_msgs/srv/detail/get_map_roi__functions.c.o[0m
[11.489s] [  7%] [32mBuilding C object CMakeFiles/map_msgs__rosidl_generator_c.dir/rosidl_generator_c/map_msgs/srv/detail/get_point_map_roi__functions.c.o[0m
[11.522s] [  7%] Built target map_msgs__cpp
[11.629s] [  7%] Built target ament_cmake_python_symlink_map_msgs
[11.668s] [  8%] [32mBuilding C object CMakeFiles/map_msgs__rosidl_generator_c.dir/rosidl_generator_c/map_msgs/srv/detail/get_point_map__functions.c.o[0m
[11.697s] [  9%] [32mBuilding C object CMakeFiles/map_msgs__rosidl_generator_c.dir/rosidl_generator_c/map_msgs/srv/detail/projected_maps_info__functions.c.o[0m
[11.857s] [ 10%] [32mBuilding C object CMakeFiles/map_msgs__rosidl_generator_c.dir/rosidl_generator_c/map_msgs/srv/detail/save_map__functions.c.o[0m
[11.910s] [ 11%] [32mBuilding C object CMakeFiles/map_msgs__rosidl_generator_c.dir/rosidl_generator_c/map_msgs/srv/detail/set_map_projections__functions.c.o[0m
[12.045s] [ 12%] [32m[1mLinking C shared library libmap_msgs__rosidl_generator_c.so[0m
[12.051s] [ 13%] [34m[1mGenerating C++ type support dispatch for ROS interfaces[0m
[12.323s] [ 13%] Built target map_msgs__rosidl_generator_c
[12.365s] [ 14%] [34m[1mGenerating C++ type support for eProsima Fast-RTPS[0m
[14.132s] [ 15%] [32mBuilding CXX object CMakeFiles/map_msgs__rosidl_typesupport_cpp.dir/rosidl_typesupport_cpp/map_msgs/msg/occupancy_grid_update__type_support.cpp.o[0m
[14.580s] [ 16%] [32mBuilding CXX object CMakeFiles/map_msgs__rosidl_typesupport_fastrtps_cpp.dir/rosidl_typesupport_fastrtps_cpp/map_msgs/msg/detail/dds_fastrtps/occupancy_grid_update__type_support.cpp.o[0m
[14.709s] [ 17%] [32mBuilding CXX object CMakeFiles/map_msgs__rosidl_typesupport_cpp.dir/rosidl_typesupport_cpp/map_msgs/msg/point_cloud2_update__type_support.cpp.o[0m
[15.138s] [ 18%] [32mBuilding CXX object CMakeFiles/map_msgs__rosidl_typesupport_cpp.dir/rosidl_typesupport_cpp/map_msgs/msg/projected_map_info__type_support.cpp.o[0m
[15.282s] [ 19%] [32mBuilding CXX object CMakeFiles/map_msgs__rosidl_typesupport_fastrtps_cpp.dir/rosidl_typesupport_fastrtps_cpp/map_msgs/msg/detail/dds_fastrtps/point_cloud2_update__type_support.cpp.o[0m
[15.690s] [ 20%] [32mBuilding CXX object CMakeFiles/map_msgs__rosidl_typesupport_cpp.dir/rosidl_typesupport_cpp/map_msgs/msg/projected_map__type_support.cpp.o[0m
[15.853s] [ 20%] [32mBuilding CXX object CMakeFiles/map_msgs__rosidl_typesupport_fastrtps_cpp.dir/rosidl_typesupport_fastrtps_cpp/map_msgs/msg/detail/dds_fastrtps/projected_map_info__type_support.cpp.o[0m
[16.466s] [ 21%] [32mBuilding CXX object CMakeFiles/map_msgs__rosidl_typesupport_fastrtps_cpp.dir/rosidl_typesupport_fastrtps_cpp/map_msgs/msg/detail/dds_fastrtps/projected_map__type_support.cpp.o[0m
[16.502s] [ 22%] [32mBuilding CXX object CMakeFiles/map_msgs__rosidl_typesupport_cpp.dir/rosidl_typesupport_cpp/map_msgs/srv/get_map_roi__type_support.cpp.o[0m
[17.295s] [ 23%] [32mBuilding CXX object CMakeFiles/map_msgs__rosidl_typesupport_fastrtps_cpp.dir/rosidl_typesupport_fastrtps_cpp/map_msgs/srv/detail/dds_fastrtps/get_map_roi__type_support.cpp.o[0m
[17.366s] [ 24%] [32mBuilding CXX object CMakeFiles/map_msgs__rosidl_typesupport_cpp.dir/rosidl_typesupport_cpp/map_msgs/srv/get_point_map_roi__type_support.cpp.o[0m
[17.961s] [ 25%] [32mBuilding CXX object CMakeFiles/map_msgs__rosidl_typesupport_cpp.dir/rosidl_typesupport_cpp/map_msgs/srv/get_point_map__type_support.cpp.o[0m
[17.963s] [ 26%] [32mBuilding CXX object CMakeFiles/map_msgs__rosidl_typesupport_fastrtps_cpp.dir/rosidl_typesupport_fastrtps_cpp/map_msgs/srv/detail/dds_fastrtps/get_point_map_roi__type_support.cpp.o[0m
[18.759s] [ 27%] [32mBuilding CXX object CMakeFiles/map_msgs__rosidl_typesupport_fastrtps_cpp.dir/rosidl_typesupport_fastrtps_cpp/map_msgs/srv/detail/dds_fastrtps/get_point_map__type_support.cpp.o[0m
[18.771s] [ 28%] [32mBuilding CXX object CMakeFiles/map_msgs__rosidl_typesupport_cpp.dir/rosidl_typesupport_cpp/map_msgs/srv/projected_maps_info__type_support.cpp.o[0m
[19.484s] [ 29%] [32mBuilding CXX object CMakeFiles/map_msgs__rosidl_typesupport_cpp.dir/rosidl_typesupport_cpp/map_msgs/srv/save_map__type_support.cpp.o[0m
[19.825s] [ 30%] [32mBuilding CXX object CMakeFiles/map_msgs__rosidl_typesupport_fastrtps_cpp.dir/rosidl_typesupport_fastrtps_cpp/map_msgs/srv/detail/dds_fastrtps/projected_maps_info__type_support.cpp.o[0m
[20.059s] [ 31%] [32mBuilding CXX object CMakeFiles/map_msgs__rosidl_typesupport_cpp.dir/rosidl_typesupport_cpp/map_msgs/srv/set_map_projections__type_support.cpp.o[0m
[20.509s] [ 32%] [32m[1mLinking CXX shared library libmap_msgs__rosidl_typesupport_cpp.so[0m
[20.547s] [ 33%] [32mBuilding CXX object CMakeFiles/map_msgs__rosidl_typesupport_fastrtps_cpp.dir/rosidl_typesupport_fastrtps_cpp/map_msgs/srv/detail/dds_fastrtps/save_map__type_support.cpp.o[0m
[20.671s] [ 33%] Built target map_msgs__rosidl_typesupport_cpp
[20.701s] [ 34%] [32mBuilding CXX object CMakeFiles/map_msgs__rosidl_typesupport_fastrtps_cpp.dir/rosidl_typesupport_fastrtps_cpp/map_msgs/srv/detail/dds_fastrtps/set_map_projections__type_support.cpp.o[0m
[21.477s] [ 35%] [34m[1mGenerating C++ introspection for ROS interfaces[0m
[21.619s] [ 36%] [32m[1mLinking CXX shared library libmap_msgs__rosidl_typesupport_fastrtps_cpp.so[0m
[22.584s] [ 36%] Built target map_msgs__rosidl_typesupport_fastrtps_cpp
[23.186s] running egg_info
[23.187s] creating map_msgs.egg-info
[23.187s] writing map_msgs.egg-info/PKG-INFO
[23.187s] writing dependency_links to map_msgs.egg-info/dependency_links.txt
[23.187s] writing top-level names to map_msgs.egg-info/top_level.txt
[23.188s] writing manifest file 'map_msgs.egg-info/SOURCES.txt'
[23.192s] reading manifest file 'map_msgs.egg-info/SOURCES.txt'
[23.194s] writing manifest file 'map_msgs.egg-info/SOURCES.txt'
[23.286s] [ 36%] Built target ament_cmake_python_build_map_msgs_egg
[23.427s] [ 37%] [34m[1mGenerating C type support for eProsima Fast-RTPS[0m
[24.233s] [ 38%] [32mBuilding CXX object CMakeFiles/map_msgs__rosidl_typesupport_introspection_cpp.dir/rosidl_typesupport_introspection_cpp/map_msgs/msg/detail/occupancy_grid_update__type_support.cpp.o[0m
[25.113s] [ 39%] [32mBuilding CXX object CMakeFiles/map_msgs__rosidl_typesupport_introspection_cpp.dir/rosidl_typesupport_introspection_cpp/map_msgs/msg/detail/point_cloud2_update__type_support.cpp.o[0m
[25.941s] [ 40%] [32mBuilding CXX object CMakeFiles/map_msgs__rosidl_typesupport_fastrtps_c.dir/rosidl_typesupport_fastrtps_c/map_msgs/msg/detail/occupancy_grid_update__type_support_c.cpp.o[0m
[26.170s] [ 41%] [32mBuilding CXX object CMakeFiles/map_msgs__rosidl_typesupport_introspection_cpp.dir/rosidl_typesupport_introspection_cpp/map_msgs/msg/detail/projected_map_info__type_support.cpp.o[0m
[26.539s] [ 42%] [32mBuilding CXX object CMakeFiles/map_msgs__rosidl_typesupport_fastrtps_c.dir/rosidl_typesupport_fastrtps_c/map_msgs/msg/detail/point_cloud2_update__type_support_c.cpp.o[0m
[27.111s] [ 43%] [32mBuilding CXX object CMakeFiles/map_msgs__rosidl_typesupport_introspection_cpp.dir/rosidl_typesupport_introspection_cpp/map_msgs/msg/detail/projected_map__type_support.cpp.o[0m
[27.137s] [ 44%] [32mBuilding CXX object CMakeFiles/map_msgs__rosidl_typesupport_fastrtps_c.dir/rosidl_typesupport_fastrtps_c/map_msgs/msg/detail/projected_map_info__type_support_c.cpp.o[0m
[27.906s] [ 45%] [32mBuilding CXX object CMakeFiles/map_msgs__rosidl_typesupport_fastrtps_c.dir/rosidl_typesupport_fastrtps_c/map_msgs/msg/detail/projected_map__type_support_c.cpp.o[0m
[27.988s] [ 46%] [32mBuilding CXX object CMakeFiles/map_msgs__rosidl_typesupport_introspection_cpp.dir/rosidl_typesupport_introspection_cpp/map_msgs/srv/detail/get_map_roi__type_support.cpp.o[0m
[28.631s] [ 47%] [32mBuilding CXX object CMakeFiles/map_msgs__rosidl_typesupport_fastrtps_c.dir/rosidl_typesupport_fastrtps_c/map_msgs/srv/detail/get_map_roi__type_support_c.cpp.o[0m
[28.685s] [ 48%] [32mBuilding CXX object CMakeFiles/map_msgs__rosidl_typesupport_introspection_cpp.dir/rosidl_typesupport_introspection_cpp/map_msgs/srv/detail/get_point_map_roi__type_support.cpp.o[0m
[29.392s] [ 49%] [32mBuilding CXX object CMakeFiles/map_msgs__rosidl_typesupport_fastrtps_c.dir/rosidl_typesupport_fastrtps_c/map_msgs/srv/detail/get_point_map_roi__type_support_c.cpp.o[0m
[29.465s] [ 50%] [32mBuilding CXX object CMakeFiles/map_msgs__rosidl_typesupport_introspection_cpp.dir/rosidl_typesupport_introspection_cpp/map_msgs/srv/detail/get_point_map__type_support.cpp.o[0m
[30.162s] [ 51%] [32mBuilding CXX object CMakeFiles/map_msgs__rosidl_typesupport_fastrtps_c.dir/rosidl_typesupport_fastrtps_c/map_msgs/srv/detail/get_point_map__type_support_c.cpp.o[0m
[30.236s] [ 52%] [32mBuilding CXX object CMakeFiles/map_msgs__rosidl_typesupport_introspection_cpp.dir/rosidl_typesupport_introspection_cpp/map_msgs/srv/detail/projected_maps_info__type_support.cpp.o[0m
[30.796s] [ 53%] [32mBuilding CXX object CMakeFiles/map_msgs__rosidl_typesupport_fastrtps_c.dir/rosidl_typesupport_fastrtps_c/map_msgs/srv/detail/projected_maps_info__type_support_c.cpp.o[0m
[31.439s] [ 54%] [32mBuilding CXX object CMakeFiles/map_msgs__rosidl_typesupport_fastrtps_c.dir/rosidl_typesupport_fastrtps_c/map_msgs/srv/detail/save_map__type_support_c.cpp.o[0m
[31.514s] [ 55%] [32mBuilding CXX object CMakeFiles/map_msgs__rosidl_typesupport_introspection_cpp.dir/rosidl_typesupport_introspection_cpp/map_msgs/srv/detail/save_map__type_support.cpp.o[0m
[31.946s] [ 56%] [32mBuilding CXX object CMakeFiles/map_msgs__rosidl_typesupport_fastrtps_c.dir/rosidl_typesupport_fastrtps_c/map_msgs/srv/detail/set_map_projections__type_support_c.cpp.o[0m
[32.332s] [ 57%] [32mBuilding CXX object CMakeFiles/map_msgs__rosidl_typesupport_introspection_cpp.dir/rosidl_typesupport_introspection_cpp/map_msgs/srv/detail/set_map_projections__type_support.cpp.o[0m
[32.726s] [ 58%] [32m[1mLinking CXX shared library libmap_msgs__rosidl_typesupport_fastrtps_c.so[0m
[33.034s] [ 58%] Built target map_msgs__rosidl_typesupport_fastrtps_c
[33.086s] [ 59%] [32m[1mLinking CXX shared library libmap_msgs__rosidl_typesupport_introspection_cpp.so[0m
[33.977s] [ 59%] Built target map_msgs__rosidl_typesupport_introspection_cpp
[34.022s] [ 60%] [34m[1mGenerating C introspection for ROS interfaces[0m
[36.581s] [ 61%] [32mBuilding C object CMakeFiles/map_msgs__rosidl_typesupport_introspection_c.dir/rosidl_typesupport_introspection_c/map_msgs/msg/detail/occupancy_grid_update__type_support.c.o[0m
[36.648s] [ 62%] [32mBuilding C object CMakeFiles/map_msgs__rosidl_typesupport_introspection_c.dir/rosidl_typesupport_introspection_c/map_msgs/msg/detail/point_cloud2_update__type_support.c.o[0m
[36.735s] [ 63%] [32mBuilding C object CMakeFiles/map_msgs__rosidl_typesupport_introspection_c.dir/rosidl_typesupport_introspection_c/map_msgs/msg/detail/projected_map_info__type_support.c.o[0m
[36.821s] [ 64%] [32mBuilding C object CMakeFiles/map_msgs__rosidl_typesupport_introspection_c.dir/rosidl_typesupport_introspection_c/map_msgs/msg/detail/projected_map__type_support.c.o[0m
[36.885s] [ 65%] [32mBuilding C object CMakeFiles/map_msgs__rosidl_typesupport_introspection_c.dir/rosidl_typesupport_introspection_c/map_msgs/srv/detail/get_map_roi__type_support.c.o[0m
[36.966s] [ 66%] [32mBuilding C object CMakeFiles/map_msgs__rosidl_typesupport_introspection_c.dir/rosidl_typesupport_introspection_c/map_msgs/srv/detail/get_point_map_roi__type_support.c.o[0m
[37.030s] [ 67%] [32mBuilding C object CMakeFiles/map_msgs__rosidl_typesupport_introspection_c.dir/rosidl_typesupport_introspection_c/map_msgs/srv/detail/get_point_map__type_support.c.o[0m
[37.094s] [ 68%] [32mBuilding C object CMakeFiles/map_msgs__rosidl_typesupport_introspection_c.dir/rosidl_typesupport_introspection_c/map_msgs/srv/detail/projected_maps_info__type_support.c.o[0m
[37.164s] [ 69%] [32mBuilding C object CMakeFiles/map_msgs__rosidl_typesupport_introspection_c.dir/rosidl_typesupport_introspection_c/map_msgs/srv/detail/save_map__type_support.c.o[0m
[37.227s] [ 70%] [32mBuilding C object CMakeFiles/map_msgs__rosidl_typesupport_introspection_c.dir/rosidl_typesupport_introspection_c/map_msgs/srv/detail/set_map_projections__type_support.c.o[0m
[37.294s] [ 71%] [32m[1mLinking C shared library libmap_msgs__rosidl_typesupport_introspection_c.so[0m
[37.369s] [ 71%] Built target map_msgs__rosidl_typesupport_introspection_c
[37.389s] [ 72%] [34m[1mGenerating C type support dispatch for ROS interfaces[0m
[38.393s] [ 73%] [32mBuilding CXX object CMakeFiles/map_msgs__rosidl_typesupport_c.dir/rosidl_typesupport_c/map_msgs/msg/occupancy_grid_update__type_support.cpp.o[0m
[38.458s] [ 74%] [32mBuilding CXX object CMakeFiles/map_msgs__rosidl_typesupport_c.dir/rosidl_typesupport_c/map_msgs/msg/point_cloud2_update__type_support.cpp.o[0m
[38.512s] [ 75%] [32mBuilding CXX object CMakeFiles/map_msgs__rosidl_typesupport_c.dir/rosidl_typesupport_c/map_msgs/msg/projected_map_info__type_support.cpp.o[0m
[38.574s] [ 76%] [32mBuilding CXX object CMakeFiles/map_msgs__rosidl_typesupport_c.dir/rosidl_typesupport_c/map_msgs/msg/projected_map__type_support.cpp.o[0m
[38.642s] [ 77%] [32mBuilding CXX object CMakeFiles/map_msgs__rosidl_typesupport_c.dir/rosidl_typesupport_c/map_msgs/srv/get_map_roi__type_support.cpp.o[0m
[38.700s] [ 78%] [32mBuilding CXX object CMakeFiles/map_msgs__rosidl_typesupport_c.dir/rosidl_typesupport_c/map_msgs/srv/get_point_map_roi__type_support.cpp.o[0m
[38.779s] [ 79%] [32mBuilding CXX object CMakeFiles/map_msgs__rosidl_typesupport_c.dir/rosidl_typesupport_c/map_msgs/srv/get_point_map__type_support.cpp.o[0m
[38.844s] [ 80%] [32mBuilding CXX object CMakeFiles/map_msgs__rosidl_typesupport_c.dir/rosidl_typesupport_c/map_msgs/srv/projected_maps_info__type_support.cpp.o[0m
[38.905s] [ 80%] [32mBuilding CXX object CMakeFiles/map_msgs__rosidl_typesupport_c.dir/rosidl_typesupport_c/map_msgs/srv/save_map__type_support.cpp.o[0m
[38.979s] [ 81%] [32mBuilding CXX object CMakeFiles/map_msgs__rosidl_typesupport_c.dir/rosidl_typesupport_c/map_msgs/srv/set_map_projections__type_support.cpp.o[0m
[39.065s] [ 82%] [32m[1mLinking CXX shared library libmap_msgs__rosidl_typesupport_c.so[0m
[39.142s] [ 82%] Built target map_msgs__rosidl_typesupport_c
[39.186s] [ 82%] Built target map_msgs
[39.225s] [ 83%] [34m[1mGenerating Python code for ROS interfaces[0m
[41.938s] [ 83%] Built target map_msgs__py
[41.988s] [ 84%] [32mBuilding C object CMakeFiles/map_msgs__rosidl_generator_py.dir/rosidl_generator_py/map_msgs/msg/_occupancy_grid_update_s.c.o[0m
[42.162s] [ 85%] [32mBuilding C object CMakeFiles/map_msgs__rosidl_generator_py.dir/rosidl_generator_py/map_msgs/msg/_point_cloud2_update_s.c.o[0m
[42.335s] [ 86%] [32mBuilding C object CMakeFiles/map_msgs__rosidl_generator_py.dir/rosidl_generator_py/map_msgs/msg/_projected_map_info_s.c.o[0m
[42.536s] [ 87%] [32mBuilding C object CMakeFiles/map_msgs__rosidl_generator_py.dir/rosidl_generator_py/map_msgs/msg/_projected_map_s.c.o[0m
[42.785s] [ 88%] [32mBuilding C object CMakeFiles/map_msgs__rosidl_generator_py.dir/rosidl_generator_py/map_msgs/srv/_get_map_roi_s.c.o[0m
[42.992s] [ 89%] [32mBuilding C object CMakeFiles/map_msgs__rosidl_generator_py.dir/rosidl_generator_py/map_msgs/srv/_get_point_map_roi_s.c.o[0m
[43.178s] [ 90%] [32mBuilding C object CMakeFiles/map_msgs__rosidl_generator_py.dir/rosidl_generator_py/map_msgs/srv/_get_point_map_s.c.o[0m
[43.356s] [ 91%] [32mBuilding C object CMakeFiles/map_msgs__rosidl_generator_py.dir/rosidl_generator_py/map_msgs/srv/_projected_maps_info_s.c.o[0m
[43.586s] [ 92%] [32mBuilding C object CMakeFiles/map_msgs__rosidl_generator_py.dir/rosidl_generator_py/map_msgs/srv/_save_map_s.c.o[0m
[43.758s] [ 93%] [32mBuilding C object CMakeFiles/map_msgs__rosidl_generator_py.dir/rosidl_generator_py/map_msgs/srv/_set_map_projections_s.c.o[0m
[43.900s] [ 94%] [32m[1mLinking C shared library rosidl_generator_py/map_msgs/libmap_msgs__rosidl_generator_py.so[0m
[43.985s] [ 94%] Built target map_msgs__rosidl_generator_py
[44.030s] [ 95%] [32mBuilding C object CMakeFiles/map_msgs__rosidl_typesupport_fastrtps_c__pyext.dir/rosidl_generator_py/map_msgs/_map_msgs_s.ep.rosidl_typesupport_fastrtps_c.c.o[0m
[44.320s] [ 96%] [32m[1mLinking C shared library rosidl_generator_py/map_msgs/map_msgs_s__rosidl_typesupport_fastrtps_c.cpython-310-x86_64-linux-gnu.so[0m
[44.421s] [ 96%] Built target map_msgs__rosidl_typesupport_fastrtps_c__pyext
[44.472s] [ 97%] [32mBuilding C object CMakeFiles/map_msgs__rosidl_typesupport_introspection_c__pyext.dir/rosidl_generator_py/map_msgs/_map_msgs_s.ep.rosidl_typesupport_introspection_c.c.o[0m
[44.662s] [ 98%] [32m[1mLinking C shared library rosidl_generator_py/map_msgs/map_msgs_s__rosidl_typesupport_introspection_c.cpython-310-x86_64-linux-gnu.so[0m
[44.740s] [ 98%] Built target map_msgs__rosidl_typesupport_introspection_c__pyext
[44.791s] [ 99%] [32mBuilding C object CMakeFiles/map_msgs__rosidl_typesupport_c__pyext.dir/rosidl_generator_py/map_msgs/_map_msgs_s.ep.rosidl_typesupport_c.c.o[0m
[45.031s] [100%] [32m[1mLinking C shared library rosidl_generator_py/map_msgs/map_msgs_s__rosidl_typesupport_c.cpython-310-x86_64-linux-gnu.so[0m
[45.328s] [100%] Built target map_msgs__rosidl_typesupport_c__pyext
[45.353s] Invoked command in '/home/huuhoa/hospital_robot/build/map_msgs' returned '0': CMAKE_PREFIX_PATH=${CMAKE_PREFIX_PATH}:/home/huuhoa/hospital_robot/install/nav2_simple_commander:/opt/ros/humble /usr/bin/cmake --build /home/huuhoa/hospital_robot/build/map_msgs -- -j2 -l2
[45.353s] Invoking command in '/home/huuhoa/hospital_robot/build/map_msgs': CMAKE_PREFIX_PATH=${CMAKE_PREFIX_PATH}:/home/huuhoa/hospital_robot/install/nav2_simple_commander:/opt/ros/humble /usr/bin/cmake --install /home/huuhoa/hospital_robot/build/map_msgs
[45.366s] -- Install configuration: ""
[45.367s] -- Execute custom install script
[45.368s] -- Symlinking: /home/huuhoa/hospital_robot/install/map_msgs/share/ament_index/resource_index/rosidl_interfaces/map_msgs
[45.413s] -- Symlinking: /home/huuhoa/hospital_robot/install/map_msgs/include/map_msgs/map_msgs/msg/detail/occupancy_grid_update__functions.h
[45.428s] -- Symlinking: /home/huuhoa/hospital_robot/install/map_msgs/include/map_msgs/map_msgs/msg/detail/occupancy_grid_update__struct.h
[45.444s] -- Symlinking: /home/huuhoa/hospital_robot/install/map_msgs/include/map_msgs/map_msgs/msg/detail/occupancy_grid_update__type_support.h
[45.457s] -- Symlinking: /home/huuhoa/hospital_robot/install/map_msgs/include/map_msgs/map_msgs/msg/detail/point_cloud2_update__functions.h
[45.470s] -- Symlinking: /home/huuhoa/hospital_robot/install/map_msgs/include/map_msgs/map_msgs/msg/detail/point_cloud2_update__struct.h
[45.483s] -- Symlinking: /home/huuhoa/hospital_robot/install/map_msgs/include/map_msgs/map_msgs/msg/detail/point_cloud2_update__type_support.h
[45.496s] -- Symlinking: /home/huuhoa/hospital_robot/install/map_msgs/include/map_msgs/map_msgs/msg/detail/projected_map__functions.h
[45.513s] -- Symlinking: /home/huuhoa/hospital_robot/install/map_msgs/include/map_msgs/map_msgs/msg/detail/projected_map__struct.h
[45.527s] -- Symlinking: /home/huuhoa/hospital_robot/install/map_msgs/include/map_msgs/map_msgs/msg/detail/projected_map__type_support.h
[45.541s] -- Symlinking: /home/huuhoa/hospital_robot/install/map_msgs/include/map_msgs/map_msgs/msg/detail/projected_map_info__functions.h
[45.555s] -- Symlinking: /home/huuhoa/hospital_robot/install/map_msgs/include/map_msgs/map_msgs/msg/detail/projected_map_info__struct.h
[45.568s] -- Symlinking: /home/huuhoa/hospital_robot/install/map_msgs/include/map_msgs/map_msgs/msg/detail/projected_map_info__type_support.h
[45.579s] -- Symlinking: /home/huuhoa/hospital_robot/install/map_msgs/include/map_msgs/map_msgs/msg/occupancy_grid_update.h
[45.593s] -- Symlinking: /home/huuhoa/hospital_robot/install/map_msgs/include/map_msgs/map_msgs/msg/point_cloud2_update.h
[45.606s] -- Symlinking: /home/huuhoa/hospital_robot/install/map_msgs/include/map_msgs/map_msgs/msg/projected_map.h
[45.619s] -- Symlinking: /home/huuhoa/hospital_robot/install/map_msgs/include/map_msgs/map_msgs/msg/projected_map_info.h
[45.804s] -- Symlinking: /home/huuhoa/hospital_robot/install/map_msgs/include/map_msgs/map_msgs/msg/rosidl_generator_c__visibility_control.h
[45.805s] -- Symlinking: /home/huuhoa/hospital_robot/install/map_msgs/include/map_msgs/map_msgs/srv/detail/get_map_roi__functions.h
[45.805s] -- Symlinking: /home/huuhoa/hospital_robot/install/map_msgs/include/map_msgs/map_msgs/srv/detail/get_map_roi__struct.h
[45.805s] -- Symlinking: /home/huuhoa/hospital_robot/install/map_msgs/include/map_msgs/map_msgs/srv/detail/get_map_roi__type_support.h
[45.805s] -- Symlinking: /home/huuhoa/hospital_robot/install/map_msgs/include/map_msgs/map_msgs/srv/detail/get_point_map__functions.h
[45.805s] -- Symlinking: /home/huuhoa/hospital_robot/install/map_msgs/include/map_msgs/map_msgs/srv/detail/get_point_map__struct.h
[45.805s] -- Symlinking: /home/huuhoa/hospital_robot/install/map_msgs/include/map_msgs/map_msgs/srv/detail/get_point_map__type_support.h
[45.805s] -- Symlinking: /home/huuhoa/hospital_robot/install/map_msgs/include/map_msgs/map_msgs/srv/detail/get_point_map_roi__functions.h
[45.805s] -- Symlinking: /home/huuhoa/hospital_robot/install/map_msgs/include/map_msgs/map_msgs/srv/detail/get_point_map_roi__struct.h
[45.805s] -- Symlinking: /home/huuhoa/hospital_robot/install/map_msgs/include/map_msgs/map_msgs/srv/detail/get_point_map_roi__type_support.h
[45.831s] -- Symlinking: /home/huuhoa/hospital_robot/install/map_msgs/include/map_msgs/map_msgs/srv/detail/projected_maps_info__functions.h
[45.838s] -- Symlinking: /home/huuhoa/hospital_robot/install/map_msgs/include/map_msgs/map_msgs/srv/detail/projected_maps_info__struct.h
[45.866s] -- Symlinking: /home/huuhoa/hospital_robot/install/map_msgs/include/map_msgs/map_msgs/srv/detail/projected_maps_info__type_support.h
[45.897s] -- Symlinking: /home/huuhoa/hospital_robot/install/map_msgs/include/map_msgs/map_msgs/srv/detail/save_map__functions.h
[45.939s] -- Symlinking: /home/huuhoa/hospital_robot/install/map_msgs/include/map_msgs/map_msgs/srv/detail/save_map__struct.h
[45.984s] -- Symlinking: /home/huuhoa/hospital_robot/install/map_msgs/include/map_msgs/map_msgs/srv/detail/save_map__type_support.h
[46.045s] -- Symlinking: /home/huuhoa/hospital_robot/install/map_msgs/include/map_msgs/map_msgs/srv/detail/set_map_projections__functions.h
[46.094s] -- Symlinking: /home/huuhoa/hospital_robot/install/map_msgs/include/map_msgs/map_msgs/srv/detail/set_map_projections__struct.h
[46.116s] -- Symlinking: /home/huuhoa/hospital_robot/install/map_msgs/include/map_msgs/map_msgs/srv/detail/set_map_projections__type_support.h
[46.134s] -- Symlinking: /home/huuhoa/hospital_robot/install/map_msgs/include/map_msgs/map_msgs/srv/get_map_roi.h
[46.152s] -- Symlinking: /home/huuhoa/hospital_robot/install/map_msgs/include/map_msgs/map_msgs/srv/get_point_map.h
[46.179s] -- Symlinking: /home/huuhoa/hospital_robot/install/map_msgs/include/map_msgs/map_msgs/srv/get_point_map_roi.h
[46.315s] -- Symlinking: /home/huuhoa/hospital_robot/install/map_msgs/include/map_msgs/map_msgs/srv/projected_maps_info.h
[46.337s] -- Symlinking: /home/huuhoa/hospital_robot/install/map_msgs/include/map_msgs/map_msgs/srv/save_map.h
[46.352s] -- Symlinking: /home/huuhoa/hospital_robot/install/map_msgs/include/map_msgs/map_msgs/srv/set_map_projections.h
[46.376s] -- Symlinking: /home/huuhoa/hospital_robot/install/map_msgs/share/map_msgs/environment/library_path.sh
[46.389s] -- Symlinking: /home/huuhoa/hospital_robot/install/map_msgs/share/map_msgs/environment/library_path.dsv
[46.404s] -- Symlinking: /home/huuhoa/hospital_robot/install/map_msgs/include/map_msgs/map_msgs/msg/detail/occupancy_grid_update__rosidl_typesupport_fastrtps_c.h
[46.417s] -- Symlinking: /home/huuhoa/hospital_robot/install/map_msgs/include/map_msgs/map_msgs/msg/detail/point_cloud2_update__rosidl_typesupport_fastrtps_c.h
[46.431s] -- Symlinking: /home/huuhoa/hospital_robot/install/map_msgs/include/map_msgs/map_msgs/msg/detail/projected_map__rosidl_typesupport_fastrtps_c.h
[46.445s] -- Symlinking: /home/huuhoa/hospital_robot/install/map_msgs/include/map_msgs/map_msgs/msg/detail/projected_map_info__rosidl_typesupport_fastrtps_c.h
[46.458s] -- Symlinking: /home/huuhoa/hospital_robot/install/map_msgs/include/map_msgs/map_msgs/msg/rosidl_typesupport_fastrtps_c__visibility_control.h
[46.472s] -- Symlinking: /home/huuhoa/hospital_robot/install/map_msgs/include/map_msgs/map_msgs/srv/detail/get_map_roi__rosidl_typesupport_fastrtps_c.h
[46.487s] -- Symlinking: /home/huuhoa/hospital_robot/install/map_msgs/include/map_msgs/map_msgs/srv/detail/get_point_map__rosidl_typesupport_fastrtps_c.h
[46.502s] -- Symlinking: /home/huuhoa/hospital_robot/install/map_msgs/include/map_msgs/map_msgs/srv/detail/get_point_map_roi__rosidl_typesupport_fastrtps_c.h
[46.516s] -- Symlinking: /home/huuhoa/hospital_robot/install/map_msgs/include/map_msgs/map_msgs/srv/detail/projected_maps_info__rosidl_typesupport_fastrtps_c.h
[46.531s] -- Symlinking: /home/huuhoa/hospital_robot/install/map_msgs/include/map_msgs/map_msgs/srv/detail/save_map__rosidl_typesupport_fastrtps_c.h
[46.547s] -- Symlinking: /home/huuhoa/hospital_robot/install/map_msgs/include/map_msgs/map_msgs/srv/detail/set_map_projections__rosidl_typesupport_fastrtps_c.h
[46.564s] -- Symlinking: /home/huuhoa/hospital_robot/install/map_msgs/include/map_msgs/map_msgs/msg/detail/occupancy_grid_update__rosidl_typesupport_introspection_c.h
[46.578s] -- Symlinking: /home/huuhoa/hospital_robot/install/map_msgs/include/map_msgs/map_msgs/msg/detail/point_cloud2_update__rosidl_typesupport_introspection_c.h
[46.592s] -- Symlinking: /home/huuhoa/hospital_robot/install/map_msgs/include/map_msgs/map_msgs/msg/detail/projected_map__rosidl_typesupport_introspection_c.h
[46.608s] -- Symlinking: /home/huuhoa/hospital_robot/install/map_msgs/include/map_msgs/map_msgs/msg/detail/projected_map_info__rosidl_typesupport_introspection_c.h
[46.621s] -- Symlinking: /home/huuhoa/hospital_robot/install/map_msgs/include/map_msgs/map_msgs/msg/rosidl_typesupport_introspection_c__visibility_control.h
[46.635s] -- Symlinking: /home/huuhoa/hospital_robot/install/map_msgs/include/map_msgs/map_msgs/srv/detail/get_map_roi__rosidl_typesupport_introspection_c.h
[46.649s] -- Symlinking: /home/huuhoa/hospital_robot/install/map_msgs/include/map_msgs/map_msgs/srv/detail/get_point_map__rosidl_typesupport_introspection_c.h
[46.662s] -- Symlinking: /home/huuhoa/hospital_robot/install/map_msgs/include/map_msgs/map_msgs/srv/detail/get_point_map_roi__rosidl_typesupport_introspection_c.h
[46.677s] -- Symlinking: /home/huuhoa/hospital_robot/install/map_msgs/include/map_msgs/map_msgs/srv/detail/projected_maps_info__rosidl_typesupport_introspection_c.h
[46.690s] -- Symlinking: /home/huuhoa/hospital_robot/install/map_msgs/include/map_msgs/map_msgs/srv/detail/save_map__rosidl_typesupport_introspection_c.h
[46.703s] -- Symlinking: /home/huuhoa/hospital_robot/install/map_msgs/include/map_msgs/map_msgs/srv/detail/set_map_projections__rosidl_typesupport_introspection_c.h
[46.718s] -- Symlinking: /home/huuhoa/hospital_robot/install/map_msgs/include/map_msgs/map_msgs/msg/detail/occupancy_grid_update__builder.hpp
[46.731s] -- Symlinking: /home/huuhoa/hospital_robot/install/map_msgs/include/map_msgs/map_msgs/msg/detail/occupancy_grid_update__struct.hpp
[46.743s] -- Symlinking: /home/huuhoa/hospital_robot/install/map_msgs/include/map_msgs/map_msgs/msg/detail/occupancy_grid_update__traits.hpp
[46.755s] -- Symlinking: /home/huuhoa/hospital_robot/install/map_msgs/include/map_msgs/map_msgs/msg/detail/occupancy_grid_update__type_support.hpp
[46.767s] -- Symlinking: /home/huuhoa/hospital_robot/install/map_msgs/include/map_msgs/map_msgs/msg/detail/point_cloud2_update__builder.hpp
[46.780s] -- Symlinking: /home/huuhoa/hospital_robot/install/map_msgs/include/map_msgs/map_msgs/msg/detail/point_cloud2_update__struct.hpp
[46.792s] -- Symlinking: /home/huuhoa/hospital_robot/install/map_msgs/include/map_msgs/map_msgs/msg/detail/point_cloud2_update__traits.hpp
[46.803s] -- Symlinking: /home/huuhoa/hospital_robot/install/map_msgs/include/map_msgs/map_msgs/msg/detail/point_cloud2_update__type_support.hpp
[46.818s] -- Symlinking: /home/huuhoa/hospital_robot/install/map_msgs/include/map_msgs/map_msgs/msg/detail/projected_map__builder.hpp
[46.830s] -- Symlinking: /home/huuhoa/hospital_robot/install/map_msgs/include/map_msgs/map_msgs/msg/detail/projected_map__struct.hpp
[46.842s] -- Symlinking: /home/huuhoa/hospital_robot/install/map_msgs/include/map_msgs/map_msgs/msg/detail/projected_map__traits.hpp
[46.854s] -- Symlinking: /home/huuhoa/hospital_robot/install/map_msgs/include/map_msgs/map_msgs/msg/detail/projected_map__type_support.hpp
[46.868s] -- Symlinking: /home/huuhoa/hospital_robot/install/map_msgs/include/map_msgs/map_msgs/msg/detail/projected_map_info__builder.hpp
[46.880s] -- Symlinking: /home/huuhoa/hospital_robot/install/map_msgs/include/map_msgs/map_msgs/msg/detail/projected_map_info__struct.hpp
[46.893s] -- Symlinking: /home/huuhoa/hospital_robot/install/map_msgs/include/map_msgs/map_msgs/msg/detail/projected_map_info__traits.hpp
[46.906s] -- Symlinking: /home/huuhoa/hospital_robot/install/map_msgs/include/map_msgs/map_msgs/msg/detail/projected_map_info__type_support.hpp
[46.917s] -- Symlinking: /home/huuhoa/hospital_robot/install/map_msgs/include/map_msgs/map_msgs/msg/occupancy_grid_update.hpp
[46.931s] -- Symlinking: /home/huuhoa/hospital_robot/install/map_msgs/include/map_msgs/map_msgs/msg/point_cloud2_update.hpp
[46.943s] -- Symlinking: /home/huuhoa/hospital_robot/install/map_msgs/include/map_msgs/map_msgs/msg/projected_map.hpp
[46.956s] -- Symlinking: /home/huuhoa/hospital_robot/install/map_msgs/include/map_msgs/map_msgs/msg/projected_map_info.hpp
[46.968s] -- Symlinking: /home/huuhoa/hospital_robot/install/map_msgs/include/map_msgs/map_msgs/msg/rosidl_generator_cpp__visibility_control.hpp
[46.980s] -- Symlinking: /home/huuhoa/hospital_robot/install/map_msgs/include/map_msgs/map_msgs/srv/detail/get_map_roi__builder.hpp
[46.991s] -- Symlinking: /home/huuhoa/hospital_robot/install/map_msgs/include/map_msgs/map_msgs/srv/detail/get_map_roi__struct.hpp
[47.003s] -- Symlinking: /home/huuhoa/hospital_robot/install/map_msgs/include/map_msgs/map_msgs/srv/detail/get_map_roi__traits.hpp
[47.016s] -- Symlinking: /home/huuhoa/hospital_robot/install/map_msgs/include/map_msgs/map_msgs/srv/detail/get_map_roi__type_support.hpp
[47.027s] -- Symlinking: /home/huuhoa/hospital_robot/install/map_msgs/include/map_msgs/map_msgs/srv/detail/get_point_map__builder.hpp
[47.039s] -- Symlinking: /home/huuhoa/hospital_robot/install/map_msgs/include/map_msgs/map_msgs/srv/detail/get_point_map__struct.hpp
[47.068s] -- Symlinking: /home/huuhoa/hospital_robot/install/map_msgs/include/map_msgs/map_msgs/srv/detail/get_point_map__traits.hpp
[47.086s] -- Symlinking: /home/huuhoa/hospital_robot/install/map_msgs/include/map_msgs/map_msgs/srv/detail/get_point_map__type_support.hpp
[47.100s] -- Symlinking: /home/huuhoa/hospital_robot/install/map_msgs/include/map_msgs/map_msgs/srv/detail/get_point_map_roi__builder.hpp
[47.113s] -- Symlinking: /home/huuhoa/hospital_robot/install/map_msgs/include/map_msgs/map_msgs/srv/detail/get_point_map_roi__struct.hpp
[47.125s] -- Symlinking: /home/huuhoa/hospital_robot/install/map_msgs/include/map_msgs/map_msgs/srv/detail/get_point_map_roi__traits.hpp
[47.138s] -- Symlinking: /home/huuhoa/hospital_robot/install/map_msgs/include/map_msgs/map_msgs/srv/detail/get_point_map_roi__type_support.hpp
[47.152s] -- Symlinking: /home/huuhoa/hospital_robot/install/map_msgs/include/map_msgs/map_msgs/srv/detail/projected_maps_info__builder.hpp
[47.165s] -- Symlinking: /home/huuhoa/hospital_robot/install/map_msgs/include/map_msgs/map_msgs/srv/detail/projected_maps_info__struct.hpp
[47.180s] -- Symlinking: /home/huuhoa/hospital_robot/install/map_msgs/include/map_msgs/map_msgs/srv/detail/projected_maps_info__traits.hpp
[47.196s] -- Symlinking: /home/huuhoa/hospital_robot/install/map_msgs/include/map_msgs/map_msgs/srv/detail/projected_maps_info__type_support.hpp
[47.209s] -- Symlinking: /home/huuhoa/hospital_robot/install/map_msgs/include/map_msgs/map_msgs/srv/detail/save_map__builder.hpp
[47.223s] -- Symlinking: /home/huuhoa/hospital_robot/install/map_msgs/include/map_msgs/map_msgs/srv/detail/save_map__struct.hpp
[47.238s] -- Symlinking: /home/huuhoa/hospital_robot/install/map_msgs/include/map_msgs/map_msgs/srv/detail/save_map__traits.hpp
[47.252s] -- Symlinking: /home/huuhoa/hospital_robot/install/map_msgs/include/map_msgs/map_msgs/srv/detail/save_map__type_support.hpp
[47.267s] -- Symlinking: /home/huuhoa/hospital_robot/install/map_msgs/include/map_msgs/map_msgs/srv/detail/set_map_projections__builder.hpp
[47.281s] -- Symlinking: /home/huuhoa/hospital_robot/install/map_msgs/include/map_msgs/map_msgs/srv/detail/set_map_projections__struct.hpp
[47.293s] -- Symlinking: /home/huuhoa/hospital_robot/install/map_msgs/include/map_msgs/map_msgs/srv/detail/set_map_projections__traits.hpp
[47.307s] -- Symlinking: /home/huuhoa/hospital_robot/install/map_msgs/include/map_msgs/map_msgs/srv/detail/set_map_projections__type_support.hpp
[47.319s] -- Symlinking: /home/huuhoa/hospital_robot/install/map_msgs/include/map_msgs/map_msgs/srv/get_map_roi.hpp
[47.334s] -- Symlinking: /home/huuhoa/hospital_robot/install/map_msgs/include/map_msgs/map_msgs/srv/get_point_map.hpp
[47.348s] -- Symlinking: /home/huuhoa/hospital_robot/install/map_msgs/include/map_msgs/map_msgs/srv/get_point_map_roi.hpp
[47.361s] -- Symlinking: /home/huuhoa/hospital_robot/install/map_msgs/include/map_msgs/map_msgs/srv/projected_maps_info.hpp
[47.374s] -- Symlinking: /home/huuhoa/hospital_robot/install/map_msgs/include/map_msgs/map_msgs/srv/save_map.hpp
[47.386s] -- Symlinking: /home/huuhoa/hospital_robot/install/map_msgs/include/map_msgs/map_msgs/srv/set_map_projections.hpp
[47.400s] -- Symlinking: /home/huuhoa/hospital_robot/install/map_msgs/include/map_msgs/map_msgs/msg/detail/occupancy_grid_update__rosidl_typesupport_fastrtps_cpp.hpp
[47.413s] -- Symlinking: /home/huuhoa/hospital_robot/install/map_msgs/include/map_msgs/map_msgs/msg/detail/point_cloud2_update__rosidl_typesupport_fastrtps_cpp.hpp
[47.425s] -- Symlinking: /home/huuhoa/hospital_robot/install/map_msgs/include/map_msgs/map_msgs/msg/detail/projected_map__rosidl_typesupport_fastrtps_cpp.hpp
[47.437s] -- Symlinking: /home/huuhoa/hospital_robot/install/map_msgs/include/map_msgs/map_msgs/msg/detail/projected_map_info__rosidl_typesupport_fastrtps_cpp.hpp
[47.452s] -- Symlinking: /home/huuhoa/hospital_robot/install/map_msgs/include/map_msgs/map_msgs/msg/rosidl_typesupport_fastrtps_cpp__visibility_control.h
[47.462s] -- Symlinking: /home/huuhoa/hospital_robot/install/map_msgs/include/map_msgs/map_msgs/srv/detail/get_map_roi__rosidl_typesupport_fastrtps_cpp.hpp
[47.474s] -- Symlinking: /home/huuhoa/hospital_robot/install/map_msgs/include/map_msgs/map_msgs/srv/detail/get_point_map__rosidl_typesupport_fastrtps_cpp.hpp
[47.485s] -- Symlinking: /home/huuhoa/hospital_robot/install/map_msgs/include/map_msgs/map_msgs/srv/detail/get_point_map_roi__rosidl_typesupport_fastrtps_cpp.hpp
[47.514s] -- Symlinking: /home/huuhoa/hospital_robot/install/map_msgs/include/map_msgs/map_msgs/srv/detail/projected_maps_info__rosidl_typesupport_fastrtps_cpp.hpp
[47.540s] -- Symlinking: /home/huuhoa/hospital_robot/install/map_msgs/include/map_msgs/map_msgs/srv/detail/save_map__rosidl_typesupport_fastrtps_cpp.hpp
[47.553s] -- Symlinking: /home/huuhoa/hospital_robot/install/map_msgs/include/map_msgs/map_msgs/srv/detail/set_map_projections__rosidl_typesupport_fastrtps_cpp.hpp
[47.566s] -- Symlinking: /home/huuhoa/hospital_robot/install/map_msgs/include/map_msgs/map_msgs/msg/detail/occupancy_grid_update__rosidl_typesupport_introspection_cpp.hpp
[47.585s] -- Symlinking: /home/huuhoa/hospital_robot/install/map_msgs/include/map_msgs/map_msgs/msg/detail/point_cloud2_update__rosidl_typesupport_introspection_cpp.hpp
[47.604s] -- Symlinking: /home/huuhoa/hospital_robot/install/map_msgs/include/map_msgs/map_msgs/msg/detail/projected_map__rosidl_typesupport_introspection_cpp.hpp
[47.615s] -- Symlinking: /home/huuhoa/hospital_robot/install/map_msgs/include/map_msgs/map_msgs/msg/detail/projected_map_info__rosidl_typesupport_introspection_cpp.hpp
[47.630s] -- Symlinking: /home/huuhoa/hospital_robot/install/map_msgs/include/map_msgs/map_msgs/srv/detail/get_map_roi__rosidl_typesupport_introspection_cpp.hpp
[47.642s] -- Symlinking: /home/huuhoa/hospital_robot/install/map_msgs/include/map_msgs/map_msgs/srv/detail/get_point_map__rosidl_typesupport_introspection_cpp.hpp
[47.656s] -- Symlinking: /home/huuhoa/hospital_robot/install/map_msgs/include/map_msgs/map_msgs/srv/detail/get_point_map_roi__rosidl_typesupport_introspection_cpp.hpp
[47.671s] -- Symlinking: /home/huuhoa/hospital_robot/install/map_msgs/include/map_msgs/map_msgs/srv/detail/projected_maps_info__rosidl_typesupport_introspection_cpp.hpp
[47.684s] -- Symlinking: /home/huuhoa/hospital_robot/install/map_msgs/include/map_msgs/map_msgs/srv/detail/save_map__rosidl_typesupport_introspection_cpp.hpp
[47.701s] -- Symlinking: /home/huuhoa/hospital_robot/install/map_msgs/include/map_msgs/map_msgs/srv/detail/set_map_projections__rosidl_typesupport_introspection_cpp.hpp
[47.716s] -- Symlinking: /home/huuhoa/hospital_robot/install/map_msgs/share/map_msgs/environment/pythonpath.sh
[47.733s] -- Symlinking: /home/huuhoa/hospital_robot/install/map_msgs/share/map_msgs/environment/pythonpath.dsv
[47.749s] -- Symlinking: /home/huuhoa/hospital_robot/install/map_msgs/local/lib/python3.10/dist-packages/map_msgs-2.1.0-py3.10.egg-info/PKG-INFO
[47.764s] -- Symlinking: /home/huuhoa/hospital_robot/install/map_msgs/local/lib/python3.10/dist-packages/map_msgs-2.1.0-py3.10.egg-info/SOURCES.txt
[47.780s] -- Symlinking: /home/huuhoa/hospital_robot/install/map_msgs/local/lib/python3.10/dist-packages/map_msgs-2.1.0-py3.10.egg-info/dependency_links.txt
[47.798s] -- Symlinking: /home/huuhoa/hospital_robot/install/map_msgs/local/lib/python3.10/dist-packages/map_msgs-2.1.0-py3.10.egg-info/top_level.txt
[47.816s] -- Symlinking: /home/huuhoa/hospital_robot/install/map_msgs/local/lib/python3.10/dist-packages/map_msgs/__init__.py
[47.828s] -- Symlinking: /home/huuhoa/hospital_robot/install/map_msgs/local/lib/python3.10/dist-packages/map_msgs/_map_msgs_s.ep.rosidl_typesupport_c.c
[47.843s] -- Symlinking: /home/huuhoa/hospital_robot/install/map_msgs/local/lib/python3.10/dist-packages/map_msgs/_map_msgs_s.ep.rosidl_typesupport_fastrtps_c.c
[47.857s] -- Symlinking: /home/huuhoa/hospital_robot/install/map_msgs/local/lib/python3.10/dist-packages/map_msgs/_map_msgs_s.ep.rosidl_typesupport_introspection_c.c
[47.870s] -- Symlinking: /home/huuhoa/hospital_robot/install/map_msgs/local/lib/python3.10/dist-packages/map_msgs/libmap_msgs__rosidl_generator_py.so
[47.884s] -- Symlinking: /home/huuhoa/hospital_robot/install/map_msgs/local/lib/python3.10/dist-packages/map_msgs/map_msgs_s__rosidl_typesupport_c.cpython-310-x86_64-linux-gnu.so
[47.901s] -- Symlinking: /home/huuhoa/hospital_robot/install/map_msgs/local/lib/python3.10/dist-packages/map_msgs/map_msgs_s__rosidl_typesupport_fastrtps_c.cpython-310-x86_64-linux-gnu.so
[47.917s] -- Symlinking: /home/huuhoa/hospital_robot/install/map_msgs/local/lib/python3.10/dist-packages/map_msgs/map_msgs_s__rosidl_typesupport_introspection_c.cpython-310-x86_64-linux-gnu.so
[47.929s] -- Symlinking: /home/huuhoa/hospital_robot/install/map_msgs/local/lib/python3.10/dist-packages/map_msgs/msg/__init__.py
[47.945s] -- Symlinking: /home/huuhoa/hospital_robot/install/map_msgs/local/lib/python3.10/dist-packages/map_msgs/msg/_occupancy_grid_update.py
[47.958s] -- Symlinking: /home/huuhoa/hospital_robot/install/map_msgs/local/lib/python3.10/dist-packages/map_msgs/msg/_occupancy_grid_update_s.c
[47.971s] -- Symlinking: /home/huuhoa/hospital_robot/install/map_msgs/local/lib/python3.10/dist-packages/map_msgs/msg/_point_cloud2_update.py
[47.987s] -- Symlinking: /home/huuhoa/hospital_robot/install/map_msgs/local/lib/python3.10/dist-packages/map_msgs/msg/_point_cloud2_update_s.c
[48.006s] -- Symlinking: /home/huuhoa/hospital_robot/install/map_msgs/local/lib/python3.10/dist-packages/map_msgs/msg/_projected_map.py
[48.021s] -- Symlinking: /home/huuhoa/hospital_robot/install/map_msgs/local/lib/python3.10/dist-packages/map_msgs/msg/_projected_map_info.py
[48.036s] -- Symlinking: /home/huuhoa/hospital_robot/install/map_msgs/local/lib/python3.10/dist-packages/map_msgs/msg/_projected_map_info_s.c
[48.051s] -- Symlinking: /home/huuhoa/hospital_robot/install/map_msgs/local/lib/python3.10/dist-packages/map_msgs/msg/_projected_map_s.c
[48.067s] -- Symlinking: /home/huuhoa/hospital_robot/install/map_msgs/local/lib/python3.10/dist-packages/map_msgs/srv/__init__.py
[48.082s] -- Symlinking: /home/huuhoa/hospital_robot/install/map_msgs/local/lib/python3.10/dist-packages/map_msgs/srv/_get_map_roi.py
[48.100s] -- Symlinking: /home/huuhoa/hospital_robot/install/map_msgs/local/lib/python3.10/dist-packages/map_msgs/srv/_get_map_roi_s.c
[48.118s] -- Symlinking: /home/huuhoa/hospital_robot/install/map_msgs/local/lib/python3.10/dist-packages/map_msgs/srv/_get_point_map.py
[48.137s] -- Symlinking: /home/huuhoa/hospital_robot/install/map_msgs/local/lib/python3.10/dist-packages/map_msgs/srv/_get_point_map_roi.py
[48.151s] -- Symlinking: /home/huuhoa/hospital_robot/install/map_msgs/local/lib/python3.10/dist-packages/map_msgs/srv/_get_point_map_roi_s.c
[48.165s] -- Symlinking: /home/huuhoa/hospital_robot/install/map_msgs/local/lib/python3.10/dist-packages/map_msgs/srv/_get_point_map_s.c
[48.180s] -- Symlinking: /home/huuhoa/hospital_robot/install/map_msgs/local/lib/python3.10/dist-packages/map_msgs/srv/_projected_maps_info.py
[48.195s] -- Symlinking: /home/huuhoa/hospital_robot/install/map_msgs/local/lib/python3.10/dist-packages/map_msgs/srv/_projected_maps_info_s.c
[48.210s] -- Symlinking: /home/huuhoa/hospital_robot/install/map_msgs/local/lib/python3.10/dist-packages/map_msgs/srv/_save_map.py
[48.226s] -- Symlinking: /home/huuhoa/hospital_robot/install/map_msgs/local/lib/python3.10/dist-packages/map_msgs/srv/_save_map_s.c
[48.242s] -- Symlinking: /home/huuhoa/hospital_robot/install/map_msgs/local/lib/python3.10/dist-packages/map_msgs/srv/_set_map_projections.py
[48.263s] -- Symlinking: /home/huuhoa/hospital_robot/install/map_msgs/local/lib/python3.10/dist-packages/map_msgs/srv/_set_map_projections_s.c
[48.278s] -- Up-to-date symlink: /home/huuhoa/hospital_robot/install/map_msgs/local/lib/python3.10/dist-packages/map_msgs/map_msgs_s__rosidl_typesupport_fastrtps_c.cpython-310-x86_64-linux-gnu.so
[48.278s] -- Up-to-date symlink: /home/huuhoa/hospital_robot/install/map_msgs/local/lib/python3.10/dist-packages/map_msgs/map_msgs_s__rosidl_typesupport_introspection_c.cpython-310-x86_64-linux-gnu.so
[48.279s] -- Up-to-date symlink: /home/huuhoa/hospital_robot/install/map_msgs/local/lib/python3.10/dist-packages/map_msgs/map_msgs_s__rosidl_typesupport_c.cpython-310-x86_64-linux-gnu.so
[48.279s] -- Symlinking: /home/huuhoa/hospital_robot/install/map_msgs/share/map_msgs/msg/OccupancyGridUpdate.idl
[48.297s] -- Symlinking: /home/huuhoa/hospital_robot/install/map_msgs/share/map_msgs/msg/PointCloud2Update.idl
[48.327s] -- Symlinking: /home/huuhoa/hospital_robot/install/map_msgs/share/map_msgs/msg/ProjectedMapInfo.idl
[48.352s] -- Symlinking: /home/huuhoa/hospital_robot/install/map_msgs/share/map_msgs/msg/ProjectedMap.idl
[48.367s] -- Symlinking: /home/huuhoa/hospital_robot/install/map_msgs/share/map_msgs/srv/GetMapROI.idl
[48.382s] -- Symlinking: /home/huuhoa/hospital_robot/install/map_msgs/share/map_msgs/srv/GetPointMapROI.idl
[48.398s] -- Symlinking: /home/huuhoa/hospital_robot/install/map_msgs/share/map_msgs/srv/GetPointMap.idl
[48.414s] -- Symlinking: /home/huuhoa/hospital_robot/install/map_msgs/share/map_msgs/srv/ProjectedMapsInfo.idl
[48.430s] -- Symlinking: /home/huuhoa/hospital_robot/install/map_msgs/share/map_msgs/srv/SaveMap.idl
[48.444s] -- Symlinking: /home/huuhoa/hospital_robot/install/map_msgs/share/map_msgs/srv/SetMapProjections.idl
[48.464s] -- Symlinking: /home/huuhoa/hospital_robot/install/map_msgs/share/map_msgs/msg/OccupancyGridUpdate.msg
[48.478s] -- Symlinking: /home/huuhoa/hospital_robot/install/map_msgs/share/map_msgs/msg/PointCloud2Update.msg
[48.503s] -- Symlinking: /home/huuhoa/hospital_robot/install/map_msgs/share/map_msgs/msg/ProjectedMapInfo.msg
[48.529s] -- Symlinking: /home/huuhoa/hospital_robot/install/map_msgs/share/map_msgs/msg/ProjectedMap.msg
[48.555s] -- Symlinking: /home/huuhoa/hospital_robot/install/map_msgs/share/map_msgs/srv/GetMapROI.srv
[48.589s] -- Symlinking: /home/huuhoa/hospital_robot/install/map_msgs/share/map_msgs/srv/GetMapROI_Request.msg
[48.617s] -- Symlinking: /home/huuhoa/hospital_robot/install/map_msgs/share/map_msgs/srv/GetMapROI_Response.msg
[48.642s] -- Symlinking: /home/huuhoa/hospital_robot/install/map_msgs/share/map_msgs/srv/GetPointMapROI.srv
[48.679s] -- Symlinking: /home/huuhoa/hospital_robot/install/map_msgs/share/map_msgs/srv/GetPointMapROI_Request.msg
[48.734s] -- Symlinking: /home/huuhoa/hospital_robot/install/map_msgs/share/map_msgs/srv/GetPointMapROI_Response.msg
[48.794s] -- Symlinking: /home/huuhoa/hospital_robot/install/map_msgs/share/map_msgs/srv/GetPointMap.srv
[48.835s] -- Symlinking: /home/huuhoa/hospital_robot/install/map_msgs/share/map_msgs/srv/GetPointMap_Request.msg
[48.858s] -- Symlinking: /home/huuhoa/hospital_robot/install/map_msgs/share/map_msgs/srv/GetPointMap_Response.msg
[48.874s] -- Symlinking: /home/huuhoa/hospital_robot/install/map_msgs/share/map_msgs/srv/ProjectedMapsInfo.srv
[48.892s] -- Symlinking: /home/huuhoa/hospital_robot/install/map_msgs/share/map_msgs/srv/ProjectedMapsInfo_Request.msg
[48.909s] -- Symlinking: /home/huuhoa/hospital_robot/install/map_msgs/share/map_msgs/srv/ProjectedMapsInfo_Response.msg
[48.928s] -- Symlinking: /home/huuhoa/hospital_robot/install/map_msgs/share/map_msgs/srv/SaveMap.srv
[48.944s] -- Symlinking: /home/huuhoa/hospital_robot/install/map_msgs/share/map_msgs/srv/SaveMap_Request.msg
[48.964s] -- Symlinking: /home/huuhoa/hospital_robot/install/map_msgs/share/map_msgs/srv/SaveMap_Response.msg
[48.984s] -- Symlinking: /home/huuhoa/hospital_robot/install/map_msgs/share/map_msgs/srv/SetMapProjections.srv
[49.000s] -- Symlinking: /home/huuhoa/hospital_robot/install/map_msgs/share/map_msgs/srv/SetMapProjections_Request.msg
[49.014s] -- Symlinking: /home/huuhoa/hospital_robot/install/map_msgs/share/map_msgs/srv/SetMapProjections_Response.msg
[49.030s] -- Symlinking: /home/huuhoa/hospital_robot/install/map_msgs/share/ament_index/resource_index/package_run_dependencies/map_msgs
[49.045s] -- Symlinking: /home/huuhoa/hospital_robot/install/map_msgs/share/ament_index/resource_index/parent_prefix_path/map_msgs
[49.062s] -- Symlinking: /home/huuhoa/hospital_robot/install/map_msgs/share/map_msgs/environment/ament_prefix_path.sh
[49.078s] -- Symlinking: /home/huuhoa/hospital_robot/install/map_msgs/share/map_msgs/environment/ament_prefix_path.dsv
[49.093s] -- Symlinking: /home/huuhoa/hospital_robot/install/map_msgs/share/map_msgs/environment/path.sh
[49.115s] -- Symlinking: /home/huuhoa/hospital_robot/install/map_msgs/share/map_msgs/environment/path.dsv
[49.130s] -- Symlinking: /home/huuhoa/hospital_robot/install/map_msgs/share/map_msgs/local_setup.bash
[49.145s] -- Symlinking: /home/huuhoa/hospital_robot/install/map_msgs/share/map_msgs/local_setup.sh
[49.160s] -- Symlinking: /home/huuhoa/hospital_robot/install/map_msgs/share/map_msgs/local_setup.zsh
[49.176s] -- Symlinking: /home/huuhoa/hospital_robot/install/map_msgs/share/map_msgs/local_setup.dsv
[49.192s] -- Symlinking: /home/huuhoa/hospital_robot/install/map_msgs/share/map_msgs/package.dsv
[49.210s] -- Symlinking: /home/huuhoa/hospital_robot/install/map_msgs/share/ament_index/resource_index/packages/map_msgs
[49.225s] -- Symlinking: /home/huuhoa/hospital_robot/install/map_msgs/share/map_msgs/cmake/rosidl_cmake-extras.cmake
[49.240s] -- Symlinking: /home/huuhoa/hospital_robot/install/map_msgs/share/map_msgs/cmake/ament_cmake_export_dependencies-extras.cmake
[49.256s] -- Symlinking: /home/huuhoa/hospital_robot/install/map_msgs/share/map_msgs/cmake/ament_cmake_export_include_directories-extras.cmake
[49.271s] -- Symlinking: /home/huuhoa/hospital_robot/install/map_msgs/share/map_msgs/cmake/ament_cmake_export_libraries-extras.cmake
[49.285s] -- Symlinking: /home/huuhoa/hospital_robot/install/map_msgs/share/map_msgs/cmake/ament_cmake_export_targets-extras.cmake
[49.300s] -- Symlinking: /home/huuhoa/hospital_robot/install/map_msgs/share/map_msgs/cmake/rosidl_cmake_export_typesupport_targets-extras.cmake
[49.323s] -- Symlinking: /home/huuhoa/hospital_robot/install/map_msgs/share/map_msgs/cmake/rosidl_cmake_export_typesupport_libraries-extras.cmake
[49.337s] -- Symlinking: /home/huuhoa/hospital_robot/install/map_msgs/share/map_msgs/cmake/map_msgsConfig.cmake
[49.352s] -- Symlinking: /home/huuhoa/hospital_robot/install/map_msgs/share/map_msgs/cmake/map_msgsConfig-version.cmake
[49.367s] -- Symlinking: /home/huuhoa/hospital_robot/install/map_msgs/share/map_msgs/package.xml
[49.381s] -- Installing: /home/huuhoa/hospital_robot/install/map_msgs/lib/libmap_msgs__rosidl_generator_c.so
[49.381s] -- Set runtime path of "/home/huuhoa/hospital_robot/install/map_msgs/lib/libmap_msgs__rosidl_generator_c.so" to ""
[49.382s] -- Installing: /home/huuhoa/hospital_robot/install/map_msgs/lib/libmap_msgs__rosidl_typesupport_fastrtps_c.so
[49.382s] -- Set runtime path of "/home/huuhoa/hospital_robot/install/map_msgs/lib/libmap_msgs__rosidl_typesupport_fastrtps_c.so" to ""
[49.384s] -- Installing: /home/huuhoa/hospital_robot/install/map_msgs/lib/libmap_msgs__rosidl_typesupport_introspection_c.so
[49.385s] -- Set runtime path of "/home/huuhoa/hospital_robot/install/map_msgs/lib/libmap_msgs__rosidl_typesupport_introspection_c.so" to ""
[49.385s] -- Installing: /home/huuhoa/hospital_robot/install/map_msgs/lib/libmap_msgs__rosidl_typesupport_c.so
[49.386s] -- Set runtime path of "/home/huuhoa/hospital_robot/install/map_msgs/lib/libmap_msgs__rosidl_typesupport_c.so" to ""
[49.386s] -- Installing: /home/huuhoa/hospital_robot/install/map_msgs/lib/libmap_msgs__rosidl_typesupport_fastrtps_cpp.so
[49.387s] -- Set runtime path of "/home/huuhoa/hospital_robot/install/map_msgs/lib/libmap_msgs__rosidl_typesupport_fastrtps_cpp.so" to ""
[49.387s] -- Installing: /home/huuhoa/hospital_robot/install/map_msgs/lib/libmap_msgs__rosidl_typesupport_introspection_cpp.so
[49.387s] -- Set runtime path of "/home/huuhoa/hospital_robot/install/map_msgs/lib/libmap_msgs__rosidl_typesupport_introspection_cpp.so" to ""
[49.388s] -- Installing: /home/huuhoa/hospital_robot/install/map_msgs/lib/libmap_msgs__rosidl_typesupport_cpp.so
[49.388s] -- Set runtime path of "/home/huuhoa/hospital_robot/install/map_msgs/lib/libmap_msgs__rosidl_typesupport_cpp.so" to ""
[49.451s] Listing '/home/huuhoa/hospital_robot/install/map_msgs/local/lib/python3.10/dist-packages/map_msgs'...
[49.451s] Compiling '/home/huuhoa/hospital_robot/install/map_msgs/local/lib/python3.10/dist-packages/map_msgs/__init__.py'...
[49.451s] Listing '/home/huuhoa/hospital_robot/install/map_msgs/local/lib/python3.10/dist-packages/map_msgs/msg'...
[49.451s] Compiling '/home/huuhoa/hospital_robot/install/map_msgs/local/lib/python3.10/dist-packages/map_msgs/msg/__init__.py'...
[49.451s] Compiling '/home/huuhoa/hospital_robot/install/map_msgs/local/lib/python3.10/dist-packages/map_msgs/msg/_occupancy_grid_update.py'...
[49.451s] Compiling '/home/huuhoa/hospital_robot/install/map_msgs/local/lib/python3.10/dist-packages/map_msgs/msg/_point_cloud2_update.py'...
[49.451s] Compiling '/home/huuhoa/hospital_robot/install/map_msgs/local/lib/python3.10/dist-packages/map_msgs/msg/_projected_map.py'...
[49.451s] Compiling '/home/huuhoa/hospital_robot/install/map_msgs/local/lib/python3.10/dist-packages/map_msgs/msg/_projected_map_info.py'...
[49.452s] Listing '/home/huuhoa/hospital_robot/install/map_msgs/local/lib/python3.10/dist-packages/map_msgs/srv'...
[49.452s] Compiling '/home/huuhoa/hospital_robot/install/map_msgs/local/lib/python3.10/dist-packages/map_msgs/srv/__init__.py'...
[49.452s] Compiling '/home/huuhoa/hospital_robot/install/map_msgs/local/lib/python3.10/dist-packages/map_msgs/srv/_get_map_roi.py'...
[49.452s] Compiling '/home/huuhoa/hospital_robot/install/map_msgs/local/lib/python3.10/dist-packages/map_msgs/srv/_get_point_map.py'...
[49.452s] Compiling '/home/huuhoa/hospital_robot/install/map_msgs/local/lib/python3.10/dist-packages/map_msgs/srv/_get_point_map_roi.py'...
[49.452s] Compiling '/home/huuhoa/hospital_robot/install/map_msgs/local/lib/python3.10/dist-packages/map_msgs/srv/_projected_maps_info.py'...
[49.452s] Compiling '/home/huuhoa/hospital_robot/install/map_msgs/local/lib/python3.10/dist-packages/map_msgs/srv/_save_map.py'...
[49.452s] Compiling '/home/huuhoa/hospital_robot/install/map_msgs/local/lib/python3.10/dist-packages/map_msgs/srv/_set_map_projections.py'...
[49.459s] -- Installing: /home/huuhoa/hospital_robot/install/map_msgs/lib/libmap_msgs__rosidl_generator_py.so
[49.460s] -- Set runtime path of "/home/huuhoa/hospital_robot/install/map_msgs/lib/libmap_msgs__rosidl_generator_py.so" to ""
[49.460s] -- Installing: /home/huuhoa/hospital_robot/install/map_msgs/share/map_msgs/cmake/export_map_msgs__rosidl_generator_cExport.cmake
[49.460s] -- Installing: /home/huuhoa/hospital_robot/install/map_msgs/share/map_msgs/cmake/export_map_msgs__rosidl_generator_cExport-noconfig.cmake
[49.460s] -- Installing: /home/huuhoa/hospital_robot/install/map_msgs/share/map_msgs/cmake/export_map_msgs__rosidl_typesupport_fastrtps_cExport.cmake
[49.461s] -- Installing: /home/huuhoa/hospital_robot/install/map_msgs/share/map_msgs/cmake/export_map_msgs__rosidl_typesupport_fastrtps_cExport-noconfig.cmake
[49.461s] -- Installing: /home/huuhoa/hospital_robot/install/map_msgs/share/map_msgs/cmake/map_msgs__rosidl_typesupport_introspection_cExport.cmake
[49.461s] -- Installing: /home/huuhoa/hospital_robot/install/map_msgs/share/map_msgs/cmake/map_msgs__rosidl_typesupport_introspection_cExport-noconfig.cmake
[49.462s] -- Installing: /home/huuhoa/hospital_robot/install/map_msgs/share/map_msgs/cmake/map_msgs__rosidl_typesupport_cExport.cmake
[49.462s] -- Installing: /home/huuhoa/hospital_robot/install/map_msgs/share/map_msgs/cmake/map_msgs__rosidl_typesupport_cExport-noconfig.cmake
[49.462s] -- Installing: /home/huuhoa/hospital_robot/install/map_msgs/share/map_msgs/cmake/export_map_msgs__rosidl_generator_cppExport.cmake
[49.463s] -- Installing: /home/huuhoa/hospital_robot/install/map_msgs/share/map_msgs/cmake/export_map_msgs__rosidl_typesupport_fastrtps_cppExport.cmake
[49.463s] -- Installing: /home/huuhoa/hospital_robot/install/map_msgs/share/map_msgs/cmake/export_map_msgs__rosidl_typesupport_fastrtps_cppExport-noconfig.cmake
[49.463s] -- Installing: /home/huuhoa/hospital_robot/install/map_msgs/share/map_msgs/cmake/map_msgs__rosidl_typesupport_introspection_cppExport.cmake
[49.463s] -- Installing: /home/huuhoa/hospital_robot/install/map_msgs/share/map_msgs/cmake/map_msgs__rosidl_typesupport_introspection_cppExport-noconfig.cmake
[49.464s] -- Installing: /home/huuhoa/hospital_robot/install/map_msgs/share/map_msgs/cmake/map_msgs__rosidl_typesupport_cppExport.cmake
[49.464s] -- Installing: /home/huuhoa/hospital_robot/install/map_msgs/share/map_msgs/cmake/map_msgs__rosidl_typesupport_cppExport-noconfig.cmake
[49.464s] -- Installing: /home/huuhoa/hospital_robot/install/map_msgs/share/map_msgs/cmake/export_map_msgs__rosidl_generator_pyExport.cmake
[49.481s] -- Installing: /home/huuhoa/hospital_robot/install/map_msgs/share/map_msgs/cmake/export_map_msgs__rosidl_generator_pyExport-noconfig.cmake
[49.487s] Invoked command in '/home/huuhoa/hospital_robot/build/map_msgs' returned '0': CMAKE_PREFIX_PATH=${CMAKE_PREFIX_PATH}:/home/huuhoa/hospital_robot/install/nav2_simple_commander:/opt/ros/humble /usr/bin/cmake --install /home/huuhoa/hospital_robot/build/map_msgs
