[0.139s] Invoking command in '/home/huuhoa/hospital_robot/build/dwb_core': AMENT_PREFIX_PATH=/home/huuhoa/hospital_robot/install/nav2_core:/home/huuhoa/hospital_robot/install/nav2_costmap_2d:${AMENT_PREFIX_PATH} CMAKE_PREFIX_PATH=/home/huuhoa/hospital_robot/install/nav2_core:/home/huuhoa/hospital_robot/install/nav2_costmap_2d:/home/huuhoa/hospital_robot/install/nav_2d_utils:/home/huuhoa/hospital_robot/install/nav2_map_server:/home/huuhoa/hospital_robot/install/nav2_lifecycle_manager:/home/huuhoa/hospital_robot/install/nav2_util:/home/huuhoa/hospital_robot/install/nav2_voxel_grid:/home/huuhoa/hospital_robot/install/nav2_msgs:/home/huuhoa/hospital_robot/install/dwb_msgs:/home/huuhoa/hospital_robot/install/nav_2d_msgs:/home/huuhoa/hospital_robot/install/nav2_common:/home/huuhoa/hospital_robot/install/map_msgs:/home/huuhoa/hospital_robot/install/hospital_package:/home/huuhoa/hospital_robot/install/nav2_simple_commander:/opt/ros/humble LD_LIBRARY_PATH=/home/huuhoa/hospital_robot/install/nav2_costmap_2d/lib:/home/huuhoa/hospital_robot/install/nav_2d_utils/lib:/home/huuhoa/hospital_robot/install/nav2_map_server/lib:/home/huuhoa/hospital_robot/install/nav2_lifecycle_manager/lib:/home/huuhoa/hospital_robot/install/nav2_util/lib:/home/huuhoa/hospital_robot/install/nav2_voxel_grid/lib:/home/huuhoa/hospital_robot/install/nav2_msgs/lib:/home/huuhoa/hospital_robot/install/dwb_msgs/lib:/home/huuhoa/hospital_robot/install/nav_2d_msgs/lib:/home/huuhoa/hospital_robot/install/map_msgs/lib:/opt/ros/humble/lib/x86_64-linux-gnu:/opt/ros/humble/lib /usr/bin/cmake /home/huuhoa/hospital_robot/src/nav2_package/navigation2/nav2_dwb_controller/dwb_core -DAMENT_CMAKE_SYMLINK_INSTALL=1 -DCMAKE_INSTALL_PREFIX=/home/huuhoa/hospital_robot/install/dwb_core
[0.309s] -- The C compiler identification is GNU 11.4.0
[0.462s] -- The CXX compiler identification is GNU 11.4.0
[0.489s] -- Detecting C compiler ABI info
[0.640s] -- Detecting C compiler ABI info - done
[0.653s] -- Check for working C compiler: /usr/bin/cc - skipped
[0.654s] -- Detecting C compile features
[0.654s] -- Detecting C compile features - done
[0.659s] -- Detecting CXX compiler ABI info
[0.827s] -- Detecting CXX compiler ABI info - done
[0.840s] -- Check for working CXX compiler: /usr/bin/c++ - skipped
[0.844s] -- Detecting CXX compile features
[0.844s] -- Detecting CXX compile features - done
[0.848s] -- Found ament_cmake: 1.3.11 (/opt/ros/humble/share/ament_cmake/cmake)
[1.170s] -- Found Python3: /usr/bin/python3 (found version "3.10.12") found components: Interpreter 
[1.343s] -- Override CMake install command with custom implementation using symlinks instead of copying resources
[1.446s] -- Found nav2_common: 1.1.18 (/home/huuhoa/hospital_robot/install/nav2_common/share/nav2_common/cmake)
[1.474s] -- Found rclcpp: 16.0.11 (/opt/ros/humble/share/rclcpp/cmake)
[1.583s] -- Found rosidl_generator_c: 3.1.6 (/opt/ros/humble/share/rosidl_generator_c/cmake)
[1.602s] -- Found rosidl_adapter: 3.1.6 (/opt/ros/humble/share/rosidl_adapter/cmake)
[1.632s] -- Found rosidl_generator_cpp: 3.1.6 (/opt/ros/humble/share/rosidl_generator_cpp/cmake)
[1.654s] -- Using all available rosidl_typesupport_c: rosidl_typesupport_fastrtps_c;rosidl_typesupport_introspection_c
[1.716s] -- Using all available rosidl_typesupport_cpp: rosidl_typesupport_fastrtps_cpp;rosidl_typesupport_introspection_cpp
[1.809s] -- Found rmw_implementation_cmake: 6.1.2 (/opt/ros/humble/share/rmw_implementation_cmake/cmake)
[1.813s] -- Found rmw_cyclonedds_cpp: 1.3.4 (/opt/ros/humble/share/rmw_cyclonedds_cpp/cmake)
[1.866s] -- Using RMW implementation 'rmw_cyclonedds_cpp' as default
[1.885s] -- Looking for pthread.h
[2.096s] -- Looking for pthread.h - found
[2.096s] -- Performing Test CMAKE_HAVE_LIBC_PTHREAD
[2.267s] -- Performing Test CMAKE_HAVE_LIBC_PTHREAD - Success
[2.282s] -- Found Threads: TRUE  
[2.382s] -- Found geometry_msgs: 4.2.4 (/opt/ros/humble/share/geometry_msgs/cmake)
[2.414s] -- Found nav_2d_msgs: 1.1.18 (/home/huuhoa/hospital_robot/install/nav_2d_msgs/share/nav_2d_msgs/cmake)
[2.476s] -- Found dwb_msgs: 1.1.18 (/home/huuhoa/hospital_robot/install/dwb_msgs/share/dwb_msgs/cmake)
[2.593s] -- Found nav2_costmap_2d: 1.1.18 (/home/huuhoa/hospital_robot/install/nav2_costmap_2d/share/nav2_costmap_2d/cmake)
[3.005s] -- Found Eigen3: TRUE (found version "3.4.0") 
[3.006s] -- Ensuring Eigen3 include directory is part of orocos-kdl CMake target
[3.291s] -- Found nav_2d_utils: 1.1.18 (/home/huuhoa/hospital_robot/install/nav_2d_utils/share/nav_2d_utils/cmake)
[3.336s] -- Found nav2_core: 1.1.18 (/home/huuhoa/hospital_robot/install/nav2_core/share/nav2_core/cmake)
[3.363s] -- Setting build type to Release as none was specified.
[3.889s] -- Found ament_lint_auto: 0.12.11 (/opt/ros/humble/share/ament_lint_auto/cmake)
[4.115s] -- Found gtest sources under '/opt/ros/humble/src/gtest_vendor': C++ tests using 'Google Test' will be built
[4.136s] -- Added test 'cppcheck' to perform static code analysis on C / C++ code
[4.138s] -- Configured cppcheck include dirs: /home/huuhoa/hospital_robot/src/nav2_package/navigation2/nav2_dwb_controller/dwb_core/include
[4.138s] -- Configured cppcheck exclude dirs and/or files: 
[4.144s] -- Added test 'cpplint' to check C / C++ code against the Google style
[4.144s] -- Configured cpplint exclude dirs and/or files: 
[4.144s] -- Added test 'lint_cmake' to check CMake code style
[4.144s] -- Added test 'uncrustify' to check C / C++ code style
[4.144s] -- Configured uncrustify additional arguments: 
[4.148s] -- Added test 'xmllint' to check XML markup files
[4.164s] -- Configuring done
[4.305s] -- Generating done
[4.323s] -- Build files have been written to: /home/huuhoa/hospital_robot/build/dwb_core
[4.339s] Invoked command in '/home/huuhoa/hospital_robot/build/dwb_core' returned '0': AMENT_PREFIX_PATH=/home/huuhoa/hospital_robot/install/nav2_core:/home/huuhoa/hospital_robot/install/nav2_costmap_2d:${AMENT_PREFIX_PATH} CMAKE_PREFIX_PATH=/home/huuhoa/hospital_robot/install/nav2_core:/home/huuhoa/hospital_robot/install/nav2_costmap_2d:/home/huuhoa/hospital_robot/install/nav_2d_utils:/home/huuhoa/hospital_robot/install/nav2_map_server:/home/huuhoa/hospital_robot/install/nav2_lifecycle_manager:/home/huuhoa/hospital_robot/install/nav2_util:/home/huuhoa/hospital_robot/install/nav2_voxel_grid:/home/huuhoa/hospital_robot/install/nav2_msgs:/home/huuhoa/hospital_robot/install/dwb_msgs:/home/huuhoa/hospital_robot/install/nav_2d_msgs:/home/huuhoa/hospital_robot/install/nav2_common:/home/huuhoa/hospital_robot/install/map_msgs:/home/huuhoa/hospital_robot/install/hospital_package:/home/huuhoa/hospital_robot/install/nav2_simple_commander:/opt/ros/humble LD_LIBRARY_PATH=/home/huuhoa/hospital_robot/install/nav2_costmap_2d/lib:/home/huuhoa/hospital_robot/install/nav_2d_utils/lib:/home/huuhoa/hospital_robot/install/nav2_map_server/lib:/home/huuhoa/hospital_robot/install/nav2_lifecycle_manager/lib:/home/huuhoa/hospital_robot/install/nav2_util/lib:/home/huuhoa/hospital_robot/install/nav2_voxel_grid/lib:/home/huuhoa/hospital_robot/install/nav2_msgs/lib:/home/huuhoa/hospital_robot/install/dwb_msgs/lib:/home/huuhoa/hospital_robot/install/nav_2d_msgs/lib:/home/huuhoa/hospital_robot/install/map_msgs/lib:/opt/ros/humble/lib/x86_64-linux-gnu:/opt/ros/humble/lib /usr/bin/cmake /home/huuhoa/hospital_robot/src/nav2_package/navigation2/nav2_dwb_controller/dwb_core -DAMENT_CMAKE_SYMLINK_INSTALL=1 -DCMAKE_INSTALL_PREFIX=/home/huuhoa/hospital_robot/install/dwb_core
[4.342s] Invoking command in '/home/huuhoa/hospital_robot/build/dwb_core': AMENT_PREFIX_PATH=/home/huuhoa/hospital_robot/install/nav2_core:/home/huuhoa/hospital_robot/install/nav2_costmap_2d:${AMENT_PREFIX_PATH} CMAKE_PREFIX_PATH=/home/huuhoa/hospital_robot/install/nav2_core:/home/huuhoa/hospital_robot/install/nav2_costmap_2d:/home/huuhoa/hospital_robot/install/nav_2d_utils:/home/huuhoa/hospital_robot/install/nav2_map_server:/home/huuhoa/hospital_robot/install/nav2_lifecycle_manager:/home/huuhoa/hospital_robot/install/nav2_util:/home/huuhoa/hospital_robot/install/nav2_voxel_grid:/home/huuhoa/hospital_robot/install/nav2_msgs:/home/huuhoa/hospital_robot/install/dwb_msgs:/home/huuhoa/hospital_robot/install/nav_2d_msgs:/home/huuhoa/hospital_robot/install/nav2_common:/home/huuhoa/hospital_robot/install/map_msgs:/home/huuhoa/hospital_robot/install/hospital_package:/home/huuhoa/hospital_robot/install/nav2_simple_commander:/opt/ros/humble LD_LIBRARY_PATH=/home/huuhoa/hospital_robot/install/nav2_costmap_2d/lib:/home/huuhoa/hospital_robot/install/nav_2d_utils/lib:/home/huuhoa/hospital_robot/install/nav2_map_server/lib:/home/huuhoa/hospital_robot/install/nav2_lifecycle_manager/lib:/home/huuhoa/hospital_robot/install/nav2_util/lib:/home/huuhoa/hospital_robot/install/nav2_voxel_grid/lib:/home/huuhoa/hospital_robot/install/nav2_msgs/lib:/home/huuhoa/hospital_robot/install/dwb_msgs/lib:/home/huuhoa/hospital_robot/install/nav_2d_msgs/lib:/home/huuhoa/hospital_robot/install/map_msgs/lib:/opt/ros/humble/lib/x86_64-linux-gnu:/opt/ros/humble/lib /usr/bin/cmake --build /home/huuhoa/hospital_robot/build/dwb_core -- -j2 -l2
[4.471s] [  9%] [32mBuilding CXX object CMakeFiles/dwb_core.dir/src/dwb_local_planner.cpp.o[0m
[19.214s] [ 18%] [32mBuilding CXX object CMakeFiles/dwb_core.dir/src/publisher.cpp.o[0m
[32.158s] [ 27%] [32mBuilding CXX object CMakeFiles/dwb_core.dir/src/illegal_trajectory_tracker.cpp.o[0m
[33.179s] [ 36%] [32mBuilding CXX object CMakeFiles/dwb_core.dir/src/trajectory_utils.cpp.o[0m
[36.743s] [ 45%] [32m[1mLinking CXX shared library libdwb_core.so[0m
[37.682s] [ 45%] Built target dwb_core
[37.720s] [ 54%] [32mBuilding CXX object gtest/CMakeFiles/gtest_main.dir/src/gtest_main.cc.o[0m
[38.941s] [ 63%] [32m[1mLinking CXX static library libgtest_main.a[0m
[39.054s] [ 63%] Built target gtest_main
[39.099s] [ 72%] [32mBuilding CXX object gtest/CMakeFiles/gtest.dir/src/gtest-all.cc.o[0m
[48.928s] [ 81%] [32m[1mLinking CXX static library libgtest.a[0m
[49.055s] [ 81%] Built target gtest
[49.101s] [ 90%] [32mBuilding CXX object test/CMakeFiles/utils_test.dir/utils_test.cpp.o[0m
[54.035s] [100%] [32m[1mLinking CXX executable utils_test[0m
[54.437s] [100%] Built target utils_test
[54.460s] Invoked command in '/home/huuhoa/hospital_robot/build/dwb_core' returned '0': AMENT_PREFIX_PATH=/home/huuhoa/hospital_robot/install/nav2_core:/home/huuhoa/hospital_robot/install/nav2_costmap_2d:${AMENT_PREFIX_PATH} CMAKE_PREFIX_PATH=/home/huuhoa/hospital_robot/install/nav2_core:/home/huuhoa/hospital_robot/install/nav2_costmap_2d:/home/huuhoa/hospital_robot/install/nav_2d_utils:/home/huuhoa/hospital_robot/install/nav2_map_server:/home/huuhoa/hospital_robot/install/nav2_lifecycle_manager:/home/huuhoa/hospital_robot/install/nav2_util:/home/huuhoa/hospital_robot/install/nav2_voxel_grid:/home/huuhoa/hospital_robot/install/nav2_msgs:/home/huuhoa/hospital_robot/install/dwb_msgs:/home/huuhoa/hospital_robot/install/nav_2d_msgs:/home/huuhoa/hospital_robot/install/nav2_common:/home/huuhoa/hospital_robot/install/map_msgs:/home/huuhoa/hospital_robot/install/hospital_package:/home/huuhoa/hospital_robot/install/nav2_simple_commander:/opt/ros/humble LD_LIBRARY_PATH=/home/huuhoa/hospital_robot/install/nav2_costmap_2d/lib:/home/huuhoa/hospital_robot/install/nav_2d_utils/lib:/home/huuhoa/hospital_robot/install/nav2_map_server/lib:/home/huuhoa/hospital_robot/install/nav2_lifecycle_manager/lib:/home/huuhoa/hospital_robot/install/nav2_util/lib:/home/huuhoa/hospital_robot/install/nav2_voxel_grid/lib:/home/huuhoa/hospital_robot/install/nav2_msgs/lib:/home/huuhoa/hospital_robot/install/dwb_msgs/lib:/home/huuhoa/hospital_robot/install/nav_2d_msgs/lib:/home/huuhoa/hospital_robot/install/map_msgs/lib:/opt/ros/humble/lib/x86_64-linux-gnu:/opt/ros/humble/lib /usr/bin/cmake --build /home/huuhoa/hospital_robot/build/dwb_core -- -j2 -l2
[54.462s] Invoking command in '/home/huuhoa/hospital_robot/build/dwb_core': AMENT_PREFIX_PATH=/home/huuhoa/hospital_robot/install/nav2_core:/home/huuhoa/hospital_robot/install/nav2_costmap_2d:${AMENT_PREFIX_PATH} CMAKE_PREFIX_PATH=/home/huuhoa/hospital_robot/install/nav2_core:/home/huuhoa/hospital_robot/install/nav2_costmap_2d:/home/huuhoa/hospital_robot/install/nav_2d_utils:/home/huuhoa/hospital_robot/install/nav2_map_server:/home/huuhoa/hospital_robot/install/nav2_lifecycle_manager:/home/huuhoa/hospital_robot/install/nav2_util:/home/huuhoa/hospital_robot/install/nav2_voxel_grid:/home/huuhoa/hospital_robot/install/nav2_msgs:/home/huuhoa/hospital_robot/install/dwb_msgs:/home/huuhoa/hospital_robot/install/nav_2d_msgs:/home/huuhoa/hospital_robot/install/nav2_common:/home/huuhoa/hospital_robot/install/map_msgs:/home/huuhoa/hospital_robot/install/hospital_package:/home/huuhoa/hospital_robot/install/nav2_simple_commander:/opt/ros/humble LD_LIBRARY_PATH=/home/huuhoa/hospital_robot/install/nav2_costmap_2d/lib:/home/huuhoa/hospital_robot/install/nav_2d_utils/lib:/home/huuhoa/hospital_robot/install/nav2_map_server/lib:/home/huuhoa/hospital_robot/install/nav2_lifecycle_manager/lib:/home/huuhoa/hospital_robot/install/nav2_util/lib:/home/huuhoa/hospital_robot/install/nav2_voxel_grid/lib:/home/huuhoa/hospital_robot/install/nav2_msgs/lib:/home/huuhoa/hospital_robot/install/dwb_msgs/lib:/home/huuhoa/hospital_robot/install/nav_2d_msgs/lib:/home/huuhoa/hospital_robot/install/map_msgs/lib:/opt/ros/humble/lib/x86_64-linux-gnu:/opt/ros/humble/lib /usr/bin/cmake --install /home/huuhoa/hospital_robot/build/dwb_core
[54.479s] -- Install configuration: "Release"
[54.481s] -- Execute custom install script
[54.481s] -- Symlinking: /home/huuhoa/hospital_robot/install/dwb_core/lib/libdwb_core.so
[54.499s] -- Symlinking: /home/huuhoa/hospital_robot/install/dwb_core/include//dwb_core/dwb_local_planner.hpp
[54.514s] -- Symlinking: /home/huuhoa/hospital_robot/install/dwb_core/include//dwb_core/exceptions.hpp
[54.531s] -- Symlinking: /home/huuhoa/hospital_robot/install/dwb_core/include//dwb_core/illegal_trajectory_tracker.hpp
[54.553s] -- Symlinking: /home/huuhoa/hospital_robot/install/dwb_core/include//dwb_core/publisher.hpp
[54.568s] -- Symlinking: /home/huuhoa/hospital_robot/install/dwb_core/include//dwb_core/trajectory_critic.hpp
[54.584s] -- Symlinking: /home/huuhoa/hospital_robot/install/dwb_core/include//dwb_core/trajectory_generator.hpp
[54.599s] -- Symlinking: /home/huuhoa/hospital_robot/install/dwb_core/include//dwb_core/trajectory_utils.hpp
[54.616s] -- Symlinking: /home/huuhoa/hospital_robot/install/dwb_core/share/dwb_core/environment/library_path.sh
[54.634s] -- Symlinking: /home/huuhoa/hospital_robot/install/dwb_core/share/dwb_core/environment/library_path.dsv
[54.658s] -- Symlinking: /home/huuhoa/hospital_robot/install/dwb_core/share/dwb_core//local_planner_plugin.xml
[54.679s] -- Symlinking: /home/huuhoa/hospital_robot/install/dwb_core/share/ament_index/resource_index/package_run_dependencies/dwb_core
[54.697s] -- Symlinking: /home/huuhoa/hospital_robot/install/dwb_core/share/ament_index/resource_index/parent_prefix_path/dwb_core
[54.716s] -- Symlinking: /home/huuhoa/hospital_robot/install/dwb_core/share/dwb_core/environment/ament_prefix_path.sh
[54.737s] -- Symlinking: /home/huuhoa/hospital_robot/install/dwb_core/share/dwb_core/environment/ament_prefix_path.dsv
[54.768s] -- Symlinking: /home/huuhoa/hospital_robot/install/dwb_core/share/dwb_core/environment/path.sh
[54.788s] -- Symlinking: /home/huuhoa/hospital_robot/install/dwb_core/share/dwb_core/environment/path.dsv
[54.805s] -- Symlinking: /home/huuhoa/hospital_robot/install/dwb_core/share/dwb_core/local_setup.bash
[54.823s] -- Symlinking: /home/huuhoa/hospital_robot/install/dwb_core/share/dwb_core/local_setup.sh
[54.843s] -- Symlinking: /home/huuhoa/hospital_robot/install/dwb_core/share/dwb_core/local_setup.zsh
[54.865s] -- Symlinking: /home/huuhoa/hospital_robot/install/dwb_core/share/dwb_core/local_setup.dsv
[54.886s] -- Symlinking: /home/huuhoa/hospital_robot/install/dwb_core/share/dwb_core/package.dsv
[54.904s] -- Symlinking: /home/huuhoa/hospital_robot/install/dwb_core/share/ament_index/resource_index/packages/dwb_core
[54.922s] -- Symlinking: /home/huuhoa/hospital_robot/install/dwb_core/share/ament_index/resource_index/nav2_core__pluginlib__plugin/dwb_core
[54.940s] -- Symlinking: /home/huuhoa/hospital_robot/install/dwb_core/share/dwb_core/cmake/ament_cmake_export_include_directories-extras.cmake
[54.960s] -- Symlinking: /home/huuhoa/hospital_robot/install/dwb_core/share/dwb_core/cmake/ament_cmake_export_libraries-extras.cmake
[54.981s] -- Symlinking: /home/huuhoa/hospital_robot/install/dwb_core/share/dwb_core/cmake/ament_cmake_export_dependencies-extras.cmake
[54.998s] -- Symlinking: /home/huuhoa/hospital_robot/install/dwb_core/share/dwb_core/cmake/dwb_coreConfig.cmake
[55.017s] -- Symlinking: /home/huuhoa/hospital_robot/install/dwb_core/share/dwb_core/cmake/dwb_coreConfig-version.cmake
[55.039s] -- Symlinking: /home/huuhoa/hospital_robot/install/dwb_core/share/dwb_core/package.xml
[55.059s] Invoked command in '/home/huuhoa/hospital_robot/build/dwb_core' returned '0': AMENT_PREFIX_PATH=/home/huuhoa/hospital_robot/install/nav2_core:/home/huuhoa/hospital_robot/install/nav2_costmap_2d:${AMENT_PREFIX_PATH} CMAKE_PREFIX_PATH=/home/huuhoa/hospital_robot/install/nav2_core:/home/huuhoa/hospital_robot/install/nav2_costmap_2d:/home/huuhoa/hospital_robot/install/nav_2d_utils:/home/huuhoa/hospital_robot/install/nav2_map_server:/home/huuhoa/hospital_robot/install/nav2_lifecycle_manager:/home/huuhoa/hospital_robot/install/nav2_util:/home/huuhoa/hospital_robot/install/nav2_voxel_grid:/home/huuhoa/hospital_robot/install/nav2_msgs:/home/huuhoa/hospital_robot/install/dwb_msgs:/home/huuhoa/hospital_robot/install/nav_2d_msgs:/home/huuhoa/hospital_robot/install/nav2_common:/home/huuhoa/hospital_robot/install/map_msgs:/home/huuhoa/hospital_robot/install/hospital_package:/home/huuhoa/hospital_robot/install/nav2_simple_commander:/opt/ros/humble LD_LIBRARY_PATH=/home/huuhoa/hospital_robot/install/nav2_costmap_2d/lib:/home/huuhoa/hospital_robot/install/nav_2d_utils/lib:/home/huuhoa/hospital_robot/install/nav2_map_server/lib:/home/huuhoa/hospital_robot/install/nav2_lifecycle_manager/lib:/home/huuhoa/hospital_robot/install/nav2_util/lib:/home/huuhoa/hospital_robot/install/nav2_voxel_grid/lib:/home/huuhoa/hospital_robot/install/nav2_msgs/lib:/home/huuhoa/hospital_robot/install/dwb_msgs/lib:/home/huuhoa/hospital_robot/install/nav_2d_msgs/lib:/home/huuhoa/hospital_robot/install/map_msgs/lib:/opt/ros/humble/lib/x86_64-linux-gnu:/opt/ros/humble/lib /usr/bin/cmake --install /home/huuhoa/hospital_robot/build/dwb_core
