[0.083s] Invoking command in '/home/huuhoa/hospital_robot/build/nav2_regulated_pure_pursuit_controller': AMENT_PREFIX_PATH=/home/huuhoa/hospital_robot/install/nav2_core:/home/huuhoa/hospital_robot/install/nav2_costmap_2d:${AMENT_PREFIX_PATH} CMAKE_PREFIX_PATH=/home/huuhoa/hospital_robot/install/nav2_core:/home/huuhoa/hospital_robot/install/nav2_costmap_2d:/home/huuhoa/hospital_robot/install/nav2_map_server:/home/huuhoa/hospital_robot/install/nav2_lifecycle_manager:/home/huuhoa/hospital_robot/install/nav2_util:/home/huuhoa/hospital_robot/install/nav2_voxel_grid:/home/huuhoa/hospital_robot/install/nav2_msgs:/home/huuhoa/hospital_robot/install/nav2_common:/home/huuhoa/hospital_robot/install/map_msgs:/home/huuhoa/hospital_robot/install/nav_2d_utils:/home/huuhoa/hospital_robot/install/dwb_msgs:/home/huuhoa/hospital_robot/install/nav_2d_msgs:/home/huuhoa/hospital_robot/install/hospital_package:/home/huuhoa/hospital_robot/install/nav2_simple_commander:/opt/ros/humble LD_LIBRARY_PATH=/home/huuhoa/hospital_robot/install/nav2_costmap_2d/lib:/home/huuhoa/hospital_robot/install/nav2_map_server/lib:/home/huuhoa/hospital_robot/install/nav2_lifecycle_manager/lib:/home/huuhoa/hospital_robot/install/nav2_util/lib:/home/huuhoa/hospital_robot/install/nav2_voxel_grid/lib:/home/huuhoa/hospital_robot/install/nav2_msgs/lib:/home/huuhoa/hospital_robot/install/map_msgs/lib:/home/huuhoa/hospital_robot/install/nav_2d_utils/lib:/home/huuhoa/hospital_robot/install/dwb_msgs/lib:/home/huuhoa/hospital_robot/install/nav_2d_msgs/lib:/opt/ros/humble/lib/x86_64-linux-gnu:/opt/ros/humble/lib /usr/bin/cmake /home/huuhoa/hospital_robot/src/nav2_package/navigation2/nav2_regulated_pure_pursuit_controller -DAMENT_CMAKE_SYMLINK_INSTALL=1 -DCMAKE_INSTALL_PREFIX=/home/huuhoa/hospital_robot/install/nav2_regulated_pure_pursuit_controller
[0.200s] -- The C compiler identification is GNU 11.4.0
[0.304s] -- The CXX compiler identification is GNU 11.4.0
[0.317s] -- Detecting C compiler ABI info
[0.454s] -- Detecting C compiler ABI info - done
[0.464s] -- Check for working C compiler: /usr/bin/cc - skipped
[0.464s] -- Detecting C compile features
[0.470s] -- Detecting C compile features - done
[0.474s] -- Detecting CXX compiler ABI info
[0.634s] -- Detecting CXX compiler ABI info - done
[0.645s] -- Check for working CXX compiler: /usr/bin/c++ - skipped
[0.646s] -- Detecting CXX compile features
[0.647s] -- Detecting CXX compile features - done
[0.663s] -- Found ament_cmake: 1.3.11 (/opt/ros/humble/share/ament_cmake/cmake)
[0.911s] -- Found Python3: /usr/bin/python3 (found version "3.10.12") found components: Interpreter 
[1.007s] -- Override CMake install command with custom implementation using symlinks instead of copying resources
[1.054s] -- Found nav2_common: 1.1.18 (/home/huuhoa/hospital_robot/install/nav2_common/share/nav2_common/cmake)
[1.057s] -- Found nav2_core: 1.1.18 (/home/huuhoa/hospital_robot/install/nav2_core/share/nav2_core/cmake)
[1.134s] -- Found rosidl_generator_c: 3.1.6 (/opt/ros/humble/share/rosidl_generator_c/cmake)
[1.141s] -- Found rosidl_adapter: 3.1.6 (/opt/ros/humble/share/rosidl_adapter/cmake)
[1.153s] -- Found rosidl_generator_cpp: 3.1.6 (/opt/ros/humble/share/rosidl_generator_cpp/cmake)
[1.171s] -- Using all available rosidl_typesupport_c: rosidl_typesupport_fastrtps_c;rosidl_typesupport_introspection_c
[1.193s] -- Using all available rosidl_typesupport_cpp: rosidl_typesupport_fastrtps_cpp;rosidl_typesupport_introspection_cpp
[1.255s] -- Found rmw_implementation_cmake: 6.1.2 (/opt/ros/humble/share/rmw_implementation_cmake/cmake)
[1.275s] -- Found rmw_cyclonedds_cpp: 1.3.4 (/opt/ros/humble/share/rmw_cyclonedds_cpp/cmake)
[1.312s] -- Using RMW implementation 'rmw_cyclonedds_cpp' as default
[1.327s] -- Looking for pthread.h
[1.487s] -- Looking for pthread.h - found
[1.488s] -- Performing Test CMAKE_HAVE_LIBC_PTHREAD
[1.649s] -- Performing Test CMAKE_HAVE_LIBC_PTHREAD - Success
[1.651s] -- Found Threads: TRUE  
[2.099s] -- Found Eigen3: TRUE (found version "3.4.0") 
[2.100s] -- Ensuring Eigen3 include directory is part of orocos-kdl CMake target
[2.263s] -- Setting build type to Release as none was specified.
[2.461s] -- Found ament_lint_auto: 0.12.11 (/opt/ros/humble/share/ament_lint_auto/cmake)
[2.599s] -- Found gtest sources under '/opt/ros/humble/src/gtest_vendor': C++ tests using 'Google Test' will be built
[2.770s] -- Added test 'cppcheck' to perform static code analysis on C / C++ code
[2.772s] -- Configured cppcheck include dirs: /home/huuhoa/hospital_robot/src/nav2_package/navigation2/nav2_regulated_pure_pursuit_controller/include
[2.772s] -- Configured cppcheck exclude dirs and/or files: 
[2.774s] -- Added test 'cpplint' to check C / C++ code against the Google style
[2.777s] -- Configured cpplint exclude dirs and/or files: 
[2.777s] -- Added test 'lint_cmake' to check CMake code style
[2.790s] -- Added test 'uncrustify' to check C / C++ code style
[2.790s] -- Configured uncrustify additional arguments: 
[2.790s] -- Added test 'xmllint' to check XML markup files
[2.791s] -- Configuring done
[2.948s] -- Generating done
[2.962s] -- Build files have been written to: /home/huuhoa/hospital_robot/build/nav2_regulated_pure_pursuit_controller
[2.990s] Invoked command in '/home/huuhoa/hospital_robot/build/nav2_regulated_pure_pursuit_controller' returned '0': AMENT_PREFIX_PATH=/home/huuhoa/hospital_robot/install/nav2_core:/home/huuhoa/hospital_robot/install/nav2_costmap_2d:${AMENT_PREFIX_PATH} CMAKE_PREFIX_PATH=/home/huuhoa/hospital_robot/install/nav2_core:/home/huuhoa/hospital_robot/install/nav2_costmap_2d:/home/huuhoa/hospital_robot/install/nav2_map_server:/home/huuhoa/hospital_robot/install/nav2_lifecycle_manager:/home/huuhoa/hospital_robot/install/nav2_util:/home/huuhoa/hospital_robot/install/nav2_voxel_grid:/home/huuhoa/hospital_robot/install/nav2_msgs:/home/huuhoa/hospital_robot/install/nav2_common:/home/huuhoa/hospital_robot/install/map_msgs:/home/huuhoa/hospital_robot/install/nav_2d_utils:/home/huuhoa/hospital_robot/install/dwb_msgs:/home/huuhoa/hospital_robot/install/nav_2d_msgs:/home/huuhoa/hospital_robot/install/hospital_package:/home/huuhoa/hospital_robot/install/nav2_simple_commander:/opt/ros/humble LD_LIBRARY_PATH=/home/huuhoa/hospital_robot/install/nav2_costmap_2d/lib:/home/huuhoa/hospital_robot/install/nav2_map_server/lib:/home/huuhoa/hospital_robot/install/nav2_lifecycle_manager/lib:/home/huuhoa/hospital_robot/install/nav2_util/lib:/home/huuhoa/hospital_robot/install/nav2_voxel_grid/lib:/home/huuhoa/hospital_robot/install/nav2_msgs/lib:/home/huuhoa/hospital_robot/install/map_msgs/lib:/home/huuhoa/hospital_robot/install/nav_2d_utils/lib:/home/huuhoa/hospital_robot/install/dwb_msgs/lib:/home/huuhoa/hospital_robot/install/nav_2d_msgs/lib:/opt/ros/humble/lib/x86_64-linux-gnu:/opt/ros/humble/lib /usr/bin/cmake /home/huuhoa/hospital_robot/src/nav2_package/navigation2/nav2_regulated_pure_pursuit_controller -DAMENT_CMAKE_SYMLINK_INSTALL=1 -DCMAKE_INSTALL_PREFIX=/home/huuhoa/hospital_robot/install/nav2_regulated_pure_pursuit_controller
[3.010s] Invoking command in '/home/huuhoa/hospital_robot/build/nav2_regulated_pure_pursuit_controller': AMENT_PREFIX_PATH=/home/huuhoa/hospital_robot/install/nav2_core:/home/huuhoa/hospital_robot/install/nav2_costmap_2d:${AMENT_PREFIX_PATH} CMAKE_PREFIX_PATH=/home/huuhoa/hospital_robot/install/nav2_core:/home/huuhoa/hospital_robot/install/nav2_costmap_2d:/home/huuhoa/hospital_robot/install/nav2_map_server:/home/huuhoa/hospital_robot/install/nav2_lifecycle_manager:/home/huuhoa/hospital_robot/install/nav2_util:/home/huuhoa/hospital_robot/install/nav2_voxel_grid:/home/huuhoa/hospital_robot/install/nav2_msgs:/home/huuhoa/hospital_robot/install/nav2_common:/home/huuhoa/hospital_robot/install/map_msgs:/home/huuhoa/hospital_robot/install/nav_2d_utils:/home/huuhoa/hospital_robot/install/dwb_msgs:/home/huuhoa/hospital_robot/install/nav_2d_msgs:/home/huuhoa/hospital_robot/install/hospital_package:/home/huuhoa/hospital_robot/install/nav2_simple_commander:/opt/ros/humble LD_LIBRARY_PATH=/home/huuhoa/hospital_robot/install/nav2_costmap_2d/lib:/home/huuhoa/hospital_robot/install/nav2_map_server/lib:/home/huuhoa/hospital_robot/install/nav2_lifecycle_manager/lib:/home/huuhoa/hospital_robot/install/nav2_util/lib:/home/huuhoa/hospital_robot/install/nav2_voxel_grid/lib:/home/huuhoa/hospital_robot/install/nav2_msgs/lib:/home/huuhoa/hospital_robot/install/map_msgs/lib:/home/huuhoa/hospital_robot/install/nav_2d_utils/lib:/home/huuhoa/hospital_robot/install/dwb_msgs/lib:/home/huuhoa/hospital_robot/install/nav_2d_msgs/lib:/opt/ros/humble/lib/x86_64-linux-gnu:/opt/ros/humble/lib /usr/bin/cmake --build /home/huuhoa/hospital_robot/build/nav2_regulated_pure_pursuit_controller -- -j2 -l2
[3.113s] [  8%] [32mBuilding CXX object CMakeFiles/nav2_regulated_pure_pursuit_controller.dir/src/regulated_pure_pursuit_controller.cpp.o[0m
[13.994s] [ 16%] [32m[1mLinking CXX shared library libnav2_regulated_pure_pursuit_controller.so[0m
[14.552s] [ 16%] Built target nav2_regulated_pure_pursuit_controller
[14.603s] [ 25%] [32mBuilding CXX object gtest/CMakeFiles/gtest_main.dir/src/gtest_main.cc.o[0m
[15.730s] [ 33%] [32m[1mLinking CXX static library libgtest_main.a[0m
[15.817s] [ 33%] Built target gtest_main
[15.858s] [ 41%] [32mBuilding CXX object gtest/CMakeFiles/gtest.dir/src/gtest-all.cc.o[0m
[26.081s] [ 50%] [32m[1mLinking CXX static library libgtest.a[0m
[26.207s] [ 50%] Built target gtest
[26.279s] [ 58%] [32mBuilding CXX object test/CMakeFiles/test_regulated_pp.dir/test_regulated_pp.cpp.o[0m
[38.317s] [ 66%] [32mBuilding CXX object test/CMakeFiles/test_regulated_pp.dir/path_utils/path_utils.cpp.o[0m
[42.218s] [ 75%] [32m[1mLinking CXX executable test_regulated_pp[0m
[42.906s] [ 75%] Built target test_regulated_pp
[42.945s] [ 83%] [32mBuilding CXX object test/CMakeFiles/test_path_utils.dir/path_utils/test_path_utils.cpp.o[0m
[45.203s] [ 91%] [32mBuilding CXX object test/CMakeFiles/test_path_utils.dir/path_utils/path_utils.cpp.o[0m
[49.143s] [100%] [32m[1mLinking CXX executable test_path_utils[0m
[49.374s] [100%] Built target test_path_utils
[49.395s] Invoked command in '/home/huuhoa/hospital_robot/build/nav2_regulated_pure_pursuit_controller' returned '0': AMENT_PREFIX_PATH=/home/huuhoa/hospital_robot/install/nav2_core:/home/huuhoa/hospital_robot/install/nav2_costmap_2d:${AMENT_PREFIX_PATH} CMAKE_PREFIX_PATH=/home/huuhoa/hospital_robot/install/nav2_core:/home/huuhoa/hospital_robot/install/nav2_costmap_2d:/home/huuhoa/hospital_robot/install/nav2_map_server:/home/huuhoa/hospital_robot/install/nav2_lifecycle_manager:/home/huuhoa/hospital_robot/install/nav2_util:/home/huuhoa/hospital_robot/install/nav2_voxel_grid:/home/huuhoa/hospital_robot/install/nav2_msgs:/home/huuhoa/hospital_robot/install/nav2_common:/home/huuhoa/hospital_robot/install/map_msgs:/home/huuhoa/hospital_robot/install/nav_2d_utils:/home/huuhoa/hospital_robot/install/dwb_msgs:/home/huuhoa/hospital_robot/install/nav_2d_msgs:/home/huuhoa/hospital_robot/install/hospital_package:/home/huuhoa/hospital_robot/install/nav2_simple_commander:/opt/ros/humble LD_LIBRARY_PATH=/home/huuhoa/hospital_robot/install/nav2_costmap_2d/lib:/home/huuhoa/hospital_robot/install/nav2_map_server/lib:/home/huuhoa/hospital_robot/install/nav2_lifecycle_manager/lib:/home/huuhoa/hospital_robot/install/nav2_util/lib:/home/huuhoa/hospital_robot/install/nav2_voxel_grid/lib:/home/huuhoa/hospital_robot/install/nav2_msgs/lib:/home/huuhoa/hospital_robot/install/map_msgs/lib:/home/huuhoa/hospital_robot/install/nav_2d_utils/lib:/home/huuhoa/hospital_robot/install/dwb_msgs/lib:/home/huuhoa/hospital_robot/install/nav_2d_msgs/lib:/opt/ros/humble/lib/x86_64-linux-gnu:/opt/ros/humble/lib /usr/bin/cmake --build /home/huuhoa/hospital_robot/build/nav2_regulated_pure_pursuit_controller -- -j2 -l2
[49.399s] Invoking command in '/home/huuhoa/hospital_robot/build/nav2_regulated_pure_pursuit_controller': AMENT_PREFIX_PATH=/home/huuhoa/hospital_robot/install/nav2_core:/home/huuhoa/hospital_robot/install/nav2_costmap_2d:${AMENT_PREFIX_PATH} CMAKE_PREFIX_PATH=/home/huuhoa/hospital_robot/install/nav2_core:/home/huuhoa/hospital_robot/install/nav2_costmap_2d:/home/huuhoa/hospital_robot/install/nav2_map_server:/home/huuhoa/hospital_robot/install/nav2_lifecycle_manager:/home/huuhoa/hospital_robot/install/nav2_util:/home/huuhoa/hospital_robot/install/nav2_voxel_grid:/home/huuhoa/hospital_robot/install/nav2_msgs:/home/huuhoa/hospital_robot/install/nav2_common:/home/huuhoa/hospital_robot/install/map_msgs:/home/huuhoa/hospital_robot/install/nav_2d_utils:/home/huuhoa/hospital_robot/install/dwb_msgs:/home/huuhoa/hospital_robot/install/nav_2d_msgs:/home/huuhoa/hospital_robot/install/hospital_package:/home/huuhoa/hospital_robot/install/nav2_simple_commander:/opt/ros/humble LD_LIBRARY_PATH=/home/huuhoa/hospital_robot/install/nav2_costmap_2d/lib:/home/huuhoa/hospital_robot/install/nav2_map_server/lib:/home/huuhoa/hospital_robot/install/nav2_lifecycle_manager/lib:/home/huuhoa/hospital_robot/install/nav2_util/lib:/home/huuhoa/hospital_robot/install/nav2_voxel_grid/lib:/home/huuhoa/hospital_robot/install/nav2_msgs/lib:/home/huuhoa/hospital_robot/install/map_msgs/lib:/home/huuhoa/hospital_robot/install/nav_2d_utils/lib:/home/huuhoa/hospital_robot/install/dwb_msgs/lib:/home/huuhoa/hospital_robot/install/nav_2d_msgs/lib:/opt/ros/humble/lib/x86_64-linux-gnu:/opt/ros/humble/lib /usr/bin/cmake --install /home/huuhoa/hospital_robot/build/nav2_regulated_pure_pursuit_controller
[49.411s] -- Install configuration: "Release"
[49.412s] -- Execute custom install script
[49.413s] -- Symlinking: /home/huuhoa/hospital_robot/install/nav2_regulated_pure_pursuit_controller/lib/libnav2_regulated_pure_pursuit_controller.so
[49.430s] -- Symlinking: /home/huuhoa/hospital_robot/install/nav2_regulated_pure_pursuit_controller/include//nav2_regulated_pure_pursuit_controller/regulated_pure_pursuit_controller.hpp
[49.444s] -- Symlinking: /home/huuhoa/hospital_robot/install/nav2_regulated_pure_pursuit_controller/share/nav2_regulated_pure_pursuit_controller/environment/library_path.sh
[49.458s] -- Symlinking: /home/huuhoa/hospital_robot/install/nav2_regulated_pure_pursuit_controller/share/nav2_regulated_pure_pursuit_controller/environment/library_path.dsv
[49.474s] -- Symlinking: /home/huuhoa/hospital_robot/install/nav2_regulated_pure_pursuit_controller/share/nav2_regulated_pure_pursuit_controller//nav2_regulated_pure_pursuit_controller.xml
[49.489s] -- Symlinking: /home/huuhoa/hospital_robot/install/nav2_regulated_pure_pursuit_controller/share/ament_index/resource_index/package_run_dependencies/nav2_regulated_pure_pursuit_controller
[49.502s] -- Symlinking: /home/huuhoa/hospital_robot/install/nav2_regulated_pure_pursuit_controller/share/ament_index/resource_index/parent_prefix_path/nav2_regulated_pure_pursuit_controller
[49.528s] -- Symlinking: /home/huuhoa/hospital_robot/install/nav2_regulated_pure_pursuit_controller/share/nav2_regulated_pure_pursuit_controller/environment/ament_prefix_path.sh
[49.529s] -- Symlinking: /home/huuhoa/hospital_robot/install/nav2_regulated_pure_pursuit_controller/share/nav2_regulated_pure_pursuit_controller/environment/ament_prefix_path.dsv
[49.543s] -- Symlinking: /home/huuhoa/hospital_robot/install/nav2_regulated_pure_pursuit_controller/share/nav2_regulated_pure_pursuit_controller/environment/path.sh
[49.569s] -- Symlinking: /home/huuhoa/hospital_robot/install/nav2_regulated_pure_pursuit_controller/share/nav2_regulated_pure_pursuit_controller/environment/path.dsv
[49.581s] -- Symlinking: /home/huuhoa/hospital_robot/install/nav2_regulated_pure_pursuit_controller/share/nav2_regulated_pure_pursuit_controller/local_setup.bash
[49.612s] -- Symlinking: /home/huuhoa/hospital_robot/install/nav2_regulated_pure_pursuit_controller/share/nav2_regulated_pure_pursuit_controller/local_setup.sh
[49.620s] -- Symlinking: /home/huuhoa/hospital_robot/install/nav2_regulated_pure_pursuit_controller/share/nav2_regulated_pure_pursuit_controller/local_setup.zsh
[49.637s] -- Symlinking: /home/huuhoa/hospital_robot/install/nav2_regulated_pure_pursuit_controller/share/nav2_regulated_pure_pursuit_controller/local_setup.dsv
[49.654s] -- Symlinking: /home/huuhoa/hospital_robot/install/nav2_regulated_pure_pursuit_controller/share/nav2_regulated_pure_pursuit_controller/package.dsv
[49.670s] -- Symlinking: /home/huuhoa/hospital_robot/install/nav2_regulated_pure_pursuit_controller/share/ament_index/resource_index/packages/nav2_regulated_pure_pursuit_controller
[49.687s] -- Symlinking: /home/huuhoa/hospital_robot/install/nav2_regulated_pure_pursuit_controller/share/ament_index/resource_index/nav2_core__pluginlib__plugin/nav2_regulated_pure_pursuit_controller
[49.715s] -- Symlinking: /home/huuhoa/hospital_robot/install/nav2_regulated_pure_pursuit_controller/share/nav2_regulated_pure_pursuit_controller/cmake/ament_cmake_export_include_directories-extras.cmake
[49.726s] -- Symlinking: /home/huuhoa/hospital_robot/install/nav2_regulated_pure_pursuit_controller/share/nav2_regulated_pure_pursuit_controller/cmake/ament_cmake_export_libraries-extras.cmake
[49.741s] -- Symlinking: /home/huuhoa/hospital_robot/install/nav2_regulated_pure_pursuit_controller/share/nav2_regulated_pure_pursuit_controller/cmake/ament_cmake_export_dependencies-extras.cmake
[49.758s] -- Symlinking: /home/huuhoa/hospital_robot/install/nav2_regulated_pure_pursuit_controller/share/nav2_regulated_pure_pursuit_controller/cmake/nav2_regulated_pure_pursuit_controllerConfig.cmake
[49.775s] -- Symlinking: /home/huuhoa/hospital_robot/install/nav2_regulated_pure_pursuit_controller/share/nav2_regulated_pure_pursuit_controller/cmake/nav2_regulated_pure_pursuit_controllerConfig-version.cmake
[49.792s] -- Symlinking: /home/huuhoa/hospital_robot/install/nav2_regulated_pure_pursuit_controller/share/nav2_regulated_pure_pursuit_controller/package.xml
[49.824s] Invoked command in '/home/huuhoa/hospital_robot/build/nav2_regulated_pure_pursuit_controller' returned '0': AMENT_PREFIX_PATH=/home/huuhoa/hospital_robot/install/nav2_core:/home/huuhoa/hospital_robot/install/nav2_costmap_2d:${AMENT_PREFIX_PATH} CMAKE_PREFIX_PATH=/home/huuhoa/hospital_robot/install/nav2_core:/home/huuhoa/hospital_robot/install/nav2_costmap_2d:/home/huuhoa/hospital_robot/install/nav2_map_server:/home/huuhoa/hospital_robot/install/nav2_lifecycle_manager:/home/huuhoa/hospital_robot/install/nav2_util:/home/huuhoa/hospital_robot/install/nav2_voxel_grid:/home/huuhoa/hospital_robot/install/nav2_msgs:/home/huuhoa/hospital_robot/install/nav2_common:/home/huuhoa/hospital_robot/install/map_msgs:/home/huuhoa/hospital_robot/install/nav_2d_utils:/home/huuhoa/hospital_robot/install/dwb_msgs:/home/huuhoa/hospital_robot/install/nav_2d_msgs:/home/huuhoa/hospital_robot/install/hospital_package:/home/huuhoa/hospital_robot/install/nav2_simple_commander:/opt/ros/humble LD_LIBRARY_PATH=/home/huuhoa/hospital_robot/install/nav2_costmap_2d/lib:/home/huuhoa/hospital_robot/install/nav2_map_server/lib:/home/huuhoa/hospital_robot/install/nav2_lifecycle_manager/lib:/home/huuhoa/hospital_robot/install/nav2_util/lib:/home/huuhoa/hospital_robot/install/nav2_voxel_grid/lib:/home/huuhoa/hospital_robot/install/nav2_msgs/lib:/home/huuhoa/hospital_robot/install/map_msgs/lib:/home/huuhoa/hospital_robot/install/nav_2d_utils/lib:/home/huuhoa/hospital_robot/install/dwb_msgs/lib:/home/huuhoa/hospital_robot/install/nav_2d_msgs/lib:/opt/ros/humble/lib/x86_64-linux-gnu:/opt/ros/humble/lib /usr/bin/cmake --install /home/huuhoa/hospital_robot/build/nav2_regulated_pure_pursuit_controller
