[0.061s] Invoking command in '/home/huuhoa/hospital_robot/build/nav2_common': CMAKE_PREFIX_PATH=${CMAKE_PREFIX_PATH}:/home/huuhoa/hospital_robot/install/nav2_simple_commander:/opt/ros/humble /usr/bin/cmake --build /home/huuhoa/hospital_robot/build/nav2_common -- -j2 -l2
[0.266s] Built target ament_cmake_python_symlink_nav2_common
[0.785s] running egg_info
[0.785s] writing nav2_common.egg-info/PKG-INFO
[0.785s] writing dependency_links to nav2_common.egg-info/dependency_links.txt
[0.785s] writing top-level names to nav2_common.egg-info/top_level.txt
[0.786s] reading manifest file 'nav2_common.egg-info/SOURCES.txt'
[0.786s] writing manifest file 'nav2_common.egg-info/SOURCES.txt'
[0.858s] Built target ament_cmake_python_build_nav2_common_egg
[0.921s] Invoked command in '/home/huuhoa/hospital_robot/build/nav2_common' returned '0': CMAKE_PREFIX_PATH=${CMAKE_PREFIX_PATH}:/home/huuhoa/hospital_robot/install/nav2_simple_commander:/opt/ros/humble /usr/bin/cmake --build /home/huuhoa/hospital_robot/build/nav2_common -- -j2 -l2
[0.976s] Invoking command in '/home/huuhoa/hospital_robot/build/nav2_common': CMAKE_PREFIX_PATH=${CMAKE_PREFIX_PATH}:/home/huuhoa/hospital_robot/install/nav2_simple_commander:/opt/ros/humble /usr/bin/cmake --install /home/huuhoa/hospital_robot/build/nav2_common
[1.007s] -- Install configuration: ""
[1.008s] -- Execute custom install script
[1.012s] -- Up-to-date symlink: /home/huuhoa/hospital_robot/install/nav2_common/share/nav2_common/environment/pythonpath.sh
[1.015s] -- Up-to-date symlink: /home/huuhoa/hospital_robot/install/nav2_common/share/nav2_common/environment/pythonpath.dsv
[1.016s] -- Up-to-date symlink: /home/huuhoa/hospital_robot/install/nav2_common/local/lib/python3.10/dist-packages/nav2_common-1.1.18-py3.10.egg-info/PKG-INFO
[1.019s] -- Up-to-date symlink: /home/huuhoa/hospital_robot/install/nav2_common/local/lib/python3.10/dist-packages/nav2_common-1.1.18-py3.10.egg-info/SOURCES.txt
[1.019s] -- Up-to-date symlink: /home/huuhoa/hospital_robot/install/nav2_common/local/lib/python3.10/dist-packages/nav2_common-1.1.18-py3.10.egg-info/dependency_links.txt
[1.019s] -- Up-to-date symlink: /home/huuhoa/hospital_robot/install/nav2_common/local/lib/python3.10/dist-packages/nav2_common-1.1.18-py3.10.egg-info/top_level.txt
[1.020s] -- Up-to-date symlink: /home/huuhoa/hospital_robot/install/nav2_common/local/lib/python3.10/dist-packages/nav2_common/__init__.py
[1.020s] -- Up-to-date symlink: /home/huuhoa/hospital_robot/install/nav2_common/local/lib/python3.10/dist-packages/nav2_common/launch/__init__.py
[1.020s] -- Up-to-date symlink: /home/huuhoa/hospital_robot/install/nav2_common/local/lib/python3.10/dist-packages/nav2_common/launch/has_node_params.py
[1.021s] -- Up-to-date symlink: /home/huuhoa/hospital_robot/install/nav2_common/local/lib/python3.10/dist-packages/nav2_common/launch/parse_multirobot_pose.py
[1.023s] -- Up-to-date symlink: /home/huuhoa/hospital_robot/install/nav2_common/local/lib/python3.10/dist-packages/nav2_common/launch/replace_string.py
[1.023s] -- Up-to-date symlink: /home/huuhoa/hospital_robot/install/nav2_common/local/lib/python3.10/dist-packages/nav2_common/launch/rewritten_yaml.py
[1.023s] -- Up-to-date symlink: /home/huuhoa/hospital_robot/install/nav2_common/share/ament_index/resource_index/package_run_dependencies/nav2_common
[1.023s] -- Up-to-date symlink: /home/huuhoa/hospital_robot/install/nav2_common/share/ament_index/resource_index/parent_prefix_path/nav2_common
[1.034s] -- Up-to-date symlink: /home/huuhoa/hospital_robot/install/nav2_common/share/nav2_common/environment/ament_prefix_path.sh
[1.034s] -- Up-to-date symlink: /home/huuhoa/hospital_robot/install/nav2_common/share/nav2_common/environment/ament_prefix_path.dsv
[1.034s] -- Up-to-date symlink: /home/huuhoa/hospital_robot/install/nav2_common/share/nav2_common/environment/path.sh
[1.034s] -- Up-to-date symlink: /home/huuhoa/hospital_robot/install/nav2_common/share/nav2_common/environment/path.dsv
[1.034s] -- Up-to-date symlink: /home/huuhoa/hospital_robot/install/nav2_common/share/nav2_common/local_setup.bash
[1.034s] -- Up-to-date symlink: /home/huuhoa/hospital_robot/install/nav2_common/share/nav2_common/local_setup.sh
[1.035s] -- Up-to-date symlink: /home/huuhoa/hospital_robot/install/nav2_common/share/nav2_common/local_setup.zsh
[1.035s] -- Up-to-date symlink: /home/huuhoa/hospital_robot/install/nav2_common/share/nav2_common/local_setup.dsv
[1.035s] -- Symlinking: /home/huuhoa/hospital_robot/install/nav2_common/share/nav2_common/package.dsv
[1.071s] -- Up-to-date symlink: /home/huuhoa/hospital_robot/install/nav2_common/share/ament_index/resource_index/packages/nav2_common
[1.071s] -- Up-to-date symlink: /home/huuhoa/hospital_robot/install/nav2_common/share/nav2_common/cmake/nav2_common-extras.cmake
[1.071s] -- Up-to-date symlink: /home/huuhoa/hospital_robot/install/nav2_common/share/nav2_common/cmake/nav2_commonConfig.cmake
[1.072s] -- Up-to-date symlink: /home/huuhoa/hospital_robot/install/nav2_common/share/nav2_common/cmake/nav2_commonConfig-version.cmake
[1.072s] -- Up-to-date symlink: /home/huuhoa/hospital_robot/install/nav2_common/share/nav2_common/package.xml
[1.073s] -- Up-to-date symlink: /home/huuhoa/hospital_robot/install/nav2_common/share/nav2_common/cmake/nav2_package.cmake
[1.186s] Listing '/home/huuhoa/hospital_robot/install/nav2_common/local/lib/python3.10/dist-packages/nav2_common'...
[1.186s] Listing '/home/huuhoa/hospital_robot/install/nav2_common/local/lib/python3.10/dist-packages/nav2_common/launch'...
[1.198s] Invoked command in '/home/huuhoa/hospital_robot/build/nav2_common' returned '0': CMAKE_PREFIX_PATH=${CMAKE_PREFIX_PATH}:/home/huuhoa/hospital_robot/install/nav2_simple_commander:/opt/ros/humble /usr/bin/cmake --install /home/huuhoa/hospital_robot/build/nav2_common
