[2.091s] Invoking command in '/home/huuhoa/hospital_robot/build/nav2_simple_commander': AMENT_PREFIX_PATH=/home/huuhoa/hospital_robot/install/nav2_msgs:/home/huuhoa/hospital_robot/install/nav2_common:${AMENT_PREFIX_PATH} CMAKE_PREFIX_PATH=/home/huuhoa/hospital_robot/install/nav2_msgs:/home/huuhoa/hospital_robot/install/nav2_common LD_LIBRARY_PATH=/home/huuhoa/hospital_robot/install/nav2_msgs/lib:${LD_LIBRARY_PATH} PYTHONPATH=/home/huuhoa/hospital_robot/build/nav2_simple_commander/prefix_override:/usr/lib/python3/dist-packages/colcon_core/task/python/colcon_distutils_commands:/home/huuhoa/hospital_robot/install/nav2_simple_commander/lib/python3.10/site-packages:/home/huuhoa/hospital_robot/install/nav2_msgs/local/lib/python3.10/dist-packages:/home/huuhoa/hospital_robot/install/nav2_common/local/lib/python3.10/dist-packages:${PYTHONPATH} /usr/bin/python3 -W ignore:setup.py install is deprecated -W ignore:easy_install command is deprecated setup.py develop --editable --build-directory /home/huuhoa/hospital_robot/build/nav2_simple_commander/build --no-deps symlink_data
[2.483s] running develop
[2.733s] running egg_info
[2.733s] writing nav2_simple_commander.egg-info/PKG-INFO
[2.733s] writing dependency_links to nav2_simple_commander.egg-info/dependency_links.txt
[2.733s] writing entry points to nav2_simple_commander.egg-info/entry_points.txt
[2.733s] writing requirements to nav2_simple_commander.egg-info/requires.txt
[2.733s] writing top-level names to nav2_simple_commander.egg-info/top_level.txt
[2.738s] reading manifest file 'nav2_simple_commander.egg-info/SOURCES.txt'
[2.743s] writing manifest file 'nav2_simple_commander.egg-info/SOURCES.txt'
[2.745s] running build_ext
[2.746s] Creating /home/huuhoa/hospital_robot/install/nav2_simple_commander/lib/python3.10/site-packages/nav2-simple-commander.egg-link (link to .)
[2.747s] Installing demo_inspection script to /home/huuhoa/hospital_robot/install/nav2_simple_commander/lib/nav2_simple_commander
[2.747s] Installing demo_picking script to /home/huuhoa/hospital_robot/install/nav2_simple_commander/lib/nav2_simple_commander
[2.747s] Installing demo_recoveries script to /home/huuhoa/hospital_robot/install/nav2_simple_commander/lib/nav2_simple_commander
[2.749s] Installing demo_security script to /home/huuhoa/hospital_robot/install/nav2_simple_commander/lib/nav2_simple_commander
[2.749s] Installing example_assisted_teleop script to /home/huuhoa/hospital_robot/install/nav2_simple_commander/lib/nav2_simple_commander
[2.749s] Installing example_follow_path script to /home/huuhoa/hospital_robot/install/nav2_simple_commander/lib/nav2_simple_commander
[2.749s] Installing example_nav_through_poses script to /home/huuhoa/hospital_robot/install/nav2_simple_commander/lib/nav2_simple_commander
[2.749s] Installing example_nav_to_pose script to /home/huuhoa/hospital_robot/install/nav2_simple_commander/lib/nav2_simple_commander
[2.749s] Installing example_waypoint_follower script to /home/huuhoa/hospital_robot/install/nav2_simple_commander/lib/nav2_simple_commander
[2.749s] 
[2.749s] Installed /home/huuhoa/hospital_robot/build/nav2_simple_commander
[2.749s] running symlink_data
[2.825s] Invoked command in '/home/huuhoa/hospital_robot/build/nav2_simple_commander' returned '0': AMENT_PREFIX_PATH=/home/huuhoa/hospital_robot/install/nav2_msgs:/home/huuhoa/hospital_robot/install/nav2_common:${AMENT_PREFIX_PATH} CMAKE_PREFIX_PATH=/home/huuhoa/hospital_robot/install/nav2_msgs:/home/huuhoa/hospital_robot/install/nav2_common LD_LIBRARY_PATH=/home/huuhoa/hospital_robot/install/nav2_msgs/lib:${LD_LIBRARY_PATH} PYTHONPATH=/home/huuhoa/hospital_robot/build/nav2_simple_commander/prefix_override:/usr/lib/python3/dist-packages/colcon_core/task/python/colcon_distutils_commands:/home/huuhoa/hospital_robot/install/nav2_simple_commander/lib/python3.10/site-packages:/home/huuhoa/hospital_robot/install/nav2_msgs/local/lib/python3.10/dist-packages:/home/huuhoa/hospital_robot/install/nav2_common/local/lib/python3.10/dist-packages:${PYTHONPATH} /usr/bin/python3 -W ignore:setup.py install is deprecated -W ignore:easy_install command is deprecated setup.py develop --editable --build-directory /home/huuhoa/hospital_robot/build/nav2_simple_commander/build --no-deps symlink_data
