[0.042s] Invoking command in '/home/huuhoa/hospital_robot/build/nav_2d_msgs': CMAKE_PREFIX_PATH=/opt/ros/humble /usr/bin/cmake --build /home/huuhoa/hospital_robot/build/nav_2d_msgs -- -j2 -l2
[0.500s] [  1%] Built target nav_2d_msgs__cpp
[0.507s] [ 12%] Built target nav_2d_msgs__rosidl_generator_c
[0.668s] [ 23%] Built target nav_2d_msgs__rosidl_typesupport_cpp
[0.711s] [ 23%] Built target ament_cmake_python_symlink_nav_2d_msgs
[0.874s] [ 35%] Built target nav_2d_msgs__rosidl_typesupport_fastrtps_c
[0.933s] [ 46%] Built target nav_2d_msgs__rosidl_typesupport_fastrtps_cpp
[1.087s] [ 57%] Built target nav_2d_msgs__rosidl_typesupport_c
[1.092s] [ 69%] Built target nav_2d_msgs__rosidl_typesupport_introspection_c
[1.269s] [ 80%] Built target nav_2d_msgs__rosidl_typesupport_introspection_cpp
[1.360s] [ 80%] Built target nav_2d_msgs
[1.455s] [ 81%] Built target nav_2d_msgs__py
[1.555s] [ 91%] Built target nav_2d_msgs__rosidl_generator_py
[1.706s] [ 94%] Built target nav_2d_msgs__rosidl_typesupport_fastrtps_c__pyext
[1.909s] [ 97%] Built target nav_2d_msgs__rosidl_typesupport_introspection_c__pyext
[2.019s] running egg_info
[2.040s] writing nav_2d_msgs.egg-info/PKG-INFO
[2.040s] writing dependency_links to nav_2d_msgs.egg-info/dependency_links.txt
[2.040s] writing top-level names to nav_2d_msgs.egg-info/top_level.txt
[2.081s] reading manifest file 'nav_2d_msgs.egg-info/SOURCES.txt'
[2.081s] writing manifest file 'nav_2d_msgs.egg-info/SOURCES.txt'
[2.126s] [100%] Built target nav_2d_msgs__rosidl_typesupport_c__pyext
[2.189s] [100%] Built target ament_cmake_python_build_nav_2d_msgs_egg
[2.277s] Invoked command in '/home/huuhoa/hospital_robot/build/nav_2d_msgs' returned '0': CMAKE_PREFIX_PATH=/opt/ros/humble /usr/bin/cmake --build /home/huuhoa/hospital_robot/build/nav_2d_msgs -- -j2 -l2
[2.290s] Invoking command in '/home/huuhoa/hospital_robot/build/nav_2d_msgs': CMAKE_PREFIX_PATH=/opt/ros/humble /usr/bin/cmake --install /home/huuhoa/hospital_robot/build/nav_2d_msgs
[2.312s] -- Install configuration: ""
[2.314s] -- Execute custom install script
[2.329s] -- Up-to-date symlink: /home/huuhoa/hospital_robot/install/nav_2d_msgs/share/ament_index/resource_index/rosidl_interfaces/nav_2d_msgs
[2.336s] -- Up-to-date symlink: /home/huuhoa/hospital_robot/install/nav_2d_msgs/include/nav_2d_msgs/nav_2d_msgs/msg/detail/path2_d__functions.h
[2.337s] -- Up-to-date symlink: /home/huuhoa/hospital_robot/install/nav_2d_msgs/include/nav_2d_msgs/nav_2d_msgs/msg/detail/path2_d__struct.h
[2.339s] -- Up-to-date symlink: /home/huuhoa/hospital_robot/install/nav_2d_msgs/include/nav_2d_msgs/nav_2d_msgs/msg/detail/path2_d__type_support.h
[2.344s] -- Up-to-date symlink: /home/huuhoa/hospital_robot/install/nav_2d_msgs/include/nav_2d_msgs/nav_2d_msgs/msg/detail/pose2_d32__functions.h
[2.345s] -- Up-to-date symlink: /home/huuhoa/hospital_robot/install/nav_2d_msgs/include/nav_2d_msgs/nav_2d_msgs/msg/detail/pose2_d32__struct.h
[2.347s] -- Up-to-date symlink: /home/huuhoa/hospital_robot/install/nav_2d_msgs/include/nav_2d_msgs/nav_2d_msgs/msg/detail/pose2_d32__type_support.h
[2.349s] -- Up-to-date symlink: /home/huuhoa/hospital_robot/install/nav_2d_msgs/include/nav_2d_msgs/nav_2d_msgs/msg/detail/pose2_d_stamped__functions.h
[2.357s] -- Up-to-date symlink: /home/huuhoa/hospital_robot/install/nav_2d_msgs/include/nav_2d_msgs/nav_2d_msgs/msg/detail/pose2_d_stamped__struct.h
[2.359s] -- Up-to-date symlink: /home/huuhoa/hospital_robot/install/nav_2d_msgs/include/nav_2d_msgs/nav_2d_msgs/msg/detail/pose2_d_stamped__type_support.h
[2.360s] -- Up-to-date symlink: /home/huuhoa/hospital_robot/install/nav_2d_msgs/include/nav_2d_msgs/nav_2d_msgs/msg/detail/twist2_d32__functions.h
[2.363s] -- Up-to-date symlink: /home/huuhoa/hospital_robot/install/nav_2d_msgs/include/nav_2d_msgs/nav_2d_msgs/msg/detail/twist2_d32__struct.h
[2.366s] -- Up-to-date symlink: /home/huuhoa/hospital_robot/install/nav_2d_msgs/include/nav_2d_msgs/nav_2d_msgs/msg/detail/twist2_d32__type_support.h
[2.369s] -- Up-to-date symlink: /home/huuhoa/hospital_robot/install/nav_2d_msgs/include/nav_2d_msgs/nav_2d_msgs/msg/detail/twist2_d__functions.h
[2.369s] -- Up-to-date symlink: /home/huuhoa/hospital_robot/install/nav_2d_msgs/include/nav_2d_msgs/nav_2d_msgs/msg/detail/twist2_d__struct.h
[2.369s] -- Up-to-date symlink: /home/huuhoa/hospital_robot/install/nav_2d_msgs/include/nav_2d_msgs/nav_2d_msgs/msg/detail/twist2_d__type_support.h
[2.370s] -- Up-to-date symlink: /home/huuhoa/hospital_robot/install/nav_2d_msgs/include/nav_2d_msgs/nav_2d_msgs/msg/detail/twist2_d_stamped__functions.h
[2.370s] -- Up-to-date symlink: /home/huuhoa/hospital_robot/install/nav_2d_msgs/include/nav_2d_msgs/nav_2d_msgs/msg/detail/twist2_d_stamped__struct.h
[2.370s] -- Up-to-date symlink: /home/huuhoa/hospital_robot/install/nav_2d_msgs/include/nav_2d_msgs/nav_2d_msgs/msg/detail/twist2_d_stamped__type_support.h
[2.371s] -- Up-to-date symlink: /home/huuhoa/hospital_robot/install/nav_2d_msgs/include/nav_2d_msgs/nav_2d_msgs/msg/path2_d.h
[2.374s] -- Up-to-date symlink: /home/huuhoa/hospital_robot/install/nav_2d_msgs/include/nav_2d_msgs/nav_2d_msgs/msg/pose2_d32.h
[2.375s] -- Up-to-date symlink: /home/huuhoa/hospital_robot/install/nav_2d_msgs/include/nav_2d_msgs/nav_2d_msgs/msg/pose2_d_stamped.h
[2.377s] -- Up-to-date symlink: /home/huuhoa/hospital_robot/install/nav_2d_msgs/include/nav_2d_msgs/nav_2d_msgs/msg/rosidl_generator_c__visibility_control.h
[2.378s] -- Up-to-date symlink: /home/huuhoa/hospital_robot/install/nav_2d_msgs/include/nav_2d_msgs/nav_2d_msgs/msg/twist2_d.h
[2.381s] -- Up-to-date symlink: /home/huuhoa/hospital_robot/install/nav_2d_msgs/include/nav_2d_msgs/nav_2d_msgs/msg/twist2_d32.h
[2.383s] -- Up-to-date symlink: /home/huuhoa/hospital_robot/install/nav_2d_msgs/include/nav_2d_msgs/nav_2d_msgs/msg/twist2_d_stamped.h
[2.385s] -- Up-to-date symlink: /home/huuhoa/hospital_robot/install/nav_2d_msgs/share/nav_2d_msgs/environment/library_path.sh
[2.387s] -- Up-to-date symlink: /home/huuhoa/hospital_robot/install/nav_2d_msgs/share/nav_2d_msgs/environment/library_path.dsv
[2.392s] -- Up-to-date symlink: /home/huuhoa/hospital_robot/install/nav_2d_msgs/include/nav_2d_msgs/nav_2d_msgs/msg/detail/path2_d__rosidl_typesupport_fastrtps_c.h
[2.393s] -- Up-to-date symlink: /home/huuhoa/hospital_robot/install/nav_2d_msgs/include/nav_2d_msgs/nav_2d_msgs/msg/detail/pose2_d32__rosidl_typesupport_fastrtps_c.h
[2.394s] -- Up-to-date symlink: /home/huuhoa/hospital_robot/install/nav_2d_msgs/include/nav_2d_msgs/nav_2d_msgs/msg/detail/pose2_d_stamped__rosidl_typesupport_fastrtps_c.h
[2.398s] -- Up-to-date symlink: /home/huuhoa/hospital_robot/install/nav_2d_msgs/include/nav_2d_msgs/nav_2d_msgs/msg/detail/twist2_d32__rosidl_typesupport_fastrtps_c.h
[2.398s] -- Up-to-date symlink: /home/huuhoa/hospital_robot/install/nav_2d_msgs/include/nav_2d_msgs/nav_2d_msgs/msg/detail/twist2_d__rosidl_typesupport_fastrtps_c.h
[2.399s] -- Up-to-date symlink: /home/huuhoa/hospital_robot/install/nav_2d_msgs/include/nav_2d_msgs/nav_2d_msgs/msg/detail/twist2_d_stamped__rosidl_typesupport_fastrtps_c.h
[2.400s] -- Up-to-date symlink: /home/huuhoa/hospital_robot/install/nav_2d_msgs/include/nav_2d_msgs/nav_2d_msgs/msg/rosidl_typesupport_fastrtps_c__visibility_control.h
[2.407s] -- Up-to-date symlink: /home/huuhoa/hospital_robot/install/nav_2d_msgs/include/nav_2d_msgs/nav_2d_msgs/msg/detail/path2_d__builder.hpp
[2.409s] -- Up-to-date symlink: /home/huuhoa/hospital_robot/install/nav_2d_msgs/include/nav_2d_msgs/nav_2d_msgs/msg/detail/path2_d__struct.hpp
[2.412s] -- Up-to-date symlink: /home/huuhoa/hospital_robot/install/nav_2d_msgs/include/nav_2d_msgs/nav_2d_msgs/msg/detail/path2_d__traits.hpp
[2.415s] -- Up-to-date symlink: /home/huuhoa/hospital_robot/install/nav_2d_msgs/include/nav_2d_msgs/nav_2d_msgs/msg/detail/path2_d__type_support.hpp
[2.416s] -- Up-to-date symlink: /home/huuhoa/hospital_robot/install/nav_2d_msgs/include/nav_2d_msgs/nav_2d_msgs/msg/detail/pose2_d32__builder.hpp
[2.418s] -- Up-to-date symlink: /home/huuhoa/hospital_robot/install/nav_2d_msgs/include/nav_2d_msgs/nav_2d_msgs/msg/detail/pose2_d32__struct.hpp
[2.420s] -- Up-to-date symlink: /home/huuhoa/hospital_robot/install/nav_2d_msgs/include/nav_2d_msgs/nav_2d_msgs/msg/detail/pose2_d32__traits.hpp
[2.422s] -- Up-to-date symlink: /home/huuhoa/hospital_robot/install/nav_2d_msgs/include/nav_2d_msgs/nav_2d_msgs/msg/detail/pose2_d32__type_support.hpp
[2.423s] -- Up-to-date symlink: /home/huuhoa/hospital_robot/install/nav_2d_msgs/include/nav_2d_msgs/nav_2d_msgs/msg/detail/pose2_d_stamped__builder.hpp
[2.426s] -- Up-to-date symlink: /home/huuhoa/hospital_robot/install/nav_2d_msgs/include/nav_2d_msgs/nav_2d_msgs/msg/detail/pose2_d_stamped__struct.hpp
[2.428s] -- Up-to-date symlink: /home/huuhoa/hospital_robot/install/nav_2d_msgs/include/nav_2d_msgs/nav_2d_msgs/msg/detail/pose2_d_stamped__traits.hpp
[2.428s] -- Up-to-date symlink: /home/huuhoa/hospital_robot/install/nav_2d_msgs/include/nav_2d_msgs/nav_2d_msgs/msg/detail/pose2_d_stamped__type_support.hpp
[2.432s] -- Up-to-date symlink: /home/huuhoa/hospital_robot/install/nav_2d_msgs/include/nav_2d_msgs/nav_2d_msgs/msg/detail/twist2_d32__builder.hpp
[2.434s] -- Up-to-date symlink: /home/huuhoa/hospital_robot/install/nav_2d_msgs/include/nav_2d_msgs/nav_2d_msgs/msg/detail/twist2_d32__struct.hpp
[2.436s] -- Up-to-date symlink: /home/huuhoa/hospital_robot/install/nav_2d_msgs/include/nav_2d_msgs/nav_2d_msgs/msg/detail/twist2_d32__traits.hpp
[2.437s] -- Up-to-date symlink: /home/huuhoa/hospital_robot/install/nav_2d_msgs/include/nav_2d_msgs/nav_2d_msgs/msg/detail/twist2_d32__type_support.hpp
[2.439s] -- Up-to-date symlink: /home/huuhoa/hospital_robot/install/nav_2d_msgs/include/nav_2d_msgs/nav_2d_msgs/msg/detail/twist2_d__builder.hpp
[2.441s] -- Up-to-date symlink: /home/huuhoa/hospital_robot/install/nav_2d_msgs/include/nav_2d_msgs/nav_2d_msgs/msg/detail/twist2_d__struct.hpp
[2.445s] -- Up-to-date symlink: /home/huuhoa/hospital_robot/install/nav_2d_msgs/include/nav_2d_msgs/nav_2d_msgs/msg/detail/twist2_d__traits.hpp
[2.445s] -- Up-to-date symlink: /home/huuhoa/hospital_robot/install/nav_2d_msgs/include/nav_2d_msgs/nav_2d_msgs/msg/detail/twist2_d__type_support.hpp
[2.446s] -- Up-to-date symlink: /home/huuhoa/hospital_robot/install/nav_2d_msgs/include/nav_2d_msgs/nav_2d_msgs/msg/detail/twist2_d_stamped__builder.hpp
[2.448s] -- Up-to-date symlink: /home/huuhoa/hospital_robot/install/nav_2d_msgs/include/nav_2d_msgs/nav_2d_msgs/msg/detail/twist2_d_stamped__struct.hpp
[2.451s] -- Up-to-date symlink: /home/huuhoa/hospital_robot/install/nav_2d_msgs/include/nav_2d_msgs/nav_2d_msgs/msg/detail/twist2_d_stamped__traits.hpp
[2.453s] -- Up-to-date symlink: /home/huuhoa/hospital_robot/install/nav_2d_msgs/include/nav_2d_msgs/nav_2d_msgs/msg/detail/twist2_d_stamped__type_support.hpp
[2.458s] -- Up-to-date symlink: /home/huuhoa/hospital_robot/install/nav_2d_msgs/include/nav_2d_msgs/nav_2d_msgs/msg/path2_d.hpp
[2.459s] -- Up-to-date symlink: /home/huuhoa/hospital_robot/install/nav_2d_msgs/include/nav_2d_msgs/nav_2d_msgs/msg/pose2_d32.hpp
[2.459s] -- Up-to-date symlink: /home/huuhoa/hospital_robot/install/nav_2d_msgs/include/nav_2d_msgs/nav_2d_msgs/msg/pose2_d_stamped.hpp
[2.463s] -- Up-to-date symlink: /home/huuhoa/hospital_robot/install/nav_2d_msgs/include/nav_2d_msgs/nav_2d_msgs/msg/rosidl_generator_cpp__visibility_control.hpp
[2.463s] -- Up-to-date symlink: /home/huuhoa/hospital_robot/install/nav_2d_msgs/include/nav_2d_msgs/nav_2d_msgs/msg/twist2_d.hpp
[2.470s] -- Up-to-date symlink: /home/huuhoa/hospital_robot/install/nav_2d_msgs/include/nav_2d_msgs/nav_2d_msgs/msg/twist2_d32.hpp
[2.471s] -- Up-to-date symlink: /home/huuhoa/hospital_robot/install/nav_2d_msgs/include/nav_2d_msgs/nav_2d_msgs/msg/twist2_d_stamped.hpp
[2.471s] -- Up-to-date symlink: /home/huuhoa/hospital_robot/install/nav_2d_msgs/include/nav_2d_msgs/nav_2d_msgs/msg/detail/path2_d__rosidl_typesupport_fastrtps_cpp.hpp
[2.474s] -- Up-to-date symlink: /home/huuhoa/hospital_robot/install/nav_2d_msgs/include/nav_2d_msgs/nav_2d_msgs/msg/detail/pose2_d32__rosidl_typesupport_fastrtps_cpp.hpp
[2.475s] -- Up-to-date symlink: /home/huuhoa/hospital_robot/install/nav_2d_msgs/include/nav_2d_msgs/nav_2d_msgs/msg/detail/pose2_d_stamped__rosidl_typesupport_fastrtps_cpp.hpp
[2.478s] -- Up-to-date symlink: /home/huuhoa/hospital_robot/install/nav_2d_msgs/include/nav_2d_msgs/nav_2d_msgs/msg/detail/twist2_d32__rosidl_typesupport_fastrtps_cpp.hpp
[2.479s] -- Up-to-date symlink: /home/huuhoa/hospital_robot/install/nav_2d_msgs/include/nav_2d_msgs/nav_2d_msgs/msg/detail/twist2_d__rosidl_typesupport_fastrtps_cpp.hpp
[2.481s] -- Up-to-date symlink: /home/huuhoa/hospital_robot/install/nav_2d_msgs/include/nav_2d_msgs/nav_2d_msgs/msg/detail/twist2_d_stamped__rosidl_typesupport_fastrtps_cpp.hpp
[2.482s] -- Up-to-date symlink: /home/huuhoa/hospital_robot/install/nav_2d_msgs/include/nav_2d_msgs/nav_2d_msgs/msg/rosidl_typesupport_fastrtps_cpp__visibility_control.h
[2.484s] -- Up-to-date symlink: /home/huuhoa/hospital_robot/install/nav_2d_msgs/include/nav_2d_msgs/nav_2d_msgs/msg/detail/path2_d__rosidl_typesupport_introspection_c.h
[2.486s] -- Up-to-date symlink: /home/huuhoa/hospital_robot/install/nav_2d_msgs/include/nav_2d_msgs/nav_2d_msgs/msg/detail/pose2_d32__rosidl_typesupport_introspection_c.h
[2.488s] -- Up-to-date symlink: /home/huuhoa/hospital_robot/install/nav_2d_msgs/include/nav_2d_msgs/nav_2d_msgs/msg/detail/pose2_d_stamped__rosidl_typesupport_introspection_c.h
[2.489s] -- Up-to-date symlink: /home/huuhoa/hospital_robot/install/nav_2d_msgs/include/nav_2d_msgs/nav_2d_msgs/msg/detail/twist2_d32__rosidl_typesupport_introspection_c.h
[2.491s] -- Up-to-date symlink: /home/huuhoa/hospital_robot/install/nav_2d_msgs/include/nav_2d_msgs/nav_2d_msgs/msg/detail/twist2_d__rosidl_typesupport_introspection_c.h
[2.492s] -- Up-to-date symlink: /home/huuhoa/hospital_robot/install/nav_2d_msgs/include/nav_2d_msgs/nav_2d_msgs/msg/detail/twist2_d_stamped__rosidl_typesupport_introspection_c.h
[2.493s] -- Up-to-date symlink: /home/huuhoa/hospital_robot/install/nav_2d_msgs/include/nav_2d_msgs/nav_2d_msgs/msg/rosidl_typesupport_introspection_c__visibility_control.h
[2.496s] -- Up-to-date symlink: /home/huuhoa/hospital_robot/install/nav_2d_msgs/include/nav_2d_msgs/nav_2d_msgs/msg/detail/path2_d__rosidl_typesupport_introspection_cpp.hpp
[2.497s] -- Up-to-date symlink: /home/huuhoa/hospital_robot/install/nav_2d_msgs/include/nav_2d_msgs/nav_2d_msgs/msg/detail/pose2_d32__rosidl_typesupport_introspection_cpp.hpp
[2.499s] -- Up-to-date symlink: /home/huuhoa/hospital_robot/install/nav_2d_msgs/include/nav_2d_msgs/nav_2d_msgs/msg/detail/pose2_d_stamped__rosidl_typesupport_introspection_cpp.hpp
[2.501s] -- Up-to-date symlink: /home/huuhoa/hospital_robot/install/nav_2d_msgs/include/nav_2d_msgs/nav_2d_msgs/msg/detail/twist2_d32__rosidl_typesupport_introspection_cpp.hpp
[2.503s] -- Up-to-date symlink: /home/huuhoa/hospital_robot/install/nav_2d_msgs/include/nav_2d_msgs/nav_2d_msgs/msg/detail/twist2_d__rosidl_typesupport_introspection_cpp.hpp
[2.504s] -- Up-to-date symlink: /home/huuhoa/hospital_robot/install/nav_2d_msgs/include/nav_2d_msgs/nav_2d_msgs/msg/detail/twist2_d_stamped__rosidl_typesupport_introspection_cpp.hpp
[2.506s] -- Up-to-date symlink: /home/huuhoa/hospital_robot/install/nav_2d_msgs/share/nav_2d_msgs/environment/pythonpath.sh
[2.508s] -- Up-to-date symlink: /home/huuhoa/hospital_robot/install/nav_2d_msgs/share/nav_2d_msgs/environment/pythonpath.dsv
[2.517s] -- Up-to-date symlink: /home/huuhoa/hospital_robot/install/nav_2d_msgs/local/lib/python3.10/dist-packages/nav_2d_msgs-1.1.18-py3.10.egg-info/PKG-INFO
[2.518s] -- Up-to-date symlink: /home/huuhoa/hospital_robot/install/nav_2d_msgs/local/lib/python3.10/dist-packages/nav_2d_msgs-1.1.18-py3.10.egg-info/SOURCES.txt
[2.519s] -- Up-to-date symlink: /home/huuhoa/hospital_robot/install/nav_2d_msgs/local/lib/python3.10/dist-packages/nav_2d_msgs-1.1.18-py3.10.egg-info/dependency_links.txt
[2.523s] -- Up-to-date symlink: /home/huuhoa/hospital_robot/install/nav_2d_msgs/local/lib/python3.10/dist-packages/nav_2d_msgs-1.1.18-py3.10.egg-info/top_level.txt
[2.527s] -- Up-to-date symlink: /home/huuhoa/hospital_robot/install/nav_2d_msgs/local/lib/python3.10/dist-packages/nav_2d_msgs/__init__.py
[2.528s] -- Up-to-date symlink: /home/huuhoa/hospital_robot/install/nav_2d_msgs/local/lib/python3.10/dist-packages/nav_2d_msgs/_nav_2d_msgs_s.ep.rosidl_typesupport_c.c
[2.530s] -- Up-to-date symlink: /home/huuhoa/hospital_robot/install/nav_2d_msgs/local/lib/python3.10/dist-packages/nav_2d_msgs/_nav_2d_msgs_s.ep.rosidl_typesupport_fastrtps_c.c
[2.530s] -- Up-to-date symlink: /home/huuhoa/hospital_robot/install/nav_2d_msgs/local/lib/python3.10/dist-packages/nav_2d_msgs/_nav_2d_msgs_s.ep.rosidl_typesupport_introspection_c.c
[2.532s] -- Up-to-date symlink: /home/huuhoa/hospital_robot/install/nav_2d_msgs/local/lib/python3.10/dist-packages/nav_2d_msgs/libnav_2d_msgs__rosidl_generator_py.so
[2.534s] -- Up-to-date symlink: /home/huuhoa/hospital_robot/install/nav_2d_msgs/local/lib/python3.10/dist-packages/nav_2d_msgs/msg/__init__.py
[2.536s] -- Up-to-date symlink: /home/huuhoa/hospital_robot/install/nav_2d_msgs/local/lib/python3.10/dist-packages/nav_2d_msgs/msg/_path2_d.py
[2.537s] -- Up-to-date symlink: /home/huuhoa/hospital_robot/install/nav_2d_msgs/local/lib/python3.10/dist-packages/nav_2d_msgs/msg/_path2_d_s.c
[2.538s] -- Up-to-date symlink: /home/huuhoa/hospital_robot/install/nav_2d_msgs/local/lib/python3.10/dist-packages/nav_2d_msgs/msg/_pose2_d32.py
[2.540s] -- Up-to-date symlink: /home/huuhoa/hospital_robot/install/nav_2d_msgs/local/lib/python3.10/dist-packages/nav_2d_msgs/msg/_pose2_d32_s.c
[2.545s] -- Up-to-date symlink: /home/huuhoa/hospital_robot/install/nav_2d_msgs/local/lib/python3.10/dist-packages/nav_2d_msgs/msg/_pose2_d_stamped.py
[2.550s] -- Up-to-date symlink: /home/huuhoa/hospital_robot/install/nav_2d_msgs/local/lib/python3.10/dist-packages/nav_2d_msgs/msg/_pose2_d_stamped_s.c
[2.550s] -- Up-to-date symlink: /home/huuhoa/hospital_robot/install/nav_2d_msgs/local/lib/python3.10/dist-packages/nav_2d_msgs/msg/_twist2_d.py
[2.553s] -- Up-to-date symlink: /home/huuhoa/hospital_robot/install/nav_2d_msgs/local/lib/python3.10/dist-packages/nav_2d_msgs/msg/_twist2_d32.py
[2.556s] -- Up-to-date symlink: /home/huuhoa/hospital_robot/install/nav_2d_msgs/local/lib/python3.10/dist-packages/nav_2d_msgs/msg/_twist2_d32_s.c
[2.558s] -- Up-to-date symlink: /home/huuhoa/hospital_robot/install/nav_2d_msgs/local/lib/python3.10/dist-packages/nav_2d_msgs/msg/_twist2_d_s.c
[2.559s] -- Up-to-date symlink: /home/huuhoa/hospital_robot/install/nav_2d_msgs/local/lib/python3.10/dist-packages/nav_2d_msgs/msg/_twist2_d_stamped.py
[2.560s] -- Up-to-date symlink: /home/huuhoa/hospital_robot/install/nav_2d_msgs/local/lib/python3.10/dist-packages/nav_2d_msgs/msg/_twist2_d_stamped_s.c
[2.562s] -- Up-to-date symlink: /home/huuhoa/hospital_robot/install/nav_2d_msgs/local/lib/python3.10/dist-packages/nav_2d_msgs/nav_2d_msgs_s__rosidl_typesupport_c.cpython-310-x86_64-linux-gnu.so
[2.563s] -- Up-to-date symlink: /home/huuhoa/hospital_robot/install/nav_2d_msgs/local/lib/python3.10/dist-packages/nav_2d_msgs/nav_2d_msgs_s__rosidl_typesupport_fastrtps_c.cpython-310-x86_64-linux-gnu.so
[2.566s] -- Up-to-date symlink: /home/huuhoa/hospital_robot/install/nav_2d_msgs/local/lib/python3.10/dist-packages/nav_2d_msgs/nav_2d_msgs_s__rosidl_typesupport_introspection_c.cpython-310-x86_64-linux-gnu.so
[2.568s] -- Up-to-date symlink: /home/huuhoa/hospital_robot/install/nav_2d_msgs/local/lib/python3.10/dist-packages/nav_2d_msgs/nav_2d_msgs_s__rosidl_typesupport_fastrtps_c.cpython-310-x86_64-linux-gnu.so
[2.571s] -- Up-to-date symlink: /home/huuhoa/hospital_robot/install/nav_2d_msgs/local/lib/python3.10/dist-packages/nav_2d_msgs/nav_2d_msgs_s__rosidl_typesupport_introspection_c.cpython-310-x86_64-linux-gnu.so
[2.576s] -- Up-to-date symlink: /home/huuhoa/hospital_robot/install/nav_2d_msgs/local/lib/python3.10/dist-packages/nav_2d_msgs/nav_2d_msgs_s__rosidl_typesupport_c.cpython-310-x86_64-linux-gnu.so
[2.580s] -- Up-to-date symlink: /home/huuhoa/hospital_robot/install/nav_2d_msgs/share/nav_2d_msgs/msg/Path2D.idl
[2.581s] -- Up-to-date symlink: /home/huuhoa/hospital_robot/install/nav_2d_msgs/share/nav_2d_msgs/msg/Pose2D32.idl
[2.582s] -- Up-to-date symlink: /home/huuhoa/hospital_robot/install/nav_2d_msgs/share/nav_2d_msgs/msg/Pose2DStamped.idl
[2.584s] -- Up-to-date symlink: /home/huuhoa/hospital_robot/install/nav_2d_msgs/share/nav_2d_msgs/msg/Twist2D.idl
[2.585s] -- Up-to-date symlink: /home/huuhoa/hospital_robot/install/nav_2d_msgs/share/nav_2d_msgs/msg/Twist2D32.idl
[2.588s] -- Up-to-date symlink: /home/huuhoa/hospital_robot/install/nav_2d_msgs/share/nav_2d_msgs/msg/Twist2DStamped.idl
[2.599s] -- Up-to-date symlink: /home/huuhoa/hospital_robot/install/nav_2d_msgs/share/nav_2d_msgs/msg/Path2D.msg
[2.599s] -- Up-to-date symlink: /home/huuhoa/hospital_robot/install/nav_2d_msgs/share/nav_2d_msgs/msg/Pose2D32.msg
[2.600s] -- Up-to-date symlink: /home/huuhoa/hospital_robot/install/nav_2d_msgs/share/nav_2d_msgs/msg/Pose2DStamped.msg
[2.600s] -- Up-to-date symlink: /home/huuhoa/hospital_robot/install/nav_2d_msgs/share/nav_2d_msgs/msg/Twist2D.msg
[2.601s] -- Up-to-date symlink: /home/huuhoa/hospital_robot/install/nav_2d_msgs/share/nav_2d_msgs/msg/Twist2D32.msg
[2.601s] -- Up-to-date symlink: /home/huuhoa/hospital_robot/install/nav_2d_msgs/share/nav_2d_msgs/msg/Twist2DStamped.msg
[2.605s] -- Up-to-date symlink: /home/huuhoa/hospital_robot/install/nav_2d_msgs/share/ament_index/resource_index/package_run_dependencies/nav_2d_msgs
[2.612s] -- Up-to-date symlink: /home/huuhoa/hospital_robot/install/nav_2d_msgs/share/ament_index/resource_index/parent_prefix_path/nav_2d_msgs
[2.612s] -- Up-to-date symlink: /home/huuhoa/hospital_robot/install/nav_2d_msgs/share/nav_2d_msgs/environment/ament_prefix_path.sh
[2.615s] -- Up-to-date symlink: /home/huuhoa/hospital_robot/install/nav_2d_msgs/share/nav_2d_msgs/environment/ament_prefix_path.dsv
[2.616s] -- Up-to-date symlink: /home/huuhoa/hospital_robot/install/nav_2d_msgs/share/nav_2d_msgs/environment/path.sh
[2.620s] -- Up-to-date symlink: /home/huuhoa/hospital_robot/install/nav_2d_msgs/share/nav_2d_msgs/environment/path.dsv
[2.620s] -- Up-to-date symlink: /home/huuhoa/hospital_robot/install/nav_2d_msgs/share/nav_2d_msgs/local_setup.bash
[2.620s] -- Up-to-date symlink: /home/huuhoa/hospital_robot/install/nav_2d_msgs/share/nav_2d_msgs/local_setup.sh
[2.626s] -- Up-to-date symlink: /home/huuhoa/hospital_robot/install/nav_2d_msgs/share/nav_2d_msgs/local_setup.zsh
[2.626s] -- Up-to-date symlink: /home/huuhoa/hospital_robot/install/nav_2d_msgs/share/nav_2d_msgs/local_setup.dsv
[2.626s] -- Symlinking: /home/huuhoa/hospital_robot/install/nav_2d_msgs/share/nav_2d_msgs/package.dsv
[2.662s] -- Up-to-date symlink: /home/huuhoa/hospital_robot/install/nav_2d_msgs/share/ament_index/resource_index/packages/nav_2d_msgs
[2.667s] -- Up-to-date symlink: /home/huuhoa/hospital_robot/install/nav_2d_msgs/share/nav_2d_msgs/cmake/rosidl_cmake-extras.cmake
[2.675s] -- Up-to-date symlink: /home/huuhoa/hospital_robot/install/nav_2d_msgs/share/nav_2d_msgs/cmake/ament_cmake_export_dependencies-extras.cmake
[2.677s] -- Up-to-date symlink: /home/huuhoa/hospital_robot/install/nav_2d_msgs/share/nav_2d_msgs/cmake/ament_cmake_export_include_directories-extras.cmake
[2.678s] -- Up-to-date symlink: /home/huuhoa/hospital_robot/install/nav_2d_msgs/share/nav_2d_msgs/cmake/ament_cmake_export_libraries-extras.cmake
[2.679s] -- Up-to-date symlink: /home/huuhoa/hospital_robot/install/nav_2d_msgs/share/nav_2d_msgs/cmake/ament_cmake_export_targets-extras.cmake
[2.682s] -- Up-to-date symlink: /home/huuhoa/hospital_robot/install/nav_2d_msgs/share/nav_2d_msgs/cmake/rosidl_cmake_export_typesupport_targets-extras.cmake
[2.684s] -- Up-to-date symlink: /home/huuhoa/hospital_robot/install/nav_2d_msgs/share/nav_2d_msgs/cmake/rosidl_cmake_export_typesupport_libraries-extras.cmake
[2.686s] -- Up-to-date symlink: /home/huuhoa/hospital_robot/install/nav_2d_msgs/share/nav_2d_msgs/cmake/nav_2d_msgsConfig.cmake
[2.689s] -- Up-to-date symlink: /home/huuhoa/hospital_robot/install/nav_2d_msgs/share/nav_2d_msgs/cmake/nav_2d_msgsConfig-version.cmake
[2.692s] -- Up-to-date symlink: /home/huuhoa/hospital_robot/install/nav_2d_msgs/share/nav_2d_msgs/package.xml
[2.701s] -- Up-to-date: /home/huuhoa/hospital_robot/install/nav_2d_msgs/lib/libnav_2d_msgs__rosidl_generator_c.so
[2.703s] -- Up-to-date: /home/huuhoa/hospital_robot/install/nav_2d_msgs/lib/libnav_2d_msgs__rosidl_typesupport_fastrtps_c.so
[2.716s] -- Up-to-date: /home/huuhoa/hospital_robot/install/nav_2d_msgs/lib/libnav_2d_msgs__rosidl_typesupport_fastrtps_cpp.so
[2.722s] -- Up-to-date: /home/huuhoa/hospital_robot/install/nav_2d_msgs/lib/libnav_2d_msgs__rosidl_typesupport_introspection_c.so
[2.726s] -- Up-to-date: /home/huuhoa/hospital_robot/install/nav_2d_msgs/lib/libnav_2d_msgs__rosidl_typesupport_c.so
[2.732s] -- Up-to-date: /home/huuhoa/hospital_robot/install/nav_2d_msgs/lib/libnav_2d_msgs__rosidl_typesupport_introspection_cpp.so
[2.738s] -- Up-to-date: /home/huuhoa/hospital_robot/install/nav_2d_msgs/lib/libnav_2d_msgs__rosidl_typesupport_cpp.so
[2.836s] Listing '/home/huuhoa/hospital_robot/install/nav_2d_msgs/local/lib/python3.10/dist-packages/nav_2d_msgs'...
[2.836s] Listing '/home/huuhoa/hospital_robot/install/nav_2d_msgs/local/lib/python3.10/dist-packages/nav_2d_msgs/msg'...
[2.840s] -- Up-to-date: /home/huuhoa/hospital_robot/install/nav_2d_msgs/lib/libnav_2d_msgs__rosidl_generator_py.so
[2.847s] -- Up-to-date: /home/huuhoa/hospital_robot/install/nav_2d_msgs/share/nav_2d_msgs/cmake/export_nav_2d_msgs__rosidl_generator_cExport.cmake
[2.849s] -- Up-to-date: /home/huuhoa/hospital_robot/install/nav_2d_msgs/share/nav_2d_msgs/cmake/export_nav_2d_msgs__rosidl_generator_cExport-noconfig.cmake
[2.853s] -- Up-to-date: /home/huuhoa/hospital_robot/install/nav_2d_msgs/share/nav_2d_msgs/cmake/export_nav_2d_msgs__rosidl_typesupport_fastrtps_cExport.cmake
[2.853s] -- Up-to-date: /home/huuhoa/hospital_robot/install/nav_2d_msgs/share/nav_2d_msgs/cmake/export_nav_2d_msgs__rosidl_typesupport_fastrtps_cExport-noconfig.cmake
[2.861s] -- Up-to-date: /home/huuhoa/hospital_robot/install/nav_2d_msgs/share/nav_2d_msgs/cmake/export_nav_2d_msgs__rosidl_generator_cppExport.cmake
[2.867s] -- Up-to-date: /home/huuhoa/hospital_robot/install/nav_2d_msgs/share/nav_2d_msgs/cmake/export_nav_2d_msgs__rosidl_typesupport_fastrtps_cppExport.cmake
[2.868s] -- Up-to-date: /home/huuhoa/hospital_robot/install/nav_2d_msgs/share/nav_2d_msgs/cmake/export_nav_2d_msgs__rosidl_typesupport_fastrtps_cppExport-noconfig.cmake
[2.874s] -- Up-to-date: /home/huuhoa/hospital_robot/install/nav_2d_msgs/share/nav_2d_msgs/cmake/nav_2d_msgs__rosidl_typesupport_introspection_cExport.cmake
[2.875s] -- Up-to-date: /home/huuhoa/hospital_robot/install/nav_2d_msgs/share/nav_2d_msgs/cmake/nav_2d_msgs__rosidl_typesupport_introspection_cExport-noconfig.cmake
[2.881s] -- Up-to-date: /home/huuhoa/hospital_robot/install/nav_2d_msgs/share/nav_2d_msgs/cmake/nav_2d_msgs__rosidl_typesupport_cExport.cmake
[2.881s] -- Up-to-date: /home/huuhoa/hospital_robot/install/nav_2d_msgs/share/nav_2d_msgs/cmake/nav_2d_msgs__rosidl_typesupport_cExport-noconfig.cmake
[2.884s] -- Up-to-date: /home/huuhoa/hospital_robot/install/nav_2d_msgs/share/nav_2d_msgs/cmake/nav_2d_msgs__rosidl_typesupport_introspection_cppExport.cmake
[2.884s] -- Up-to-date: /home/huuhoa/hospital_robot/install/nav_2d_msgs/share/nav_2d_msgs/cmake/nav_2d_msgs__rosidl_typesupport_introspection_cppExport-noconfig.cmake
[2.886s] -- Up-to-date: /home/huuhoa/hospital_robot/install/nav_2d_msgs/share/nav_2d_msgs/cmake/nav_2d_msgs__rosidl_typesupport_cppExport.cmake
[2.887s] -- Up-to-date: /home/huuhoa/hospital_robot/install/nav_2d_msgs/share/nav_2d_msgs/cmake/nav_2d_msgs__rosidl_typesupport_cppExport-noconfig.cmake
[2.891s] -- Up-to-date: /home/huuhoa/hospital_robot/install/nav_2d_msgs/share/nav_2d_msgs/cmake/export_nav_2d_msgs__rosidl_generator_pyExport.cmake
[2.891s] -- Up-to-date: /home/huuhoa/hospital_robot/install/nav_2d_msgs/share/nav_2d_msgs/cmake/export_nav_2d_msgs__rosidl_generator_pyExport-noconfig.cmake
[2.901s] Invoked command in '/home/huuhoa/hospital_robot/build/nav_2d_msgs' returned '0': CMAKE_PREFIX_PATH=/opt/ros/humble /usr/bin/cmake --install /home/huuhoa/hospital_robot/build/nav_2d_msgs
