[0.080s] Invoking command in '/home/huuhoa/hospital_robot/build/nav2_planner': AMENT_PREFIX_PATH=/home/huuhoa/hospital_robot/install/nav2_core:/home/huuhoa/hospital_robot/install/nav2_costmap_2d:/home/huuhoa/hospital_robot/install/nav2_map_server:/home/huuhoa/hospital_robot/install/nav2_lifecycle_manager:/home/huuhoa/hospital_robot/install/nav2_util:/home/huuhoa/hospital_robot/install/nav2_voxel_grid:/home/huuhoa/hospital_robot/install/nav2_msgs:/home/huuhoa/hospital_robot/install/nav2_common:/home/huuhoa/hospital_robot/install/map_msgs:${AMENT_PREFIX_PATH} CMAKE_PREFIX_PATH=/home/huuhoa/hospital_robot/install/nav2_core:/home/huuhoa/hospital_robot/install/nav2_costmap_2d:/home/huuhoa/hospital_robot/install/nav2_map_server:/home/huuhoa/hospital_robot/install/nav2_lifecycle_manager:/home/huuhoa/hospital_robot/install/nav2_util:/home/huuhoa/hospital_robot/install/nav2_voxel_grid:/home/huuhoa/hospital_robot/install/nav2_msgs:/home/huuhoa/hospital_robot/install/nav2_common:/home/huuhoa/hospital_robot/install/map_msgs:/opt/ros/humble LD_LIBRARY_PATH=/home/huuhoa/hospital_robot/install/nav2_costmap_2d/lib:/home/huuhoa/hospital_robot/install/nav2_map_server/lib:/home/huuhoa/hospital_robot/install/nav2_lifecycle_manager/lib:/home/huuhoa/hospital_robot/install/nav2_util/lib:/home/huuhoa/hospital_robot/install/nav2_voxel_grid/lib:/home/huuhoa/hospital_robot/install/nav2_msgs/lib:/home/huuhoa/hospital_robot/install/map_msgs/lib:${LD_LIBRARY_PATH} PYTHONPATH=/home/huuhoa/hospital_robot/install/nav2_msgs/local/lib/python3.10/dist-packages:/home/huuhoa/hospital_robot/install/nav2_common/local/lib/python3.10/dist-packages:/home/huuhoa/hospital_robot/install/map_msgs/local/lib/python3.10/dist-packages:${PYTHONPATH} /usr/bin/cmake --build /home/huuhoa/hospital_robot/build/nav2_planner -- -j2 -l2
[0.176s] [35m[1mConsolidate compiler generated dependencies of target planner_server_core[0m
[0.197s] [35m[1mConsolidate compiler generated dependencies of target gtest_main[0m
[0.231s] [ 20%] Built target planner_server_core
[0.234s] [ 40%] Built target gtest_main
[0.262s] [35m[1mConsolidate compiler generated dependencies of target planner_server[0m
[0.280s] [35m[1mConsolidate compiler generated dependencies of target gtest[0m
[0.323s] [ 60%] Built target planner_server
[0.330s] [ 80%] Built target gtest
[0.375s] [35m[1mConsolidate compiler generated dependencies of target test_dynamic_parameters[0m
[0.433s] [100%] Built target test_dynamic_parameters
[0.451s] Invoked command in '/home/huuhoa/hospital_robot/build/nav2_planner' returned '0': AMENT_PREFIX_PATH=/home/huuhoa/hospital_robot/install/nav2_core:/home/huuhoa/hospital_robot/install/nav2_costmap_2d:/home/huuhoa/hospital_robot/install/nav2_map_server:/home/huuhoa/hospital_robot/install/nav2_lifecycle_manager:/home/huuhoa/hospital_robot/install/nav2_util:/home/huuhoa/hospital_robot/install/nav2_voxel_grid:/home/huuhoa/hospital_robot/install/nav2_msgs:/home/huuhoa/hospital_robot/install/nav2_common:/home/huuhoa/hospital_robot/install/map_msgs:${AMENT_PREFIX_PATH} CMAKE_PREFIX_PATH=/home/huuhoa/hospital_robot/install/nav2_core:/home/huuhoa/hospital_robot/install/nav2_costmap_2d:/home/huuhoa/hospital_robot/install/nav2_map_server:/home/huuhoa/hospital_robot/install/nav2_lifecycle_manager:/home/huuhoa/hospital_robot/install/nav2_util:/home/huuhoa/hospital_robot/install/nav2_voxel_grid:/home/huuhoa/hospital_robot/install/nav2_msgs:/home/huuhoa/hospital_robot/install/nav2_common:/home/huuhoa/hospital_robot/install/map_msgs:/opt/ros/humble LD_LIBRARY_PATH=/home/huuhoa/hospital_robot/install/nav2_costmap_2d/lib:/home/huuhoa/hospital_robot/install/nav2_map_server/lib:/home/huuhoa/hospital_robot/install/nav2_lifecycle_manager/lib:/home/huuhoa/hospital_robot/install/nav2_util/lib:/home/huuhoa/hospital_robot/install/nav2_voxel_grid/lib:/home/huuhoa/hospital_robot/install/nav2_msgs/lib:/home/huuhoa/hospital_robot/install/map_msgs/lib:${LD_LIBRARY_PATH} PYTHONPATH=/home/huuhoa/hospital_robot/install/nav2_msgs/local/lib/python3.10/dist-packages:/home/huuhoa/hospital_robot/install/nav2_common/local/lib/python3.10/dist-packages:/home/huuhoa/hospital_robot/install/map_msgs/local/lib/python3.10/dist-packages:${PYTHONPATH} /usr/bin/cmake --build /home/huuhoa/hospital_robot/build/nav2_planner -- -j2 -l2
[0.458s] Invoking command in '/home/huuhoa/hospital_robot/build/nav2_planner': AMENT_PREFIX_PATH=/home/huuhoa/hospital_robot/install/nav2_core:/home/huuhoa/hospital_robot/install/nav2_costmap_2d:/home/huuhoa/hospital_robot/install/nav2_map_server:/home/huuhoa/hospital_robot/install/nav2_lifecycle_manager:/home/huuhoa/hospital_robot/install/nav2_util:/home/huuhoa/hospital_robot/install/nav2_voxel_grid:/home/huuhoa/hospital_robot/install/nav2_msgs:/home/huuhoa/hospital_robot/install/nav2_common:/home/huuhoa/hospital_robot/install/map_msgs:${AMENT_PREFIX_PATH} CMAKE_PREFIX_PATH=/home/huuhoa/hospital_robot/install/nav2_core:/home/huuhoa/hospital_robot/install/nav2_costmap_2d:/home/huuhoa/hospital_robot/install/nav2_map_server:/home/huuhoa/hospital_robot/install/nav2_lifecycle_manager:/home/huuhoa/hospital_robot/install/nav2_util:/home/huuhoa/hospital_robot/install/nav2_voxel_grid:/home/huuhoa/hospital_robot/install/nav2_msgs:/home/huuhoa/hospital_robot/install/nav2_common:/home/huuhoa/hospital_robot/install/map_msgs:/opt/ros/humble LD_LIBRARY_PATH=/home/huuhoa/hospital_robot/install/nav2_costmap_2d/lib:/home/huuhoa/hospital_robot/install/nav2_map_server/lib:/home/huuhoa/hospital_robot/install/nav2_lifecycle_manager/lib:/home/huuhoa/hospital_robot/install/nav2_util/lib:/home/huuhoa/hospital_robot/install/nav2_voxel_grid/lib:/home/huuhoa/hospital_robot/install/nav2_msgs/lib:/home/huuhoa/hospital_robot/install/map_msgs/lib:${LD_LIBRARY_PATH} PYTHONPATH=/home/huuhoa/hospital_robot/install/nav2_msgs/local/lib/python3.10/dist-packages:/home/huuhoa/hospital_robot/install/nav2_common/local/lib/python3.10/dist-packages:/home/huuhoa/hospital_robot/install/map_msgs/local/lib/python3.10/dist-packages:${PYTHONPATH} /usr/bin/cmake --install /home/huuhoa/hospital_robot/build/nav2_planner
[0.467s] -- Install configuration: "Release"
[0.471s] -- Execute custom install script
[0.471s] -- Up-to-date symlink: /home/huuhoa/hospital_robot/install/nav2_planner/lib/libplanner_server_core.so
[0.473s] -- Up-to-date symlink: /home/huuhoa/hospital_robot/install/nav2_planner/lib/nav2_planner/planner_server
[0.476s] -- Up-to-date symlink: /home/huuhoa/hospital_robot/install/nav2_planner/include//nav2_planner/planner_server.hpp
[0.477s] -- Up-to-date symlink: /home/huuhoa/hospital_robot/install/nav2_planner/share/nav2_planner/environment/library_path.sh
[0.478s] -- Up-to-date symlink: /home/huuhoa/hospital_robot/install/nav2_planner/share/nav2_planner/environment/library_path.dsv
[0.481s] -- Up-to-date symlink: /home/huuhoa/hospital_robot/install/nav2_planner/share/ament_index/resource_index/package_run_dependencies/nav2_planner
[0.482s] -- Up-to-date symlink: /home/huuhoa/hospital_robot/install/nav2_planner/share/ament_index/resource_index/parent_prefix_path/nav2_planner
[0.483s] -- Up-to-date symlink: /home/huuhoa/hospital_robot/install/nav2_planner/share/nav2_planner/environment/ament_prefix_path.sh
[0.483s] -- Up-to-date symlink: /home/huuhoa/hospital_robot/install/nav2_planner/share/nav2_planner/environment/ament_prefix_path.dsv
[0.484s] -- Up-to-date symlink: /home/huuhoa/hospital_robot/install/nav2_planner/share/nav2_planner/environment/path.sh
[0.485s] -- Up-to-date symlink: /home/huuhoa/hospital_robot/install/nav2_planner/share/nav2_planner/environment/path.dsv
[0.486s] -- Up-to-date symlink: /home/huuhoa/hospital_robot/install/nav2_planner/share/nav2_planner/local_setup.bash
[0.486s] -- Up-to-date symlink: /home/huuhoa/hospital_robot/install/nav2_planner/share/nav2_planner/local_setup.sh
[0.487s] -- Up-to-date symlink: /home/huuhoa/hospital_robot/install/nav2_planner/share/nav2_planner/local_setup.zsh
[0.490s] -- Up-to-date symlink: /home/huuhoa/hospital_robot/install/nav2_planner/share/nav2_planner/local_setup.dsv
[0.492s] -- Symlinking: /home/huuhoa/hospital_robot/install/nav2_planner/share/nav2_planner/package.dsv
[0.523s] -- Up-to-date symlink: /home/huuhoa/hospital_robot/install/nav2_planner/share/ament_index/resource_index/packages/nav2_planner
[0.528s] -- Up-to-date symlink: /home/huuhoa/hospital_robot/install/nav2_planner/share/ament_index/resource_index/rclcpp_components/nav2_planner
[0.530s] -- Up-to-date symlink: /home/huuhoa/hospital_robot/install/nav2_planner/share/nav2_planner/cmake/ament_cmake_export_include_directories-extras.cmake
[0.533s] -- Up-to-date symlink: /home/huuhoa/hospital_robot/install/nav2_planner/share/nav2_planner/cmake/ament_cmake_export_libraries-extras.cmake
[0.535s] -- Up-to-date symlink: /home/huuhoa/hospital_robot/install/nav2_planner/share/nav2_planner/cmake/ament_cmake_export_dependencies-extras.cmake
[0.535s] -- Up-to-date symlink: /home/huuhoa/hospital_robot/install/nav2_planner/share/nav2_planner/cmake/nav2_plannerConfig.cmake
[0.536s] -- Up-to-date symlink: /home/huuhoa/hospital_robot/install/nav2_planner/share/nav2_planner/cmake/nav2_plannerConfig-version.cmake
[0.537s] -- Up-to-date symlink: /home/huuhoa/hospital_robot/install/nav2_planner/share/nav2_planner/package.xml
[0.547s] Invoked command in '/home/huuhoa/hospital_robot/build/nav2_planner' returned '0': AMENT_PREFIX_PATH=/home/huuhoa/hospital_robot/install/nav2_core:/home/huuhoa/hospital_robot/install/nav2_costmap_2d:/home/huuhoa/hospital_robot/install/nav2_map_server:/home/huuhoa/hospital_robot/install/nav2_lifecycle_manager:/home/huuhoa/hospital_robot/install/nav2_util:/home/huuhoa/hospital_robot/install/nav2_voxel_grid:/home/huuhoa/hospital_robot/install/nav2_msgs:/home/huuhoa/hospital_robot/install/nav2_common:/home/huuhoa/hospital_robot/install/map_msgs:${AMENT_PREFIX_PATH} CMAKE_PREFIX_PATH=/home/huuhoa/hospital_robot/install/nav2_core:/home/huuhoa/hospital_robot/install/nav2_costmap_2d:/home/huuhoa/hospital_robot/install/nav2_map_server:/home/huuhoa/hospital_robot/install/nav2_lifecycle_manager:/home/huuhoa/hospital_robot/install/nav2_util:/home/huuhoa/hospital_robot/install/nav2_voxel_grid:/home/huuhoa/hospital_robot/install/nav2_msgs:/home/huuhoa/hospital_robot/install/nav2_common:/home/huuhoa/hospital_robot/install/map_msgs:/opt/ros/humble LD_LIBRARY_PATH=/home/huuhoa/hospital_robot/install/nav2_costmap_2d/lib:/home/huuhoa/hospital_robot/install/nav2_map_server/lib:/home/huuhoa/hospital_robot/install/nav2_lifecycle_manager/lib:/home/huuhoa/hospital_robot/install/nav2_util/lib:/home/huuhoa/hospital_robot/install/nav2_voxel_grid/lib:/home/huuhoa/hospital_robot/install/nav2_msgs/lib:/home/huuhoa/hospital_robot/install/map_msgs/lib:${LD_LIBRARY_PATH} PYTHONPATH=/home/huuhoa/hospital_robot/install/nav2_msgs/local/lib/python3.10/dist-packages:/home/huuhoa/hospital_robot/install/nav2_common/local/lib/python3.10/dist-packages:/home/huuhoa/hospital_robot/install/map_msgs/local/lib/python3.10/dist-packages:${PYTHONPATH} /usr/bin/cmake --install /home/huuhoa/hospital_robot/build/nav2_planner
