[1.738s] Invoking command in '/home/huuhoa/hospital_robot/build/nav2_simple_commander': CMAKE_PREFIX_PATH=/home/huuhoa/hospital_robot/install/nav2_msgs:/home/huuhoa/hospital_robot/install/nav2_common:/home/huuhoa/hospital_robot/install/nav_2d_utils:/home/huuhoa/hospital_robot/install/dwb_msgs:/home/huuhoa/hospital_robot/install/nav_2d_msgs:/home/huuhoa/hospital_robot/install/nav2_voxel_grid:/home/huuhoa/hospital_robot/install/nav2_map_server:/home/huuhoa/hospital_robot/install/nav2_lifecycle_manager:/home/huuhoa/hospital_robot/install/nav2_util:/home/huuhoa/hospital_robot/install/map_msgs:/home/huuhoa/hospital_robot/install/hospital_package LD_LIBRARY_PATH=/home/huuhoa/hospital_robot/install/nav2_msgs/lib:/home/huuhoa/hospital_robot/install/nav_2d_utils/lib:/home/huuhoa/hospital_robot/install/dwb_msgs/lib:/home/huuhoa/hospital_robot/install/nav_2d_msgs/lib:/home/huuhoa/hospital_robot/install/nav2_voxel_grid/lib:/home/huuhoa/hospital_robot/install/nav2_map_server/lib:/home/huuhoa/hospital_robot/install/nav2_lifecycle_manager/lib:/home/huuhoa/hospital_robot/install/nav2_util/lib:/home/huuhoa/hospital_robot/install/map_msgs/lib:/opt/ros/humble/lib/x86_64-linux-gnu:/opt/ros/humble/lib PYTHONPATH=/home/huuhoa/hospital_robot/build/nav2_simple_commander/prefix_override:/usr/lib/python3/dist-packages/colcon_core/task/python/colcon_distutils_commands:/home/huuhoa/hospital_robot/install/nav2_simple_commander/lib/python3.10/site-packages:${PYTHONPATH} /usr/bin/python3 -W ignore:setup.py install is deprecated -W ignore:easy_install command is deprecated setup.py develop --editable --build-directory /home/huuhoa/hospital_robot/build/nav2_simple_commander/build --no-deps symlink_data
[2.091s] running develop
[2.294s] running egg_info
[2.295s] writing nav2_simple_commander.egg-info/PKG-INFO
[2.298s] writing dependency_links to nav2_simple_commander.egg-info/dependency_links.txt
[2.299s] writing entry points to nav2_simple_commander.egg-info/entry_points.txt
[2.300s] writing requirements to nav2_simple_commander.egg-info/requires.txt
[2.301s] writing top-level names to nav2_simple_commander.egg-info/top_level.txt
[2.310s] reading manifest file 'nav2_simple_commander.egg-info/SOURCES.txt'
[2.314s] writing manifest file 'nav2_simple_commander.egg-info/SOURCES.txt'
[2.318s] running build_ext
[2.319s] Creating /home/huuhoa/hospital_robot/install/nav2_simple_commander/lib/python3.10/site-packages/nav2-simple-commander.egg-link (link to .)
[2.328s] Installing demo_inspection script to /home/huuhoa/hospital_robot/install/nav2_simple_commander/lib/nav2_simple_commander
[2.328s] Installing demo_picking script to /home/huuhoa/hospital_robot/install/nav2_simple_commander/lib/nav2_simple_commander
[2.328s] Installing demo_recoveries script to /home/huuhoa/hospital_robot/install/nav2_simple_commander/lib/nav2_simple_commander
[2.328s] Installing demo_security script to /home/huuhoa/hospital_robot/install/nav2_simple_commander/lib/nav2_simple_commander
[2.328s] Installing example_assisted_teleop script to /home/huuhoa/hospital_robot/install/nav2_simple_commander/lib/nav2_simple_commander
[2.330s] Installing example_follow_path script to /home/huuhoa/hospital_robot/install/nav2_simple_commander/lib/nav2_simple_commander
[2.330s] Installing example_nav_through_poses script to /home/huuhoa/hospital_robot/install/nav2_simple_commander/lib/nav2_simple_commander
[2.330s] Installing example_nav_to_pose script to /home/huuhoa/hospital_robot/install/nav2_simple_commander/lib/nav2_simple_commander
[2.330s] Installing example_waypoint_follower script to /home/huuhoa/hospital_robot/install/nav2_simple_commander/lib/nav2_simple_commander
[2.330s] 
[2.330s] Installed /home/huuhoa/hospital_robot/build/nav2_simple_commander
[2.330s] running symlink_data
[2.386s] Invoked command in '/home/huuhoa/hospital_robot/build/nav2_simple_commander' returned '0': CMAKE_PREFIX_PATH=/home/huuhoa/hospital_robot/install/nav2_msgs:/home/huuhoa/hospital_robot/install/nav2_common:/home/huuhoa/hospital_robot/install/nav_2d_utils:/home/huuhoa/hospital_robot/install/dwb_msgs:/home/huuhoa/hospital_robot/install/nav_2d_msgs:/home/huuhoa/hospital_robot/install/nav2_voxel_grid:/home/huuhoa/hospital_robot/install/nav2_map_server:/home/huuhoa/hospital_robot/install/nav2_lifecycle_manager:/home/huuhoa/hospital_robot/install/nav2_util:/home/huuhoa/hospital_robot/install/map_msgs:/home/huuhoa/hospital_robot/install/hospital_package LD_LIBRARY_PATH=/home/huuhoa/hospital_robot/install/nav2_msgs/lib:/home/huuhoa/hospital_robot/install/nav_2d_utils/lib:/home/huuhoa/hospital_robot/install/dwb_msgs/lib:/home/huuhoa/hospital_robot/install/nav_2d_msgs/lib:/home/huuhoa/hospital_robot/install/nav2_voxel_grid/lib:/home/huuhoa/hospital_robot/install/nav2_map_server/lib:/home/huuhoa/hospital_robot/install/nav2_lifecycle_manager/lib:/home/huuhoa/hospital_robot/install/nav2_util/lib:/home/huuhoa/hospital_robot/install/map_msgs/lib:/opt/ros/humble/lib/x86_64-linux-gnu:/opt/ros/humble/lib PYTHONPATH=/home/huuhoa/hospital_robot/build/nav2_simple_commander/prefix_override:/usr/lib/python3/dist-packages/colcon_core/task/python/colcon_distutils_commands:/home/huuhoa/hospital_robot/install/nav2_simple_commander/lib/python3.10/site-packages:${PYTHONPATH} /usr/bin/python3 -W ignore:setup.py install is deprecated -W ignore:easy_install command is deprecated setup.py develop --editable --build-directory /home/huuhoa/hospital_robot/build/nav2_simple_commander/build --no-deps symlink_data
