[0.014s] Invoking command in '/home/huuhoa/hospital_robot/build/nav_2d_msgs': CMAKE_PREFIX_PATH=/opt/ros/humble /usr/bin/cmake --build /home/huuhoa/hospital_robot/build/nav_2d_msgs -- -j2 -l2
[0.183s] [ 11%] Built target nav_2d_msgs__rosidl_generator_c
[0.197s] [ 12%] Built target nav_2d_msgs__cpp
[0.248s] [ 12%] Built target ament_cmake_python_symlink_nav_2d_msgs
[0.286s] [ 23%] Built target nav_2d_msgs__rosidl_typesupport_cpp
[0.313s] [ 35%] Built target nav_2d_msgs__rosidl_typesupport_fastrtps_c
[0.368s] [ 46%] Built target nav_2d_msgs__rosidl_typesupport_fastrtps_cpp
[0.385s] [ 57%] Built target nav_2d_msgs__rosidl_typesupport_introspection_c
[0.430s] [ 69%] Built target nav_2d_msgs__rosidl_typesupport_c
[0.465s] [ 80%] Built target nav_2d_msgs__rosidl_typesupport_introspection_cpp
[0.514s] [ 80%] Built target nav_2d_msgs
[0.566s] [ 81%] Built target nav_2d_msgs__py
[0.633s] [ 91%] Built target nav_2d_msgs__rosidl_generator_py
[0.701s] [ 94%] Built target nav_2d_msgs__rosidl_typesupport_fastrtps_c__pyext
[0.775s] [ 97%] Built target nav_2d_msgs__rosidl_typesupport_introspection_c__pyext
[0.785s] running egg_info
[0.786s] writing nav_2d_msgs.egg-info/PKG-INFO
[0.787s] writing dependency_links to nav_2d_msgs.egg-info/dependency_links.txt
[0.789s] writing top-level names to nav_2d_msgs.egg-info/top_level.txt
[0.793s] reading manifest file 'nav_2d_msgs.egg-info/SOURCES.txt'
[0.796s] writing manifest file 'nav_2d_msgs.egg-info/SOURCES.txt'
[0.829s] [100%] Built target nav_2d_msgs__rosidl_typesupport_c__pyext
[0.838s] [100%] Built target ament_cmake_python_build_nav_2d_msgs_egg
[0.856s] Invoked command in '/home/huuhoa/hospital_robot/build/nav_2d_msgs' returned '0': CMAKE_PREFIX_PATH=/opt/ros/humble /usr/bin/cmake --build /home/huuhoa/hospital_robot/build/nav_2d_msgs -- -j2 -l2
[0.864s] Invoking command in '/home/huuhoa/hospital_robot/build/nav_2d_msgs': CMAKE_PREFIX_PATH=/opt/ros/humble /usr/bin/cmake --install /home/huuhoa/hospital_robot/build/nav_2d_msgs
[0.875s] -- Install configuration: ""
[0.878s] -- Execute custom install script
[0.882s] -- Up-to-date symlink: /home/huuhoa/hospital_robot/install/nav_2d_msgs/share/ament_index/resource_index/rosidl_interfaces/nav_2d_msgs
[0.888s] -- Up-to-date symlink: /home/huuhoa/hospital_robot/install/nav_2d_msgs/include/nav_2d_msgs/nav_2d_msgs/msg/detail/path2_d__functions.h
[0.889s] -- Up-to-date symlink: /home/huuhoa/hospital_robot/install/nav_2d_msgs/include/nav_2d_msgs/nav_2d_msgs/msg/detail/path2_d__struct.h
[0.891s] -- Up-to-date symlink: /home/huuhoa/hospital_robot/install/nav_2d_msgs/include/nav_2d_msgs/nav_2d_msgs/msg/detail/path2_d__type_support.h
[0.892s] -- Up-to-date symlink: /home/huuhoa/hospital_robot/install/nav_2d_msgs/include/nav_2d_msgs/nav_2d_msgs/msg/detail/pose2_d32__functions.h
[0.893s] -- Up-to-date symlink: /home/huuhoa/hospital_robot/install/nav_2d_msgs/include/nav_2d_msgs/nav_2d_msgs/msg/detail/pose2_d32__struct.h
[0.894s] -- Up-to-date symlink: /home/huuhoa/hospital_robot/install/nav_2d_msgs/include/nav_2d_msgs/nav_2d_msgs/msg/detail/pose2_d32__type_support.h
[0.895s] -- Up-to-date symlink: /home/huuhoa/hospital_robot/install/nav_2d_msgs/include/nav_2d_msgs/nav_2d_msgs/msg/detail/pose2_d_stamped__functions.h
[0.897s] -- Up-to-date symlink: /home/huuhoa/hospital_robot/install/nav_2d_msgs/include/nav_2d_msgs/nav_2d_msgs/msg/detail/pose2_d_stamped__struct.h
[0.897s] -- Up-to-date symlink: /home/huuhoa/hospital_robot/install/nav_2d_msgs/include/nav_2d_msgs/nav_2d_msgs/msg/detail/pose2_d_stamped__type_support.h
[0.898s] -- Up-to-date symlink: /home/huuhoa/hospital_robot/install/nav_2d_msgs/include/nav_2d_msgs/nav_2d_msgs/msg/detail/twist2_d32__functions.h
[0.900s] -- Up-to-date symlink: /home/huuhoa/hospital_robot/install/nav_2d_msgs/include/nav_2d_msgs/nav_2d_msgs/msg/detail/twist2_d32__struct.h
[0.900s] -- Up-to-date symlink: /home/huuhoa/hospital_robot/install/nav_2d_msgs/include/nav_2d_msgs/nav_2d_msgs/msg/detail/twist2_d32__type_support.h
[0.901s] -- Up-to-date symlink: /home/huuhoa/hospital_robot/install/nav_2d_msgs/include/nav_2d_msgs/nav_2d_msgs/msg/detail/twist2_d__functions.h
[0.903s] -- Up-to-date symlink: /home/huuhoa/hospital_robot/install/nav_2d_msgs/include/nav_2d_msgs/nav_2d_msgs/msg/detail/twist2_d__struct.h
[0.904s] -- Up-to-date symlink: /home/huuhoa/hospital_robot/install/nav_2d_msgs/include/nav_2d_msgs/nav_2d_msgs/msg/detail/twist2_d__type_support.h
[0.906s] -- Up-to-date symlink: /home/huuhoa/hospital_robot/install/nav_2d_msgs/include/nav_2d_msgs/nav_2d_msgs/msg/detail/twist2_d_stamped__functions.h
[0.906s] -- Up-to-date symlink: /home/huuhoa/hospital_robot/install/nav_2d_msgs/include/nav_2d_msgs/nav_2d_msgs/msg/detail/twist2_d_stamped__struct.h
[0.906s] -- Up-to-date symlink: /home/huuhoa/hospital_robot/install/nav_2d_msgs/include/nav_2d_msgs/nav_2d_msgs/msg/detail/twist2_d_stamped__type_support.h
[0.908s] -- Up-to-date symlink: /home/huuhoa/hospital_robot/install/nav_2d_msgs/include/nav_2d_msgs/nav_2d_msgs/msg/path2_d.h
[0.908s] -- Up-to-date symlink: /home/huuhoa/hospital_robot/install/nav_2d_msgs/include/nav_2d_msgs/nav_2d_msgs/msg/pose2_d32.h
[0.910s] -- Up-to-date symlink: /home/huuhoa/hospital_robot/install/nav_2d_msgs/include/nav_2d_msgs/nav_2d_msgs/msg/pose2_d_stamped.h
[0.911s] -- Up-to-date symlink: /home/huuhoa/hospital_robot/install/nav_2d_msgs/include/nav_2d_msgs/nav_2d_msgs/msg/rosidl_generator_c__visibility_control.h
[0.911s] -- Up-to-date symlink: /home/huuhoa/hospital_robot/install/nav_2d_msgs/include/nav_2d_msgs/nav_2d_msgs/msg/twist2_d.h
[0.912s] -- Up-to-date symlink: /home/huuhoa/hospital_robot/install/nav_2d_msgs/include/nav_2d_msgs/nav_2d_msgs/msg/twist2_d32.h
[0.913s] -- Up-to-date symlink: /home/huuhoa/hospital_robot/install/nav_2d_msgs/include/nav_2d_msgs/nav_2d_msgs/msg/twist2_d_stamped.h
[0.916s] -- Up-to-date symlink: /home/huuhoa/hospital_robot/install/nav_2d_msgs/share/nav_2d_msgs/environment/library_path.sh
[0.917s] -- Up-to-date symlink: /home/huuhoa/hospital_robot/install/nav_2d_msgs/share/nav_2d_msgs/environment/library_path.dsv
[0.918s] -- Up-to-date symlink: /home/huuhoa/hospital_robot/install/nav_2d_msgs/include/nav_2d_msgs/nav_2d_msgs/msg/detail/path2_d__rosidl_typesupport_fastrtps_c.h
[0.920s] -- Up-to-date symlink: /home/huuhoa/hospital_robot/install/nav_2d_msgs/include/nav_2d_msgs/nav_2d_msgs/msg/detail/pose2_d32__rosidl_typesupport_fastrtps_c.h
[0.921s] -- Up-to-date symlink: /home/huuhoa/hospital_robot/install/nav_2d_msgs/include/nav_2d_msgs/nav_2d_msgs/msg/detail/pose2_d_stamped__rosidl_typesupport_fastrtps_c.h
[0.922s] -- Up-to-date symlink: /home/huuhoa/hospital_robot/install/nav_2d_msgs/include/nav_2d_msgs/nav_2d_msgs/msg/detail/twist2_d32__rosidl_typesupport_fastrtps_c.h
[0.922s] -- Up-to-date symlink: /home/huuhoa/hospital_robot/install/nav_2d_msgs/include/nav_2d_msgs/nav_2d_msgs/msg/detail/twist2_d__rosidl_typesupport_fastrtps_c.h
[0.923s] -- Up-to-date symlink: /home/huuhoa/hospital_robot/install/nav_2d_msgs/include/nav_2d_msgs/nav_2d_msgs/msg/detail/twist2_d_stamped__rosidl_typesupport_fastrtps_c.h
[0.925s] -- Up-to-date symlink: /home/huuhoa/hospital_robot/install/nav_2d_msgs/include/nav_2d_msgs/nav_2d_msgs/msg/rosidl_typesupport_fastrtps_c__visibility_control.h
[0.926s] -- Up-to-date symlink: /home/huuhoa/hospital_robot/install/nav_2d_msgs/include/nav_2d_msgs/nav_2d_msgs/msg/detail/path2_d__builder.hpp
[0.927s] -- Up-to-date symlink: /home/huuhoa/hospital_robot/install/nav_2d_msgs/include/nav_2d_msgs/nav_2d_msgs/msg/detail/path2_d__struct.hpp
[0.930s] -- Up-to-date symlink: /home/huuhoa/hospital_robot/install/nav_2d_msgs/include/nav_2d_msgs/nav_2d_msgs/msg/detail/path2_d__traits.hpp
[0.930s] -- Up-to-date symlink: /home/huuhoa/hospital_robot/install/nav_2d_msgs/include/nav_2d_msgs/nav_2d_msgs/msg/detail/path2_d__type_support.hpp
[0.931s] -- Up-to-date symlink: /home/huuhoa/hospital_robot/install/nav_2d_msgs/include/nav_2d_msgs/nav_2d_msgs/msg/detail/pose2_d32__builder.hpp
[0.932s] -- Up-to-date symlink: /home/huuhoa/hospital_robot/install/nav_2d_msgs/include/nav_2d_msgs/nav_2d_msgs/msg/detail/pose2_d32__struct.hpp
[0.933s] -- Up-to-date symlink: /home/huuhoa/hospital_robot/install/nav_2d_msgs/include/nav_2d_msgs/nav_2d_msgs/msg/detail/pose2_d32__traits.hpp
[0.935s] -- Up-to-date symlink: /home/huuhoa/hospital_robot/install/nav_2d_msgs/include/nav_2d_msgs/nav_2d_msgs/msg/detail/pose2_d32__type_support.hpp
[0.935s] -- Up-to-date symlink: /home/huuhoa/hospital_robot/install/nav_2d_msgs/include/nav_2d_msgs/nav_2d_msgs/msg/detail/pose2_d_stamped__builder.hpp
[0.936s] -- Up-to-date symlink: /home/huuhoa/hospital_robot/install/nav_2d_msgs/include/nav_2d_msgs/nav_2d_msgs/msg/detail/pose2_d_stamped__struct.hpp
[0.937s] -- Up-to-date symlink: /home/huuhoa/hospital_robot/install/nav_2d_msgs/include/nav_2d_msgs/nav_2d_msgs/msg/detail/pose2_d_stamped__traits.hpp
[0.943s] -- Up-to-date symlink: /home/huuhoa/hospital_robot/install/nav_2d_msgs/include/nav_2d_msgs/nav_2d_msgs/msg/detail/pose2_d_stamped__type_support.hpp
[0.946s] -- Up-to-date symlink: /home/huuhoa/hospital_robot/install/nav_2d_msgs/include/nav_2d_msgs/nav_2d_msgs/msg/detail/twist2_d32__builder.hpp
[0.947s] -- Up-to-date symlink: /home/huuhoa/hospital_robot/install/nav_2d_msgs/include/nav_2d_msgs/nav_2d_msgs/msg/detail/twist2_d32__struct.hpp
[0.947s] -- Up-to-date symlink: /home/huuhoa/hospital_robot/install/nav_2d_msgs/include/nav_2d_msgs/nav_2d_msgs/msg/detail/twist2_d32__traits.hpp
[0.949s] -- Up-to-date symlink: /home/huuhoa/hospital_robot/install/nav_2d_msgs/include/nav_2d_msgs/nav_2d_msgs/msg/detail/twist2_d32__type_support.hpp
[0.950s] -- Up-to-date symlink: /home/huuhoa/hospital_robot/install/nav_2d_msgs/include/nav_2d_msgs/nav_2d_msgs/msg/detail/twist2_d__builder.hpp
[0.951s] -- Up-to-date symlink: /home/huuhoa/hospital_robot/install/nav_2d_msgs/include/nav_2d_msgs/nav_2d_msgs/msg/detail/twist2_d__struct.hpp
[0.951s] -- Up-to-date symlink: /home/huuhoa/hospital_robot/install/nav_2d_msgs/include/nav_2d_msgs/nav_2d_msgs/msg/detail/twist2_d__traits.hpp
[0.957s] -- Up-to-date symlink: /home/huuhoa/hospital_robot/install/nav_2d_msgs/include/nav_2d_msgs/nav_2d_msgs/msg/detail/twist2_d__type_support.hpp
[0.957s] -- Up-to-date symlink: /home/huuhoa/hospital_robot/install/nav_2d_msgs/include/nav_2d_msgs/nav_2d_msgs/msg/detail/twist2_d_stamped__builder.hpp
[0.958s] -- Up-to-date symlink: /home/huuhoa/hospital_robot/install/nav_2d_msgs/include/nav_2d_msgs/nav_2d_msgs/msg/detail/twist2_d_stamped__struct.hpp
[0.958s] -- Up-to-date symlink: /home/huuhoa/hospital_robot/install/nav_2d_msgs/include/nav_2d_msgs/nav_2d_msgs/msg/detail/twist2_d_stamped__traits.hpp
[0.959s] -- Up-to-date symlink: /home/huuhoa/hospital_robot/install/nav_2d_msgs/include/nav_2d_msgs/nav_2d_msgs/msg/detail/twist2_d_stamped__type_support.hpp
[0.961s] -- Up-to-date symlink: /home/huuhoa/hospital_robot/install/nav_2d_msgs/include/nav_2d_msgs/nav_2d_msgs/msg/path2_d.hpp
[0.961s] -- Up-to-date symlink: /home/huuhoa/hospital_robot/install/nav_2d_msgs/include/nav_2d_msgs/nav_2d_msgs/msg/pose2_d32.hpp
[0.961s] -- Up-to-date symlink: /home/huuhoa/hospital_robot/install/nav_2d_msgs/include/nav_2d_msgs/nav_2d_msgs/msg/pose2_d_stamped.hpp
[0.962s] -- Up-to-date symlink: /home/huuhoa/hospital_robot/install/nav_2d_msgs/include/nav_2d_msgs/nav_2d_msgs/msg/rosidl_generator_cpp__visibility_control.hpp
[0.964s] -- Up-to-date symlink: /home/huuhoa/hospital_robot/install/nav_2d_msgs/include/nav_2d_msgs/nav_2d_msgs/msg/twist2_d.hpp
[0.966s] -- Up-to-date symlink: /home/huuhoa/hospital_robot/install/nav_2d_msgs/include/nav_2d_msgs/nav_2d_msgs/msg/twist2_d32.hpp
[0.966s] -- Up-to-date symlink: /home/huuhoa/hospital_robot/install/nav_2d_msgs/include/nav_2d_msgs/nav_2d_msgs/msg/twist2_d_stamped.hpp
[0.966s] -- Up-to-date symlink: /home/huuhoa/hospital_robot/install/nav_2d_msgs/include/nav_2d_msgs/nav_2d_msgs/msg/detail/path2_d__rosidl_typesupport_fastrtps_cpp.hpp
[0.966s] -- Up-to-date symlink: /home/huuhoa/hospital_robot/install/nav_2d_msgs/include/nav_2d_msgs/nav_2d_msgs/msg/detail/pose2_d32__rosidl_typesupport_fastrtps_cpp.hpp
[0.967s] -- Up-to-date symlink: /home/huuhoa/hospital_robot/install/nav_2d_msgs/include/nav_2d_msgs/nav_2d_msgs/msg/detail/pose2_d_stamped__rosidl_typesupport_fastrtps_cpp.hpp
[0.968s] -- Up-to-date symlink: /home/huuhoa/hospital_robot/install/nav_2d_msgs/include/nav_2d_msgs/nav_2d_msgs/msg/detail/twist2_d32__rosidl_typesupport_fastrtps_cpp.hpp
[0.969s] -- Up-to-date symlink: /home/huuhoa/hospital_robot/install/nav_2d_msgs/include/nav_2d_msgs/nav_2d_msgs/msg/detail/twist2_d__rosidl_typesupport_fastrtps_cpp.hpp
[0.970s] -- Up-to-date symlink: /home/huuhoa/hospital_robot/install/nav_2d_msgs/include/nav_2d_msgs/nav_2d_msgs/msg/detail/twist2_d_stamped__rosidl_typesupport_fastrtps_cpp.hpp
[0.971s] -- Up-to-date symlink: /home/huuhoa/hospital_robot/install/nav_2d_msgs/include/nav_2d_msgs/nav_2d_msgs/msg/rosidl_typesupport_fastrtps_cpp__visibility_control.h
[0.972s] -- Up-to-date symlink: /home/huuhoa/hospital_robot/install/nav_2d_msgs/include/nav_2d_msgs/nav_2d_msgs/msg/detail/path2_d__rosidl_typesupport_introspection_c.h
[0.973s] -- Up-to-date symlink: /home/huuhoa/hospital_robot/install/nav_2d_msgs/include/nav_2d_msgs/nav_2d_msgs/msg/detail/pose2_d32__rosidl_typesupport_introspection_c.h
[0.974s] -- Up-to-date symlink: /home/huuhoa/hospital_robot/install/nav_2d_msgs/include/nav_2d_msgs/nav_2d_msgs/msg/detail/pose2_d_stamped__rosidl_typesupport_introspection_c.h
[0.976s] -- Up-to-date symlink: /home/huuhoa/hospital_robot/install/nav_2d_msgs/include/nav_2d_msgs/nav_2d_msgs/msg/detail/twist2_d32__rosidl_typesupport_introspection_c.h
[0.977s] -- Up-to-date symlink: /home/huuhoa/hospital_robot/install/nav_2d_msgs/include/nav_2d_msgs/nav_2d_msgs/msg/detail/twist2_d__rosidl_typesupport_introspection_c.h
[0.977s] -- Up-to-date symlink: /home/huuhoa/hospital_robot/install/nav_2d_msgs/include/nav_2d_msgs/nav_2d_msgs/msg/detail/twist2_d_stamped__rosidl_typesupport_introspection_c.h
[0.978s] -- Up-to-date symlink: /home/huuhoa/hospital_robot/install/nav_2d_msgs/include/nav_2d_msgs/nav_2d_msgs/msg/rosidl_typesupport_introspection_c__visibility_control.h
[0.979s] -- Up-to-date symlink: /home/huuhoa/hospital_robot/install/nav_2d_msgs/include/nav_2d_msgs/nav_2d_msgs/msg/detail/path2_d__rosidl_typesupport_introspection_cpp.hpp
[0.980s] -- Up-to-date symlink: /home/huuhoa/hospital_robot/install/nav_2d_msgs/include/nav_2d_msgs/nav_2d_msgs/msg/detail/pose2_d32__rosidl_typesupport_introspection_cpp.hpp
[0.980s] -- Up-to-date symlink: /home/huuhoa/hospital_robot/install/nav_2d_msgs/include/nav_2d_msgs/nav_2d_msgs/msg/detail/pose2_d_stamped__rosidl_typesupport_introspection_cpp.hpp
[0.982s] -- Up-to-date symlink: /home/huuhoa/hospital_robot/install/nav_2d_msgs/include/nav_2d_msgs/nav_2d_msgs/msg/detail/twist2_d32__rosidl_typesupport_introspection_cpp.hpp
[0.983s] -- Up-to-date symlink: /home/huuhoa/hospital_robot/install/nav_2d_msgs/include/nav_2d_msgs/nav_2d_msgs/msg/detail/twist2_d__rosidl_typesupport_introspection_cpp.hpp
[0.985s] -- Up-to-date symlink: /home/huuhoa/hospital_robot/install/nav_2d_msgs/include/nav_2d_msgs/nav_2d_msgs/msg/detail/twist2_d_stamped__rosidl_typesupport_introspection_cpp.hpp
[0.986s] -- Up-to-date symlink: /home/huuhoa/hospital_robot/install/nav_2d_msgs/share/nav_2d_msgs/environment/pythonpath.sh
[0.987s] -- Up-to-date symlink: /home/huuhoa/hospital_robot/install/nav_2d_msgs/share/nav_2d_msgs/environment/pythonpath.dsv
[0.993s] -- Up-to-date symlink: /home/huuhoa/hospital_robot/install/nav_2d_msgs/local/lib/python3.10/dist-packages/nav_2d_msgs-1.1.18-py3.10.egg-info/PKG-INFO
[0.994s] -- Up-to-date symlink: /home/huuhoa/hospital_robot/install/nav_2d_msgs/local/lib/python3.10/dist-packages/nav_2d_msgs-1.1.18-py3.10.egg-info/SOURCES.txt
[0.995s] -- Up-to-date symlink: /home/huuhoa/hospital_robot/install/nav_2d_msgs/local/lib/python3.10/dist-packages/nav_2d_msgs-1.1.18-py3.10.egg-info/dependency_links.txt
[0.997s] -- Up-to-date symlink: /home/huuhoa/hospital_robot/install/nav_2d_msgs/local/lib/python3.10/dist-packages/nav_2d_msgs-1.1.18-py3.10.egg-info/top_level.txt
[0.999s] -- Up-to-date symlink: /home/huuhoa/hospital_robot/install/nav_2d_msgs/local/lib/python3.10/dist-packages/nav_2d_msgs/__init__.py
[1.000s] -- Up-to-date symlink: /home/huuhoa/hospital_robot/install/nav_2d_msgs/local/lib/python3.10/dist-packages/nav_2d_msgs/_nav_2d_msgs_s.ep.rosidl_typesupport_c.c
[1.001s] -- Up-to-date symlink: /home/huuhoa/hospital_robot/install/nav_2d_msgs/local/lib/python3.10/dist-packages/nav_2d_msgs/_nav_2d_msgs_s.ep.rosidl_typesupport_fastrtps_c.c
[1.003s] -- Up-to-date symlink: /home/huuhoa/hospital_robot/install/nav_2d_msgs/local/lib/python3.10/dist-packages/nav_2d_msgs/_nav_2d_msgs_s.ep.rosidl_typesupport_introspection_c.c
[1.004s] -- Up-to-date symlink: /home/huuhoa/hospital_robot/install/nav_2d_msgs/local/lib/python3.10/dist-packages/nav_2d_msgs/libnav_2d_msgs__rosidl_generator_py.so
[1.004s] -- Up-to-date symlink: /home/huuhoa/hospital_robot/install/nav_2d_msgs/local/lib/python3.10/dist-packages/nav_2d_msgs/msg/__init__.py
[1.005s] -- Up-to-date symlink: /home/huuhoa/hospital_robot/install/nav_2d_msgs/local/lib/python3.10/dist-packages/nav_2d_msgs/msg/_path2_d.py
[1.007s] -- Up-to-date symlink: /home/huuhoa/hospital_robot/install/nav_2d_msgs/local/lib/python3.10/dist-packages/nav_2d_msgs/msg/_path2_d_s.c
[1.007s] -- Up-to-date symlink: /home/huuhoa/hospital_robot/install/nav_2d_msgs/local/lib/python3.10/dist-packages/nav_2d_msgs/msg/_pose2_d32.py
[1.008s] -- Up-to-date symlink: /home/huuhoa/hospital_robot/install/nav_2d_msgs/local/lib/python3.10/dist-packages/nav_2d_msgs/msg/_pose2_d32_s.c
[1.008s] -- Up-to-date symlink: /home/huuhoa/hospital_robot/install/nav_2d_msgs/local/lib/python3.10/dist-packages/nav_2d_msgs/msg/_pose2_d_stamped.py
[1.009s] -- Up-to-date symlink: /home/huuhoa/hospital_robot/install/nav_2d_msgs/local/lib/python3.10/dist-packages/nav_2d_msgs/msg/_pose2_d_stamped_s.c
[1.010s] -- Up-to-date symlink: /home/huuhoa/hospital_robot/install/nav_2d_msgs/local/lib/python3.10/dist-packages/nav_2d_msgs/msg/_twist2_d.py
[1.012s] -- Up-to-date symlink: /home/huuhoa/hospital_robot/install/nav_2d_msgs/local/lib/python3.10/dist-packages/nav_2d_msgs/msg/_twist2_d32.py
[1.012s] -- Up-to-date symlink: /home/huuhoa/hospital_robot/install/nav_2d_msgs/local/lib/python3.10/dist-packages/nav_2d_msgs/msg/_twist2_d32_s.c
[1.013s] -- Up-to-date symlink: /home/huuhoa/hospital_robot/install/nav_2d_msgs/local/lib/python3.10/dist-packages/nav_2d_msgs/msg/_twist2_d_s.c
[1.015s] -- Up-to-date symlink: /home/huuhoa/hospital_robot/install/nav_2d_msgs/local/lib/python3.10/dist-packages/nav_2d_msgs/msg/_twist2_d_stamped.py
[1.016s] -- Up-to-date symlink: /home/huuhoa/hospital_robot/install/nav_2d_msgs/local/lib/python3.10/dist-packages/nav_2d_msgs/msg/_twist2_d_stamped_s.c
[1.017s] -- Up-to-date symlink: /home/huuhoa/hospital_robot/install/nav_2d_msgs/local/lib/python3.10/dist-packages/nav_2d_msgs/nav_2d_msgs_s__rosidl_typesupport_c.cpython-310-x86_64-linux-gnu.so
[1.018s] -- Up-to-date symlink: /home/huuhoa/hospital_robot/install/nav_2d_msgs/local/lib/python3.10/dist-packages/nav_2d_msgs/nav_2d_msgs_s__rosidl_typesupport_fastrtps_c.cpython-310-x86_64-linux-gnu.so
[1.020s] -- Up-to-date symlink: /home/huuhoa/hospital_robot/install/nav_2d_msgs/local/lib/python3.10/dist-packages/nav_2d_msgs/nav_2d_msgs_s__rosidl_typesupport_introspection_c.cpython-310-x86_64-linux-gnu.so
[1.021s] -- Up-to-date symlink: /home/huuhoa/hospital_robot/install/nav_2d_msgs/local/lib/python3.10/dist-packages/nav_2d_msgs/nav_2d_msgs_s__rosidl_typesupport_fastrtps_c.cpython-310-x86_64-linux-gnu.so
[1.023s] -- Up-to-date symlink: /home/huuhoa/hospital_robot/install/nav_2d_msgs/local/lib/python3.10/dist-packages/nav_2d_msgs/nav_2d_msgs_s__rosidl_typesupport_introspection_c.cpython-310-x86_64-linux-gnu.so
[1.024s] -- Up-to-date symlink: /home/huuhoa/hospital_robot/install/nav_2d_msgs/local/lib/python3.10/dist-packages/nav_2d_msgs/nav_2d_msgs_s__rosidl_typesupport_c.cpython-310-x86_64-linux-gnu.so
[1.026s] -- Up-to-date symlink: /home/huuhoa/hospital_robot/install/nav_2d_msgs/share/nav_2d_msgs/msg/Path2D.idl
[1.028s] -- Up-to-date symlink: /home/huuhoa/hospital_robot/install/nav_2d_msgs/share/nav_2d_msgs/msg/Pose2D32.idl
[1.030s] -- Up-to-date symlink: /home/huuhoa/hospital_robot/install/nav_2d_msgs/share/nav_2d_msgs/msg/Pose2DStamped.idl
[1.031s] -- Up-to-date symlink: /home/huuhoa/hospital_robot/install/nav_2d_msgs/share/nav_2d_msgs/msg/Twist2D.idl
[1.042s] -- Up-to-date symlink: /home/huuhoa/hospital_robot/install/nav_2d_msgs/share/nav_2d_msgs/msg/Twist2D32.idl
[1.046s] -- Up-to-date symlink: /home/huuhoa/hospital_robot/install/nav_2d_msgs/share/nav_2d_msgs/msg/Twist2DStamped.idl
[1.046s] -- Up-to-date symlink: /home/huuhoa/hospital_robot/install/nav_2d_msgs/share/nav_2d_msgs/msg/Path2D.msg
[1.046s] -- Up-to-date symlink: /home/huuhoa/hospital_robot/install/nav_2d_msgs/share/nav_2d_msgs/msg/Pose2D32.msg
[1.046s] -- Up-to-date symlink: /home/huuhoa/hospital_robot/install/nav_2d_msgs/share/nav_2d_msgs/msg/Pose2DStamped.msg
[1.047s] -- Up-to-date symlink: /home/huuhoa/hospital_robot/install/nav_2d_msgs/share/nav_2d_msgs/msg/Twist2D.msg
[1.050s] -- Up-to-date symlink: /home/huuhoa/hospital_robot/install/nav_2d_msgs/share/nav_2d_msgs/msg/Twist2D32.msg
[1.051s] -- Up-to-date symlink: /home/huuhoa/hospital_robot/install/nav_2d_msgs/share/nav_2d_msgs/msg/Twist2DStamped.msg
[1.053s] -- Up-to-date symlink: /home/huuhoa/hospital_robot/install/nav_2d_msgs/share/ament_index/resource_index/package_run_dependencies/nav_2d_msgs
[1.055s] -- Up-to-date symlink: /home/huuhoa/hospital_robot/install/nav_2d_msgs/share/ament_index/resource_index/parent_prefix_path/nav_2d_msgs
[1.056s] -- Up-to-date symlink: /home/huuhoa/hospital_robot/install/nav_2d_msgs/share/nav_2d_msgs/environment/ament_prefix_path.sh
[1.056s] -- Up-to-date symlink: /home/huuhoa/hospital_robot/install/nav_2d_msgs/share/nav_2d_msgs/environment/ament_prefix_path.dsv
[1.058s] -- Up-to-date symlink: /home/huuhoa/hospital_robot/install/nav_2d_msgs/share/nav_2d_msgs/environment/path.sh
[1.058s] -- Up-to-date symlink: /home/huuhoa/hospital_robot/install/nav_2d_msgs/share/nav_2d_msgs/environment/path.dsv
[1.060s] -- Up-to-date symlink: /home/huuhoa/hospital_robot/install/nav_2d_msgs/share/nav_2d_msgs/local_setup.bash
[1.060s] -- Up-to-date symlink: /home/huuhoa/hospital_robot/install/nav_2d_msgs/share/nav_2d_msgs/local_setup.sh
[1.061s] -- Up-to-date symlink: /home/huuhoa/hospital_robot/install/nav_2d_msgs/share/nav_2d_msgs/local_setup.zsh
[1.062s] -- Up-to-date symlink: /home/huuhoa/hospital_robot/install/nav_2d_msgs/share/nav_2d_msgs/local_setup.dsv
[1.062s] -- Symlinking: /home/huuhoa/hospital_robot/install/nav_2d_msgs/share/nav_2d_msgs/package.dsv
[1.075s] -- Up-to-date symlink: /home/huuhoa/hospital_robot/install/nav_2d_msgs/share/ament_index/resource_index/packages/nav_2d_msgs
[1.077s] -- Up-to-date symlink: /home/huuhoa/hospital_robot/install/nav_2d_msgs/share/nav_2d_msgs/cmake/rosidl_cmake-extras.cmake
[1.079s] -- Up-to-date symlink: /home/huuhoa/hospital_robot/install/nav_2d_msgs/share/nav_2d_msgs/cmake/ament_cmake_export_dependencies-extras.cmake
[1.080s] -- Up-to-date symlink: /home/huuhoa/hospital_robot/install/nav_2d_msgs/share/nav_2d_msgs/cmake/ament_cmake_export_include_directories-extras.cmake
[1.081s] -- Up-to-date symlink: /home/huuhoa/hospital_robot/install/nav_2d_msgs/share/nav_2d_msgs/cmake/ament_cmake_export_libraries-extras.cmake
[1.084s] -- Up-to-date symlink: /home/huuhoa/hospital_robot/install/nav_2d_msgs/share/nav_2d_msgs/cmake/ament_cmake_export_targets-extras.cmake
[1.085s] -- Up-to-date symlink: /home/huuhoa/hospital_robot/install/nav_2d_msgs/share/nav_2d_msgs/cmake/rosidl_cmake_export_typesupport_targets-extras.cmake
[1.086s] -- Up-to-date symlink: /home/huuhoa/hospital_robot/install/nav_2d_msgs/share/nav_2d_msgs/cmake/rosidl_cmake_export_typesupport_libraries-extras.cmake
[1.086s] -- Up-to-date symlink: /home/huuhoa/hospital_robot/install/nav_2d_msgs/share/nav_2d_msgs/cmake/nav_2d_msgsConfig.cmake
[1.087s] -- Up-to-date symlink: /home/huuhoa/hospital_robot/install/nav_2d_msgs/share/nav_2d_msgs/cmake/nav_2d_msgsConfig-version.cmake
[1.088s] -- Up-to-date symlink: /home/huuhoa/hospital_robot/install/nav_2d_msgs/share/nav_2d_msgs/package.xml
[1.095s] -- Up-to-date: /home/huuhoa/hospital_robot/install/nav_2d_msgs/lib/libnav_2d_msgs__rosidl_generator_c.so
[1.096s] -- Up-to-date: /home/huuhoa/hospital_robot/install/nav_2d_msgs/lib/libnav_2d_msgs__rosidl_typesupport_fastrtps_c.so
[1.098s] -- Up-to-date: /home/huuhoa/hospital_robot/install/nav_2d_msgs/lib/libnav_2d_msgs__rosidl_typesupport_fastrtps_cpp.so
[1.103s] -- Up-to-date: /home/huuhoa/hospital_robot/install/nav_2d_msgs/lib/libnav_2d_msgs__rosidl_typesupport_introspection_c.so
[1.105s] -- Up-to-date: /home/huuhoa/hospital_robot/install/nav_2d_msgs/lib/libnav_2d_msgs__rosidl_typesupport_c.so
[1.109s] -- Up-to-date: /home/huuhoa/hospital_robot/install/nav_2d_msgs/lib/libnav_2d_msgs__rosidl_typesupport_introspection_cpp.so
[1.113s] -- Up-to-date: /home/huuhoa/hospital_robot/install/nav_2d_msgs/lib/libnav_2d_msgs__rosidl_typesupport_cpp.so
[1.165s] Listing '/home/huuhoa/hospital_robot/install/nav_2d_msgs/local/lib/python3.10/dist-packages/nav_2d_msgs'...
[1.165s] Listing '/home/huuhoa/hospital_robot/install/nav_2d_msgs/local/lib/python3.10/dist-packages/nav_2d_msgs/msg'...
[1.177s] -- Up-to-date: /home/huuhoa/hospital_robot/install/nav_2d_msgs/lib/libnav_2d_msgs__rosidl_generator_py.so
[1.181s] -- Up-to-date: /home/huuhoa/hospital_robot/install/nav_2d_msgs/share/nav_2d_msgs/cmake/export_nav_2d_msgs__rosidl_generator_cExport.cmake
[1.182s] -- Up-to-date: /home/huuhoa/hospital_robot/install/nav_2d_msgs/share/nav_2d_msgs/cmake/export_nav_2d_msgs__rosidl_generator_cExport-noconfig.cmake
[1.187s] -- Up-to-date: /home/huuhoa/hospital_robot/install/nav_2d_msgs/share/nav_2d_msgs/cmake/export_nav_2d_msgs__rosidl_typesupport_fastrtps_cExport.cmake
[1.187s] -- Up-to-date: /home/huuhoa/hospital_robot/install/nav_2d_msgs/share/nav_2d_msgs/cmake/export_nav_2d_msgs__rosidl_typesupport_fastrtps_cExport-noconfig.cmake
[1.189s] -- Up-to-date: /home/huuhoa/hospital_robot/install/nav_2d_msgs/share/nav_2d_msgs/cmake/export_nav_2d_msgs__rosidl_generator_cppExport.cmake
[1.190s] -- Up-to-date: /home/huuhoa/hospital_robot/install/nav_2d_msgs/share/nav_2d_msgs/cmake/export_nav_2d_msgs__rosidl_typesupport_fastrtps_cppExport.cmake
[1.191s] -- Up-to-date: /home/huuhoa/hospital_robot/install/nav_2d_msgs/share/nav_2d_msgs/cmake/export_nav_2d_msgs__rosidl_typesupport_fastrtps_cppExport-noconfig.cmake
[1.193s] -- Up-to-date: /home/huuhoa/hospital_robot/install/nav_2d_msgs/share/nav_2d_msgs/cmake/nav_2d_msgs__rosidl_typesupport_introspection_cExport.cmake
[1.193s] -- Up-to-date: /home/huuhoa/hospital_robot/install/nav_2d_msgs/share/nav_2d_msgs/cmake/nav_2d_msgs__rosidl_typesupport_introspection_cExport-noconfig.cmake
[1.194s] -- Up-to-date: /home/huuhoa/hospital_robot/install/nav_2d_msgs/share/nav_2d_msgs/cmake/nav_2d_msgs__rosidl_typesupport_cExport.cmake
[1.194s] -- Up-to-date: /home/huuhoa/hospital_robot/install/nav_2d_msgs/share/nav_2d_msgs/cmake/nav_2d_msgs__rosidl_typesupport_cExport-noconfig.cmake
[1.196s] -- Up-to-date: /home/huuhoa/hospital_robot/install/nav_2d_msgs/share/nav_2d_msgs/cmake/nav_2d_msgs__rosidl_typesupport_introspection_cppExport.cmake
[1.197s] -- Up-to-date: /home/huuhoa/hospital_robot/install/nav_2d_msgs/share/nav_2d_msgs/cmake/nav_2d_msgs__rosidl_typesupport_introspection_cppExport-noconfig.cmake
[1.198s] -- Up-to-date: /home/huuhoa/hospital_robot/install/nav_2d_msgs/share/nav_2d_msgs/cmake/nav_2d_msgs__rosidl_typesupport_cppExport.cmake
[1.200s] -- Up-to-date: /home/huuhoa/hospital_robot/install/nav_2d_msgs/share/nav_2d_msgs/cmake/nav_2d_msgs__rosidl_typesupport_cppExport-noconfig.cmake
[1.201s] -- Up-to-date: /home/huuhoa/hospital_robot/install/nav_2d_msgs/share/nav_2d_msgs/cmake/export_nav_2d_msgs__rosidl_generator_pyExport.cmake
[1.201s] -- Up-to-date: /home/huuhoa/hospital_robot/install/nav_2d_msgs/share/nav_2d_msgs/cmake/export_nav_2d_msgs__rosidl_generator_pyExport-noconfig.cmake
[1.206s] Invoked command in '/home/huuhoa/hospital_robot/build/nav_2d_msgs' returned '0': CMAKE_PREFIX_PATH=/opt/ros/humble /usr/bin/cmake --install /home/huuhoa/hospital_robot/build/nav_2d_msgs
