[0.056s] Invoking command in '/home/huuhoa/hospital_robot/build/nav2_amcl': AMENT_PREFIX_PATH=/home/huuhoa/hospital_robot/install/nav2_util:/home/huuhoa/hospital_robot/install/nav2_msgs:/home/huuhoa/hospital_robot/install/nav2_common:${AMENT_PREFIX_PATH} CMAKE_PREFIX_PATH=/home/huuhoa/hospital_robot/install/nav2_util:/home/huuhoa/hospital_robot/install/nav2_msgs:/home/huuhoa/hospital_robot/install/nav2_common:/opt/ros/humble LD_LIBRARY_PATH=/home/huuhoa/hospital_robot/install/nav2_util/lib:/home/huuhoa/hospital_robot/install/nav2_msgs/lib:${LD_LIBRARY_PATH} PYTHONPATH=/home/huuhoa/hospital_robot/install/nav2_msgs/local/lib/python3.10/dist-packages:/home/huuhoa/hospital_robot/install/nav2_common/local/lib/python3.10/dist-packages:${PYTHONPATH} /usr/bin/cmake --build /home/huuhoa/hospital_robot/build/nav2_amcl -- -j2 -l2
[0.187s] [ 20%] Built target map_lib
[0.196s] [ 50%] Built target pf_lib
[0.242s] [ 70%] Built target sensors_lib
[0.261s] [ 83%] Built target motions_lib
[0.316s] [ 91%] Built target amcl_core
[0.411s] [100%] Built target amcl
[0.437s] Invoked command in '/home/huuhoa/hospital_robot/build/nav2_amcl' returned '0': AMENT_PREFIX_PATH=/home/huuhoa/hospital_robot/install/nav2_util:/home/huuhoa/hospital_robot/install/nav2_msgs:/home/huuhoa/hospital_robot/install/nav2_common:${AMENT_PREFIX_PATH} CMAKE_PREFIX_PATH=/home/huuhoa/hospital_robot/install/nav2_util:/home/huuhoa/hospital_robot/install/nav2_msgs:/home/huuhoa/hospital_robot/install/nav2_common:/opt/ros/humble LD_LIBRARY_PATH=/home/huuhoa/hospital_robot/install/nav2_util/lib:/home/huuhoa/hospital_robot/install/nav2_msgs/lib:${LD_LIBRARY_PATH} PYTHONPATH=/home/huuhoa/hospital_robot/install/nav2_msgs/local/lib/python3.10/dist-packages:/home/huuhoa/hospital_robot/install/nav2_common/local/lib/python3.10/dist-packages:${PYTHONPATH} /usr/bin/cmake --build /home/huuhoa/hospital_robot/build/nav2_amcl -- -j2 -l2
[0.442s] Invoking command in '/home/huuhoa/hospital_robot/build/nav2_amcl': AMENT_PREFIX_PATH=/home/huuhoa/hospital_robot/install/nav2_util:/home/huuhoa/hospital_robot/install/nav2_msgs:/home/huuhoa/hospital_robot/install/nav2_common:${AMENT_PREFIX_PATH} CMAKE_PREFIX_PATH=/home/huuhoa/hospital_robot/install/nav2_util:/home/huuhoa/hospital_robot/install/nav2_msgs:/home/huuhoa/hospital_robot/install/nav2_common:/opt/ros/humble LD_LIBRARY_PATH=/home/huuhoa/hospital_robot/install/nav2_util/lib:/home/huuhoa/hospital_robot/install/nav2_msgs/lib:${LD_LIBRARY_PATH} PYTHONPATH=/home/huuhoa/hospital_robot/install/nav2_msgs/local/lib/python3.10/dist-packages:/home/huuhoa/hospital_robot/install/nav2_common/local/lib/python3.10/dist-packages:${PYTHONPATH} /usr/bin/cmake --install /home/huuhoa/hospital_robot/build/nav2_amcl
[0.456s] -- Install configuration: "Release"
[0.457s] -- Execute custom install script
[0.459s] -- Up-to-date symlink: /home/huuhoa/hospital_robot/install/nav2_amcl/lib/libpf_lib.so
[0.460s] -- Up-to-date symlink: /home/huuhoa/hospital_robot/install/nav2_amcl/lib/libmap_lib.so
[0.461s] -- Up-to-date symlink: /home/huuhoa/hospital_robot/install/nav2_amcl/lib/libmotions_lib.so
[0.462s] -- Up-to-date symlink: /home/huuhoa/hospital_robot/install/nav2_amcl/lib/libsensors_lib.so
[0.463s] -- Up-to-date symlink: /home/huuhoa/hospital_robot/install/nav2_amcl/lib/libamcl_core.so
[0.464s] -- Up-to-date symlink: /home/huuhoa/hospital_robot/install/nav2_amcl/lib/nav2_amcl/amcl
[0.469s] -- Up-to-date symlink: /home/huuhoa/hospital_robot/install/nav2_amcl/include//nav2_amcl/amcl_node.hpp
[0.471s] -- Up-to-date symlink: /home/huuhoa/hospital_robot/install/nav2_amcl/include//nav2_amcl/angleutils.hpp
[0.473s] -- Up-to-date symlink: /home/huuhoa/hospital_robot/install/nav2_amcl/include//nav2_amcl/map/map.hpp
[0.476s] -- Up-to-date symlink: /home/huuhoa/hospital_robot/install/nav2_amcl/include//nav2_amcl/motion_model/differential_motion_model.hpp
[0.477s] -- Up-to-date symlink: /home/huuhoa/hospital_robot/install/nav2_amcl/include//nav2_amcl/motion_model/motion_model.hpp
[0.479s] -- Up-to-date symlink: /home/huuhoa/hospital_robot/install/nav2_amcl/include//nav2_amcl/motion_model/omni_motion_model.hpp
[0.480s] -- Up-to-date symlink: /home/huuhoa/hospital_robot/install/nav2_amcl/include//nav2_amcl/pf/eig3.hpp
[0.481s] -- Up-to-date symlink: /home/huuhoa/hospital_robot/install/nav2_amcl/include//nav2_amcl/pf/pf.hpp
[0.482s] -- Up-to-date symlink: /home/huuhoa/hospital_robot/install/nav2_amcl/include//nav2_amcl/pf/pf_kdtree.hpp
[0.482s] -- Up-to-date symlink: /home/huuhoa/hospital_robot/install/nav2_amcl/include//nav2_amcl/pf/pf_pdf.hpp
[0.488s] -- Up-to-date symlink: /home/huuhoa/hospital_robot/install/nav2_amcl/include//nav2_amcl/pf/pf_vector.hpp
[0.489s] -- Up-to-date symlink: /home/huuhoa/hospital_robot/install/nav2_amcl/include//nav2_amcl/portable_utils.hpp
[0.490s] -- Up-to-date symlink: /home/huuhoa/hospital_robot/install/nav2_amcl/include//nav2_amcl/sensors/laser/laser.hpp
[0.493s] -- Up-to-date symlink: /home/huuhoa/hospital_robot/install/nav2_amcl/share/nav2_amcl/environment/library_path.sh
[0.494s] -- Up-to-date symlink: /home/huuhoa/hospital_robot/install/nav2_amcl/share/nav2_amcl/environment/library_path.dsv
[0.495s] -- Up-to-date symlink: /home/huuhoa/hospital_robot/install/nav2_amcl/share/nav2_amcl//plugins.xml
[0.497s] -- Up-to-date symlink: /home/huuhoa/hospital_robot/install/nav2_amcl/share/ament_index/resource_index/package_run_dependencies/nav2_amcl
[0.499s] -- Up-to-date symlink: /home/huuhoa/hospital_robot/install/nav2_amcl/share/ament_index/resource_index/parent_prefix_path/nav2_amcl
[0.500s] -- Up-to-date symlink: /home/huuhoa/hospital_robot/install/nav2_amcl/share/nav2_amcl/environment/ament_prefix_path.sh
[0.501s] -- Up-to-date symlink: /home/huuhoa/hospital_robot/install/nav2_amcl/share/nav2_amcl/environment/ament_prefix_path.dsv
[0.501s] -- Up-to-date symlink: /home/huuhoa/hospital_robot/install/nav2_amcl/share/nav2_amcl/environment/path.sh
[0.502s] -- Up-to-date symlink: /home/huuhoa/hospital_robot/install/nav2_amcl/share/nav2_amcl/environment/path.dsv
[0.503s] -- Up-to-date symlink: /home/huuhoa/hospital_robot/install/nav2_amcl/share/nav2_amcl/local_setup.bash
[0.504s] -- Up-to-date symlink: /home/huuhoa/hospital_robot/install/nav2_amcl/share/nav2_amcl/local_setup.sh
[0.505s] -- Up-to-date symlink: /home/huuhoa/hospital_robot/install/nav2_amcl/share/nav2_amcl/local_setup.zsh
[0.506s] -- Up-to-date symlink: /home/huuhoa/hospital_robot/install/nav2_amcl/share/nav2_amcl/local_setup.dsv
[0.506s] -- Symlinking: /home/huuhoa/hospital_robot/install/nav2_amcl/share/nav2_amcl/package.dsv
[0.524s] -- Up-to-date symlink: /home/huuhoa/hospital_robot/install/nav2_amcl/share/ament_index/resource_index/packages/nav2_amcl
[0.526s] -- Up-to-date symlink: /home/huuhoa/hospital_robot/install/nav2_amcl/share/ament_index/resource_index/nav2_amcl__pluginlib__plugin/nav2_amcl
[0.527s] -- Up-to-date symlink: /home/huuhoa/hospital_robot/install/nav2_amcl/share/ament_index/resource_index/rclcpp_components/nav2_amcl
[0.528s] -- Up-to-date symlink: /home/huuhoa/hospital_robot/install/nav2_amcl/share/nav2_amcl/cmake/ament_cmake_export_include_directories-extras.cmake
[0.530s] -- Up-to-date symlink: /home/huuhoa/hospital_robot/install/nav2_amcl/share/nav2_amcl/cmake/ament_cmake_export_libraries-extras.cmake
[0.530s] -- Up-to-date symlink: /home/huuhoa/hospital_robot/install/nav2_amcl/share/nav2_amcl/cmake/ament_cmake_export_dependencies-extras.cmake
[0.531s] -- Up-to-date symlink: /home/huuhoa/hospital_robot/install/nav2_amcl/share/nav2_amcl/cmake/nav2_amclConfig.cmake
[0.532s] -- Up-to-date symlink: /home/huuhoa/hospital_robot/install/nav2_amcl/share/nav2_amcl/cmake/nav2_amclConfig-version.cmake
[0.533s] -- Up-to-date symlink: /home/huuhoa/hospital_robot/install/nav2_amcl/share/nav2_amcl/package.xml
[0.538s] Invoked command in '/home/huuhoa/hospital_robot/build/nav2_amcl' returned '0': AMENT_PREFIX_PATH=/home/huuhoa/hospital_robot/install/nav2_util:/home/huuhoa/hospital_robot/install/nav2_msgs:/home/huuhoa/hospital_robot/install/nav2_common:${AMENT_PREFIX_PATH} CMAKE_PREFIX_PATH=/home/huuhoa/hospital_robot/install/nav2_util:/home/huuhoa/hospital_robot/install/nav2_msgs:/home/huuhoa/hospital_robot/install/nav2_common:/opt/ros/humble LD_LIBRARY_PATH=/home/huuhoa/hospital_robot/install/nav2_util/lib:/home/huuhoa/hospital_robot/install/nav2_msgs/lib:${LD_LIBRARY_PATH} PYTHONPATH=/home/huuhoa/hospital_robot/install/nav2_msgs/local/lib/python3.10/dist-packages:/home/huuhoa/hospital_robot/install/nav2_common/local/lib/python3.10/dist-packages:${PYTHONPATH} /usr/bin/cmake --install /home/huuhoa/hospital_robot/build/nav2_amcl
