[0.095s] Invoking command in '/home/huuhoa/hospital_robot/build/nav2_mppi_controller': AMENT_PREFIX_PATH=/home/huuhoa/hospital_robot/install/nav2_core:/home/huuhoa/hospital_robot/install/nav2_costmap_2d:/home/huuhoa/hospital_robot/install/nav2_map_server:/home/huuhoa/hospital_robot/install/nav2_lifecycle_manager:/home/huuhoa/hospital_robot/install/nav2_util:/home/huuhoa/hospital_robot/install/nav2_voxel_grid:/home/huuhoa/hospital_robot/install/nav2_msgs:/home/huuhoa/hospital_robot/install/nav2_common:/home/huuhoa/hospital_robot/install/map_msgs:${AMENT_PREFIX_PATH} CMAKE_PREFIX_PATH=/home/huuhoa/hospital_robot/install/nav2_core:/home/huuhoa/hospital_robot/install/nav2_costmap_2d:/home/huuhoa/hospital_robot/install/nav2_map_server:/home/huuhoa/hospital_robot/install/nav2_lifecycle_manager:/home/huuhoa/hospital_robot/install/nav2_util:/home/huuhoa/hospital_robot/install/nav2_voxel_grid:/home/huuhoa/hospital_robot/install/nav2_msgs:/home/huuhoa/hospital_robot/install/nav2_common:/home/huuhoa/hospital_robot/install/map_msgs:/opt/ros/humble LD_LIBRARY_PATH=/home/huuhoa/hospital_robot/install/nav2_costmap_2d/lib:/home/huuhoa/hospital_robot/install/nav2_map_server/lib:/home/huuhoa/hospital_robot/install/nav2_lifecycle_manager/lib:/home/huuhoa/hospital_robot/install/nav2_util/lib:/home/huuhoa/hospital_robot/install/nav2_voxel_grid/lib:/home/huuhoa/hospital_robot/install/nav2_msgs/lib:/home/huuhoa/hospital_robot/install/map_msgs/lib:${LD_LIBRARY_PATH} PYTHONPATH=/home/huuhoa/hospital_robot/install/nav2_msgs/local/lib/python3.10/dist-packages:/home/huuhoa/hospital_robot/install/nav2_common/local/lib/python3.10/dist-packages:/home/huuhoa/hospital_robot/install/map_msgs/local/lib/python3.10/dist-packages:${PYTHONPATH} /usr/bin/cmake --build /home/huuhoa/hospital_robot/build/nav2_mppi_controller -- -j2 -l2
[0.292s] [35m[1mConsolidate compiler generated dependencies of target mppi_controller[0m
[0.378s] [  2%] [32mBuilding CXX object CMakeFiles/mppi_controller.dir/src/trajectory_visualizer.cpp.o[0m
[16.963s] [  4%] [32mBuilding CXX object CMakeFiles/mppi_controller.dir/src/path_handler.cpp.o[0m
[31.951s] [  6%] [32mBuilding CXX object CMakeFiles/mppi_controller.dir/src/parameters_handler.cpp.o[0m
[45.376s] [  8%] [32mBuilding CXX object CMakeFiles/mppi_controller.dir/src/noise_generator.cpp.o[0m
[58.040s] [ 10%] [32m[1mLinking CXX shared library libmppi_controller.so[0m
[58.784s] [ 16%] Built target mppi_controller
[58.854s] [ 18%] [32mBuilding CXX object CMakeFiles/mppi_critics.dir/src/critics/obstacles_critic.cpp.o[0m
[70.057s] [ 20%] [32mBuilding CXX object CMakeFiles/mppi_critics.dir/src/critics/cost_critic.cpp.o[0m
[83.237s] [ 22%] [32mBuilding CXX object CMakeFiles/mppi_critics.dir/src/critics/goal_critic.cpp.o[0m
[97.663s] [ 24%] [32mBuilding CXX object CMakeFiles/mppi_critics.dir/src/critics/goal_angle_critic.cpp.o[0m
[116.878s] [ 26%] [32mBuilding CXX object CMakeFiles/mppi_critics.dir/src/critics/path_align_critic.cpp.o[0m
[136.026s] [ 28%] [32mBuilding CXX object CMakeFiles/mppi_critics.dir/src/critics/path_align_legacy_critic.cpp.o[0m
[147.619s] [ 30%] [32mBuilding CXX object CMakeFiles/mppi_critics.dir/src/critics/path_follow_critic.cpp.o[0m
[176.359s] [ 32%] [32mBuilding CXX object CMakeFiles/mppi_critics.dir/src/critics/path_angle_critic.cpp.o[0m
[202.591s] [ 34%] [32mBuilding CXX object CMakeFiles/mppi_critics.dir/src/critics/prefer_forward_critic.cpp.o[0m
[225.861s] [ 36%] [32mBuilding CXX object CMakeFiles/mppi_critics.dir/src/critics/twirling_critic.cpp.o[0m
[244.425s] [ 38%] [32mBuilding CXX object CMakeFiles/mppi_critics.dir/src/critics/constraint_critic.cpp.o[0m
[259.456s] [ 40%] [32mBuilding CXX object CMakeFiles/mppi_critics.dir/src/critics/velocity_deadband_critic.cpp.o[0m
[272.006s] [ 42%] [32m[1mLinking CXX shared library libmppi_critics.so[0m
[272.770s] [ 42%] Built target mppi_critics
[272.851s] [ 44%] [32mBuilding CXX object gtest/CMakeFiles/gtest_main.dir/src/gtest_main.cc.o[0m
[274.208s] [ 46%] [32m[1mLinking CXX static library libgtest_main.a[0m
[274.347s] [ 46%] Built target gtest_main
[274.404s] [ 48%] [32mBuilding CXX object gtest/CMakeFiles/gtest.dir/src/gtest-all.cc.o[0m
[294.196s] [ 51%] [32m[1mLinking CXX static library libgtest.a[0m
[294.547s] [ 51%] Built target gtest
[294.885s] [ 53%] [32mBuilding CXX object test/CMakeFiles/optimizer_smoke_test.dir/optimizer_smoke_test.cpp.o[0m
[328.003s] [ 55%] [32m[1mLinking CXX executable optimizer_smoke_test[0m
[328.788s] [ 55%] Built target optimizer_smoke_test
[328.899s] [ 57%] [32mBuilding CXX object test/CMakeFiles/controller_state_transition_test.dir/controller_state_transition_test.cpp.o[0m
[353.921s] [ 59%] [32m[1mLinking CXX executable controller_state_transition_test[0m
[354.717s] [ 59%] Built target controller_state_transition_test
[354.907s] [ 61%] [32mBuilding CXX object test/CMakeFiles/models_test.dir/models_test.cpp.o[0m
[364.671s] [ 63%] [32m[1mLinking CXX executable models_test[0m
[365.230s] [ 63%] Built target models_test
[365.292s] [ 65%] [32mBuilding CXX object test/CMakeFiles/noise_generator_test.dir/noise_generator_test.cpp.o[0m
[377.387s] [ 67%] [32m[1mLinking CXX executable noise_generator_test[0m
[378.002s] [ 67%] Built target noise_generator_test
[378.937s] [ 69%] [32mBuilding CXX object test/CMakeFiles/parameter_handler_test.dir/parameter_handler_test.cpp.o[0m
[389.877s] [ 71%] [32m[1mLinking CXX executable parameter_handler_test[0m
[390.776s] [ 71%] Built target parameter_handler_test
[390.922s] [ 73%] [32mBuilding CXX object test/CMakeFiles/motion_model_tests.dir/motion_model_tests.cpp.o[0m
[407.386s] [ 75%] [32m[1mLinking CXX executable motion_model_tests[0m
[408.101s] [ 75%] Built target motion_model_tests
[408.163s] [ 77%] [32mBuilding CXX object test/CMakeFiles/trajectory_visualizer_tests.dir/trajectory_visualizer_tests.cpp.o[0m
[447.554s] [ 79%] [32m[1mLinking CXX executable trajectory_visualizer_tests[0m
[448.721s] [ 79%] Built target trajectory_visualizer_tests
[448.888s] [ 81%] [32mBuilding CXX object test/CMakeFiles/utils_test.dir/utils_test.cpp.o[0m
[481.235s] [ 83%] [32m[1mLinking CXX executable utils_test[0m
[481.981s] [ 83%] Built target utils_test
[482.090s] [ 85%] [32mBuilding CXX object test/CMakeFiles/path_handler_test.dir/path_handler_test.cpp.o[0m
[496.915s] [ 87%] [32m[1mLinking CXX executable path_handler_test[0m
[497.701s] [ 87%] Built target path_handler_test
[497.869s] [ 89%] [32mBuilding CXX object test/CMakeFiles/critic_manager_test.dir/critic_manager_test.cpp.o[0m
[533.428s] [ 91%] [32m[1mLinking CXX executable critic_manager_test[0m
[534.724s] [ 91%] Built target critic_manager_test
[534.850s] [ 93%] [32mBuilding CXX object test/CMakeFiles/optimizer_unit_tests.dir/optimizer_unit_tests.cpp.o[0m
[574.726s] [ 95%] [32m[1mLinking CXX executable optimizer_unit_tests[0m
[575.547s] [ 95%] Built target optimizer_unit_tests
[575.609s] [ 97%] [32mBuilding CXX object test/CMakeFiles/critics_tests.dir/critics_tests.cpp.o[0m
[614.070s] [100%] [32m[1mLinking CXX executable critics_tests[0m
[615.130s] [100%] Built target critics_tests
[615.159s] Invoked command in '/home/huuhoa/hospital_robot/build/nav2_mppi_controller' returned '0': AMENT_PREFIX_PATH=/home/huuhoa/hospital_robot/install/nav2_core:/home/huuhoa/hospital_robot/install/nav2_costmap_2d:/home/huuhoa/hospital_robot/install/nav2_map_server:/home/huuhoa/hospital_robot/install/nav2_lifecycle_manager:/home/huuhoa/hospital_robot/install/nav2_util:/home/huuhoa/hospital_robot/install/nav2_voxel_grid:/home/huuhoa/hospital_robot/install/nav2_msgs:/home/huuhoa/hospital_robot/install/nav2_common:/home/huuhoa/hospital_robot/install/map_msgs:${AMENT_PREFIX_PATH} CMAKE_PREFIX_PATH=/home/huuhoa/hospital_robot/install/nav2_core:/home/huuhoa/hospital_robot/install/nav2_costmap_2d:/home/huuhoa/hospital_robot/install/nav2_map_server:/home/huuhoa/hospital_robot/install/nav2_lifecycle_manager:/home/huuhoa/hospital_robot/install/nav2_util:/home/huuhoa/hospital_robot/install/nav2_voxel_grid:/home/huuhoa/hospital_robot/install/nav2_msgs:/home/huuhoa/hospital_robot/install/nav2_common:/home/huuhoa/hospital_robot/install/map_msgs:/opt/ros/humble LD_LIBRARY_PATH=/home/huuhoa/hospital_robot/install/nav2_costmap_2d/lib:/home/huuhoa/hospital_robot/install/nav2_map_server/lib:/home/huuhoa/hospital_robot/install/nav2_lifecycle_manager/lib:/home/huuhoa/hospital_robot/install/nav2_util/lib:/home/huuhoa/hospital_robot/install/nav2_voxel_grid/lib:/home/huuhoa/hospital_robot/install/nav2_msgs/lib:/home/huuhoa/hospital_robot/install/map_msgs/lib:${LD_LIBRARY_PATH} PYTHONPATH=/home/huuhoa/hospital_robot/install/nav2_msgs/local/lib/python3.10/dist-packages:/home/huuhoa/hospital_robot/install/nav2_common/local/lib/python3.10/dist-packages:/home/huuhoa/hospital_robot/install/map_msgs/local/lib/python3.10/dist-packages:${PYTHONPATH} /usr/bin/cmake --build /home/huuhoa/hospital_robot/build/nav2_mppi_controller -- -j2 -l2
[615.191s] Invoking command in '/home/huuhoa/hospital_robot/build/nav2_mppi_controller': AMENT_PREFIX_PATH=/home/huuhoa/hospital_robot/install/nav2_core:/home/huuhoa/hospital_robot/install/nav2_costmap_2d:/home/huuhoa/hospital_robot/install/nav2_map_server:/home/huuhoa/hospital_robot/install/nav2_lifecycle_manager:/home/huuhoa/hospital_robot/install/nav2_util:/home/huuhoa/hospital_robot/install/nav2_voxel_grid:/home/huuhoa/hospital_robot/install/nav2_msgs:/home/huuhoa/hospital_robot/install/nav2_common:/home/huuhoa/hospital_robot/install/map_msgs:${AMENT_PREFIX_PATH} CMAKE_PREFIX_PATH=/home/huuhoa/hospital_robot/install/nav2_core:/home/huuhoa/hospital_robot/install/nav2_costmap_2d:/home/huuhoa/hospital_robot/install/nav2_map_server:/home/huuhoa/hospital_robot/install/nav2_lifecycle_manager:/home/huuhoa/hospital_robot/install/nav2_util:/home/huuhoa/hospital_robot/install/nav2_voxel_grid:/home/huuhoa/hospital_robot/install/nav2_msgs:/home/huuhoa/hospital_robot/install/nav2_common:/home/huuhoa/hospital_robot/install/map_msgs:/opt/ros/humble LD_LIBRARY_PATH=/home/huuhoa/hospital_robot/install/nav2_costmap_2d/lib:/home/huuhoa/hospital_robot/install/nav2_map_server/lib:/home/huuhoa/hospital_robot/install/nav2_lifecycle_manager/lib:/home/huuhoa/hospital_robot/install/nav2_util/lib:/home/huuhoa/hospital_robot/install/nav2_voxel_grid/lib:/home/huuhoa/hospital_robot/install/nav2_msgs/lib:/home/huuhoa/hospital_robot/install/map_msgs/lib:${LD_LIBRARY_PATH} PYTHONPATH=/home/huuhoa/hospital_robot/install/nav2_msgs/local/lib/python3.10/dist-packages:/home/huuhoa/hospital_robot/install/nav2_common/local/lib/python3.10/dist-packages:/home/huuhoa/hospital_robot/install/map_msgs/local/lib/python3.10/dist-packages:${PYTHONPATH} /usr/bin/cmake --install /home/huuhoa/hospital_robot/build/nav2_mppi_controller
[615.226s] -- Install configuration: "Release"
[615.231s] -- Execute custom install script
[615.242s] -- Symlinking: /home/huuhoa/hospital_robot/install/nav2_mppi_controller/lib/libmppi_controller.so
[615.324s] -- Symlinking: /home/huuhoa/hospital_robot/install/nav2_mppi_controller/lib/libmppi_critics.so
[615.364s] -- Symlinking: /home/huuhoa/hospital_robot/install/nav2_mppi_controller/include//nav2_mppi_controller/controller.hpp
[615.394s] -- Symlinking: /home/huuhoa/hospital_robot/install/nav2_mppi_controller/include//nav2_mppi_controller/critic_data.hpp
[615.428s] -- Symlinking: /home/huuhoa/hospital_robot/install/nav2_mppi_controller/include//nav2_mppi_controller/critic_function.hpp
[615.448s] -- Symlinking: /home/huuhoa/hospital_robot/install/nav2_mppi_controller/include//nav2_mppi_controller/critic_manager.hpp
[615.484s] -- Symlinking: /home/huuhoa/hospital_robot/install/nav2_mppi_controller/include//nav2_mppi_controller/critics/constraint_critic.hpp
[615.507s] -- Symlinking: /home/huuhoa/hospital_robot/install/nav2_mppi_controller/include//nav2_mppi_controller/critics/cost_critic.hpp
[615.535s] -- Symlinking: /home/huuhoa/hospital_robot/install/nav2_mppi_controller/include//nav2_mppi_controller/critics/goal_angle_critic.hpp
[615.555s] -- Symlinking: /home/huuhoa/hospital_robot/install/nav2_mppi_controller/include//nav2_mppi_controller/critics/goal_critic.hpp
[615.575s] -- Symlinking: /home/huuhoa/hospital_robot/install/nav2_mppi_controller/include//nav2_mppi_controller/critics/obstacles_critic.hpp
[615.598s] -- Symlinking: /home/huuhoa/hospital_robot/install/nav2_mppi_controller/include//nav2_mppi_controller/critics/path_align_critic.hpp
[615.619s] -- Symlinking: /home/huuhoa/hospital_robot/install/nav2_mppi_controller/include//nav2_mppi_controller/critics/path_align_legacy_critic.hpp
[615.647s] -- Symlinking: /home/huuhoa/hospital_robot/install/nav2_mppi_controller/include//nav2_mppi_controller/critics/path_angle_critic.hpp
[615.671s] -- Symlinking: /home/huuhoa/hospital_robot/install/nav2_mppi_controller/include//nav2_mppi_controller/critics/path_follow_critic.hpp
[615.696s] -- Symlinking: /home/huuhoa/hospital_robot/install/nav2_mppi_controller/include//nav2_mppi_controller/critics/prefer_forward_critic.hpp
[615.714s] -- Symlinking: /home/huuhoa/hospital_robot/install/nav2_mppi_controller/include//nav2_mppi_controller/critics/twirling_critic.hpp
[615.738s] -- Symlinking: /home/huuhoa/hospital_robot/install/nav2_mppi_controller/include//nav2_mppi_controller/critics/velocity_deadband_critic.hpp
[615.762s] -- Symlinking: /home/huuhoa/hospital_robot/install/nav2_mppi_controller/include//nav2_mppi_controller/models/constraints.hpp
[615.786s] -- Symlinking: /home/huuhoa/hospital_robot/install/nav2_mppi_controller/include//nav2_mppi_controller/models/control_sequence.hpp
[615.812s] -- Symlinking: /home/huuhoa/hospital_robot/install/nav2_mppi_controller/include//nav2_mppi_controller/models/optimizer_settings.hpp
[615.845s] -- Symlinking: /home/huuhoa/hospital_robot/install/nav2_mppi_controller/include//nav2_mppi_controller/models/path.hpp
[615.884s] -- Symlinking: /home/huuhoa/hospital_robot/install/nav2_mppi_controller/include//nav2_mppi_controller/models/state.hpp
[615.925s] -- Symlinking: /home/huuhoa/hospital_robot/install/nav2_mppi_controller/include//nav2_mppi_controller/models/trajectories.hpp
[615.971s] -- Symlinking: /home/huuhoa/hospital_robot/install/nav2_mppi_controller/include//nav2_mppi_controller/motion_models.hpp
[616.013s] -- Symlinking: /home/huuhoa/hospital_robot/install/nav2_mppi_controller/include//nav2_mppi_controller/optimizer.hpp
[616.041s] -- Symlinking: /home/huuhoa/hospital_robot/install/nav2_mppi_controller/include//nav2_mppi_controller/tools/noise_generator.hpp
[616.075s] -- Symlinking: /home/huuhoa/hospital_robot/install/nav2_mppi_controller/include//nav2_mppi_controller/tools/parameters_handler.hpp
[616.117s] -- Symlinking: /home/huuhoa/hospital_robot/install/nav2_mppi_controller/include//nav2_mppi_controller/tools/path_handler.hpp
[616.146s] -- Symlinking: /home/huuhoa/hospital_robot/install/nav2_mppi_controller/include//nav2_mppi_controller/tools/trajectory_visualizer.hpp
[616.167s] -- Symlinking: /home/huuhoa/hospital_robot/install/nav2_mppi_controller/include//nav2_mppi_controller/tools/utils.hpp
[616.189s] -- Symlinking: /home/huuhoa/hospital_robot/install/nav2_mppi_controller/share/nav2_mppi_controller/environment/library_path.sh
[616.214s] -- Symlinking: /home/huuhoa/hospital_robot/install/nav2_mppi_controller/share/nav2_mppi_controller/environment/library_path.dsv
[616.247s] -- Symlinking: /home/huuhoa/hospital_robot/install/nav2_mppi_controller/share/nav2_mppi_controller//mppic.xml
[616.271s] -- Symlinking: /home/huuhoa/hospital_robot/install/nav2_mppi_controller/share/nav2_mppi_controller//critics.xml
[616.304s] -- Symlinking: /home/huuhoa/hospital_robot/install/nav2_mppi_controller/share/ament_index/resource_index/package_run_dependencies/nav2_mppi_controller
[616.343s] -- Symlinking: /home/huuhoa/hospital_robot/install/nav2_mppi_controller/share/ament_index/resource_index/parent_prefix_path/nav2_mppi_controller
[616.403s] -- Symlinking: /home/huuhoa/hospital_robot/install/nav2_mppi_controller/share/nav2_mppi_controller/environment/ament_prefix_path.sh
[616.471s] -- Symlinking: /home/huuhoa/hospital_robot/install/nav2_mppi_controller/share/nav2_mppi_controller/environment/ament_prefix_path.dsv
[616.525s] -- Symlinking: /home/huuhoa/hospital_robot/install/nav2_mppi_controller/share/nav2_mppi_controller/environment/path.sh
[616.558s] -- Symlinking: /home/huuhoa/hospital_robot/install/nav2_mppi_controller/share/nav2_mppi_controller/environment/path.dsv
[616.575s] -- Symlinking: /home/huuhoa/hospital_robot/install/nav2_mppi_controller/share/nav2_mppi_controller/local_setup.bash
[616.594s] -- Symlinking: /home/huuhoa/hospital_robot/install/nav2_mppi_controller/share/nav2_mppi_controller/local_setup.sh
[616.734s] -- Symlinking: /home/huuhoa/hospital_robot/install/nav2_mppi_controller/share/nav2_mppi_controller/local_setup.zsh
[616.753s] -- Symlinking: /home/huuhoa/hospital_robot/install/nav2_mppi_controller/share/nav2_mppi_controller/local_setup.dsv
[616.792s] -- Symlinking: /home/huuhoa/hospital_robot/install/nav2_mppi_controller/share/nav2_mppi_controller/package.dsv
[616.837s] -- Symlinking: /home/huuhoa/hospital_robot/install/nav2_mppi_controller/share/ament_index/resource_index/packages/nav2_mppi_controller
[616.840s] -- Symlinking: /home/huuhoa/hospital_robot/install/nav2_mppi_controller/share/ament_index/resource_index/nav2_core__pluginlib__plugin/nav2_mppi_controller
[616.872s] -- Symlinking: /home/huuhoa/hospital_robot/install/nav2_mppi_controller/share/ament_index/resource_index/nav2_mppi_controller__pluginlib__plugin/nav2_mppi_controller
[616.919s] -- Symlinking: /home/huuhoa/hospital_robot/install/nav2_mppi_controller/share/nav2_mppi_controller/cmake/ament_cmake_export_libraries-extras.cmake
[616.941s] -- Symlinking: /home/huuhoa/hospital_robot/install/nav2_mppi_controller/share/nav2_mppi_controller/cmake/ament_cmake_export_dependencies-extras.cmake
[616.970s] -- Symlinking: /home/huuhoa/hospital_robot/install/nav2_mppi_controller/share/nav2_mppi_controller/cmake/ament_cmake_export_include_directories-extras.cmake
[616.991s] -- Symlinking: /home/huuhoa/hospital_robot/install/nav2_mppi_controller/share/nav2_mppi_controller/cmake/nav2_mppi_controllerConfig.cmake
[617.018s] -- Symlinking: /home/huuhoa/hospital_robot/install/nav2_mppi_controller/share/nav2_mppi_controller/cmake/nav2_mppi_controllerConfig-version.cmake
[617.045s] -- Symlinking: /home/huuhoa/hospital_robot/install/nav2_mppi_controller/share/nav2_mppi_controller/package.xml
[617.090s] Invoked command in '/home/huuhoa/hospital_robot/build/nav2_mppi_controller' returned '0': AMENT_PREFIX_PATH=/home/huuhoa/hospital_robot/install/nav2_core:/home/huuhoa/hospital_robot/install/nav2_costmap_2d:/home/huuhoa/hospital_robot/install/nav2_map_server:/home/huuhoa/hospital_robot/install/nav2_lifecycle_manager:/home/huuhoa/hospital_robot/install/nav2_util:/home/huuhoa/hospital_robot/install/nav2_voxel_grid:/home/huuhoa/hospital_robot/install/nav2_msgs:/home/huuhoa/hospital_robot/install/nav2_common:/home/huuhoa/hospital_robot/install/map_msgs:${AMENT_PREFIX_PATH} CMAKE_PREFIX_PATH=/home/huuhoa/hospital_robot/install/nav2_core:/home/huuhoa/hospital_robot/install/nav2_costmap_2d:/home/huuhoa/hospital_robot/install/nav2_map_server:/home/huuhoa/hospital_robot/install/nav2_lifecycle_manager:/home/huuhoa/hospital_robot/install/nav2_util:/home/huuhoa/hospital_robot/install/nav2_voxel_grid:/home/huuhoa/hospital_robot/install/nav2_msgs:/home/huuhoa/hospital_robot/install/nav2_common:/home/huuhoa/hospital_robot/install/map_msgs:/opt/ros/humble LD_LIBRARY_PATH=/home/huuhoa/hospital_robot/install/nav2_costmap_2d/lib:/home/huuhoa/hospital_robot/install/nav2_map_server/lib:/home/huuhoa/hospital_robot/install/nav2_lifecycle_manager/lib:/home/huuhoa/hospital_robot/install/nav2_util/lib:/home/huuhoa/hospital_robot/install/nav2_voxel_grid/lib:/home/huuhoa/hospital_robot/install/nav2_msgs/lib:/home/huuhoa/hospital_robot/install/map_msgs/lib:${LD_LIBRARY_PATH} PYTHONPATH=/home/huuhoa/hospital_robot/install/nav2_msgs/local/lib/python3.10/dist-packages:/home/huuhoa/hospital_robot/install/nav2_common/local/lib/python3.10/dist-packages:/home/huuhoa/hospital_robot/install/map_msgs/local/lib/python3.10/dist-packages:${PYTHONPATH} /usr/bin/cmake --install /home/huuhoa/hospital_robot/build/nav2_mppi_controller
