[0.128s] Invoking command in '/home/huuhoa/hospital_robot/build/nav2_controller': AMENT_PREFIX_PATH=/home/huuhoa/hospital_robot/install/nav2_core:/home/huuhoa/hospital_robot/install/nav2_costmap_2d:/home/huuhoa/hospital_robot/install/nav_2d_utils:/home/huuhoa/hospital_robot/install/nav2_map_server:/home/huuhoa/hospital_robot/install/nav2_lifecycle_manager:/home/huuhoa/hospital_robot/install/nav2_util:/home/huuhoa/hospital_robot/install/nav2_voxel_grid:/home/huuhoa/hospital_robot/install/nav2_msgs:/home/huuhoa/hospital_robot/install/nav_2d_msgs:/home/huuhoa/hospital_robot/install/nav2_common:/home/huuhoa/hospital_robot/install/map_msgs:${AMENT_PREFIX_PATH} CMAKE_PREFIX_PATH=/home/huuhoa/hospital_robot/install/nav2_core:/home/huuhoa/hospital_robot/install/nav2_costmap_2d:/home/huuhoa/hospital_robot/install/nav_2d_utils:/home/huuhoa/hospital_robot/install/nav2_map_server:/home/huuhoa/hospital_robot/install/nav2_lifecycle_manager:/home/huuhoa/hospital_robot/install/nav2_util:/home/huuhoa/hospital_robot/install/nav2_voxel_grid:/home/huuhoa/hospital_robot/install/nav2_msgs:/home/huuhoa/hospital_robot/install/nav_2d_msgs:/home/huuhoa/hospital_robot/install/nav2_common:/home/huuhoa/hospital_robot/install/map_msgs:/opt/ros/humble LD_LIBRARY_PATH=/home/huuhoa/hospital_robot/install/nav2_costmap_2d/lib:/home/huuhoa/hospital_robot/install/nav_2d_utils/lib:/home/huuhoa/hospital_robot/install/nav2_map_server/lib:/home/huuhoa/hospital_robot/install/nav2_lifecycle_manager/lib:/home/huuhoa/hospital_robot/install/nav2_util/lib:/home/huuhoa/hospital_robot/install/nav2_voxel_grid/lib:/home/huuhoa/hospital_robot/install/nav2_msgs/lib:/home/huuhoa/hospital_robot/install/nav_2d_msgs/lib:/home/huuhoa/hospital_robot/install/map_msgs/lib:${LD_LIBRARY_PATH} PYTHONPATH=/home/huuhoa/hospital_robot/install/nav2_msgs/local/lib/python3.10/dist-packages:/home/huuhoa/hospital_robot/install/nav_2d_msgs/local/lib/python3.10/dist-packages:/home/huuhoa/hospital_robot/install/nav2_common/local/lib/python3.10/dist-packages:/home/huuhoa/hospital_robot/install/map_msgs/local/lib/python3.10/dist-packages:${PYTHONPATH} /usr/bin/cmake --build /home/huuhoa/hospital_robot/build/nav2_controller -- -j2 -l2
[0.446s] [  8%] Built target simple_progress_checker
[0.477s] [ 16%] Built target controller_server_core
[0.602s] [ 25%] Built target simple_goal_checker
[0.641s] [ 33%] Built target position_goal_checker
[0.719s] [ 41%] Built target gtest
[0.795s] [ 50%] Built target gtest_main
[0.903s] [ 58%] Built target controller_server
[0.967s] [ 66%] Built target pose_progress_checker
[1.081s] [ 75%] Built target stopped_goal_checker
[1.100s] [ 83%] Built target test_dynamic_parameters
[1.218s] [ 91%] Built target pctest
[1.238s] [100%] Built target gctest
[1.277s] Invoked command in '/home/huuhoa/hospital_robot/build/nav2_controller' returned '0': AMENT_PREFIX_PATH=/home/huuhoa/hospital_robot/install/nav2_core:/home/huuhoa/hospital_robot/install/nav2_costmap_2d:/home/huuhoa/hospital_robot/install/nav_2d_utils:/home/huuhoa/hospital_robot/install/nav2_map_server:/home/huuhoa/hospital_robot/install/nav2_lifecycle_manager:/home/huuhoa/hospital_robot/install/nav2_util:/home/huuhoa/hospital_robot/install/nav2_voxel_grid:/home/huuhoa/hospital_robot/install/nav2_msgs:/home/huuhoa/hospital_robot/install/nav_2d_msgs:/home/huuhoa/hospital_robot/install/nav2_common:/home/huuhoa/hospital_robot/install/map_msgs:${AMENT_PREFIX_PATH} CMAKE_PREFIX_PATH=/home/huuhoa/hospital_robot/install/nav2_core:/home/huuhoa/hospital_robot/install/nav2_costmap_2d:/home/huuhoa/hospital_robot/install/nav_2d_utils:/home/huuhoa/hospital_robot/install/nav2_map_server:/home/huuhoa/hospital_robot/install/nav2_lifecycle_manager:/home/huuhoa/hospital_robot/install/nav2_util:/home/huuhoa/hospital_robot/install/nav2_voxel_grid:/home/huuhoa/hospital_robot/install/nav2_msgs:/home/huuhoa/hospital_robot/install/nav_2d_msgs:/home/huuhoa/hospital_robot/install/nav2_common:/home/huuhoa/hospital_robot/install/map_msgs:/opt/ros/humble LD_LIBRARY_PATH=/home/huuhoa/hospital_robot/install/nav2_costmap_2d/lib:/home/huuhoa/hospital_robot/install/nav_2d_utils/lib:/home/huuhoa/hospital_robot/install/nav2_map_server/lib:/home/huuhoa/hospital_robot/install/nav2_lifecycle_manager/lib:/home/huuhoa/hospital_robot/install/nav2_util/lib:/home/huuhoa/hospital_robot/install/nav2_voxel_grid/lib:/home/huuhoa/hospital_robot/install/nav2_msgs/lib:/home/huuhoa/hospital_robot/install/nav_2d_msgs/lib:/home/huuhoa/hospital_robot/install/map_msgs/lib:${LD_LIBRARY_PATH} PYTHONPATH=/home/huuhoa/hospital_robot/install/nav2_msgs/local/lib/python3.10/dist-packages:/home/huuhoa/hospital_robot/install/nav_2d_msgs/local/lib/python3.10/dist-packages:/home/huuhoa/hospital_robot/install/nav2_common/local/lib/python3.10/dist-packages:/home/huuhoa/hospital_robot/install/map_msgs/local/lib/python3.10/dist-packages:${PYTHONPATH} /usr/bin/cmake --build /home/huuhoa/hospital_robot/build/nav2_controller -- -j2 -l2
[1.298s] Invoking command in '/home/huuhoa/hospital_robot/build/nav2_controller': AMENT_PREFIX_PATH=/home/huuhoa/hospital_robot/install/nav2_core:/home/huuhoa/hospital_robot/install/nav2_costmap_2d:/home/huuhoa/hospital_robot/install/nav_2d_utils:/home/huuhoa/hospital_robot/install/nav2_map_server:/home/huuhoa/hospital_robot/install/nav2_lifecycle_manager:/home/huuhoa/hospital_robot/install/nav2_util:/home/huuhoa/hospital_robot/install/nav2_voxel_grid:/home/huuhoa/hospital_robot/install/nav2_msgs:/home/huuhoa/hospital_robot/install/nav_2d_msgs:/home/huuhoa/hospital_robot/install/nav2_common:/home/huuhoa/hospital_robot/install/map_msgs:${AMENT_PREFIX_PATH} CMAKE_PREFIX_PATH=/home/huuhoa/hospital_robot/install/nav2_core:/home/huuhoa/hospital_robot/install/nav2_costmap_2d:/home/huuhoa/hospital_robot/install/nav_2d_utils:/home/huuhoa/hospital_robot/install/nav2_map_server:/home/huuhoa/hospital_robot/install/nav2_lifecycle_manager:/home/huuhoa/hospital_robot/install/nav2_util:/home/huuhoa/hospital_robot/install/nav2_voxel_grid:/home/huuhoa/hospital_robot/install/nav2_msgs:/home/huuhoa/hospital_robot/install/nav_2d_msgs:/home/huuhoa/hospital_robot/install/nav2_common:/home/huuhoa/hospital_robot/install/map_msgs:/opt/ros/humble LD_LIBRARY_PATH=/home/huuhoa/hospital_robot/install/nav2_costmap_2d/lib:/home/huuhoa/hospital_robot/install/nav_2d_utils/lib:/home/huuhoa/hospital_robot/install/nav2_map_server/lib:/home/huuhoa/hospital_robot/install/nav2_lifecycle_manager/lib:/home/huuhoa/hospital_robot/install/nav2_util/lib:/home/huuhoa/hospital_robot/install/nav2_voxel_grid/lib:/home/huuhoa/hospital_robot/install/nav2_msgs/lib:/home/huuhoa/hospital_robot/install/nav_2d_msgs/lib:/home/huuhoa/hospital_robot/install/map_msgs/lib:${LD_LIBRARY_PATH} PYTHONPATH=/home/huuhoa/hospital_robot/install/nav2_msgs/local/lib/python3.10/dist-packages:/home/huuhoa/hospital_robot/install/nav_2d_msgs/local/lib/python3.10/dist-packages:/home/huuhoa/hospital_robot/install/nav2_common/local/lib/python3.10/dist-packages:/home/huuhoa/hospital_robot/install/map_msgs/local/lib/python3.10/dist-packages:${PYTHONPATH} /usr/bin/cmake --install /home/huuhoa/hospital_robot/build/nav2_controller
[1.318s] -- Install configuration: "Release"
[1.321s] -- Execute custom install script
[1.328s] -- Up-to-date symlink: /home/huuhoa/hospital_robot/install/nav2_controller/lib/libsimple_progress_checker.so
[1.330s] -- Up-to-date symlink: /home/huuhoa/hospital_robot/install/nav2_controller/lib/libpose_progress_checker.so
[1.335s] -- Up-to-date symlink: /home/huuhoa/hospital_robot/install/nav2_controller/lib/libsimple_goal_checker.so
[1.339s] -- Up-to-date symlink: /home/huuhoa/hospital_robot/install/nav2_controller/lib/libstopped_goal_checker.so
[1.340s] -- Up-to-date symlink: /home/huuhoa/hospital_robot/install/nav2_controller/lib/libposition_goal_checker.so
[1.341s] -- Up-to-date symlink: /home/huuhoa/hospital_robot/install/nav2_controller/lib/libcontroller_server_core.so
[1.356s] -- Up-to-date symlink: /home/huuhoa/hospital_robot/install/nav2_controller/lib/nav2_controller/controller_server
[1.363s] -- Up-to-date symlink: /home/huuhoa/hospital_robot/install/nav2_controller/include//nav2_controller/controller_server.hpp
[1.366s] -- Up-to-date symlink: /home/huuhoa/hospital_robot/install/nav2_controller/include//nav2_controller/plugins/pose_progress_checker.hpp
[1.366s] -- Up-to-date symlink: /home/huuhoa/hospital_robot/install/nav2_controller/include//nav2_controller/plugins/position_goal_checker.hpp
[1.367s] -- Up-to-date symlink: /home/huuhoa/hospital_robot/install/nav2_controller/include//nav2_controller/plugins/simple_goal_checker.hpp
[1.370s] -- Up-to-date symlink: /home/huuhoa/hospital_robot/install/nav2_controller/include//nav2_controller/plugins/simple_progress_checker.hpp
[1.370s] -- Up-to-date symlink: /home/huuhoa/hospital_robot/install/nav2_controller/include//nav2_controller/plugins/stopped_goal_checker.hpp
[1.383s] -- Up-to-date symlink: /home/huuhoa/hospital_robot/install/nav2_controller/share/nav2_controller/environment/library_path.sh
[1.383s] -- Up-to-date symlink: /home/huuhoa/hospital_robot/install/nav2_controller/share/nav2_controller/environment/library_path.dsv
[1.384s] -- Up-to-date symlink: /home/huuhoa/hospital_robot/install/nav2_controller/share/nav2_controller//plugins.xml
[1.388s] -- Up-to-date symlink: /home/huuhoa/hospital_robot/install/nav2_controller/share/ament_index/resource_index/package_run_dependencies/nav2_controller
[1.390s] -- Up-to-date symlink: /home/huuhoa/hospital_robot/install/nav2_controller/share/ament_index/resource_index/parent_prefix_path/nav2_controller
[1.391s] -- Up-to-date symlink: /home/huuhoa/hospital_robot/install/nav2_controller/share/nav2_controller/environment/ament_prefix_path.sh
[1.393s] -- Up-to-date symlink: /home/huuhoa/hospital_robot/install/nav2_controller/share/nav2_controller/environment/ament_prefix_path.dsv
[1.396s] -- Up-to-date symlink: /home/huuhoa/hospital_robot/install/nav2_controller/share/nav2_controller/environment/path.sh
[1.396s] -- Up-to-date symlink: /home/huuhoa/hospital_robot/install/nav2_controller/share/nav2_controller/environment/path.dsv
[1.397s] -- Up-to-date symlink: /home/huuhoa/hospital_robot/install/nav2_controller/share/nav2_controller/local_setup.bash
[1.399s] -- Up-to-date symlink: /home/huuhoa/hospital_robot/install/nav2_controller/share/nav2_controller/local_setup.sh
[1.402s] -- Up-to-date symlink: /home/huuhoa/hospital_robot/install/nav2_controller/share/nav2_controller/local_setup.zsh
[1.403s] -- Up-to-date symlink: /home/huuhoa/hospital_robot/install/nav2_controller/share/nav2_controller/local_setup.dsv
[1.404s] -- Symlinking: /home/huuhoa/hospital_robot/install/nav2_controller/share/nav2_controller/package.dsv
[1.432s] -- Up-to-date symlink: /home/huuhoa/hospital_robot/install/nav2_controller/share/ament_index/resource_index/packages/nav2_controller
[1.436s] -- Up-to-date symlink: /home/huuhoa/hospital_robot/install/nav2_controller/share/ament_index/resource_index/nav2_core__pluginlib__plugin/nav2_controller
[1.438s] -- Up-to-date symlink: /home/huuhoa/hospital_robot/install/nav2_controller/share/ament_index/resource_index/rclcpp_components/nav2_controller
[1.442s] -- Up-to-date symlink: /home/huuhoa/hospital_robot/install/nav2_controller/share/nav2_controller/cmake/ament_cmake_export_include_directories-extras.cmake
[1.442s] -- Up-to-date symlink: /home/huuhoa/hospital_robot/install/nav2_controller/share/nav2_controller/cmake/ament_cmake_export_libraries-extras.cmake
[1.444s] -- Up-to-date symlink: /home/huuhoa/hospital_robot/install/nav2_controller/share/nav2_controller/cmake/ament_cmake_export_dependencies-extras.cmake
[1.450s] -- Up-to-date symlink: /home/huuhoa/hospital_robot/install/nav2_controller/share/nav2_controller/cmake/nav2_controllerConfig.cmake
[1.457s] -- Up-to-date symlink: /home/huuhoa/hospital_robot/install/nav2_controller/share/nav2_controller/cmake/nav2_controllerConfig-version.cmake
[1.458s] -- Up-to-date symlink: /home/huuhoa/hospital_robot/install/nav2_controller/share/nav2_controller/package.xml
[1.471s] Invoked command in '/home/huuhoa/hospital_robot/build/nav2_controller' returned '0': AMENT_PREFIX_PATH=/home/huuhoa/hospital_robot/install/nav2_core:/home/huuhoa/hospital_robot/install/nav2_costmap_2d:/home/huuhoa/hospital_robot/install/nav_2d_utils:/home/huuhoa/hospital_robot/install/nav2_map_server:/home/huuhoa/hospital_robot/install/nav2_lifecycle_manager:/home/huuhoa/hospital_robot/install/nav2_util:/home/huuhoa/hospital_robot/install/nav2_voxel_grid:/home/huuhoa/hospital_robot/install/nav2_msgs:/home/huuhoa/hospital_robot/install/nav_2d_msgs:/home/huuhoa/hospital_robot/install/nav2_common:/home/huuhoa/hospital_robot/install/map_msgs:${AMENT_PREFIX_PATH} CMAKE_PREFIX_PATH=/home/huuhoa/hospital_robot/install/nav2_core:/home/huuhoa/hospital_robot/install/nav2_costmap_2d:/home/huuhoa/hospital_robot/install/nav_2d_utils:/home/huuhoa/hospital_robot/install/nav2_map_server:/home/huuhoa/hospital_robot/install/nav2_lifecycle_manager:/home/huuhoa/hospital_robot/install/nav2_util:/home/huuhoa/hospital_robot/install/nav2_voxel_grid:/home/huuhoa/hospital_robot/install/nav2_msgs:/home/huuhoa/hospital_robot/install/nav_2d_msgs:/home/huuhoa/hospital_robot/install/nav2_common:/home/huuhoa/hospital_robot/install/map_msgs:/opt/ros/humble LD_LIBRARY_PATH=/home/huuhoa/hospital_robot/install/nav2_costmap_2d/lib:/home/huuhoa/hospital_robot/install/nav_2d_utils/lib:/home/huuhoa/hospital_robot/install/nav2_map_server/lib:/home/huuhoa/hospital_robot/install/nav2_lifecycle_manager/lib:/home/huuhoa/hospital_robot/install/nav2_util/lib:/home/huuhoa/hospital_robot/install/nav2_voxel_grid/lib:/home/huuhoa/hospital_robot/install/nav2_msgs/lib:/home/huuhoa/hospital_robot/install/nav_2d_msgs/lib:/home/huuhoa/hospital_robot/install/map_msgs/lib:${LD_LIBRARY_PATH} PYTHONPATH=/home/huuhoa/hospital_robot/install/nav2_msgs/local/lib/python3.10/dist-packages:/home/huuhoa/hospital_robot/install/nav_2d_msgs/local/lib/python3.10/dist-packages:/home/huuhoa/hospital_robot/install/nav2_common/local/lib/python3.10/dist-packages:/home/huuhoa/hospital_robot/install/map_msgs/local/lib/python3.10/dist-packages:${PYTHONPATH} /usr/bin/cmake --install /home/huuhoa/hospital_robot/build/nav2_controller
