[0.033s] Invoking command in '/home/huuhoa/hospital_robot/build/dwb_msgs': AMENT_PREFIX_PATH=/home/huuhoa/hospital_robot/install/nav_2d_msgs:${AMENT_PREFIX_PATH} CMAKE_PREFIX_PATH=/home/huuhoa/hospital_robot/install/nav_2d_msgs:/opt/ros/humble LD_LIBRARY_PATH=/home/huuhoa/hospital_robot/install/nav_2d_msgs/lib:${LD_LIBRARY_PATH} PYTHONPATH=/home/huuhoa/hospital_robot/install/nav_2d_msgs/local/lib/python3.10/dist-packages:${PYTHONPATH} /usr/bin/cmake --build /home/huuhoa/hospital_robot/build/dwb_msgs -- -j2 -l2
[0.230s] [  1%] Built target dwb_msgs__cpp
[0.243s] [ 12%] Built target dwb_msgs__rosidl_generator_c
[0.329s] [ 12%] Built target ament_cmake_python_symlink_dwb_msgs
[0.349s] [ 24%] Built target dwb_msgs__rosidl_typesupport_cpp
[0.444s] [ 35%] Built target dwb_msgs__rosidl_typesupport_fastrtps_c
[0.447s] [ 47%] Built target dwb_msgs__rosidl_typesupport_fastrtps_cpp
[0.514s] [ 58%] Built target dwb_msgs__rosidl_typesupport_introspection_c
[0.533s] [ 70%] Built target dwb_msgs__rosidl_typesupport_c
[0.593s] [ 82%] Built target dwb_msgs__rosidl_typesupport_introspection_cpp
[0.677s] [ 82%] Built target dwb_msgs
[0.744s] [ 83%] Built target dwb_msgs__py
[0.823s] [ 93%] Built target dwb_msgs__rosidl_generator_py
[0.892s] running egg_info
[0.893s] writing dwb_msgs.egg-info/PKG-INFO
[0.893s] writing dependency_links to dwb_msgs.egg-info/dependency_links.txt
[0.894s] writing top-level names to dwb_msgs.egg-info/top_level.txt
[0.901s] [ 95%] Built target dwb_msgs__rosidl_typesupport_fastrtps_c__pyext
[0.901s] reading manifest file 'dwb_msgs.egg-info/SOURCES.txt'
[0.909s] writing manifest file 'dwb_msgs.egg-info/SOURCES.txt'
[0.938s] [ 95%] Built target ament_cmake_python_build_dwb_msgs_egg
[0.961s] [ 97%] Built target dwb_msgs__rosidl_typesupport_introspection_c__pyext
[1.003s] [100%] Built target dwb_msgs__rosidl_typesupport_c__pyext
[1.020s] Invoked command in '/home/huuhoa/hospital_robot/build/dwb_msgs' returned '0': AMENT_PREFIX_PATH=/home/huuhoa/hospital_robot/install/nav_2d_msgs:${AMENT_PREFIX_PATH} CMAKE_PREFIX_PATH=/home/huuhoa/hospital_robot/install/nav_2d_msgs:/opt/ros/humble LD_LIBRARY_PATH=/home/huuhoa/hospital_robot/install/nav_2d_msgs/lib:${LD_LIBRARY_PATH} PYTHONPATH=/home/huuhoa/hospital_robot/install/nav_2d_msgs/local/lib/python3.10/dist-packages:${PYTHONPATH} /usr/bin/cmake --build /home/huuhoa/hospital_robot/build/dwb_msgs -- -j2 -l2
[1.026s] Invoking command in '/home/huuhoa/hospital_robot/build/dwb_msgs': AMENT_PREFIX_PATH=/home/huuhoa/hospital_robot/install/nav_2d_msgs:${AMENT_PREFIX_PATH} CMAKE_PREFIX_PATH=/home/huuhoa/hospital_robot/install/nav_2d_msgs:/opt/ros/humble LD_LIBRARY_PATH=/home/huuhoa/hospital_robot/install/nav_2d_msgs/lib:${LD_LIBRARY_PATH} PYTHONPATH=/home/huuhoa/hospital_robot/install/nav_2d_msgs/local/lib/python3.10/dist-packages:${PYTHONPATH} /usr/bin/cmake --install /home/huuhoa/hospital_robot/build/dwb_msgs
[1.037s] -- Install configuration: ""
[1.039s] -- Execute custom install script
[1.042s] -- Up-to-date symlink: /home/huuhoa/hospital_robot/install/dwb_msgs/share/ament_index/resource_index/rosidl_interfaces/dwb_msgs
[1.044s] -- Up-to-date symlink: /home/huuhoa/hospital_robot/install/dwb_msgs/include/dwb_msgs/dwb_msgs/msg/critic_score.h
[1.045s] -- Up-to-date symlink: /home/huuhoa/hospital_robot/install/dwb_msgs/include/dwb_msgs/dwb_msgs/msg/detail/critic_score__functions.h
[1.046s] -- Up-to-date symlink: /home/huuhoa/hospital_robot/install/dwb_msgs/include/dwb_msgs/dwb_msgs/msg/detail/critic_score__struct.h
[1.046s] -- Up-to-date symlink: /home/huuhoa/hospital_robot/install/dwb_msgs/include/dwb_msgs/dwb_msgs/msg/detail/critic_score__type_support.h
[1.047s] -- Up-to-date symlink: /home/huuhoa/hospital_robot/install/dwb_msgs/include/dwb_msgs/dwb_msgs/msg/detail/local_plan_evaluation__functions.h
[1.049s] -- Up-to-date symlink: /home/huuhoa/hospital_robot/install/dwb_msgs/include/dwb_msgs/dwb_msgs/msg/detail/local_plan_evaluation__struct.h
[1.049s] -- Up-to-date symlink: /home/huuhoa/hospital_robot/install/dwb_msgs/include/dwb_msgs/dwb_msgs/msg/detail/local_plan_evaluation__type_support.h
[1.050s] -- Up-to-date symlink: /home/huuhoa/hospital_robot/install/dwb_msgs/include/dwb_msgs/dwb_msgs/msg/detail/trajectory2_d__functions.h
[1.050s] -- Up-to-date symlink: /home/huuhoa/hospital_robot/install/dwb_msgs/include/dwb_msgs/dwb_msgs/msg/detail/trajectory2_d__struct.h
[1.051s] -- Up-to-date symlink: /home/huuhoa/hospital_robot/install/dwb_msgs/include/dwb_msgs/dwb_msgs/msg/detail/trajectory2_d__type_support.h
[1.052s] -- Up-to-date symlink: /home/huuhoa/hospital_robot/install/dwb_msgs/include/dwb_msgs/dwb_msgs/msg/detail/trajectory_score__functions.h
[1.052s] -- Up-to-date symlink: /home/huuhoa/hospital_robot/install/dwb_msgs/include/dwb_msgs/dwb_msgs/msg/detail/trajectory_score__struct.h
[1.053s] -- Up-to-date symlink: /home/huuhoa/hospital_robot/install/dwb_msgs/include/dwb_msgs/dwb_msgs/msg/detail/trajectory_score__type_support.h
[1.053s] -- Up-to-date symlink: /home/huuhoa/hospital_robot/install/dwb_msgs/include/dwb_msgs/dwb_msgs/msg/local_plan_evaluation.h
[1.055s] -- Up-to-date symlink: /home/huuhoa/hospital_robot/install/dwb_msgs/include/dwb_msgs/dwb_msgs/msg/rosidl_generator_c__visibility_control.h
[1.055s] -- Up-to-date symlink: /home/huuhoa/hospital_robot/install/dwb_msgs/include/dwb_msgs/dwb_msgs/msg/trajectory2_d.h
[1.056s] -- Up-to-date symlink: /home/huuhoa/hospital_robot/install/dwb_msgs/include/dwb_msgs/dwb_msgs/msg/trajectory_score.h
[1.057s] -- Up-to-date symlink: /home/huuhoa/hospital_robot/install/dwb_msgs/include/dwb_msgs/dwb_msgs/srv/debug_local_plan.h
[1.058s] -- Up-to-date symlink: /home/huuhoa/hospital_robot/install/dwb_msgs/include/dwb_msgs/dwb_msgs/srv/detail/debug_local_plan__functions.h
[1.059s] -- Up-to-date symlink: /home/huuhoa/hospital_robot/install/dwb_msgs/include/dwb_msgs/dwb_msgs/srv/detail/debug_local_plan__struct.h
[1.059s] -- Up-to-date symlink: /home/huuhoa/hospital_robot/install/dwb_msgs/include/dwb_msgs/dwb_msgs/srv/detail/debug_local_plan__type_support.h
[1.060s] -- Up-to-date symlink: /home/huuhoa/hospital_robot/install/dwb_msgs/include/dwb_msgs/dwb_msgs/srv/detail/generate_trajectory__functions.h
[1.062s] -- Up-to-date symlink: /home/huuhoa/hospital_robot/install/dwb_msgs/include/dwb_msgs/dwb_msgs/srv/detail/generate_trajectory__struct.h
[1.062s] -- Up-to-date symlink: /home/huuhoa/hospital_robot/install/dwb_msgs/include/dwb_msgs/dwb_msgs/srv/detail/generate_trajectory__type_support.h
[1.062s] -- Up-to-date symlink: /home/huuhoa/hospital_robot/install/dwb_msgs/include/dwb_msgs/dwb_msgs/srv/detail/generate_twists__functions.h
[1.063s] -- Up-to-date symlink: /home/huuhoa/hospital_robot/install/dwb_msgs/include/dwb_msgs/dwb_msgs/srv/detail/generate_twists__struct.h
[1.064s] -- Up-to-date symlink: /home/huuhoa/hospital_robot/install/dwb_msgs/include/dwb_msgs/dwb_msgs/srv/detail/generate_twists__type_support.h
[1.067s] -- Up-to-date symlink: /home/huuhoa/hospital_robot/install/dwb_msgs/include/dwb_msgs/dwb_msgs/srv/detail/get_critic_score__functions.h
[1.070s] -- Up-to-date symlink: /home/huuhoa/hospital_robot/install/dwb_msgs/include/dwb_msgs/dwb_msgs/srv/detail/get_critic_score__struct.h
[1.070s] -- Up-to-date symlink: /home/huuhoa/hospital_robot/install/dwb_msgs/include/dwb_msgs/dwb_msgs/srv/detail/get_critic_score__type_support.h
[1.073s] -- Up-to-date symlink: /home/huuhoa/hospital_robot/install/dwb_msgs/include/dwb_msgs/dwb_msgs/srv/detail/score_trajectory__functions.h
[1.073s] -- Up-to-date symlink: /home/huuhoa/hospital_robot/install/dwb_msgs/include/dwb_msgs/dwb_msgs/srv/detail/score_trajectory__struct.h
[1.074s] -- Up-to-date symlink: /home/huuhoa/hospital_robot/install/dwb_msgs/include/dwb_msgs/dwb_msgs/srv/detail/score_trajectory__type_support.h
[1.078s] -- Up-to-date symlink: /home/huuhoa/hospital_robot/install/dwb_msgs/include/dwb_msgs/dwb_msgs/srv/generate_trajectory.h
[1.078s] -- Up-to-date symlink: /home/huuhoa/hospital_robot/install/dwb_msgs/include/dwb_msgs/dwb_msgs/srv/generate_twists.h
[1.078s] -- Up-to-date symlink: /home/huuhoa/hospital_robot/install/dwb_msgs/include/dwb_msgs/dwb_msgs/srv/get_critic_score.h
[1.079s] -- Up-to-date symlink: /home/huuhoa/hospital_robot/install/dwb_msgs/include/dwb_msgs/dwb_msgs/srv/score_trajectory.h
[1.086s] -- Up-to-date symlink: /home/huuhoa/hospital_robot/install/dwb_msgs/share/dwb_msgs/environment/library_path.sh
[1.090s] -- Up-to-date symlink: /home/huuhoa/hospital_robot/install/dwb_msgs/share/dwb_msgs/environment/library_path.dsv
[1.092s] -- Up-to-date symlink: /home/huuhoa/hospital_robot/install/dwb_msgs/include/dwb_msgs/dwb_msgs/msg/detail/critic_score__rosidl_typesupport_fastrtps_c.h
[1.092s] -- Up-to-date symlink: /home/huuhoa/hospital_robot/install/dwb_msgs/include/dwb_msgs/dwb_msgs/msg/detail/local_plan_evaluation__rosidl_typesupport_fastrtps_c.h
[1.096s] -- Up-to-date symlink: /home/huuhoa/hospital_robot/install/dwb_msgs/include/dwb_msgs/dwb_msgs/msg/detail/trajectory2_d__rosidl_typesupport_fastrtps_c.h
[1.096s] -- Up-to-date symlink: /home/huuhoa/hospital_robot/install/dwb_msgs/include/dwb_msgs/dwb_msgs/msg/detail/trajectory_score__rosidl_typesupport_fastrtps_c.h
[1.096s] -- Up-to-date symlink: /home/huuhoa/hospital_robot/install/dwb_msgs/include/dwb_msgs/dwb_msgs/msg/rosidl_typesupport_fastrtps_c__visibility_control.h
[1.097s] -- Up-to-date symlink: /home/huuhoa/hospital_robot/install/dwb_msgs/include/dwb_msgs/dwb_msgs/srv/detail/debug_local_plan__rosidl_typesupport_fastrtps_c.h
[1.099s] -- Up-to-date symlink: /home/huuhoa/hospital_robot/install/dwb_msgs/include/dwb_msgs/dwb_msgs/srv/detail/generate_trajectory__rosidl_typesupport_fastrtps_c.h
[1.099s] -- Up-to-date symlink: /home/huuhoa/hospital_robot/install/dwb_msgs/include/dwb_msgs/dwb_msgs/srv/detail/generate_twists__rosidl_typesupport_fastrtps_c.h
[1.099s] -- Up-to-date symlink: /home/huuhoa/hospital_robot/install/dwb_msgs/include/dwb_msgs/dwb_msgs/srv/detail/get_critic_score__rosidl_typesupport_fastrtps_c.h
[1.099s] -- Up-to-date symlink: /home/huuhoa/hospital_robot/install/dwb_msgs/include/dwb_msgs/dwb_msgs/srv/detail/score_trajectory__rosidl_typesupport_fastrtps_c.h
[1.102s] -- Up-to-date symlink: /home/huuhoa/hospital_robot/install/dwb_msgs/include/dwb_msgs/dwb_msgs/msg/critic_score.hpp
[1.104s] -- Up-to-date symlink: /home/huuhoa/hospital_robot/install/dwb_msgs/include/dwb_msgs/dwb_msgs/msg/detail/critic_score__builder.hpp
[1.104s] -- Up-to-date symlink: /home/huuhoa/hospital_robot/install/dwb_msgs/include/dwb_msgs/dwb_msgs/msg/detail/critic_score__struct.hpp
[1.104s] -- Up-to-date symlink: /home/huuhoa/hospital_robot/install/dwb_msgs/include/dwb_msgs/dwb_msgs/msg/detail/critic_score__traits.hpp
[1.106s] -- Up-to-date symlink: /home/huuhoa/hospital_robot/install/dwb_msgs/include/dwb_msgs/dwb_msgs/msg/detail/critic_score__type_support.hpp
[1.108s] -- Up-to-date symlink: /home/huuhoa/hospital_robot/install/dwb_msgs/include/dwb_msgs/dwb_msgs/msg/detail/local_plan_evaluation__builder.hpp
[1.108s] -- Up-to-date symlink: /home/huuhoa/hospital_robot/install/dwb_msgs/include/dwb_msgs/dwb_msgs/msg/detail/local_plan_evaluation__struct.hpp
[1.109s] -- Up-to-date symlink: /home/huuhoa/hospital_robot/install/dwb_msgs/include/dwb_msgs/dwb_msgs/msg/detail/local_plan_evaluation__traits.hpp
[1.110s] -- Up-to-date symlink: /home/huuhoa/hospital_robot/install/dwb_msgs/include/dwb_msgs/dwb_msgs/msg/detail/local_plan_evaluation__type_support.hpp
[1.110s] -- Up-to-date symlink: /home/huuhoa/hospital_robot/install/dwb_msgs/include/dwb_msgs/dwb_msgs/msg/detail/trajectory2_d__builder.hpp
[1.117s] -- Up-to-date symlink: /home/huuhoa/hospital_robot/install/dwb_msgs/include/dwb_msgs/dwb_msgs/msg/detail/trajectory2_d__struct.hpp
[1.118s] -- Up-to-date symlink: /home/huuhoa/hospital_robot/install/dwb_msgs/include/dwb_msgs/dwb_msgs/msg/detail/trajectory2_d__traits.hpp
[1.121s] -- Up-to-date symlink: /home/huuhoa/hospital_robot/install/dwb_msgs/include/dwb_msgs/dwb_msgs/msg/detail/trajectory2_d__type_support.hpp
[1.121s] -- Up-to-date symlink: /home/huuhoa/hospital_robot/install/dwb_msgs/include/dwb_msgs/dwb_msgs/msg/detail/trajectory_score__builder.hpp
[1.121s] -- Up-to-date symlink: /home/huuhoa/hospital_robot/install/dwb_msgs/include/dwb_msgs/dwb_msgs/msg/detail/trajectory_score__struct.hpp
[1.122s] -- Up-to-date symlink: /home/huuhoa/hospital_robot/install/dwb_msgs/include/dwb_msgs/dwb_msgs/msg/detail/trajectory_score__traits.hpp
[1.124s] -- Up-to-date symlink: /home/huuhoa/hospital_robot/install/dwb_msgs/include/dwb_msgs/dwb_msgs/msg/detail/trajectory_score__type_support.hpp
[1.126s] -- Up-to-date symlink: /home/huuhoa/hospital_robot/install/dwb_msgs/include/dwb_msgs/dwb_msgs/msg/local_plan_evaluation.hpp
[1.127s] -- Up-to-date symlink: /home/huuhoa/hospital_robot/install/dwb_msgs/include/dwb_msgs/dwb_msgs/msg/rosidl_generator_cpp__visibility_control.hpp
[1.128s] -- Up-to-date symlink: /home/huuhoa/hospital_robot/install/dwb_msgs/include/dwb_msgs/dwb_msgs/msg/trajectory2_d.hpp
[1.129s] -- Up-to-date symlink: /home/huuhoa/hospital_robot/install/dwb_msgs/include/dwb_msgs/dwb_msgs/msg/trajectory_score.hpp
[1.130s] -- Up-to-date symlink: /home/huuhoa/hospital_robot/install/dwb_msgs/include/dwb_msgs/dwb_msgs/srv/debug_local_plan.hpp
[1.132s] -- Up-to-date symlink: /home/huuhoa/hospital_robot/install/dwb_msgs/include/dwb_msgs/dwb_msgs/srv/detail/debug_local_plan__builder.hpp
[1.132s] -- Up-to-date symlink: /home/huuhoa/hospital_robot/install/dwb_msgs/include/dwb_msgs/dwb_msgs/srv/detail/debug_local_plan__struct.hpp
[1.133s] -- Up-to-date symlink: /home/huuhoa/hospital_robot/install/dwb_msgs/include/dwb_msgs/dwb_msgs/srv/detail/debug_local_plan__traits.hpp
[1.134s] -- Up-to-date symlink: /home/huuhoa/hospital_robot/install/dwb_msgs/include/dwb_msgs/dwb_msgs/srv/detail/debug_local_plan__type_support.hpp
[1.135s] -- Up-to-date symlink: /home/huuhoa/hospital_robot/install/dwb_msgs/include/dwb_msgs/dwb_msgs/srv/detail/generate_trajectory__builder.hpp
[1.140s] -- Up-to-date symlink: /home/huuhoa/hospital_robot/install/dwb_msgs/include/dwb_msgs/dwb_msgs/srv/detail/generate_trajectory__struct.hpp
[1.141s] -- Up-to-date symlink: /home/huuhoa/hospital_robot/install/dwb_msgs/include/dwb_msgs/dwb_msgs/srv/detail/generate_trajectory__traits.hpp
[1.142s] -- Up-to-date symlink: /home/huuhoa/hospital_robot/install/dwb_msgs/include/dwb_msgs/dwb_msgs/srv/detail/generate_trajectory__type_support.hpp
[1.143s] -- Up-to-date symlink: /home/huuhoa/hospital_robot/install/dwb_msgs/include/dwb_msgs/dwb_msgs/srv/detail/generate_twists__builder.hpp
[1.145s] -- Up-to-date symlink: /home/huuhoa/hospital_robot/install/dwb_msgs/include/dwb_msgs/dwb_msgs/srv/detail/generate_twists__struct.hpp
[1.146s] -- Up-to-date symlink: /home/huuhoa/hospital_robot/install/dwb_msgs/include/dwb_msgs/dwb_msgs/srv/detail/generate_twists__traits.hpp
[1.148s] -- Up-to-date symlink: /home/huuhoa/hospital_robot/install/dwb_msgs/include/dwb_msgs/dwb_msgs/srv/detail/generate_twists__type_support.hpp
[1.149s] -- Up-to-date symlink: /home/huuhoa/hospital_robot/install/dwb_msgs/include/dwb_msgs/dwb_msgs/srv/detail/get_critic_score__builder.hpp
[1.150s] -- Up-to-date symlink: /home/huuhoa/hospital_robot/install/dwb_msgs/include/dwb_msgs/dwb_msgs/srv/detail/get_critic_score__struct.hpp
[1.150s] -- Up-to-date symlink: /home/huuhoa/hospital_robot/install/dwb_msgs/include/dwb_msgs/dwb_msgs/srv/detail/get_critic_score__traits.hpp
[1.154s] -- Up-to-date symlink: /home/huuhoa/hospital_robot/install/dwb_msgs/include/dwb_msgs/dwb_msgs/srv/detail/get_critic_score__type_support.hpp
[1.154s] -- Up-to-date symlink: /home/huuhoa/hospital_robot/install/dwb_msgs/include/dwb_msgs/dwb_msgs/srv/detail/score_trajectory__builder.hpp
[1.155s] -- Up-to-date symlink: /home/huuhoa/hospital_robot/install/dwb_msgs/include/dwb_msgs/dwb_msgs/srv/detail/score_trajectory__struct.hpp
[1.155s] -- Up-to-date symlink: /home/huuhoa/hospital_robot/install/dwb_msgs/include/dwb_msgs/dwb_msgs/srv/detail/score_trajectory__traits.hpp
[1.157s] -- Up-to-date symlink: /home/huuhoa/hospital_robot/install/dwb_msgs/include/dwb_msgs/dwb_msgs/srv/detail/score_trajectory__type_support.hpp
[1.158s] -- Up-to-date symlink: /home/huuhoa/hospital_robot/install/dwb_msgs/include/dwb_msgs/dwb_msgs/srv/generate_trajectory.hpp
[1.159s] -- Up-to-date symlink: /home/huuhoa/hospital_robot/install/dwb_msgs/include/dwb_msgs/dwb_msgs/srv/generate_twists.hpp
[1.162s] -- Up-to-date symlink: /home/huuhoa/hospital_robot/install/dwb_msgs/include/dwb_msgs/dwb_msgs/srv/get_critic_score.hpp
[1.163s] -- Up-to-date symlink: /home/huuhoa/hospital_robot/install/dwb_msgs/include/dwb_msgs/dwb_msgs/srv/score_trajectory.hpp
[1.167s] -- Up-to-date symlink: /home/huuhoa/hospital_robot/install/dwb_msgs/include/dwb_msgs/dwb_msgs/msg/detail/critic_score__rosidl_typesupport_fastrtps_cpp.hpp
[1.168s] -- Up-to-date symlink: /home/huuhoa/hospital_robot/install/dwb_msgs/include/dwb_msgs/dwb_msgs/msg/detail/local_plan_evaluation__rosidl_typesupport_fastrtps_cpp.hpp
[1.168s] -- Up-to-date symlink: /home/huuhoa/hospital_robot/install/dwb_msgs/include/dwb_msgs/dwb_msgs/msg/detail/trajectory2_d__rosidl_typesupport_fastrtps_cpp.hpp
[1.168s] -- Up-to-date symlink: /home/huuhoa/hospital_robot/install/dwb_msgs/include/dwb_msgs/dwb_msgs/msg/detail/trajectory_score__rosidl_typesupport_fastrtps_cpp.hpp
[1.169s] -- Up-to-date symlink: /home/huuhoa/hospital_robot/install/dwb_msgs/include/dwb_msgs/dwb_msgs/msg/rosidl_typesupport_fastrtps_cpp__visibility_control.h
[1.170s] -- Up-to-date symlink: /home/huuhoa/hospital_robot/install/dwb_msgs/include/dwb_msgs/dwb_msgs/srv/detail/debug_local_plan__rosidl_typesupport_fastrtps_cpp.hpp
[1.171s] -- Up-to-date symlink: /home/huuhoa/hospital_robot/install/dwb_msgs/include/dwb_msgs/dwb_msgs/srv/detail/generate_trajectory__rosidl_typesupport_fastrtps_cpp.hpp
[1.173s] -- Up-to-date symlink: /home/huuhoa/hospital_robot/install/dwb_msgs/include/dwb_msgs/dwb_msgs/srv/detail/generate_twists__rosidl_typesupport_fastrtps_cpp.hpp
[1.174s] -- Up-to-date symlink: /home/huuhoa/hospital_robot/install/dwb_msgs/include/dwb_msgs/dwb_msgs/srv/detail/get_critic_score__rosidl_typesupport_fastrtps_cpp.hpp
[1.174s] -- Up-to-date symlink: /home/huuhoa/hospital_robot/install/dwb_msgs/include/dwb_msgs/dwb_msgs/srv/detail/score_trajectory__rosidl_typesupport_fastrtps_cpp.hpp
[1.177s] -- Up-to-date symlink: /home/huuhoa/hospital_robot/install/dwb_msgs/include/dwb_msgs/dwb_msgs/msg/detail/critic_score__rosidl_typesupport_introspection_c.h
[1.177s] -- Up-to-date symlink: /home/huuhoa/hospital_robot/install/dwb_msgs/include/dwb_msgs/dwb_msgs/msg/detail/local_plan_evaluation__rosidl_typesupport_introspection_c.h
[1.177s] -- Up-to-date symlink: /home/huuhoa/hospital_robot/install/dwb_msgs/include/dwb_msgs/dwb_msgs/msg/detail/trajectory2_d__rosidl_typesupport_introspection_c.h
[1.178s] -- Up-to-date symlink: /home/huuhoa/hospital_robot/install/dwb_msgs/include/dwb_msgs/dwb_msgs/msg/detail/trajectory_score__rosidl_typesupport_introspection_c.h
[1.178s] -- Up-to-date symlink: /home/huuhoa/hospital_robot/install/dwb_msgs/include/dwb_msgs/dwb_msgs/msg/rosidl_typesupport_introspection_c__visibility_control.h
[1.179s] -- Up-to-date symlink: /home/huuhoa/hospital_robot/install/dwb_msgs/include/dwb_msgs/dwb_msgs/srv/detail/debug_local_plan__rosidl_typesupport_introspection_c.h
[1.179s] -- Up-to-date symlink: /home/huuhoa/hospital_robot/install/dwb_msgs/include/dwb_msgs/dwb_msgs/srv/detail/generate_trajectory__rosidl_typesupport_introspection_c.h
[1.182s] -- Up-to-date symlink: /home/huuhoa/hospital_robot/install/dwb_msgs/include/dwb_msgs/dwb_msgs/srv/detail/generate_twists__rosidl_typesupport_introspection_c.h
[1.182s] -- Up-to-date symlink: /home/huuhoa/hospital_robot/install/dwb_msgs/include/dwb_msgs/dwb_msgs/srv/detail/get_critic_score__rosidl_typesupport_introspection_c.h
[1.183s] -- Up-to-date symlink: /home/huuhoa/hospital_robot/install/dwb_msgs/include/dwb_msgs/dwb_msgs/srv/detail/score_trajectory__rosidl_typesupport_introspection_c.h
[1.187s] -- Up-to-date symlink: /home/huuhoa/hospital_robot/install/dwb_msgs/include/dwb_msgs/dwb_msgs/msg/detail/critic_score__rosidl_typesupport_introspection_cpp.hpp
[1.187s] -- Up-to-date symlink: /home/huuhoa/hospital_robot/install/dwb_msgs/include/dwb_msgs/dwb_msgs/msg/detail/local_plan_evaluation__rosidl_typesupport_introspection_cpp.hpp
[1.188s] -- Up-to-date symlink: /home/huuhoa/hospital_robot/install/dwb_msgs/include/dwb_msgs/dwb_msgs/msg/detail/trajectory2_d__rosidl_typesupport_introspection_cpp.hpp
[1.189s] -- Up-to-date symlink: /home/huuhoa/hospital_robot/install/dwb_msgs/include/dwb_msgs/dwb_msgs/msg/detail/trajectory_score__rosidl_typesupport_introspection_cpp.hpp
[1.189s] -- Up-to-date symlink: /home/huuhoa/hospital_robot/install/dwb_msgs/include/dwb_msgs/dwb_msgs/srv/detail/debug_local_plan__rosidl_typesupport_introspection_cpp.hpp
[1.190s] -- Up-to-date symlink: /home/huuhoa/hospital_robot/install/dwb_msgs/include/dwb_msgs/dwb_msgs/srv/detail/generate_trajectory__rosidl_typesupport_introspection_cpp.hpp
[1.191s] -- Up-to-date symlink: /home/huuhoa/hospital_robot/install/dwb_msgs/include/dwb_msgs/dwb_msgs/srv/detail/generate_twists__rosidl_typesupport_introspection_cpp.hpp
[1.191s] -- Up-to-date symlink: /home/huuhoa/hospital_robot/install/dwb_msgs/include/dwb_msgs/dwb_msgs/srv/detail/get_critic_score__rosidl_typesupport_introspection_cpp.hpp
[1.192s] -- Up-to-date symlink: /home/huuhoa/hospital_robot/install/dwb_msgs/include/dwb_msgs/dwb_msgs/srv/detail/score_trajectory__rosidl_typesupport_introspection_cpp.hpp
[1.196s] -- Up-to-date symlink: /home/huuhoa/hospital_robot/install/dwb_msgs/share/dwb_msgs/environment/pythonpath.sh
[1.197s] -- Up-to-date symlink: /home/huuhoa/hospital_robot/install/dwb_msgs/share/dwb_msgs/environment/pythonpath.dsv
[1.204s] -- Up-to-date symlink: /home/huuhoa/hospital_robot/install/dwb_msgs/local/lib/python3.10/dist-packages/dwb_msgs-1.1.18-py3.10.egg-info/PKG-INFO
[1.205s] -- Up-to-date symlink: /home/huuhoa/hospital_robot/install/dwb_msgs/local/lib/python3.10/dist-packages/dwb_msgs-1.1.18-py3.10.egg-info/SOURCES.txt
[1.206s] -- Up-to-date symlink: /home/huuhoa/hospital_robot/install/dwb_msgs/local/lib/python3.10/dist-packages/dwb_msgs-1.1.18-py3.10.egg-info/dependency_links.txt
[1.209s] -- Up-to-date symlink: /home/huuhoa/hospital_robot/install/dwb_msgs/local/lib/python3.10/dist-packages/dwb_msgs-1.1.18-py3.10.egg-info/top_level.txt
[1.209s] -- Up-to-date symlink: /home/huuhoa/hospital_robot/install/dwb_msgs/local/lib/python3.10/dist-packages/dwb_msgs/__init__.py
[1.213s] -- Up-to-date symlink: /home/huuhoa/hospital_robot/install/dwb_msgs/local/lib/python3.10/dist-packages/dwb_msgs/_dwb_msgs_s.ep.rosidl_typesupport_c.c
[1.213s] -- Up-to-date symlink: /home/huuhoa/hospital_robot/install/dwb_msgs/local/lib/python3.10/dist-packages/dwb_msgs/_dwb_msgs_s.ep.rosidl_typesupport_fastrtps_c.c
[1.214s] -- Up-to-date symlink: /home/huuhoa/hospital_robot/install/dwb_msgs/local/lib/python3.10/dist-packages/dwb_msgs/_dwb_msgs_s.ep.rosidl_typesupport_introspection_c.c
[1.218s] -- Up-to-date symlink: /home/huuhoa/hospital_robot/install/dwb_msgs/local/lib/python3.10/dist-packages/dwb_msgs/dwb_msgs_s__rosidl_typesupport_c.cpython-310-x86_64-linux-gnu.so
[1.218s] -- Up-to-date symlink: /home/huuhoa/hospital_robot/install/dwb_msgs/local/lib/python3.10/dist-packages/dwb_msgs/dwb_msgs_s__rosidl_typesupport_fastrtps_c.cpython-310-x86_64-linux-gnu.so
[1.218s] -- Up-to-date symlink: /home/huuhoa/hospital_robot/install/dwb_msgs/local/lib/python3.10/dist-packages/dwb_msgs/dwb_msgs_s__rosidl_typesupport_introspection_c.cpython-310-x86_64-linux-gnu.so
[1.219s] -- Up-to-date symlink: /home/huuhoa/hospital_robot/install/dwb_msgs/local/lib/python3.10/dist-packages/dwb_msgs/libdwb_msgs__rosidl_generator_py.so
[1.222s] -- Up-to-date symlink: /home/huuhoa/hospital_robot/install/dwb_msgs/local/lib/python3.10/dist-packages/dwb_msgs/msg/__init__.py
[1.224s] -- Up-to-date symlink: /home/huuhoa/hospital_robot/install/dwb_msgs/local/lib/python3.10/dist-packages/dwb_msgs/msg/_critic_score.py
[1.224s] -- Up-to-date symlink: /home/huuhoa/hospital_robot/install/dwb_msgs/local/lib/python3.10/dist-packages/dwb_msgs/msg/_critic_score_s.c
[1.226s] -- Up-to-date symlink: /home/huuhoa/hospital_robot/install/dwb_msgs/local/lib/python3.10/dist-packages/dwb_msgs/msg/_local_plan_evaluation.py
[1.229s] -- Up-to-date symlink: /home/huuhoa/hospital_robot/install/dwb_msgs/local/lib/python3.10/dist-packages/dwb_msgs/msg/_local_plan_evaluation_s.c
[1.230s] -- Up-to-date symlink: /home/huuhoa/hospital_robot/install/dwb_msgs/local/lib/python3.10/dist-packages/dwb_msgs/msg/_trajectory2_d.py
[1.230s] -- Up-to-date symlink: /home/huuhoa/hospital_robot/install/dwb_msgs/local/lib/python3.10/dist-packages/dwb_msgs/msg/_trajectory2_d_s.c
[1.231s] -- Up-to-date symlink: /home/huuhoa/hospital_robot/install/dwb_msgs/local/lib/python3.10/dist-packages/dwb_msgs/msg/_trajectory_score.py
[1.233s] -- Up-to-date symlink: /home/huuhoa/hospital_robot/install/dwb_msgs/local/lib/python3.10/dist-packages/dwb_msgs/msg/_trajectory_score_s.c
[1.233s] -- Up-to-date symlink: /home/huuhoa/hospital_robot/install/dwb_msgs/local/lib/python3.10/dist-packages/dwb_msgs/srv/__init__.py
[1.233s] -- Up-to-date symlink: /home/huuhoa/hospital_robot/install/dwb_msgs/local/lib/python3.10/dist-packages/dwb_msgs/srv/_debug_local_plan.py
[1.234s] -- Up-to-date symlink: /home/huuhoa/hospital_robot/install/dwb_msgs/local/lib/python3.10/dist-packages/dwb_msgs/srv/_debug_local_plan_s.c
[1.236s] -- Up-to-date symlink: /home/huuhoa/hospital_robot/install/dwb_msgs/local/lib/python3.10/dist-packages/dwb_msgs/srv/_generate_trajectory.py
[1.237s] -- Up-to-date symlink: /home/huuhoa/hospital_robot/install/dwb_msgs/local/lib/python3.10/dist-packages/dwb_msgs/srv/_generate_trajectory_s.c
[1.238s] -- Up-to-date symlink: /home/huuhoa/hospital_robot/install/dwb_msgs/local/lib/python3.10/dist-packages/dwb_msgs/srv/_generate_twists.py
[1.240s] -- Up-to-date symlink: /home/huuhoa/hospital_robot/install/dwb_msgs/local/lib/python3.10/dist-packages/dwb_msgs/srv/_generate_twists_s.c
[1.241s] -- Up-to-date symlink: /home/huuhoa/hospital_robot/install/dwb_msgs/local/lib/python3.10/dist-packages/dwb_msgs/srv/_get_critic_score.py
[1.243s] -- Up-to-date symlink: /home/huuhoa/hospital_robot/install/dwb_msgs/local/lib/python3.10/dist-packages/dwb_msgs/srv/_get_critic_score_s.c
[1.243s] -- Up-to-date symlink: /home/huuhoa/hospital_robot/install/dwb_msgs/local/lib/python3.10/dist-packages/dwb_msgs/srv/_score_trajectory.py
[1.244s] -- Up-to-date symlink: /home/huuhoa/hospital_robot/install/dwb_msgs/local/lib/python3.10/dist-packages/dwb_msgs/srv/_score_trajectory_s.c
[1.247s] -- Up-to-date symlink: /home/huuhoa/hospital_robot/install/dwb_msgs/local/lib/python3.10/dist-packages/dwb_msgs/dwb_msgs_s__rosidl_typesupport_fastrtps_c.cpython-310-x86_64-linux-gnu.so
[1.247s] -- Up-to-date symlink: /home/huuhoa/hospital_robot/install/dwb_msgs/local/lib/python3.10/dist-packages/dwb_msgs/dwb_msgs_s__rosidl_typesupport_introspection_c.cpython-310-x86_64-linux-gnu.so
[1.248s] -- Up-to-date symlink: /home/huuhoa/hospital_robot/install/dwb_msgs/local/lib/python3.10/dist-packages/dwb_msgs/dwb_msgs_s__rosidl_typesupport_c.cpython-310-x86_64-linux-gnu.so
[1.250s] -- Up-to-date symlink: /home/huuhoa/hospital_robot/install/dwb_msgs/share/dwb_msgs/msg/CriticScore.idl
[1.251s] -- Up-to-date symlink: /home/huuhoa/hospital_robot/install/dwb_msgs/share/dwb_msgs/msg/LocalPlanEvaluation.idl
[1.252s] -- Up-to-date symlink: /home/huuhoa/hospital_robot/install/dwb_msgs/share/dwb_msgs/msg/Trajectory2D.idl
[1.253s] -- Up-to-date symlink: /home/huuhoa/hospital_robot/install/dwb_msgs/share/dwb_msgs/msg/TrajectoryScore.idl
[1.254s] -- Up-to-date symlink: /home/huuhoa/hospital_robot/install/dwb_msgs/share/dwb_msgs/srv/DebugLocalPlan.idl
[1.256s] -- Up-to-date symlink: /home/huuhoa/hospital_robot/install/dwb_msgs/share/dwb_msgs/srv/GenerateTrajectory.idl
[1.256s] -- Up-to-date symlink: /home/huuhoa/hospital_robot/install/dwb_msgs/share/dwb_msgs/srv/GenerateTwists.idl
[1.256s] -- Up-to-date symlink: /home/huuhoa/hospital_robot/install/dwb_msgs/share/dwb_msgs/srv/GetCriticScore.idl
[1.258s] -- Up-to-date symlink: /home/huuhoa/hospital_robot/install/dwb_msgs/share/dwb_msgs/srv/ScoreTrajectory.idl
[1.258s] -- Up-to-date symlink: /home/huuhoa/hospital_robot/install/dwb_msgs/share/dwb_msgs/msg/CriticScore.msg
[1.259s] -- Up-to-date symlink: /home/huuhoa/hospital_robot/install/dwb_msgs/share/dwb_msgs/msg/LocalPlanEvaluation.msg
[1.261s] -- Up-to-date symlink: /home/huuhoa/hospital_robot/install/dwb_msgs/share/dwb_msgs/msg/Trajectory2D.msg
[1.262s] -- Up-to-date symlink: /home/huuhoa/hospital_robot/install/dwb_msgs/share/dwb_msgs/msg/TrajectoryScore.msg
[1.263s] -- Up-to-date symlink: /home/huuhoa/hospital_robot/install/dwb_msgs/share/dwb_msgs/srv/DebugLocalPlan.srv
[1.265s] -- Up-to-date symlink: /home/huuhoa/hospital_robot/install/dwb_msgs/share/dwb_msgs/srv/DebugLocalPlan_Request.msg
[1.266s] -- Up-to-date symlink: /home/huuhoa/hospital_robot/install/dwb_msgs/share/dwb_msgs/srv/DebugLocalPlan_Response.msg
[1.267s] -- Up-to-date symlink: /home/huuhoa/hospital_robot/install/dwb_msgs/share/dwb_msgs/srv/GenerateTrajectory.srv
[1.267s] -- Up-to-date symlink: /home/huuhoa/hospital_robot/install/dwb_msgs/share/dwb_msgs/srv/GenerateTrajectory_Request.msg
[1.269s] -- Up-to-date symlink: /home/huuhoa/hospital_robot/install/dwb_msgs/share/dwb_msgs/srv/GenerateTrajectory_Response.msg
[1.273s] -- Up-to-date symlink: /home/huuhoa/hospital_robot/install/dwb_msgs/share/dwb_msgs/srv/GenerateTwists.srv
[1.273s] -- Up-to-date symlink: /home/huuhoa/hospital_robot/install/dwb_msgs/share/dwb_msgs/srv/GenerateTwists_Request.msg
[1.275s] -- Up-to-date symlink: /home/huuhoa/hospital_robot/install/dwb_msgs/share/dwb_msgs/srv/GenerateTwists_Response.msg
[1.276s] -- Up-to-date symlink: /home/huuhoa/hospital_robot/install/dwb_msgs/share/dwb_msgs/srv/GetCriticScore.srv
[1.281s] -- Up-to-date symlink: /home/huuhoa/hospital_robot/install/dwb_msgs/share/dwb_msgs/srv/GetCriticScore_Request.msg
[1.281s] -- Up-to-date symlink: /home/huuhoa/hospital_robot/install/dwb_msgs/share/dwb_msgs/srv/GetCriticScore_Response.msg
[1.281s] -- Up-to-date symlink: /home/huuhoa/hospital_robot/install/dwb_msgs/share/dwb_msgs/srv/ScoreTrajectory.srv
[1.281s] -- Up-to-date symlink: /home/huuhoa/hospital_robot/install/dwb_msgs/share/dwb_msgs/srv/ScoreTrajectory_Request.msg
[1.285s] -- Up-to-date symlink: /home/huuhoa/hospital_robot/install/dwb_msgs/share/dwb_msgs/srv/ScoreTrajectory_Response.msg
[1.285s] -- Up-to-date symlink: /home/huuhoa/hospital_robot/install/dwb_msgs/share/ament_index/resource_index/package_run_dependencies/dwb_msgs
[1.285s] -- Up-to-date symlink: /home/huuhoa/hospital_robot/install/dwb_msgs/share/ament_index/resource_index/parent_prefix_path/dwb_msgs
[1.286s] -- Up-to-date symlink: /home/huuhoa/hospital_robot/install/dwb_msgs/share/dwb_msgs/environment/ament_prefix_path.sh
[1.287s] -- Up-to-date symlink: /home/huuhoa/hospital_robot/install/dwb_msgs/share/dwb_msgs/environment/ament_prefix_path.dsv
[1.291s] -- Up-to-date symlink: /home/huuhoa/hospital_robot/install/dwb_msgs/share/dwb_msgs/environment/path.sh
[1.295s] -- Up-to-date symlink: /home/huuhoa/hospital_robot/install/dwb_msgs/share/dwb_msgs/environment/path.dsv
[1.295s] -- Up-to-date symlink: /home/huuhoa/hospital_robot/install/dwb_msgs/share/dwb_msgs/local_setup.bash
[1.295s] -- Up-to-date symlink: /home/huuhoa/hospital_robot/install/dwb_msgs/share/dwb_msgs/local_setup.sh
[1.296s] -- Up-to-date symlink: /home/huuhoa/hospital_robot/install/dwb_msgs/share/dwb_msgs/local_setup.zsh
[1.296s] -- Up-to-date symlink: /home/huuhoa/hospital_robot/install/dwb_msgs/share/dwb_msgs/local_setup.dsv
[1.296s] -- Symlinking: /home/huuhoa/hospital_robot/install/dwb_msgs/share/dwb_msgs/package.dsv
[1.313s] -- Up-to-date symlink: /home/huuhoa/hospital_robot/install/dwb_msgs/share/ament_index/resource_index/packages/dwb_msgs
[1.316s] -- Up-to-date symlink: /home/huuhoa/hospital_robot/install/dwb_msgs/share/dwb_msgs/cmake/rosidl_cmake-extras.cmake
[1.317s] -- Up-to-date symlink: /home/huuhoa/hospital_robot/install/dwb_msgs/share/dwb_msgs/cmake/ament_cmake_export_dependencies-extras.cmake
[1.319s] -- Up-to-date symlink: /home/huuhoa/hospital_robot/install/dwb_msgs/share/dwb_msgs/cmake/ament_cmake_export_include_directories-extras.cmake
[1.320s] -- Up-to-date symlink: /home/huuhoa/hospital_robot/install/dwb_msgs/share/dwb_msgs/cmake/ament_cmake_export_libraries-extras.cmake
[1.320s] -- Up-to-date symlink: /home/huuhoa/hospital_robot/install/dwb_msgs/share/dwb_msgs/cmake/ament_cmake_export_targets-extras.cmake
[1.321s] -- Up-to-date symlink: /home/huuhoa/hospital_robot/install/dwb_msgs/share/dwb_msgs/cmake/rosidl_cmake_export_typesupport_targets-extras.cmake
[1.322s] -- Up-to-date symlink: /home/huuhoa/hospital_robot/install/dwb_msgs/share/dwb_msgs/cmake/rosidl_cmake_export_typesupport_libraries-extras.cmake
[1.322s] -- Up-to-date symlink: /home/huuhoa/hospital_robot/install/dwb_msgs/share/dwb_msgs/cmake/dwb_msgsConfig.cmake
[1.324s] -- Up-to-date symlink: /home/huuhoa/hospital_robot/install/dwb_msgs/share/dwb_msgs/cmake/dwb_msgsConfig-version.cmake
[1.324s] -- Up-to-date symlink: /home/huuhoa/hospital_robot/install/dwb_msgs/share/dwb_msgs/package.xml
[1.328s] -- Up-to-date: /home/huuhoa/hospital_robot/install/dwb_msgs/lib/libdwb_msgs__rosidl_generator_c.so
[1.332s] -- Up-to-date: /home/huuhoa/hospital_robot/install/dwb_msgs/lib/libdwb_msgs__rosidl_typesupport_fastrtps_c.so
[1.333s] -- Up-to-date: /home/huuhoa/hospital_robot/install/dwb_msgs/lib/libdwb_msgs__rosidl_typesupport_fastrtps_cpp.so
[1.336s] -- Up-to-date: /home/huuhoa/hospital_robot/install/dwb_msgs/lib/libdwb_msgs__rosidl_typesupport_introspection_c.so
[1.338s] -- Up-to-date: /home/huuhoa/hospital_robot/install/dwb_msgs/lib/libdwb_msgs__rosidl_typesupport_c.so
[1.343s] -- Up-to-date: /home/huuhoa/hospital_robot/install/dwb_msgs/lib/libdwb_msgs__rosidl_typesupport_introspection_cpp.so
[1.345s] -- Up-to-date: /home/huuhoa/hospital_robot/install/dwb_msgs/lib/libdwb_msgs__rosidl_typesupport_cpp.so
[1.413s] Listing '/home/huuhoa/hospital_robot/install/dwb_msgs/local/lib/python3.10/dist-packages/dwb_msgs'...
[1.413s] Listing '/home/huuhoa/hospital_robot/install/dwb_msgs/local/lib/python3.10/dist-packages/dwb_msgs/msg'...
[1.413s] Listing '/home/huuhoa/hospital_robot/install/dwb_msgs/local/lib/python3.10/dist-packages/dwb_msgs/srv'...
[1.425s] -- Up-to-date: /home/huuhoa/hospital_robot/install/dwb_msgs/lib/libdwb_msgs__rosidl_generator_py.so
[1.428s] -- Up-to-date: /home/huuhoa/hospital_robot/install/dwb_msgs/share/dwb_msgs/cmake/export_dwb_msgs__rosidl_generator_cExport.cmake
[1.428s] -- Up-to-date: /home/huuhoa/hospital_robot/install/dwb_msgs/share/dwb_msgs/cmake/export_dwb_msgs__rosidl_generator_cExport-noconfig.cmake
[1.428s] -- Up-to-date: /home/huuhoa/hospital_robot/install/dwb_msgs/share/dwb_msgs/cmake/export_dwb_msgs__rosidl_typesupport_fastrtps_cExport.cmake
[1.428s] -- Up-to-date: /home/huuhoa/hospital_robot/install/dwb_msgs/share/dwb_msgs/cmake/export_dwb_msgs__rosidl_typesupport_fastrtps_cExport-noconfig.cmake
[1.429s] -- Up-to-date: /home/huuhoa/hospital_robot/install/dwb_msgs/share/dwb_msgs/cmake/export_dwb_msgs__rosidl_generator_cppExport.cmake
[1.431s] -- Up-to-date: /home/huuhoa/hospital_robot/install/dwb_msgs/share/dwb_msgs/cmake/export_dwb_msgs__rosidl_typesupport_fastrtps_cppExport.cmake
[1.431s] -- Up-to-date: /home/huuhoa/hospital_robot/install/dwb_msgs/share/dwb_msgs/cmake/export_dwb_msgs__rosidl_typesupport_fastrtps_cppExport-noconfig.cmake
[1.431s] -- Up-to-date: /home/huuhoa/hospital_robot/install/dwb_msgs/share/dwb_msgs/cmake/dwb_msgs__rosidl_typesupport_introspection_cExport.cmake
[1.434s] -- Up-to-date: /home/huuhoa/hospital_robot/install/dwb_msgs/share/dwb_msgs/cmake/dwb_msgs__rosidl_typesupport_introspection_cExport-noconfig.cmake
[1.434s] -- Up-to-date: /home/huuhoa/hospital_robot/install/dwb_msgs/share/dwb_msgs/cmake/dwb_msgs__rosidl_typesupport_cExport.cmake
[1.434s] -- Up-to-date: /home/huuhoa/hospital_robot/install/dwb_msgs/share/dwb_msgs/cmake/dwb_msgs__rosidl_typesupport_cExport-noconfig.cmake
[1.435s] -- Up-to-date: /home/huuhoa/hospital_robot/install/dwb_msgs/share/dwb_msgs/cmake/dwb_msgs__rosidl_typesupport_introspection_cppExport.cmake
[1.435s] -- Up-to-date: /home/huuhoa/hospital_robot/install/dwb_msgs/share/dwb_msgs/cmake/dwb_msgs__rosidl_typesupport_introspection_cppExport-noconfig.cmake
[1.437s] -- Up-to-date: /home/huuhoa/hospital_robot/install/dwb_msgs/share/dwb_msgs/cmake/dwb_msgs__rosidl_typesupport_cppExport.cmake
[1.437s] -- Up-to-date: /home/huuhoa/hospital_robot/install/dwb_msgs/share/dwb_msgs/cmake/dwb_msgs__rosidl_typesupport_cppExport-noconfig.cmake
[1.437s] -- Up-to-date: /home/huuhoa/hospital_robot/install/dwb_msgs/share/dwb_msgs/cmake/export_dwb_msgs__rosidl_generator_pyExport.cmake
[1.437s] -- Up-to-date: /home/huuhoa/hospital_robot/install/dwb_msgs/share/dwb_msgs/cmake/export_dwb_msgs__rosidl_generator_pyExport-noconfig.cmake
[1.454s] Invoked command in '/home/huuhoa/hospital_robot/build/dwb_msgs' returned '0': AMENT_PREFIX_PATH=/home/huuhoa/hospital_robot/install/nav_2d_msgs:${AMENT_PREFIX_PATH} CMAKE_PREFIX_PATH=/home/huuhoa/hospital_robot/install/nav_2d_msgs:/opt/ros/humble LD_LIBRARY_PATH=/home/huuhoa/hospital_robot/install/nav_2d_msgs/lib:${LD_LIBRARY_PATH} PYTHONPATH=/home/huuhoa/hospital_robot/install/nav_2d_msgs/local/lib/python3.10/dist-packages:${PYTHONPATH} /usr/bin/cmake --install /home/huuhoa/hospital_robot/build/dwb_msgs
