[0.057s] Invoking command in '/home/huuhoa/hospital_robot/build/nav_2d_utils': CMAKE_PREFIX_PATH=/home/huuhoa/hospital_robot/install/nav2_util:/home/huuhoa/hospital_robot/install/nav2_msgs:/home/huuhoa/hospital_robot/install/nav_2d_msgs:/home/huuhoa/hospital_robot/install/nav2_common:/home/huuhoa/hospital_robot/install/nav_2d_utils:/home/huuhoa/hospital_robot/install/dwb_msgs:/home/huuhoa/hospital_robot/install/nav2_voxel_grid:/home/huuhoa/hospital_robot/install/nav2_map_server:/home/huuhoa/hospital_robot/install/nav2_lifecycle_manager:/home/huuhoa/hospital_robot/install/map_msgs:/home/huuhoa/hospital_robot/install/hospital_package:/home/huuhoa/hospital_robot/install/nav2_simple_commander:/opt/ros/humble LD_LIBRARY_PATH=/home/huuhoa/hospital_robot/install/nav2_util/lib:/home/huuhoa/hospital_robot/install/nav2_msgs/lib:/home/huuhoa/hospital_robot/install/nav_2d_msgs/lib:/home/huuhoa/hospital_robot/install/nav_2d_utils/lib:/home/huuhoa/hospital_robot/install/dwb_msgs/lib:/home/huuhoa/hospital_robot/install/nav2_voxel_grid/lib:/home/huuhoa/hospital_robot/install/nav2_map_server/lib:/home/huuhoa/hospital_robot/install/nav2_lifecycle_manager/lib:/home/huuhoa/hospital_robot/install/map_msgs/lib:/opt/ros/humble/lib/x86_64-linux-gnu:/opt/ros/humble/lib /usr/bin/cmake --build /home/huuhoa/hospital_robot/build/nav_2d_utils -- -j2 -l2
[0.179s] [ 12%] Built target conversions
[0.182s] [ 25%] Built target path_ops
[0.241s] [ 37%] Built target gtest
[0.261s] [ 50%] Built target gtest_main
[0.309s] [ 62%] Built target tf_help
[0.336s] [ 75%] Built target 2d_utils_tests
[0.385s] [ 87%] Built target path_ops_tests
[0.392s] [100%] Built target tf_help_tests
[0.413s] Invoked command in '/home/huuhoa/hospital_robot/build/nav_2d_utils' returned '0': CMAKE_PREFIX_PATH=/home/huuhoa/hospital_robot/install/nav2_util:/home/huuhoa/hospital_robot/install/nav2_msgs:/home/huuhoa/hospital_robot/install/nav_2d_msgs:/home/huuhoa/hospital_robot/install/nav2_common:/home/huuhoa/hospital_robot/install/nav_2d_utils:/home/huuhoa/hospital_robot/install/dwb_msgs:/home/huuhoa/hospital_robot/install/nav2_voxel_grid:/home/huuhoa/hospital_robot/install/nav2_map_server:/home/huuhoa/hospital_robot/install/nav2_lifecycle_manager:/home/huuhoa/hospital_robot/install/map_msgs:/home/huuhoa/hospital_robot/install/hospital_package:/home/huuhoa/hospital_robot/install/nav2_simple_commander:/opt/ros/humble LD_LIBRARY_PATH=/home/huuhoa/hospital_robot/install/nav2_util/lib:/home/huuhoa/hospital_robot/install/nav2_msgs/lib:/home/huuhoa/hospital_robot/install/nav_2d_msgs/lib:/home/huuhoa/hospital_robot/install/nav_2d_utils/lib:/home/huuhoa/hospital_robot/install/dwb_msgs/lib:/home/huuhoa/hospital_robot/install/nav2_voxel_grid/lib:/home/huuhoa/hospital_robot/install/nav2_map_server/lib:/home/huuhoa/hospital_robot/install/nav2_lifecycle_manager/lib:/home/huuhoa/hospital_robot/install/map_msgs/lib:/opt/ros/humble/lib/x86_64-linux-gnu:/opt/ros/humble/lib /usr/bin/cmake --build /home/huuhoa/hospital_robot/build/nav_2d_utils -- -j2 -l2
[0.415s] Invoking command in '/home/huuhoa/hospital_robot/build/nav_2d_utils': CMAKE_PREFIX_PATH=/home/huuhoa/hospital_robot/install/nav2_util:/home/huuhoa/hospital_robot/install/nav2_msgs:/home/huuhoa/hospital_robot/install/nav_2d_msgs:/home/huuhoa/hospital_robot/install/nav2_common:/home/huuhoa/hospital_robot/install/nav_2d_utils:/home/huuhoa/hospital_robot/install/dwb_msgs:/home/huuhoa/hospital_robot/install/nav2_voxel_grid:/home/huuhoa/hospital_robot/install/nav2_map_server:/home/huuhoa/hospital_robot/install/nav2_lifecycle_manager:/home/huuhoa/hospital_robot/install/map_msgs:/home/huuhoa/hospital_robot/install/hospital_package:/home/huuhoa/hospital_robot/install/nav2_simple_commander:/opt/ros/humble LD_LIBRARY_PATH=/home/huuhoa/hospital_robot/install/nav2_util/lib:/home/huuhoa/hospital_robot/install/nav2_msgs/lib:/home/huuhoa/hospital_robot/install/nav_2d_msgs/lib:/home/huuhoa/hospital_robot/install/nav_2d_utils/lib:/home/huuhoa/hospital_robot/install/dwb_msgs/lib:/home/huuhoa/hospital_robot/install/nav2_voxel_grid/lib:/home/huuhoa/hospital_robot/install/nav2_map_server/lib:/home/huuhoa/hospital_robot/install/nav2_lifecycle_manager/lib:/home/huuhoa/hospital_robot/install/map_msgs/lib:/opt/ros/humble/lib/x86_64-linux-gnu:/opt/ros/humble/lib /usr/bin/cmake --install /home/huuhoa/hospital_robot/build/nav_2d_utils
[0.417s] -- Install configuration: "Release"
[0.418s] -- Execute custom install script
[0.418s] -- Up-to-date symlink: /home/huuhoa/hospital_robot/install/nav_2d_utils/lib/libconversions.so
[0.418s] -- Up-to-date symlink: /home/huuhoa/hospital_robot/install/nav_2d_utils/lib/libpath_ops.so
[0.418s] -- Up-to-date symlink: /home/huuhoa/hospital_robot/install/nav_2d_utils/lib/libtf_help.so
[0.418s] -- Up-to-date symlink: /home/huuhoa/hospital_robot/install/nav_2d_utils/include//nav_2d_utils/conversions.hpp
[0.418s] -- Up-to-date symlink: /home/huuhoa/hospital_robot/install/nav_2d_utils/include//nav_2d_utils/odom_subscriber.hpp
[0.420s] -- Up-to-date symlink: /home/huuhoa/hospital_robot/install/nav_2d_utils/include//nav_2d_utils/parameters.hpp
[0.421s] -- Up-to-date symlink: /home/huuhoa/hospital_robot/install/nav_2d_utils/include//nav_2d_utils/path_ops.hpp
[0.422s] -- Up-to-date symlink: /home/huuhoa/hospital_robot/install/nav_2d_utils/include//nav_2d_utils/tf_help.hpp
[0.423s] -- Up-to-date symlink: /home/huuhoa/hospital_robot/install/nav_2d_utils/share/nav_2d_utils/environment/library_path.sh
[0.427s] -- Up-to-date symlink: /home/huuhoa/hospital_robot/install/nav_2d_utils/share/nav_2d_utils/environment/library_path.dsv
[0.427s] -- Up-to-date symlink: /home/huuhoa/hospital_robot/install/nav_2d_utils/share/ament_index/resource_index/package_run_dependencies/nav_2d_utils
[0.427s] -- Up-to-date symlink: /home/huuhoa/hospital_robot/install/nav_2d_utils/share/ament_index/resource_index/parent_prefix_path/nav_2d_utils
[0.427s] -- Up-to-date symlink: /home/huuhoa/hospital_robot/install/nav_2d_utils/share/nav_2d_utils/environment/ament_prefix_path.sh
[0.427s] -- Up-to-date symlink: /home/huuhoa/hospital_robot/install/nav_2d_utils/share/nav_2d_utils/environment/ament_prefix_path.dsv
[0.427s] -- Up-to-date symlink: /home/huuhoa/hospital_robot/install/nav_2d_utils/share/nav_2d_utils/environment/path.sh
[0.427s] -- Up-to-date symlink: /home/huuhoa/hospital_robot/install/nav_2d_utils/share/nav_2d_utils/environment/path.dsv
[0.428s] -- Up-to-date symlink: /home/huuhoa/hospital_robot/install/nav_2d_utils/share/nav_2d_utils/local_setup.bash
[0.428s] -- Up-to-date symlink: /home/huuhoa/hospital_robot/install/nav_2d_utils/share/nav_2d_utils/local_setup.sh
[0.428s] -- Up-to-date symlink: /home/huuhoa/hospital_robot/install/nav_2d_utils/share/nav_2d_utils/local_setup.zsh
[0.428s] -- Up-to-date symlink: /home/huuhoa/hospital_robot/install/nav_2d_utils/share/nav_2d_utils/local_setup.dsv
[0.428s] -- Symlinking: /home/huuhoa/hospital_robot/install/nav_2d_utils/share/nav_2d_utils/package.dsv
[0.454s] -- Up-to-date symlink: /home/huuhoa/hospital_robot/install/nav_2d_utils/share/ament_index/resource_index/packages/nav_2d_utils
[0.454s] -- Up-to-date symlink: /home/huuhoa/hospital_robot/install/nav_2d_utils/share/nav_2d_utils/cmake/ament_cmake_export_include_directories-extras.cmake
[0.455s] -- Up-to-date symlink: /home/huuhoa/hospital_robot/install/nav_2d_utils/share/nav_2d_utils/cmake/ament_cmake_export_libraries-extras.cmake
[0.455s] -- Up-to-date symlink: /home/huuhoa/hospital_robot/install/nav_2d_utils/share/nav_2d_utils/cmake/ament_cmake_export_dependencies-extras.cmake
[0.455s] -- Up-to-date symlink: /home/huuhoa/hospital_robot/install/nav_2d_utils/share/nav_2d_utils/cmake/nav_2d_utilsConfig.cmake
[0.455s] -- Up-to-date symlink: /home/huuhoa/hospital_robot/install/nav_2d_utils/share/nav_2d_utils/cmake/nav_2d_utilsConfig-version.cmake
[0.456s] -- Up-to-date symlink: /home/huuhoa/hospital_robot/install/nav_2d_utils/share/nav_2d_utils/package.xml
[0.464s] Invoked command in '/home/huuhoa/hospital_robot/build/nav_2d_utils' returned '0': CMAKE_PREFIX_PATH=/home/huuhoa/hospital_robot/install/nav2_util:/home/huuhoa/hospital_robot/install/nav2_msgs:/home/huuhoa/hospital_robot/install/nav_2d_msgs:/home/huuhoa/hospital_robot/install/nav2_common:/home/huuhoa/hospital_robot/install/nav_2d_utils:/home/huuhoa/hospital_robot/install/dwb_msgs:/home/huuhoa/hospital_robot/install/nav2_voxel_grid:/home/huuhoa/hospital_robot/install/nav2_map_server:/home/huuhoa/hospital_robot/install/nav2_lifecycle_manager:/home/huuhoa/hospital_robot/install/map_msgs:/home/huuhoa/hospital_robot/install/hospital_package:/home/huuhoa/hospital_robot/install/nav2_simple_commander:/opt/ros/humble LD_LIBRARY_PATH=/home/huuhoa/hospital_robot/install/nav2_util/lib:/home/huuhoa/hospital_robot/install/nav2_msgs/lib:/home/huuhoa/hospital_robot/install/nav_2d_msgs/lib:/home/huuhoa/hospital_robot/install/nav_2d_utils/lib:/home/huuhoa/hospital_robot/install/dwb_msgs/lib:/home/huuhoa/hospital_robot/install/nav2_voxel_grid/lib:/home/huuhoa/hospital_robot/install/nav2_map_server/lib:/home/huuhoa/hospital_robot/install/nav2_lifecycle_manager/lib:/home/huuhoa/hospital_robot/install/map_msgs/lib:/opt/ros/humble/lib/x86_64-linux-gnu:/opt/ros/humble/lib /usr/bin/cmake --install /home/huuhoa/hospital_robot/build/nav_2d_utils
