[0.066s] Invoking command in '/home/huuhoa/hospital_robot/build/nav2_common': CMAKE_PREFIX_PATH=/opt/ros/humble /usr/bin/cmake --build /home/huuhoa/hospital_robot/build/nav2_common -- -j2 -l2
[0.788s] Built target ament_cmake_python_symlink_nav2_common
[2.148s] running egg_info
[2.148s] writing nav2_common.egg-info/PKG-INFO
[2.161s] writing dependency_links to nav2_common.egg-info/dependency_links.txt
[2.163s] writing top-level names to nav2_common.egg-info/top_level.txt
[2.195s] reading manifest file 'nav2_common.egg-info/SOURCES.txt'
[2.258s] writing manifest file 'nav2_common.egg-info/SOURCES.txt'
[2.419s] Built target ament_cmake_python_build_nav2_common_egg
[2.580s] Invoked command in '/home/huuhoa/hospital_robot/build/nav2_common' returned '0': CMAKE_PREFIX_PATH=/opt/ros/humble /usr/bin/cmake --build /home/huuhoa/hospital_robot/build/nav2_common -- -j2 -l2
[2.717s] Invoking command in '/home/huuhoa/hospital_robot/build/nav2_common': CMAKE_PREFIX_PATH=/opt/ros/humble /usr/bin/cmake --install /home/huuhoa/hospital_robot/build/nav2_common
[2.764s] -- Install configuration: ""
[2.764s] -- Execute custom install script
[2.764s] -- Up-to-date symlink: /home/huuhoa/hospital_robot/install/nav2_common/share/nav2_common/environment/pythonpath.sh
[2.764s] -- Up-to-date symlink: /home/huuhoa/hospital_robot/install/nav2_common/share/nav2_common/environment/pythonpath.dsv
[2.774s] -- Up-to-date symlink: /home/huuhoa/hospital_robot/install/nav2_common/local/lib/python3.10/dist-packages/nav2_common-1.1.18-py3.10.egg-info/PKG-INFO
[2.779s] -- Up-to-date symlink: /home/huuhoa/hospital_robot/install/nav2_common/local/lib/python3.10/dist-packages/nav2_common-1.1.18-py3.10.egg-info/SOURCES.txt
[2.785s] -- Up-to-date symlink: /home/huuhoa/hospital_robot/install/nav2_common/local/lib/python3.10/dist-packages/nav2_common-1.1.18-py3.10.egg-info/dependency_links.txt
[2.789s] -- Up-to-date symlink: /home/huuhoa/hospital_robot/install/nav2_common/local/lib/python3.10/dist-packages/nav2_common-1.1.18-py3.10.egg-info/top_level.txt
[2.794s] -- Up-to-date symlink: /home/huuhoa/hospital_robot/install/nav2_common/local/lib/python3.10/dist-packages/nav2_common/__init__.py
[2.794s] -- Up-to-date symlink: /home/huuhoa/hospital_robot/install/nav2_common/local/lib/python3.10/dist-packages/nav2_common/launch/__init__.py
[2.798s] -- Up-to-date symlink: /home/huuhoa/hospital_robot/install/nav2_common/local/lib/python3.10/dist-packages/nav2_common/launch/has_node_params.py
[2.804s] -- Up-to-date symlink: /home/huuhoa/hospital_robot/install/nav2_common/local/lib/python3.10/dist-packages/nav2_common/launch/parse_multirobot_pose.py
[2.804s] -- Up-to-date symlink: /home/huuhoa/hospital_robot/install/nav2_common/local/lib/python3.10/dist-packages/nav2_common/launch/replace_string.py
[2.806s] -- Up-to-date symlink: /home/huuhoa/hospital_robot/install/nav2_common/local/lib/python3.10/dist-packages/nav2_common/launch/rewritten_yaml.py
[2.810s] -- Up-to-date symlink: /home/huuhoa/hospital_robot/install/nav2_common/share/ament_index/resource_index/package_run_dependencies/nav2_common
[2.812s] -- Up-to-date symlink: /home/huuhoa/hospital_robot/install/nav2_common/share/ament_index/resource_index/parent_prefix_path/nav2_common
[2.816s] -- Up-to-date symlink: /home/huuhoa/hospital_robot/install/nav2_common/share/nav2_common/environment/ament_prefix_path.sh
[2.818s] -- Up-to-date symlink: /home/huuhoa/hospital_robot/install/nav2_common/share/nav2_common/environment/ament_prefix_path.dsv
[2.818s] -- Up-to-date symlink: /home/huuhoa/hospital_robot/install/nav2_common/share/nav2_common/environment/path.sh
[2.819s] -- Up-to-date symlink: /home/huuhoa/hospital_robot/install/nav2_common/share/nav2_common/environment/path.dsv
[2.820s] -- Up-to-date symlink: /home/huuhoa/hospital_robot/install/nav2_common/share/nav2_common/local_setup.bash
[2.821s] -- Up-to-date symlink: /home/huuhoa/hospital_robot/install/nav2_common/share/nav2_common/local_setup.sh
[2.825s] -- Up-to-date symlink: /home/huuhoa/hospital_robot/install/nav2_common/share/nav2_common/local_setup.zsh
[2.827s] -- Up-to-date symlink: /home/huuhoa/hospital_robot/install/nav2_common/share/nav2_common/local_setup.dsv
[2.827s] -- Symlinking: /home/huuhoa/hospital_robot/install/nav2_common/share/nav2_common/package.dsv
[2.866s] -- Up-to-date symlink: /home/huuhoa/hospital_robot/install/nav2_common/share/ament_index/resource_index/packages/nav2_common
[2.877s] -- Up-to-date symlink: /home/huuhoa/hospital_robot/install/nav2_common/share/nav2_common/cmake/nav2_common-extras.cmake
[2.877s] -- Up-to-date symlink: /home/huuhoa/hospital_robot/install/nav2_common/share/nav2_common/cmake/nav2_commonConfig.cmake
[2.881s] -- Up-to-date symlink: /home/huuhoa/hospital_robot/install/nav2_common/share/nav2_common/cmake/nav2_commonConfig-version.cmake
[2.886s] -- Up-to-date symlink: /home/huuhoa/hospital_robot/install/nav2_common/share/nav2_common/package.xml
[2.888s] -- Up-to-date symlink: /home/huuhoa/hospital_robot/install/nav2_common/share/nav2_common/cmake/nav2_package.cmake
[3.041s] Listing '/home/huuhoa/hospital_robot/install/nav2_common/local/lib/python3.10/dist-packages/nav2_common'...
[3.041s] Listing '/home/huuhoa/hospital_robot/install/nav2_common/local/lib/python3.10/dist-packages/nav2_common/launch'...
[3.065s] Invoked command in '/home/huuhoa/hospital_robot/build/nav2_common' returned '0': CMAKE_PREFIX_PATH=/opt/ros/humble /usr/bin/cmake --install /home/huuhoa/hospital_robot/build/nav2_common
