[0.057s] Invoking command in '/home/huuhoa/hospital_robot/build/nav2_lifecycle_manager': CMAKE_PREFIX_PATH=/home/huuhoa/hospital_robot/install/nav2_util:/home/huuhoa/hospital_robot/install/nav2_msgs:/home/huuhoa/hospital_robot/install/nav2_common:/home/huuhoa/hospital_robot/install/nav2_system_tests:/home/huuhoa/hospital_robot/install/nav2_bringup:/home/huuhoa/hospital_robot/install/navigation2:/home/huuhoa/hospital_robot/install/nav2_smoother:/home/huuhoa/hospital_robot/install/nav2_rotation_shim_controller:/home/huuhoa/hospital_robot/install/nav2_graceful_controller:/home/huuhoa/hospital_robot/install/nav2_dwb_controller:/home/huuhoa/hospital_robot/install/nav2_controller:/home/huuhoa/hospital_robot/install/dwb_plugins:/home/huuhoa/hospital_robot/install/dwb_critics:/home/huuhoa/hospital_robot/install/dwb_core:/home/huuhoa/hospital_robot/install/nav_2d_utils:/home/huuhoa/hospital_robot/install/dwb_msgs:/home/huuhoa/hospital_robot/install/nav_2d_msgs:/home/huuhoa/hospital_robot/install/nav2_waypoint_follower:/home/huuhoa/hospital_robot/install/nav2_theta_star_planner:/home/huuhoa/hospital_robot/install/nav2_smac_planner:/home/huuhoa/hospital_robot/install/nav2_regulated_pure_pursuit_controller:/home/huuhoa/hospital_robot/install/nav2_planner:/home/huuhoa/hospital_robot/install/nav2_navfn_planner:/home/huuhoa/hospital_robot/install/nav2_mppi_controller:/home/huuhoa/hospital_robot/install/nav2_constrained_smoother:/home/huuhoa/hospital_robot/install/nav2_bt_navigator:/home/huuhoa/hospital_robot/install/nav2_behaviors:/home/huuhoa/hospital_robot/install/nav2_core:/home/huuhoa/hospital_robot/install/nav2_collision_monitor:/home/huuhoa/hospital_robot/install/costmap_queue:/home/huuhoa/hospital_robot/install/nav2_costmap_2d:/home/huuhoa/hospital_robot/install/nav2_voxel_grid:/home/huuhoa/hospital_robot/install/nav2_velocity_smoother:/home/huuhoa/hospital_robot/install/nav2_rviz_plugins:/home/huuhoa/hospital_robot/install/nav2_map_server:/home/huuhoa/hospital_robot/install/nav2_lifecycle_manager:/home/huuhoa/hospital_robot/install/nav2_behavior_tree:/home/huuhoa/hospital_robot/install/nav2_amcl:/home/huuhoa/hospital_robot/install/map_msgs:/home/huuhoa/hospital_robot/install/hospital_package:/home/huuhoa/hospital_robot/install/nav2_simple_commander:/opt/ros/humble LD_LIBRARY_PATH=/home/huuhoa/hospital_robot/install/nav2_util/lib:/home/huuhoa/hospital_robot/install/nav2_msgs/lib:/home/huuhoa/hospital_robot/install/nav2_smoother/lib:/home/huuhoa/hospital_robot/install/nav2_rotation_shim_controller/lib:/home/huuhoa/hospital_robot/install/nav2_graceful_controller/lib:/home/huuhoa/hospital_robot/install/nav2_controller/lib:/home/huuhoa/hospital_robot/install/dwb_plugins/lib:/home/huuhoa/hospital_robot/install/dwb_critics/lib:/home/huuhoa/hospital_robot/install/dwb_core/lib:/home/huuhoa/hospital_robot/install/nav_2d_utils/lib:/home/huuhoa/hospital_robot/install/dwb_msgs/lib:/home/huuhoa/hospital_robot/install/nav_2d_msgs/lib:/home/huuhoa/hospital_robot/install/nav2_waypoint_follower/lib:/home/huuhoa/hospital_robot/install/nav2_theta_star_planner/lib:/home/huuhoa/hospital_robot/install/nav2_smac_planner/lib:/home/huuhoa/hospital_robot/install/nav2_regulated_pure_pursuit_controller/lib:/home/huuhoa/hospital_robot/install/nav2_planner/lib:/home/huuhoa/hospital_robot/install/nav2_navfn_planner/lib:/home/huuhoa/hospital_robot/install/nav2_mppi_controller/lib:/home/huuhoa/hospital_robot/install/nav2_constrained_smoother/lib:/home/huuhoa/hospital_robot/install/nav2_bt_navigator/lib:/home/huuhoa/hospital_robot/install/nav2_behaviors/lib:/home/huuhoa/hospital_robot/install/nav2_collision_monitor/lib:/home/huuhoa/hospital_robot/install/costmap_queue/lib:/home/huuhoa/hospital_robot/install/nav2_costmap_2d/lib:/home/huuhoa/hospital_robot/install/nav2_voxel_grid/lib:/home/huuhoa/hospital_robot/install/nav2_velocity_smoother/lib:/home/huuhoa/hospital_robot/install/nav2_rviz_plugins/lib:/home/huuhoa/hospital_robot/install/nav2_map_server/lib:/home/huuhoa/hospital_robot/install/nav2_lifecycle_manager/lib:/home/huuhoa/hospital_robot/install/nav2_behavior_tree/lib:/home/huuhoa/hospital_robot/install/nav2_amcl/lib:/home/huuhoa/hospital_robot/install/map_msgs/lib:/opt/ros/humble/lib/x86_64-linux-gnu:/opt/ros/humble/lib /usr/bin/cmake --build /home/huuhoa/hospital_robot/build/nav2_lifecycle_manager -- -j2 -l2
[0.177s] [  7%] [32mBuilding CXX object CMakeFiles/nav2_lifecycle_manager_core.dir/src/lifecycle_manager.cpp.o[0m
[16.164s] [ 15%] [32mBuilding CXX object CMakeFiles/nav2_lifecycle_manager_core.dir/src/lifecycle_manager_client.cpp.o[0m
[22.696s] [ 23%] [32m[1mLinking CXX shared library libnav2_lifecycle_manager_core.so[0m
[23.077s] [ 23%] Built target nav2_lifecycle_manager_core
[23.136s] [ 30%] [32mBuilding CXX object gtest/CMakeFiles/gtest_main.dir/src/gtest_main.cc.o[0m
[24.326s] [ 38%] [32m[1mLinking CXX static library libgtest_main.a[0m
[24.449s] [ 38%] Built target gtest_main
[24.507s] [ 46%] [32mBuilding CXX object gtest/CMakeFiles/gtest.dir/src/gtest-all.cc.o[0m
[35.369s] [ 53%] [32m[1mLinking CXX static library libgtest.a[0m
[35.520s] [ 53%] Built target gtest
[35.576s] [ 61%] [32mBuilding CXX object CMakeFiles/lifecycle_manager.dir/src/main.cpp.o[0m
[40.718s] [ 69%] [32m[1mLinking CXX executable lifecycle_manager[0m
[41.025s] [ 69%] Built target lifecycle_manager
[41.077s] [ 76%] [32mBuilding CXX object test/CMakeFiles/test_lifecycle_gtest.dir/test_lifecycle_manager.cpp.o[0m
[46.758s] [ 84%] [32m[1mLinking CXX executable test_lifecycle_gtest[0m
[47.162s] [ 84%] Built target test_lifecycle_gtest
[47.216s] [ 92%] [32mBuilding CXX object test/CMakeFiles/test_bond_gtest.dir/test_bond.cpp.o[0m
[55.213s] [100%] [32m[1mLinking CXX executable test_bond_gtest[0m
[55.599s] [100%] Built target test_bond_gtest
