[0.080s] Invoking command in '/home/huuhoa/hospital_robot/build/nav2_behavior_tree': CMAKE_PREFIX_PATH=/home/huuhoa/hospital_robot/install/nav2_util:/home/huuhoa/hospital_robot/install/nav2_msgs:/home/huuhoa/hospital_robot/install/nav2_common:/home/huuhoa/hospital_robot/install/nav_2d_utils:/home/huuhoa/hospital_robot/install/dwb_msgs:/home/huuhoa/hospital_robot/install/nav_2d_msgs:/home/huuhoa/hospital_robot/install/nav2_voxel_grid:/home/huuhoa/hospital_robot/install/nav2_map_server:/home/huuhoa/hospital_robot/install/nav2_lifecycle_manager:/home/huuhoa/hospital_robot/install/map_msgs:/home/huuhoa/hospital_robot/install/hospital_package:/home/huuhoa/hospital_robot/install/nav2_simple_commander:/opt/ros/humble LD_LIBRARY_PATH=/home/huuhoa/hospital_robot/install/nav2_util/lib:/home/huuhoa/hospital_robot/install/nav2_msgs/lib:/home/huuhoa/hospital_robot/install/nav_2d_utils/lib:/home/huuhoa/hospital_robot/install/dwb_msgs/lib:/home/huuhoa/hospital_robot/install/nav_2d_msgs/lib:/home/huuhoa/hospital_robot/install/nav2_voxel_grid/lib:/home/huuhoa/hospital_robot/install/nav2_map_server/lib:/home/huuhoa/hospital_robot/install/nav2_lifecycle_manager/lib:/home/huuhoa/hospital_robot/install/map_msgs/lib:/opt/ros/humble/lib/x86_64-linux-gnu:/opt/ros/humble/lib /usr/bin/cmake --build /home/huuhoa/hospital_robot/build/nav2_behavior_tree -- -j2 -l2
[0.179s] [35m[1mConsolidate compiler generated dependencies of target nav2_behavior_tree[0m
[0.223s] [  1%] Built target nav2_behavior_tree
[0.250s] [35m[1mConsolidate compiler generated dependencies of target nav2_compute_path_to_pose_action_bt_node[0m
[0.292s] [  2%] Built target nav2_compute_path_to_pose_action_bt_node
[0.326s] [35m[1mConsolidate compiler generated dependencies of target nav2_compute_path_through_poses_action_bt_node[0m
[0.363s] [  3%] Built target nav2_compute_path_through_poses_action_bt_node
[0.393s] [35m[1mConsolidate compiler generated dependencies of target nav2_controller_cancel_bt_node[0m
[0.447s] [  4%] Built target nav2_controller_cancel_bt_node
[0.475s] [35m[1mConsolidate compiler generated dependencies of target nav2_wait_cancel_bt_node[0m
[0.512s] [  5%] Built target nav2_wait_cancel_bt_node
[0.545s] [35m[1mConsolidate compiler generated dependencies of target nav2_spin_cancel_bt_node[0m
[0.585s] [  6%] Built target nav2_spin_cancel_bt_node
[0.615s] [35m[1mConsolidate compiler generated dependencies of target nav2_back_up_cancel_bt_node[0m
[0.655s] [  7%] Built target nav2_back_up_cancel_bt_node
[0.678s] [35m[1mConsolidate compiler generated dependencies of target nav2_assisted_teleop_cancel_bt_node[0m
[0.725s] [  8%] Built target nav2_assisted_teleop_cancel_bt_node
[0.749s] [35m[1mConsolidate compiler generated dependencies of target nav2_drive_on_heading_cancel_bt_node[0m
[0.791s] [  9%] Built target nav2_drive_on_heading_cancel_bt_node
[0.817s] [35m[1mConsolidate compiler generated dependencies of target nav2_smooth_path_action_bt_node[0m
[0.869s] [  9%] Built target nav2_smooth_path_action_bt_node
[0.895s] [35m[1mConsolidate compiler generated dependencies of target nav2_follow_path_action_bt_node[0m
[0.941s] [ 10%] Built target nav2_follow_path_action_bt_node
[0.970s] [35m[1mConsolidate compiler generated dependencies of target nav2_back_up_action_bt_node[0m
[1.012s] [ 11%] Built target nav2_back_up_action_bt_node
[1.043s] [35m[1mConsolidate compiler generated dependencies of target nav2_drive_on_heading_bt_node[0m
[1.087s] [ 12%] Built target nav2_drive_on_heading_bt_node
[1.112s] [35m[1mConsolidate compiler generated dependencies of target nav2_spin_action_bt_node[0m
[1.157s] [ 13%] Built target nav2_spin_action_bt_node
[1.187s] [35m[1mConsolidate compiler generated dependencies of target nav2_wait_action_bt_node[0m
[1.218s] [ 14%] Built target nav2_wait_action_bt_node
[1.250s] [35m[1mConsolidate compiler generated dependencies of target nav2_assisted_teleop_action_bt_node[0m
[1.285s] [ 15%] Built target nav2_assisted_teleop_action_bt_node
[1.309s] [35m[1mConsolidate compiler generated dependencies of target nav2_clear_costmap_service_bt_node[0m
[1.358s] [ 16%] Built target nav2_clear_costmap_service_bt_node
[1.379s] [35m[1mConsolidate compiler generated dependencies of target nav2_is_stuck_condition_bt_node[0m
[1.412s] [ 17%] Built target nav2_is_stuck_condition_bt_node
[1.436s] [35m[1mConsolidate compiler generated dependencies of target nav2_transform_available_condition_bt_node[0m
[1.472s] [ 18%] Built target nav2_transform_available_condition_bt_node
[1.499s] [35m[1mConsolidate compiler generated dependencies of target nav2_goal_reached_condition_bt_node[0m
[1.544s] [ 19%] Built target nav2_goal_reached_condition_bt_node
[1.572s] [35m[1mConsolidate compiler generated dependencies of target nav2_globally_updated_goal_condition_bt_node[0m
[1.606s] [ 20%] Built target nav2_globally_updated_goal_condition_bt_node
[1.637s] [35m[1mConsolidate compiler generated dependencies of target nav2_goal_updated_condition_bt_node[0m
[1.664s] [ 20%] Built target nav2_goal_updated_condition_bt_node
[1.694s] [35m[1mConsolidate compiler generated dependencies of target nav2_is_path_valid_condition_bt_node[0m
[1.733s] [ 21%] Built target nav2_is_path_valid_condition_bt_node
[1.759s] [35m[1mConsolidate compiler generated dependencies of target nav2_time_expired_condition_bt_node[0m
[1.792s] [ 22%] Built target nav2_time_expired_condition_bt_node
[1.822s] [35m[1mConsolidate compiler generated dependencies of target nav2_path_expiring_timer_condition[0m
[1.868s] [ 23%] Built target nav2_path_expiring_timer_condition
[1.895s] [35m[1mConsolidate compiler generated dependencies of target nav2_distance_traveled_condition_bt_node[0m
[1.933s] [ 24%] Built target nav2_distance_traveled_condition_bt_node
[1.959s] [35m[1mConsolidate compiler generated dependencies of target nav2_initial_pose_received_condition_bt_node[0m
[1.989s] [ 25%] Built target nav2_initial_pose_received_condition_bt_node
[2.020s] [35m[1mConsolidate compiler generated dependencies of target nav2_is_battery_charging_condition_bt_node[0m
[2.059s] [ 26%] Built target nav2_is_battery_charging_condition_bt_node
[2.093s] [35m[1mConsolidate compiler generated dependencies of target nav2_is_battery_low_condition_bt_node[0m
[2.132s] [ 27%] Built target nav2_is_battery_low_condition_bt_node
[2.164s] [35m[1mConsolidate compiler generated dependencies of target nav2_reinitialize_global_localization_service_bt_node[0m
[2.207s] [ 28%] Built target nav2_reinitialize_global_localization_service_bt_node
[2.231s] [35m[1mConsolidate compiler generated dependencies of target nav2_rate_controller_bt_node[0m
[2.267s] [ 29%] Built target nav2_rate_controller_bt_node
[2.292s] [35m[1mConsolidate compiler generated dependencies of target nav2_distance_controller_bt_node[0m
[2.329s] [ 30%] Built target nav2_distance_controller_bt_node
[2.370s] [35m[1mConsolidate compiler generated dependencies of target nav2_speed_controller_bt_node[0m
[2.413s] [ 31%] Built target nav2_speed_controller_bt_node
[2.438s] [35m[1mConsolidate compiler generated dependencies of target nav2_truncate_path_action_bt_node[0m
[2.472s] [ 32%] Built target nav2_truncate_path_action_bt_node
[2.497s] [35m[1mConsolidate compiler generated dependencies of target nav2_truncate_path_local_action_bt_node[0m
[2.534s] [ 33%] Built target nav2_truncate_path_local_action_bt_node
[2.558s] [35m[1mConsolidate compiler generated dependencies of target nav2_goal_updater_node_bt_node[0m
[2.598s] [ 34%] Built target nav2_goal_updater_node_bt_node
[2.623s] [35m[1mConsolidate compiler generated dependencies of target nav2_path_longer_on_approach_bt_node[0m
[2.667s] [ 35%] Built target nav2_path_longer_on_approach_bt_node
[2.691s] [35m[1mConsolidate compiler generated dependencies of target nav2_recovery_node_bt_node[0m
[2.717s] [ 36%] Built target nav2_recovery_node_bt_node
[2.741s] [35m[1mConsolidate compiler generated dependencies of target nav2_navigate_to_pose_action_bt_node[0m
[2.777s] [ 37%] Built target nav2_navigate_to_pose_action_bt_node
[2.802s] [35m[1mConsolidate compiler generated dependencies of target nav2_navigate_through_poses_action_bt_node[0m
[2.834s] [ 38%] Built target nav2_navigate_through_poses_action_bt_node
[2.869s] [35m[1mConsolidate compiler generated dependencies of target nav2_remove_passed_goals_action_bt_node[0m
[2.904s] [ 39%] Built target nav2_remove_passed_goals_action_bt_node
[2.925s] [35m[1mConsolidate compiler generated dependencies of target nav2_get_pose_from_path_action_bt_node[0m
[2.966s] [ 40%] Built target nav2_get_pose_from_path_action_bt_node
[2.988s] [35m[1mConsolidate compiler generated dependencies of target nav2_pipeline_sequence_bt_node[0m
[3.015s] [ 41%] Built target nav2_pipeline_sequence_bt_node
[3.039s] [35m[1mConsolidate compiler generated dependencies of target nav2_round_robin_node_bt_node[0m
[3.074s] [ 42%] Built target nav2_round_robin_node_bt_node
[3.098s] [35m[1mConsolidate compiler generated dependencies of target nav2_single_trigger_bt_node[0m
[3.125s] [ 43%] Built target nav2_single_trigger_bt_node
[3.148s] [35m[1mConsolidate compiler generated dependencies of target nav2_planner_selector_bt_node[0m
[3.191s] [ 44%] Built target nav2_planner_selector_bt_node
[3.216s] [35m[1mConsolidate compiler generated dependencies of target nav2_controller_selector_bt_node[0m
[3.247s] [ 45%] Built target nav2_controller_selector_bt_node
[3.284s] [35m[1mConsolidate compiler generated dependencies of target nav2_smoother_selector_bt_node[0m
[3.314s] [ 46%] Built target nav2_smoother_selector_bt_node
[3.337s] [35m[1mConsolidate compiler generated dependencies of target nav2_goal_checker_selector_bt_node[0m
[3.373s] [ 47%] Built target nav2_goal_checker_selector_bt_node
[3.400s] [35m[1mConsolidate compiler generated dependencies of target nav2_progress_checker_selector_bt_node[0m
[3.431s] [ 48%] Built target nav2_progress_checker_selector_bt_node
[3.462s] [35m[1mConsolidate compiler generated dependencies of target nav2_goal_updated_controller_bt_node[0m
[3.493s] [ 49%] Built target nav2_goal_updated_controller_bt_node
[3.515s] [35m[1mConsolidate compiler generated dependencies of target gtest_main[0m
[3.537s] [ 50%] Built target gtest_main
[3.567s] [35m[1mConsolidate compiler generated dependencies of target gtest[0m
[3.589s] [ 50%] Built target gtest
[3.616s] [35m[1mConsolidate compiler generated dependencies of target test_bt_conversions[0m
[3.643s] [ 51%] Built target test_bt_conversions
[3.670s] [35m[1mConsolidate compiler generated dependencies of target test_condition_distance_traveled[0m
[3.701s] [ 52%] Built target test_condition_distance_traveled
[3.725s] [35m[1mConsolidate compiler generated dependencies of target test_condition_time_expired[0m
[3.759s] [ 52%] Built target test_condition_time_expired
[3.789s] [35m[1mConsolidate compiler generated dependencies of target test_condition_path_expiring_timer[0m
[3.817s] [ 53%] Built target test_condition_path_expiring_timer
[3.846s] [35m[1mConsolidate compiler generated dependencies of target test_condition_goal_reached[0m
[3.884s] [ 54%] Built target test_condition_goal_reached
[3.917s] [35m[1mConsolidate compiler generated dependencies of target test_condition_goal_updated[0m
[3.952s] [ 55%] Built target test_condition_goal_updated
[3.980s] [35m[1mConsolidate compiler generated dependencies of target test_condition_globally_updated_goal[0m
[4.021s] [ 56%] Built target test_condition_globally_updated_goal
[4.047s] [35m[1mConsolidate compiler generated dependencies of target test_condition_initial_pose_received[0m
[4.093s] [ 57%] Built target test_condition_initial_pose_received
[4.122s] [35m[1mConsolidate compiler generated dependencies of target test_condition_transform_available[0m
[4.147s] [ 58%] Built target test_condition_transform_available
[4.167s] [35m[1mConsolidate compiler generated dependencies of target test_condition_is_stuck[0m
[4.196s] [ 59%] Built target test_condition_is_stuck
[4.229s] [35m[1mConsolidate compiler generated dependencies of target test_condition_is_battery_charging[0m
[4.259s] [ 60%] Built target test_condition_is_battery_charging
[4.290s] [35m[1mConsolidate compiler generated dependencies of target test_condition_is_battery_low[0m
[4.330s] [ 61%] Built target test_condition_is_battery_low
[4.354s] [35m[1mConsolidate compiler generated dependencies of target test_condition_is_path_valid[0m
[4.384s] [ 62%] Built target test_condition_is_path_valid
[4.417s] [35m[1mConsolidate compiler generated dependencies of target test_decorator_distance_controller[0m
[4.455s] [ 63%] Built target test_decorator_distance_controller
[4.484s] [35m[1mConsolidate compiler generated dependencies of target test_decorator_speed_controller[0m
[4.518s] [ 64%] Built target test_decorator_speed_controller
[4.544s] [35m[1mConsolidate compiler generated dependencies of target test_decorator_rate_controller[0m
[4.577s] [ 65%] Built target test_decorator_rate_controller
[4.601s] [35m[1mConsolidate compiler generated dependencies of target test_goal_updater_node[0m
[4.632s] [ 66%] Built target test_goal_updater_node
[4.660s] [35m[1mConsolidate compiler generated dependencies of target test_single_trigger_node[0m
[4.702s] [ 67%] Built target test_single_trigger_node
[4.724s] [35m[1mConsolidate compiler generated dependencies of target test_goal_updated_controller[0m
[4.762s] [ 68%] Built target test_goal_updated_controller
[4.786s] [35m[1mConsolidate compiler generated dependencies of target test_decorator_path_longer_on_approach[0m
[4.831s] [ 69%] Built target test_decorator_path_longer_on_approach
[4.861s] [35m[1mConsolidate compiler generated dependencies of target test_control_recovery_node[0m
[4.897s] [ 70%] Built target test_control_recovery_node
[4.929s] [35m[1mConsolidate compiler generated dependencies of target test_control_pipeline_sequence[0m
[4.963s] [ 71%] Built target test_control_pipeline_sequence
[4.984s] [35m[1mConsolidate compiler generated dependencies of target test_control_round_robin_node[0m
[5.020s] [ 72%] Built target test_control_round_robin_node
[5.046s] [35m[1mConsolidate compiler generated dependencies of target test_bt_action_node[0m
[5.079s] [ 73%] Built target test_bt_action_node
[5.103s] [35m[1mConsolidate compiler generated dependencies of target test_action_spin_action[0m
[5.153s] [ 74%] Built target test_action_spin_action
[5.179s] [35m[1mConsolidate compiler generated dependencies of target test_action_back_up_action[0m
[5.215s] [ 75%] Built target test_action_back_up_action
[5.248s] [35m[1mConsolidate compiler generated dependencies of target test_action_drive_on_heading[0m
[5.293s] [ 76%] Built target test_action_drive_on_heading
[5.326s] [35m[1mConsolidate compiler generated dependencies of target test_action_wait_action[0m
[5.370s] [ 77%] Built target test_action_wait_action
[5.398s] [35m[1mConsolidate compiler generated dependencies of target test_action_assisted_teleop_action[0m
[5.447s] [ 78%] Built target test_action_assisted_teleop_action
[5.476s] [35m[1mConsolidate compiler generated dependencies of target test_action_controller_cancel_action[0m
[5.512s] [ 79%] Built target test_action_controller_cancel_action
[5.549s] [35m[1mConsolidate compiler generated dependencies of target test_action_wait_cancel_action[0m
[5.582s] [ 80%] Built target test_action_wait_cancel_action
[5.608s] [35m[1mConsolidate compiler generated dependencies of target test_action_spin_cancel_action[0m
[5.647s] [ 81%] Built target test_action_spin_cancel_action
[5.678s] [35m[1mConsolidate compiler generated dependencies of target test_action_back_up_cancel_action[0m
[5.708s] [ 82%] Built target test_action_back_up_cancel_action
[5.732s] [35m[1mConsolidate compiler generated dependencies of target test_action_assisted_teleop_cancel_action[0m
[5.782s] [ 83%] Built target test_action_assisted_teleop_cancel_action
[5.829s] [35m[1mConsolidate compiler generated dependencies of target test_action_drive_on_heading_cancel_action[0m
[5.883s] [ 84%] Built target test_action_drive_on_heading_cancel_action
[5.919s] [35m[1mConsolidate compiler generated dependencies of target test_action_clear_costmap_service[0m
[5.965s] [ 85%] Built target test_action_clear_costmap_service
[5.997s] [35m[1mConsolidate compiler generated dependencies of target test_action_reinitialize_global_localization_service[0m
[6.034s] [ 86%] Built target test_action_reinitialize_global_localization_service
[6.062s] [35m[1mConsolidate compiler generated dependencies of target test_action_compute_path_to_pose_action[0m
[6.101s] [ 87%] Built target test_action_compute_path_to_pose_action
[6.127s] [35m[1mConsolidate compiler generated dependencies of target test_action_compute_path_through_poses_action[0m
[6.168s] [ 88%] Built target test_action_compute_path_through_poses_action
[6.197s] [35m[1mConsolidate compiler generated dependencies of target test_action_smooth_path_action[0m
[6.230s] [ 89%] Built target test_action_smooth_path_action
[6.272s] [35m[1mConsolidate compiler generated dependencies of target test_action_follow_path_action[0m
[6.315s] [ 89%] Built target test_action_follow_path_action
[6.344s] [35m[1mConsolidate compiler generated dependencies of target test_action_navigate_to_pose_action[0m
[6.385s] [ 90%] Built target test_action_navigate_to_pose_action
[6.408s] [35m[1mConsolidate compiler generated dependencies of target test_action_navigate_through_poses_action[0m
[6.451s] [ 91%] Built target test_action_navigate_through_poses_action
[6.482s] [35m[1mConsolidate compiler generated dependencies of target test_truncate_path_action[0m
[6.525s] [ 92%] Built target test_truncate_path_action
[6.544s] [35m[1mConsolidate compiler generated dependencies of target test_truncate_path_local_action[0m
[6.585s] [ 93%] Built target test_truncate_path_local_action
[6.621s] [35m[1mConsolidate compiler generated dependencies of target test_remove_passed_goals_action[0m
[6.665s] [ 94%] Built target test_remove_passed_goals_action
[6.688s] [35m[1mConsolidate compiler generated dependencies of target test_get_pose_from_path_action[0m
[6.728s] [ 95%] Built target test_get_pose_from_path_action
[6.752s] [35m[1mConsolidate compiler generated dependencies of target test_planner_selector_node[0m
[6.790s] [ 96%] Built target test_planner_selector_node
[6.819s] [35m[1mConsolidate compiler generated dependencies of target test_controller_selector_node[0m
[6.859s] [ 97%] Built target test_controller_selector_node
[6.902s] [35m[1mConsolidate compiler generated dependencies of target test_smoother_selector_node[0m
[6.947s] [ 98%] Built target test_smoother_selector_node
[6.974s] [35m[1mConsolidate compiler generated dependencies of target test_goal_checker_selector_node[0m
[7.009s] [ 99%] Built target test_goal_checker_selector_node
[7.034s] [35m[1mConsolidate compiler generated dependencies of target test_progress_checker_selector_node[0m
[7.081s] [100%] Built target test_progress_checker_selector_node
[7.116s] Invoked command in '/home/huuhoa/hospital_robot/build/nav2_behavior_tree' returned '0': CMAKE_PREFIX_PATH=/home/huuhoa/hospital_robot/install/nav2_util:/home/huuhoa/hospital_robot/install/nav2_msgs:/home/huuhoa/hospital_robot/install/nav2_common:/home/huuhoa/hospital_robot/install/nav_2d_utils:/home/huuhoa/hospital_robot/install/dwb_msgs:/home/huuhoa/hospital_robot/install/nav_2d_msgs:/home/huuhoa/hospital_robot/install/nav2_voxel_grid:/home/huuhoa/hospital_robot/install/nav2_map_server:/home/huuhoa/hospital_robot/install/nav2_lifecycle_manager:/home/huuhoa/hospital_robot/install/map_msgs:/home/huuhoa/hospital_robot/install/hospital_package:/home/huuhoa/hospital_robot/install/nav2_simple_commander:/opt/ros/humble LD_LIBRARY_PATH=/home/huuhoa/hospital_robot/install/nav2_util/lib:/home/huuhoa/hospital_robot/install/nav2_msgs/lib:/home/huuhoa/hospital_robot/install/nav_2d_utils/lib:/home/huuhoa/hospital_robot/install/dwb_msgs/lib:/home/huuhoa/hospital_robot/install/nav_2d_msgs/lib:/home/huuhoa/hospital_robot/install/nav2_voxel_grid/lib:/home/huuhoa/hospital_robot/install/nav2_map_server/lib:/home/huuhoa/hospital_robot/install/nav2_lifecycle_manager/lib:/home/huuhoa/hospital_robot/install/map_msgs/lib:/opt/ros/humble/lib/x86_64-linux-gnu:/opt/ros/humble/lib /usr/bin/cmake --build /home/huuhoa/hospital_robot/build/nav2_behavior_tree -- -j2 -l2
[7.122s] Invoking command in '/home/huuhoa/hospital_robot/build/nav2_behavior_tree': CMAKE_PREFIX_PATH=/home/huuhoa/hospital_robot/install/nav2_util:/home/huuhoa/hospital_robot/install/nav2_msgs:/home/huuhoa/hospital_robot/install/nav2_common:/home/huuhoa/hospital_robot/install/nav_2d_utils:/home/huuhoa/hospital_robot/install/dwb_msgs:/home/huuhoa/hospital_robot/install/nav_2d_msgs:/home/huuhoa/hospital_robot/install/nav2_voxel_grid:/home/huuhoa/hospital_robot/install/nav2_map_server:/home/huuhoa/hospital_robot/install/nav2_lifecycle_manager:/home/huuhoa/hospital_robot/install/map_msgs:/home/huuhoa/hospital_robot/install/hospital_package:/home/huuhoa/hospital_robot/install/nav2_simple_commander:/opt/ros/humble LD_LIBRARY_PATH=/home/huuhoa/hospital_robot/install/nav2_util/lib:/home/huuhoa/hospital_robot/install/nav2_msgs/lib:/home/huuhoa/hospital_robot/install/nav_2d_utils/lib:/home/huuhoa/hospital_robot/install/dwb_msgs/lib:/home/huuhoa/hospital_robot/install/nav_2d_msgs/lib:/home/huuhoa/hospital_robot/install/nav2_voxel_grid/lib:/home/huuhoa/hospital_robot/install/nav2_map_server/lib:/home/huuhoa/hospital_robot/install/nav2_lifecycle_manager/lib:/home/huuhoa/hospital_robot/install/map_msgs/lib:/opt/ros/humble/lib/x86_64-linux-gnu:/opt/ros/humble/lib /usr/bin/cmake --install /home/huuhoa/hospital_robot/build/nav2_behavior_tree
[7.143s] -- Install configuration: "Release"
[7.145s] -- Execute custom install script
[7.152s] -- Up-to-date symlink: /home/huuhoa/hospital_robot/install/nav2_behavior_tree/lib/libnav2_behavior_tree.so
[7.152s] -- Up-to-date symlink: /home/huuhoa/hospital_robot/install/nav2_behavior_tree/lib/libnav2_compute_path_to_pose_action_bt_node.so
[7.152s] -- Up-to-date symlink: /home/huuhoa/hospital_robot/install/nav2_behavior_tree/lib/libnav2_compute_path_through_poses_action_bt_node.so
[7.152s] -- Up-to-date symlink: /home/huuhoa/hospital_robot/install/nav2_behavior_tree/lib/libnav2_controller_cancel_bt_node.so
[7.152s] -- Up-to-date symlink: /home/huuhoa/hospital_robot/install/nav2_behavior_tree/lib/libnav2_wait_cancel_bt_node.so
[7.153s] -- Up-to-date symlink: /home/huuhoa/hospital_robot/install/nav2_behavior_tree/lib/libnav2_spin_cancel_bt_node.so
[7.154s] -- Up-to-date symlink: /home/huuhoa/hospital_robot/install/nav2_behavior_tree/lib/libnav2_back_up_cancel_bt_node.so
[7.156s] -- Up-to-date symlink: /home/huuhoa/hospital_robot/install/nav2_behavior_tree/lib/libnav2_assisted_teleop_cancel_bt_node.so
[7.157s] -- Up-to-date symlink: /home/huuhoa/hospital_robot/install/nav2_behavior_tree/lib/libnav2_drive_on_heading_cancel_bt_node.so
[7.158s] -- Up-to-date symlink: /home/huuhoa/hospital_robot/install/nav2_behavior_tree/lib/libnav2_smooth_path_action_bt_node.so
[7.159s] -- Up-to-date symlink: /home/huuhoa/hospital_robot/install/nav2_behavior_tree/lib/libnav2_follow_path_action_bt_node.so
[7.160s] -- Up-to-date symlink: /home/huuhoa/hospital_robot/install/nav2_behavior_tree/lib/libnav2_back_up_action_bt_node.so
[7.162s] -- Up-to-date symlink: /home/huuhoa/hospital_robot/install/nav2_behavior_tree/lib/libnav2_drive_on_heading_bt_node.so
[7.163s] -- Up-to-date symlink: /home/huuhoa/hospital_robot/install/nav2_behavior_tree/lib/libnav2_spin_action_bt_node.so
[7.163s] -- Up-to-date symlink: /home/huuhoa/hospital_robot/install/nav2_behavior_tree/lib/libnav2_wait_action_bt_node.so
[7.167s] -- Up-to-date symlink: /home/huuhoa/hospital_robot/install/nav2_behavior_tree/lib/libnav2_assisted_teleop_action_bt_node.so
[7.167s] -- Up-to-date symlink: /home/huuhoa/hospital_robot/install/nav2_behavior_tree/lib/libnav2_clear_costmap_service_bt_node.so
[7.167s] -- Up-to-date symlink: /home/huuhoa/hospital_robot/install/nav2_behavior_tree/lib/libnav2_is_stuck_condition_bt_node.so
[7.169s] -- Up-to-date symlink: /home/huuhoa/hospital_robot/install/nav2_behavior_tree/lib/libnav2_transform_available_condition_bt_node.so
[7.169s] -- Up-to-date symlink: /home/huuhoa/hospital_robot/install/nav2_behavior_tree/lib/libnav2_goal_reached_condition_bt_node.so
[7.169s] -- Up-to-date symlink: /home/huuhoa/hospital_robot/install/nav2_behavior_tree/lib/libnav2_globally_updated_goal_condition_bt_node.so
[7.169s] -- Up-to-date symlink: /home/huuhoa/hospital_robot/install/nav2_behavior_tree/lib/libnav2_goal_updated_condition_bt_node.so
[7.183s] -- Up-to-date symlink: /home/huuhoa/hospital_robot/install/nav2_behavior_tree/lib/libnav2_is_path_valid_condition_bt_node.so
[7.184s] -- Up-to-date symlink: /home/huuhoa/hospital_robot/install/nav2_behavior_tree/lib/libnav2_time_expired_condition_bt_node.so
[7.184s] -- Up-to-date symlink: /home/huuhoa/hospital_robot/install/nav2_behavior_tree/lib/libnav2_path_expiring_timer_condition.so
[7.184s] -- Up-to-date symlink: /home/huuhoa/hospital_robot/install/nav2_behavior_tree/lib/libnav2_distance_traveled_condition_bt_node.so
[7.184s] -- Up-to-date symlink: /home/huuhoa/hospital_robot/install/nav2_behavior_tree/lib/libnav2_initial_pose_received_condition_bt_node.so
[7.184s] -- Up-to-date symlink: /home/huuhoa/hospital_robot/install/nav2_behavior_tree/lib/libnav2_is_battery_charging_condition_bt_node.so
[7.184s] -- Up-to-date symlink: /home/huuhoa/hospital_robot/install/nav2_behavior_tree/lib/libnav2_is_battery_low_condition_bt_node.so
[7.184s] -- Up-to-date symlink: /home/huuhoa/hospital_robot/install/nav2_behavior_tree/lib/libnav2_reinitialize_global_localization_service_bt_node.so
[7.184s] -- Up-to-date symlink: /home/huuhoa/hospital_robot/install/nav2_behavior_tree/lib/libnav2_rate_controller_bt_node.so
[7.184s] -- Up-to-date symlink: /home/huuhoa/hospital_robot/install/nav2_behavior_tree/lib/libnav2_distance_controller_bt_node.so
[7.184s] -- Up-to-date symlink: /home/huuhoa/hospital_robot/install/nav2_behavior_tree/lib/libnav2_speed_controller_bt_node.so
[7.184s] -- Up-to-date symlink: /home/huuhoa/hospital_robot/install/nav2_behavior_tree/lib/libnav2_truncate_path_action_bt_node.so
[7.184s] -- Up-to-date symlink: /home/huuhoa/hospital_robot/install/nav2_behavior_tree/lib/libnav2_truncate_path_local_action_bt_node.so
[7.184s] -- Up-to-date symlink: /home/huuhoa/hospital_robot/install/nav2_behavior_tree/lib/libnav2_goal_updater_node_bt_node.so
[7.184s] -- Up-to-date symlink: /home/huuhoa/hospital_robot/install/nav2_behavior_tree/lib/libnav2_path_longer_on_approach_bt_node.so
[7.185s] -- Up-to-date symlink: /home/huuhoa/hospital_robot/install/nav2_behavior_tree/lib/libnav2_recovery_node_bt_node.so
[7.185s] -- Up-to-date symlink: /home/huuhoa/hospital_robot/install/nav2_behavior_tree/lib/libnav2_navigate_to_pose_action_bt_node.so
[7.185s] -- Up-to-date symlink: /home/huuhoa/hospital_robot/install/nav2_behavior_tree/lib/libnav2_navigate_through_poses_action_bt_node.so
[7.185s] -- Up-to-date symlink: /home/huuhoa/hospital_robot/install/nav2_behavior_tree/lib/libnav2_remove_passed_goals_action_bt_node.so
[7.185s] -- Up-to-date symlink: /home/huuhoa/hospital_robot/install/nav2_behavior_tree/lib/libnav2_get_pose_from_path_action_bt_node.so
[7.185s] -- Up-to-date symlink: /home/huuhoa/hospital_robot/install/nav2_behavior_tree/lib/libnav2_pipeline_sequence_bt_node.so
[7.185s] -- Up-to-date symlink: /home/huuhoa/hospital_robot/install/nav2_behavior_tree/lib/libnav2_round_robin_node_bt_node.so
[7.185s] -- Up-to-date symlink: /home/huuhoa/hospital_robot/install/nav2_behavior_tree/lib/libnav2_single_trigger_bt_node.so
[7.185s] -- Up-to-date symlink: /home/huuhoa/hospital_robot/install/nav2_behavior_tree/lib/libnav2_planner_selector_bt_node.so
[7.185s] -- Up-to-date symlink: /home/huuhoa/hospital_robot/install/nav2_behavior_tree/lib/libnav2_controller_selector_bt_node.so
[7.185s] -- Up-to-date symlink: /home/huuhoa/hospital_robot/install/nav2_behavior_tree/lib/libnav2_smoother_selector_bt_node.so
[7.185s] -- Up-to-date symlink: /home/huuhoa/hospital_robot/install/nav2_behavior_tree/lib/libnav2_goal_checker_selector_bt_node.so
[7.185s] -- Up-to-date symlink: /home/huuhoa/hospital_robot/install/nav2_behavior_tree/lib/libnav2_progress_checker_selector_bt_node.so
[7.185s] -- Up-to-date symlink: /home/huuhoa/hospital_robot/install/nav2_behavior_tree/lib/libnav2_goal_updated_controller_bt_node.so
[7.188s] -- Up-to-date symlink: /home/huuhoa/hospital_robot/install/nav2_behavior_tree/include//nav2_behavior_tree/behavior_tree_engine.hpp
[7.190s] -- Up-to-date symlink: /home/huuhoa/hospital_robot/install/nav2_behavior_tree/include//nav2_behavior_tree/bt_action_node.hpp
[7.191s] -- Up-to-date symlink: /home/huuhoa/hospital_robot/install/nav2_behavior_tree/include//nav2_behavior_tree/bt_action_server.hpp
[7.191s] -- Up-to-date symlink: /home/huuhoa/hospital_robot/install/nav2_behavior_tree/include//nav2_behavior_tree/bt_action_server_impl.hpp
[7.191s] -- Up-to-date symlink: /home/huuhoa/hospital_robot/install/nav2_behavior_tree/include//nav2_behavior_tree/bt_cancel_action_node.hpp
[7.191s] -- Up-to-date symlink: /home/huuhoa/hospital_robot/install/nav2_behavior_tree/include//nav2_behavior_tree/bt_conversions.hpp
[7.191s] -- Up-to-date symlink: /home/huuhoa/hospital_robot/install/nav2_behavior_tree/include//nav2_behavior_tree/bt_service_node.hpp
[7.191s] -- Up-to-date symlink: /home/huuhoa/hospital_robot/install/nav2_behavior_tree/include//nav2_behavior_tree/plugins/action/assisted_teleop_action.hpp
[7.191s] -- Up-to-date symlink: /home/huuhoa/hospital_robot/install/nav2_behavior_tree/include//nav2_behavior_tree/plugins/action/assisted_teleop_cancel_node.hpp
[7.191s] -- Up-to-date symlink: /home/huuhoa/hospital_robot/install/nav2_behavior_tree/include//nav2_behavior_tree/plugins/action/back_up_action.hpp
[7.191s] -- Up-to-date symlink: /home/huuhoa/hospital_robot/install/nav2_behavior_tree/include//nav2_behavior_tree/plugins/action/back_up_cancel_node.hpp
[7.191s] -- Up-to-date symlink: /home/huuhoa/hospital_robot/install/nav2_behavior_tree/include//nav2_behavior_tree/plugins/action/clear_costmap_service.hpp
[7.191s] -- Up-to-date symlink: /home/huuhoa/hospital_robot/install/nav2_behavior_tree/include//nav2_behavior_tree/plugins/action/compute_path_through_poses_action.hpp
[7.194s] -- Up-to-date symlink: /home/huuhoa/hospital_robot/install/nav2_behavior_tree/include//nav2_behavior_tree/plugins/action/compute_path_to_pose_action.hpp
[7.194s] -- Up-to-date symlink: /home/huuhoa/hospital_robot/install/nav2_behavior_tree/include//nav2_behavior_tree/plugins/action/controller_cancel_node.hpp
[7.194s] -- Up-to-date symlink: /home/huuhoa/hospital_robot/install/nav2_behavior_tree/include//nav2_behavior_tree/plugins/action/controller_selector_node.hpp
[7.194s] -- Up-to-date symlink: /home/huuhoa/hospital_robot/install/nav2_behavior_tree/include//nav2_behavior_tree/plugins/action/drive_on_heading_action.hpp
[7.194s] -- Up-to-date symlink: /home/huuhoa/hospital_robot/install/nav2_behavior_tree/include//nav2_behavior_tree/plugins/action/drive_on_heading_cancel_node.hpp
[7.194s] -- Up-to-date symlink: /home/huuhoa/hospital_robot/install/nav2_behavior_tree/include//nav2_behavior_tree/plugins/action/follow_path_action.hpp
[7.194s] -- Up-to-date symlink: /home/huuhoa/hospital_robot/install/nav2_behavior_tree/include//nav2_behavior_tree/plugins/action/get_pose_from_path_action.hpp
[7.194s] -- Up-to-date symlink: /home/huuhoa/hospital_robot/install/nav2_behavior_tree/include//nav2_behavior_tree/plugins/action/goal_checker_selector_node.hpp
[7.196s] -- Up-to-date symlink: /home/huuhoa/hospital_robot/install/nav2_behavior_tree/include//nav2_behavior_tree/plugins/action/navigate_through_poses_action.hpp
[7.196s] -- Up-to-date symlink: /home/huuhoa/hospital_robot/install/nav2_behavior_tree/include//nav2_behavior_tree/plugins/action/navigate_to_pose_action.hpp
[7.196s] -- Up-to-date symlink: /home/huuhoa/hospital_robot/install/nav2_behavior_tree/include//nav2_behavior_tree/plugins/action/planner_selector_node.hpp
[7.197s] -- Up-to-date symlink: /home/huuhoa/hospital_robot/install/nav2_behavior_tree/include//nav2_behavior_tree/plugins/action/progress_checker_selector_node.hpp
[7.197s] -- Up-to-date symlink: /home/huuhoa/hospital_robot/install/nav2_behavior_tree/include//nav2_behavior_tree/plugins/action/reinitialize_global_localization_service.hpp
[7.204s] -- Up-to-date symlink: /home/huuhoa/hospital_robot/install/nav2_behavior_tree/include//nav2_behavior_tree/plugins/action/remove_passed_goals_action.hpp
[7.207s] -- Up-to-date symlink: /home/huuhoa/hospital_robot/install/nav2_behavior_tree/include//nav2_behavior_tree/plugins/action/smooth_path_action.hpp
[7.207s] -- Up-to-date symlink: /home/huuhoa/hospital_robot/install/nav2_behavior_tree/include//nav2_behavior_tree/plugins/action/smoother_selector_node.hpp
[7.209s] -- Up-to-date symlink: /home/huuhoa/hospital_robot/install/nav2_behavior_tree/include//nav2_behavior_tree/plugins/action/spin_action.hpp
[7.209s] -- Up-to-date symlink: /home/huuhoa/hospital_robot/install/nav2_behavior_tree/include//nav2_behavior_tree/plugins/action/spin_cancel_node.hpp
[7.209s] -- Up-to-date symlink: /home/huuhoa/hospital_robot/install/nav2_behavior_tree/include//nav2_behavior_tree/plugins/action/truncate_path_action.hpp
[7.209s] -- Up-to-date symlink: /home/huuhoa/hospital_robot/install/nav2_behavior_tree/include//nav2_behavior_tree/plugins/action/truncate_path_local_action.hpp
[7.209s] -- Up-to-date symlink: /home/huuhoa/hospital_robot/install/nav2_behavior_tree/include//nav2_behavior_tree/plugins/action/wait_action.hpp
[7.211s] -- Up-to-date symlink: /home/huuhoa/hospital_robot/install/nav2_behavior_tree/include//nav2_behavior_tree/plugins/action/wait_cancel_node.hpp
[7.211s] -- Up-to-date symlink: /home/huuhoa/hospital_robot/install/nav2_behavior_tree/include//nav2_behavior_tree/plugins/condition/distance_traveled_condition.hpp
[7.217s] -- Up-to-date symlink: /home/huuhoa/hospital_robot/install/nav2_behavior_tree/include//nav2_behavior_tree/plugins/condition/globally_updated_goal_condition.hpp
[7.224s] -- Up-to-date symlink: /home/huuhoa/hospital_robot/install/nav2_behavior_tree/include//nav2_behavior_tree/plugins/condition/goal_reached_condition.hpp
[7.224s] -- Up-to-date symlink: /home/huuhoa/hospital_robot/install/nav2_behavior_tree/include//nav2_behavior_tree/plugins/condition/goal_updated_condition.hpp
[7.225s] -- Up-to-date symlink: /home/huuhoa/hospital_robot/install/nav2_behavior_tree/include//nav2_behavior_tree/plugins/condition/initial_pose_received_condition.hpp
[7.225s] -- Up-to-date symlink: /home/huuhoa/hospital_robot/install/nav2_behavior_tree/include//nav2_behavior_tree/plugins/condition/is_battery_charging_condition.hpp
[7.228s] -- Up-to-date symlink: /home/huuhoa/hospital_robot/install/nav2_behavior_tree/include//nav2_behavior_tree/plugins/condition/is_battery_low_condition.hpp
[7.228s] -- Up-to-date symlink: /home/huuhoa/hospital_robot/install/nav2_behavior_tree/include//nav2_behavior_tree/plugins/condition/is_path_valid_condition.hpp
[7.229s] -- Up-to-date symlink: /home/huuhoa/hospital_robot/install/nav2_behavior_tree/include//nav2_behavior_tree/plugins/condition/is_stuck_condition.hpp
[7.229s] -- Up-to-date symlink: /home/huuhoa/hospital_robot/install/nav2_behavior_tree/include//nav2_behavior_tree/plugins/condition/path_expiring_timer_condition.hpp
[7.230s] -- Up-to-date symlink: /home/huuhoa/hospital_robot/install/nav2_behavior_tree/include//nav2_behavior_tree/plugins/condition/time_expired_condition.hpp
[7.230s] -- Up-to-date symlink: /home/huuhoa/hospital_robot/install/nav2_behavior_tree/include//nav2_behavior_tree/plugins/condition/transform_available_condition.hpp
[7.231s] -- Up-to-date symlink: /home/huuhoa/hospital_robot/install/nav2_behavior_tree/include//nav2_behavior_tree/plugins/control/pipeline_sequence.hpp
[7.231s] -- Up-to-date symlink: /home/huuhoa/hospital_robot/install/nav2_behavior_tree/include//nav2_behavior_tree/plugins/control/recovery_node.hpp
[7.231s] -- Up-to-date symlink: /home/huuhoa/hospital_robot/install/nav2_behavior_tree/include//nav2_behavior_tree/plugins/control/round_robin_node.hpp
[7.234s] -- Up-to-date symlink: /home/huuhoa/hospital_robot/install/nav2_behavior_tree/include//nav2_behavior_tree/plugins/decorator/distance_controller.hpp
[7.234s] -- Up-to-date symlink: /home/huuhoa/hospital_robot/install/nav2_behavior_tree/include//nav2_behavior_tree/plugins/decorator/goal_updated_controller.hpp
[7.237s] -- Up-to-date symlink: /home/huuhoa/hospital_robot/install/nav2_behavior_tree/include//nav2_behavior_tree/plugins/decorator/goal_updater_node.hpp
[7.237s] -- Up-to-date symlink: /home/huuhoa/hospital_robot/install/nav2_behavior_tree/include//nav2_behavior_tree/plugins/decorator/path_longer_on_approach.hpp
[7.237s] -- Up-to-date symlink: /home/huuhoa/hospital_robot/install/nav2_behavior_tree/include//nav2_behavior_tree/plugins/decorator/rate_controller.hpp
[7.238s] -- Up-to-date symlink: /home/huuhoa/hospital_robot/install/nav2_behavior_tree/include//nav2_behavior_tree/plugins/decorator/single_trigger_node.hpp
[7.239s] -- Up-to-date symlink: /home/huuhoa/hospital_robot/install/nav2_behavior_tree/include//nav2_behavior_tree/plugins/decorator/speed_controller.hpp
[7.239s] -- Up-to-date symlink: /home/huuhoa/hospital_robot/install/nav2_behavior_tree/include//nav2_behavior_tree/ros_topic_logger.hpp
[7.239s] -- Up-to-date symlink: /home/huuhoa/hospital_robot/install/nav2_behavior_tree/share/nav2_behavior_tree/nav2_tree_nodes.xml
[7.239s] -- Up-to-date symlink: /home/huuhoa/hospital_robot/install/nav2_behavior_tree/share/nav2_behavior_tree/environment/library_path.sh
[7.239s] -- Up-to-date symlink: /home/huuhoa/hospital_robot/install/nav2_behavior_tree/share/nav2_behavior_tree/environment/library_path.dsv
[7.239s] -- Up-to-date symlink: /home/huuhoa/hospital_robot/install/nav2_behavior_tree/share/ament_index/resource_index/package_run_dependencies/nav2_behavior_tree
[7.239s] -- Up-to-date symlink: /home/huuhoa/hospital_robot/install/nav2_behavior_tree/share/ament_index/resource_index/parent_prefix_path/nav2_behavior_tree
[7.239s] -- Up-to-date symlink: /home/huuhoa/hospital_robot/install/nav2_behavior_tree/share/nav2_behavior_tree/environment/ament_prefix_path.sh
[7.239s] -- Up-to-date symlink: /home/huuhoa/hospital_robot/install/nav2_behavior_tree/share/nav2_behavior_tree/environment/ament_prefix_path.dsv
[7.239s] -- Up-to-date symlink: /home/huuhoa/hospital_robot/install/nav2_behavior_tree/share/nav2_behavior_tree/environment/path.sh
[7.239s] -- Up-to-date symlink: /home/huuhoa/hospital_robot/install/nav2_behavior_tree/share/nav2_behavior_tree/environment/path.dsv
[7.239s] -- Up-to-date symlink: /home/huuhoa/hospital_robot/install/nav2_behavior_tree/share/nav2_behavior_tree/local_setup.bash
[7.239s] -- Up-to-date symlink: /home/huuhoa/hospital_robot/install/nav2_behavior_tree/share/nav2_behavior_tree/local_setup.sh
[7.239s] -- Up-to-date symlink: /home/huuhoa/hospital_robot/install/nav2_behavior_tree/share/nav2_behavior_tree/local_setup.zsh
[7.253s] -- Up-to-date symlink: /home/huuhoa/hospital_robot/install/nav2_behavior_tree/share/nav2_behavior_tree/local_setup.dsv
[7.253s] -- Symlinking: /home/huuhoa/hospital_robot/install/nav2_behavior_tree/share/nav2_behavior_tree/package.dsv
[7.258s] -- Up-to-date symlink: /home/huuhoa/hospital_robot/install/nav2_behavior_tree/share/ament_index/resource_index/packages/nav2_behavior_tree
[7.260s] -- Up-to-date symlink: /home/huuhoa/hospital_robot/install/nav2_behavior_tree/share/nav2_behavior_tree/cmake/ament_cmake_export_include_directories-extras.cmake
[7.261s] -- Up-to-date symlink: /home/huuhoa/hospital_robot/install/nav2_behavior_tree/share/nav2_behavior_tree/cmake/ament_cmake_export_libraries-extras.cmake
[7.262s] -- Up-to-date symlink: /home/huuhoa/hospital_robot/install/nav2_behavior_tree/share/nav2_behavior_tree/cmake/ament_cmake_export_dependencies-extras.cmake
[7.267s] -- Up-to-date symlink: /home/huuhoa/hospital_robot/install/nav2_behavior_tree/share/nav2_behavior_tree/cmake/nav2_behavior_treeConfig.cmake
[7.267s] -- Up-to-date symlink: /home/huuhoa/hospital_robot/install/nav2_behavior_tree/share/nav2_behavior_tree/cmake/nav2_behavior_treeConfig-version.cmake
[7.267s] -- Up-to-date symlink: /home/huuhoa/hospital_robot/install/nav2_behavior_tree/share/nav2_behavior_tree/package.xml
[7.272s] Invoked command in '/home/huuhoa/hospital_robot/build/nav2_behavior_tree' returned '0': CMAKE_PREFIX_PATH=/home/huuhoa/hospital_robot/install/nav2_util:/home/huuhoa/hospital_robot/install/nav2_msgs:/home/huuhoa/hospital_robot/install/nav2_common:/home/huuhoa/hospital_robot/install/nav_2d_utils:/home/huuhoa/hospital_robot/install/dwb_msgs:/home/huuhoa/hospital_robot/install/nav_2d_msgs:/home/huuhoa/hospital_robot/install/nav2_voxel_grid:/home/huuhoa/hospital_robot/install/nav2_map_server:/home/huuhoa/hospital_robot/install/nav2_lifecycle_manager:/home/huuhoa/hospital_robot/install/map_msgs:/home/huuhoa/hospital_robot/install/hospital_package:/home/huuhoa/hospital_robot/install/nav2_simple_commander:/opt/ros/humble LD_LIBRARY_PATH=/home/huuhoa/hospital_robot/install/nav2_util/lib:/home/huuhoa/hospital_robot/install/nav2_msgs/lib:/home/huuhoa/hospital_robot/install/nav_2d_utils/lib:/home/huuhoa/hospital_robot/install/dwb_msgs/lib:/home/huuhoa/hospital_robot/install/nav_2d_msgs/lib:/home/huuhoa/hospital_robot/install/nav2_voxel_grid/lib:/home/huuhoa/hospital_robot/install/nav2_map_server/lib:/home/huuhoa/hospital_robot/install/nav2_lifecycle_manager/lib:/home/huuhoa/hospital_robot/install/map_msgs/lib:/opt/ros/humble/lib/x86_64-linux-gnu:/opt/ros/humble/lib /usr/bin/cmake --install /home/huuhoa/hospital_robot/build/nav2_behavior_tree
