[0.094s] Invoking command in '/home/huuhoa/hospital_robot/build/nav2_collision_monitor': AMENT_PREFIX_PATH=/home/huuhoa/hospital_robot/install/nav2_costmap_2d:/home/huuhoa/hospital_robot/install/nav2_map_server:/home/huuhoa/hospital_robot/install/nav2_lifecycle_manager:/home/huuhoa/hospital_robot/install/nav2_util:/home/huuhoa/hospital_robot/install/nav2_voxel_grid:/home/huuhoa/hospital_robot/install/nav2_msgs:/home/huuhoa/hospital_robot/install/nav2_common:/home/huuhoa/hospital_robot/install/map_msgs:${AMENT_PREFIX_PATH} CMAKE_PREFIX_PATH=/home/huuhoa/hospital_robot/install/nav2_costmap_2d:/home/huuhoa/hospital_robot/install/nav2_map_server:/home/huuhoa/hospital_robot/install/nav2_lifecycle_manager:/home/huuhoa/hospital_robot/install/nav2_util:/home/huuhoa/hospital_robot/install/nav2_voxel_grid:/home/huuhoa/hospital_robot/install/nav2_msgs:/home/huuhoa/hospital_robot/install/nav2_common:/home/huuhoa/hospital_robot/install/map_msgs:/opt/ros/humble LD_LIBRARY_PATH=/home/huuhoa/hospital_robot/install/nav2_costmap_2d/lib:/home/huuhoa/hospital_robot/install/nav2_map_server/lib:/home/huuhoa/hospital_robot/install/nav2_lifecycle_manager/lib:/home/huuhoa/hospital_robot/install/nav2_util/lib:/home/huuhoa/hospital_robot/install/nav2_voxel_grid/lib:/home/huuhoa/hospital_robot/install/nav2_msgs/lib:/home/huuhoa/hospital_robot/install/map_msgs/lib:${LD_LIBRARY_PATH} PYTHONPATH=/home/huuhoa/hospital_robot/install/nav2_msgs/local/lib/python3.10/dist-packages:/home/huuhoa/hospital_robot/install/nav2_common/local/lib/python3.10/dist-packages:/home/huuhoa/hospital_robot/install/map_msgs/local/lib/python3.10/dist-packages:${PYTHONPATH} /usr/bin/cmake --build /home/huuhoa/hospital_robot/build/nav2_collision_monitor -- -j2 -l2
[0.278s] [35m[1mConsolidate compiler generated dependencies of target gtest_main[0m
[0.336s] [35m[1mConsolidate compiler generated dependencies of target collision_monitor_core[0m
[0.338s] [  8%] Built target gtest_main
[0.406s] [35m[1mConsolidate compiler generated dependencies of target gtest[0m
[0.463s] [ 47%] Built target collision_monitor_core
[0.479s] [ 56%] Built target gtest
[0.531s] [35m[1mConsolidate compiler generated dependencies of target collision_monitor[0m
[0.567s] [ 65%] Built target collision_monitor
[0.606s] [35m[1mConsolidate compiler generated dependencies of target kinematics_test[0m
[0.643s] [ 73%] Built target kinematics_test
[0.696s] [35m[1mConsolidate compiler generated dependencies of target sources_test[0m
[0.734s] [ 82%] Built target sources_test
[0.787s] [35m[1mConsolidate compiler generated dependencies of target polygons_test[0m
[0.846s] [ 91%] Built target polygons_test
[0.883s] [35m[1mConsolidate compiler generated dependencies of target collision_monitor_node_test[0m
[0.925s] [100%] Built target collision_monitor_node_test
[0.960s] Invoked command in '/home/huuhoa/hospital_robot/build/nav2_collision_monitor' returned '0': AMENT_PREFIX_PATH=/home/huuhoa/hospital_robot/install/nav2_costmap_2d:/home/huuhoa/hospital_robot/install/nav2_map_server:/home/huuhoa/hospital_robot/install/nav2_lifecycle_manager:/home/huuhoa/hospital_robot/install/nav2_util:/home/huuhoa/hospital_robot/install/nav2_voxel_grid:/home/huuhoa/hospital_robot/install/nav2_msgs:/home/huuhoa/hospital_robot/install/nav2_common:/home/huuhoa/hospital_robot/install/map_msgs:${AMENT_PREFIX_PATH} CMAKE_PREFIX_PATH=/home/huuhoa/hospital_robot/install/nav2_costmap_2d:/home/huuhoa/hospital_robot/install/nav2_map_server:/home/huuhoa/hospital_robot/install/nav2_lifecycle_manager:/home/huuhoa/hospital_robot/install/nav2_util:/home/huuhoa/hospital_robot/install/nav2_voxel_grid:/home/huuhoa/hospital_robot/install/nav2_msgs:/home/huuhoa/hospital_robot/install/nav2_common:/home/huuhoa/hospital_robot/install/map_msgs:/opt/ros/humble LD_LIBRARY_PATH=/home/huuhoa/hospital_robot/install/nav2_costmap_2d/lib:/home/huuhoa/hospital_robot/install/nav2_map_server/lib:/home/huuhoa/hospital_robot/install/nav2_lifecycle_manager/lib:/home/huuhoa/hospital_robot/install/nav2_util/lib:/home/huuhoa/hospital_robot/install/nav2_voxel_grid/lib:/home/huuhoa/hospital_robot/install/nav2_msgs/lib:/home/huuhoa/hospital_robot/install/map_msgs/lib:${LD_LIBRARY_PATH} PYTHONPATH=/home/huuhoa/hospital_robot/install/nav2_msgs/local/lib/python3.10/dist-packages:/home/huuhoa/hospital_robot/install/nav2_common/local/lib/python3.10/dist-packages:/home/huuhoa/hospital_robot/install/map_msgs/local/lib/python3.10/dist-packages:${PYTHONPATH} /usr/bin/cmake --build /home/huuhoa/hospital_robot/build/nav2_collision_monitor -- -j2 -l2
[0.973s] Invoking command in '/home/huuhoa/hospital_robot/build/nav2_collision_monitor': AMENT_PREFIX_PATH=/home/huuhoa/hospital_robot/install/nav2_costmap_2d:/home/huuhoa/hospital_robot/install/nav2_map_server:/home/huuhoa/hospital_robot/install/nav2_lifecycle_manager:/home/huuhoa/hospital_robot/install/nav2_util:/home/huuhoa/hospital_robot/install/nav2_voxel_grid:/home/huuhoa/hospital_robot/install/nav2_msgs:/home/huuhoa/hospital_robot/install/nav2_common:/home/huuhoa/hospital_robot/install/map_msgs:${AMENT_PREFIX_PATH} CMAKE_PREFIX_PATH=/home/huuhoa/hospital_robot/install/nav2_costmap_2d:/home/huuhoa/hospital_robot/install/nav2_map_server:/home/huuhoa/hospital_robot/install/nav2_lifecycle_manager:/home/huuhoa/hospital_robot/install/nav2_util:/home/huuhoa/hospital_robot/install/nav2_voxel_grid:/home/huuhoa/hospital_robot/install/nav2_msgs:/home/huuhoa/hospital_robot/install/nav2_common:/home/huuhoa/hospital_robot/install/map_msgs:/opt/ros/humble LD_LIBRARY_PATH=/home/huuhoa/hospital_robot/install/nav2_costmap_2d/lib:/home/huuhoa/hospital_robot/install/nav2_map_server/lib:/home/huuhoa/hospital_robot/install/nav2_lifecycle_manager/lib:/home/huuhoa/hospital_robot/install/nav2_util/lib:/home/huuhoa/hospital_robot/install/nav2_voxel_grid/lib:/home/huuhoa/hospital_robot/install/nav2_msgs/lib:/home/huuhoa/hospital_robot/install/map_msgs/lib:${LD_LIBRARY_PATH} PYTHONPATH=/home/huuhoa/hospital_robot/install/nav2_msgs/local/lib/python3.10/dist-packages:/home/huuhoa/hospital_robot/install/nav2_common/local/lib/python3.10/dist-packages:/home/huuhoa/hospital_robot/install/map_msgs/local/lib/python3.10/dist-packages:${PYTHONPATH} /usr/bin/cmake --install /home/huuhoa/hospital_robot/build/nav2_collision_monitor
[0.988s] -- Install configuration: "Release"
[0.992s] -- Execute custom install script
[0.998s] -- Up-to-date symlink: /home/huuhoa/hospital_robot/install/nav2_collision_monitor/lib/libcollision_monitor_core.so
[1.002s] -- Up-to-date symlink: /home/huuhoa/hospital_robot/install/nav2_collision_monitor/lib/nav2_collision_monitor/collision_monitor
[1.006s] -- Up-to-date symlink: /home/huuhoa/hospital_robot/install/nav2_collision_monitor/include//nav2_collision_monitor/circle.hpp
[1.008s] -- Up-to-date symlink: /home/huuhoa/hospital_robot/install/nav2_collision_monitor/include//nav2_collision_monitor/collision_monitor_node.hpp
[1.010s] -- Up-to-date symlink: /home/huuhoa/hospital_robot/install/nav2_collision_monitor/include//nav2_collision_monitor/kinematics.hpp
[1.011s] -- Up-to-date symlink: /home/huuhoa/hospital_robot/install/nav2_collision_monitor/include//nav2_collision_monitor/pointcloud.hpp
[1.013s] -- Up-to-date symlink: /home/huuhoa/hospital_robot/install/nav2_collision_monitor/include//nav2_collision_monitor/polygon.hpp
[1.019s] -- Up-to-date symlink: /home/huuhoa/hospital_robot/install/nav2_collision_monitor/include//nav2_collision_monitor/range.hpp
[1.020s] -- Up-to-date symlink: /home/huuhoa/hospital_robot/install/nav2_collision_monitor/include//nav2_collision_monitor/scan.hpp
[1.020s] -- Up-to-date symlink: /home/huuhoa/hospital_robot/install/nav2_collision_monitor/include//nav2_collision_monitor/source.hpp
[1.020s] -- Up-to-date symlink: /home/huuhoa/hospital_robot/install/nav2_collision_monitor/include//nav2_collision_monitor/types.hpp
[1.035s] -- Up-to-date symlink: /home/huuhoa/hospital_robot/install/nav2_collision_monitor/share/nav2_collision_monitor/launch/collision_monitor_node.launch.py
[1.040s] -- Up-to-date symlink: /home/huuhoa/hospital_robot/install/nav2_collision_monitor/share/nav2_collision_monitor/params/collision_monitor_params.yaml
[1.044s] -- Up-to-date symlink: /home/huuhoa/hospital_robot/install/nav2_collision_monitor/share/nav2_collision_monitor/environment/library_path.sh
[1.046s] -- Up-to-date symlink: /home/huuhoa/hospital_robot/install/nav2_collision_monitor/share/nav2_collision_monitor/environment/library_path.dsv
[1.051s] -- Up-to-date symlink: /home/huuhoa/hospital_robot/install/nav2_collision_monitor/share/ament_index/resource_index/package_run_dependencies/nav2_collision_monitor
[1.055s] -- Up-to-date symlink: /home/huuhoa/hospital_robot/install/nav2_collision_monitor/share/ament_index/resource_index/parent_prefix_path/nav2_collision_monitor
[1.056s] -- Up-to-date symlink: /home/huuhoa/hospital_robot/install/nav2_collision_monitor/share/nav2_collision_monitor/environment/ament_prefix_path.sh
[1.058s] -- Up-to-date symlink: /home/huuhoa/hospital_robot/install/nav2_collision_monitor/share/nav2_collision_monitor/environment/ament_prefix_path.dsv
[1.060s] -- Up-to-date symlink: /home/huuhoa/hospital_robot/install/nav2_collision_monitor/share/nav2_collision_monitor/environment/path.sh
[1.062s] -- Up-to-date symlink: /home/huuhoa/hospital_robot/install/nav2_collision_monitor/share/nav2_collision_monitor/environment/path.dsv
[1.064s] -- Up-to-date symlink: /home/huuhoa/hospital_robot/install/nav2_collision_monitor/share/nav2_collision_monitor/local_setup.bash
[1.068s] -- Up-to-date symlink: /home/huuhoa/hospital_robot/install/nav2_collision_monitor/share/nav2_collision_monitor/local_setup.sh
[1.068s] -- Up-to-date symlink: /home/huuhoa/hospital_robot/install/nav2_collision_monitor/share/nav2_collision_monitor/local_setup.zsh
[1.068s] -- Up-to-date symlink: /home/huuhoa/hospital_robot/install/nav2_collision_monitor/share/nav2_collision_monitor/local_setup.dsv
[1.069s] -- Symlinking: /home/huuhoa/hospital_robot/install/nav2_collision_monitor/share/nav2_collision_monitor/package.dsv
[1.094s] -- Up-to-date symlink: /home/huuhoa/hospital_robot/install/nav2_collision_monitor/share/ament_index/resource_index/packages/nav2_collision_monitor
[1.095s] -- Up-to-date symlink: /home/huuhoa/hospital_robot/install/nav2_collision_monitor/share/ament_index/resource_index/rclcpp_components/nav2_collision_monitor
[1.098s] -- Up-to-date symlink: /home/huuhoa/hospital_robot/install/nav2_collision_monitor/share/nav2_collision_monitor/cmake/ament_cmake_export_include_directories-extras.cmake
[1.099s] -- Up-to-date symlink: /home/huuhoa/hospital_robot/install/nav2_collision_monitor/share/nav2_collision_monitor/cmake/ament_cmake_export_libraries-extras.cmake
[1.100s] -- Up-to-date symlink: /home/huuhoa/hospital_robot/install/nav2_collision_monitor/share/nav2_collision_monitor/cmake/ament_cmake_export_dependencies-extras.cmake
[1.102s] -- Up-to-date symlink: /home/huuhoa/hospital_robot/install/nav2_collision_monitor/share/nav2_collision_monitor/cmake/nav2_collision_monitorConfig.cmake
[1.105s] -- Up-to-date symlink: /home/huuhoa/hospital_robot/install/nav2_collision_monitor/share/nav2_collision_monitor/cmake/nav2_collision_monitorConfig-version.cmake
[1.106s] -- Up-to-date symlink: /home/huuhoa/hospital_robot/install/nav2_collision_monitor/share/nav2_collision_monitor/package.xml
[1.115s] Invoked command in '/home/huuhoa/hospital_robot/build/nav2_collision_monitor' returned '0': AMENT_PREFIX_PATH=/home/huuhoa/hospital_robot/install/nav2_costmap_2d:/home/huuhoa/hospital_robot/install/nav2_map_server:/home/huuhoa/hospital_robot/install/nav2_lifecycle_manager:/home/huuhoa/hospital_robot/install/nav2_util:/home/huuhoa/hospital_robot/install/nav2_voxel_grid:/home/huuhoa/hospital_robot/install/nav2_msgs:/home/huuhoa/hospital_robot/install/nav2_common:/home/huuhoa/hospital_robot/install/map_msgs:${AMENT_PREFIX_PATH} CMAKE_PREFIX_PATH=/home/huuhoa/hospital_robot/install/nav2_costmap_2d:/home/huuhoa/hospital_robot/install/nav2_map_server:/home/huuhoa/hospital_robot/install/nav2_lifecycle_manager:/home/huuhoa/hospital_robot/install/nav2_util:/home/huuhoa/hospital_robot/install/nav2_voxel_grid:/home/huuhoa/hospital_robot/install/nav2_msgs:/home/huuhoa/hospital_robot/install/nav2_common:/home/huuhoa/hospital_robot/install/map_msgs:/opt/ros/humble LD_LIBRARY_PATH=/home/huuhoa/hospital_robot/install/nav2_costmap_2d/lib:/home/huuhoa/hospital_robot/install/nav2_map_server/lib:/home/huuhoa/hospital_robot/install/nav2_lifecycle_manager/lib:/home/huuhoa/hospital_robot/install/nav2_util/lib:/home/huuhoa/hospital_robot/install/nav2_voxel_grid/lib:/home/huuhoa/hospital_robot/install/nav2_msgs/lib:/home/huuhoa/hospital_robot/install/map_msgs/lib:${LD_LIBRARY_PATH} PYTHONPATH=/home/huuhoa/hospital_robot/install/nav2_msgs/local/lib/python3.10/dist-packages:/home/huuhoa/hospital_robot/install/nav2_common/local/lib/python3.10/dist-packages:/home/huuhoa/hospital_robot/install/map_msgs/local/lib/python3.10/dist-packages:${PYTHONPATH} /usr/bin/cmake --install /home/huuhoa/hospital_robot/build/nav2_collision_monitor
