[0.110s] Invoking command in '/home/huuhoa/hospital_robot/build/nav2_core': AMENT_PREFIX_PATH=/home/huuhoa/hospital_robot/install/nav2_costmap_2d:${AMENT_PREFIX_PATH} CMAKE_PREFIX_PATH=/home/huuhoa/hospital_robot/install/nav2_costmap_2d:/home/huuhoa/hospital_robot/install/nav2_map_server:/home/huuhoa/hospital_robot/install/nav2_lifecycle_manager:/home/huuhoa/hospital_robot/install/nav2_util:/home/huuhoa/hospital_robot/install/nav2_voxel_grid:/home/huuhoa/hospital_robot/install/nav2_msgs:/home/huuhoa/hospital_robot/install/nav2_common:/home/huuhoa/hospital_robot/install/map_msgs:/home/huuhoa/hospital_robot/install/nav_2d_utils:/home/huuhoa/hospital_robot/install/dwb_msgs:/home/huuhoa/hospital_robot/install/nav_2d_msgs:/home/huuhoa/hospital_robot/install/hospital_package:/home/huuhoa/hospital_robot/install/nav2_simple_commander:/opt/ros/humble LD_LIBRARY_PATH=/home/huuhoa/hospital_robot/install/nav2_costmap_2d/lib:/home/huuhoa/hospital_robot/install/nav2_map_server/lib:/home/huuhoa/hospital_robot/install/nav2_lifecycle_manager/lib:/home/huuhoa/hospital_robot/install/nav2_util/lib:/home/huuhoa/hospital_robot/install/nav2_voxel_grid/lib:/home/huuhoa/hospital_robot/install/nav2_msgs/lib:/home/huuhoa/hospital_robot/install/map_msgs/lib:/home/huuhoa/hospital_robot/install/nav_2d_utils/lib:/home/huuhoa/hospital_robot/install/dwb_msgs/lib:/home/huuhoa/hospital_robot/install/nav_2d_msgs/lib:/opt/ros/humble/lib/x86_64-linux-gnu:/opt/ros/humble/lib /usr/bin/cmake --build /home/huuhoa/hospital_robot/build/nav2_core -- -j2 -l2
[0.242s] Invoked command in '/home/huuhoa/hospital_robot/build/nav2_core' returned '0': AMENT_PREFIX_PATH=/home/huuhoa/hospital_robot/install/nav2_costmap_2d:${AMENT_PREFIX_PATH} CMAKE_PREFIX_PATH=/home/huuhoa/hospital_robot/install/nav2_costmap_2d:/home/huuhoa/hospital_robot/install/nav2_map_server:/home/huuhoa/hospital_robot/install/nav2_lifecycle_manager:/home/huuhoa/hospital_robot/install/nav2_util:/home/huuhoa/hospital_robot/install/nav2_voxel_grid:/home/huuhoa/hospital_robot/install/nav2_msgs:/home/huuhoa/hospital_robot/install/nav2_common:/home/huuhoa/hospital_robot/install/map_msgs:/home/huuhoa/hospital_robot/install/nav_2d_utils:/home/huuhoa/hospital_robot/install/dwb_msgs:/home/huuhoa/hospital_robot/install/nav_2d_msgs:/home/huuhoa/hospital_robot/install/hospital_package:/home/huuhoa/hospital_robot/install/nav2_simple_commander:/opt/ros/humble LD_LIBRARY_PATH=/home/huuhoa/hospital_robot/install/nav2_costmap_2d/lib:/home/huuhoa/hospital_robot/install/nav2_map_server/lib:/home/huuhoa/hospital_robot/install/nav2_lifecycle_manager/lib:/home/huuhoa/hospital_robot/install/nav2_util/lib:/home/huuhoa/hospital_robot/install/nav2_voxel_grid/lib:/home/huuhoa/hospital_robot/install/nav2_msgs/lib:/home/huuhoa/hospital_robot/install/map_msgs/lib:/home/huuhoa/hospital_robot/install/nav_2d_utils/lib:/home/huuhoa/hospital_robot/install/dwb_msgs/lib:/home/huuhoa/hospital_robot/install/nav_2d_msgs/lib:/opt/ros/humble/lib/x86_64-linux-gnu:/opt/ros/humble/lib /usr/bin/cmake --build /home/huuhoa/hospital_robot/build/nav2_core -- -j2 -l2
[0.247s] Invoking command in '/home/huuhoa/hospital_robot/build/nav2_core': AMENT_PREFIX_PATH=/home/huuhoa/hospital_robot/install/nav2_costmap_2d:${AMENT_PREFIX_PATH} CMAKE_PREFIX_PATH=/home/huuhoa/hospital_robot/install/nav2_costmap_2d:/home/huuhoa/hospital_robot/install/nav2_map_server:/home/huuhoa/hospital_robot/install/nav2_lifecycle_manager:/home/huuhoa/hospital_robot/install/nav2_util:/home/huuhoa/hospital_robot/install/nav2_voxel_grid:/home/huuhoa/hospital_robot/install/nav2_msgs:/home/huuhoa/hospital_robot/install/nav2_common:/home/huuhoa/hospital_robot/install/map_msgs:/home/huuhoa/hospital_robot/install/nav_2d_utils:/home/huuhoa/hospital_robot/install/dwb_msgs:/home/huuhoa/hospital_robot/install/nav_2d_msgs:/home/huuhoa/hospital_robot/install/hospital_package:/home/huuhoa/hospital_robot/install/nav2_simple_commander:/opt/ros/humble LD_LIBRARY_PATH=/home/huuhoa/hospital_robot/install/nav2_costmap_2d/lib:/home/huuhoa/hospital_robot/install/nav2_map_server/lib:/home/huuhoa/hospital_robot/install/nav2_lifecycle_manager/lib:/home/huuhoa/hospital_robot/install/nav2_util/lib:/home/huuhoa/hospital_robot/install/nav2_voxel_grid/lib:/home/huuhoa/hospital_robot/install/nav2_msgs/lib:/home/huuhoa/hospital_robot/install/map_msgs/lib:/home/huuhoa/hospital_robot/install/nav_2d_utils/lib:/home/huuhoa/hospital_robot/install/dwb_msgs/lib:/home/huuhoa/hospital_robot/install/nav_2d_msgs/lib:/opt/ros/humble/lib/x86_64-linux-gnu:/opt/ros/humble/lib /usr/bin/cmake --install /home/huuhoa/hospital_robot/build/nav2_core
[0.288s] -- Install configuration: "Release"
[0.288s] -- Execute custom install script
[0.288s] -- Up-to-date symlink: /home/huuhoa/hospital_robot/install/nav2_core/include//nav2_core/behavior.hpp
[0.290s] -- Up-to-date symlink: /home/huuhoa/hospital_robot/install/nav2_core/include//nav2_core/controller.hpp
[0.290s] -- Up-to-date symlink: /home/huuhoa/hospital_robot/install/nav2_core/include//nav2_core/exceptions.hpp
[0.290s] -- Up-to-date symlink: /home/huuhoa/hospital_robot/install/nav2_core/include//nav2_core/global_planner.hpp
[0.290s] -- Up-to-date symlink: /home/huuhoa/hospital_robot/install/nav2_core/include//nav2_core/goal_checker.hpp
[0.290s] -- Up-to-date symlink: /home/huuhoa/hospital_robot/install/nav2_core/include//nav2_core/progress_checker.hpp
[0.290s] -- Up-to-date symlink: /home/huuhoa/hospital_robot/install/nav2_core/include//nav2_core/smoother.hpp
[0.290s] -- Up-to-date symlink: /home/huuhoa/hospital_robot/install/nav2_core/include//nav2_core/waypoint_task_executor.hpp
[0.291s] -- Up-to-date symlink: /home/huuhoa/hospital_robot/install/nav2_core/share/ament_index/resource_index/package_run_dependencies/nav2_core
[0.291s] -- Up-to-date symlink: /home/huuhoa/hospital_robot/install/nav2_core/share/ament_index/resource_index/parent_prefix_path/nav2_core
[0.292s] -- Up-to-date symlink: /home/huuhoa/hospital_robot/install/nav2_core/share/nav2_core/environment/ament_prefix_path.sh
[0.292s] -- Up-to-date symlink: /home/huuhoa/hospital_robot/install/nav2_core/share/nav2_core/environment/ament_prefix_path.dsv
[0.294s] -- Up-to-date symlink: /home/huuhoa/hospital_robot/install/nav2_core/share/nav2_core/environment/path.sh
[0.294s] -- Up-to-date symlink: /home/huuhoa/hospital_robot/install/nav2_core/share/nav2_core/environment/path.dsv
[0.295s] -- Up-to-date symlink: /home/huuhoa/hospital_robot/install/nav2_core/share/nav2_core/local_setup.bash
[0.295s] -- Up-to-date symlink: /home/huuhoa/hospital_robot/install/nav2_core/share/nav2_core/local_setup.sh
[0.296s] -- Up-to-date symlink: /home/huuhoa/hospital_robot/install/nav2_core/share/nav2_core/local_setup.zsh
[0.296s] -- Up-to-date symlink: /home/huuhoa/hospital_robot/install/nav2_core/share/nav2_core/local_setup.dsv
[0.296s] -- Symlinking: /home/huuhoa/hospital_robot/install/nav2_core/share/nav2_core/package.dsv
[0.316s] -- Up-to-date symlink: /home/huuhoa/hospital_robot/install/nav2_core/share/ament_index/resource_index/packages/nav2_core
[0.317s] -- Up-to-date symlink: /home/huuhoa/hospital_robot/install/nav2_core/share/nav2_core/cmake/ament_cmake_export_include_directories-extras.cmake
[0.317s] -- Up-to-date symlink: /home/huuhoa/hospital_robot/install/nav2_core/share/nav2_core/cmake/ament_cmake_export_dependencies-extras.cmake
[0.318s] -- Up-to-date symlink: /home/huuhoa/hospital_robot/install/nav2_core/share/nav2_core/cmake/nav2_coreConfig.cmake
[0.318s] -- Up-to-date symlink: /home/huuhoa/hospital_robot/install/nav2_core/share/nav2_core/cmake/nav2_coreConfig-version.cmake
[0.318s] -- Up-to-date symlink: /home/huuhoa/hospital_robot/install/nav2_core/share/nav2_core/package.xml
[0.343s] Invoked command in '/home/huuhoa/hospital_robot/build/nav2_core' returned '0': AMENT_PREFIX_PATH=/home/huuhoa/hospital_robot/install/nav2_costmap_2d:${AMENT_PREFIX_PATH} CMAKE_PREFIX_PATH=/home/huuhoa/hospital_robot/install/nav2_costmap_2d:/home/huuhoa/hospital_robot/install/nav2_map_server:/home/huuhoa/hospital_robot/install/nav2_lifecycle_manager:/home/huuhoa/hospital_robot/install/nav2_util:/home/huuhoa/hospital_robot/install/nav2_voxel_grid:/home/huuhoa/hospital_robot/install/nav2_msgs:/home/huuhoa/hospital_robot/install/nav2_common:/home/huuhoa/hospital_robot/install/map_msgs:/home/huuhoa/hospital_robot/install/nav_2d_utils:/home/huuhoa/hospital_robot/install/dwb_msgs:/home/huuhoa/hospital_robot/install/nav_2d_msgs:/home/huuhoa/hospital_robot/install/hospital_package:/home/huuhoa/hospital_robot/install/nav2_simple_commander:/opt/ros/humble LD_LIBRARY_PATH=/home/huuhoa/hospital_robot/install/nav2_costmap_2d/lib:/home/huuhoa/hospital_robot/install/nav2_map_server/lib:/home/huuhoa/hospital_robot/install/nav2_lifecycle_manager/lib:/home/huuhoa/hospital_robot/install/nav2_util/lib:/home/huuhoa/hospital_robot/install/nav2_voxel_grid/lib:/home/huuhoa/hospital_robot/install/nav2_msgs/lib:/home/huuhoa/hospital_robot/install/map_msgs/lib:/home/huuhoa/hospital_robot/install/nav_2d_utils/lib:/home/huuhoa/hospital_robot/install/dwb_msgs/lib:/home/huuhoa/hospital_robot/install/nav_2d_msgs/lib:/opt/ros/humble/lib/x86_64-linux-gnu:/opt/ros/humble/lib /usr/bin/cmake --install /home/huuhoa/hospital_robot/build/nav2_core
