[0.105s] Invoking command in '/home/huuhoa/hospital_robot/build/nav2_behaviors': AMENT_PREFIX_PATH=/home/huuhoa/hospital_robot/install/nav2_core:/home/huuhoa/hospital_robot/install/nav2_costmap_2d:/home/huuhoa/hospital_robot/install/nav2_map_server:/home/huuhoa/hospital_robot/install/nav2_lifecycle_manager:/home/huuhoa/hospital_robot/install/nav2_behavior_tree:/home/huuhoa/hospital_robot/install/nav2_util:/home/huuhoa/hospital_robot/install/nav2_voxel_grid:/home/huuhoa/hospital_robot/install/nav2_msgs:/home/huuhoa/hospital_robot/install/nav2_common:/home/huuhoa/hospital_robot/install/map_msgs:${AMENT_PREFIX_PATH} CMAKE_PREFIX_PATH=/home/huuhoa/hospital_robot/install/nav2_core:/home/huuhoa/hospital_robot/install/nav2_costmap_2d:/home/huuhoa/hospital_robot/install/nav2_map_server:/home/huuhoa/hospital_robot/install/nav2_lifecycle_manager:/home/huuhoa/hospital_robot/install/nav2_behavior_tree:/home/huuhoa/hospital_robot/install/nav2_util:/home/huuhoa/hospital_robot/install/nav2_voxel_grid:/home/huuhoa/hospital_robot/install/nav2_msgs:/home/huuhoa/hospital_robot/install/nav2_common:/home/huuhoa/hospital_robot/install/map_msgs:/opt/ros/humble LD_LIBRARY_PATH=/home/huuhoa/hospital_robot/install/nav2_costmap_2d/lib:/home/huuhoa/hospital_robot/install/nav2_map_server/lib:/home/huuhoa/hospital_robot/install/nav2_lifecycle_manager/lib:/home/huuhoa/hospital_robot/install/nav2_behavior_tree/lib:/home/huuhoa/hospital_robot/install/nav2_util/lib:/home/huuhoa/hospital_robot/install/nav2_voxel_grid/lib:/home/huuhoa/hospital_robot/install/nav2_msgs/lib:/home/huuhoa/hospital_robot/install/map_msgs/lib:${LD_LIBRARY_PATH} PYTHONPATH=/home/huuhoa/hospital_robot/install/nav2_msgs/local/lib/python3.10/dist-packages:/home/huuhoa/hospital_robot/install/nav2_common/local/lib/python3.10/dist-packages:/home/huuhoa/hospital_robot/install/map_msgs/local/lib/python3.10/dist-packages:${PYTHONPATH} /usr/bin/cmake --build /home/huuhoa/hospital_robot/build/nav2_behaviors -- -j2 -l2
[0.332s] [35m[1mConsolidate compiler generated dependencies of target nav2_spin_behavior[0m
[0.339s] [35m[1mConsolidate compiler generated dependencies of target nav2_wait_behavior[0m
[0.416s] [ 10%] Built target nav2_spin_behavior
[0.421s] [ 20%] Built target nav2_wait_behavior
[0.463s] [35m[1mConsolidate compiler generated dependencies of target nav2_drive_on_heading_behavior[0m
[0.512s] [ 30%] Built target nav2_drive_on_heading_behavior
[0.552s] [35m[1mConsolidate compiler generated dependencies of target nav2_back_up_behavior[0m
[0.599s] [ 40%] Built target nav2_back_up_behavior
[0.647s] [35m[1mConsolidate compiler generated dependencies of target nav2_assisted_teleop_behavior[0m
[0.702s] [ 50%] Built target nav2_assisted_teleop_behavior
[0.757s] [35m[1mConsolidate compiler generated dependencies of target behavior_server_core[0m
[0.818s] [ 60%] Built target behavior_server_core
[0.860s] [35m[1mConsolidate compiler generated dependencies of target gtest_main[0m
[0.916s] [ 70%] Built target gtest_main
[0.963s] [35m[1mConsolidate compiler generated dependencies of target gtest[0m
[1.018s] [ 80%] Built target gtest
[1.086s] [35m[1mConsolidate compiler generated dependencies of target behavior_server[0m
[1.139s] [ 90%] Built target behavior_server
[1.190s] [35m[1mConsolidate compiler generated dependencies of target test_behaviors[0m
[1.234s] [100%] Built target test_behaviors
[1.258s] Invoked command in '/home/huuhoa/hospital_robot/build/nav2_behaviors' returned '0': AMENT_PREFIX_PATH=/home/huuhoa/hospital_robot/install/nav2_core:/home/huuhoa/hospital_robot/install/nav2_costmap_2d:/home/huuhoa/hospital_robot/install/nav2_map_server:/home/huuhoa/hospital_robot/install/nav2_lifecycle_manager:/home/huuhoa/hospital_robot/install/nav2_behavior_tree:/home/huuhoa/hospital_robot/install/nav2_util:/home/huuhoa/hospital_robot/install/nav2_voxel_grid:/home/huuhoa/hospital_robot/install/nav2_msgs:/home/huuhoa/hospital_robot/install/nav2_common:/home/huuhoa/hospital_robot/install/map_msgs:${AMENT_PREFIX_PATH} CMAKE_PREFIX_PATH=/home/huuhoa/hospital_robot/install/nav2_core:/home/huuhoa/hospital_robot/install/nav2_costmap_2d:/home/huuhoa/hospital_robot/install/nav2_map_server:/home/huuhoa/hospital_robot/install/nav2_lifecycle_manager:/home/huuhoa/hospital_robot/install/nav2_behavior_tree:/home/huuhoa/hospital_robot/install/nav2_util:/home/huuhoa/hospital_robot/install/nav2_voxel_grid:/home/huuhoa/hospital_robot/install/nav2_msgs:/home/huuhoa/hospital_robot/install/nav2_common:/home/huuhoa/hospital_robot/install/map_msgs:/opt/ros/humble LD_LIBRARY_PATH=/home/huuhoa/hospital_robot/install/nav2_costmap_2d/lib:/home/huuhoa/hospital_robot/install/nav2_map_server/lib:/home/huuhoa/hospital_robot/install/nav2_lifecycle_manager/lib:/home/huuhoa/hospital_robot/install/nav2_behavior_tree/lib:/home/huuhoa/hospital_robot/install/nav2_util/lib:/home/huuhoa/hospital_robot/install/nav2_voxel_grid/lib:/home/huuhoa/hospital_robot/install/nav2_msgs/lib:/home/huuhoa/hospital_robot/install/map_msgs/lib:${LD_LIBRARY_PATH} PYTHONPATH=/home/huuhoa/hospital_robot/install/nav2_msgs/local/lib/python3.10/dist-packages:/home/huuhoa/hospital_robot/install/nav2_common/local/lib/python3.10/dist-packages:/home/huuhoa/hospital_robot/install/map_msgs/local/lib/python3.10/dist-packages:${PYTHONPATH} /usr/bin/cmake --build /home/huuhoa/hospital_robot/build/nav2_behaviors -- -j2 -l2
[1.284s] Invoking command in '/home/huuhoa/hospital_robot/build/nav2_behaviors': AMENT_PREFIX_PATH=/home/huuhoa/hospital_robot/install/nav2_core:/home/huuhoa/hospital_robot/install/nav2_costmap_2d:/home/huuhoa/hospital_robot/install/nav2_map_server:/home/huuhoa/hospital_robot/install/nav2_lifecycle_manager:/home/huuhoa/hospital_robot/install/nav2_behavior_tree:/home/huuhoa/hospital_robot/install/nav2_util:/home/huuhoa/hospital_robot/install/nav2_voxel_grid:/home/huuhoa/hospital_robot/install/nav2_msgs:/home/huuhoa/hospital_robot/install/nav2_common:/home/huuhoa/hospital_robot/install/map_msgs:${AMENT_PREFIX_PATH} CMAKE_PREFIX_PATH=/home/huuhoa/hospital_robot/install/nav2_core:/home/huuhoa/hospital_robot/install/nav2_costmap_2d:/home/huuhoa/hospital_robot/install/nav2_map_server:/home/huuhoa/hospital_robot/install/nav2_lifecycle_manager:/home/huuhoa/hospital_robot/install/nav2_behavior_tree:/home/huuhoa/hospital_robot/install/nav2_util:/home/huuhoa/hospital_robot/install/nav2_voxel_grid:/home/huuhoa/hospital_robot/install/nav2_msgs:/home/huuhoa/hospital_robot/install/nav2_common:/home/huuhoa/hospital_robot/install/map_msgs:/opt/ros/humble LD_LIBRARY_PATH=/home/huuhoa/hospital_robot/install/nav2_costmap_2d/lib:/home/huuhoa/hospital_robot/install/nav2_map_server/lib:/home/huuhoa/hospital_robot/install/nav2_lifecycle_manager/lib:/home/huuhoa/hospital_robot/install/nav2_behavior_tree/lib:/home/huuhoa/hospital_robot/install/nav2_util/lib:/home/huuhoa/hospital_robot/install/nav2_voxel_grid/lib:/home/huuhoa/hospital_robot/install/nav2_msgs/lib:/home/huuhoa/hospital_robot/install/map_msgs/lib:${LD_LIBRARY_PATH} PYTHONPATH=/home/huuhoa/hospital_robot/install/nav2_msgs/local/lib/python3.10/dist-packages:/home/huuhoa/hospital_robot/install/nav2_common/local/lib/python3.10/dist-packages:/home/huuhoa/hospital_robot/install/map_msgs/local/lib/python3.10/dist-packages:${PYTHONPATH} /usr/bin/cmake --install /home/huuhoa/hospital_robot/build/nav2_behaviors
[1.301s] -- Install configuration: "Release"
[1.304s] -- Execute custom install script
[1.309s] -- Up-to-date symlink: /home/huuhoa/hospital_robot/install/nav2_behaviors/share/nav2_behaviors//behavior_plugin.xml
[1.313s] -- Up-to-date symlink: /home/huuhoa/hospital_robot/install/nav2_behaviors/lib/libbehavior_server_core.so
[1.315s] -- Up-to-date symlink: /home/huuhoa/hospital_robot/install/nav2_behaviors/lib/libnav2_spin_behavior.so
[1.316s] -- Up-to-date symlink: /home/huuhoa/hospital_robot/install/nav2_behaviors/lib/libnav2_wait_behavior.so
[1.318s] -- Up-to-date symlink: /home/huuhoa/hospital_robot/install/nav2_behaviors/lib/libnav2_assisted_teleop_behavior.so
[1.320s] -- Up-to-date symlink: /home/huuhoa/hospital_robot/install/nav2_behaviors/lib/libnav2_drive_on_heading_behavior.so
[1.322s] -- Up-to-date symlink: /home/huuhoa/hospital_robot/install/nav2_behaviors/lib/libnav2_back_up_behavior.so
[1.326s] -- Up-to-date symlink: /home/huuhoa/hospital_robot/install/nav2_behaviors/lib/nav2_behaviors/behavior_server
[1.331s] -- Up-to-date symlink: /home/huuhoa/hospital_robot/install/nav2_behaviors/include//nav2_behaviors/behavior_server.hpp
[1.336s] -- Up-to-date symlink: /home/huuhoa/hospital_robot/install/nav2_behaviors/include//nav2_behaviors/plugins/assisted_teleop.hpp
[1.339s] -- Up-to-date symlink: /home/huuhoa/hospital_robot/install/nav2_behaviors/include//nav2_behaviors/plugins/back_up.hpp
[1.340s] -- Up-to-date symlink: /home/huuhoa/hospital_robot/install/nav2_behaviors/include//nav2_behaviors/plugins/drive_on_heading.hpp
[1.340s] -- Up-to-date symlink: /home/huuhoa/hospital_robot/install/nav2_behaviors/include//nav2_behaviors/plugins/spin.hpp
[1.341s] -- Up-to-date symlink: /home/huuhoa/hospital_robot/install/nav2_behaviors/include//nav2_behaviors/plugins/wait.hpp
[1.343s] -- Up-to-date symlink: /home/huuhoa/hospital_robot/install/nav2_behaviors/include//nav2_behaviors/timed_behavior.hpp
[1.344s] -- Up-to-date symlink: /home/huuhoa/hospital_robot/install/nav2_behaviors/share/nav2_behaviors/behavior_plugin.xml
[1.347s] -- Up-to-date symlink: /home/huuhoa/hospital_robot/install/nav2_behaviors/share/nav2_behaviors/plugins//assisted_teleop.cpp
[1.349s] -- Up-to-date symlink: /home/huuhoa/hospital_robot/install/nav2_behaviors/share/nav2_behaviors/plugins//back_up.cpp
[1.351s] -- Up-to-date symlink: /home/huuhoa/hospital_robot/install/nav2_behaviors/share/nav2_behaviors/plugins//drive_on_heading.cpp
[1.352s] -- Up-to-date symlink: /home/huuhoa/hospital_robot/install/nav2_behaviors/share/nav2_behaviors/plugins//spin.cpp
[1.354s] -- Up-to-date symlink: /home/huuhoa/hospital_robot/install/nav2_behaviors/share/nav2_behaviors/plugins//wait.cpp
[1.356s] -- Up-to-date symlink: /home/huuhoa/hospital_robot/install/nav2_behaviors/share/nav2_behaviors/environment/library_path.sh
[1.357s] -- Up-to-date symlink: /home/huuhoa/hospital_robot/install/nav2_behaviors/share/nav2_behaviors/environment/library_path.dsv
[1.361s] -- Up-to-date symlink: /home/huuhoa/hospital_robot/install/nav2_behaviors/share/ament_index/resource_index/package_run_dependencies/nav2_behaviors
[1.363s] -- Up-to-date symlink: /home/huuhoa/hospital_robot/install/nav2_behaviors/share/ament_index/resource_index/parent_prefix_path/nav2_behaviors
[1.367s] -- Up-to-date symlink: /home/huuhoa/hospital_robot/install/nav2_behaviors/share/nav2_behaviors/environment/ament_prefix_path.sh
[1.370s] -- Up-to-date symlink: /home/huuhoa/hospital_robot/install/nav2_behaviors/share/nav2_behaviors/environment/ament_prefix_path.dsv
[1.382s] -- Up-to-date symlink: /home/huuhoa/hospital_robot/install/nav2_behaviors/share/nav2_behaviors/environment/path.sh
[1.382s] -- Up-to-date symlink: /home/huuhoa/hospital_robot/install/nav2_behaviors/share/nav2_behaviors/environment/path.dsv
[1.383s] -- Up-to-date symlink: /home/huuhoa/hospital_robot/install/nav2_behaviors/share/nav2_behaviors/local_setup.bash
[1.386s] -- Up-to-date symlink: /home/huuhoa/hospital_robot/install/nav2_behaviors/share/nav2_behaviors/local_setup.sh
[1.388s] -- Up-to-date symlink: /home/huuhoa/hospital_robot/install/nav2_behaviors/share/nav2_behaviors/local_setup.zsh
[1.388s] -- Up-to-date symlink: /home/huuhoa/hospital_robot/install/nav2_behaviors/share/nav2_behaviors/local_setup.dsv
[1.388s] -- Symlinking: /home/huuhoa/hospital_robot/install/nav2_behaviors/share/nav2_behaviors/package.dsv
[1.410s] -- Up-to-date symlink: /home/huuhoa/hospital_robot/install/nav2_behaviors/share/ament_index/resource_index/packages/nav2_behaviors
[1.413s] -- Up-to-date symlink: /home/huuhoa/hospital_robot/install/nav2_behaviors/share/ament_index/resource_index/nav2_core__pluginlib__plugin/nav2_behaviors
[1.417s] -- Up-to-date symlink: /home/huuhoa/hospital_robot/install/nav2_behaviors/share/ament_index/resource_index/rclcpp_components/nav2_behaviors
[1.421s] -- Up-to-date symlink: /home/huuhoa/hospital_robot/install/nav2_behaviors/share/nav2_behaviors/cmake/ament_cmake_export_include_directories-extras.cmake
[1.421s] -- Up-to-date symlink: /home/huuhoa/hospital_robot/install/nav2_behaviors/share/nav2_behaviors/cmake/ament_cmake_export_libraries-extras.cmake
[1.422s] -- Up-to-date symlink: /home/huuhoa/hospital_robot/install/nav2_behaviors/share/nav2_behaviors/cmake/ament_cmake_export_dependencies-extras.cmake
[1.424s] -- Up-to-date symlink: /home/huuhoa/hospital_robot/install/nav2_behaviors/share/nav2_behaviors/cmake/nav2_behaviorsConfig.cmake
[1.426s] -- Up-to-date symlink: /home/huuhoa/hospital_robot/install/nav2_behaviors/share/nav2_behaviors/cmake/nav2_behaviorsConfig-version.cmake
[1.428s] -- Up-to-date symlink: /home/huuhoa/hospital_robot/install/nav2_behaviors/share/nav2_behaviors/package.xml
[1.435s] Invoked command in '/home/huuhoa/hospital_robot/build/nav2_behaviors' returned '0': AMENT_PREFIX_PATH=/home/huuhoa/hospital_robot/install/nav2_core:/home/huuhoa/hospital_robot/install/nav2_costmap_2d:/home/huuhoa/hospital_robot/install/nav2_map_server:/home/huuhoa/hospital_robot/install/nav2_lifecycle_manager:/home/huuhoa/hospital_robot/install/nav2_behavior_tree:/home/huuhoa/hospital_robot/install/nav2_util:/home/huuhoa/hospital_robot/install/nav2_voxel_grid:/home/huuhoa/hospital_robot/install/nav2_msgs:/home/huuhoa/hospital_robot/install/nav2_common:/home/huuhoa/hospital_robot/install/map_msgs:${AMENT_PREFIX_PATH} CMAKE_PREFIX_PATH=/home/huuhoa/hospital_robot/install/nav2_core:/home/huuhoa/hospital_robot/install/nav2_costmap_2d:/home/huuhoa/hospital_robot/install/nav2_map_server:/home/huuhoa/hospital_robot/install/nav2_lifecycle_manager:/home/huuhoa/hospital_robot/install/nav2_behavior_tree:/home/huuhoa/hospital_robot/install/nav2_util:/home/huuhoa/hospital_robot/install/nav2_voxel_grid:/home/huuhoa/hospital_robot/install/nav2_msgs:/home/huuhoa/hospital_robot/install/nav2_common:/home/huuhoa/hospital_robot/install/map_msgs:/opt/ros/humble LD_LIBRARY_PATH=/home/huuhoa/hospital_robot/install/nav2_costmap_2d/lib:/home/huuhoa/hospital_robot/install/nav2_map_server/lib:/home/huuhoa/hospital_robot/install/nav2_lifecycle_manager/lib:/home/huuhoa/hospital_robot/install/nav2_behavior_tree/lib:/home/huuhoa/hospital_robot/install/nav2_util/lib:/home/huuhoa/hospital_robot/install/nav2_voxel_grid/lib:/home/huuhoa/hospital_robot/install/nav2_msgs/lib:/home/huuhoa/hospital_robot/install/map_msgs/lib:${LD_LIBRARY_PATH} PYTHONPATH=/home/huuhoa/hospital_robot/install/nav2_msgs/local/lib/python3.10/dist-packages:/home/huuhoa/hospital_robot/install/nav2_common/local/lib/python3.10/dist-packages:/home/huuhoa/hospital_robot/install/map_msgs/local/lib/python3.10/dist-packages:${PYTHONPATH} /usr/bin/cmake --install /home/huuhoa/hospital_robot/build/nav2_behaviors
