[0.078s] Invoking command in '/home/huuhoa/hospital_robot/build/nav2_velocity_smoother': AMENT_PREFIX_PATH=/home/huuhoa/hospital_robot/install/nav2_util:/home/huuhoa/hospital_robot/install/nav2_msgs:/home/huuhoa/hospital_robot/install/nav2_common:${AMENT_PREFIX_PATH} CMAKE_PREFIX_PATH=/home/huuhoa/hospital_robot/install/nav2_util:/home/huuhoa/hospital_robot/install/nav2_msgs:/home/huuhoa/hospital_robot/install/nav2_common:/opt/ros/humble LD_LIBRARY_PATH=/home/huuhoa/hospital_robot/install/nav2_util/lib:/home/huuhoa/hospital_robot/install/nav2_msgs/lib:${LD_LIBRARY_PATH} PYTHONPATH=/home/huuhoa/hospital_robot/install/nav2_msgs/local/lib/python3.10/dist-packages:/home/huuhoa/hospital_robot/install/nav2_common/local/lib/python3.10/dist-packages:${PYTHONPATH} /usr/bin/cmake --build /home/huuhoa/hospital_robot/build/nav2_velocity_smoother -- -j2 -l2
[0.265s] [ 20%] Built target gtest_main
[0.330s] [ 40%] Built target velocity_smoother_core
[0.344s] [ 60%] Built target gtest
[0.422s] [ 80%] Built target velocity_smoother_tests
[0.465s] [100%] Built target velocity_smoother
[0.502s] Invoked command in '/home/huuhoa/hospital_robot/build/nav2_velocity_smoother' returned '0': AMENT_PREFIX_PATH=/home/huuhoa/hospital_robot/install/nav2_util:/home/huuhoa/hospital_robot/install/nav2_msgs:/home/huuhoa/hospital_robot/install/nav2_common:${AMENT_PREFIX_PATH} CMAKE_PREFIX_PATH=/home/huuhoa/hospital_robot/install/nav2_util:/home/huuhoa/hospital_robot/install/nav2_msgs:/home/huuhoa/hospital_robot/install/nav2_common:/opt/ros/humble LD_LIBRARY_PATH=/home/huuhoa/hospital_robot/install/nav2_util/lib:/home/huuhoa/hospital_robot/install/nav2_msgs/lib:${LD_LIBRARY_PATH} PYTHONPATH=/home/huuhoa/hospital_robot/install/nav2_msgs/local/lib/python3.10/dist-packages:/home/huuhoa/hospital_robot/install/nav2_common/local/lib/python3.10/dist-packages:${PYTHONPATH} /usr/bin/cmake --build /home/huuhoa/hospital_robot/build/nav2_velocity_smoother -- -j2 -l2
[0.516s] Invoking command in '/home/huuhoa/hospital_robot/build/nav2_velocity_smoother': AMENT_PREFIX_PATH=/home/huuhoa/hospital_robot/install/nav2_util:/home/huuhoa/hospital_robot/install/nav2_msgs:/home/huuhoa/hospital_robot/install/nav2_common:${AMENT_PREFIX_PATH} CMAKE_PREFIX_PATH=/home/huuhoa/hospital_robot/install/nav2_util:/home/huuhoa/hospital_robot/install/nav2_msgs:/home/huuhoa/hospital_robot/install/nav2_common:/opt/ros/humble LD_LIBRARY_PATH=/home/huuhoa/hospital_robot/install/nav2_util/lib:/home/huuhoa/hospital_robot/install/nav2_msgs/lib:${LD_LIBRARY_PATH} PYTHONPATH=/home/huuhoa/hospital_robot/install/nav2_msgs/local/lib/python3.10/dist-packages:/home/huuhoa/hospital_robot/install/nav2_common/local/lib/python3.10/dist-packages:${PYTHONPATH} /usr/bin/cmake --install /home/huuhoa/hospital_robot/build/nav2_velocity_smoother
[0.540s] -- Install configuration: "Release"
[0.543s] -- Execute custom install script
[0.549s] -- Up-to-date symlink: /home/huuhoa/hospital_robot/install/nav2_velocity_smoother/lib/libvelocity_smoother_core.so
[0.553s] -- Up-to-date symlink: /home/huuhoa/hospital_robot/install/nav2_velocity_smoother/lib/nav2_velocity_smoother/velocity_smoother
[0.557s] -- Up-to-date symlink: /home/huuhoa/hospital_robot/install/nav2_velocity_smoother/include//nav2_velocity_smoother/velocity_smoother.hpp
[0.562s] -- Up-to-date symlink: /home/huuhoa/hospital_robot/install/nav2_velocity_smoother/share/nav2_velocity_smoother/environment/library_path.sh
[0.565s] -- Up-to-date symlink: /home/huuhoa/hospital_robot/install/nav2_velocity_smoother/share/nav2_velocity_smoother/environment/library_path.dsv
[0.569s] -- Up-to-date symlink: /home/huuhoa/hospital_robot/install/nav2_velocity_smoother/share/ament_index/resource_index/package_run_dependencies/nav2_velocity_smoother
[0.571s] -- Up-to-date symlink: /home/huuhoa/hospital_robot/install/nav2_velocity_smoother/share/ament_index/resource_index/parent_prefix_path/nav2_velocity_smoother
[0.583s] -- Up-to-date symlink: /home/huuhoa/hospital_robot/install/nav2_velocity_smoother/share/nav2_velocity_smoother/environment/ament_prefix_path.sh
[0.584s] -- Up-to-date symlink: /home/huuhoa/hospital_robot/install/nav2_velocity_smoother/share/nav2_velocity_smoother/environment/ament_prefix_path.dsv
[0.586s] -- Up-to-date symlink: /home/huuhoa/hospital_robot/install/nav2_velocity_smoother/share/nav2_velocity_smoother/environment/path.sh
[0.587s] -- Up-to-date symlink: /home/huuhoa/hospital_robot/install/nav2_velocity_smoother/share/nav2_velocity_smoother/environment/path.dsv
[0.589s] -- Up-to-date symlink: /home/huuhoa/hospital_robot/install/nav2_velocity_smoother/share/nav2_velocity_smoother/local_setup.bash
[0.590s] -- Up-to-date symlink: /home/huuhoa/hospital_robot/install/nav2_velocity_smoother/share/nav2_velocity_smoother/local_setup.sh
[0.593s] -- Up-to-date symlink: /home/huuhoa/hospital_robot/install/nav2_velocity_smoother/share/nav2_velocity_smoother/local_setup.zsh
[0.594s] -- Up-to-date symlink: /home/huuhoa/hospital_robot/install/nav2_velocity_smoother/share/nav2_velocity_smoother/local_setup.dsv
[0.594s] -- Symlinking: /home/huuhoa/hospital_robot/install/nav2_velocity_smoother/share/nav2_velocity_smoother/package.dsv
[0.622s] -- Up-to-date symlink: /home/huuhoa/hospital_robot/install/nav2_velocity_smoother/share/ament_index/resource_index/packages/nav2_velocity_smoother
[0.623s] -- Up-to-date symlink: /home/huuhoa/hospital_robot/install/nav2_velocity_smoother/share/ament_index/resource_index/rclcpp_components/nav2_velocity_smoother
[0.625s] -- Up-to-date symlink: /home/huuhoa/hospital_robot/install/nav2_velocity_smoother/share/nav2_velocity_smoother/cmake/ament_cmake_export_include_directories-extras.cmake
[0.627s] -- Up-to-date symlink: /home/huuhoa/hospital_robot/install/nav2_velocity_smoother/share/nav2_velocity_smoother/cmake/ament_cmake_export_libraries-extras.cmake
[0.628s] -- Up-to-date symlink: /home/huuhoa/hospital_robot/install/nav2_velocity_smoother/share/nav2_velocity_smoother/cmake/ament_cmake_export_dependencies-extras.cmake
[0.629s] -- Up-to-date symlink: /home/huuhoa/hospital_robot/install/nav2_velocity_smoother/share/nav2_velocity_smoother/cmake/nav2_velocity_smootherConfig.cmake
[0.630s] -- Up-to-date symlink: /home/huuhoa/hospital_robot/install/nav2_velocity_smoother/share/nav2_velocity_smoother/cmake/nav2_velocity_smootherConfig-version.cmake
[0.631s] -- Up-to-date symlink: /home/huuhoa/hospital_robot/install/nav2_velocity_smoother/share/nav2_velocity_smoother/package.xml
[0.640s] Invoked command in '/home/huuhoa/hospital_robot/build/nav2_velocity_smoother' returned '0': AMENT_PREFIX_PATH=/home/huuhoa/hospital_robot/install/nav2_util:/home/huuhoa/hospital_robot/install/nav2_msgs:/home/huuhoa/hospital_robot/install/nav2_common:${AMENT_PREFIX_PATH} CMAKE_PREFIX_PATH=/home/huuhoa/hospital_robot/install/nav2_util:/home/huuhoa/hospital_robot/install/nav2_msgs:/home/huuhoa/hospital_robot/install/nav2_common:/opt/ros/humble LD_LIBRARY_PATH=/home/huuhoa/hospital_robot/install/nav2_util/lib:/home/huuhoa/hospital_robot/install/nav2_msgs/lib:${LD_LIBRARY_PATH} PYTHONPATH=/home/huuhoa/hospital_robot/install/nav2_msgs/local/lib/python3.10/dist-packages:/home/huuhoa/hospital_robot/install/nav2_common/local/lib/python3.10/dist-packages:${PYTHONPATH} /usr/bin/cmake --install /home/huuhoa/hospital_robot/build/nav2_velocity_smoother
