[0.058s] Invoking command in '/home/huuhoa/hospital_robot/build/nav2_collision_monitor': AMENT_PREFIX_PATH=/home/huuhoa/hospital_robot/install/nav2_costmap_2d:/home/huuhoa/hospital_robot/install/nav2_map_server:/home/huuhoa/hospital_robot/install/nav2_lifecycle_manager:/home/huuhoa/hospital_robot/install/nav2_util:/home/huuhoa/hospital_robot/install/nav2_voxel_grid:/home/huuhoa/hospital_robot/install/nav2_msgs:/home/huuhoa/hospital_robot/install/nav2_common:/home/huuhoa/hospital_robot/install/map_msgs:${AMENT_PREFIX_PATH} CMAKE_PREFIX_PATH=/home/huuhoa/hospital_robot/install/nav2_costmap_2d:/home/huuhoa/hospital_robot/install/nav2_map_server:/home/huuhoa/hospital_robot/install/nav2_lifecycle_manager:/home/huuhoa/hospital_robot/install/nav2_util:/home/huuhoa/hospital_robot/install/nav2_voxel_grid:/home/huuhoa/hospital_robot/install/nav2_msgs:/home/huuhoa/hospital_robot/install/nav2_common:/home/huuhoa/hospital_robot/install/map_msgs:/opt/ros/humble LD_LIBRARY_PATH=/home/huuhoa/hospital_robot/install/nav2_costmap_2d/lib:/home/huuhoa/hospital_robot/install/nav2_map_server/lib:/home/huuhoa/hospital_robot/install/nav2_lifecycle_manager/lib:/home/huuhoa/hospital_robot/install/nav2_util/lib:/home/huuhoa/hospital_robot/install/nav2_voxel_grid/lib:/home/huuhoa/hospital_robot/install/nav2_msgs/lib:/home/huuhoa/hospital_robot/install/map_msgs/lib:${LD_LIBRARY_PATH} PYTHONPATH=/home/huuhoa/hospital_robot/install/nav2_msgs/local/lib/python3.10/dist-packages:/home/huuhoa/hospital_robot/install/nav2_common/local/lib/python3.10/dist-packages:/home/huuhoa/hospital_robot/install/map_msgs/local/lib/python3.10/dist-packages:${PYTHONPATH} /usr/bin/cmake --build /home/huuhoa/hospital_robot/build/nav2_collision_monitor -- -j2 -l2
[0.226s] [  8%] Built target gtest_main
[0.252s] [ 47%] Built target collision_monitor_core
[0.283s] [ 56%] Built target gtest
[0.347s] [ 65%] Built target collision_monitor
[0.374s] [ 73%] Built target kinematics_test
[0.417s] [ 82%] Built target sources_test
[0.464s] [ 91%] Built target polygons_test
[0.497s] [100%] Built target collision_monitor_node_test
[0.511s] Invoked command in '/home/huuhoa/hospital_robot/build/nav2_collision_monitor' returned '0': AMENT_PREFIX_PATH=/home/huuhoa/hospital_robot/install/nav2_costmap_2d:/home/huuhoa/hospital_robot/install/nav2_map_server:/home/huuhoa/hospital_robot/install/nav2_lifecycle_manager:/home/huuhoa/hospital_robot/install/nav2_util:/home/huuhoa/hospital_robot/install/nav2_voxel_grid:/home/huuhoa/hospital_robot/install/nav2_msgs:/home/huuhoa/hospital_robot/install/nav2_common:/home/huuhoa/hospital_robot/install/map_msgs:${AMENT_PREFIX_PATH} CMAKE_PREFIX_PATH=/home/huuhoa/hospital_robot/install/nav2_costmap_2d:/home/huuhoa/hospital_robot/install/nav2_map_server:/home/huuhoa/hospital_robot/install/nav2_lifecycle_manager:/home/huuhoa/hospital_robot/install/nav2_util:/home/huuhoa/hospital_robot/install/nav2_voxel_grid:/home/huuhoa/hospital_robot/install/nav2_msgs:/home/huuhoa/hospital_robot/install/nav2_common:/home/huuhoa/hospital_robot/install/map_msgs:/opt/ros/humble LD_LIBRARY_PATH=/home/huuhoa/hospital_robot/install/nav2_costmap_2d/lib:/home/huuhoa/hospital_robot/install/nav2_map_server/lib:/home/huuhoa/hospital_robot/install/nav2_lifecycle_manager/lib:/home/huuhoa/hospital_robot/install/nav2_util/lib:/home/huuhoa/hospital_robot/install/nav2_voxel_grid/lib:/home/huuhoa/hospital_robot/install/nav2_msgs/lib:/home/huuhoa/hospital_robot/install/map_msgs/lib:${LD_LIBRARY_PATH} PYTHONPATH=/home/huuhoa/hospital_robot/install/nav2_msgs/local/lib/python3.10/dist-packages:/home/huuhoa/hospital_robot/install/nav2_common/local/lib/python3.10/dist-packages:/home/huuhoa/hospital_robot/install/map_msgs/local/lib/python3.10/dist-packages:${PYTHONPATH} /usr/bin/cmake --build /home/huuhoa/hospital_robot/build/nav2_collision_monitor -- -j2 -l2
[0.527s] Invoking command in '/home/huuhoa/hospital_robot/build/nav2_collision_monitor': AMENT_PREFIX_PATH=/home/huuhoa/hospital_robot/install/nav2_costmap_2d:/home/huuhoa/hospital_robot/install/nav2_map_server:/home/huuhoa/hospital_robot/install/nav2_lifecycle_manager:/home/huuhoa/hospital_robot/install/nav2_util:/home/huuhoa/hospital_robot/install/nav2_voxel_grid:/home/huuhoa/hospital_robot/install/nav2_msgs:/home/huuhoa/hospital_robot/install/nav2_common:/home/huuhoa/hospital_robot/install/map_msgs:${AMENT_PREFIX_PATH} CMAKE_PREFIX_PATH=/home/huuhoa/hospital_robot/install/nav2_costmap_2d:/home/huuhoa/hospital_robot/install/nav2_map_server:/home/huuhoa/hospital_robot/install/nav2_lifecycle_manager:/home/huuhoa/hospital_robot/install/nav2_util:/home/huuhoa/hospital_robot/install/nav2_voxel_grid:/home/huuhoa/hospital_robot/install/nav2_msgs:/home/huuhoa/hospital_robot/install/nav2_common:/home/huuhoa/hospital_robot/install/map_msgs:/opt/ros/humble LD_LIBRARY_PATH=/home/huuhoa/hospital_robot/install/nav2_costmap_2d/lib:/home/huuhoa/hospital_robot/install/nav2_map_server/lib:/home/huuhoa/hospital_robot/install/nav2_lifecycle_manager/lib:/home/huuhoa/hospital_robot/install/nav2_util/lib:/home/huuhoa/hospital_robot/install/nav2_voxel_grid/lib:/home/huuhoa/hospital_robot/install/nav2_msgs/lib:/home/huuhoa/hospital_robot/install/map_msgs/lib:${LD_LIBRARY_PATH} PYTHONPATH=/home/huuhoa/hospital_robot/install/nav2_msgs/local/lib/python3.10/dist-packages:/home/huuhoa/hospital_robot/install/nav2_common/local/lib/python3.10/dist-packages:/home/huuhoa/hospital_robot/install/map_msgs/local/lib/python3.10/dist-packages:${PYTHONPATH} /usr/bin/cmake --install /home/huuhoa/hospital_robot/build/nav2_collision_monitor
[0.551s] -- Install configuration: "Release"
[0.557s] -- Execute custom install script
[0.561s] -- Up-to-date symlink: /home/huuhoa/hospital_robot/install/nav2_collision_monitor/lib/libcollision_monitor_core.so
[0.563s] -- Up-to-date symlink: /home/huuhoa/hospital_robot/install/nav2_collision_monitor/lib/nav2_collision_monitor/collision_monitor
[0.565s] -- Up-to-date symlink: /home/huuhoa/hospital_robot/install/nav2_collision_monitor/include//nav2_collision_monitor/circle.hpp
[0.566s] -- Up-to-date symlink: /home/huuhoa/hospital_robot/install/nav2_collision_monitor/include//nav2_collision_monitor/collision_monitor_node.hpp
[0.567s] -- Up-to-date symlink: /home/huuhoa/hospital_robot/install/nav2_collision_monitor/include//nav2_collision_monitor/kinematics.hpp
[0.567s] -- Up-to-date symlink: /home/huuhoa/hospital_robot/install/nav2_collision_monitor/include//nav2_collision_monitor/pointcloud.hpp
[0.568s] -- Up-to-date symlink: /home/huuhoa/hospital_robot/install/nav2_collision_monitor/include//nav2_collision_monitor/polygon.hpp
[0.570s] -- Up-to-date symlink: /home/huuhoa/hospital_robot/install/nav2_collision_monitor/include//nav2_collision_monitor/range.hpp
[0.570s] -- Up-to-date symlink: /home/huuhoa/hospital_robot/install/nav2_collision_monitor/include//nav2_collision_monitor/scan.hpp
[0.570s] -- Up-to-date symlink: /home/huuhoa/hospital_robot/install/nav2_collision_monitor/include//nav2_collision_monitor/source.hpp
[0.571s] -- Up-to-date symlink: /home/huuhoa/hospital_robot/install/nav2_collision_monitor/include//nav2_collision_monitor/types.hpp
[0.576s] -- Up-to-date symlink: /home/huuhoa/hospital_robot/install/nav2_collision_monitor/share/nav2_collision_monitor/launch/collision_monitor_node.launch.py
[0.580s] -- Up-to-date symlink: /home/huuhoa/hospital_robot/install/nav2_collision_monitor/share/nav2_collision_monitor/params/collision_monitor_params.yaml
[0.580s] -- Up-to-date symlink: /home/huuhoa/hospital_robot/install/nav2_collision_monitor/share/nav2_collision_monitor/environment/library_path.sh
[0.582s] -- Up-to-date symlink: /home/huuhoa/hospital_robot/install/nav2_collision_monitor/share/nav2_collision_monitor/environment/library_path.dsv
[0.584s] -- Up-to-date symlink: /home/huuhoa/hospital_robot/install/nav2_collision_monitor/share/ament_index/resource_index/package_run_dependencies/nav2_collision_monitor
[0.590s] -- Up-to-date symlink: /home/huuhoa/hospital_robot/install/nav2_collision_monitor/share/ament_index/resource_index/parent_prefix_path/nav2_collision_monitor
[0.592s] -- Up-to-date symlink: /home/huuhoa/hospital_robot/install/nav2_collision_monitor/share/nav2_collision_monitor/environment/ament_prefix_path.sh
[0.592s] -- Up-to-date symlink: /home/huuhoa/hospital_robot/install/nav2_collision_monitor/share/nav2_collision_monitor/environment/ament_prefix_path.dsv
[0.593s] -- Up-to-date symlink: /home/huuhoa/hospital_robot/install/nav2_collision_monitor/share/nav2_collision_monitor/environment/path.sh
[0.594s] -- Up-to-date symlink: /home/huuhoa/hospital_robot/install/nav2_collision_monitor/share/nav2_collision_monitor/environment/path.dsv
[0.595s] -- Up-to-date symlink: /home/huuhoa/hospital_robot/install/nav2_collision_monitor/share/nav2_collision_monitor/local_setup.bash
[0.596s] -- Up-to-date symlink: /home/huuhoa/hospital_robot/install/nav2_collision_monitor/share/nav2_collision_monitor/local_setup.sh
[0.596s] -- Up-to-date symlink: /home/huuhoa/hospital_robot/install/nav2_collision_monitor/share/nav2_collision_monitor/local_setup.zsh
[0.597s] -- Up-to-date symlink: /home/huuhoa/hospital_robot/install/nav2_collision_monitor/share/nav2_collision_monitor/local_setup.dsv
[0.598s] -- Symlinking: /home/huuhoa/hospital_robot/install/nav2_collision_monitor/share/nav2_collision_monitor/package.dsv
[0.631s] -- Up-to-date symlink: /home/huuhoa/hospital_robot/install/nav2_collision_monitor/share/ament_index/resource_index/packages/nav2_collision_monitor
[0.634s] -- Up-to-date symlink: /home/huuhoa/hospital_robot/install/nav2_collision_monitor/share/ament_index/resource_index/rclcpp_components/nav2_collision_monitor
[0.639s] -- Up-to-date symlink: /home/huuhoa/hospital_robot/install/nav2_collision_monitor/share/nav2_collision_monitor/cmake/ament_cmake_export_include_directories-extras.cmake
[0.640s] -- Up-to-date symlink: /home/huuhoa/hospital_robot/install/nav2_collision_monitor/share/nav2_collision_monitor/cmake/ament_cmake_export_libraries-extras.cmake
[0.640s] -- Up-to-date symlink: /home/huuhoa/hospital_robot/install/nav2_collision_monitor/share/nav2_collision_monitor/cmake/ament_cmake_export_dependencies-extras.cmake
[0.640s] -- Up-to-date symlink: /home/huuhoa/hospital_robot/install/nav2_collision_monitor/share/nav2_collision_monitor/cmake/nav2_collision_monitorConfig.cmake
[0.640s] -- Up-to-date symlink: /home/huuhoa/hospital_robot/install/nav2_collision_monitor/share/nav2_collision_monitor/cmake/nav2_collision_monitorConfig-version.cmake
[0.640s] -- Up-to-date symlink: /home/huuhoa/hospital_robot/install/nav2_collision_monitor/share/nav2_collision_monitor/package.xml
[0.645s] Invoked command in '/home/huuhoa/hospital_robot/build/nav2_collision_monitor' returned '0': AMENT_PREFIX_PATH=/home/huuhoa/hospital_robot/install/nav2_costmap_2d:/home/huuhoa/hospital_robot/install/nav2_map_server:/home/huuhoa/hospital_robot/install/nav2_lifecycle_manager:/home/huuhoa/hospital_robot/install/nav2_util:/home/huuhoa/hospital_robot/install/nav2_voxel_grid:/home/huuhoa/hospital_robot/install/nav2_msgs:/home/huuhoa/hospital_robot/install/nav2_common:/home/huuhoa/hospital_robot/install/map_msgs:${AMENT_PREFIX_PATH} CMAKE_PREFIX_PATH=/home/huuhoa/hospital_robot/install/nav2_costmap_2d:/home/huuhoa/hospital_robot/install/nav2_map_server:/home/huuhoa/hospital_robot/install/nav2_lifecycle_manager:/home/huuhoa/hospital_robot/install/nav2_util:/home/huuhoa/hospital_robot/install/nav2_voxel_grid:/home/huuhoa/hospital_robot/install/nav2_msgs:/home/huuhoa/hospital_robot/install/nav2_common:/home/huuhoa/hospital_robot/install/map_msgs:/opt/ros/humble LD_LIBRARY_PATH=/home/huuhoa/hospital_robot/install/nav2_costmap_2d/lib:/home/huuhoa/hospital_robot/install/nav2_map_server/lib:/home/huuhoa/hospital_robot/install/nav2_lifecycle_manager/lib:/home/huuhoa/hospital_robot/install/nav2_util/lib:/home/huuhoa/hospital_robot/install/nav2_voxel_grid/lib:/home/huuhoa/hospital_robot/install/nav2_msgs/lib:/home/huuhoa/hospital_robot/install/map_msgs/lib:${LD_LIBRARY_PATH} PYTHONPATH=/home/huuhoa/hospital_robot/install/nav2_msgs/local/lib/python3.10/dist-packages:/home/huuhoa/hospital_robot/install/nav2_common/local/lib/python3.10/dist-packages:/home/huuhoa/hospital_robot/install/map_msgs/local/lib/python3.10/dist-packages:${PYTHONPATH} /usr/bin/cmake --install /home/huuhoa/hospital_robot/build/nav2_collision_monitor
