[0.129s] Invoking command in '/home/huuhoa/hospital_robot/build/nav2_map_server': AMENT_PREFIX_PATH=/home/huuhoa/hospital_robot/install/nav2_util:/home/huuhoa/hospital_robot/install/nav2_msgs:/home/huuhoa/hospital_robot/install/nav2_common:${AMENT_PREFIX_PATH} CMAKE_PREFIX_PATH=/home/huuhoa/hospital_robot/install/nav2_util:/home/huuhoa/hospital_robot/install/nav2_msgs:/home/huuhoa/hospital_robot/install/nav2_common:/opt/ros/humble LD_LIBRARY_PATH=/home/huuhoa/hospital_robot/install/nav2_util/lib:/home/huuhoa/hospital_robot/install/nav2_msgs/lib:${LD_LIBRARY_PATH} PYTHONPATH=/home/huuhoa/hospital_robot/install/nav2_msgs/local/lib/python3.10/dist-packages:/home/huuhoa/hospital_robot/install/nav2_common/local/lib/python3.10/dist-packages:${PYTHONPATH} /usr/bin/cmake --build /home/huuhoa/hospital_robot/build/nav2_map_server -- -j2 -l2
[0.426s] [  5%] Built target gtest_main
[0.492s] [ 13%] Built target map_io
[0.578s] [ 19%] Built target gtest
[0.658s] [ 30%] Built target map_server_core
[0.724s] [ 38%] Built target test_map_saver_publisher
[0.779s] [ 47%] Built target test_map_saver_cli
[0.872s] [ 52%] Built target map_server
[0.918s] [ 58%] Built target map_saver_cli
[1.009s] [ 63%] Built target map_saver_server
[1.075s] [ 69%] Built target costmap_filter_info_server
[1.137s] [ 77%] Built target test_map_io
[1.203s] [ 83%] Built target test_costmap_filter_info_server
[1.292s] [ 91%] Built target test_map_server_node
[1.353s] [100%] Built target test_map_saver_node
[1.375s] Invoked command in '/home/huuhoa/hospital_robot/build/nav2_map_server' returned '0': AMENT_PREFIX_PATH=/home/huuhoa/hospital_robot/install/nav2_util:/home/huuhoa/hospital_robot/install/nav2_msgs:/home/huuhoa/hospital_robot/install/nav2_common:${AMENT_PREFIX_PATH} CMAKE_PREFIX_PATH=/home/huuhoa/hospital_robot/install/nav2_util:/home/huuhoa/hospital_robot/install/nav2_msgs:/home/huuhoa/hospital_robot/install/nav2_common:/opt/ros/humble LD_LIBRARY_PATH=/home/huuhoa/hospital_robot/install/nav2_util/lib:/home/huuhoa/hospital_robot/install/nav2_msgs/lib:${LD_LIBRARY_PATH} PYTHONPATH=/home/huuhoa/hospital_robot/install/nav2_msgs/local/lib/python3.10/dist-packages:/home/huuhoa/hospital_robot/install/nav2_common/local/lib/python3.10/dist-packages:${PYTHONPATH} /usr/bin/cmake --build /home/huuhoa/hospital_robot/build/nav2_map_server -- -j2 -l2
[1.395s] Invoking command in '/home/huuhoa/hospital_robot/build/nav2_map_server': AMENT_PREFIX_PATH=/home/huuhoa/hospital_robot/install/nav2_util:/home/huuhoa/hospital_robot/install/nav2_msgs:/home/huuhoa/hospital_robot/install/nav2_common:${AMENT_PREFIX_PATH} CMAKE_PREFIX_PATH=/home/huuhoa/hospital_robot/install/nav2_util:/home/huuhoa/hospital_robot/install/nav2_msgs:/home/huuhoa/hospital_robot/install/nav2_common:/opt/ros/humble LD_LIBRARY_PATH=/home/huuhoa/hospital_robot/install/nav2_util/lib:/home/huuhoa/hospital_robot/install/nav2_msgs/lib:${LD_LIBRARY_PATH} PYTHONPATH=/home/huuhoa/hospital_robot/install/nav2_msgs/local/lib/python3.10/dist-packages:/home/huuhoa/hospital_robot/install/nav2_common/local/lib/python3.10/dist-packages:${PYTHONPATH} /usr/bin/cmake --install /home/huuhoa/hospital_robot/build/nav2_map_server
[1.433s] -- Install configuration: "Release"
[1.436s] -- Execute custom install script
[1.442s] -- Up-to-date symlink: /home/huuhoa/hospital_robot/install/nav2_map_server/lib/libmap_server_core.so
[1.444s] -- Up-to-date symlink: /home/huuhoa/hospital_robot/install/nav2_map_server/lib/libmap_io.so
[1.448s] -- Up-to-date symlink: /home/huuhoa/hospital_robot/install/nav2_map_server/lib/nav2_map_server/map_server
[1.450s] -- Up-to-date symlink: /home/huuhoa/hospital_robot/install/nav2_map_server/lib/nav2_map_server/map_saver_cli
[1.453s] -- Up-to-date symlink: /home/huuhoa/hospital_robot/install/nav2_map_server/lib/nav2_map_server/map_saver_server
[1.456s] -- Up-to-date symlink: /home/huuhoa/hospital_robot/install/nav2_map_server/lib/nav2_map_server/costmap_filter_info_server
[1.460s] -- Up-to-date symlink: /home/huuhoa/hospital_robot/install/nav2_map_server/include//nav2_map_server/costmap_filter_info_server.hpp
[1.461s] -- Up-to-date symlink: /home/huuhoa/hospital_robot/install/nav2_map_server/include//nav2_map_server/map_io.hpp
[1.462s] -- Up-to-date symlink: /home/huuhoa/hospital_robot/install/nav2_map_server/include//nav2_map_server/map_mode.hpp
[1.464s] -- Up-to-date symlink: /home/huuhoa/hospital_robot/install/nav2_map_server/include//nav2_map_server/map_saver.hpp
[1.465s] -- Up-to-date symlink: /home/huuhoa/hospital_robot/install/nav2_map_server/include//nav2_map_server/map_server.hpp
[1.475s] -- Up-to-date symlink: /home/huuhoa/hospital_robot/install/nav2_map_server/share/nav2_map_server/launch/map_saver_server.launch.py
[1.480s] -- Up-to-date symlink: /home/huuhoa/hospital_robot/install/nav2_map_server/share/nav2_map_server/environment/library_path.sh
[1.482s] -- Up-to-date symlink: /home/huuhoa/hospital_robot/install/nav2_map_server/share/nav2_map_server/environment/library_path.dsv
[1.497s] -- Up-to-date symlink: /home/huuhoa/hospital_robot/install/nav2_map_server/share/ament_index/resource_index/package_run_dependencies/nav2_map_server
[1.498s] -- Up-to-date symlink: /home/huuhoa/hospital_robot/install/nav2_map_server/share/ament_index/resource_index/parent_prefix_path/nav2_map_server
[1.498s] -- Up-to-date symlink: /home/huuhoa/hospital_robot/install/nav2_map_server/share/nav2_map_server/environment/ament_prefix_path.sh
[1.498s] -- Up-to-date symlink: /home/huuhoa/hospital_robot/install/nav2_map_server/share/nav2_map_server/environment/ament_prefix_path.dsv
[1.498s] -- Up-to-date symlink: /home/huuhoa/hospital_robot/install/nav2_map_server/share/nav2_map_server/environment/path.sh
[1.506s] -- Up-to-date symlink: /home/huuhoa/hospital_robot/install/nav2_map_server/share/nav2_map_server/environment/path.dsv
[1.507s] -- Up-to-date symlink: /home/huuhoa/hospital_robot/install/nav2_map_server/share/nav2_map_server/local_setup.bash
[1.508s] -- Up-to-date symlink: /home/huuhoa/hospital_robot/install/nav2_map_server/share/nav2_map_server/local_setup.sh
[1.510s] -- Up-to-date symlink: /home/huuhoa/hospital_robot/install/nav2_map_server/share/nav2_map_server/local_setup.zsh
[1.512s] -- Up-to-date symlink: /home/huuhoa/hospital_robot/install/nav2_map_server/share/nav2_map_server/local_setup.dsv
[1.512s] -- Symlinking: /home/huuhoa/hospital_robot/install/nav2_map_server/share/nav2_map_server/package.dsv
[1.540s] -- Up-to-date symlink: /home/huuhoa/hospital_robot/install/nav2_map_server/share/ament_index/resource_index/packages/nav2_map_server
[1.543s] -- Up-to-date symlink: /home/huuhoa/hospital_robot/install/nav2_map_server/share/ament_index/resource_index/rclcpp_components/nav2_map_server
[1.545s] -- Up-to-date symlink: /home/huuhoa/hospital_robot/install/nav2_map_server/share/nav2_map_server/cmake/ament_cmake_export_include_directories-extras.cmake
[1.549s] -- Up-to-date symlink: /home/huuhoa/hospital_robot/install/nav2_map_server/share/nav2_map_server/cmake/ament_cmake_export_libraries-extras.cmake
[1.551s] -- Up-to-date symlink: /home/huuhoa/hospital_robot/install/nav2_map_server/share/nav2_map_server/cmake/ament_cmake_export_dependencies-extras.cmake
[1.551s] -- Up-to-date symlink: /home/huuhoa/hospital_robot/install/nav2_map_server/share/nav2_map_server/cmake/nav2_map_serverConfig.cmake
[1.553s] -- Up-to-date symlink: /home/huuhoa/hospital_robot/install/nav2_map_server/share/nav2_map_server/cmake/nav2_map_serverConfig-version.cmake
[1.557s] -- Up-to-date symlink: /home/huuhoa/hospital_robot/install/nav2_map_server/share/nav2_map_server/package.xml
[1.572s] Invoked command in '/home/huuhoa/hospital_robot/build/nav2_map_server' returned '0': AMENT_PREFIX_PATH=/home/huuhoa/hospital_robot/install/nav2_util:/home/huuhoa/hospital_robot/install/nav2_msgs:/home/huuhoa/hospital_robot/install/nav2_common:${AMENT_PREFIX_PATH} CMAKE_PREFIX_PATH=/home/huuhoa/hospital_robot/install/nav2_util:/home/huuhoa/hospital_robot/install/nav2_msgs:/home/huuhoa/hospital_robot/install/nav2_common:/opt/ros/humble LD_LIBRARY_PATH=/home/huuhoa/hospital_robot/install/nav2_util/lib:/home/huuhoa/hospital_robot/install/nav2_msgs/lib:${LD_LIBRARY_PATH} PYTHONPATH=/home/huuhoa/hospital_robot/install/nav2_msgs/local/lib/python3.10/dist-packages:/home/huuhoa/hospital_robot/install/nav2_common/local/lib/python3.10/dist-packages:${PYTHONPATH} /usr/bin/cmake --install /home/huuhoa/hospital_robot/build/nav2_map_server
