[0.031s] Invoking command in '/home/huuhoa/hospital_robot/build/dwb_msgs': CMAKE_PREFIX_PATH=/home/huuhoa/hospital_robot/install/nav_2d_msgs:/home/huuhoa/hospital_robot/install/nav_2d_utils:/home/huuhoa/hospital_robot/install/dwb_msgs:/home/huuhoa/hospital_robot/install/nav2_voxel_grid:/home/huuhoa/hospital_robot/install/nav2_map_server:/home/huuhoa/hospital_robot/install/nav2_lifecycle_manager:/home/huuhoa/hospital_robot/install/nav2_util:/home/huuhoa/hospital_robot/install/nav2_msgs:/home/huuhoa/hospital_robot/install/nav2_common:/home/huuhoa/hospital_robot/install/map_msgs:/home/huuhoa/hospital_robot/install/hospital_package:/home/huuhoa/hospital_robot/install/nav2_simple_commander:/opt/ros/humble LD_LIBRARY_PATH=/home/huuhoa/hospital_robot/install/nav_2d_msgs/lib:/home/huuhoa/hospital_robot/install/nav_2d_utils/lib:/home/huuhoa/hospital_robot/install/dwb_msgs/lib:/home/huuhoa/hospital_robot/install/nav2_voxel_grid/lib:/home/huuhoa/hospital_robot/install/nav2_map_server/lib:/home/huuhoa/hospital_robot/install/nav2_lifecycle_manager/lib:/home/huuhoa/hospital_robot/install/nav2_util/lib:/home/huuhoa/hospital_robot/install/nav2_msgs/lib:/home/huuhoa/hospital_robot/install/map_msgs/lib:/opt/ros/humble/lib/x86_64-linux-gnu:/opt/ros/humble/lib /usr/bin/cmake --build /home/huuhoa/hospital_robot/build/dwb_msgs -- -j2 -l2
[0.127s] [  1%] Built target dwb_msgs__cpp
[0.146s] [ 12%] Built target dwb_msgs__rosidl_generator_c
[0.198s] [ 12%] Built target ament_cmake_python_symlink_dwb_msgs
[0.215s] [ 24%] Built target dwb_msgs__rosidl_typesupport_cpp
[0.282s] [ 35%] Built target dwb_msgs__rosidl_typesupport_fastrtps_cpp
[0.292s] [ 47%] Built target dwb_msgs__rosidl_typesupport_fastrtps_c
[0.352s] [ 58%] Built target dwb_msgs__rosidl_typesupport_introspection_c
[0.354s] [ 70%] Built target dwb_msgs__rosidl_typesupport_c
[0.416s] [ 82%] Built target dwb_msgs__rosidl_typesupport_introspection_cpp
[0.479s] [ 82%] Built target dwb_msgs
[0.567s] [ 83%] Built target dwb_msgs__py
[0.595s] [ 93%] Built target dwb_msgs__rosidl_generator_py
[0.616s] running egg_info
[0.616s] writing dwb_msgs.egg-info/PKG-INFO
[0.616s] writing dependency_links to dwb_msgs.egg-info/dependency_links.txt
[0.620s] writing top-level names to dwb_msgs.egg-info/top_level.txt
[0.621s] reading manifest file 'dwb_msgs.egg-info/SOURCES.txt'
[0.621s] writing manifest file 'dwb_msgs.egg-info/SOURCES.txt'
[0.663s] [ 93%] Built target ament_cmake_python_build_dwb_msgs_egg
[0.667s] [ 95%] Built target dwb_msgs__rosidl_typesupport_fastrtps_c__pyext
[0.702s] [ 97%] Built target dwb_msgs__rosidl_typesupport_introspection_c__pyext
[0.725s] [100%] Built target dwb_msgs__rosidl_typesupport_c__pyext
[0.742s] Invoked command in '/home/huuhoa/hospital_robot/build/dwb_msgs' returned '0': CMAKE_PREFIX_PATH=/home/huuhoa/hospital_robot/install/nav_2d_msgs:/home/huuhoa/hospital_robot/install/nav_2d_utils:/home/huuhoa/hospital_robot/install/dwb_msgs:/home/huuhoa/hospital_robot/install/nav2_voxel_grid:/home/huuhoa/hospital_robot/install/nav2_map_server:/home/huuhoa/hospital_robot/install/nav2_lifecycle_manager:/home/huuhoa/hospital_robot/install/nav2_util:/home/huuhoa/hospital_robot/install/nav2_msgs:/home/huuhoa/hospital_robot/install/nav2_common:/home/huuhoa/hospital_robot/install/map_msgs:/home/huuhoa/hospital_robot/install/hospital_package:/home/huuhoa/hospital_robot/install/nav2_simple_commander:/opt/ros/humble LD_LIBRARY_PATH=/home/huuhoa/hospital_robot/install/nav_2d_msgs/lib:/home/huuhoa/hospital_robot/install/nav_2d_utils/lib:/home/huuhoa/hospital_robot/install/dwb_msgs/lib:/home/huuhoa/hospital_robot/install/nav2_voxel_grid/lib:/home/huuhoa/hospital_robot/install/nav2_map_server/lib:/home/huuhoa/hospital_robot/install/nav2_lifecycle_manager/lib:/home/huuhoa/hospital_robot/install/nav2_util/lib:/home/huuhoa/hospital_robot/install/nav2_msgs/lib:/home/huuhoa/hospital_robot/install/map_msgs/lib:/opt/ros/humble/lib/x86_64-linux-gnu:/opt/ros/humble/lib /usr/bin/cmake --build /home/huuhoa/hospital_robot/build/dwb_msgs -- -j2 -l2
[0.748s] Invoking command in '/home/huuhoa/hospital_robot/build/dwb_msgs': CMAKE_PREFIX_PATH=/home/huuhoa/hospital_robot/install/nav_2d_msgs:/home/huuhoa/hospital_robot/install/nav_2d_utils:/home/huuhoa/hospital_robot/install/dwb_msgs:/home/huuhoa/hospital_robot/install/nav2_voxel_grid:/home/huuhoa/hospital_robot/install/nav2_map_server:/home/huuhoa/hospital_robot/install/nav2_lifecycle_manager:/home/huuhoa/hospital_robot/install/nav2_util:/home/huuhoa/hospital_robot/install/nav2_msgs:/home/huuhoa/hospital_robot/install/nav2_common:/home/huuhoa/hospital_robot/install/map_msgs:/home/huuhoa/hospital_robot/install/hospital_package:/home/huuhoa/hospital_robot/install/nav2_simple_commander:/opt/ros/humble LD_LIBRARY_PATH=/home/huuhoa/hospital_robot/install/nav_2d_msgs/lib:/home/huuhoa/hospital_robot/install/nav_2d_utils/lib:/home/huuhoa/hospital_robot/install/dwb_msgs/lib:/home/huuhoa/hospital_robot/install/nav2_voxel_grid/lib:/home/huuhoa/hospital_robot/install/nav2_map_server/lib:/home/huuhoa/hospital_robot/install/nav2_lifecycle_manager/lib:/home/huuhoa/hospital_robot/install/nav2_util/lib:/home/huuhoa/hospital_robot/install/nav2_msgs/lib:/home/huuhoa/hospital_robot/install/map_msgs/lib:/opt/ros/humble/lib/x86_64-linux-gnu:/opt/ros/humble/lib /usr/bin/cmake --install /home/huuhoa/hospital_robot/build/dwb_msgs
[0.763s] -- Install configuration: ""
[0.764s] -- Execute custom install script
[0.764s] -- Up-to-date symlink: /home/huuhoa/hospital_robot/install/dwb_msgs/share/ament_index/resource_index/rosidl_interfaces/dwb_msgs
[0.768s] -- Up-to-date symlink: /home/huuhoa/hospital_robot/install/dwb_msgs/include/dwb_msgs/dwb_msgs/msg/critic_score.h
[0.770s] -- Up-to-date symlink: /home/huuhoa/hospital_robot/install/dwb_msgs/include/dwb_msgs/dwb_msgs/msg/detail/critic_score__functions.h
[0.770s] -- Up-to-date symlink: /home/huuhoa/hospital_robot/install/dwb_msgs/include/dwb_msgs/dwb_msgs/msg/detail/critic_score__struct.h
[0.770s] -- Up-to-date symlink: /home/huuhoa/hospital_robot/install/dwb_msgs/include/dwb_msgs/dwb_msgs/msg/detail/critic_score__type_support.h
[0.770s] -- Up-to-date symlink: /home/huuhoa/hospital_robot/install/dwb_msgs/include/dwb_msgs/dwb_msgs/msg/detail/local_plan_evaluation__functions.h
[0.770s] -- Up-to-date symlink: /home/huuhoa/hospital_robot/install/dwb_msgs/include/dwb_msgs/dwb_msgs/msg/detail/local_plan_evaluation__struct.h
[0.770s] -- Up-to-date symlink: /home/huuhoa/hospital_robot/install/dwb_msgs/include/dwb_msgs/dwb_msgs/msg/detail/local_plan_evaluation__type_support.h
[0.770s] -- Up-to-date symlink: /home/huuhoa/hospital_robot/install/dwb_msgs/include/dwb_msgs/dwb_msgs/msg/detail/trajectory2_d__functions.h
[0.771s] -- Up-to-date symlink: /home/huuhoa/hospital_robot/install/dwb_msgs/include/dwb_msgs/dwb_msgs/msg/detail/trajectory2_d__struct.h
[0.772s] -- Up-to-date symlink: /home/huuhoa/hospital_robot/install/dwb_msgs/include/dwb_msgs/dwb_msgs/msg/detail/trajectory2_d__type_support.h
[0.772s] -- Up-to-date symlink: /home/huuhoa/hospital_robot/install/dwb_msgs/include/dwb_msgs/dwb_msgs/msg/detail/trajectory_score__functions.h
[0.772s] -- Up-to-date symlink: /home/huuhoa/hospital_robot/install/dwb_msgs/include/dwb_msgs/dwb_msgs/msg/detail/trajectory_score__struct.h
[0.772s] -- Up-to-date symlink: /home/huuhoa/hospital_robot/install/dwb_msgs/include/dwb_msgs/dwb_msgs/msg/detail/trajectory_score__type_support.h
[0.772s] -- Up-to-date symlink: /home/huuhoa/hospital_robot/install/dwb_msgs/include/dwb_msgs/dwb_msgs/msg/local_plan_evaluation.h
[0.772s] -- Up-to-date symlink: /home/huuhoa/hospital_robot/install/dwb_msgs/include/dwb_msgs/dwb_msgs/msg/rosidl_generator_c__visibility_control.h
[0.772s] -- Up-to-date symlink: /home/huuhoa/hospital_robot/install/dwb_msgs/include/dwb_msgs/dwb_msgs/msg/trajectory2_d.h
[0.772s] -- Up-to-date symlink: /home/huuhoa/hospital_robot/install/dwb_msgs/include/dwb_msgs/dwb_msgs/msg/trajectory_score.h
[0.773s] -- Up-to-date symlink: /home/huuhoa/hospital_robot/install/dwb_msgs/include/dwb_msgs/dwb_msgs/srv/debug_local_plan.h
[0.775s] -- Up-to-date symlink: /home/huuhoa/hospital_robot/install/dwb_msgs/include/dwb_msgs/dwb_msgs/srv/detail/debug_local_plan__functions.h
[0.775s] -- Up-to-date symlink: /home/huuhoa/hospital_robot/install/dwb_msgs/include/dwb_msgs/dwb_msgs/srv/detail/debug_local_plan__struct.h
[0.775s] -- Up-to-date symlink: /home/huuhoa/hospital_robot/install/dwb_msgs/include/dwb_msgs/dwb_msgs/srv/detail/debug_local_plan__type_support.h
[0.775s] -- Up-to-date symlink: /home/huuhoa/hospital_robot/install/dwb_msgs/include/dwb_msgs/dwb_msgs/srv/detail/generate_trajectory__functions.h
[0.777s] -- Up-to-date symlink: /home/huuhoa/hospital_robot/install/dwb_msgs/include/dwb_msgs/dwb_msgs/srv/detail/generate_trajectory__struct.h
[0.777s] -- Up-to-date symlink: /home/huuhoa/hospital_robot/install/dwb_msgs/include/dwb_msgs/dwb_msgs/srv/detail/generate_trajectory__type_support.h
[0.778s] -- Up-to-date symlink: /home/huuhoa/hospital_robot/install/dwb_msgs/include/dwb_msgs/dwb_msgs/srv/detail/generate_twists__functions.h
[0.778s] -- Up-to-date symlink: /home/huuhoa/hospital_robot/install/dwb_msgs/include/dwb_msgs/dwb_msgs/srv/detail/generate_twists__struct.h
[0.778s] -- Up-to-date symlink: /home/huuhoa/hospital_robot/install/dwb_msgs/include/dwb_msgs/dwb_msgs/srv/detail/generate_twists__type_support.h
[0.779s] -- Up-to-date symlink: /home/huuhoa/hospital_robot/install/dwb_msgs/include/dwb_msgs/dwb_msgs/srv/detail/get_critic_score__functions.h
[0.780s] -- Up-to-date symlink: /home/huuhoa/hospital_robot/install/dwb_msgs/include/dwb_msgs/dwb_msgs/srv/detail/get_critic_score__struct.h
[0.780s] -- Up-to-date symlink: /home/huuhoa/hospital_robot/install/dwb_msgs/include/dwb_msgs/dwb_msgs/srv/detail/get_critic_score__type_support.h
[0.780s] -- Up-to-date symlink: /home/huuhoa/hospital_robot/install/dwb_msgs/include/dwb_msgs/dwb_msgs/srv/detail/score_trajectory__functions.h
[0.780s] -- Up-to-date symlink: /home/huuhoa/hospital_robot/install/dwb_msgs/include/dwb_msgs/dwb_msgs/srv/detail/score_trajectory__struct.h
[0.780s] -- Up-to-date symlink: /home/huuhoa/hospital_robot/install/dwb_msgs/include/dwb_msgs/dwb_msgs/srv/detail/score_trajectory__type_support.h
[0.782s] -- Up-to-date symlink: /home/huuhoa/hospital_robot/install/dwb_msgs/include/dwb_msgs/dwb_msgs/srv/generate_trajectory.h
[0.782s] -- Up-to-date symlink: /home/huuhoa/hospital_robot/install/dwb_msgs/include/dwb_msgs/dwb_msgs/srv/generate_twists.h
[0.782s] -- Up-to-date symlink: /home/huuhoa/hospital_robot/install/dwb_msgs/include/dwb_msgs/dwb_msgs/srv/get_critic_score.h
[0.782s] -- Up-to-date symlink: /home/huuhoa/hospital_robot/install/dwb_msgs/include/dwb_msgs/dwb_msgs/srv/score_trajectory.h
[0.783s] -- Up-to-date symlink: /home/huuhoa/hospital_robot/install/dwb_msgs/share/dwb_msgs/environment/library_path.sh
[0.786s] -- Up-to-date symlink: /home/huuhoa/hospital_robot/install/dwb_msgs/share/dwb_msgs/environment/library_path.dsv
[0.786s] -- Up-to-date symlink: /home/huuhoa/hospital_robot/install/dwb_msgs/include/dwb_msgs/dwb_msgs/msg/detail/critic_score__rosidl_typesupport_fastrtps_c.h
[0.786s] -- Up-to-date symlink: /home/huuhoa/hospital_robot/install/dwb_msgs/include/dwb_msgs/dwb_msgs/msg/detail/local_plan_evaluation__rosidl_typesupport_fastrtps_c.h
[0.786s] -- Up-to-date symlink: /home/huuhoa/hospital_robot/install/dwb_msgs/include/dwb_msgs/dwb_msgs/msg/detail/trajectory2_d__rosidl_typesupport_fastrtps_c.h
[0.786s] -- Up-to-date symlink: /home/huuhoa/hospital_robot/install/dwb_msgs/include/dwb_msgs/dwb_msgs/msg/detail/trajectory_score__rosidl_typesupport_fastrtps_c.h
[0.786s] -- Up-to-date symlink: /home/huuhoa/hospital_robot/install/dwb_msgs/include/dwb_msgs/dwb_msgs/msg/rosidl_typesupport_fastrtps_c__visibility_control.h
[0.786s] -- Up-to-date symlink: /home/huuhoa/hospital_robot/install/dwb_msgs/include/dwb_msgs/dwb_msgs/srv/detail/debug_local_plan__rosidl_typesupport_fastrtps_c.h
[0.786s] -- Up-to-date symlink: /home/huuhoa/hospital_robot/install/dwb_msgs/include/dwb_msgs/dwb_msgs/srv/detail/generate_trajectory__rosidl_typesupport_fastrtps_c.h
[0.787s] -- Up-to-date symlink: /home/huuhoa/hospital_robot/install/dwb_msgs/include/dwb_msgs/dwb_msgs/srv/detail/generate_twists__rosidl_typesupport_fastrtps_c.h
[0.803s] -- Up-to-date symlink: /home/huuhoa/hospital_robot/install/dwb_msgs/include/dwb_msgs/dwb_msgs/srv/detail/get_critic_score__rosidl_typesupport_fastrtps_c.h
[0.803s] -- Up-to-date symlink: /home/huuhoa/hospital_robot/install/dwb_msgs/include/dwb_msgs/dwb_msgs/srv/detail/score_trajectory__rosidl_typesupport_fastrtps_c.h
[0.804s] -- Up-to-date symlink: /home/huuhoa/hospital_robot/install/dwb_msgs/include/dwb_msgs/dwb_msgs/msg/critic_score.hpp
[0.804s] -- Up-to-date symlink: /home/huuhoa/hospital_robot/install/dwb_msgs/include/dwb_msgs/dwb_msgs/msg/detail/critic_score__builder.hpp
[0.804s] -- Up-to-date symlink: /home/huuhoa/hospital_robot/install/dwb_msgs/include/dwb_msgs/dwb_msgs/msg/detail/critic_score__struct.hpp
[0.805s] -- Up-to-date symlink: /home/huuhoa/hospital_robot/install/dwb_msgs/include/dwb_msgs/dwb_msgs/msg/detail/critic_score__traits.hpp
[0.805s] -- Up-to-date symlink: /home/huuhoa/hospital_robot/install/dwb_msgs/include/dwb_msgs/dwb_msgs/msg/detail/critic_score__type_support.hpp
[0.806s] -- Up-to-date symlink: /home/huuhoa/hospital_robot/install/dwb_msgs/include/dwb_msgs/dwb_msgs/msg/detail/local_plan_evaluation__builder.hpp
[0.806s] -- Up-to-date symlink: /home/huuhoa/hospital_robot/install/dwb_msgs/include/dwb_msgs/dwb_msgs/msg/detail/local_plan_evaluation__struct.hpp
[0.806s] -- Up-to-date symlink: /home/huuhoa/hospital_robot/install/dwb_msgs/include/dwb_msgs/dwb_msgs/msg/detail/local_plan_evaluation__traits.hpp
[0.806s] -- Up-to-date symlink: /home/huuhoa/hospital_robot/install/dwb_msgs/include/dwb_msgs/dwb_msgs/msg/detail/local_plan_evaluation__type_support.hpp
[0.806s] -- Up-to-date symlink: /home/huuhoa/hospital_robot/install/dwb_msgs/include/dwb_msgs/dwb_msgs/msg/detail/trajectory2_d__builder.hpp
[0.807s] -- Up-to-date symlink: /home/huuhoa/hospital_robot/install/dwb_msgs/include/dwb_msgs/dwb_msgs/msg/detail/trajectory2_d__struct.hpp
[0.807s] -- Up-to-date symlink: /home/huuhoa/hospital_robot/install/dwb_msgs/include/dwb_msgs/dwb_msgs/msg/detail/trajectory2_d__traits.hpp
[0.807s] -- Up-to-date symlink: /home/huuhoa/hospital_robot/install/dwb_msgs/include/dwb_msgs/dwb_msgs/msg/detail/trajectory2_d__type_support.hpp
[0.807s] -- Up-to-date symlink: /home/huuhoa/hospital_robot/install/dwb_msgs/include/dwb_msgs/dwb_msgs/msg/detail/trajectory_score__builder.hpp
[0.808s] -- Up-to-date symlink: /home/huuhoa/hospital_robot/install/dwb_msgs/include/dwb_msgs/dwb_msgs/msg/detail/trajectory_score__struct.hpp
[0.808s] -- Up-to-date symlink: /home/huuhoa/hospital_robot/install/dwb_msgs/include/dwb_msgs/dwb_msgs/msg/detail/trajectory_score__traits.hpp
[0.808s] -- Up-to-date symlink: /home/huuhoa/hospital_robot/install/dwb_msgs/include/dwb_msgs/dwb_msgs/msg/detail/trajectory_score__type_support.hpp
[0.808s] -- Up-to-date symlink: /home/huuhoa/hospital_robot/install/dwb_msgs/include/dwb_msgs/dwb_msgs/msg/local_plan_evaluation.hpp
[0.808s] -- Up-to-date symlink: /home/huuhoa/hospital_robot/install/dwb_msgs/include/dwb_msgs/dwb_msgs/msg/rosidl_generator_cpp__visibility_control.hpp
[0.808s] -- Up-to-date symlink: /home/huuhoa/hospital_robot/install/dwb_msgs/include/dwb_msgs/dwb_msgs/msg/trajectory2_d.hpp
[0.809s] -- Up-to-date symlink: /home/huuhoa/hospital_robot/install/dwb_msgs/include/dwb_msgs/dwb_msgs/msg/trajectory_score.hpp
[0.809s] -- Up-to-date symlink: /home/huuhoa/hospital_robot/install/dwb_msgs/include/dwb_msgs/dwb_msgs/srv/debug_local_plan.hpp
[0.809s] -- Up-to-date symlink: /home/huuhoa/hospital_robot/install/dwb_msgs/include/dwb_msgs/dwb_msgs/srv/detail/debug_local_plan__builder.hpp
[0.809s] -- Up-to-date symlink: /home/huuhoa/hospital_robot/install/dwb_msgs/include/dwb_msgs/dwb_msgs/srv/detail/debug_local_plan__struct.hpp
[0.809s] -- Up-to-date symlink: /home/huuhoa/hospital_robot/install/dwb_msgs/include/dwb_msgs/dwb_msgs/srv/detail/debug_local_plan__traits.hpp
[0.809s] -- Up-to-date symlink: /home/huuhoa/hospital_robot/install/dwb_msgs/include/dwb_msgs/dwb_msgs/srv/detail/debug_local_plan__type_support.hpp
[0.809s] -- Up-to-date symlink: /home/huuhoa/hospital_robot/install/dwb_msgs/include/dwb_msgs/dwb_msgs/srv/detail/generate_trajectory__builder.hpp
[0.810s] -- Up-to-date symlink: /home/huuhoa/hospital_robot/install/dwb_msgs/include/dwb_msgs/dwb_msgs/srv/detail/generate_trajectory__struct.hpp
[0.810s] -- Up-to-date symlink: /home/huuhoa/hospital_robot/install/dwb_msgs/include/dwb_msgs/dwb_msgs/srv/detail/generate_trajectory__traits.hpp
[0.810s] -- Up-to-date symlink: /home/huuhoa/hospital_robot/install/dwb_msgs/include/dwb_msgs/dwb_msgs/srv/detail/generate_trajectory__type_support.hpp
[0.810s] -- Up-to-date symlink: /home/huuhoa/hospital_robot/install/dwb_msgs/include/dwb_msgs/dwb_msgs/srv/detail/generate_twists__builder.hpp
[0.810s] -- Up-to-date symlink: /home/huuhoa/hospital_robot/install/dwb_msgs/include/dwb_msgs/dwb_msgs/srv/detail/generate_twists__struct.hpp
[0.810s] -- Up-to-date symlink: /home/huuhoa/hospital_robot/install/dwb_msgs/include/dwb_msgs/dwb_msgs/srv/detail/generate_twists__traits.hpp
[0.810s] -- Up-to-date symlink: /home/huuhoa/hospital_robot/install/dwb_msgs/include/dwb_msgs/dwb_msgs/srv/detail/generate_twists__type_support.hpp
[0.810s] -- Up-to-date symlink: /home/huuhoa/hospital_robot/install/dwb_msgs/include/dwb_msgs/dwb_msgs/srv/detail/get_critic_score__builder.hpp
[0.810s] -- Up-to-date symlink: /home/huuhoa/hospital_robot/install/dwb_msgs/include/dwb_msgs/dwb_msgs/srv/detail/get_critic_score__struct.hpp
[0.810s] -- Up-to-date symlink: /home/huuhoa/hospital_robot/install/dwb_msgs/include/dwb_msgs/dwb_msgs/srv/detail/get_critic_score__traits.hpp
[0.810s] -- Up-to-date symlink: /home/huuhoa/hospital_robot/install/dwb_msgs/include/dwb_msgs/dwb_msgs/srv/detail/get_critic_score__type_support.hpp
[0.810s] -- Up-to-date symlink: /home/huuhoa/hospital_robot/install/dwb_msgs/include/dwb_msgs/dwb_msgs/srv/detail/score_trajectory__builder.hpp
[0.810s] -- Up-to-date symlink: /home/huuhoa/hospital_robot/install/dwb_msgs/include/dwb_msgs/dwb_msgs/srv/detail/score_trajectory__struct.hpp
[0.810s] -- Up-to-date symlink: /home/huuhoa/hospital_robot/install/dwb_msgs/include/dwb_msgs/dwb_msgs/srv/detail/score_trajectory__traits.hpp
[0.810s] -- Up-to-date symlink: /home/huuhoa/hospital_robot/install/dwb_msgs/include/dwb_msgs/dwb_msgs/srv/detail/score_trajectory__type_support.hpp
[0.810s] -- Up-to-date symlink: /home/huuhoa/hospital_robot/install/dwb_msgs/include/dwb_msgs/dwb_msgs/srv/generate_trajectory.hpp
[0.810s] -- Up-to-date symlink: /home/huuhoa/hospital_robot/install/dwb_msgs/include/dwb_msgs/dwb_msgs/srv/generate_twists.hpp
[0.811s] -- Up-to-date symlink: /home/huuhoa/hospital_robot/install/dwb_msgs/include/dwb_msgs/dwb_msgs/srv/get_critic_score.hpp
[0.811s] -- Up-to-date symlink: /home/huuhoa/hospital_robot/install/dwb_msgs/include/dwb_msgs/dwb_msgs/srv/score_trajectory.hpp
[0.811s] -- Up-to-date symlink: /home/huuhoa/hospital_robot/install/dwb_msgs/include/dwb_msgs/dwb_msgs/msg/detail/critic_score__rosidl_typesupport_fastrtps_cpp.hpp
[0.811s] -- Up-to-date symlink: /home/huuhoa/hospital_robot/install/dwb_msgs/include/dwb_msgs/dwb_msgs/msg/detail/local_plan_evaluation__rosidl_typesupport_fastrtps_cpp.hpp
[0.811s] -- Up-to-date symlink: /home/huuhoa/hospital_robot/install/dwb_msgs/include/dwb_msgs/dwb_msgs/msg/detail/trajectory2_d__rosidl_typesupport_fastrtps_cpp.hpp
[0.811s] -- Up-to-date symlink: /home/huuhoa/hospital_robot/install/dwb_msgs/include/dwb_msgs/dwb_msgs/msg/detail/trajectory_score__rosidl_typesupport_fastrtps_cpp.hpp
[0.811s] -- Up-to-date symlink: /home/huuhoa/hospital_robot/install/dwb_msgs/include/dwb_msgs/dwb_msgs/msg/rosidl_typesupport_fastrtps_cpp__visibility_control.h
[0.811s] -- Up-to-date symlink: /home/huuhoa/hospital_robot/install/dwb_msgs/include/dwb_msgs/dwb_msgs/srv/detail/debug_local_plan__rosidl_typesupport_fastrtps_cpp.hpp
[0.811s] -- Up-to-date symlink: /home/huuhoa/hospital_robot/install/dwb_msgs/include/dwb_msgs/dwb_msgs/srv/detail/generate_trajectory__rosidl_typesupport_fastrtps_cpp.hpp
[0.811s] -- Up-to-date symlink: /home/huuhoa/hospital_robot/install/dwb_msgs/include/dwb_msgs/dwb_msgs/srv/detail/generate_twists__rosidl_typesupport_fastrtps_cpp.hpp
[0.811s] -- Up-to-date symlink: /home/huuhoa/hospital_robot/install/dwb_msgs/include/dwb_msgs/dwb_msgs/srv/detail/get_critic_score__rosidl_typesupport_fastrtps_cpp.hpp
[0.811s] -- Up-to-date symlink: /home/huuhoa/hospital_robot/install/dwb_msgs/include/dwb_msgs/dwb_msgs/srv/detail/score_trajectory__rosidl_typesupport_fastrtps_cpp.hpp
[0.811s] -- Up-to-date symlink: /home/huuhoa/hospital_robot/install/dwb_msgs/include/dwb_msgs/dwb_msgs/msg/detail/critic_score__rosidl_typesupport_introspection_c.h
[0.811s] -- Up-to-date symlink: /home/huuhoa/hospital_robot/install/dwb_msgs/include/dwb_msgs/dwb_msgs/msg/detail/local_plan_evaluation__rosidl_typesupport_introspection_c.h
[0.811s] -- Up-to-date symlink: /home/huuhoa/hospital_robot/install/dwb_msgs/include/dwb_msgs/dwb_msgs/msg/detail/trajectory2_d__rosidl_typesupport_introspection_c.h
[0.812s] -- Up-to-date symlink: /home/huuhoa/hospital_robot/install/dwb_msgs/include/dwb_msgs/dwb_msgs/msg/detail/trajectory_score__rosidl_typesupport_introspection_c.h
[0.812s] -- Up-to-date symlink: /home/huuhoa/hospital_robot/install/dwb_msgs/include/dwb_msgs/dwb_msgs/msg/rosidl_typesupport_introspection_c__visibility_control.h
[0.812s] -- Up-to-date symlink: /home/huuhoa/hospital_robot/install/dwb_msgs/include/dwb_msgs/dwb_msgs/srv/detail/debug_local_plan__rosidl_typesupport_introspection_c.h
[0.812s] -- Up-to-date symlink: /home/huuhoa/hospital_robot/install/dwb_msgs/include/dwb_msgs/dwb_msgs/srv/detail/generate_trajectory__rosidl_typesupport_introspection_c.h
[0.812s] -- Up-to-date symlink: /home/huuhoa/hospital_robot/install/dwb_msgs/include/dwb_msgs/dwb_msgs/srv/detail/generate_twists__rosidl_typesupport_introspection_c.h
[0.812s] -- Up-to-date symlink: /home/huuhoa/hospital_robot/install/dwb_msgs/include/dwb_msgs/dwb_msgs/srv/detail/get_critic_score__rosidl_typesupport_introspection_c.h
[0.812s] -- Up-to-date symlink: /home/huuhoa/hospital_robot/install/dwb_msgs/include/dwb_msgs/dwb_msgs/srv/detail/score_trajectory__rosidl_typesupport_introspection_c.h
[0.812s] -- Up-to-date symlink: /home/huuhoa/hospital_robot/install/dwb_msgs/include/dwb_msgs/dwb_msgs/msg/detail/critic_score__rosidl_typesupport_introspection_cpp.hpp
[0.812s] -- Up-to-date symlink: /home/huuhoa/hospital_robot/install/dwb_msgs/include/dwb_msgs/dwb_msgs/msg/detail/local_plan_evaluation__rosidl_typesupport_introspection_cpp.hpp
[0.812s] -- Up-to-date symlink: /home/huuhoa/hospital_robot/install/dwb_msgs/include/dwb_msgs/dwb_msgs/msg/detail/trajectory2_d__rosidl_typesupport_introspection_cpp.hpp
[0.812s] -- Up-to-date symlink: /home/huuhoa/hospital_robot/install/dwb_msgs/include/dwb_msgs/dwb_msgs/msg/detail/trajectory_score__rosidl_typesupport_introspection_cpp.hpp
[0.812s] -- Up-to-date symlink: /home/huuhoa/hospital_robot/install/dwb_msgs/include/dwb_msgs/dwb_msgs/srv/detail/debug_local_plan__rosidl_typesupport_introspection_cpp.hpp
[0.812s] -- Up-to-date symlink: /home/huuhoa/hospital_robot/install/dwb_msgs/include/dwb_msgs/dwb_msgs/srv/detail/generate_trajectory__rosidl_typesupport_introspection_cpp.hpp
[0.812s] -- Up-to-date symlink: /home/huuhoa/hospital_robot/install/dwb_msgs/include/dwb_msgs/dwb_msgs/srv/detail/generate_twists__rosidl_typesupport_introspection_cpp.hpp
[0.812s] -- Up-to-date symlink: /home/huuhoa/hospital_robot/install/dwb_msgs/include/dwb_msgs/dwb_msgs/srv/detail/get_critic_score__rosidl_typesupport_introspection_cpp.hpp
[0.812s] -- Up-to-date symlink: /home/huuhoa/hospital_robot/install/dwb_msgs/include/dwb_msgs/dwb_msgs/srv/detail/score_trajectory__rosidl_typesupport_introspection_cpp.hpp
[0.812s] -- Up-to-date symlink: /home/huuhoa/hospital_robot/install/dwb_msgs/share/dwb_msgs/environment/pythonpath.sh
[0.812s] -- Up-to-date symlink: /home/huuhoa/hospital_robot/install/dwb_msgs/share/dwb_msgs/environment/pythonpath.dsv
[0.812s] -- Up-to-date symlink: /home/huuhoa/hospital_robot/install/dwb_msgs/local/lib/python3.10/dist-packages/dwb_msgs-1.1.18-py3.10.egg-info/PKG-INFO
[0.812s] -- Up-to-date symlink: /home/huuhoa/hospital_robot/install/dwb_msgs/local/lib/python3.10/dist-packages/dwb_msgs-1.1.18-py3.10.egg-info/SOURCES.txt
[0.813s] -- Up-to-date symlink: /home/huuhoa/hospital_robot/install/dwb_msgs/local/lib/python3.10/dist-packages/dwb_msgs-1.1.18-py3.10.egg-info/dependency_links.txt
[0.813s] -- Up-to-date symlink: /home/huuhoa/hospital_robot/install/dwb_msgs/local/lib/python3.10/dist-packages/dwb_msgs-1.1.18-py3.10.egg-info/top_level.txt
[0.813s] -- Up-to-date symlink: /home/huuhoa/hospital_robot/install/dwb_msgs/local/lib/python3.10/dist-packages/dwb_msgs/__init__.py
[0.813s] -- Up-to-date symlink: /home/huuhoa/hospital_robot/install/dwb_msgs/local/lib/python3.10/dist-packages/dwb_msgs/_dwb_msgs_s.ep.rosidl_typesupport_c.c
[0.813s] -- Up-to-date symlink: /home/huuhoa/hospital_robot/install/dwb_msgs/local/lib/python3.10/dist-packages/dwb_msgs/_dwb_msgs_s.ep.rosidl_typesupport_fastrtps_c.c
[0.813s] -- Up-to-date symlink: /home/huuhoa/hospital_robot/install/dwb_msgs/local/lib/python3.10/dist-packages/dwb_msgs/_dwb_msgs_s.ep.rosidl_typesupport_introspection_c.c
[0.813s] -- Up-to-date symlink: /home/huuhoa/hospital_robot/install/dwb_msgs/local/lib/python3.10/dist-packages/dwb_msgs/dwb_msgs_s__rosidl_typesupport_c.cpython-310-x86_64-linux-gnu.so
[0.813s] -- Up-to-date symlink: /home/huuhoa/hospital_robot/install/dwb_msgs/local/lib/python3.10/dist-packages/dwb_msgs/dwb_msgs_s__rosidl_typesupport_fastrtps_c.cpython-310-x86_64-linux-gnu.so
[0.813s] -- Up-to-date symlink: /home/huuhoa/hospital_robot/install/dwb_msgs/local/lib/python3.10/dist-packages/dwb_msgs/dwb_msgs_s__rosidl_typesupport_introspection_c.cpython-310-x86_64-linux-gnu.so
[0.813s] -- Up-to-date symlink: /home/huuhoa/hospital_robot/install/dwb_msgs/local/lib/python3.10/dist-packages/dwb_msgs/libdwb_msgs__rosidl_generator_py.so
[0.813s] -- Up-to-date symlink: /home/huuhoa/hospital_robot/install/dwb_msgs/local/lib/python3.10/dist-packages/dwb_msgs/msg/__init__.py
[0.813s] -- Up-to-date symlink: /home/huuhoa/hospital_robot/install/dwb_msgs/local/lib/python3.10/dist-packages/dwb_msgs/msg/_critic_score.py
[0.813s] -- Up-to-date symlink: /home/huuhoa/hospital_robot/install/dwb_msgs/local/lib/python3.10/dist-packages/dwb_msgs/msg/_critic_score_s.c
[0.813s] -- Up-to-date symlink: /home/huuhoa/hospital_robot/install/dwb_msgs/local/lib/python3.10/dist-packages/dwb_msgs/msg/_local_plan_evaluation.py
[0.813s] -- Up-to-date symlink: /home/huuhoa/hospital_robot/install/dwb_msgs/local/lib/python3.10/dist-packages/dwb_msgs/msg/_local_plan_evaluation_s.c
[0.813s] -- Up-to-date symlink: /home/huuhoa/hospital_robot/install/dwb_msgs/local/lib/python3.10/dist-packages/dwb_msgs/msg/_trajectory2_d.py
[0.813s] -- Up-to-date symlink: /home/huuhoa/hospital_robot/install/dwb_msgs/local/lib/python3.10/dist-packages/dwb_msgs/msg/_trajectory2_d_s.c
[0.813s] -- Up-to-date symlink: /home/huuhoa/hospital_robot/install/dwb_msgs/local/lib/python3.10/dist-packages/dwb_msgs/msg/_trajectory_score.py
[0.813s] -- Up-to-date symlink: /home/huuhoa/hospital_robot/install/dwb_msgs/local/lib/python3.10/dist-packages/dwb_msgs/msg/_trajectory_score_s.c
[0.813s] -- Up-to-date symlink: /home/huuhoa/hospital_robot/install/dwb_msgs/local/lib/python3.10/dist-packages/dwb_msgs/srv/__init__.py
[0.813s] -- Up-to-date symlink: /home/huuhoa/hospital_robot/install/dwb_msgs/local/lib/python3.10/dist-packages/dwb_msgs/srv/_debug_local_plan.py
[0.813s] -- Up-to-date symlink: /home/huuhoa/hospital_robot/install/dwb_msgs/local/lib/python3.10/dist-packages/dwb_msgs/srv/_debug_local_plan_s.c
[0.813s] -- Up-to-date symlink: /home/huuhoa/hospital_robot/install/dwb_msgs/local/lib/python3.10/dist-packages/dwb_msgs/srv/_generate_trajectory.py
[0.813s] -- Up-to-date symlink: /home/huuhoa/hospital_robot/install/dwb_msgs/local/lib/python3.10/dist-packages/dwb_msgs/srv/_generate_trajectory_s.c
[0.813s] -- Up-to-date symlink: /home/huuhoa/hospital_robot/install/dwb_msgs/local/lib/python3.10/dist-packages/dwb_msgs/srv/_generate_twists.py
[0.813s] -- Up-to-date symlink: /home/huuhoa/hospital_robot/install/dwb_msgs/local/lib/python3.10/dist-packages/dwb_msgs/srv/_generate_twists_s.c
[0.813s] -- Up-to-date symlink: /home/huuhoa/hospital_robot/install/dwb_msgs/local/lib/python3.10/dist-packages/dwb_msgs/srv/_get_critic_score.py
[0.813s] -- Up-to-date symlink: /home/huuhoa/hospital_robot/install/dwb_msgs/local/lib/python3.10/dist-packages/dwb_msgs/srv/_get_critic_score_s.c
[0.813s] -- Up-to-date symlink: /home/huuhoa/hospital_robot/install/dwb_msgs/local/lib/python3.10/dist-packages/dwb_msgs/srv/_score_trajectory.py
[0.814s] -- Up-to-date symlink: /home/huuhoa/hospital_robot/install/dwb_msgs/local/lib/python3.10/dist-packages/dwb_msgs/srv/_score_trajectory_s.c
[0.814s] -- Up-to-date symlink: /home/huuhoa/hospital_robot/install/dwb_msgs/local/lib/python3.10/dist-packages/dwb_msgs/dwb_msgs_s__rosidl_typesupport_fastrtps_c.cpython-310-x86_64-linux-gnu.so
[0.814s] -- Up-to-date symlink: /home/huuhoa/hospital_robot/install/dwb_msgs/local/lib/python3.10/dist-packages/dwb_msgs/dwb_msgs_s__rosidl_typesupport_introspection_c.cpython-310-x86_64-linux-gnu.so
[0.814s] -- Up-to-date symlink: /home/huuhoa/hospital_robot/install/dwb_msgs/local/lib/python3.10/dist-packages/dwb_msgs/dwb_msgs_s__rosidl_typesupport_c.cpython-310-x86_64-linux-gnu.so
[0.814s] -- Up-to-date symlink: /home/huuhoa/hospital_robot/install/dwb_msgs/share/dwb_msgs/msg/CriticScore.idl
[0.814s] -- Up-to-date symlink: /home/huuhoa/hospital_robot/install/dwb_msgs/share/dwb_msgs/msg/LocalPlanEvaluation.idl
[0.814s] -- Up-to-date symlink: /home/huuhoa/hospital_robot/install/dwb_msgs/share/dwb_msgs/msg/Trajectory2D.idl
[0.814s] -- Up-to-date symlink: /home/huuhoa/hospital_robot/install/dwb_msgs/share/dwb_msgs/msg/TrajectoryScore.idl
[0.814s] -- Up-to-date symlink: /home/huuhoa/hospital_robot/install/dwb_msgs/share/dwb_msgs/srv/DebugLocalPlan.idl
[0.814s] -- Up-to-date symlink: /home/huuhoa/hospital_robot/install/dwb_msgs/share/dwb_msgs/srv/GenerateTrajectory.idl
[0.814s] -- Up-to-date symlink: /home/huuhoa/hospital_robot/install/dwb_msgs/share/dwb_msgs/srv/GenerateTwists.idl
[0.814s] -- Up-to-date symlink: /home/huuhoa/hospital_robot/install/dwb_msgs/share/dwb_msgs/srv/GetCriticScore.idl
[0.815s] -- Up-to-date symlink: /home/huuhoa/hospital_robot/install/dwb_msgs/share/dwb_msgs/srv/ScoreTrajectory.idl
[0.815s] -- Up-to-date symlink: /home/huuhoa/hospital_robot/install/dwb_msgs/share/dwb_msgs/msg/CriticScore.msg
[0.815s] -- Up-to-date symlink: /home/huuhoa/hospital_robot/install/dwb_msgs/share/dwb_msgs/msg/LocalPlanEvaluation.msg
[0.815s] -- Up-to-date symlink: /home/huuhoa/hospital_robot/install/dwb_msgs/share/dwb_msgs/msg/Trajectory2D.msg
[0.816s] -- Up-to-date symlink: /home/huuhoa/hospital_robot/install/dwb_msgs/share/dwb_msgs/msg/TrajectoryScore.msg
[0.817s] -- Up-to-date symlink: /home/huuhoa/hospital_robot/install/dwb_msgs/share/dwb_msgs/srv/DebugLocalPlan.srv
[0.817s] -- Up-to-date symlink: /home/huuhoa/hospital_robot/install/dwb_msgs/share/dwb_msgs/srv/DebugLocalPlan_Request.msg
[0.817s] -- Up-to-date symlink: /home/huuhoa/hospital_robot/install/dwb_msgs/share/dwb_msgs/srv/DebugLocalPlan_Response.msg
[0.817s] -- Up-to-date symlink: /home/huuhoa/hospital_robot/install/dwb_msgs/share/dwb_msgs/srv/GenerateTrajectory.srv
[0.817s] -- Up-to-date symlink: /home/huuhoa/hospital_robot/install/dwb_msgs/share/dwb_msgs/srv/GenerateTrajectory_Request.msg
[0.817s] -- Up-to-date symlink: /home/huuhoa/hospital_robot/install/dwb_msgs/share/dwb_msgs/srv/GenerateTrajectory_Response.msg
[0.817s] -- Up-to-date symlink: /home/huuhoa/hospital_robot/install/dwb_msgs/share/dwb_msgs/srv/GenerateTwists.srv
[0.817s] -- Up-to-date symlink: /home/huuhoa/hospital_robot/install/dwb_msgs/share/dwb_msgs/srv/GenerateTwists_Request.msg
[0.817s] -- Up-to-date symlink: /home/huuhoa/hospital_robot/install/dwb_msgs/share/dwb_msgs/srv/GenerateTwists_Response.msg
[0.817s] -- Up-to-date symlink: /home/huuhoa/hospital_robot/install/dwb_msgs/share/dwb_msgs/srv/GetCriticScore.srv
[0.817s] -- Up-to-date symlink: /home/huuhoa/hospital_robot/install/dwb_msgs/share/dwb_msgs/srv/GetCriticScore_Request.msg
[0.817s] -- Up-to-date symlink: /home/huuhoa/hospital_robot/install/dwb_msgs/share/dwb_msgs/srv/GetCriticScore_Response.msg
[0.817s] -- Up-to-date symlink: /home/huuhoa/hospital_robot/install/dwb_msgs/share/dwb_msgs/srv/ScoreTrajectory.srv
[0.817s] -- Up-to-date symlink: /home/huuhoa/hospital_robot/install/dwb_msgs/share/dwb_msgs/srv/ScoreTrajectory_Request.msg
[0.817s] -- Up-to-date symlink: /home/huuhoa/hospital_robot/install/dwb_msgs/share/dwb_msgs/srv/ScoreTrajectory_Response.msg
[0.823s] -- Up-to-date symlink: /home/huuhoa/hospital_robot/install/dwb_msgs/share/ament_index/resource_index/package_run_dependencies/dwb_msgs
[0.823s] -- Up-to-date symlink: /home/huuhoa/hospital_robot/install/dwb_msgs/share/ament_index/resource_index/parent_prefix_path/dwb_msgs
[0.823s] -- Up-to-date symlink: /home/huuhoa/hospital_robot/install/dwb_msgs/share/dwb_msgs/environment/ament_prefix_path.sh
[0.823s] -- Up-to-date symlink: /home/huuhoa/hospital_robot/install/dwb_msgs/share/dwb_msgs/environment/ament_prefix_path.dsv
[0.824s] -- Up-to-date symlink: /home/huuhoa/hospital_robot/install/dwb_msgs/share/dwb_msgs/environment/path.sh
[0.824s] -- Up-to-date symlink: /home/huuhoa/hospital_robot/install/dwb_msgs/share/dwb_msgs/environment/path.dsv
[0.824s] -- Up-to-date symlink: /home/huuhoa/hospital_robot/install/dwb_msgs/share/dwb_msgs/local_setup.bash
[0.824s] -- Up-to-date symlink: /home/huuhoa/hospital_robot/install/dwb_msgs/share/dwb_msgs/local_setup.sh
[0.824s] -- Up-to-date symlink: /home/huuhoa/hospital_robot/install/dwb_msgs/share/dwb_msgs/local_setup.zsh
[0.824s] -- Up-to-date symlink: /home/huuhoa/hospital_robot/install/dwb_msgs/share/dwb_msgs/local_setup.dsv
[0.824s] -- Symlinking: /home/huuhoa/hospital_robot/install/dwb_msgs/share/dwb_msgs/package.dsv
[0.828s] -- Up-to-date symlink: /home/huuhoa/hospital_robot/install/dwb_msgs/share/ament_index/resource_index/packages/dwb_msgs
[0.828s] -- Up-to-date symlink: /home/huuhoa/hospital_robot/install/dwb_msgs/share/dwb_msgs/cmake/rosidl_cmake-extras.cmake
[0.828s] -- Up-to-date symlink: /home/huuhoa/hospital_robot/install/dwb_msgs/share/dwb_msgs/cmake/ament_cmake_export_dependencies-extras.cmake
[0.828s] -- Up-to-date symlink: /home/huuhoa/hospital_robot/install/dwb_msgs/share/dwb_msgs/cmake/ament_cmake_export_include_directories-extras.cmake
[0.828s] -- Up-to-date symlink: /home/huuhoa/hospital_robot/install/dwb_msgs/share/dwb_msgs/cmake/ament_cmake_export_libraries-extras.cmake
[0.828s] -- Up-to-date symlink: /home/huuhoa/hospital_robot/install/dwb_msgs/share/dwb_msgs/cmake/ament_cmake_export_targets-extras.cmake
[0.829s] -- Up-to-date symlink: /home/huuhoa/hospital_robot/install/dwb_msgs/share/dwb_msgs/cmake/rosidl_cmake_export_typesupport_targets-extras.cmake
[0.829s] -- Up-to-date symlink: /home/huuhoa/hospital_robot/install/dwb_msgs/share/dwb_msgs/cmake/rosidl_cmake_export_typesupport_libraries-extras.cmake
[0.829s] -- Up-to-date symlink: /home/huuhoa/hospital_robot/install/dwb_msgs/share/dwb_msgs/cmake/dwb_msgsConfig.cmake
[0.829s] -- Up-to-date symlink: /home/huuhoa/hospital_robot/install/dwb_msgs/share/dwb_msgs/cmake/dwb_msgsConfig-version.cmake
[0.829s] -- Up-to-date symlink: /home/huuhoa/hospital_robot/install/dwb_msgs/share/dwb_msgs/package.xml
[0.830s] -- Up-to-date: /home/huuhoa/hospital_robot/install/dwb_msgs/lib/libdwb_msgs__rosidl_generator_c.so
[0.830s] -- Up-to-date: /home/huuhoa/hospital_robot/install/dwb_msgs/lib/libdwb_msgs__rosidl_typesupport_fastrtps_c.so
[0.830s] -- Up-to-date: /home/huuhoa/hospital_robot/install/dwb_msgs/lib/libdwb_msgs__rosidl_typesupport_fastrtps_cpp.so
[0.830s] -- Up-to-date: /home/huuhoa/hospital_robot/install/dwb_msgs/lib/libdwb_msgs__rosidl_typesupport_introspection_c.so
[0.831s] -- Up-to-date: /home/huuhoa/hospital_robot/install/dwb_msgs/lib/libdwb_msgs__rosidl_typesupport_c.so
[0.831s] -- Up-to-date: /home/huuhoa/hospital_robot/install/dwb_msgs/lib/libdwb_msgs__rosidl_typesupport_introspection_cpp.so
[0.831s] -- Up-to-date: /home/huuhoa/hospital_robot/install/dwb_msgs/lib/libdwb_msgs__rosidl_typesupport_cpp.so
[0.879s] Listing '/home/huuhoa/hospital_robot/install/dwb_msgs/local/lib/python3.10/dist-packages/dwb_msgs'...
[0.879s] Listing '/home/huuhoa/hospital_robot/install/dwb_msgs/local/lib/python3.10/dist-packages/dwb_msgs/msg'...
[0.879s] Listing '/home/huuhoa/hospital_robot/install/dwb_msgs/local/lib/python3.10/dist-packages/dwb_msgs/srv'...
[0.886s] -- Up-to-date: /home/huuhoa/hospital_robot/install/dwb_msgs/lib/libdwb_msgs__rosidl_generator_py.so
[0.886s] -- Up-to-date: /home/huuhoa/hospital_robot/install/dwb_msgs/share/dwb_msgs/cmake/export_dwb_msgs__rosidl_generator_cExport.cmake
[0.886s] -- Up-to-date: /home/huuhoa/hospital_robot/install/dwb_msgs/share/dwb_msgs/cmake/export_dwb_msgs__rosidl_generator_cExport-noconfig.cmake
[0.886s] -- Up-to-date: /home/huuhoa/hospital_robot/install/dwb_msgs/share/dwb_msgs/cmake/export_dwb_msgs__rosidl_typesupport_fastrtps_cExport.cmake
[0.886s] -- Up-to-date: /home/huuhoa/hospital_robot/install/dwb_msgs/share/dwb_msgs/cmake/export_dwb_msgs__rosidl_typesupport_fastrtps_cExport-noconfig.cmake
[0.886s] -- Up-to-date: /home/huuhoa/hospital_robot/install/dwb_msgs/share/dwb_msgs/cmake/export_dwb_msgs__rosidl_generator_cppExport.cmake
[0.887s] -- Up-to-date: /home/huuhoa/hospital_robot/install/dwb_msgs/share/dwb_msgs/cmake/export_dwb_msgs__rosidl_typesupport_fastrtps_cppExport.cmake
[0.887s] -- Up-to-date: /home/huuhoa/hospital_robot/install/dwb_msgs/share/dwb_msgs/cmake/export_dwb_msgs__rosidl_typesupport_fastrtps_cppExport-noconfig.cmake
[0.887s] -- Up-to-date: /home/huuhoa/hospital_robot/install/dwb_msgs/share/dwb_msgs/cmake/dwb_msgs__rosidl_typesupport_introspection_cExport.cmake
[0.887s] -- Up-to-date: /home/huuhoa/hospital_robot/install/dwb_msgs/share/dwb_msgs/cmake/dwb_msgs__rosidl_typesupport_introspection_cExport-noconfig.cmake
[0.894s] -- Up-to-date: /home/huuhoa/hospital_robot/install/dwb_msgs/share/dwb_msgs/cmake/dwb_msgs__rosidl_typesupport_cExport.cmake
[0.895s] -- Up-to-date: /home/huuhoa/hospital_robot/install/dwb_msgs/share/dwb_msgs/cmake/dwb_msgs__rosidl_typesupport_cExport-noconfig.cmake
[0.895s] -- Up-to-date: /home/huuhoa/hospital_robot/install/dwb_msgs/share/dwb_msgs/cmake/dwb_msgs__rosidl_typesupport_introspection_cppExport.cmake
[0.895s] -- Up-to-date: /home/huuhoa/hospital_robot/install/dwb_msgs/share/dwb_msgs/cmake/dwb_msgs__rosidl_typesupport_introspection_cppExport-noconfig.cmake
[0.895s] -- Up-to-date: /home/huuhoa/hospital_robot/install/dwb_msgs/share/dwb_msgs/cmake/dwb_msgs__rosidl_typesupport_cppExport.cmake
[0.895s] -- Up-to-date: /home/huuhoa/hospital_robot/install/dwb_msgs/share/dwb_msgs/cmake/dwb_msgs__rosidl_typesupport_cppExport-noconfig.cmake
[0.895s] -- Up-to-date: /home/huuhoa/hospital_robot/install/dwb_msgs/share/dwb_msgs/cmake/export_dwb_msgs__rosidl_generator_pyExport.cmake
[0.895s] -- Up-to-date: /home/huuhoa/hospital_robot/install/dwb_msgs/share/dwb_msgs/cmake/export_dwb_msgs__rosidl_generator_pyExport-noconfig.cmake
[0.909s] Invoked command in '/home/huuhoa/hospital_robot/build/dwb_msgs' returned '0': CMAKE_PREFIX_PATH=/home/huuhoa/hospital_robot/install/nav_2d_msgs:/home/huuhoa/hospital_robot/install/nav_2d_utils:/home/huuhoa/hospital_robot/install/dwb_msgs:/home/huuhoa/hospital_robot/install/nav2_voxel_grid:/home/huuhoa/hospital_robot/install/nav2_map_server:/home/huuhoa/hospital_robot/install/nav2_lifecycle_manager:/home/huuhoa/hospital_robot/install/nav2_util:/home/huuhoa/hospital_robot/install/nav2_msgs:/home/huuhoa/hospital_robot/install/nav2_common:/home/huuhoa/hospital_robot/install/map_msgs:/home/huuhoa/hospital_robot/install/hospital_package:/home/huuhoa/hospital_robot/install/nav2_simple_commander:/opt/ros/humble LD_LIBRARY_PATH=/home/huuhoa/hospital_robot/install/nav_2d_msgs/lib:/home/huuhoa/hospital_robot/install/nav_2d_utils/lib:/home/huuhoa/hospital_robot/install/dwb_msgs/lib:/home/huuhoa/hospital_robot/install/nav2_voxel_grid/lib:/home/huuhoa/hospital_robot/install/nav2_map_server/lib:/home/huuhoa/hospital_robot/install/nav2_lifecycle_manager/lib:/home/huuhoa/hospital_robot/install/nav2_util/lib:/home/huuhoa/hospital_robot/install/nav2_msgs/lib:/home/huuhoa/hospital_robot/install/map_msgs/lib:/opt/ros/humble/lib/x86_64-linux-gnu:/opt/ros/humble/lib /usr/bin/cmake --install /home/huuhoa/hospital_robot/build/dwb_msgs
