[0.146s] Invoking command in '/home/huuhoa/hospital_robot/build/nav2_rviz_plugins': AMENT_PREFIX_PATH=/home/huuhoa/hospital_robot/install/nav2_lifecycle_manager:/home/huuhoa/hospital_robot/install/nav2_util:/home/huuhoa/hospital_robot/install/nav2_msgs:/home/huuhoa/hospital_robot/install/nav2_common:${AMENT_PREFIX_PATH} CMAKE_PREFIX_PATH=/home/huuhoa/hospital_robot/install/nav2_lifecycle_manager:/home/huuhoa/hospital_robot/install/nav2_util:/home/huuhoa/hospital_robot/install/nav2_msgs:/home/huuhoa/hospital_robot/install/nav2_common:/opt/ros/humble LD_LIBRARY_PATH=/home/huuhoa/hospital_robot/install/nav2_lifecycle_manager/lib:/home/huuhoa/hospital_robot/install/nav2_util/lib:/home/huuhoa/hospital_robot/install/nav2_msgs/lib:${LD_LIBRARY_PATH} PYTHONPATH=/home/huuhoa/hospital_robot/install/nav2_msgs/local/lib/python3.10/dist-packages:/home/huuhoa/hospital_robot/install/nav2_common/local/lib/python3.10/dist-packages:${PYTHONPATH} /usr/bin/cmake --build /home/huuhoa/hospital_robot/build/nav2_rviz_plugins -- -j2 -l2
[0.312s] [ 14%] [34m[1mAutomatic MOC for target nav2_rviz_plugins[0m
[0.366s] [ 14%] Built target nav2_rviz_plugins_autogen
[0.496s] [100%] Built target nav2_rviz_plugins
[0.512s] Invoked command in '/home/huuhoa/hospital_robot/build/nav2_rviz_plugins' returned '0': AMENT_PREFIX_PATH=/home/huuhoa/hospital_robot/install/nav2_lifecycle_manager:/home/huuhoa/hospital_robot/install/nav2_util:/home/huuhoa/hospital_robot/install/nav2_msgs:/home/huuhoa/hospital_robot/install/nav2_common:${AMENT_PREFIX_PATH} CMAKE_PREFIX_PATH=/home/huuhoa/hospital_robot/install/nav2_lifecycle_manager:/home/huuhoa/hospital_robot/install/nav2_util:/home/huuhoa/hospital_robot/install/nav2_msgs:/home/huuhoa/hospital_robot/install/nav2_common:/opt/ros/humble LD_LIBRARY_PATH=/home/huuhoa/hospital_robot/install/nav2_lifecycle_manager/lib:/home/huuhoa/hospital_robot/install/nav2_util/lib:/home/huuhoa/hospital_robot/install/nav2_msgs/lib:${LD_LIBRARY_PATH} PYTHONPATH=/home/huuhoa/hospital_robot/install/nav2_msgs/local/lib/python3.10/dist-packages:/home/huuhoa/hospital_robot/install/nav2_common/local/lib/python3.10/dist-packages:${PYTHONPATH} /usr/bin/cmake --build /home/huuhoa/hospital_robot/build/nav2_rviz_plugins -- -j2 -l2
[0.523s] Invoking command in '/home/huuhoa/hospital_robot/build/nav2_rviz_plugins': AMENT_PREFIX_PATH=/home/huuhoa/hospital_robot/install/nav2_lifecycle_manager:/home/huuhoa/hospital_robot/install/nav2_util:/home/huuhoa/hospital_robot/install/nav2_msgs:/home/huuhoa/hospital_robot/install/nav2_common:${AMENT_PREFIX_PATH} CMAKE_PREFIX_PATH=/home/huuhoa/hospital_robot/install/nav2_lifecycle_manager:/home/huuhoa/hospital_robot/install/nav2_util:/home/huuhoa/hospital_robot/install/nav2_msgs:/home/huuhoa/hospital_robot/install/nav2_common:/opt/ros/humble LD_LIBRARY_PATH=/home/huuhoa/hospital_robot/install/nav2_lifecycle_manager/lib:/home/huuhoa/hospital_robot/install/nav2_util/lib:/home/huuhoa/hospital_robot/install/nav2_msgs/lib:${LD_LIBRARY_PATH} PYTHONPATH=/home/huuhoa/hospital_robot/install/nav2_msgs/local/lib/python3.10/dist-packages:/home/huuhoa/hospital_robot/install/nav2_common/local/lib/python3.10/dist-packages:${PYTHONPATH} /usr/bin/cmake --install /home/huuhoa/hospital_robot/build/nav2_rviz_plugins
[0.534s] -- Install configuration: ""
[0.536s] -- Execute custom install script
[0.541s] -- Up-to-date symlink: /home/huuhoa/hospital_robot/install/nav2_rviz_plugins/share/nav2_rviz_plugins//plugins_description.xml
[0.543s] -- Up-to-date symlink: /home/huuhoa/hospital_robot/install/nav2_rviz_plugins/include//nav2_rviz_plugins/goal_common.hpp
[0.544s] -- Up-to-date symlink: /home/huuhoa/hospital_robot/install/nav2_rviz_plugins/include//nav2_rviz_plugins/goal_pose_updater.hpp
[0.545s] -- Up-to-date symlink: /home/huuhoa/hospital_robot/install/nav2_rviz_plugins/include//nav2_rviz_plugins/goal_tool.hpp
[0.545s] -- Up-to-date symlink: /home/huuhoa/hospital_robot/install/nav2_rviz_plugins/include//nav2_rviz_plugins/nav2_panel.hpp
[0.546s] -- Up-to-date symlink: /home/huuhoa/hospital_robot/install/nav2_rviz_plugins/include//nav2_rviz_plugins/particle_cloud_display/flat_weighted_arrows_array.hpp
[0.549s] -- Up-to-date symlink: /home/huuhoa/hospital_robot/install/nav2_rviz_plugins/include//nav2_rviz_plugins/particle_cloud_display/particle_cloud_display.hpp
[0.553s] -- Up-to-date symlink: /home/huuhoa/hospital_robot/install/nav2_rviz_plugins/include//nav2_rviz_plugins/ros_action_qevent.hpp
[0.554s] -- Up-to-date symlink: /home/huuhoa/hospital_robot/install/nav2_rviz_plugins/share/nav2_rviz_plugins/environment/library_path.sh
[0.556s] -- Up-to-date symlink: /home/huuhoa/hospital_robot/install/nav2_rviz_plugins/share/nav2_rviz_plugins/environment/library_path.dsv
[0.565s] -- Up-to-date symlink: /home/huuhoa/hospital_robot/install/nav2_rviz_plugins/share/ament_index/resource_index/package_run_dependencies/nav2_rviz_plugins
[0.565s] -- Up-to-date symlink: /home/huuhoa/hospital_robot/install/nav2_rviz_plugins/share/ament_index/resource_index/parent_prefix_path/nav2_rviz_plugins
[0.565s] -- Up-to-date symlink: /home/huuhoa/hospital_robot/install/nav2_rviz_plugins/share/nav2_rviz_plugins/environment/ament_prefix_path.sh
[0.567s] -- Up-to-date symlink: /home/huuhoa/hospital_robot/install/nav2_rviz_plugins/share/nav2_rviz_plugins/environment/ament_prefix_path.dsv
[0.569s] -- Up-to-date symlink: /home/huuhoa/hospital_robot/install/nav2_rviz_plugins/share/nav2_rviz_plugins/environment/path.sh
[0.571s] -- Up-to-date symlink: /home/huuhoa/hospital_robot/install/nav2_rviz_plugins/share/nav2_rviz_plugins/environment/path.dsv
[0.571s] -- Up-to-date symlink: /home/huuhoa/hospital_robot/install/nav2_rviz_plugins/share/nav2_rviz_plugins/local_setup.bash
[0.571s] -- Up-to-date symlink: /home/huuhoa/hospital_robot/install/nav2_rviz_plugins/share/nav2_rviz_plugins/local_setup.sh
[0.578s] -- Up-to-date symlink: /home/huuhoa/hospital_robot/install/nav2_rviz_plugins/share/nav2_rviz_plugins/local_setup.zsh
[0.578s] -- Up-to-date symlink: /home/huuhoa/hospital_robot/install/nav2_rviz_plugins/share/nav2_rviz_plugins/local_setup.dsv
[0.578s] -- Symlinking: /home/huuhoa/hospital_robot/install/nav2_rviz_plugins/share/nav2_rviz_plugins/package.dsv
[0.600s] -- Up-to-date symlink: /home/huuhoa/hospital_robot/install/nav2_rviz_plugins/share/ament_index/resource_index/packages/nav2_rviz_plugins
[0.606s] -- Up-to-date symlink: /home/huuhoa/hospital_robot/install/nav2_rviz_plugins/share/ament_index/resource_index/rviz_common__pluginlib__plugin/nav2_rviz_plugins
[0.607s] -- Up-to-date symlink: /home/huuhoa/hospital_robot/install/nav2_rviz_plugins/share/nav2_rviz_plugins/cmake/ament_cmake_export_include_directories-extras.cmake
[0.608s] -- Up-to-date symlink: /home/huuhoa/hospital_robot/install/nav2_rviz_plugins/share/nav2_rviz_plugins/cmake/ament_cmake_export_targets-extras.cmake
[0.610s] -- Up-to-date symlink: /home/huuhoa/hospital_robot/install/nav2_rviz_plugins/share/nav2_rviz_plugins/cmake/ament_cmake_export_dependencies-extras.cmake
[0.610s] -- Up-to-date symlink: /home/huuhoa/hospital_robot/install/nav2_rviz_plugins/share/nav2_rviz_plugins/cmake/nav2_rviz_pluginsConfig.cmake
[0.613s] -- Up-to-date symlink: /home/huuhoa/hospital_robot/install/nav2_rviz_plugins/share/nav2_rviz_plugins/cmake/nav2_rviz_pluginsConfig-version.cmake
[0.613s] -- Up-to-date symlink: /home/huuhoa/hospital_robot/install/nav2_rviz_plugins/share/nav2_rviz_plugins/package.xml
[0.618s] -- Up-to-date: /home/huuhoa/hospital_robot/install/nav2_rviz_plugins/lib/libnav2_rviz_plugins.so
[0.623s] -- Up-to-date: /home/huuhoa/hospital_robot/install/nav2_rviz_plugins/share/nav2_rviz_plugins/cmake/nav2_rviz_pluginsExport.cmake
[0.623s] -- Up-to-date: /home/huuhoa/hospital_robot/install/nav2_rviz_plugins/share/nav2_rviz_plugins/cmake/nav2_rviz_pluginsExport-noconfig.cmake
[0.628s] Invoked command in '/home/huuhoa/hospital_robot/build/nav2_rviz_plugins' returned '0': AMENT_PREFIX_PATH=/home/huuhoa/hospital_robot/install/nav2_lifecycle_manager:/home/huuhoa/hospital_robot/install/nav2_util:/home/huuhoa/hospital_robot/install/nav2_msgs:/home/huuhoa/hospital_robot/install/nav2_common:${AMENT_PREFIX_PATH} CMAKE_PREFIX_PATH=/home/huuhoa/hospital_robot/install/nav2_lifecycle_manager:/home/huuhoa/hospital_robot/install/nav2_util:/home/huuhoa/hospital_robot/install/nav2_msgs:/home/huuhoa/hospital_robot/install/nav2_common:/opt/ros/humble LD_LIBRARY_PATH=/home/huuhoa/hospital_robot/install/nav2_lifecycle_manager/lib:/home/huuhoa/hospital_robot/install/nav2_util/lib:/home/huuhoa/hospital_robot/install/nav2_msgs/lib:${LD_LIBRARY_PATH} PYTHONPATH=/home/huuhoa/hospital_robot/install/nav2_msgs/local/lib/python3.10/dist-packages:/home/huuhoa/hospital_robot/install/nav2_common/local/lib/python3.10/dist-packages:${PYTHONPATH} /usr/bin/cmake --install /home/huuhoa/hospital_robot/build/nav2_rviz_plugins
