[0.044s] Invoking command in '/home/huuhoa/hospital_robot/build/nav2_behavior_tree': CMAKE_PREFIX_PATH=/home/huuhoa/hospital_robot/install/nav2_util:/home/huuhoa/hospital_robot/install/nav2_msgs:/home/huuhoa/hospital_robot/install/nav2_common:/home/huuhoa/hospital_robot/install/nav_2d_utils:/home/huuhoa/hospital_robot/install/dwb_msgs:/home/huuhoa/hospital_robot/install/nav_2d_msgs:/home/huuhoa/hospital_robot/install/nav2_voxel_grid:/home/huuhoa/hospital_robot/install/nav2_map_server:/home/huuhoa/hospital_robot/install/nav2_lifecycle_manager:/home/huuhoa/hospital_robot/install/map_msgs:/home/huuhoa/hospital_robot/install/hospital_package:/home/huuhoa/hospital_robot/install/nav2_simple_commander:/opt/ros/humble LD_LIBRARY_PATH=/home/huuhoa/hospital_robot/install/nav2_util/lib:/home/huuhoa/hospital_robot/install/nav2_msgs/lib:/home/huuhoa/hospital_robot/install/nav_2d_utils/lib:/home/huuhoa/hospital_robot/install/dwb_msgs/lib:/home/huuhoa/hospital_robot/install/nav_2d_msgs/lib:/home/huuhoa/hospital_robot/install/nav2_voxel_grid/lib:/home/huuhoa/hospital_robot/install/nav2_map_server/lib:/home/huuhoa/hospital_robot/install/nav2_lifecycle_manager/lib:/home/huuhoa/hospital_robot/install/map_msgs/lib:/opt/ros/humble/lib/x86_64-linux-gnu:/opt/ros/humble/lib /usr/bin/cmake /home/huuhoa/hospital_robot/src/nav2_package/navigation2/nav2_behavior_tree -DAMENT_CMAKE_SYMLINK_INSTALL=1 -DCMAKE_INSTALL_PREFIX=/home/huuhoa/hospital_robot/install/nav2_behavior_tree
[0.342s] -- The CXX compiler identification is GNU 11.4.0
[0.396s] -- Detecting CXX compiler ABI info
[0.663s] -- Detecting CXX compiler ABI info - done
[0.678s] -- Check for working CXX compiler: /usr/bin/c++ - skipped
[0.681s] -- Detecting CXX compile features
[0.686s] -- Detecting CXX compile features - done
[0.698s] -- Found ament_cmake: 1.3.11 (/opt/ros/humble/share/ament_cmake/cmake)
[1.102s] -- Found Python3: /usr/bin/python3 (found version "3.10.12") found components: Interpreter 
[1.359s] -- Override CMake install command with custom implementation using symlinks instead of copying resources
[1.563s] -- Found nav2_common: 1.1.18 (/home/huuhoa/hospital_robot/install/nav2_common/share/nav2_common/cmake)
[1.586s] -- Found rclcpp: 16.0.11 (/opt/ros/humble/share/rclcpp/cmake)
[1.828s] -- Found rosidl_generator_c: 3.1.6 (/opt/ros/humble/share/rosidl_generator_c/cmake)
[1.854s] -- Found rosidl_adapter: 3.1.6 (/opt/ros/humble/share/rosidl_adapter/cmake)
[1.914s] -- Found rosidl_generator_cpp: 3.1.6 (/opt/ros/humble/share/rosidl_generator_cpp/cmake)
[1.979s] -- Using all available rosidl_typesupport_c: rosidl_typesupport_fastrtps_c;rosidl_typesupport_introspection_c
[2.049s] -- Using all available rosidl_typesupport_cpp: rosidl_typesupport_fastrtps_cpp;rosidl_typesupport_introspection_cpp
[2.320s] -- Found rmw_implementation_cmake: 6.1.2 (/opt/ros/humble/share/rmw_implementation_cmake/cmake)
[2.336s] -- Found rmw_cyclonedds_cpp: 1.3.4 (/opt/ros/humble/share/rmw_cyclonedds_cpp/cmake)
[2.497s] -- Using RMW implementation 'rmw_cyclonedds_cpp' as default
[2.545s] -- Looking for C++ include pthread.h
[2.768s] -- Looking for C++ include pthread.h - found
[2.772s] -- Performing Test CMAKE_HAVE_LIBC_PTHREAD
[3.003s] -- Performing Test CMAKE_HAVE_LIBC_PTHREAD - Success
[3.013s] -- Found Threads: TRUE  
[3.148s] -- Found rclcpp_action: 16.0.11 (/opt/ros/humble/share/rclcpp_action/cmake)
[3.338s] -- Found rclcpp_lifecycle: 16.0.11 (/opt/ros/humble/share/rclcpp_lifecycle/cmake)
[3.442s] -- Found geometry_msgs: 4.2.4 (/opt/ros/humble/share/geometry_msgs/cmake)
[3.458s] -- Found sensor_msgs: 4.2.4 (/opt/ros/humble/share/sensor_msgs/cmake)
[3.502s] -- Found nav2_msgs: 1.1.18 (/home/huuhoa/hospital_robot/install/nav2_msgs/share/nav2_msgs/cmake)
[3.621s] -- Found tf2_ros: 0.25.12 (/opt/ros/humble/share/tf2_ros/cmake)
[3.765s] -- Found tf2_geometry_msgs: 0.25.12 (/opt/ros/humble/share/tf2_geometry_msgs/cmake)
[3.795s] -- Found eigen3_cmake_module: 0.1.1 (/opt/ros/humble/share/eigen3_cmake_module/cmake)
[3.795s] -- Found Eigen3: TRUE (found version "3.4.0") 
[3.795s] -- Ensuring Eigen3 include directory is part of orocos-kdl CMake target
[3.797s] -- Found std_srvs: 4.2.4 (/opt/ros/humble/share/std_srvs/cmake)
[3.854s] -- Found nav2_util: 1.1.18 (/home/huuhoa/hospital_robot/install/nav2_util/share/nav2_util/cmake)
[3.953s] -- Setting build type to Release as none was specified.
[6.351s] -- Found ament_lint_auto: 0.12.11 (/opt/ros/humble/share/ament_lint_auto/cmake)
[7.263s] -- Found gtest sources under '/opt/ros/humble/src/gtest_vendor': C++ tests using 'Google Test' will be built
[7.695s] -- The C compiler identification is GNU 11.4.0
[7.732s] -- Detecting C compiler ABI info
[7.884s] -- Detecting C compiler ABI info - done
[7.913s] -- Check for working C compiler: /usr/bin/cc - skipped
[7.917s] -- Detecting C compile features
[7.920s] -- Detecting C compile features - done
[10.386s] -- Added test 'copyright' to check source files copyright and LICENSE
[10.403s] -- Added test 'cppcheck' to perform static code analysis on C / C++ code
[10.427s] -- Configured cppcheck include dirs: /home/huuhoa/hospital_robot/src/nav2_package/navigation2/nav2_behavior_tree/include
[10.427s] -- Configured cppcheck exclude dirs and/or files: 
[10.448s] -- Added test 'cpplint' to check C / C++ code against the Google style
[10.448s] -- Configured cpplint exclude dirs and/or files: 
[10.448s] -- Added test 'lint_cmake' to check CMake code style
[10.460s] -- Added test 'uncrustify' to check C / C++ code style
[10.460s] -- Configured uncrustify additional arguments: 
[10.462s] -- Added test 'xmllint' to check XML markup files
[10.558s] -- Configuring done
[14.259s] -- Generating done
[15.212s] -- Build files have been written to: /home/huuhoa/hospital_robot/build/nav2_behavior_tree
[15.231s] Invoked command in '/home/huuhoa/hospital_robot/build/nav2_behavior_tree' returned '0': CMAKE_PREFIX_PATH=/home/huuhoa/hospital_robot/install/nav2_util:/home/huuhoa/hospital_robot/install/nav2_msgs:/home/huuhoa/hospital_robot/install/nav2_common:/home/huuhoa/hospital_robot/install/nav_2d_utils:/home/huuhoa/hospital_robot/install/dwb_msgs:/home/huuhoa/hospital_robot/install/nav_2d_msgs:/home/huuhoa/hospital_robot/install/nav2_voxel_grid:/home/huuhoa/hospital_robot/install/nav2_map_server:/home/huuhoa/hospital_robot/install/nav2_lifecycle_manager:/home/huuhoa/hospital_robot/install/map_msgs:/home/huuhoa/hospital_robot/install/hospital_package:/home/huuhoa/hospital_robot/install/nav2_simple_commander:/opt/ros/humble LD_LIBRARY_PATH=/home/huuhoa/hospital_robot/install/nav2_util/lib:/home/huuhoa/hospital_robot/install/nav2_msgs/lib:/home/huuhoa/hospital_robot/install/nav_2d_utils/lib:/home/huuhoa/hospital_robot/install/dwb_msgs/lib:/home/huuhoa/hospital_robot/install/nav_2d_msgs/lib:/home/huuhoa/hospital_robot/install/nav2_voxel_grid/lib:/home/huuhoa/hospital_robot/install/nav2_map_server/lib:/home/huuhoa/hospital_robot/install/nav2_lifecycle_manager/lib:/home/huuhoa/hospital_robot/install/map_msgs/lib:/opt/ros/humble/lib/x86_64-linux-gnu:/opt/ros/humble/lib /usr/bin/cmake /home/huuhoa/hospital_robot/src/nav2_package/navigation2/nav2_behavior_tree -DAMENT_CMAKE_SYMLINK_INSTALL=1 -DCMAKE_INSTALL_PREFIX=/home/huuhoa/hospital_robot/install/nav2_behavior_tree
[15.232s] Invoking command in '/home/huuhoa/hospital_robot/build/nav2_behavior_tree': CMAKE_PREFIX_PATH=/home/huuhoa/hospital_robot/install/nav2_util:/home/huuhoa/hospital_robot/install/nav2_msgs:/home/huuhoa/hospital_robot/install/nav2_common:/home/huuhoa/hospital_robot/install/nav_2d_utils:/home/huuhoa/hospital_robot/install/dwb_msgs:/home/huuhoa/hospital_robot/install/nav_2d_msgs:/home/huuhoa/hospital_robot/install/nav2_voxel_grid:/home/huuhoa/hospital_robot/install/nav2_map_server:/home/huuhoa/hospital_robot/install/nav2_lifecycle_manager:/home/huuhoa/hospital_robot/install/map_msgs:/home/huuhoa/hospital_robot/install/hospital_package:/home/huuhoa/hospital_robot/install/nav2_simple_commander:/opt/ros/humble LD_LIBRARY_PATH=/home/huuhoa/hospital_robot/install/nav2_util/lib:/home/huuhoa/hospital_robot/install/nav2_msgs/lib:/home/huuhoa/hospital_robot/install/nav_2d_utils/lib:/home/huuhoa/hospital_robot/install/dwb_msgs/lib:/home/huuhoa/hospital_robot/install/nav_2d_msgs/lib:/home/huuhoa/hospital_robot/install/nav2_voxel_grid/lib:/home/huuhoa/hospital_robot/install/nav2_map_server/lib:/home/huuhoa/hospital_robot/install/nav2_lifecycle_manager/lib:/home/huuhoa/hospital_robot/install/map_msgs/lib:/opt/ros/humble/lib/x86_64-linux-gnu:/opt/ros/humble/lib /usr/bin/cmake --build /home/huuhoa/hospital_robot/build/nav2_behavior_tree -- -j2 -l2
[16.052s] [  1%] [32mBuilding CXX object CMakeFiles/nav2_compute_path_to_pose_action_bt_node.dir/plugins/action/compute_path_to_pose_action.cpp.o[0m
[16.081s] [  2%] [32mBuilding CXX object CMakeFiles/nav2_behavior_tree.dir/src/behavior_tree_engine.cpp.o[0m
[20.209s] [  2%] [32m[1mLinking CXX shared library libnav2_behavior_tree.so[0m
[25.610s] [  2%] Built target nav2_behavior_tree
[28.730s] [  3%] [32mBuilding CXX object CMakeFiles/nav2_compute_path_through_poses_action_bt_node.dir/plugins/action/compute_path_through_poses_action.cpp.o[0m
[28.865s] [  3%] [32m[1mLinking CXX shared library libnav2_compute_path_to_pose_action_bt_node.so[0m
[33.161s] [  3%] Built target nav2_compute_path_to_pose_action_bt_node
[33.240s] [  4%] [32mBuilding CXX object CMakeFiles/nav2_controller_cancel_bt_node.dir/plugins/action/controller_cancel_node.cpp.o[0m
[47.987s] [  4%] [32m[1mLinking CXX shared library libnav2_controller_cancel_bt_node.so[0m
[49.453s] [  4%] Built target nav2_controller_cancel_bt_node
[53.134s] [  4%] [32m[1mLinking CXX shared library libnav2_compute_path_through_poses_action_bt_node.so[0m
[53.458s] [  4%] Built target nav2_compute_path_through_poses_action_bt_node
[56.014s] [  5%] [32mBuilding CXX object CMakeFiles/nav2_wait_cancel_bt_node.dir/plugins/action/wait_cancel_node.cpp.o[0m
[63.051s] [  5%] [32m[1mLinking CXX shared library libnav2_wait_cancel_bt_node.so[0m
[66.384s] [  5%] Built target nav2_wait_cancel_bt_node
[66.442s] [  6%] [32mBuilding CXX object CMakeFiles/nav2_spin_cancel_bt_node.dir/plugins/action/spin_cancel_node.cpp.o[0m
[73.198s] [  6%] [32m[1mLinking CXX shared library libnav2_spin_cancel_bt_node.so[0m
[73.476s] [  6%] Built target nav2_spin_cancel_bt_node
[73.514s] [  7%] [32mBuilding CXX object CMakeFiles/nav2_back_up_cancel_bt_node.dir/plugins/action/back_up_cancel_node.cpp.o[0m
[80.366s] [  7%] [32m[1mLinking CXX shared library libnav2_back_up_cancel_bt_node.so[0m
[80.671s] [  7%] Built target nav2_back_up_cancel_bt_node
[80.730s] [  8%] [32mBuilding CXX object CMakeFiles/nav2_assisted_teleop_cancel_bt_node.dir/plugins/action/assisted_teleop_cancel_node.cpp.o[0m
[87.592s] [  8%] [32m[1mLinking CXX shared library libnav2_assisted_teleop_cancel_bt_node.so[0m
[87.939s] [  8%] Built target nav2_assisted_teleop_cancel_bt_node
[87.992s] [  8%] [32mBuilding CXX object CMakeFiles/nav2_drive_on_heading_cancel_bt_node.dir/plugins/action/drive_on_heading_cancel_node.cpp.o[0m
[94.707s] [  9%] [32m[1mLinking CXX shared library libnav2_drive_on_heading_cancel_bt_node.so[0m
[94.999s] [  9%] Built target nav2_drive_on_heading_cancel_bt_node
[95.055s] [  9%] [32mBuilding CXX object CMakeFiles/nav2_smooth_path_action_bt_node.dir/plugins/action/smooth_path_action.cpp.o[0m
[104.341s] [  9%] [32m[1mLinking CXX shared library libnav2_smooth_path_action_bt_node.so[0m
[104.647s] [  9%] Built target nav2_smooth_path_action_bt_node
[104.706s] [  9%] [32mBuilding CXX object CMakeFiles/nav2_follow_path_action_bt_node.dir/plugins/action/follow_path_action.cpp.o[0m
[113.188s] [ 10%] [32m[1mLinking CXX shared library libnav2_follow_path_action_bt_node.so[0m
[113.511s] [ 10%] Built target nav2_follow_path_action_bt_node
[113.574s] [ 11%] [32mBuilding CXX object CMakeFiles/nav2_back_up_action_bt_node.dir/plugins/action/back_up_action.cpp.o[0m
[122.028s] [ 11%] [32m[1mLinking CXX shared library libnav2_back_up_action_bt_node.so[0m
[122.315s] [ 11%] Built target nav2_back_up_action_bt_node
[122.371s] [ 11%] [32mBuilding CXX object CMakeFiles/nav2_drive_on_heading_bt_node.dir/plugins/action/drive_on_heading_action.cpp.o[0m
[131.091s] [ 12%] [32m[1mLinking CXX shared library libnav2_drive_on_heading_bt_node.so[0m
[131.402s] [ 12%] Built target nav2_drive_on_heading_bt_node
[131.454s] [ 13%] [32mBuilding CXX object CMakeFiles/nav2_spin_action_bt_node.dir/plugins/action/spin_action.cpp.o[0m
[140.348s] [ 13%] [32m[1mLinking CXX shared library libnav2_spin_action_bt_node.so[0m
[140.657s] [ 13%] Built target nav2_spin_action_bt_node
[140.696s] [ 14%] [32mBuilding CXX object CMakeFiles/nav2_wait_action_bt_node.dir/plugins/action/wait_action.cpp.o[0m
[149.114s] [ 14%] [32m[1mLinking CXX shared library libnav2_wait_action_bt_node.so[0m
[149.407s] [ 14%] Built target nav2_wait_action_bt_node
[149.459s] [ 15%] [32mBuilding CXX object CMakeFiles/nav2_assisted_teleop_action_bt_node.dir/plugins/action/assisted_teleop_action.cpp.o[0m
[158.149s] [ 15%] [32m[1mLinking CXX shared library libnav2_assisted_teleop_action_bt_node.so[0m
[161.358s] [ 15%] Built target nav2_assisted_teleop_action_bt_node
[161.421s] [ 16%] [32mBuilding CXX object CMakeFiles/nav2_clear_costmap_service_bt_node.dir/plugins/action/clear_costmap_service.cpp.o[0m
[170.724s] [ 16%] [32m[1mLinking CXX shared library libnav2_clear_costmap_service_bt_node.so[0m
[171.019s] [ 16%] Built target nav2_clear_costmap_service_bt_node
[171.071s] [ 17%] [32mBuilding CXX object CMakeFiles/nav2_is_stuck_condition_bt_node.dir/plugins/condition/is_stuck_condition.cpp.o[0m
[184.669s] [ 17%] [32m[1mLinking CXX shared library libnav2_is_stuck_condition_bt_node.so[0m
[185.018s] [ 17%] Built target nav2_is_stuck_condition_bt_node
[185.075s] [ 18%] [32mBuilding CXX object CMakeFiles/nav2_transform_available_condition_bt_node.dir/plugins/condition/transform_available_condition.cpp.o[0m
[190.455s] [ 18%] [32m[1mLinking CXX shared library libnav2_transform_available_condition_bt_node.so[0m
[190.712s] [ 18%] Built target nav2_transform_available_condition_bt_node
[190.778s] [ 18%] [32mBuilding CXX object CMakeFiles/nav2_goal_reached_condition_bt_node.dir/plugins/condition/goal_reached_condition.cpp.o[0m
[196.842s] [ 19%] [32m[1mLinking CXX shared library libnav2_goal_reached_condition_bt_node.so[0m
[197.169s] [ 19%] Built target nav2_goal_reached_condition_bt_node
[197.223s] [ 19%] [32mBuilding CXX object CMakeFiles/nav2_globally_updated_goal_condition_bt_node.dir/plugins/condition/globally_updated_goal_condition.cpp.o[0m
[202.011s] [ 20%] [32m[1mLinking CXX shared library libnav2_globally_updated_goal_condition_bt_node.so[0m
[202.254s] [ 20%] Built target nav2_globally_updated_goal_condition_bt_node
[202.296s] [ 20%] [32mBuilding CXX object CMakeFiles/nav2_goal_updated_condition_bt_node.dir/plugins/condition/goal_updated_condition.cpp.o[0m
[204.639s] [ 20%] [32m[1mLinking CXX shared library libnav2_goal_updated_condition_bt_node.so[0m
[204.880s] [ 20%] Built target nav2_goal_updated_condition_bt_node
[204.939s] [ 21%] [32mBuilding CXX object CMakeFiles/nav2_is_path_valid_condition_bt_node.dir/plugins/condition/is_path_valid_condition.cpp.o[0m
[211.563s] [ 21%] [32m[1mLinking CXX shared library libnav2_is_path_valid_condition_bt_node.so[0m
[211.872s] [ 21%] Built target nav2_is_path_valid_condition_bt_node
[211.933s] [ 22%] [32mBuilding CXX object CMakeFiles/nav2_time_expired_condition_bt_node.dir/plugins/condition/time_expired_condition.cpp.o[0m
[217.008s] [ 22%] [32m[1mLinking CXX shared library libnav2_time_expired_condition_bt_node.so[0m
[217.301s] [ 22%] Built target nav2_time_expired_condition_bt_node
[217.357s] [ 23%] [32mBuilding CXX object CMakeFiles/nav2_path_expiring_timer_condition.dir/plugins/condition/path_expiring_timer_condition.cpp.o[0m
[222.995s] [ 23%] [32m[1mLinking CXX shared library libnav2_path_expiring_timer_condition.so[0m
[223.296s] [ 23%] Built target nav2_path_expiring_timer_condition
[223.349s] [ 23%] [32mBuilding CXX object CMakeFiles/nav2_distance_traveled_condition_bt_node.dir/plugins/condition/distance_traveled_condition.cpp.o[0m
[229.387s] [ 24%] [32m[1mLinking CXX shared library libnav2_distance_traveled_condition_bt_node.so[0m
[229.736s] [ 24%] Built target nav2_distance_traveled_condition_bt_node
[229.791s] [ 25%] [32mBuilding CXX object CMakeFiles/nav2_initial_pose_received_condition_bt_node.dir/plugins/condition/initial_pose_received_condition.cpp.o[0m
[231.566s] [ 25%] [32m[1mLinking CXX shared library libnav2_initial_pose_received_condition_bt_node.so[0m
[231.797s] [ 25%] Built target nav2_initial_pose_received_condition_bt_node
[231.841s] [ 26%] [32mBuilding CXX object CMakeFiles/nav2_is_battery_charging_condition_bt_node.dir/plugins/condition/is_battery_charging_condition.cpp.o[0m
[247.505s] [ 26%] [32m[1mLinking CXX shared library libnav2_is_battery_charging_condition_bt_node.so[0m
[247.903s] [ 26%] Built target nav2_is_battery_charging_condition_bt_node
[251.434s] [ 27%] [32mBuilding CXX object CMakeFiles/nav2_is_battery_low_condition_bt_node.dir/plugins/condition/is_battery_low_condition.cpp.o[0m
[265.709s] [ 27%] [32m[1mLinking CXX shared library libnav2_is_battery_low_condition_bt_node.so[0m
[266.069s] [ 27%] Built target nav2_is_battery_low_condition_bt_node
[266.124s] [ 27%] [32mBuilding CXX object CMakeFiles/nav2_reinitialize_global_localization_service_bt_node.dir/plugins/action/reinitialize_global_localization_service.cpp.o[0m
[273.288s] [ 28%] [32m[1mLinking CXX shared library libnav2_reinitialize_global_localization_service_bt_node.so[0m
[273.589s] [ 28%] Built target nav2_reinitialize_global_localization_service_bt_node
[273.650s] [ 28%] [32mBuilding CXX object CMakeFiles/nav2_rate_controller_bt_node.dir/plugins/decorator/rate_controller.cpp.o[0m
[276.121s] [ 29%] [32m[1mLinking CXX shared library libnav2_rate_controller_bt_node.so[0m
[276.349s] [ 29%] Built target nav2_rate_controller_bt_node
[276.393s] [ 29%] [32mBuilding CXX object CMakeFiles/nav2_distance_controller_bt_node.dir/plugins/decorator/distance_controller.cpp.o[0m
[282.325s] [ 30%] [32m[1mLinking CXX shared library libnav2_distance_controller_bt_node.so[0m
[282.626s] [ 30%] Built target nav2_distance_controller_bt_node
[282.675s] [ 31%] [32mBuilding CXX object CMakeFiles/nav2_speed_controller_bt_node.dir/plugins/decorator/speed_controller.cpp.o[0m
[289.142s] [ 31%] [32m[1mLinking CXX shared library libnav2_speed_controller_bt_node.so[0m
[289.496s] [ 31%] Built target nav2_speed_controller_bt_node
[289.539s] [ 32%] [32mBuilding CXX object CMakeFiles/nav2_truncate_path_action_bt_node.dir/plugins/action/truncate_path_action.cpp.o[0m
[295.718s] [ 32%] [32m[1mLinking CXX shared library libnav2_truncate_path_action_bt_node.so[0m
[296.013s] [ 32%] Built target nav2_truncate_path_action_bt_node
[296.054s] [ 33%] [32mBuilding CXX object CMakeFiles/nav2_truncate_path_local_action_bt_node.dir/plugins/action/truncate_path_local_action.cpp.o[0m
[303.121s] [ 33%] [32m[1mLinking CXX shared library libnav2_truncate_path_local_action_bt_node.so[0m
[303.484s] [ 33%] Built target nav2_truncate_path_local_action_bt_node
[303.547s] [ 34%] [32mBuilding CXX object CMakeFiles/nav2_goal_updater_node_bt_node.dir/plugins/decorator/goal_updater_node.cpp.o[0m
[319.685s] [ 34%] [32m[1mLinking CXX shared library libnav2_goal_updater_node_bt_node.so[0m
[320.000s] [ 34%] Built target nav2_goal_updater_node_bt_node
[320.071s] [ 34%] [32mBuilding CXX object CMakeFiles/nav2_path_longer_on_approach_bt_node.dir/plugins/decorator/path_longer_on_approach.cpp.o[0m
[326.108s] [ 35%] [32m[1mLinking CXX shared library libnav2_path_longer_on_approach_bt_node.so[0m
[326.375s] [ 35%] Built target nav2_path_longer_on_approach_bt_node
[326.436s] [ 35%] [32mBuilding CXX object CMakeFiles/nav2_recovery_node_bt_node.dir/plugins/control/recovery_node.cpp.o[0m
[329.027s] [ 36%] [32m[1mLinking CXX shared library libnav2_recovery_node_bt_node.so[0m
[329.286s] [ 36%] Built target nav2_recovery_node_bt_node
[329.342s] [ 37%] [32mBuilding CXX object CMakeFiles/nav2_navigate_to_pose_action_bt_node.dir/plugins/action/navigate_to_pose_action.cpp.o[0m
[338.183s] [ 37%] [32m[1mLinking CXX shared library libnav2_navigate_to_pose_action_bt_node.so[0m
[338.865s] [ 37%] Built target nav2_navigate_to_pose_action_bt_node
[338.919s] [ 38%] [32mBuilding CXX object CMakeFiles/nav2_navigate_through_poses_action_bt_node.dir/plugins/action/navigate_through_poses_action.cpp.o[0m
[347.845s] [ 38%] [32m[1mLinking CXX shared library libnav2_navigate_through_poses_action_bt_node.so[0m
[348.142s] [ 38%] Built target nav2_navigate_through_poses_action_bt_node
[352.625s] [ 38%] [32mBuilding CXX object CMakeFiles/nav2_remove_passed_goals_action_bt_node.dir/plugins/action/remove_passed_goals_action.cpp.o[0m
[359.282s] [ 39%] [32m[1mLinking CXX shared library libnav2_remove_passed_goals_action_bt_node.so[0m
[359.595s] [ 39%] Built target nav2_remove_passed_goals_action_bt_node
[359.639s] [ 39%] [32mBuilding CXX object CMakeFiles/nav2_get_pose_from_path_action_bt_node.dir/plugins/action/get_pose_from_path_action.cpp.o[0m
[365.714s] [ 40%] [32m[1mLinking CXX shared library libnav2_get_pose_from_path_action_bt_node.so[0m
[365.936s] [ 40%] Built target nav2_get_pose_from_path_action_bt_node
[366.004s] [ 40%] [32mBuilding CXX object CMakeFiles/nav2_pipeline_sequence_bt_node.dir/plugins/control/pipeline_sequence.cpp.o[0m
[367.728s] [ 41%] [32m[1mLinking CXX shared library libnav2_pipeline_sequence_bt_node.so[0m
[367.931s] [ 41%] Built target nav2_pipeline_sequence_bt_node
[367.974s] [ 41%] [32mBuilding CXX object CMakeFiles/nav2_round_robin_node_bt_node.dir/plugins/control/round_robin_node.cpp.o[0m
[369.680s] [ 42%] [32m[1mLinking CXX shared library libnav2_round_robin_node_bt_node.so[0m
[369.900s] [ 42%] Built target nav2_round_robin_node_bt_node
[369.942s] [ 42%] [32mBuilding CXX object CMakeFiles/nav2_single_trigger_bt_node.dir/plugins/decorator/single_trigger_node.cpp.o[0m
[371.581s] [ 43%] [32m[1mLinking CXX shared library libnav2_single_trigger_bt_node.so[0m
[371.792s] [ 43%] Built target nav2_single_trigger_bt_node
[375.012s] [ 43%] [32mBuilding CXX object CMakeFiles/nav2_planner_selector_bt_node.dir/plugins/action/planner_selector_node.cpp.o[0m
[389.500s] [ 44%] [32m[1mLinking CXX shared library libnav2_planner_selector_bt_node.so[0m
[389.860s] [ 44%] Built target nav2_planner_selector_bt_node
[389.905s] [ 44%] [32mBuilding CXX object CMakeFiles/nav2_controller_selector_bt_node.dir/plugins/action/controller_selector_node.cpp.o[0m
[404.025s] [ 45%] [32m[1mLinking CXX shared library libnav2_controller_selector_bt_node.so[0m
[404.385s] [ 45%] Built target nav2_controller_selector_bt_node
[404.426s] [ 46%] [32mBuilding CXX object CMakeFiles/nav2_smoother_selector_bt_node.dir/plugins/action/smoother_selector_node.cpp.o[0m
[418.326s] [ 46%] [32m[1mLinking CXX shared library libnav2_smoother_selector_bt_node.so[0m
[423.139s] [ 46%] Built target nav2_smoother_selector_bt_node
[423.203s] [ 46%] [32mBuilding CXX object CMakeFiles/nav2_goal_checker_selector_bt_node.dir/plugins/action/goal_checker_selector_node.cpp.o[0m
[437.409s] [ 47%] [32m[1mLinking CXX shared library libnav2_goal_checker_selector_bt_node.so[0m
[437.795s] [ 47%] Built target nav2_goal_checker_selector_bt_node
[437.851s] [ 47%] [32mBuilding CXX object CMakeFiles/nav2_progress_checker_selector_bt_node.dir/plugins/action/progress_checker_selector_node.cpp.o[0m
[453.278s] [ 48%] [32m[1mLinking CXX shared library libnav2_progress_checker_selector_bt_node.so[0m
[453.628s] [ 48%] Built target nav2_progress_checker_selector_bt_node
[453.700s] [ 49%] [32mBuilding CXX object CMakeFiles/nav2_goal_updated_controller_bt_node.dir/plugins/decorator/goal_updated_controller.cpp.o[0m
[458.543s] [ 49%] [32m[1mLinking CXX shared library libnav2_goal_updated_controller_bt_node.so[0m
[458.767s] [ 49%] Built target nav2_goal_updated_controller_bt_node
[458.822s] [ 50%] [32mBuilding CXX object gtest/CMakeFiles/gtest_main.dir/src/gtest_main.cc.o[0m
[460.021s] [ 50%] [32m[1mLinking CXX static library libgtest_main.a[0m
[460.141s] [ 50%] Built target gtest_main
[460.182s] [ 50%] [32mBuilding CXX object gtest/CMakeFiles/gtest.dir/src/gtest-all.cc.o[0m
[470.082s] [ 50%] [32m[1mLinking CXX static library libgtest.a[0m
[470.229s] [ 50%] Built target gtest
[470.282s] [ 51%] [32mBuilding CXX object test/CMakeFiles/test_bt_conversions.dir/test_bt_conversions.cpp.o[0m
[475.495s] [ 51%] [32m[1mLinking CXX executable test_bt_conversions[0m
[475.946s] [ 51%] Built target test_bt_conversions
[476.068s] [ 51%] [32mBuilding CXX object test/plugins/condition/CMakeFiles/test_condition_distance_traveled.dir/test_distance_traveled.cpp.o[0m
[486.121s] [ 52%] [32m[1mLinking CXX executable test_condition_distance_traveled[0m
[486.655s] [ 52%] Built target test_condition_distance_traveled
[488.554s] [ 52%] [32mBuilding CXX object test/plugins/condition/CMakeFiles/test_condition_time_expired.dir/test_time_expired.cpp.o[0m
[498.083s] [ 52%] [32m[1mLinking CXX executable test_condition_time_expired[0m
[498.602s] [ 52%] Built target test_condition_time_expired
[498.653s] [ 52%] [32mBuilding CXX object test/plugins/condition/CMakeFiles/test_condition_path_expiring_timer.dir/test_path_expiring_timer.cpp.o[0m
[506.735s] [ 53%] [32m[1mLinking CXX executable test_condition_path_expiring_timer[0m
[507.204s] [ 53%] Built target test_condition_path_expiring_timer
[507.266s] [ 53%] [32mBuilding CXX object test/plugins/condition/CMakeFiles/test_condition_goal_reached.dir/test_goal_reached.cpp.o[0m
[515.990s] [ 54%] [32m[1mLinking CXX executable test_condition_goal_reached[0m
[516.360s] [ 54%] Built target test_condition_goal_reached
[516.403s] [ 54%] [32mBuilding CXX object test/plugins/condition/CMakeFiles/test_condition_goal_updated.dir/test_goal_updated.cpp.o[0m
[526.404s] [ 55%] [32m[1mLinking CXX executable test_condition_goal_updated[0m
[526.785s] [ 55%] Built target test_condition_goal_updated
[526.838s] [ 55%] [32mBuilding CXX object test/plugins/condition/CMakeFiles/test_condition_globally_updated_goal.dir/test_globally_updated_goal.cpp.o[0m
[537.689s] [ 56%] [32m[1mLinking CXX executable test_condition_globally_updated_goal[0m
[538.166s] [ 56%] Built target test_condition_globally_updated_goal
[538.214s] [ 56%] [32mBuilding CXX object test/plugins/condition/CMakeFiles/test_condition_initial_pose_received.dir/test_initial_pose_received.cpp.o[0m
[547.952s] [ 57%] [32m[1mLinking CXX executable test_condition_initial_pose_received[0m
[548.411s] [ 57%] Built target test_condition_initial_pose_received
[548.465s] [ 58%] [32mBuilding CXX object test/plugins/condition/CMakeFiles/test_condition_transform_available.dir/test_transform_available.cpp.o[0m
[556.849s] [ 58%] [32m[1mLinking CXX executable test_condition_transform_available[0m
[557.232s] [ 58%] Built target test_condition_transform_available
[557.285s] [ 58%] [32mBuilding CXX object test/plugins/condition/CMakeFiles/test_condition_is_stuck.dir/test_is_stuck.cpp.o[0m
[569.326s] [ 59%] [32m[1mLinking CXX executable test_condition_is_stuck[0m
[569.800s] [ 59%] Built target test_condition_is_stuck
[569.855s] [ 59%] [32mBuilding CXX object test/plugins/condition/CMakeFiles/test_condition_is_battery_charging.dir/test_is_battery_charging.cpp.o[0m
[578.263s] [ 60%] [32m[1mLinking CXX executable test_condition_is_battery_charging[0m
[578.620s] [ 60%] Built target test_condition_is_battery_charging
[578.673s] [ 60%] [32mBuilding CXX object test/plugins/condition/CMakeFiles/test_condition_is_battery_low.dir/test_is_battery_low.cpp.o[0m
[587.604s] [ 61%] [32m[1mLinking CXX executable test_condition_is_battery_low[0m
[587.978s] [ 61%] Built target test_condition_is_battery_low
[588.027s] [ 61%] [32mBuilding CXX object test/plugins/condition/CMakeFiles/test_condition_is_path_valid.dir/test_is_path_valid.cpp.o[0m
[595.876s] [ 62%] [32m[1mLinking CXX executable test_condition_is_path_valid[0m
[596.248s] [ 62%] Built target test_condition_is_path_valid
[596.294s] [ 63%] [32mBuilding CXX object test/plugins/decorator/CMakeFiles/test_decorator_distance_controller.dir/test_distance_controller.cpp.o[0m
[605.462s] [ 63%] [32m[1mLinking CXX executable test_decorator_distance_controller[0m
[605.830s] [ 63%] Built target test_decorator_distance_controller
[605.880s] [ 64%] [32mBuilding CXX object test/plugins/decorator/CMakeFiles/test_decorator_speed_controller.dir/test_speed_controller.cpp.o[0m
[608.912s] [ 65%] [32mBuilding CXX object test/plugins/decorator/CMakeFiles/test_decorator_rate_controller.dir/test_rate_controller.cpp.o[0m
[618.549s] [ 65%] [32m[1mLinking CXX executable test_decorator_speed_controller[0m
[619.003s] [ 65%] Built target test_decorator_speed_controller
[619.058s] [ 65%] [32mBuilding CXX object test/plugins/decorator/CMakeFiles/test_goal_updater_node.dir/test_goal_updater_node.cpp.o[0m
[619.301s] [ 65%] [32m[1mLinking CXX executable test_decorator_rate_controller[0m
[619.750s] [ 65%] Built target test_decorator_rate_controller
[619.816s] [ 65%] [32mBuilding CXX object test/plugins/decorator/CMakeFiles/test_single_trigger_node.dir/test_single_trigger_node.cpp.o[0m
[629.030s] [ 66%] [32m[1mLinking CXX executable test_goal_updater_node[0m
[629.319s] [ 67%] [32m[1mLinking CXX executable test_single_trigger_node[0m
[629.490s] [ 67%] Built target test_goal_updater_node
[629.839s] [ 67%] Built target test_single_trigger_node
[629.895s] [ 67%] [32mBuilding CXX object test/plugins/decorator/CMakeFiles/test_goal_updated_controller.dir/test_goal_updated_controller.cpp.o[0m
[639.020s] [ 68%] [32mBuilding CXX object test/plugins/decorator/CMakeFiles/test_decorator_path_longer_on_approach.dir/test_path_longer_on_approach.cpp.o[0m
[641.415s] [ 69%] [32m[1mLinking CXX executable test_goal_updated_controller[0m
[641.873s] [ 69%] Built target test_goal_updated_controller
[641.929s] [ 70%] [32mBuilding CXX object test/plugins/control/CMakeFiles/test_control_recovery_node.dir/test_recovery_node.cpp.o[0m
[647.682s] [ 70%] [32m[1mLinking CXX executable test_decorator_path_longer_on_approach[0m
[648.050s] [ 70%] Built target test_decorator_path_longer_on_approach
[648.105s] [ 71%] [32mBuilding CXX object test/plugins/control/CMakeFiles/test_control_pipeline_sequence.dir/test_pipeline_sequence.cpp.o[0m
[651.635s] [ 71%] [32m[1mLinking CXX executable test_control_recovery_node[0m
[652.085s] [ 71%] Built target test_control_recovery_node
[652.141s] [ 72%] [32mBuilding CXX object test/plugins/control/CMakeFiles/test_control_round_robin_node.dir/test_round_robin_node.cpp.o[0m
[657.952s] [ 72%] [32m[1mLinking CXX executable test_control_pipeline_sequence[0m
[659.794s] [ 72%] Built target test_control_pipeline_sequence
[661.579s] [ 72%] [32m[1mLinking CXX executable test_control_round_robin_node[0m
[661.986s] [ 72%] Built target test_control_round_robin_node
[662.036s] [ 73%] [32mBuilding CXX object test/plugins/action/CMakeFiles/test_bt_action_node.dir/test_bt_action_node.cpp.o[0m
[664.085s] [ 74%] [32mBuilding CXX object test/plugins/action/CMakeFiles/test_action_spin_action.dir/test_spin_action.cpp.o[0m
[673.381s] [ 74%] [32m[1mLinking CXX executable test_action_spin_action[0m
[673.774s] [ 74%] Built target test_action_spin_action
[673.827s] [ 74%] [32mBuilding CXX object test/plugins/action/CMakeFiles/test_action_back_up_action.dir/test_back_up_action.cpp.o[0m
[674.958s] [ 74%] [32m[1mLinking CXX executable test_bt_action_node[0m
[675.390s] [ 74%] Built target test_bt_action_node
[675.460s] [ 74%] [32mBuilding CXX object test/plugins/action/CMakeFiles/test_action_drive_on_heading.dir/test_drive_on_heading_action.cpp.o[0m
[683.705s] [ 75%] [32m[1mLinking CXX executable test_action_back_up_action[0m
[684.197s] [ 75%] Built target test_action_back_up_action
[685.658s] [ 76%] [32m[1mLinking CXX executable test_action_drive_on_heading[0m
[686.011s] [ 76%] Built target test_action_drive_on_heading
[686.052s] [ 77%] [32mBuilding CXX object test/plugins/action/CMakeFiles/test_action_wait_action.dir/test_wait_action.cpp.o[0m
[691.817s] [ 77%] [32mBuilding CXX object test/plugins/action/CMakeFiles/test_action_assisted_teleop_action.dir/test_assisted_teleop_action.cpp.o[0m
[696.119s] [ 77%] [32m[1mLinking CXX executable test_action_wait_action[0m
[696.546s] [ 77%] Built target test_action_wait_action
[696.590s] [ 77%] [32mBuilding CXX object test/plugins/action/CMakeFiles/test_action_controller_cancel_action.dir/test_controller_cancel_node.cpp.o[0m
[703.207s] [ 78%] [32m[1mLinking CXX executable test_action_assisted_teleop_action[0m
[703.741s] [ 78%] Built target test_action_assisted_teleop_action
[703.794s] [ 79%] [32mBuilding CXX object test/plugins/action/CMakeFiles/test_action_wait_cancel_action.dir/test_wait_cancel_node.cpp.o[0m
[707.889s] [ 80%] [32m[1mLinking CXX executable test_action_controller_cancel_action[0m
[708.327s] [ 80%] Built target test_action_controller_cancel_action
[708.374s] [ 81%] [32mBuilding CXX object test/plugins/action/CMakeFiles/test_action_spin_cancel_action.dir/test_spin_cancel_node.cpp.o[0m
[714.586s] [ 81%] [32m[1mLinking CXX executable test_action_wait_cancel_action[0m
[715.588s] [ 81%] Built target test_action_wait_cancel_action
[719.667s] [ 81%] [32m[1mLinking CXX executable test_action_spin_cancel_action[0m
[720.128s] [ 81%] Built target test_action_spin_cancel_action
[720.184s] [ 81%] [32mBuilding CXX object test/plugins/action/CMakeFiles/test_action_back_up_cancel_action.dir/test_back_up_cancel_node.cpp.o[0m
[724.280s] [ 81%] [32mBuilding CXX object test/plugins/action/CMakeFiles/test_action_assisted_teleop_cancel_action.dir/test_assisted_teleop_cancel_node.cpp.o[0m
[730.744s] [ 82%] [32m[1mLinking CXX executable test_action_back_up_cancel_action[0m
[731.149s] [ 82%] Built target test_action_back_up_cancel_action
[731.194s] [ 82%] [32mBuilding CXX object test/plugins/action/CMakeFiles/test_action_drive_on_heading_cancel_action.dir/test_drive_on_heading_cancel_node.cpp.o[0m
[734.429s] [ 83%] [32m[1mLinking CXX executable test_action_assisted_teleop_cancel_action[0m
[734.839s] [ 83%] Built target test_action_assisted_teleop_cancel_action
[739.905s] [ 83%] [32mBuilding CXX object test/plugins/action/CMakeFiles/test_action_clear_costmap_service.dir/test_clear_costmap_service.cpp.o[0m
[742.330s] [ 84%] [32m[1mLinking CXX executable test_action_drive_on_heading_cancel_action[0m
[742.750s] [ 84%] Built target test_action_drive_on_heading_cancel_action
[742.912s] [ 85%] [32mBuilding CXX object test/plugins/action/CMakeFiles/test_action_reinitialize_global_localization_service.dir/test_reinitialize_global_localization_service.cpp.o[0m
[750.752s] [ 86%] [32m[1mLinking CXX executable test_action_clear_costmap_service[0m
[751.012s] [ 86%] [32m[1mLinking CXX executable test_action_reinitialize_global_localization_service[0m
[751.238s] [ 86%] Built target test_action_clear_costmap_service
[751.304s] [ 86%] [32mBuilding CXX object test/plugins/action/CMakeFiles/test_action_compute_path_to_pose_action.dir/test_compute_path_to_pose_action.cpp.o[0m
[751.419s] [ 86%] Built target test_action_reinitialize_global_localization_service
[751.474s] [ 86%] [32mBuilding CXX object test/plugins/action/CMakeFiles/test_action_compute_path_through_poses_action.dir/test_compute_path_through_poses_action.cpp.o[0m
[761.959s] [ 87%] [32m[1mLinking CXX executable test_action_compute_path_to_pose_action[0m
[762.276s] [ 88%] [32m[1mLinking CXX executable test_action_compute_path_through_poses_action[0m
[762.428s] [ 88%] Built target test_action_compute_path_to_pose_action
[762.745s] [ 88%] Built target test_action_compute_path_through_poses_action
[762.800s] [ 89%] [32mBuilding CXX object test/plugins/action/CMakeFiles/test_action_smooth_path_action.dir/test_smooth_path_action.cpp.o[0m
[772.038s] [ 89%] [32m[1mLinking CXX executable test_action_smooth_path_action[0m
[772.481s] [ 89%] Built target test_action_smooth_path_action
[772.537s] [ 89%] [32mBuilding CXX object test/plugins/action/CMakeFiles/test_action_follow_path_action.dir/test_follow_path_action.cpp.o[0m
[782.842s] [ 89%] [32m[1mLinking CXX executable test_action_follow_path_action[0m
[783.248s] [ 89%] Built target test_action_follow_path_action
[783.298s] [ 90%] [32mBuilding CXX object test/plugins/action/CMakeFiles/test_action_navigate_to_pose_action.dir/test_navigate_to_pose_action.cpp.o[0m
[791.588s] [ 90%] [32m[1mLinking CXX executable test_action_navigate_to_pose_action[0m
[791.950s] [ 90%] Built target test_action_navigate_to_pose_action
[791.994s] [ 91%] [32mBuilding CXX object test/plugins/action/CMakeFiles/test_action_navigate_through_poses_action.dir/test_navigate_through_poses_action.cpp.o[0m
[801.426s] [ 91%] [32m[1mLinking CXX executable test_action_navigate_through_poses_action[0m
[801.795s] [ 91%] Built target test_action_navigate_through_poses_action
[801.843s] [ 91%] [32mBuilding CXX object test/plugins/action/CMakeFiles/test_truncate_path_action.dir/test_truncate_path_action.cpp.o[0m
[810.224s] [ 92%] [32m[1mLinking CXX executable test_truncate_path_action[0m
[810.600s] [ 92%] Built target test_truncate_path_action
[810.653s] [ 92%] [32mBuilding CXX object test/plugins/action/CMakeFiles/test_truncate_path_local_action.dir/test_truncate_path_local_action.cpp.o[0m
[820.446s] [ 93%] [32m[1mLinking CXX executable test_truncate_path_local_action[0m
[820.819s] [ 93%] Built target test_truncate_path_local_action
[820.862s] [ 93%] [32mBuilding CXX object test/plugins/action/CMakeFiles/test_remove_passed_goals_action.dir/test_remove_passed_goals_action.cpp.o[0m
[829.907s] [ 94%] [32mBuilding CXX object test/plugins/action/CMakeFiles/test_get_pose_from_path_action.dir/test_get_pose_from_path_action.cpp.o[0m
[831.983s] [ 95%] [32m[1mLinking CXX executable test_remove_passed_goals_action[0m
[832.470s] [ 95%] Built target test_remove_passed_goals_action
[832.529s] [ 95%] [32mBuilding CXX object test/plugins/action/CMakeFiles/test_planner_selector_node.dir/test_planner_selector_node.cpp.o[0m
[838.260s] [ 95%] [32m[1mLinking CXX executable test_get_pose_from_path_action[0m
[838.627s] [ 95%] Built target test_get_pose_from_path_action
[838.688s] [ 96%] [32mBuilding CXX object test/plugins/action/CMakeFiles/test_controller_selector_node.dir/test_controller_selector_node.cpp.o[0m
[842.327s] [ 97%] [32m[1mLinking CXX executable test_planner_selector_node[0m
[842.715s] [ 97%] Built target test_planner_selector_node
[842.782s] [ 97%] [32mBuilding CXX object test/plugins/action/CMakeFiles/test_smoother_selector_node.dir/test_smoother_selector_node.cpp.o[0m
[848.145s] [ 97%] [32m[1mLinking CXX executable test_controller_selector_node[0m
[848.564s] [ 97%] Built target test_controller_selector_node
[849.607s] [ 97%] [32mBuilding CXX object test/plugins/action/CMakeFiles/test_goal_checker_selector_node.dir/test_goal_checker_selector_node.cpp.o[0m
[855.343s] [ 98%] [32m[1mLinking CXX executable test_smoother_selector_node[0m
[855.751s] [ 98%] Built target test_smoother_selector_node
[855.804s] [ 98%] [32mBuilding CXX object test/plugins/action/CMakeFiles/test_progress_checker_selector_node.dir/test_progress_checker_selector_node.cpp.o[0m
[859.728s] [ 99%] [32m[1mLinking CXX executable test_goal_checker_selector_node[0m
[860.152s] [ 99%] Built target test_goal_checker_selector_node
[864.916s] [100%] [32m[1mLinking CXX executable test_progress_checker_selector_node[0m
[865.271s] [100%] Built target test_progress_checker_selector_node
[865.302s] Invoked command in '/home/huuhoa/hospital_robot/build/nav2_behavior_tree' returned '0': CMAKE_PREFIX_PATH=/home/huuhoa/hospital_robot/install/nav2_util:/home/huuhoa/hospital_robot/install/nav2_msgs:/home/huuhoa/hospital_robot/install/nav2_common:/home/huuhoa/hospital_robot/install/nav_2d_utils:/home/huuhoa/hospital_robot/install/dwb_msgs:/home/huuhoa/hospital_robot/install/nav_2d_msgs:/home/huuhoa/hospital_robot/install/nav2_voxel_grid:/home/huuhoa/hospital_robot/install/nav2_map_server:/home/huuhoa/hospital_robot/install/nav2_lifecycle_manager:/home/huuhoa/hospital_robot/install/map_msgs:/home/huuhoa/hospital_robot/install/hospital_package:/home/huuhoa/hospital_robot/install/nav2_simple_commander:/opt/ros/humble LD_LIBRARY_PATH=/home/huuhoa/hospital_robot/install/nav2_util/lib:/home/huuhoa/hospital_robot/install/nav2_msgs/lib:/home/huuhoa/hospital_robot/install/nav_2d_utils/lib:/home/huuhoa/hospital_robot/install/dwb_msgs/lib:/home/huuhoa/hospital_robot/install/nav_2d_msgs/lib:/home/huuhoa/hospital_robot/install/nav2_voxel_grid/lib:/home/huuhoa/hospital_robot/install/nav2_map_server/lib:/home/huuhoa/hospital_robot/install/nav2_lifecycle_manager/lib:/home/huuhoa/hospital_robot/install/map_msgs/lib:/opt/ros/humble/lib/x86_64-linux-gnu:/opt/ros/humble/lib /usr/bin/cmake --build /home/huuhoa/hospital_robot/build/nav2_behavior_tree -- -j2 -l2
[865.312s] Invoking command in '/home/huuhoa/hospital_robot/build/nav2_behavior_tree': CMAKE_PREFIX_PATH=/home/huuhoa/hospital_robot/install/nav2_util:/home/huuhoa/hospital_robot/install/nav2_msgs:/home/huuhoa/hospital_robot/install/nav2_common:/home/huuhoa/hospital_robot/install/nav_2d_utils:/home/huuhoa/hospital_robot/install/dwb_msgs:/home/huuhoa/hospital_robot/install/nav_2d_msgs:/home/huuhoa/hospital_robot/install/nav2_voxel_grid:/home/huuhoa/hospital_robot/install/nav2_map_server:/home/huuhoa/hospital_robot/install/nav2_lifecycle_manager:/home/huuhoa/hospital_robot/install/map_msgs:/home/huuhoa/hospital_robot/install/hospital_package:/home/huuhoa/hospital_robot/install/nav2_simple_commander:/opt/ros/humble LD_LIBRARY_PATH=/home/huuhoa/hospital_robot/install/nav2_util/lib:/home/huuhoa/hospital_robot/install/nav2_msgs/lib:/home/huuhoa/hospital_robot/install/nav_2d_utils/lib:/home/huuhoa/hospital_robot/install/dwb_msgs/lib:/home/huuhoa/hospital_robot/install/nav_2d_msgs/lib:/home/huuhoa/hospital_robot/install/nav2_voxel_grid/lib:/home/huuhoa/hospital_robot/install/nav2_map_server/lib:/home/huuhoa/hospital_robot/install/nav2_lifecycle_manager/lib:/home/huuhoa/hospital_robot/install/map_msgs/lib:/opt/ros/humble/lib/x86_64-linux-gnu:/opt/ros/humble/lib /usr/bin/cmake --install /home/huuhoa/hospital_robot/build/nav2_behavior_tree
[865.326s] -- Install configuration: "Release"
[865.326s] -- Execute custom install script
[865.326s] -- Symlinking: /home/huuhoa/hospital_robot/install/nav2_behavior_tree/lib/libnav2_behavior_tree.so
[865.340s] -- Symlinking: /home/huuhoa/hospital_robot/install/nav2_behavior_tree/lib/libnav2_compute_path_to_pose_action_bt_node.so
[865.357s] -- Symlinking: /home/huuhoa/hospital_robot/install/nav2_behavior_tree/lib/libnav2_compute_path_through_poses_action_bt_node.so
[865.373s] -- Symlinking: /home/huuhoa/hospital_robot/install/nav2_behavior_tree/lib/libnav2_controller_cancel_bt_node.so
[865.393s] -- Symlinking: /home/huuhoa/hospital_robot/install/nav2_behavior_tree/lib/libnav2_wait_cancel_bt_node.so
[865.415s] -- Symlinking: /home/huuhoa/hospital_robot/install/nav2_behavior_tree/lib/libnav2_spin_cancel_bt_node.so
[865.432s] -- Symlinking: /home/huuhoa/hospital_robot/install/nav2_behavior_tree/lib/libnav2_back_up_cancel_bt_node.so
[865.456s] -- Symlinking: /home/huuhoa/hospital_robot/install/nav2_behavior_tree/lib/libnav2_assisted_teleop_cancel_bt_node.so
[865.473s] -- Symlinking: /home/huuhoa/hospital_robot/install/nav2_behavior_tree/lib/libnav2_drive_on_heading_cancel_bt_node.so
[865.487s] -- Symlinking: /home/huuhoa/hospital_robot/install/nav2_behavior_tree/lib/libnav2_smooth_path_action_bt_node.so
[865.510s] -- Symlinking: /home/huuhoa/hospital_robot/install/nav2_behavior_tree/lib/libnav2_follow_path_action_bt_node.so
[865.526s] -- Symlinking: /home/huuhoa/hospital_robot/install/nav2_behavior_tree/lib/libnav2_back_up_action_bt_node.so
[865.541s] -- Symlinking: /home/huuhoa/hospital_robot/install/nav2_behavior_tree/lib/libnav2_drive_on_heading_bt_node.so
[865.557s] -- Symlinking: /home/huuhoa/hospital_robot/install/nav2_behavior_tree/lib/libnav2_spin_action_bt_node.so
[865.571s] -- Symlinking: /home/huuhoa/hospital_robot/install/nav2_behavior_tree/lib/libnav2_wait_action_bt_node.so
[865.585s] -- Symlinking: /home/huuhoa/hospital_robot/install/nav2_behavior_tree/lib/libnav2_assisted_teleop_action_bt_node.so
[865.601s] -- Symlinking: /home/huuhoa/hospital_robot/install/nav2_behavior_tree/lib/libnav2_clear_costmap_service_bt_node.so
[865.621s] -- Symlinking: /home/huuhoa/hospital_robot/install/nav2_behavior_tree/lib/libnav2_is_stuck_condition_bt_node.so
[865.636s] -- Symlinking: /home/huuhoa/hospital_robot/install/nav2_behavior_tree/lib/libnav2_transform_available_condition_bt_node.so
[865.652s] -- Symlinking: /home/huuhoa/hospital_robot/install/nav2_behavior_tree/lib/libnav2_goal_reached_condition_bt_node.so
[865.667s] -- Symlinking: /home/huuhoa/hospital_robot/install/nav2_behavior_tree/lib/libnav2_globally_updated_goal_condition_bt_node.so
[865.683s] -- Symlinking: /home/huuhoa/hospital_robot/install/nav2_behavior_tree/lib/libnav2_goal_updated_condition_bt_node.so
[865.700s] -- Symlinking: /home/huuhoa/hospital_robot/install/nav2_behavior_tree/lib/libnav2_is_path_valid_condition_bt_node.so
[865.716s] -- Symlinking: /home/huuhoa/hospital_robot/install/nav2_behavior_tree/lib/libnav2_time_expired_condition_bt_node.so
[865.731s] -- Symlinking: /home/huuhoa/hospital_robot/install/nav2_behavior_tree/lib/libnav2_path_expiring_timer_condition.so
[865.745s] -- Symlinking: /home/huuhoa/hospital_robot/install/nav2_behavior_tree/lib/libnav2_distance_traveled_condition_bt_node.so
[865.760s] -- Symlinking: /home/huuhoa/hospital_robot/install/nav2_behavior_tree/lib/libnav2_initial_pose_received_condition_bt_node.so
[865.779s] -- Symlinking: /home/huuhoa/hospital_robot/install/nav2_behavior_tree/lib/libnav2_is_battery_charging_condition_bt_node.so
[865.800s] -- Symlinking: /home/huuhoa/hospital_robot/install/nav2_behavior_tree/lib/libnav2_is_battery_low_condition_bt_node.so
[865.812s] -- Symlinking: /home/huuhoa/hospital_robot/install/nav2_behavior_tree/lib/libnav2_reinitialize_global_localization_service_bt_node.so
[865.825s] -- Symlinking: /home/huuhoa/hospital_robot/install/nav2_behavior_tree/lib/libnav2_rate_controller_bt_node.so
[865.842s] -- Symlinking: /home/huuhoa/hospital_robot/install/nav2_behavior_tree/lib/libnav2_distance_controller_bt_node.so
[865.858s] -- Symlinking: /home/huuhoa/hospital_robot/install/nav2_behavior_tree/lib/libnav2_speed_controller_bt_node.so
[865.874s] -- Symlinking: /home/huuhoa/hospital_robot/install/nav2_behavior_tree/lib/libnav2_truncate_path_action_bt_node.so
[865.891s] -- Symlinking: /home/huuhoa/hospital_robot/install/nav2_behavior_tree/lib/libnav2_truncate_path_local_action_bt_node.so
[865.912s] -- Symlinking: /home/huuhoa/hospital_robot/install/nav2_behavior_tree/lib/libnav2_goal_updater_node_bt_node.so
[865.926s] -- Symlinking: /home/huuhoa/hospital_robot/install/nav2_behavior_tree/lib/libnav2_path_longer_on_approach_bt_node.so
[865.942s] -- Symlinking: /home/huuhoa/hospital_robot/install/nav2_behavior_tree/lib/libnav2_recovery_node_bt_node.so
[865.959s] -- Symlinking: /home/huuhoa/hospital_robot/install/nav2_behavior_tree/lib/libnav2_navigate_to_pose_action_bt_node.so
[865.974s] -- Symlinking: /home/huuhoa/hospital_robot/install/nav2_behavior_tree/lib/libnav2_navigate_through_poses_action_bt_node.so
[865.989s] -- Symlinking: /home/huuhoa/hospital_robot/install/nav2_behavior_tree/lib/libnav2_remove_passed_goals_action_bt_node.so
[866.011s] -- Symlinking: /home/huuhoa/hospital_robot/install/nav2_behavior_tree/lib/libnav2_get_pose_from_path_action_bt_node.so
[866.025s] -- Symlinking: /home/huuhoa/hospital_robot/install/nav2_behavior_tree/lib/libnav2_pipeline_sequence_bt_node.so
[866.042s] -- Symlinking: /home/huuhoa/hospital_robot/install/nav2_behavior_tree/lib/libnav2_round_robin_node_bt_node.so
[866.061s] -- Symlinking: /home/huuhoa/hospital_robot/install/nav2_behavior_tree/lib/libnav2_single_trigger_bt_node.so
[866.081s] -- Symlinking: /home/huuhoa/hospital_robot/install/nav2_behavior_tree/lib/libnav2_planner_selector_bt_node.so
[866.098s] -- Symlinking: /home/huuhoa/hospital_robot/install/nav2_behavior_tree/lib/libnav2_controller_selector_bt_node.so
[866.117s] -- Symlinking: /home/huuhoa/hospital_robot/install/nav2_behavior_tree/lib/libnav2_smoother_selector_bt_node.so
[866.136s] -- Symlinking: /home/huuhoa/hospital_robot/install/nav2_behavior_tree/lib/libnav2_goal_checker_selector_bt_node.so
[866.152s] -- Symlinking: /home/huuhoa/hospital_robot/install/nav2_behavior_tree/lib/libnav2_progress_checker_selector_bt_node.so
[866.168s] -- Symlinking: /home/huuhoa/hospital_robot/install/nav2_behavior_tree/lib/libnav2_goal_updated_controller_bt_node.so
[866.185s] -- Symlinking: /home/huuhoa/hospital_robot/install/nav2_behavior_tree/include//nav2_behavior_tree/behavior_tree_engine.hpp
[866.208s] -- Symlinking: /home/huuhoa/hospital_robot/install/nav2_behavior_tree/include//nav2_behavior_tree/bt_action_node.hpp
[866.224s] -- Symlinking: /home/huuhoa/hospital_robot/install/nav2_behavior_tree/include//nav2_behavior_tree/bt_action_server.hpp
[866.241s] -- Symlinking: /home/huuhoa/hospital_robot/install/nav2_behavior_tree/include//nav2_behavior_tree/bt_action_server_impl.hpp
[866.260s] -- Symlinking: /home/huuhoa/hospital_robot/install/nav2_behavior_tree/include//nav2_behavior_tree/bt_cancel_action_node.hpp
[866.279s] -- Symlinking: /home/huuhoa/hospital_robot/install/nav2_behavior_tree/include//nav2_behavior_tree/bt_conversions.hpp
[866.300s] -- Symlinking: /home/huuhoa/hospital_robot/install/nav2_behavior_tree/include//nav2_behavior_tree/bt_service_node.hpp
[866.320s] -- Symlinking: /home/huuhoa/hospital_robot/install/nav2_behavior_tree/include//nav2_behavior_tree/plugins/action/assisted_teleop_action.hpp
[866.341s] -- Symlinking: /home/huuhoa/hospital_robot/install/nav2_behavior_tree/include//nav2_behavior_tree/plugins/action/assisted_teleop_cancel_node.hpp
[866.358s] -- Symlinking: /home/huuhoa/hospital_robot/install/nav2_behavior_tree/include//nav2_behavior_tree/plugins/action/back_up_action.hpp
[866.374s] -- Symlinking: /home/huuhoa/hospital_robot/install/nav2_behavior_tree/include//nav2_behavior_tree/plugins/action/back_up_cancel_node.hpp
[866.389s] -- Symlinking: /home/huuhoa/hospital_robot/install/nav2_behavior_tree/include//nav2_behavior_tree/plugins/action/clear_costmap_service.hpp
[866.413s] -- Symlinking: /home/huuhoa/hospital_robot/install/nav2_behavior_tree/include//nav2_behavior_tree/plugins/action/compute_path_through_poses_action.hpp
[866.429s] -- Symlinking: /home/huuhoa/hospital_robot/install/nav2_behavior_tree/include//nav2_behavior_tree/plugins/action/compute_path_to_pose_action.hpp
[866.448s] -- Symlinking: /home/huuhoa/hospital_robot/install/nav2_behavior_tree/include//nav2_behavior_tree/plugins/action/controller_cancel_node.hpp
[866.464s] -- Symlinking: /home/huuhoa/hospital_robot/install/nav2_behavior_tree/include//nav2_behavior_tree/plugins/action/controller_selector_node.hpp
[866.482s] -- Symlinking: /home/huuhoa/hospital_robot/install/nav2_behavior_tree/include//nav2_behavior_tree/plugins/action/drive_on_heading_action.hpp
[866.501s] -- Symlinking: /home/huuhoa/hospital_robot/install/nav2_behavior_tree/include//nav2_behavior_tree/plugins/action/drive_on_heading_cancel_node.hpp
[866.529s] -- Symlinking: /home/huuhoa/hospital_robot/install/nav2_behavior_tree/include//nav2_behavior_tree/plugins/action/follow_path_action.hpp
[866.548s] -- Symlinking: /home/huuhoa/hospital_robot/install/nav2_behavior_tree/include//nav2_behavior_tree/plugins/action/get_pose_from_path_action.hpp
[866.566s] -- Symlinking: /home/huuhoa/hospital_robot/install/nav2_behavior_tree/include//nav2_behavior_tree/plugins/action/goal_checker_selector_node.hpp
[866.584s] -- Symlinking: /home/huuhoa/hospital_robot/install/nav2_behavior_tree/include//nav2_behavior_tree/plugins/action/navigate_through_poses_action.hpp
[866.606s] -- Symlinking: /home/huuhoa/hospital_robot/install/nav2_behavior_tree/include//nav2_behavior_tree/plugins/action/navigate_to_pose_action.hpp
[866.623s] -- Symlinking: /home/huuhoa/hospital_robot/install/nav2_behavior_tree/include//nav2_behavior_tree/plugins/action/planner_selector_node.hpp
[866.640s] -- Symlinking: /home/huuhoa/hospital_robot/install/nav2_behavior_tree/include//nav2_behavior_tree/plugins/action/progress_checker_selector_node.hpp
[866.658s] -- Symlinking: /home/huuhoa/hospital_robot/install/nav2_behavior_tree/include//nav2_behavior_tree/plugins/action/reinitialize_global_localization_service.hpp
[866.672s] -- Symlinking: /home/huuhoa/hospital_robot/install/nav2_behavior_tree/include//nav2_behavior_tree/plugins/action/remove_passed_goals_action.hpp
[866.687s] -- Symlinking: /home/huuhoa/hospital_robot/install/nav2_behavior_tree/include//nav2_behavior_tree/plugins/action/smooth_path_action.hpp
[866.700s] -- Symlinking: /home/huuhoa/hospital_robot/install/nav2_behavior_tree/include//nav2_behavior_tree/plugins/action/smoother_selector_node.hpp
[866.722s] -- Symlinking: /home/huuhoa/hospital_robot/install/nav2_behavior_tree/include//nav2_behavior_tree/plugins/action/spin_action.hpp
[866.740s] -- Symlinking: /home/huuhoa/hospital_robot/install/nav2_behavior_tree/include//nav2_behavior_tree/plugins/action/spin_cancel_node.hpp
[866.758s] -- Symlinking: /home/huuhoa/hospital_robot/install/nav2_behavior_tree/include//nav2_behavior_tree/plugins/action/truncate_path_action.hpp
[866.777s] -- Symlinking: /home/huuhoa/hospital_robot/install/nav2_behavior_tree/include//nav2_behavior_tree/plugins/action/truncate_path_local_action.hpp
[866.795s] -- Symlinking: /home/huuhoa/hospital_robot/install/nav2_behavior_tree/include//nav2_behavior_tree/plugins/action/wait_action.hpp
[866.813s] -- Symlinking: /home/huuhoa/hospital_robot/install/nav2_behavior_tree/include//nav2_behavior_tree/plugins/action/wait_cancel_node.hpp
[866.830s] -- Symlinking: /home/huuhoa/hospital_robot/install/nav2_behavior_tree/include//nav2_behavior_tree/plugins/condition/distance_traveled_condition.hpp
[866.848s] -- Symlinking: /home/huuhoa/hospital_robot/install/nav2_behavior_tree/include//nav2_behavior_tree/plugins/condition/globally_updated_goal_condition.hpp
[866.866s] -- Symlinking: /home/huuhoa/hospital_robot/install/nav2_behavior_tree/include//nav2_behavior_tree/plugins/condition/goal_reached_condition.hpp
[866.880s] -- Symlinking: /home/huuhoa/hospital_robot/install/nav2_behavior_tree/include//nav2_behavior_tree/plugins/condition/goal_updated_condition.hpp
[866.897s] -- Symlinking: /home/huuhoa/hospital_robot/install/nav2_behavior_tree/include//nav2_behavior_tree/plugins/condition/initial_pose_received_condition.hpp
[866.912s] -- Symlinking: /home/huuhoa/hospital_robot/install/nav2_behavior_tree/include//nav2_behavior_tree/plugins/condition/is_battery_charging_condition.hpp
[866.927s] -- Symlinking: /home/huuhoa/hospital_robot/install/nav2_behavior_tree/include//nav2_behavior_tree/plugins/condition/is_battery_low_condition.hpp
[866.940s] -- Symlinking: /home/huuhoa/hospital_robot/install/nav2_behavior_tree/include//nav2_behavior_tree/plugins/condition/is_path_valid_condition.hpp
[866.957s] -- Symlinking: /home/huuhoa/hospital_robot/install/nav2_behavior_tree/include//nav2_behavior_tree/plugins/condition/is_stuck_condition.hpp
[866.971s] -- Symlinking: /home/huuhoa/hospital_robot/install/nav2_behavior_tree/include//nav2_behavior_tree/plugins/condition/path_expiring_timer_condition.hpp
[866.989s] -- Symlinking: /home/huuhoa/hospital_robot/install/nav2_behavior_tree/include//nav2_behavior_tree/plugins/condition/time_expired_condition.hpp
[867.006s] -- Symlinking: /home/huuhoa/hospital_robot/install/nav2_behavior_tree/include//nav2_behavior_tree/plugins/condition/transform_available_condition.hpp
[867.023s] -- Symlinking: /home/huuhoa/hospital_robot/install/nav2_behavior_tree/include//nav2_behavior_tree/plugins/control/pipeline_sequence.hpp
[867.046s] -- Symlinking: /home/huuhoa/hospital_robot/install/nav2_behavior_tree/include//nav2_behavior_tree/plugins/control/recovery_node.hpp
[867.064s] -- Symlinking: /home/huuhoa/hospital_robot/install/nav2_behavior_tree/include//nav2_behavior_tree/plugins/control/round_robin_node.hpp
[867.083s] -- Symlinking: /home/huuhoa/hospital_robot/install/nav2_behavior_tree/include//nav2_behavior_tree/plugins/decorator/distance_controller.hpp
[867.100s] -- Symlinking: /home/huuhoa/hospital_robot/install/nav2_behavior_tree/include//nav2_behavior_tree/plugins/decorator/goal_updated_controller.hpp
[867.116s] -- Symlinking: /home/huuhoa/hospital_robot/install/nav2_behavior_tree/include//nav2_behavior_tree/plugins/decorator/goal_updater_node.hpp
[867.142s] -- Symlinking: /home/huuhoa/hospital_robot/install/nav2_behavior_tree/include//nav2_behavior_tree/plugins/decorator/path_longer_on_approach.hpp
[867.159s] -- Symlinking: /home/huuhoa/hospital_robot/install/nav2_behavior_tree/include//nav2_behavior_tree/plugins/decorator/rate_controller.hpp
[867.175s] -- Symlinking: /home/huuhoa/hospital_robot/install/nav2_behavior_tree/include//nav2_behavior_tree/plugins/decorator/single_trigger_node.hpp
[867.190s] -- Symlinking: /home/huuhoa/hospital_robot/install/nav2_behavior_tree/include//nav2_behavior_tree/plugins/decorator/speed_controller.hpp
[867.204s] -- Symlinking: /home/huuhoa/hospital_robot/install/nav2_behavior_tree/include//nav2_behavior_tree/ros_topic_logger.hpp
[867.225s] -- Symlinking: /home/huuhoa/hospital_robot/install/nav2_behavior_tree/share/nav2_behavior_tree/nav2_tree_nodes.xml
[867.241s] -- Symlinking: /home/huuhoa/hospital_robot/install/nav2_behavior_tree/share/nav2_behavior_tree/environment/library_path.sh
[867.259s] -- Symlinking: /home/huuhoa/hospital_robot/install/nav2_behavior_tree/share/nav2_behavior_tree/environment/library_path.dsv
[867.278s] -- Symlinking: /home/huuhoa/hospital_robot/install/nav2_behavior_tree/share/ament_index/resource_index/package_run_dependencies/nav2_behavior_tree
[867.296s] -- Symlinking: /home/huuhoa/hospital_robot/install/nav2_behavior_tree/share/ament_index/resource_index/parent_prefix_path/nav2_behavior_tree
[867.313s] -- Symlinking: /home/huuhoa/hospital_robot/install/nav2_behavior_tree/share/nav2_behavior_tree/environment/ament_prefix_path.sh
[867.333s] -- Symlinking: /home/huuhoa/hospital_robot/install/nav2_behavior_tree/share/nav2_behavior_tree/environment/ament_prefix_path.dsv
[867.350s] -- Symlinking: /home/huuhoa/hospital_robot/install/nav2_behavior_tree/share/nav2_behavior_tree/environment/path.sh
[867.366s] -- Symlinking: /home/huuhoa/hospital_robot/install/nav2_behavior_tree/share/nav2_behavior_tree/environment/path.dsv
[867.382s] -- Symlinking: /home/huuhoa/hospital_robot/install/nav2_behavior_tree/share/nav2_behavior_tree/local_setup.bash
[867.396s] -- Symlinking: /home/huuhoa/hospital_robot/install/nav2_behavior_tree/share/nav2_behavior_tree/local_setup.sh
[867.412s] -- Symlinking: /home/huuhoa/hospital_robot/install/nav2_behavior_tree/share/nav2_behavior_tree/local_setup.zsh
[867.428s] -- Symlinking: /home/huuhoa/hospital_robot/install/nav2_behavior_tree/share/nav2_behavior_tree/local_setup.dsv
[867.447s] -- Symlinking: /home/huuhoa/hospital_robot/install/nav2_behavior_tree/share/nav2_behavior_tree/package.dsv
[867.464s] -- Symlinking: /home/huuhoa/hospital_robot/install/nav2_behavior_tree/share/ament_index/resource_index/packages/nav2_behavior_tree
[867.478s] -- Symlinking: /home/huuhoa/hospital_robot/install/nav2_behavior_tree/share/nav2_behavior_tree/cmake/ament_cmake_export_include_directories-extras.cmake
[867.492s] -- Symlinking: /home/huuhoa/hospital_robot/install/nav2_behavior_tree/share/nav2_behavior_tree/cmake/ament_cmake_export_libraries-extras.cmake
[867.508s] -- Symlinking: /home/huuhoa/hospital_robot/install/nav2_behavior_tree/share/nav2_behavior_tree/cmake/ament_cmake_export_dependencies-extras.cmake
[867.528s] -- Symlinking: /home/huuhoa/hospital_robot/install/nav2_behavior_tree/share/nav2_behavior_tree/cmake/nav2_behavior_treeConfig.cmake
[867.545s] -- Symlinking: /home/huuhoa/hospital_robot/install/nav2_behavior_tree/share/nav2_behavior_tree/cmake/nav2_behavior_treeConfig-version.cmake
[867.562s] -- Symlinking: /home/huuhoa/hospital_robot/install/nav2_behavior_tree/share/nav2_behavior_tree/package.xml
[867.590s] Invoked command in '/home/huuhoa/hospital_robot/build/nav2_behavior_tree' returned '0': CMAKE_PREFIX_PATH=/home/huuhoa/hospital_robot/install/nav2_util:/home/huuhoa/hospital_robot/install/nav2_msgs:/home/huuhoa/hospital_robot/install/nav2_common:/home/huuhoa/hospital_robot/install/nav_2d_utils:/home/huuhoa/hospital_robot/install/dwb_msgs:/home/huuhoa/hospital_robot/install/nav_2d_msgs:/home/huuhoa/hospital_robot/install/nav2_voxel_grid:/home/huuhoa/hospital_robot/install/nav2_map_server:/home/huuhoa/hospital_robot/install/nav2_lifecycle_manager:/home/huuhoa/hospital_robot/install/map_msgs:/home/huuhoa/hospital_robot/install/hospital_package:/home/huuhoa/hospital_robot/install/nav2_simple_commander:/opt/ros/humble LD_LIBRARY_PATH=/home/huuhoa/hospital_robot/install/nav2_util/lib:/home/huuhoa/hospital_robot/install/nav2_msgs/lib:/home/huuhoa/hospital_robot/install/nav_2d_utils/lib:/home/huuhoa/hospital_robot/install/dwb_msgs/lib:/home/huuhoa/hospital_robot/install/nav_2d_msgs/lib:/home/huuhoa/hospital_robot/install/nav2_voxel_grid/lib:/home/huuhoa/hospital_robot/install/nav2_map_server/lib:/home/huuhoa/hospital_robot/install/nav2_lifecycle_manager/lib:/home/huuhoa/hospital_robot/install/map_msgs/lib:/opt/ros/humble/lib/x86_64-linux-gnu:/opt/ros/humble/lib /usr/bin/cmake --install /home/huuhoa/hospital_robot/build/nav2_behavior_tree
