[0.032s] Invoking command in '/home/huuhoa/hospital_robot/build/nav2_amcl': CMAKE_PREFIX_PATH=/home/huuhoa/hospital_robot/install/nav2_util:/home/huuhoa/hospital_robot/install/nav2_msgs:/home/huuhoa/hospital_robot/install/nav2_common:/home/huuhoa/hospital_robot/install/nav_2d_utils:/home/huuhoa/hospital_robot/install/dwb_msgs:/home/huuhoa/hospital_robot/install/nav_2d_msgs:/home/huuhoa/hospital_robot/install/nav2_voxel_grid:/home/huuhoa/hospital_robot/install/nav2_map_server:/home/huuhoa/hospital_robot/install/nav2_lifecycle_manager:/home/huuhoa/hospital_robot/install/map_msgs:/home/huuhoa/hospital_robot/install/hospital_package:/home/huuhoa/hospital_robot/install/nav2_simple_commander:/opt/ros/humble LD_LIBRARY_PATH=/home/huuhoa/hospital_robot/install/nav2_util/lib:/home/huuhoa/hospital_robot/install/nav2_msgs/lib:/home/huuhoa/hospital_robot/install/nav_2d_utils/lib:/home/huuhoa/hospital_robot/install/dwb_msgs/lib:/home/huuhoa/hospital_robot/install/nav_2d_msgs/lib:/home/huuhoa/hospital_robot/install/nav2_voxel_grid/lib:/home/huuhoa/hospital_robot/install/nav2_map_server/lib:/home/huuhoa/hospital_robot/install/nav2_lifecycle_manager/lib:/home/huuhoa/hospital_robot/install/map_msgs/lib:/opt/ros/humble/lib/x86_64-linux-gnu:/opt/ros/humble/lib /usr/bin/cmake /home/huuhoa/hospital_robot/src/nav2_package/navigation2/nav2_amcl -DAMENT_CMAKE_SYMLINK_INSTALL=1 -DCMAKE_INSTALL_PREFIX=/home/huuhoa/hospital_robot/install/nav2_amcl
[0.163s] -- The C compiler identification is GNU 11.4.0
[0.270s] -- The CXX compiler identification is GNU 11.4.0
[0.286s] -- Detecting C compiler ABI info
[0.454s] -- Detecting C compiler ABI info - done
[0.457s] -- Check for working C compiler: /usr/bin/cc - skipped
[0.458s] -- Detecting C compile features
[0.458s] -- Detecting C compile features - done
[0.463s] -- Detecting CXX compiler ABI info
[0.631s] -- Detecting CXX compiler ABI info - done
[0.631s] -- Check for working CXX compiler: /usr/bin/c++ - skipped
[0.631s] -- Detecting CXX compile features
[0.632s] -- Detecting CXX compile features - done
[0.636s] -- Found ament_cmake: 1.3.11 (/opt/ros/humble/share/ament_cmake/cmake)
[0.905s] -- Found Python3: /usr/bin/python3 (found version "3.10.12") found components: Interpreter 
[1.018s] -- Override CMake install command with custom implementation using symlinks instead of copying resources
[1.077s] -- Found nav2_common: 1.1.18 (/home/huuhoa/hospital_robot/install/nav2_common/share/nav2_common/cmake)
[1.081s] -- Found rclcpp: 16.0.11 (/opt/ros/humble/share/rclcpp/cmake)
[1.143s] -- Found rosidl_generator_c: 3.1.6 (/opt/ros/humble/share/rosidl_generator_c/cmake)
[1.157s] -- Found rosidl_adapter: 3.1.6 (/opt/ros/humble/share/rosidl_adapter/cmake)
[1.167s] -- Found rosidl_generator_cpp: 3.1.6 (/opt/ros/humble/share/rosidl_generator_cpp/cmake)
[1.185s] -- Using all available rosidl_typesupport_c: rosidl_typesupport_fastrtps_c;rosidl_typesupport_introspection_c
[1.210s] -- Using all available rosidl_typesupport_cpp: rosidl_typesupport_fastrtps_cpp;rosidl_typesupport_introspection_cpp
[1.273s] -- Found rmw_implementation_cmake: 6.1.2 (/opt/ros/humble/share/rmw_implementation_cmake/cmake)
[1.280s] -- Found rmw_cyclonedds_cpp: 1.3.4 (/opt/ros/humble/share/rmw_cyclonedds_cpp/cmake)
[1.318s] -- Using RMW implementation 'rmw_cyclonedds_cpp' as default
[1.332s] -- Looking for pthread.h
[1.480s] -- Looking for pthread.h - found
[1.481s] -- Performing Test CMAKE_HAVE_LIBC_PTHREAD
[3.950s] -- Performing Test CMAKE_HAVE_LIBC_PTHREAD - Success
[3.952s] -- Found Threads: TRUE  
[4.031s] -- Found rclcpp_lifecycle: 16.0.11 (/opt/ros/humble/share/rclcpp_lifecycle/cmake)
[4.047s] -- Found rclcpp_components: 16.0.11 (/opt/ros/humble/share/rclcpp_components/cmake)
[4.084s] -- Found message_filters: 4.3.5 (/opt/ros/humble/share/message_filters/cmake)
[4.092s] -- Found tf2_geometry_msgs: 0.25.12 (/opt/ros/humble/share/tf2_geometry_msgs/cmake)
[4.133s] -- Found eigen3_cmake_module: 0.1.1 (/opt/ros/humble/share/eigen3_cmake_module/cmake)
[4.133s] -- Found Eigen3: TRUE (found version "3.4.0") 
[4.133s] -- Ensuring Eigen3 include directory is part of orocos-kdl CMake target
[4.229s] -- Found nav_msgs: 4.2.4 (/opt/ros/humble/share/nav_msgs/cmake)
[4.255s] -- Found sensor_msgs: 4.2.4 (/opt/ros/humble/share/sensor_msgs/cmake)
[4.280s] -- Found std_srvs: 4.2.4 (/opt/ros/humble/share/std_srvs/cmake)
[4.292s] -- Found nav2_util: 1.1.18 (/home/huuhoa/hospital_robot/install/nav2_util/share/nav2_util/cmake)
[4.375s] -- Found pluginlib: 5.1.0 (/opt/ros/humble/share/pluginlib/cmake)
[4.394s] -- Setting build type to Release as none was specified.
[4.411s] -- Looking for drand48
[4.538s] -- Looking for drand48 - found
[4.725s] -- Found ament_lint_auto: 0.12.11 (/opt/ros/humble/share/ament_lint_auto/cmake)
[4.883s] -- Added test 'cppcheck' to perform static code analysis on C / C++ code
[4.885s] -- Configured cppcheck include dirs: /home/huuhoa/hospital_robot/src/nav2_package/navigation2/nav2_amcl/include;/home/huuhoa/hospital_robot/src/nav2_package/navigation2/nav2_amcl/src/include
[4.885s] -- Configured cppcheck exclude dirs and/or files: 
[4.887s] -- Added test 'lint_cmake' to check CMake code style
[4.890s] -- Added test 'uncrustify' to check C / C++ code style
[4.891s] -- Configured uncrustify additional arguments: 
[4.898s] -- Added test 'xmllint' to check XML markup files
[4.898s] -- Configuring done
[5.011s] -- Generating done
[5.033s] -- Build files have been written to: /home/huuhoa/hospital_robot/build/nav2_amcl
[5.057s] Invoked command in '/home/huuhoa/hospital_robot/build/nav2_amcl' returned '0': CMAKE_PREFIX_PATH=/home/huuhoa/hospital_robot/install/nav2_util:/home/huuhoa/hospital_robot/install/nav2_msgs:/home/huuhoa/hospital_robot/install/nav2_common:/home/huuhoa/hospital_robot/install/nav_2d_utils:/home/huuhoa/hospital_robot/install/dwb_msgs:/home/huuhoa/hospital_robot/install/nav_2d_msgs:/home/huuhoa/hospital_robot/install/nav2_voxel_grid:/home/huuhoa/hospital_robot/install/nav2_map_server:/home/huuhoa/hospital_robot/install/nav2_lifecycle_manager:/home/huuhoa/hospital_robot/install/map_msgs:/home/huuhoa/hospital_robot/install/hospital_package:/home/huuhoa/hospital_robot/install/nav2_simple_commander:/opt/ros/humble LD_LIBRARY_PATH=/home/huuhoa/hospital_robot/install/nav2_util/lib:/home/huuhoa/hospital_robot/install/nav2_msgs/lib:/home/huuhoa/hospital_robot/install/nav_2d_utils/lib:/home/huuhoa/hospital_robot/install/dwb_msgs/lib:/home/huuhoa/hospital_robot/install/nav_2d_msgs/lib:/home/huuhoa/hospital_robot/install/nav2_voxel_grid/lib:/home/huuhoa/hospital_robot/install/nav2_map_server/lib:/home/huuhoa/hospital_robot/install/nav2_lifecycle_manager/lib:/home/huuhoa/hospital_robot/install/map_msgs/lib:/opt/ros/humble/lib/x86_64-linux-gnu:/opt/ros/humble/lib /usr/bin/cmake /home/huuhoa/hospital_robot/src/nav2_package/navigation2/nav2_amcl -DAMENT_CMAKE_SYMLINK_INSTALL=1 -DCMAKE_INSTALL_PREFIX=/home/huuhoa/hospital_robot/install/nav2_amcl
[5.059s] Invoking command in '/home/huuhoa/hospital_robot/build/nav2_amcl': CMAKE_PREFIX_PATH=/home/huuhoa/hospital_robot/install/nav2_util:/home/huuhoa/hospital_robot/install/nav2_msgs:/home/huuhoa/hospital_robot/install/nav2_common:/home/huuhoa/hospital_robot/install/nav_2d_utils:/home/huuhoa/hospital_robot/install/dwb_msgs:/home/huuhoa/hospital_robot/install/nav_2d_msgs:/home/huuhoa/hospital_robot/install/nav2_voxel_grid:/home/huuhoa/hospital_robot/install/nav2_map_server:/home/huuhoa/hospital_robot/install/nav2_lifecycle_manager:/home/huuhoa/hospital_robot/install/map_msgs:/home/huuhoa/hospital_robot/install/hospital_package:/home/huuhoa/hospital_robot/install/nav2_simple_commander:/opt/ros/humble LD_LIBRARY_PATH=/home/huuhoa/hospital_robot/install/nav2_util/lib:/home/huuhoa/hospital_robot/install/nav2_msgs/lib:/home/huuhoa/hospital_robot/install/nav_2d_utils/lib:/home/huuhoa/hospital_robot/install/dwb_msgs/lib:/home/huuhoa/hospital_robot/install/nav_2d_msgs/lib:/home/huuhoa/hospital_robot/install/nav2_voxel_grid/lib:/home/huuhoa/hospital_robot/install/nav2_map_server/lib:/home/huuhoa/hospital_robot/install/nav2_lifecycle_manager/lib:/home/huuhoa/hospital_robot/install/map_msgs/lib:/opt/ros/humble/lib/x86_64-linux-gnu:/opt/ros/humble/lib /usr/bin/cmake --build /home/huuhoa/hospital_robot/build/nav2_amcl -- -j2 -l2
[5.183s] [  4%] [32mBuilding C object src/map/CMakeFiles/map_lib.dir/map.c.o[0m
[5.343s] [  8%] [32mBuilding C object src/map/CMakeFiles/map_lib.dir/map_range.c.o[0m
[5.522s] [ 12%] [32mBuilding C object src/map/CMakeFiles/map_lib.dir/map_draw.c.o[0m
[5.562s] [ 16%] [32mBuilding CXX object src/map/CMakeFiles/map_lib.dir/map_cspace.cpp.o[0m
[6.068s] [ 20%] [32m[1mLinking CXX shared library libmap_lib.so[0m
[6.220s] [ 20%] Built target map_lib
[6.268s] [ 25%] [32mBuilding C object src/pf/CMakeFiles/pf_lib.dir/pf.c.o[0m
[6.567s] [ 29%] [32mBuilding C object src/pf/CMakeFiles/pf_lib.dir/pf_kdtree.c.o[0m
[6.791s] [ 33%] [32mBuilding C object src/pf/CMakeFiles/pf_lib.dir/pf_pdf.c.o[0m
[6.910s] [ 37%] [32mBuilding C object src/pf/CMakeFiles/pf_lib.dir/pf_vector.c.o[0m
[7.038s] [ 41%] [32mBuilding C object src/pf/CMakeFiles/pf_lib.dir/eig3.c.o[0m
[7.299s] [ 45%] [32mBuilding C object src/pf/CMakeFiles/pf_lib.dir/pf_draw.c.o[0m
[7.356s] [ 50%] [32m[1mLinking C shared library libpf_lib.so[0m
[7.458s] [ 50%] Built target pf_lib
[7.512s] [ 54%] [32mBuilding CXX object src/sensors/CMakeFiles/sensors_lib.dir/laser/laser.cpp.o[0m
[7.943s] [ 58%] [32mBuilding CXX object src/sensors/CMakeFiles/sensors_lib.dir/laser/beam_model.cpp.o[0m
[8.356s] [ 62%] [32mBuilding CXX object src/sensors/CMakeFiles/sensors_lib.dir/laser/likelihood_field_model.cpp.o[0m
[8.747s] [ 66%] [32mBuilding CXX object src/sensors/CMakeFiles/sensors_lib.dir/laser/likelihood_field_model_prob.cpp.o[0m
[9.207s] [ 70%] [32m[1mLinking CXX shared library libsensors_lib.so[0m
[9.351s] [ 70%] Built target sensors_lib
[9.397s] [ 75%] [32mBuilding CXX object src/motion_model/CMakeFiles/motions_lib.dir/omni_motion_model.cpp.o[0m
[10.348s] [ 79%] [32mBuilding CXX object src/motion_model/CMakeFiles/motions_lib.dir/differential_motion_model.cpp.o[0m
[11.408s] [ 83%] [32m[1mLinking CXX shared library libmotions_lib.so[0m
[11.737s] [ 83%] Built target motions_lib
[11.784s] [ 87%] [32mBuilding CXX object CMakeFiles/amcl_core.dir/src/amcl_node.cpp.o[0m
[54.585s] [ 91%] [32m[1mLinking CXX shared library libamcl_core.so[0m
[55.219s] [ 91%] Built target amcl_core
[55.277s] [ 95%] [32mBuilding CXX object CMakeFiles/amcl.dir/src/main.cpp.o[0m
[61.093s] [100%] [32m[1mLinking CXX executable amcl[0m
[61.580s] [100%] Built target amcl
[61.605s] Invoked command in '/home/huuhoa/hospital_robot/build/nav2_amcl' returned '0': CMAKE_PREFIX_PATH=/home/huuhoa/hospital_robot/install/nav2_util:/home/huuhoa/hospital_robot/install/nav2_msgs:/home/huuhoa/hospital_robot/install/nav2_common:/home/huuhoa/hospital_robot/install/nav_2d_utils:/home/huuhoa/hospital_robot/install/dwb_msgs:/home/huuhoa/hospital_robot/install/nav_2d_msgs:/home/huuhoa/hospital_robot/install/nav2_voxel_grid:/home/huuhoa/hospital_robot/install/nav2_map_server:/home/huuhoa/hospital_robot/install/nav2_lifecycle_manager:/home/huuhoa/hospital_robot/install/map_msgs:/home/huuhoa/hospital_robot/install/hospital_package:/home/huuhoa/hospital_robot/install/nav2_simple_commander:/opt/ros/humble LD_LIBRARY_PATH=/home/huuhoa/hospital_robot/install/nav2_util/lib:/home/huuhoa/hospital_robot/install/nav2_msgs/lib:/home/huuhoa/hospital_robot/install/nav_2d_utils/lib:/home/huuhoa/hospital_robot/install/dwb_msgs/lib:/home/huuhoa/hospital_robot/install/nav_2d_msgs/lib:/home/huuhoa/hospital_robot/install/nav2_voxel_grid/lib:/home/huuhoa/hospital_robot/install/nav2_map_server/lib:/home/huuhoa/hospital_robot/install/nav2_lifecycle_manager/lib:/home/huuhoa/hospital_robot/install/map_msgs/lib:/opt/ros/humble/lib/x86_64-linux-gnu:/opt/ros/humble/lib /usr/bin/cmake --build /home/huuhoa/hospital_robot/build/nav2_amcl -- -j2 -l2
[61.607s] Invoking command in '/home/huuhoa/hospital_robot/build/nav2_amcl': CMAKE_PREFIX_PATH=/home/huuhoa/hospital_robot/install/nav2_util:/home/huuhoa/hospital_robot/install/nav2_msgs:/home/huuhoa/hospital_robot/install/nav2_common:/home/huuhoa/hospital_robot/install/nav_2d_utils:/home/huuhoa/hospital_robot/install/dwb_msgs:/home/huuhoa/hospital_robot/install/nav_2d_msgs:/home/huuhoa/hospital_robot/install/nav2_voxel_grid:/home/huuhoa/hospital_robot/install/nav2_map_server:/home/huuhoa/hospital_robot/install/nav2_lifecycle_manager:/home/huuhoa/hospital_robot/install/map_msgs:/home/huuhoa/hospital_robot/install/hospital_package:/home/huuhoa/hospital_robot/install/nav2_simple_commander:/opt/ros/humble LD_LIBRARY_PATH=/home/huuhoa/hospital_robot/install/nav2_util/lib:/home/huuhoa/hospital_robot/install/nav2_msgs/lib:/home/huuhoa/hospital_robot/install/nav_2d_utils/lib:/home/huuhoa/hospital_robot/install/dwb_msgs/lib:/home/huuhoa/hospital_robot/install/nav_2d_msgs/lib:/home/huuhoa/hospital_robot/install/nav2_voxel_grid/lib:/home/huuhoa/hospital_robot/install/nav2_map_server/lib:/home/huuhoa/hospital_robot/install/nav2_lifecycle_manager/lib:/home/huuhoa/hospital_robot/install/map_msgs/lib:/opt/ros/humble/lib/x86_64-linux-gnu:/opt/ros/humble/lib /usr/bin/cmake --install /home/huuhoa/hospital_robot/build/nav2_amcl
[61.634s] -- Install configuration: "Release"
[61.635s] -- Execute custom install script
[61.636s] -- Symlinking: /home/huuhoa/hospital_robot/install/nav2_amcl/lib/libpf_lib.so
[61.655s] -- Symlinking: /home/huuhoa/hospital_robot/install/nav2_amcl/lib/libmap_lib.so
[61.672s] -- Symlinking: /home/huuhoa/hospital_robot/install/nav2_amcl/lib/libmotions_lib.so
[61.705s] -- Symlinking: /home/huuhoa/hospital_robot/install/nav2_amcl/lib/libsensors_lib.so
[61.737s] -- Symlinking: /home/huuhoa/hospital_robot/install/nav2_amcl/lib/libamcl_core.so
[61.738s] -- Symlinking: /home/huuhoa/hospital_robot/install/nav2_amcl/lib/nav2_amcl/amcl
[61.775s] -- Symlinking: /home/huuhoa/hospital_robot/install/nav2_amcl/include//nav2_amcl/amcl_node.hpp
[61.776s] -- Symlinking: /home/huuhoa/hospital_robot/install/nav2_amcl/include//nav2_amcl/angleutils.hpp
[61.793s] -- Symlinking: /home/huuhoa/hospital_robot/install/nav2_amcl/include//nav2_amcl/map/map.hpp
[61.809s] -- Symlinking: /home/huuhoa/hospital_robot/install/nav2_amcl/include//nav2_amcl/motion_model/differential_motion_model.hpp
[61.824s] -- Symlinking: /home/huuhoa/hospital_robot/install/nav2_amcl/include//nav2_amcl/motion_model/motion_model.hpp
[61.838s] -- Symlinking: /home/huuhoa/hospital_robot/install/nav2_amcl/include//nav2_amcl/motion_model/omni_motion_model.hpp
[61.853s] -- Symlinking: /home/huuhoa/hospital_robot/install/nav2_amcl/include//nav2_amcl/pf/eig3.hpp
[61.867s] -- Symlinking: /home/huuhoa/hospital_robot/install/nav2_amcl/include//nav2_amcl/pf/pf.hpp
[61.881s] -- Symlinking: /home/huuhoa/hospital_robot/install/nav2_amcl/include//nav2_amcl/pf/pf_kdtree.hpp
[61.896s] -- Symlinking: /home/huuhoa/hospital_robot/install/nav2_amcl/include//nav2_amcl/pf/pf_pdf.hpp
[61.912s] -- Symlinking: /home/huuhoa/hospital_robot/install/nav2_amcl/include//nav2_amcl/pf/pf_vector.hpp
[61.932s] -- Symlinking: /home/huuhoa/hospital_robot/install/nav2_amcl/include//nav2_amcl/portable_utils.hpp
[61.953s] -- Symlinking: /home/huuhoa/hospital_robot/install/nav2_amcl/include//nav2_amcl/sensors/laser/laser.hpp
[62.228s] -- Symlinking: /home/huuhoa/hospital_robot/install/nav2_amcl/share/nav2_amcl/environment/library_path.sh
[62.228s] -- Symlinking: /home/huuhoa/hospital_robot/install/nav2_amcl/share/nav2_amcl/environment/library_path.dsv
[62.229s] -- Symlinking: /home/huuhoa/hospital_robot/install/nav2_amcl/share/nav2_amcl//plugins.xml
[62.229s] -- Symlinking: /home/huuhoa/hospital_robot/install/nav2_amcl/share/ament_index/resource_index/package_run_dependencies/nav2_amcl
[62.229s] -- Symlinking: /home/huuhoa/hospital_robot/install/nav2_amcl/share/ament_index/resource_index/parent_prefix_path/nav2_amcl
[62.229s] -- Symlinking: /home/huuhoa/hospital_robot/install/nav2_amcl/share/nav2_amcl/environment/ament_prefix_path.sh
[62.229s] -- Symlinking: /home/huuhoa/hospital_robot/install/nav2_amcl/share/nav2_amcl/environment/ament_prefix_path.dsv
[62.229s] -- Symlinking: /home/huuhoa/hospital_robot/install/nav2_amcl/share/nav2_amcl/environment/path.sh
[62.230s] -- Symlinking: /home/huuhoa/hospital_robot/install/nav2_amcl/share/nav2_amcl/environment/path.dsv
[62.230s] -- Symlinking: /home/huuhoa/hospital_robot/install/nav2_amcl/share/nav2_amcl/local_setup.bash
[62.230s] -- Symlinking: /home/huuhoa/hospital_robot/install/nav2_amcl/share/nav2_amcl/local_setup.sh
[62.230s] -- Symlinking: /home/huuhoa/hospital_robot/install/nav2_amcl/share/nav2_amcl/local_setup.zsh
[62.230s] -- Symlinking: /home/huuhoa/hospital_robot/install/nav2_amcl/share/nav2_amcl/local_setup.dsv
[62.230s] -- Symlinking: /home/huuhoa/hospital_robot/install/nav2_amcl/share/nav2_amcl/package.dsv
[62.230s] -- Symlinking: /home/huuhoa/hospital_robot/install/nav2_amcl/share/ament_index/resource_index/packages/nav2_amcl
[62.230s] -- Symlinking: /home/huuhoa/hospital_robot/install/nav2_amcl/share/ament_index/resource_index/nav2_amcl__pluginlib__plugin/nav2_amcl
[62.241s] -- Symlinking: /home/huuhoa/hospital_robot/install/nav2_amcl/share/ament_index/resource_index/rclcpp_components/nav2_amcl
[62.260s] -- Symlinking: /home/huuhoa/hospital_robot/install/nav2_amcl/share/nav2_amcl/cmake/ament_cmake_export_include_directories-extras.cmake
[62.275s] -- Symlinking: /home/huuhoa/hospital_robot/install/nav2_amcl/share/nav2_amcl/cmake/ament_cmake_export_libraries-extras.cmake
[62.309s] -- Symlinking: /home/huuhoa/hospital_robot/install/nav2_amcl/share/nav2_amcl/cmake/ament_cmake_export_dependencies-extras.cmake
[62.311s] -- Symlinking: /home/huuhoa/hospital_robot/install/nav2_amcl/share/nav2_amcl/cmake/nav2_amclConfig.cmake
[62.328s] -- Symlinking: /home/huuhoa/hospital_robot/install/nav2_amcl/share/nav2_amcl/cmake/nav2_amclConfig-version.cmake
[62.345s] -- Symlinking: /home/huuhoa/hospital_robot/install/nav2_amcl/share/nav2_amcl/package.xml
[62.364s] Invoked command in '/home/huuhoa/hospital_robot/build/nav2_amcl' returned '0': CMAKE_PREFIX_PATH=/home/huuhoa/hospital_robot/install/nav2_util:/home/huuhoa/hospital_robot/install/nav2_msgs:/home/huuhoa/hospital_robot/install/nav2_common:/home/huuhoa/hospital_robot/install/nav_2d_utils:/home/huuhoa/hospital_robot/install/dwb_msgs:/home/huuhoa/hospital_robot/install/nav_2d_msgs:/home/huuhoa/hospital_robot/install/nav2_voxel_grid:/home/huuhoa/hospital_robot/install/nav2_map_server:/home/huuhoa/hospital_robot/install/nav2_lifecycle_manager:/home/huuhoa/hospital_robot/install/map_msgs:/home/huuhoa/hospital_robot/install/hospital_package:/home/huuhoa/hospital_robot/install/nav2_simple_commander:/opt/ros/humble LD_LIBRARY_PATH=/home/huuhoa/hospital_robot/install/nav2_util/lib:/home/huuhoa/hospital_robot/install/nav2_msgs/lib:/home/huuhoa/hospital_robot/install/nav_2d_utils/lib:/home/huuhoa/hospital_robot/install/dwb_msgs/lib:/home/huuhoa/hospital_robot/install/nav_2d_msgs/lib:/home/huuhoa/hospital_robot/install/nav2_voxel_grid/lib:/home/huuhoa/hospital_robot/install/nav2_map_server/lib:/home/huuhoa/hospital_robot/install/nav2_lifecycle_manager/lib:/home/huuhoa/hospital_robot/install/map_msgs/lib:/opt/ros/humble/lib/x86_64-linux-gnu:/opt/ros/humble/lib /usr/bin/cmake --install /home/huuhoa/hospital_robot/build/nav2_amcl
