[0.035s] Invoking command in '/home/huuhoa/hospital_robot/build/nav2_common': CMAKE_PREFIX_PATH=/opt/ros/humble /usr/bin/cmake --build /home/huuhoa/hospital_robot/build/nav2_common -- -j2 -l2
[0.268s] Built target ament_cmake_python_symlink_nav2_common
[0.597s] running egg_info
[0.599s] writing nav2_common.egg-info/PKG-INFO
[0.601s] writing dependency_links to nav2_common.egg-info/dependency_links.txt
[0.601s] writing top-level names to nav2_common.egg-info/top_level.txt
[0.618s] reading manifest file 'nav2_common.egg-info/SOURCES.txt'
[0.618s] writing manifest file 'nav2_common.egg-info/SOURCES.txt'
[0.658s] Built target ament_cmake_python_build_nav2_common_egg
[0.684s] Invoked command in '/home/huuhoa/hospital_robot/build/nav2_common' returned '0': CMAKE_PREFIX_PATH=/opt/ros/humble /usr/bin/cmake --build /home/huuhoa/hospital_robot/build/nav2_common -- -j2 -l2
[0.706s] Invoking command in '/home/huuhoa/hospital_robot/build/nav2_common': CMAKE_PREFIX_PATH=/opt/ros/humble /usr/bin/cmake --install /home/huuhoa/hospital_robot/build/nav2_common
[0.720s] -- Install configuration: ""
[0.724s] -- Execute custom install script
[0.733s] -- Up-to-date symlink: /home/huuhoa/hospital_robot/install/nav2_common/share/nav2_common/environment/pythonpath.sh
[0.734s] -- Up-to-date symlink: /home/huuhoa/hospital_robot/install/nav2_common/share/nav2_common/environment/pythonpath.dsv
[0.740s] -- Up-to-date symlink: /home/huuhoa/hospital_robot/install/nav2_common/local/lib/python3.10/dist-packages/nav2_common-1.1.18-py3.10.egg-info/PKG-INFO
[0.740s] -- Up-to-date symlink: /home/huuhoa/hospital_robot/install/nav2_common/local/lib/python3.10/dist-packages/nav2_common-1.1.18-py3.10.egg-info/SOURCES.txt
[0.742s] -- Up-to-date symlink: /home/huuhoa/hospital_robot/install/nav2_common/local/lib/python3.10/dist-packages/nav2_common-1.1.18-py3.10.egg-info/dependency_links.txt
[0.743s] -- Up-to-date symlink: /home/huuhoa/hospital_robot/install/nav2_common/local/lib/python3.10/dist-packages/nav2_common-1.1.18-py3.10.egg-info/top_level.txt
[0.745s] -- Up-to-date symlink: /home/huuhoa/hospital_robot/install/nav2_common/local/lib/python3.10/dist-packages/nav2_common/__init__.py
[0.757s] -- Up-to-date symlink: /home/huuhoa/hospital_robot/install/nav2_common/local/lib/python3.10/dist-packages/nav2_common/launch/__init__.py
[0.757s] -- Up-to-date symlink: /home/huuhoa/hospital_robot/install/nav2_common/local/lib/python3.10/dist-packages/nav2_common/launch/has_node_params.py
[0.757s] -- Up-to-date symlink: /home/huuhoa/hospital_robot/install/nav2_common/local/lib/python3.10/dist-packages/nav2_common/launch/parse_multirobot_pose.py
[0.757s] -- Up-to-date symlink: /home/huuhoa/hospital_robot/install/nav2_common/local/lib/python3.10/dist-packages/nav2_common/launch/replace_string.py
[0.762s] -- Up-to-date symlink: /home/huuhoa/hospital_robot/install/nav2_common/local/lib/python3.10/dist-packages/nav2_common/launch/rewritten_yaml.py
[0.770s] -- Up-to-date symlink: /home/huuhoa/hospital_robot/install/nav2_common/share/ament_index/resource_index/package_run_dependencies/nav2_common
[0.778s] -- Up-to-date symlink: /home/huuhoa/hospital_robot/install/nav2_common/share/ament_index/resource_index/parent_prefix_path/nav2_common
[0.778s] -- Up-to-date symlink: /home/huuhoa/hospital_robot/install/nav2_common/share/nav2_common/environment/ament_prefix_path.sh
[0.779s] -- Up-to-date symlink: /home/huuhoa/hospital_robot/install/nav2_common/share/nav2_common/environment/ament_prefix_path.dsv
[0.780s] -- Up-to-date symlink: /home/huuhoa/hospital_robot/install/nav2_common/share/nav2_common/environment/path.sh
[0.781s] -- Up-to-date symlink: /home/huuhoa/hospital_robot/install/nav2_common/share/nav2_common/environment/path.dsv
[0.782s] -- Up-to-date symlink: /home/huuhoa/hospital_robot/install/nav2_common/share/nav2_common/local_setup.bash
[0.790s] -- Up-to-date symlink: /home/huuhoa/hospital_robot/install/nav2_common/share/nav2_common/local_setup.sh
[0.790s] -- Up-to-date symlink: /home/huuhoa/hospital_robot/install/nav2_common/share/nav2_common/local_setup.zsh
[0.790s] -- Up-to-date symlink: /home/huuhoa/hospital_robot/install/nav2_common/share/nav2_common/local_setup.dsv
[0.790s] -- Symlinking: /home/huuhoa/hospital_robot/install/nav2_common/share/nav2_common/package.dsv
[0.805s] -- Up-to-date symlink: /home/huuhoa/hospital_robot/install/nav2_common/share/ament_index/resource_index/packages/nav2_common
[0.806s] -- Up-to-date symlink: /home/huuhoa/hospital_robot/install/nav2_common/share/nav2_common/cmake/nav2_common-extras.cmake
[0.807s] -- Up-to-date symlink: /home/huuhoa/hospital_robot/install/nav2_common/share/nav2_common/cmake/nav2_commonConfig.cmake
[0.807s] -- Up-to-date symlink: /home/huuhoa/hospital_robot/install/nav2_common/share/nav2_common/cmake/nav2_commonConfig-version.cmake
[0.808s] -- Up-to-date symlink: /home/huuhoa/hospital_robot/install/nav2_common/share/nav2_common/package.xml
[0.816s] -- Up-to-date symlink: /home/huuhoa/hospital_robot/install/nav2_common/share/nav2_common/cmake/nav2_package.cmake
[0.871s] Listing '/home/huuhoa/hospital_robot/install/nav2_common/local/lib/python3.10/dist-packages/nav2_common'...
[0.871s] Listing '/home/huuhoa/hospital_robot/install/nav2_common/local/lib/python3.10/dist-packages/nav2_common/launch'...
[0.878s] Invoked command in '/home/huuhoa/hospital_robot/build/nav2_common' returned '0': CMAKE_PREFIX_PATH=/opt/ros/humble /usr/bin/cmake --install /home/huuhoa/hospital_robot/build/nav2_common
