[0.064s] Invoking command in '/home/huuhoa/hospital_robot/build/nav2_util': CMAKE_PREFIX_PATH=/home/huuhoa/hospital_robot/install/nav2_msgs:/home/huuhoa/hospital_robot/install/nav2_common:/home/huuhoa/hospital_robot/install/nav_2d_utils:/home/huuhoa/hospital_robot/install/dwb_msgs:/home/huuhoa/hospital_robot/install/nav_2d_msgs:/home/huuhoa/hospital_robot/install/nav2_voxel_grid:/home/huuhoa/hospital_robot/install/nav2_map_server:/home/huuhoa/hospital_robot/install/nav2_lifecycle_manager:/home/huuhoa/hospital_robot/install/nav2_util:/home/huuhoa/hospital_robot/install/map_msgs:/home/huuhoa/hospital_robot/install/hospital_package:/home/huuhoa/hospital_robot/install/nav2_simple_commander:/opt/ros/humble LD_LIBRARY_PATH=/home/huuhoa/hospital_robot/install/nav2_msgs/lib:/home/huuhoa/hospital_robot/install/nav_2d_utils/lib:/home/huuhoa/hospital_robot/install/dwb_msgs/lib:/home/huuhoa/hospital_robot/install/nav_2d_msgs/lib:/home/huuhoa/hospital_robot/install/nav2_voxel_grid/lib:/home/huuhoa/hospital_robot/install/nav2_map_server/lib:/home/huuhoa/hospital_robot/install/nav2_lifecycle_manager/lib:/home/huuhoa/hospital_robot/install/nav2_util/lib:/home/huuhoa/hospital_robot/install/map_msgs/lib:/opt/ros/humble/lib/x86_64-linux-gnu:/opt/ros/humble/lib /usr/bin/cmake --build /home/huuhoa/hospital_robot/build/nav2_util -- -j2 -l2
[0.269s] [  5%] Built target gtest_main
[0.296s] [ 30%] Built target nav2_util_core
[0.404s] [ 35%] Built target gtest
[0.439s] [ 40%] Built target lifecycle_bringup
[0.529s] [ 45%] Built target test_execution_timer
[0.572s] [ 50%] Built target test_node_utils
[0.671s] [ 55%] Built target test_service_client
[0.681s] [ 60%] Built target test_string_utils
[0.783s] [ 65%] Built target test_actions
[0.795s] [ 70%] Built target test_lifecycle_utils
[0.895s] [ 75%] Built target test_lifecycle_cli_node
[0.903s] [ 80%] Built target test_lifecycle_node
[0.975s] [ 85%] Built target test_geometry_utils
[1.038s] [ 90%] Built target test_odometry_utils
[1.128s] [ 95%] Built target test_robot_utils
[1.227s] [100%] Built target test_validation_messages
[1.249s] Invoked command in '/home/huuhoa/hospital_robot/build/nav2_util' returned '0': CMAKE_PREFIX_PATH=/home/huuhoa/hospital_robot/install/nav2_msgs:/home/huuhoa/hospital_robot/install/nav2_common:/home/huuhoa/hospital_robot/install/nav_2d_utils:/home/huuhoa/hospital_robot/install/dwb_msgs:/home/huuhoa/hospital_robot/install/nav_2d_msgs:/home/huuhoa/hospital_robot/install/nav2_voxel_grid:/home/huuhoa/hospital_robot/install/nav2_map_server:/home/huuhoa/hospital_robot/install/nav2_lifecycle_manager:/home/huuhoa/hospital_robot/install/nav2_util:/home/huuhoa/hospital_robot/install/map_msgs:/home/huuhoa/hospital_robot/install/hospital_package:/home/huuhoa/hospital_robot/install/nav2_simple_commander:/opt/ros/humble LD_LIBRARY_PATH=/home/huuhoa/hospital_robot/install/nav2_msgs/lib:/home/huuhoa/hospital_robot/install/nav_2d_utils/lib:/home/huuhoa/hospital_robot/install/dwb_msgs/lib:/home/huuhoa/hospital_robot/install/nav_2d_msgs/lib:/home/huuhoa/hospital_robot/install/nav2_voxel_grid/lib:/home/huuhoa/hospital_robot/install/nav2_map_server/lib:/home/huuhoa/hospital_robot/install/nav2_lifecycle_manager/lib:/home/huuhoa/hospital_robot/install/nav2_util/lib:/home/huuhoa/hospital_robot/install/map_msgs/lib:/opt/ros/humble/lib/x86_64-linux-gnu:/opt/ros/humble/lib /usr/bin/cmake --build /home/huuhoa/hospital_robot/build/nav2_util -- -j2 -l2
[1.254s] Invoking command in '/home/huuhoa/hospital_robot/build/nav2_util': CMAKE_PREFIX_PATH=/home/huuhoa/hospital_robot/install/nav2_msgs:/home/huuhoa/hospital_robot/install/nav2_common:/home/huuhoa/hospital_robot/install/nav_2d_utils:/home/huuhoa/hospital_robot/install/dwb_msgs:/home/huuhoa/hospital_robot/install/nav_2d_msgs:/home/huuhoa/hospital_robot/install/nav2_voxel_grid:/home/huuhoa/hospital_robot/install/nav2_map_server:/home/huuhoa/hospital_robot/install/nav2_lifecycle_manager:/home/huuhoa/hospital_robot/install/nav2_util:/home/huuhoa/hospital_robot/install/map_msgs:/home/huuhoa/hospital_robot/install/hospital_package:/home/huuhoa/hospital_robot/install/nav2_simple_commander:/opt/ros/humble LD_LIBRARY_PATH=/home/huuhoa/hospital_robot/install/nav2_msgs/lib:/home/huuhoa/hospital_robot/install/nav_2d_utils/lib:/home/huuhoa/hospital_robot/install/dwb_msgs/lib:/home/huuhoa/hospital_robot/install/nav_2d_msgs/lib:/home/huuhoa/hospital_robot/install/nav2_voxel_grid/lib:/home/huuhoa/hospital_robot/install/nav2_map_server/lib:/home/huuhoa/hospital_robot/install/nav2_lifecycle_manager/lib:/home/huuhoa/hospital_robot/install/nav2_util/lib:/home/huuhoa/hospital_robot/install/map_msgs/lib:/opt/ros/humble/lib/x86_64-linux-gnu:/opt/ros/humble/lib /usr/bin/cmake --install /home/huuhoa/hospital_robot/build/nav2_util
[1.269s] -- Install configuration: "Release"
[1.269s] -- Execute custom install script
[1.270s] -- Up-to-date symlink: /home/huuhoa/hospital_robot/install/nav2_util/lib/libnav2_util_core.so
[1.270s] -- Up-to-date symlink: /home/huuhoa/hospital_robot/install/nav2_util/lib/nav2_util/lifecycle_bringup
[1.272s] -- Up-to-date symlink: /home/huuhoa/hospital_robot/install/nav2_util/include//nav2_util/clear_entirely_costmap_service_client.hpp
[1.272s] -- Up-to-date symlink: /home/huuhoa/hospital_robot/install/nav2_util/include//nav2_util/costmap.hpp
[1.274s] -- Up-to-date symlink: /home/huuhoa/hospital_robot/install/nav2_util/include//nav2_util/execution_timer.hpp
[1.274s] -- Up-to-date symlink: /home/huuhoa/hospital_robot/install/nav2_util/include//nav2_util/geometry_utils.hpp
[1.275s] -- Up-to-date symlink: /home/huuhoa/hospital_robot/install/nav2_util/include//nav2_util/lifecycle_node.hpp
[1.275s] -- Up-to-date symlink: /home/huuhoa/hospital_robot/install/nav2_util/include//nav2_util/lifecycle_service_client.hpp
[1.275s] -- Up-to-date symlink: /home/huuhoa/hospital_robot/install/nav2_util/include//nav2_util/lifecycle_utils.hpp
[1.275s] -- Up-to-date symlink: /home/huuhoa/hospital_robot/install/nav2_util/include//nav2_util/line_iterator.hpp
[1.280s] -- Up-to-date symlink: /home/huuhoa/hospital_robot/install/nav2_util/include//nav2_util/node_thread.hpp
[1.281s] -- Up-to-date symlink: /home/huuhoa/hospital_robot/install/nav2_util/include//nav2_util/node_utils.hpp
[1.281s] -- Up-to-date symlink: /home/huuhoa/hospital_robot/install/nav2_util/include//nav2_util/occ_grid_values.hpp
[1.281s] -- Up-to-date symlink: /home/huuhoa/hospital_robot/install/nav2_util/include//nav2_util/odometry_utils.hpp
[1.281s] -- Up-to-date symlink: /home/huuhoa/hospital_robot/install/nav2_util/include//nav2_util/robot_utils.hpp
[1.281s] -- Up-to-date symlink: /home/huuhoa/hospital_robot/install/nav2_util/include//nav2_util/service_client.hpp
[1.281s] -- Up-to-date symlink: /home/huuhoa/hospital_robot/install/nav2_util/include//nav2_util/simple_action_server.hpp
[1.281s] -- Up-to-date symlink: /home/huuhoa/hospital_robot/install/nav2_util/include//nav2_util/string_utils.hpp
[1.281s] -- Up-to-date symlink: /home/huuhoa/hospital_robot/install/nav2_util/include//nav2_util/validate_messages.hpp
[1.281s] -- Up-to-date symlink: /home/huuhoa/hospital_robot/install/nav2_util/share/nav2_util/environment/library_path.sh
[1.281s] -- Up-to-date symlink: /home/huuhoa/hospital_robot/install/nav2_util/share/nav2_util/environment/library_path.dsv
[1.281s] -- Up-to-date symlink: /home/huuhoa/hospital_robot/install/nav2_util/share/ament_index/resource_index/package_run_dependencies/nav2_util
[1.282s] -- Up-to-date symlink: /home/huuhoa/hospital_robot/install/nav2_util/share/ament_index/resource_index/parent_prefix_path/nav2_util
[1.282s] -- Up-to-date symlink: /home/huuhoa/hospital_robot/install/nav2_util/share/nav2_util/environment/ament_prefix_path.sh
[1.282s] -- Up-to-date symlink: /home/huuhoa/hospital_robot/install/nav2_util/share/nav2_util/environment/ament_prefix_path.dsv
[1.282s] -- Up-to-date symlink: /home/huuhoa/hospital_robot/install/nav2_util/share/nav2_util/environment/path.sh
[1.282s] -- Up-to-date symlink: /home/huuhoa/hospital_robot/install/nav2_util/share/nav2_util/environment/path.dsv
[1.282s] -- Up-to-date symlink: /home/huuhoa/hospital_robot/install/nav2_util/share/nav2_util/local_setup.bash
[1.282s] -- Up-to-date symlink: /home/huuhoa/hospital_robot/install/nav2_util/share/nav2_util/local_setup.sh
[1.282s] -- Up-to-date symlink: /home/huuhoa/hospital_robot/install/nav2_util/share/nav2_util/local_setup.zsh
[1.282s] -- Up-to-date symlink: /home/huuhoa/hospital_robot/install/nav2_util/share/nav2_util/local_setup.dsv
[1.282s] -- Symlinking: /home/huuhoa/hospital_robot/install/nav2_util/share/nav2_util/package.dsv
[1.302s] -- Up-to-date symlink: /home/huuhoa/hospital_robot/install/nav2_util/share/ament_index/resource_index/packages/nav2_util
[1.303s] -- Up-to-date symlink: /home/huuhoa/hospital_robot/install/nav2_util/share/nav2_util/cmake/ament_cmake_export_include_directories-extras.cmake
[1.303s] -- Up-to-date symlink: /home/huuhoa/hospital_robot/install/nav2_util/share/nav2_util/cmake/ament_cmake_export_libraries-extras.cmake
[1.303s] -- Up-to-date symlink: /home/huuhoa/hospital_robot/install/nav2_util/share/nav2_util/cmake/ament_cmake_export_dependencies-extras.cmake
[1.303s] -- Up-to-date symlink: /home/huuhoa/hospital_robot/install/nav2_util/share/nav2_util/cmake/nav2_utilConfig.cmake
[1.303s] -- Up-to-date symlink: /home/huuhoa/hospital_robot/install/nav2_util/share/nav2_util/cmake/nav2_utilConfig-version.cmake
[1.303s] -- Up-to-date symlink: /home/huuhoa/hospital_robot/install/nav2_util/share/nav2_util/package.xml
[1.303s] Invoked command in '/home/huuhoa/hospital_robot/build/nav2_util' returned '0': CMAKE_PREFIX_PATH=/home/huuhoa/hospital_robot/install/nav2_msgs:/home/huuhoa/hospital_robot/install/nav2_common:/home/huuhoa/hospital_robot/install/nav_2d_utils:/home/huuhoa/hospital_robot/install/dwb_msgs:/home/huuhoa/hospital_robot/install/nav_2d_msgs:/home/huuhoa/hospital_robot/install/nav2_voxel_grid:/home/huuhoa/hospital_robot/install/nav2_map_server:/home/huuhoa/hospital_robot/install/nav2_lifecycle_manager:/home/huuhoa/hospital_robot/install/nav2_util:/home/huuhoa/hospital_robot/install/map_msgs:/home/huuhoa/hospital_robot/install/hospital_package:/home/huuhoa/hospital_robot/install/nav2_simple_commander:/opt/ros/humble LD_LIBRARY_PATH=/home/huuhoa/hospital_robot/install/nav2_msgs/lib:/home/huuhoa/hospital_robot/install/nav_2d_utils/lib:/home/huuhoa/hospital_robot/install/dwb_msgs/lib:/home/huuhoa/hospital_robot/install/nav_2d_msgs/lib:/home/huuhoa/hospital_robot/install/nav2_voxel_grid/lib:/home/huuhoa/hospital_robot/install/nav2_map_server/lib:/home/huuhoa/hospital_robot/install/nav2_lifecycle_manager/lib:/home/huuhoa/hospital_robot/install/nav2_util/lib:/home/huuhoa/hospital_robot/install/map_msgs/lib:/opt/ros/humble/lib/x86_64-linux-gnu:/opt/ros/humble/lib /usr/bin/cmake --install /home/huuhoa/hospital_robot/build/nav2_util
