[0.101s] Invoking command in '/home/huuhoa/hospital_robot/build/costmap_queue': AMENT_PREFIX_PATH=/home/huuhoa/hospital_robot/install/nav2_costmap_2d:/home/huuhoa/hospital_robot/install/nav2_map_server:/home/huuhoa/hospital_robot/install/nav2_lifecycle_manager:/home/huuhoa/hospital_robot/install/nav2_util:/home/huuhoa/hospital_robot/install/nav2_voxel_grid:/home/huuhoa/hospital_robot/install/nav2_msgs:/home/huuhoa/hospital_robot/install/nav2_common:/home/huuhoa/hospital_robot/install/map_msgs:${AMENT_PREFIX_PATH} CMAKE_PREFIX_PATH=/home/huuhoa/hospital_robot/install/nav2_costmap_2d:/home/huuhoa/hospital_robot/install/nav2_map_server:/home/huuhoa/hospital_robot/install/nav2_lifecycle_manager:/home/huuhoa/hospital_robot/install/nav2_util:/home/huuhoa/hospital_robot/install/nav2_voxel_grid:/home/huuhoa/hospital_robot/install/nav2_msgs:/home/huuhoa/hospital_robot/install/nav2_common:/home/huuhoa/hospital_robot/install/map_msgs:/opt/ros/humble LD_LIBRARY_PATH=/home/huuhoa/hospital_robot/install/nav2_costmap_2d/lib:/home/huuhoa/hospital_robot/install/nav2_map_server/lib:/home/huuhoa/hospital_robot/install/nav2_lifecycle_manager/lib:/home/huuhoa/hospital_robot/install/nav2_util/lib:/home/huuhoa/hospital_robot/install/nav2_voxel_grid/lib:/home/huuhoa/hospital_robot/install/nav2_msgs/lib:/home/huuhoa/hospital_robot/install/map_msgs/lib:${LD_LIBRARY_PATH} PYTHONPATH=/home/huuhoa/hospital_robot/install/nav2_msgs/local/lib/python3.10/dist-packages:/home/huuhoa/hospital_robot/install/nav2_common/local/lib/python3.10/dist-packages:/home/huuhoa/hospital_robot/install/map_msgs/local/lib/python3.10/dist-packages:${PYTHONPATH} /usr/bin/cmake --build /home/huuhoa/hospital_robot/build/costmap_queue -- -j2 -l2
[0.306s] [ 18%] Built target gtest_main
[0.344s] [ 45%] Built target costmap_queue
[0.396s] [ 63%] Built target gtest
[0.469s] [ 81%] Built target mbq_test
[0.492s] [100%] Built target utest
[0.510s] Invoked command in '/home/huuhoa/hospital_robot/build/costmap_queue' returned '0': AMENT_PREFIX_PATH=/home/huuhoa/hospital_robot/install/nav2_costmap_2d:/home/huuhoa/hospital_robot/install/nav2_map_server:/home/huuhoa/hospital_robot/install/nav2_lifecycle_manager:/home/huuhoa/hospital_robot/install/nav2_util:/home/huuhoa/hospital_robot/install/nav2_voxel_grid:/home/huuhoa/hospital_robot/install/nav2_msgs:/home/huuhoa/hospital_robot/install/nav2_common:/home/huuhoa/hospital_robot/install/map_msgs:${AMENT_PREFIX_PATH} CMAKE_PREFIX_PATH=/home/huuhoa/hospital_robot/install/nav2_costmap_2d:/home/huuhoa/hospital_robot/install/nav2_map_server:/home/huuhoa/hospital_robot/install/nav2_lifecycle_manager:/home/huuhoa/hospital_robot/install/nav2_util:/home/huuhoa/hospital_robot/install/nav2_voxel_grid:/home/huuhoa/hospital_robot/install/nav2_msgs:/home/huuhoa/hospital_robot/install/nav2_common:/home/huuhoa/hospital_robot/install/map_msgs:/opt/ros/humble LD_LIBRARY_PATH=/home/huuhoa/hospital_robot/install/nav2_costmap_2d/lib:/home/huuhoa/hospital_robot/install/nav2_map_server/lib:/home/huuhoa/hospital_robot/install/nav2_lifecycle_manager/lib:/home/huuhoa/hospital_robot/install/nav2_util/lib:/home/huuhoa/hospital_robot/install/nav2_voxel_grid/lib:/home/huuhoa/hospital_robot/install/nav2_msgs/lib:/home/huuhoa/hospital_robot/install/map_msgs/lib:${LD_LIBRARY_PATH} PYTHONPATH=/home/huuhoa/hospital_robot/install/nav2_msgs/local/lib/python3.10/dist-packages:/home/huuhoa/hospital_robot/install/nav2_common/local/lib/python3.10/dist-packages:/home/huuhoa/hospital_robot/install/map_msgs/local/lib/python3.10/dist-packages:${PYTHONPATH} /usr/bin/cmake --build /home/huuhoa/hospital_robot/build/costmap_queue -- -j2 -l2
[0.521s] Invoking command in '/home/huuhoa/hospital_robot/build/costmap_queue': AMENT_PREFIX_PATH=/home/huuhoa/hospital_robot/install/nav2_costmap_2d:/home/huuhoa/hospital_robot/install/nav2_map_server:/home/huuhoa/hospital_robot/install/nav2_lifecycle_manager:/home/huuhoa/hospital_robot/install/nav2_util:/home/huuhoa/hospital_robot/install/nav2_voxel_grid:/home/huuhoa/hospital_robot/install/nav2_msgs:/home/huuhoa/hospital_robot/install/nav2_common:/home/huuhoa/hospital_robot/install/map_msgs:${AMENT_PREFIX_PATH} CMAKE_PREFIX_PATH=/home/huuhoa/hospital_robot/install/nav2_costmap_2d:/home/huuhoa/hospital_robot/install/nav2_map_server:/home/huuhoa/hospital_robot/install/nav2_lifecycle_manager:/home/huuhoa/hospital_robot/install/nav2_util:/home/huuhoa/hospital_robot/install/nav2_voxel_grid:/home/huuhoa/hospital_robot/install/nav2_msgs:/home/huuhoa/hospital_robot/install/nav2_common:/home/huuhoa/hospital_robot/install/map_msgs:/opt/ros/humble LD_LIBRARY_PATH=/home/huuhoa/hospital_robot/install/nav2_costmap_2d/lib:/home/huuhoa/hospital_robot/install/nav2_map_server/lib:/home/huuhoa/hospital_robot/install/nav2_lifecycle_manager/lib:/home/huuhoa/hospital_robot/install/nav2_util/lib:/home/huuhoa/hospital_robot/install/nav2_voxel_grid/lib:/home/huuhoa/hospital_robot/install/nav2_msgs/lib:/home/huuhoa/hospital_robot/install/map_msgs/lib:${LD_LIBRARY_PATH} PYTHONPATH=/home/huuhoa/hospital_robot/install/nav2_msgs/local/lib/python3.10/dist-packages:/home/huuhoa/hospital_robot/install/nav2_common/local/lib/python3.10/dist-packages:/home/huuhoa/hospital_robot/install/map_msgs/local/lib/python3.10/dist-packages:${PYTHONPATH} /usr/bin/cmake --install /home/huuhoa/hospital_robot/build/costmap_queue
[0.546s] -- Install configuration: "Release"
[0.554s] -- Execute custom install script
[0.557s] -- Up-to-date symlink: /home/huuhoa/hospital_robot/install/costmap_queue/lib/libcostmap_queue.so
[0.558s] -- Up-to-date symlink: /home/huuhoa/hospital_robot/install/costmap_queue/include//costmap_queue/costmap_queue.hpp
[0.559s] -- Up-to-date symlink: /home/huuhoa/hospital_robot/install/costmap_queue/include//costmap_queue/limited_costmap_queue.hpp
[0.562s] -- Up-to-date symlink: /home/huuhoa/hospital_robot/install/costmap_queue/include//costmap_queue/map_based_queue.hpp
[0.564s] -- Up-to-date symlink: /home/huuhoa/hospital_robot/install/costmap_queue/share/costmap_queue/environment/library_path.sh
[0.565s] -- Up-to-date symlink: /home/huuhoa/hospital_robot/install/costmap_queue/share/costmap_queue/environment/library_path.dsv
[0.567s] -- Up-to-date symlink: /home/huuhoa/hospital_robot/install/costmap_queue/share/ament_index/resource_index/package_run_dependencies/costmap_queue
[0.568s] -- Up-to-date symlink: /home/huuhoa/hospital_robot/install/costmap_queue/share/ament_index/resource_index/parent_prefix_path/costmap_queue
[0.571s] -- Up-to-date symlink: /home/huuhoa/hospital_robot/install/costmap_queue/share/costmap_queue/environment/ament_prefix_path.sh
[0.572s] -- Up-to-date symlink: /home/huuhoa/hospital_robot/install/costmap_queue/share/costmap_queue/environment/ament_prefix_path.dsv
[0.573s] -- Up-to-date symlink: /home/huuhoa/hospital_robot/install/costmap_queue/share/costmap_queue/environment/path.sh
[0.574s] -- Up-to-date symlink: /home/huuhoa/hospital_robot/install/costmap_queue/share/costmap_queue/environment/path.dsv
[0.575s] -- Up-to-date symlink: /home/huuhoa/hospital_robot/install/costmap_queue/share/costmap_queue/local_setup.bash
[0.577s] -- Up-to-date symlink: /home/huuhoa/hospital_robot/install/costmap_queue/share/costmap_queue/local_setup.sh
[0.580s] -- Up-to-date symlink: /home/huuhoa/hospital_robot/install/costmap_queue/share/costmap_queue/local_setup.zsh
[0.581s] -- Up-to-date symlink: /home/huuhoa/hospital_robot/install/costmap_queue/share/costmap_queue/local_setup.dsv
[0.582s] -- Symlinking: /home/huuhoa/hospital_robot/install/costmap_queue/share/costmap_queue/package.dsv
[0.602s] -- Up-to-date symlink: /home/huuhoa/hospital_robot/install/costmap_queue/share/ament_index/resource_index/packages/costmap_queue
[0.603s] -- Up-to-date symlink: /home/huuhoa/hospital_robot/install/costmap_queue/share/costmap_queue/cmake/ament_cmake_export_include_directories-extras.cmake
[0.604s] -- Up-to-date symlink: /home/huuhoa/hospital_robot/install/costmap_queue/share/costmap_queue/cmake/ament_cmake_export_libraries-extras.cmake
[0.604s] -- Up-to-date symlink: /home/huuhoa/hospital_robot/install/costmap_queue/share/costmap_queue/cmake/costmap_queueConfig.cmake
[0.608s] -- Up-to-date symlink: /home/huuhoa/hospital_robot/install/costmap_queue/share/costmap_queue/cmake/costmap_queueConfig-version.cmake
[0.608s] -- Up-to-date symlink: /home/huuhoa/hospital_robot/install/costmap_queue/share/costmap_queue/package.xml
[0.624s] Invoked command in '/home/huuhoa/hospital_robot/build/costmap_queue' returned '0': AMENT_PREFIX_PATH=/home/huuhoa/hospital_robot/install/nav2_costmap_2d:/home/huuhoa/hospital_robot/install/nav2_map_server:/home/huuhoa/hospital_robot/install/nav2_lifecycle_manager:/home/huuhoa/hospital_robot/install/nav2_util:/home/huuhoa/hospital_robot/install/nav2_voxel_grid:/home/huuhoa/hospital_robot/install/nav2_msgs:/home/huuhoa/hospital_robot/install/nav2_common:/home/huuhoa/hospital_robot/install/map_msgs:${AMENT_PREFIX_PATH} CMAKE_PREFIX_PATH=/home/huuhoa/hospital_robot/install/nav2_costmap_2d:/home/huuhoa/hospital_robot/install/nav2_map_server:/home/huuhoa/hospital_robot/install/nav2_lifecycle_manager:/home/huuhoa/hospital_robot/install/nav2_util:/home/huuhoa/hospital_robot/install/nav2_voxel_grid:/home/huuhoa/hospital_robot/install/nav2_msgs:/home/huuhoa/hospital_robot/install/nav2_common:/home/huuhoa/hospital_robot/install/map_msgs:/opt/ros/humble LD_LIBRARY_PATH=/home/huuhoa/hospital_robot/install/nav2_costmap_2d/lib:/home/huuhoa/hospital_robot/install/nav2_map_server/lib:/home/huuhoa/hospital_robot/install/nav2_lifecycle_manager/lib:/home/huuhoa/hospital_robot/install/nav2_util/lib:/home/huuhoa/hospital_robot/install/nav2_voxel_grid/lib:/home/huuhoa/hospital_robot/install/nav2_msgs/lib:/home/huuhoa/hospital_robot/install/map_msgs/lib:${LD_LIBRARY_PATH} PYTHONPATH=/home/huuhoa/hospital_robot/install/nav2_msgs/local/lib/python3.10/dist-packages:/home/huuhoa/hospital_robot/install/nav2_common/local/lib/python3.10/dist-packages:/home/huuhoa/hospital_robot/install/map_msgs/local/lib/python3.10/dist-packages:${PYTHONPATH} /usr/bin/cmake --install /home/huuhoa/hospital_robot/build/costmap_queue
