[0.068s] Invoking command in '/home/huuhoa/hospital_robot/build/nav2_common': CMAKE_PREFIX_PATH=/opt/ros/humble /usr/bin/cmake --build /home/huuhoa/hospital_robot/build/nav2_common -- -j2 -l2
[0.301s] Built target ament_cmake_python_symlink_nav2_common
[0.709s] running egg_info
[0.719s] writing nav2_common.egg-info/PKG-INFO
[0.719s] writing dependency_links to nav2_common.egg-info/dependency_links.txt
[0.719s] writing top-level names to nav2_common.egg-info/top_level.txt
[0.731s] reading manifest file 'nav2_common.egg-info/SOURCES.txt'
[0.732s] writing manifest file 'nav2_common.egg-info/SOURCES.txt'
[0.758s] Built target ament_cmake_python_build_nav2_common_egg
[0.777s] Invoked command in '/home/huuhoa/hospital_robot/build/nav2_common' returned '0': CMAKE_PREFIX_PATH=/opt/ros/humble /usr/bin/cmake --build /home/huuhoa/hospital_robot/build/nav2_common -- -j2 -l2
[0.804s] Invoking command in '/home/huuhoa/hospital_robot/build/nav2_common': CMAKE_PREFIX_PATH=/opt/ros/humble /usr/bin/cmake --install /home/huuhoa/hospital_robot/build/nav2_common
[0.815s] -- Install configuration: ""
[0.817s] -- Execute custom install script
[0.822s] -- Up-to-date symlink: /home/huuhoa/hospital_robot/install/nav2_common/share/nav2_common/environment/pythonpath.sh
[0.823s] -- Up-to-date symlink: /home/huuhoa/hospital_robot/install/nav2_common/share/nav2_common/environment/pythonpath.dsv
[0.833s] -- Up-to-date symlink: /home/huuhoa/hospital_robot/install/nav2_common/local/lib/python3.10/dist-packages/nav2_common-1.1.18-py3.10.egg-info/PKG-INFO
[0.837s] -- Up-to-date symlink: /home/huuhoa/hospital_robot/install/nav2_common/local/lib/python3.10/dist-packages/nav2_common-1.1.18-py3.10.egg-info/SOURCES.txt
[0.837s] -- Up-to-date symlink: /home/huuhoa/hospital_robot/install/nav2_common/local/lib/python3.10/dist-packages/nav2_common-1.1.18-py3.10.egg-info/dependency_links.txt
[0.837s] -- Up-to-date symlink: /home/huuhoa/hospital_robot/install/nav2_common/local/lib/python3.10/dist-packages/nav2_common-1.1.18-py3.10.egg-info/top_level.txt
[0.842s] -- Up-to-date symlink: /home/huuhoa/hospital_robot/install/nav2_common/local/lib/python3.10/dist-packages/nav2_common/__init__.py
[0.842s] -- Up-to-date symlink: /home/huuhoa/hospital_robot/install/nav2_common/local/lib/python3.10/dist-packages/nav2_common/launch/__init__.py
[0.842s] -- Up-to-date symlink: /home/huuhoa/hospital_robot/install/nav2_common/local/lib/python3.10/dist-packages/nav2_common/launch/has_node_params.py
[0.843s] -- Up-to-date symlink: /home/huuhoa/hospital_robot/install/nav2_common/local/lib/python3.10/dist-packages/nav2_common/launch/parse_multirobot_pose.py
[0.844s] -- Up-to-date symlink: /home/huuhoa/hospital_robot/install/nav2_common/local/lib/python3.10/dist-packages/nav2_common/launch/replace_string.py
[0.845s] -- Up-to-date symlink: /home/huuhoa/hospital_robot/install/nav2_common/local/lib/python3.10/dist-packages/nav2_common/launch/rewritten_yaml.py
[0.851s] -- Up-to-date symlink: /home/huuhoa/hospital_robot/install/nav2_common/share/ament_index/resource_index/package_run_dependencies/nav2_common
[0.852s] -- Up-to-date symlink: /home/huuhoa/hospital_robot/install/nav2_common/share/ament_index/resource_index/parent_prefix_path/nav2_common
[0.853s] -- Up-to-date symlink: /home/huuhoa/hospital_robot/install/nav2_common/share/nav2_common/environment/ament_prefix_path.sh
[0.853s] -- Up-to-date symlink: /home/huuhoa/hospital_robot/install/nav2_common/share/nav2_common/environment/ament_prefix_path.dsv
[0.856s] -- Up-to-date symlink: /home/huuhoa/hospital_robot/install/nav2_common/share/nav2_common/environment/path.sh
[0.856s] -- Up-to-date symlink: /home/huuhoa/hospital_robot/install/nav2_common/share/nav2_common/environment/path.dsv
[0.857s] -- Up-to-date symlink: /home/huuhoa/hospital_robot/install/nav2_common/share/nav2_common/local_setup.bash
[0.859s] -- Up-to-date symlink: /home/huuhoa/hospital_robot/install/nav2_common/share/nav2_common/local_setup.sh
[0.861s] -- Up-to-date symlink: /home/huuhoa/hospital_robot/install/nav2_common/share/nav2_common/local_setup.zsh
[0.871s] -- Up-to-date symlink: /home/huuhoa/hospital_robot/install/nav2_common/share/nav2_common/local_setup.dsv
[0.871s] -- Symlinking: /home/huuhoa/hospital_robot/install/nav2_common/share/nav2_common/package.dsv
[0.892s] -- Up-to-date symlink: /home/huuhoa/hospital_robot/install/nav2_common/share/ament_index/resource_index/packages/nav2_common
[0.894s] -- Up-to-date symlink: /home/huuhoa/hospital_robot/install/nav2_common/share/nav2_common/cmake/nav2_common-extras.cmake
[0.895s] -- Up-to-date symlink: /home/huuhoa/hospital_robot/install/nav2_common/share/nav2_common/cmake/nav2_commonConfig.cmake
[0.901s] -- Up-to-date symlink: /home/huuhoa/hospital_robot/install/nav2_common/share/nav2_common/cmake/nav2_commonConfig-version.cmake
[0.904s] -- Up-to-date symlink: /home/huuhoa/hospital_robot/install/nav2_common/share/nav2_common/package.xml
[0.904s] -- Up-to-date symlink: /home/huuhoa/hospital_robot/install/nav2_common/share/nav2_common/cmake/nav2_package.cmake
[0.984s] Listing '/home/huuhoa/hospital_robot/install/nav2_common/local/lib/python3.10/dist-packages/nav2_common'...
[0.984s] Listing '/home/huuhoa/hospital_robot/install/nav2_common/local/lib/python3.10/dist-packages/nav2_common/launch'...
[0.998s] Invoked command in '/home/huuhoa/hospital_robot/build/nav2_common' returned '0': CMAKE_PREFIX_PATH=/opt/ros/humble /usr/bin/cmake --install /home/huuhoa/hospital_robot/build/nav2_common
