[0.078s] Invoking command in '/home/huuhoa/hospital_robot/build/nav2_rviz_plugins': AMENT_PREFIX_PATH=/home/huuhoa/hospital_robot/install/nav2_lifecycle_manager:/home/huuhoa/hospital_robot/install/nav2_util:/home/huuhoa/hospital_robot/install/nav2_msgs:/home/huuhoa/hospital_robot/install/nav2_common:${AMENT_PREFIX_PATH} CMAKE_PREFIX_PATH=/home/huuhoa/hospital_robot/install/nav2_lifecycle_manager:/home/huuhoa/hospital_robot/install/nav2_util:/home/huuhoa/hospital_robot/install/nav2_msgs:/home/huuhoa/hospital_robot/install/nav2_common:/opt/ros/humble LD_LIBRARY_PATH=/home/huuhoa/hospital_robot/install/nav2_lifecycle_manager/lib:/home/huuhoa/hospital_robot/install/nav2_util/lib:/home/huuhoa/hospital_robot/install/nav2_msgs/lib:${LD_LIBRARY_PATH} PYTHONPATH=/home/huuhoa/hospital_robot/install/nav2_msgs/local/lib/python3.10/dist-packages:/home/huuhoa/hospital_robot/install/nav2_common/local/lib/python3.10/dist-packages:${PYTHONPATH} /usr/bin/cmake --build /home/huuhoa/hospital_robot/build/nav2_rviz_plugins -- -j2 -l2
[0.532s] [ 14%] [34m[1mAutomatic MOC for target nav2_rviz_plugins[0m
[0.622s] [ 14%] Built target nav2_rviz_plugins_autogen
[0.683s] [35m[1mConsolidate compiler generated dependencies of target nav2_rviz_plugins[0m
[0.797s] [100%] Built target nav2_rviz_plugins
[0.813s] Invoked command in '/home/huuhoa/hospital_robot/build/nav2_rviz_plugins' returned '0': AMENT_PREFIX_PATH=/home/huuhoa/hospital_robot/install/nav2_lifecycle_manager:/home/huuhoa/hospital_robot/install/nav2_util:/home/huuhoa/hospital_robot/install/nav2_msgs:/home/huuhoa/hospital_robot/install/nav2_common:${AMENT_PREFIX_PATH} CMAKE_PREFIX_PATH=/home/huuhoa/hospital_robot/install/nav2_lifecycle_manager:/home/huuhoa/hospital_robot/install/nav2_util:/home/huuhoa/hospital_robot/install/nav2_msgs:/home/huuhoa/hospital_robot/install/nav2_common:/opt/ros/humble LD_LIBRARY_PATH=/home/huuhoa/hospital_robot/install/nav2_lifecycle_manager/lib:/home/huuhoa/hospital_robot/install/nav2_util/lib:/home/huuhoa/hospital_robot/install/nav2_msgs/lib:${LD_LIBRARY_PATH} PYTHONPATH=/home/huuhoa/hospital_robot/install/nav2_msgs/local/lib/python3.10/dist-packages:/home/huuhoa/hospital_robot/install/nav2_common/local/lib/python3.10/dist-packages:${PYTHONPATH} /usr/bin/cmake --build /home/huuhoa/hospital_robot/build/nav2_rviz_plugins -- -j2 -l2
[0.822s] Invoking command in '/home/huuhoa/hospital_robot/build/nav2_rviz_plugins': AMENT_PREFIX_PATH=/home/huuhoa/hospital_robot/install/nav2_lifecycle_manager:/home/huuhoa/hospital_robot/install/nav2_util:/home/huuhoa/hospital_robot/install/nav2_msgs:/home/huuhoa/hospital_robot/install/nav2_common:${AMENT_PREFIX_PATH} CMAKE_PREFIX_PATH=/home/huuhoa/hospital_robot/install/nav2_lifecycle_manager:/home/huuhoa/hospital_robot/install/nav2_util:/home/huuhoa/hospital_robot/install/nav2_msgs:/home/huuhoa/hospital_robot/install/nav2_common:/opt/ros/humble LD_LIBRARY_PATH=/home/huuhoa/hospital_robot/install/nav2_lifecycle_manager/lib:/home/huuhoa/hospital_robot/install/nav2_util/lib:/home/huuhoa/hospital_robot/install/nav2_msgs/lib:${LD_LIBRARY_PATH} PYTHONPATH=/home/huuhoa/hospital_robot/install/nav2_msgs/local/lib/python3.10/dist-packages:/home/huuhoa/hospital_robot/install/nav2_common/local/lib/python3.10/dist-packages:${PYTHONPATH} /usr/bin/cmake --install /home/huuhoa/hospital_robot/build/nav2_rviz_plugins
[0.844s] -- Install configuration: ""
[0.845s] -- Execute custom install script
[0.848s] -- Up-to-date symlink: /home/huuhoa/hospital_robot/install/nav2_rviz_plugins/share/nav2_rviz_plugins//plugins_description.xml
[0.851s] -- Up-to-date symlink: /home/huuhoa/hospital_robot/install/nav2_rviz_plugins/include//nav2_rviz_plugins/goal_common.hpp
[0.853s] -- Up-to-date symlink: /home/huuhoa/hospital_robot/install/nav2_rviz_plugins/include//nav2_rviz_plugins/goal_pose_updater.hpp
[0.854s] -- Up-to-date symlink: /home/huuhoa/hospital_robot/install/nav2_rviz_plugins/include//nav2_rviz_plugins/goal_tool.hpp
[0.861s] -- Up-to-date symlink: /home/huuhoa/hospital_robot/install/nav2_rviz_plugins/include//nav2_rviz_plugins/nav2_panel.hpp
[0.866s] -- Up-to-date symlink: /home/huuhoa/hospital_robot/install/nav2_rviz_plugins/include//nav2_rviz_plugins/particle_cloud_display/flat_weighted_arrows_array.hpp
[0.868s] -- Up-to-date symlink: /home/huuhoa/hospital_robot/install/nav2_rviz_plugins/include//nav2_rviz_plugins/particle_cloud_display/particle_cloud_display.hpp
[0.870s] -- Up-to-date symlink: /home/huuhoa/hospital_robot/install/nav2_rviz_plugins/include//nav2_rviz_plugins/ros_action_qevent.hpp
[0.874s] -- Up-to-date symlink: /home/huuhoa/hospital_robot/install/nav2_rviz_plugins/share/nav2_rviz_plugins/environment/library_path.sh
[0.876s] -- Up-to-date symlink: /home/huuhoa/hospital_robot/install/nav2_rviz_plugins/share/nav2_rviz_plugins/environment/library_path.dsv
[0.880s] -- Up-to-date symlink: /home/huuhoa/hospital_robot/install/nav2_rviz_plugins/share/ament_index/resource_index/package_run_dependencies/nav2_rviz_plugins
[0.883s] -- Up-to-date symlink: /home/huuhoa/hospital_robot/install/nav2_rviz_plugins/share/ament_index/resource_index/parent_prefix_path/nav2_rviz_plugins
[0.884s] -- Up-to-date symlink: /home/huuhoa/hospital_robot/install/nav2_rviz_plugins/share/nav2_rviz_plugins/environment/ament_prefix_path.sh
[0.885s] -- Up-to-date symlink: /home/huuhoa/hospital_robot/install/nav2_rviz_plugins/share/nav2_rviz_plugins/environment/ament_prefix_path.dsv
[0.887s] -- Up-to-date symlink: /home/huuhoa/hospital_robot/install/nav2_rviz_plugins/share/nav2_rviz_plugins/environment/path.sh
[0.888s] -- Up-to-date symlink: /home/huuhoa/hospital_robot/install/nav2_rviz_plugins/share/nav2_rviz_plugins/environment/path.dsv
[0.890s] -- Up-to-date symlink: /home/huuhoa/hospital_robot/install/nav2_rviz_plugins/share/nav2_rviz_plugins/local_setup.bash
[0.892s] -- Up-to-date symlink: /home/huuhoa/hospital_robot/install/nav2_rviz_plugins/share/nav2_rviz_plugins/local_setup.sh
[0.892s] -- Up-to-date symlink: /home/huuhoa/hospital_robot/install/nav2_rviz_plugins/share/nav2_rviz_plugins/local_setup.zsh
[0.894s] -- Up-to-date symlink: /home/huuhoa/hospital_robot/install/nav2_rviz_plugins/share/nav2_rviz_plugins/local_setup.dsv
[0.895s] -- Symlinking: /home/huuhoa/hospital_robot/install/nav2_rviz_plugins/share/nav2_rviz_plugins/package.dsv
[0.922s] -- Up-to-date symlink: /home/huuhoa/hospital_robot/install/nav2_rviz_plugins/share/ament_index/resource_index/packages/nav2_rviz_plugins
[0.923s] -- Up-to-date symlink: /home/huuhoa/hospital_robot/install/nav2_rviz_plugins/share/ament_index/resource_index/rviz_common__pluginlib__plugin/nav2_rviz_plugins
[0.926s] -- Up-to-date symlink: /home/huuhoa/hospital_robot/install/nav2_rviz_plugins/share/nav2_rviz_plugins/cmake/ament_cmake_export_include_directories-extras.cmake
[0.926s] -- Up-to-date symlink: /home/huuhoa/hospital_robot/install/nav2_rviz_plugins/share/nav2_rviz_plugins/cmake/ament_cmake_export_targets-extras.cmake
[0.928s] -- Up-to-date symlink: /home/huuhoa/hospital_robot/install/nav2_rviz_plugins/share/nav2_rviz_plugins/cmake/ament_cmake_export_dependencies-extras.cmake
[0.932s] -- Up-to-date symlink: /home/huuhoa/hospital_robot/install/nav2_rviz_plugins/share/nav2_rviz_plugins/cmake/nav2_rviz_pluginsConfig.cmake
[0.932s] -- Up-to-date symlink: /home/huuhoa/hospital_robot/install/nav2_rviz_plugins/share/nav2_rviz_plugins/cmake/nav2_rviz_pluginsConfig-version.cmake
[0.933s] -- Up-to-date symlink: /home/huuhoa/hospital_robot/install/nav2_rviz_plugins/share/nav2_rviz_plugins/package.xml
[0.938s] -- Up-to-date: /home/huuhoa/hospital_robot/install/nav2_rviz_plugins/lib/libnav2_rviz_plugins.so
[0.950s] -- Up-to-date: /home/huuhoa/hospital_robot/install/nav2_rviz_plugins/share/nav2_rviz_plugins/cmake/nav2_rviz_pluginsExport.cmake
[0.950s] -- Up-to-date: /home/huuhoa/hospital_robot/install/nav2_rviz_plugins/share/nav2_rviz_plugins/cmake/nav2_rviz_pluginsExport-noconfig.cmake
[0.962s] Invoked command in '/home/huuhoa/hospital_robot/build/nav2_rviz_plugins' returned '0': AMENT_PREFIX_PATH=/home/huuhoa/hospital_robot/install/nav2_lifecycle_manager:/home/huuhoa/hospital_robot/install/nav2_util:/home/huuhoa/hospital_robot/install/nav2_msgs:/home/huuhoa/hospital_robot/install/nav2_common:${AMENT_PREFIX_PATH} CMAKE_PREFIX_PATH=/home/huuhoa/hospital_robot/install/nav2_lifecycle_manager:/home/huuhoa/hospital_robot/install/nav2_util:/home/huuhoa/hospital_robot/install/nav2_msgs:/home/huuhoa/hospital_robot/install/nav2_common:/opt/ros/humble LD_LIBRARY_PATH=/home/huuhoa/hospital_robot/install/nav2_lifecycle_manager/lib:/home/huuhoa/hospital_robot/install/nav2_util/lib:/home/huuhoa/hospital_robot/install/nav2_msgs/lib:${LD_LIBRARY_PATH} PYTHONPATH=/home/huuhoa/hospital_robot/install/nav2_msgs/local/lib/python3.10/dist-packages:/home/huuhoa/hospital_robot/install/nav2_common/local/lib/python3.10/dist-packages:${PYTHONPATH} /usr/bin/cmake --install /home/huuhoa/hospital_robot/build/nav2_rviz_plugins
