[0.069s] Invoking command in '/home/huuhoa/hospital_robot/build/nav2_constrained_smoother': AMENT_PREFIX_PATH=/home/huuhoa/hospital_robot/install/nav2_core:/home/huuhoa/hospital_robot/install/nav2_costmap_2d:/home/huuhoa/hospital_robot/install/nav2_map_server:/home/huuhoa/hospital_robot/install/nav2_lifecycle_manager:/home/huuhoa/hospital_robot/install/nav2_util:/home/huuhoa/hospital_robot/install/nav2_voxel_grid:/home/huuhoa/hospital_robot/install/nav2_msgs:/home/huuhoa/hospital_robot/install/nav2_common:/home/huuhoa/hospital_robot/install/map_msgs:${AMENT_PREFIX_PATH} CMAKE_PREFIX_PATH=/home/huuhoa/hospital_robot/install/nav2_core:/home/huuhoa/hospital_robot/install/nav2_costmap_2d:/home/huuhoa/hospital_robot/install/nav2_map_server:/home/huuhoa/hospital_robot/install/nav2_lifecycle_manager:/home/huuhoa/hospital_robot/install/nav2_util:/home/huuhoa/hospital_robot/install/nav2_voxel_grid:/home/huuhoa/hospital_robot/install/nav2_msgs:/home/huuhoa/hospital_robot/install/nav2_common:/home/huuhoa/hospital_robot/install/map_msgs:/opt/ros/humble LD_LIBRARY_PATH=/home/huuhoa/hospital_robot/install/nav2_costmap_2d/lib:/home/huuhoa/hospital_robot/install/nav2_map_server/lib:/home/huuhoa/hospital_robot/install/nav2_lifecycle_manager/lib:/home/huuhoa/hospital_robot/install/nav2_util/lib:/home/huuhoa/hospital_robot/install/nav2_voxel_grid/lib:/home/huuhoa/hospital_robot/install/nav2_msgs/lib:/home/huuhoa/hospital_robot/install/map_msgs/lib:${LD_LIBRARY_PATH} PYTHONPATH=/home/huuhoa/hospital_robot/install/nav2_msgs/local/lib/python3.10/dist-packages:/home/huuhoa/hospital_robot/install/nav2_common/local/lib/python3.10/dist-packages:/home/huuhoa/hospital_robot/install/map_msgs/local/lib/python3.10/dist-packages:${PYTHONPATH} /usr/bin/cmake --build /home/huuhoa/hospital_robot/build/nav2_constrained_smoother -- -j2 -l2
[0.233s] [ 20%] Built target gtest_main
[0.264s] [ 40%] Built target nav2_constrained_smoother
[0.323s] [ 60%] Built target gtest
[0.361s] [35m[1mConsolidate compiler generated dependencies of target test_constrained_smoother[0m
[0.378s] [35m[1mConsolidate compiler generated dependencies of target test_smoother_cost_function[0m
[0.407s] [ 80%] Built target test_constrained_smoother
[0.436s] [100%] Built target test_smoother_cost_function
[0.449s] Invoked command in '/home/huuhoa/hospital_robot/build/nav2_constrained_smoother' returned '0': AMENT_PREFIX_PATH=/home/huuhoa/hospital_robot/install/nav2_core:/home/huuhoa/hospital_robot/install/nav2_costmap_2d:/home/huuhoa/hospital_robot/install/nav2_map_server:/home/huuhoa/hospital_robot/install/nav2_lifecycle_manager:/home/huuhoa/hospital_robot/install/nav2_util:/home/huuhoa/hospital_robot/install/nav2_voxel_grid:/home/huuhoa/hospital_robot/install/nav2_msgs:/home/huuhoa/hospital_robot/install/nav2_common:/home/huuhoa/hospital_robot/install/map_msgs:${AMENT_PREFIX_PATH} CMAKE_PREFIX_PATH=/home/huuhoa/hospital_robot/install/nav2_core:/home/huuhoa/hospital_robot/install/nav2_costmap_2d:/home/huuhoa/hospital_robot/install/nav2_map_server:/home/huuhoa/hospital_robot/install/nav2_lifecycle_manager:/home/huuhoa/hospital_robot/install/nav2_util:/home/huuhoa/hospital_robot/install/nav2_voxel_grid:/home/huuhoa/hospital_robot/install/nav2_msgs:/home/huuhoa/hospital_robot/install/nav2_common:/home/huuhoa/hospital_robot/install/map_msgs:/opt/ros/humble LD_LIBRARY_PATH=/home/huuhoa/hospital_robot/install/nav2_costmap_2d/lib:/home/huuhoa/hospital_robot/install/nav2_map_server/lib:/home/huuhoa/hospital_robot/install/nav2_lifecycle_manager/lib:/home/huuhoa/hospital_robot/install/nav2_util/lib:/home/huuhoa/hospital_robot/install/nav2_voxel_grid/lib:/home/huuhoa/hospital_robot/install/nav2_msgs/lib:/home/huuhoa/hospital_robot/install/map_msgs/lib:${LD_LIBRARY_PATH} PYTHONPATH=/home/huuhoa/hospital_robot/install/nav2_msgs/local/lib/python3.10/dist-packages:/home/huuhoa/hospital_robot/install/nav2_common/local/lib/python3.10/dist-packages:/home/huuhoa/hospital_robot/install/map_msgs/local/lib/python3.10/dist-packages:${PYTHONPATH} /usr/bin/cmake --build /home/huuhoa/hospital_robot/build/nav2_constrained_smoother -- -j2 -l2
[0.454s] Invoking command in '/home/huuhoa/hospital_robot/build/nav2_constrained_smoother': AMENT_PREFIX_PATH=/home/huuhoa/hospital_robot/install/nav2_core:/home/huuhoa/hospital_robot/install/nav2_costmap_2d:/home/huuhoa/hospital_robot/install/nav2_map_server:/home/huuhoa/hospital_robot/install/nav2_lifecycle_manager:/home/huuhoa/hospital_robot/install/nav2_util:/home/huuhoa/hospital_robot/install/nav2_voxel_grid:/home/huuhoa/hospital_robot/install/nav2_msgs:/home/huuhoa/hospital_robot/install/nav2_common:/home/huuhoa/hospital_robot/install/map_msgs:${AMENT_PREFIX_PATH} CMAKE_PREFIX_PATH=/home/huuhoa/hospital_robot/install/nav2_core:/home/huuhoa/hospital_robot/install/nav2_costmap_2d:/home/huuhoa/hospital_robot/install/nav2_map_server:/home/huuhoa/hospital_robot/install/nav2_lifecycle_manager:/home/huuhoa/hospital_robot/install/nav2_util:/home/huuhoa/hospital_robot/install/nav2_voxel_grid:/home/huuhoa/hospital_robot/install/nav2_msgs:/home/huuhoa/hospital_robot/install/nav2_common:/home/huuhoa/hospital_robot/install/map_msgs:/opt/ros/humble LD_LIBRARY_PATH=/home/huuhoa/hospital_robot/install/nav2_costmap_2d/lib:/home/huuhoa/hospital_robot/install/nav2_map_server/lib:/home/huuhoa/hospital_robot/install/nav2_lifecycle_manager/lib:/home/huuhoa/hospital_robot/install/nav2_util/lib:/home/huuhoa/hospital_robot/install/nav2_voxel_grid/lib:/home/huuhoa/hospital_robot/install/nav2_msgs/lib:/home/huuhoa/hospital_robot/install/map_msgs/lib:${LD_LIBRARY_PATH} PYTHONPATH=/home/huuhoa/hospital_robot/install/nav2_msgs/local/lib/python3.10/dist-packages:/home/huuhoa/hospital_robot/install/nav2_common/local/lib/python3.10/dist-packages:/home/huuhoa/hospital_robot/install/map_msgs/local/lib/python3.10/dist-packages:${PYTHONPATH} /usr/bin/cmake --install /home/huuhoa/hospital_robot/build/nav2_constrained_smoother
[0.466s] -- Install configuration: "Release"
[0.468s] -- Execute custom install script
[0.471s] -- Up-to-date symlink: /home/huuhoa/hospital_robot/install/nav2_constrained_smoother/lib/libnav2_constrained_smoother.so
[0.473s] -- Up-to-date symlink: /home/huuhoa/hospital_robot/install/nav2_constrained_smoother/include//nav2_constrained_smoother/constrained_smoother.hpp
[0.475s] -- Up-to-date symlink: /home/huuhoa/hospital_robot/install/nav2_constrained_smoother/include//nav2_constrained_smoother/options.hpp
[0.475s] -- Up-to-date symlink: /home/huuhoa/hospital_robot/install/nav2_constrained_smoother/include//nav2_constrained_smoother/smoother.hpp
[0.476s] -- Up-to-date symlink: /home/huuhoa/hospital_robot/install/nav2_constrained_smoother/include//nav2_constrained_smoother/smoother_cost_function.hpp
[0.477s] -- Up-to-date symlink: /home/huuhoa/hospital_robot/install/nav2_constrained_smoother/include//nav2_constrained_smoother/utils.hpp
[0.480s] -- Up-to-date symlink: /home/huuhoa/hospital_robot/install/nav2_constrained_smoother/share/nav2_constrained_smoother/environment/library_path.sh
[0.481s] -- Up-to-date symlink: /home/huuhoa/hospital_robot/install/nav2_constrained_smoother/share/nav2_constrained_smoother/environment/library_path.dsv
[0.482s] -- Up-to-date symlink: /home/huuhoa/hospital_robot/install/nav2_constrained_smoother/share/nav2_constrained_smoother//nav2_constrained_smoother.xml
[0.484s] -- Up-to-date symlink: /home/huuhoa/hospital_robot/install/nav2_constrained_smoother/share/ament_index/resource_index/package_run_dependencies/nav2_constrained_smoother
[0.486s] -- Up-to-date symlink: /home/huuhoa/hospital_robot/install/nav2_constrained_smoother/share/ament_index/resource_index/parent_prefix_path/nav2_constrained_smoother
[0.487s] -- Up-to-date symlink: /home/huuhoa/hospital_robot/install/nav2_constrained_smoother/share/nav2_constrained_smoother/environment/ament_prefix_path.sh
[0.488s] -- Up-to-date symlink: /home/huuhoa/hospital_robot/install/nav2_constrained_smoother/share/nav2_constrained_smoother/environment/ament_prefix_path.dsv
[0.489s] -- Up-to-date symlink: /home/huuhoa/hospital_robot/install/nav2_constrained_smoother/share/nav2_constrained_smoother/environment/path.sh
[0.493s] -- Up-to-date symlink: /home/huuhoa/hospital_robot/install/nav2_constrained_smoother/share/nav2_constrained_smoother/environment/path.dsv
[0.494s] -- Up-to-date symlink: /home/huuhoa/hospital_robot/install/nav2_constrained_smoother/share/nav2_constrained_smoother/local_setup.bash
[0.495s] -- Up-to-date symlink: /home/huuhoa/hospital_robot/install/nav2_constrained_smoother/share/nav2_constrained_smoother/local_setup.sh
[0.496s] -- Up-to-date symlink: /home/huuhoa/hospital_robot/install/nav2_constrained_smoother/share/nav2_constrained_smoother/local_setup.zsh
[0.497s] -- Up-to-date symlink: /home/huuhoa/hospital_robot/install/nav2_constrained_smoother/share/nav2_constrained_smoother/local_setup.dsv
[0.497s] -- Symlinking: /home/huuhoa/hospital_robot/install/nav2_constrained_smoother/share/nav2_constrained_smoother/package.dsv
[0.523s] -- Up-to-date symlink: /home/huuhoa/hospital_robot/install/nav2_constrained_smoother/share/ament_index/resource_index/packages/nav2_constrained_smoother
[0.525s] -- Up-to-date symlink: /home/huuhoa/hospital_robot/install/nav2_constrained_smoother/share/ament_index/resource_index/nav2_core__pluginlib__plugin/nav2_constrained_smoother
[0.532s] -- Up-to-date symlink: /home/huuhoa/hospital_robot/install/nav2_constrained_smoother/share/nav2_constrained_smoother/cmake/ament_cmake_export_include_directories-extras.cmake
[0.532s] -- Up-to-date symlink: /home/huuhoa/hospital_robot/install/nav2_constrained_smoother/share/nav2_constrained_smoother/cmake/ament_cmake_export_libraries-extras.cmake
[0.533s] -- Up-to-date symlink: /home/huuhoa/hospital_robot/install/nav2_constrained_smoother/share/nav2_constrained_smoother/cmake/ament_cmake_export_dependencies-extras.cmake
[0.534s] -- Up-to-date symlink: /home/huuhoa/hospital_robot/install/nav2_constrained_smoother/share/nav2_constrained_smoother/cmake/nav2_constrained_smootherConfig.cmake
[0.535s] -- Up-to-date symlink: /home/huuhoa/hospital_robot/install/nav2_constrained_smoother/share/nav2_constrained_smoother/cmake/nav2_constrained_smootherConfig-version.cmake
[0.535s] -- Up-to-date symlink: /home/huuhoa/hospital_robot/install/nav2_constrained_smoother/share/nav2_constrained_smoother/package.xml
[0.539s] Invoked command in '/home/huuhoa/hospital_robot/build/nav2_constrained_smoother' returned '0': AMENT_PREFIX_PATH=/home/huuhoa/hospital_robot/install/nav2_core:/home/huuhoa/hospital_robot/install/nav2_costmap_2d:/home/huuhoa/hospital_robot/install/nav2_map_server:/home/huuhoa/hospital_robot/install/nav2_lifecycle_manager:/home/huuhoa/hospital_robot/install/nav2_util:/home/huuhoa/hospital_robot/install/nav2_voxel_grid:/home/huuhoa/hospital_robot/install/nav2_msgs:/home/huuhoa/hospital_robot/install/nav2_common:/home/huuhoa/hospital_robot/install/map_msgs:${AMENT_PREFIX_PATH} CMAKE_PREFIX_PATH=/home/huuhoa/hospital_robot/install/nav2_core:/home/huuhoa/hospital_robot/install/nav2_costmap_2d:/home/huuhoa/hospital_robot/install/nav2_map_server:/home/huuhoa/hospital_robot/install/nav2_lifecycle_manager:/home/huuhoa/hospital_robot/install/nav2_util:/home/huuhoa/hospital_robot/install/nav2_voxel_grid:/home/huuhoa/hospital_robot/install/nav2_msgs:/home/huuhoa/hospital_robot/install/nav2_common:/home/huuhoa/hospital_robot/install/map_msgs:/opt/ros/humble LD_LIBRARY_PATH=/home/huuhoa/hospital_robot/install/nav2_costmap_2d/lib:/home/huuhoa/hospital_robot/install/nav2_map_server/lib:/home/huuhoa/hospital_robot/install/nav2_lifecycle_manager/lib:/home/huuhoa/hospital_robot/install/nav2_util/lib:/home/huuhoa/hospital_robot/install/nav2_voxel_grid/lib:/home/huuhoa/hospital_robot/install/nav2_msgs/lib:/home/huuhoa/hospital_robot/install/map_msgs/lib:${LD_LIBRARY_PATH} PYTHONPATH=/home/huuhoa/hospital_robot/install/nav2_msgs/local/lib/python3.10/dist-packages:/home/huuhoa/hospital_robot/install/nav2_common/local/lib/python3.10/dist-packages:/home/huuhoa/hospital_robot/install/map_msgs/local/lib/python3.10/dist-packages:${PYTHONPATH} /usr/bin/cmake --install /home/huuhoa/hospital_robot/build/nav2_constrained_smoother
