[0.105s] Invoking command in '/home/huuhoa/hospital_robot/build/nav2_lifecycle_manager': AMENT_PREFIX_PATH=/home/huuhoa/hospital_robot/install/nav2_util:/home/huuhoa/hospital_robot/install/nav2_msgs:/home/huuhoa/hospital_robot/install/nav2_common:${AMENT_PREFIX_PATH} CMAKE_PREFIX_PATH=/home/huuhoa/hospital_robot/install/nav2_util:/home/huuhoa/hospital_robot/install/nav2_msgs:/home/huuhoa/hospital_robot/install/nav2_common:/opt/ros/humble LD_LIBRARY_PATH=/home/huuhoa/hospital_robot/install/nav2_util/lib:/home/huuhoa/hospital_robot/install/nav2_msgs/lib:${LD_LIBRARY_PATH} PYTHONPATH=/home/huuhoa/hospital_robot/install/nav2_msgs/local/lib/python3.10/dist-packages:/home/huuhoa/hospital_robot/install/nav2_common/local/lib/python3.10/dist-packages:${PYTHONPATH} /usr/bin/cmake --build /home/huuhoa/hospital_robot/build/nav2_lifecycle_manager -- -j2 -l2
[0.424s] [ 15%] Built target gtest_main
[0.445s] [ 38%] Built target nav2_lifecycle_manager_core
[0.525s] [ 53%] Built target gtest
[0.636s] [ 69%] Built target lifecycle_manager
[0.658s] [ 84%] Built target test_lifecycle_gtest
[0.764s] [100%] Built target test_bond_gtest
[0.786s] Invoked command in '/home/huuhoa/hospital_robot/build/nav2_lifecycle_manager' returned '0': AMENT_PREFIX_PATH=/home/huuhoa/hospital_robot/install/nav2_util:/home/huuhoa/hospital_robot/install/nav2_msgs:/home/huuhoa/hospital_robot/install/nav2_common:${AMENT_PREFIX_PATH} CMAKE_PREFIX_PATH=/home/huuhoa/hospital_robot/install/nav2_util:/home/huuhoa/hospital_robot/install/nav2_msgs:/home/huuhoa/hospital_robot/install/nav2_common:/opt/ros/humble LD_LIBRARY_PATH=/home/huuhoa/hospital_robot/install/nav2_util/lib:/home/huuhoa/hospital_robot/install/nav2_msgs/lib:${LD_LIBRARY_PATH} PYTHONPATH=/home/huuhoa/hospital_robot/install/nav2_msgs/local/lib/python3.10/dist-packages:/home/huuhoa/hospital_robot/install/nav2_common/local/lib/python3.10/dist-packages:${PYTHONPATH} /usr/bin/cmake --build /home/huuhoa/hospital_robot/build/nav2_lifecycle_manager -- -j2 -l2
[0.803s] Invoking command in '/home/huuhoa/hospital_robot/build/nav2_lifecycle_manager': AMENT_PREFIX_PATH=/home/huuhoa/hospital_robot/install/nav2_util:/home/huuhoa/hospital_robot/install/nav2_msgs:/home/huuhoa/hospital_robot/install/nav2_common:${AMENT_PREFIX_PATH} CMAKE_PREFIX_PATH=/home/huuhoa/hospital_robot/install/nav2_util:/home/huuhoa/hospital_robot/install/nav2_msgs:/home/huuhoa/hospital_robot/install/nav2_common:/opt/ros/humble LD_LIBRARY_PATH=/home/huuhoa/hospital_robot/install/nav2_util/lib:/home/huuhoa/hospital_robot/install/nav2_msgs/lib:${LD_LIBRARY_PATH} PYTHONPATH=/home/huuhoa/hospital_robot/install/nav2_msgs/local/lib/python3.10/dist-packages:/home/huuhoa/hospital_robot/install/nav2_common/local/lib/python3.10/dist-packages:${PYTHONPATH} /usr/bin/cmake --install /home/huuhoa/hospital_robot/build/nav2_lifecycle_manager
[0.835s] -- Install configuration: "Release"
[0.840s] -- Execute custom install script
[0.850s] -- Up-to-date symlink: /home/huuhoa/hospital_robot/install/nav2_lifecycle_manager/lib/libnav2_lifecycle_manager_core.so
[0.854s] -- Up-to-date symlink: /home/huuhoa/hospital_robot/install/nav2_lifecycle_manager/lib/nav2_lifecycle_manager/lifecycle_manager
[0.859s] -- Up-to-date symlink: /home/huuhoa/hospital_robot/install/nav2_lifecycle_manager/include//nav2_lifecycle_manager/lifecycle_manager.hpp
[0.861s] -- Up-to-date symlink: /home/huuhoa/hospital_robot/install/nav2_lifecycle_manager/include//nav2_lifecycle_manager/lifecycle_manager_client.hpp
[0.864s] -- Up-to-date symlink: /home/huuhoa/hospital_robot/install/nav2_lifecycle_manager/share/nav2_lifecycle_manager/environment/library_path.sh
[0.870s] -- Up-to-date symlink: /home/huuhoa/hospital_robot/install/nav2_lifecycle_manager/share/nav2_lifecycle_manager/environment/library_path.dsv
[0.880s] -- Up-to-date symlink: /home/huuhoa/hospital_robot/install/nav2_lifecycle_manager/share/ament_index/resource_index/package_run_dependencies/nav2_lifecycle_manager
[0.891s] -- Up-to-date symlink: /home/huuhoa/hospital_robot/install/nav2_lifecycle_manager/share/ament_index/resource_index/parent_prefix_path/nav2_lifecycle_manager
[0.894s] -- Up-to-date symlink: /home/huuhoa/hospital_robot/install/nav2_lifecycle_manager/share/nav2_lifecycle_manager/environment/ament_prefix_path.sh
[0.899s] -- Up-to-date symlink: /home/huuhoa/hospital_robot/install/nav2_lifecycle_manager/share/nav2_lifecycle_manager/environment/ament_prefix_path.dsv
[0.900s] -- Up-to-date symlink: /home/huuhoa/hospital_robot/install/nav2_lifecycle_manager/share/nav2_lifecycle_manager/environment/path.sh
[0.901s] -- Up-to-date symlink: /home/huuhoa/hospital_robot/install/nav2_lifecycle_manager/share/nav2_lifecycle_manager/environment/path.dsv
[0.902s] -- Up-to-date symlink: /home/huuhoa/hospital_robot/install/nav2_lifecycle_manager/share/nav2_lifecycle_manager/local_setup.bash
[0.904s] -- Up-to-date symlink: /home/huuhoa/hospital_robot/install/nav2_lifecycle_manager/share/nav2_lifecycle_manager/local_setup.sh
[0.908s] -- Up-to-date symlink: /home/huuhoa/hospital_robot/install/nav2_lifecycle_manager/share/nav2_lifecycle_manager/local_setup.zsh
[0.916s] -- Up-to-date symlink: /home/huuhoa/hospital_robot/install/nav2_lifecycle_manager/share/nav2_lifecycle_manager/local_setup.dsv
[0.916s] -- Symlinking: /home/huuhoa/hospital_robot/install/nav2_lifecycle_manager/share/nav2_lifecycle_manager/package.dsv
[0.941s] -- Up-to-date symlink: /home/huuhoa/hospital_robot/install/nav2_lifecycle_manager/share/ament_index/resource_index/packages/nav2_lifecycle_manager
[0.946s] -- Up-to-date symlink: /home/huuhoa/hospital_robot/install/nav2_lifecycle_manager/share/ament_index/resource_index/rclcpp_components/nav2_lifecycle_manager
[0.951s] -- Up-to-date symlink: /home/huuhoa/hospital_robot/install/nav2_lifecycle_manager/share/nav2_lifecycle_manager/cmake/ament_cmake_export_include_directories-extras.cmake
[0.952s] -- Up-to-date symlink: /home/huuhoa/hospital_robot/install/nav2_lifecycle_manager/share/nav2_lifecycle_manager/cmake/ament_cmake_export_libraries-extras.cmake
[0.952s] -- Up-to-date symlink: /home/huuhoa/hospital_robot/install/nav2_lifecycle_manager/share/nav2_lifecycle_manager/cmake/ament_cmake_export_dependencies-extras.cmake
[0.953s] -- Up-to-date symlink: /home/huuhoa/hospital_robot/install/nav2_lifecycle_manager/share/nav2_lifecycle_manager/cmake/nav2_lifecycle_managerConfig.cmake
[0.963s] -- Up-to-date symlink: /home/huuhoa/hospital_robot/install/nav2_lifecycle_manager/share/nav2_lifecycle_manager/cmake/nav2_lifecycle_managerConfig-version.cmake
[0.964s] -- Up-to-date symlink: /home/huuhoa/hospital_robot/install/nav2_lifecycle_manager/share/nav2_lifecycle_manager/package.xml
[0.968s] Invoked command in '/home/huuhoa/hospital_robot/build/nav2_lifecycle_manager' returned '0': AMENT_PREFIX_PATH=/home/huuhoa/hospital_robot/install/nav2_util:/home/huuhoa/hospital_robot/install/nav2_msgs:/home/huuhoa/hospital_robot/install/nav2_common:${AMENT_PREFIX_PATH} CMAKE_PREFIX_PATH=/home/huuhoa/hospital_robot/install/nav2_util:/home/huuhoa/hospital_robot/install/nav2_msgs:/home/huuhoa/hospital_robot/install/nav2_common:/opt/ros/humble LD_LIBRARY_PATH=/home/huuhoa/hospital_robot/install/nav2_util/lib:/home/huuhoa/hospital_robot/install/nav2_msgs/lib:${LD_LIBRARY_PATH} PYTHONPATH=/home/huuhoa/hospital_robot/install/nav2_msgs/local/lib/python3.10/dist-packages:/home/huuhoa/hospital_robot/install/nav2_common/local/lib/python3.10/dist-packages:${PYTHONPATH} /usr/bin/cmake --install /home/huuhoa/hospital_robot/build/nav2_lifecycle_manager
