[0.096s] Invoking command in '/home/huuhoa/hospital_robot/build/dwb_plugins': AMENT_PREFIX_PATH=/home/huuhoa/hospital_robot/install/dwb_core:/home/huuhoa/hospital_robot/install/nav2_core:/home/huuhoa/hospital_robot/install/nav2_costmap_2d:${AMENT_PREFIX_PATH} CMAKE_PREFIX_PATH=/home/huuhoa/hospital_robot/install/dwb_core:/home/huuhoa/hospital_robot/install/nav2_core:/home/huuhoa/hospital_robot/install/nav2_costmap_2d:/home/huuhoa/hospital_robot/install/nav_2d_utils:/home/huuhoa/hospital_robot/install/nav2_map_server:/home/huuhoa/hospital_robot/install/nav2_lifecycle_manager:/home/huuhoa/hospital_robot/install/nav2_util:/home/huuhoa/hospital_robot/install/nav2_voxel_grid:/home/huuhoa/hospital_robot/install/nav2_msgs:/home/huuhoa/hospital_robot/install/dwb_msgs:/home/huuhoa/hospital_robot/install/nav_2d_msgs:/home/huuhoa/hospital_robot/install/nav2_common:/home/huuhoa/hospital_robot/install/map_msgs:/home/huuhoa/hospital_robot/install/hospital_package:/home/huuhoa/hospital_robot/install/nav2_simple_commander:/opt/ros/humble LD_LIBRARY_PATH=/home/huuhoa/hospital_robot/install/dwb_core/lib:/home/huuhoa/hospital_robot/install/nav2_costmap_2d/lib:/home/huuhoa/hospital_robot/install/nav_2d_utils/lib:/home/huuhoa/hospital_robot/install/nav2_map_server/lib:/home/huuhoa/hospital_robot/install/nav2_lifecycle_manager/lib:/home/huuhoa/hospital_robot/install/nav2_util/lib:/home/huuhoa/hospital_robot/install/nav2_voxel_grid/lib:/home/huuhoa/hospital_robot/install/nav2_msgs/lib:/home/huuhoa/hospital_robot/install/dwb_msgs/lib:/home/huuhoa/hospital_robot/install/nav_2d_msgs/lib:/home/huuhoa/hospital_robot/install/map_msgs/lib:/opt/ros/humble/lib/x86_64-linux-gnu:/opt/ros/humble/lib /usr/bin/cmake --build /home/huuhoa/hospital_robot/build/dwb_plugins -- -j2 -l2
[0.255s] [35m[1mConsolidate compiler generated dependencies of target standard_traj_generator[0m
[0.265s] [35m[1mConsolidate compiler generated dependencies of target gtest_main[0m
[0.307s] [ 11%] Built target gtest_main
[0.334s] [ 41%] Built target standard_traj_generator
[0.346s] [35m[1mConsolidate compiler generated dependencies of target gtest[0m
[0.398s] [ 52%] Built target gtest
[0.445s] [35m[1mConsolidate compiler generated dependencies of target vtest[0m
[0.445s] [35m[1mConsolidate compiler generated dependencies of target twist_gen_test[0m
[0.497s] [ 64%] Built target vtest
[0.532s] [ 76%] Built target twist_gen_test
[0.549s] [35m[1mConsolidate compiler generated dependencies of target kinematic_parameters_test[0m
[0.590s] [35m[1mConsolidate compiler generated dependencies of target speed_limit_test[0m
[0.637s] [ 88%] Built target kinematic_parameters_test
[0.650s] [100%] Built target speed_limit_test
[0.684s] Invoked command in '/home/huuhoa/hospital_robot/build/dwb_plugins' returned '0': AMENT_PREFIX_PATH=/home/huuhoa/hospital_robot/install/dwb_core:/home/huuhoa/hospital_robot/install/nav2_core:/home/huuhoa/hospital_robot/install/nav2_costmap_2d:${AMENT_PREFIX_PATH} CMAKE_PREFIX_PATH=/home/huuhoa/hospital_robot/install/dwb_core:/home/huuhoa/hospital_robot/install/nav2_core:/home/huuhoa/hospital_robot/install/nav2_costmap_2d:/home/huuhoa/hospital_robot/install/nav_2d_utils:/home/huuhoa/hospital_robot/install/nav2_map_server:/home/huuhoa/hospital_robot/install/nav2_lifecycle_manager:/home/huuhoa/hospital_robot/install/nav2_util:/home/huuhoa/hospital_robot/install/nav2_voxel_grid:/home/huuhoa/hospital_robot/install/nav2_msgs:/home/huuhoa/hospital_robot/install/dwb_msgs:/home/huuhoa/hospital_robot/install/nav_2d_msgs:/home/huuhoa/hospital_robot/install/nav2_common:/home/huuhoa/hospital_robot/install/map_msgs:/home/huuhoa/hospital_robot/install/hospital_package:/home/huuhoa/hospital_robot/install/nav2_simple_commander:/opt/ros/humble LD_LIBRARY_PATH=/home/huuhoa/hospital_robot/install/dwb_core/lib:/home/huuhoa/hospital_robot/install/nav2_costmap_2d/lib:/home/huuhoa/hospital_robot/install/nav_2d_utils/lib:/home/huuhoa/hospital_robot/install/nav2_map_server/lib:/home/huuhoa/hospital_robot/install/nav2_lifecycle_manager/lib:/home/huuhoa/hospital_robot/install/nav2_util/lib:/home/huuhoa/hospital_robot/install/nav2_voxel_grid/lib:/home/huuhoa/hospital_robot/install/nav2_msgs/lib:/home/huuhoa/hospital_robot/install/dwb_msgs/lib:/home/huuhoa/hospital_robot/install/nav_2d_msgs/lib:/home/huuhoa/hospital_robot/install/map_msgs/lib:/opt/ros/humble/lib/x86_64-linux-gnu:/opt/ros/humble/lib /usr/bin/cmake --build /home/huuhoa/hospital_robot/build/dwb_plugins -- -j2 -l2
[0.685s] Invoking command in '/home/huuhoa/hospital_robot/build/dwb_plugins': AMENT_PREFIX_PATH=/home/huuhoa/hospital_robot/install/dwb_core:/home/huuhoa/hospital_robot/install/nav2_core:/home/huuhoa/hospital_robot/install/nav2_costmap_2d:${AMENT_PREFIX_PATH} CMAKE_PREFIX_PATH=/home/huuhoa/hospital_robot/install/dwb_core:/home/huuhoa/hospital_robot/install/nav2_core:/home/huuhoa/hospital_robot/install/nav2_costmap_2d:/home/huuhoa/hospital_robot/install/nav_2d_utils:/home/huuhoa/hospital_robot/install/nav2_map_server:/home/huuhoa/hospital_robot/install/nav2_lifecycle_manager:/home/huuhoa/hospital_robot/install/nav2_util:/home/huuhoa/hospital_robot/install/nav2_voxel_grid:/home/huuhoa/hospital_robot/install/nav2_msgs:/home/huuhoa/hospital_robot/install/dwb_msgs:/home/huuhoa/hospital_robot/install/nav_2d_msgs:/home/huuhoa/hospital_robot/install/nav2_common:/home/huuhoa/hospital_robot/install/map_msgs:/home/huuhoa/hospital_robot/install/hospital_package:/home/huuhoa/hospital_robot/install/nav2_simple_commander:/opt/ros/humble LD_LIBRARY_PATH=/home/huuhoa/hospital_robot/install/dwb_core/lib:/home/huuhoa/hospital_robot/install/nav2_costmap_2d/lib:/home/huuhoa/hospital_robot/install/nav_2d_utils/lib:/home/huuhoa/hospital_robot/install/nav2_map_server/lib:/home/huuhoa/hospital_robot/install/nav2_lifecycle_manager/lib:/home/huuhoa/hospital_robot/install/nav2_util/lib:/home/huuhoa/hospital_robot/install/nav2_voxel_grid/lib:/home/huuhoa/hospital_robot/install/nav2_msgs/lib:/home/huuhoa/hospital_robot/install/dwb_msgs/lib:/home/huuhoa/hospital_robot/install/nav_2d_msgs/lib:/home/huuhoa/hospital_robot/install/map_msgs/lib:/opt/ros/humble/lib/x86_64-linux-gnu:/opt/ros/humble/lib /usr/bin/cmake --install /home/huuhoa/hospital_robot/build/dwb_plugins
[0.699s] -- Install configuration: "Release"
[0.700s] -- Execute custom install script
[0.701s] -- Up-to-date symlink: /home/huuhoa/hospital_robot/install/dwb_plugins/lib/libstandard_traj_generator.so
[0.701s] -- Up-to-date symlink: /home/huuhoa/hospital_robot/install/dwb_plugins/include//dwb_plugins/kinematic_parameters.hpp
[0.702s] -- Up-to-date symlink: /home/huuhoa/hospital_robot/install/dwb_plugins/include//dwb_plugins/limited_accel_generator.hpp
[0.702s] -- Up-to-date symlink: /home/huuhoa/hospital_robot/install/dwb_plugins/include//dwb_plugins/one_d_velocity_iterator.hpp
[0.702s] -- Up-to-date symlink: /home/huuhoa/hospital_robot/install/dwb_plugins/include//dwb_plugins/standard_traj_generator.hpp
[0.703s] -- Up-to-date symlink: /home/huuhoa/hospital_robot/install/dwb_plugins/include//dwb_plugins/velocity_iterator.hpp
[0.703s] -- Up-to-date symlink: /home/huuhoa/hospital_robot/install/dwb_plugins/include//dwb_plugins/xy_theta_iterator.hpp
[0.703s] -- Up-to-date symlink: /home/huuhoa/hospital_robot/install/dwb_plugins/share/dwb_plugins/plugins.xml
[0.704s] -- Up-to-date symlink: /home/huuhoa/hospital_robot/install/dwb_plugins/share/dwb_plugins/environment/library_path.sh
[0.704s] -- Up-to-date symlink: /home/huuhoa/hospital_robot/install/dwb_plugins/share/dwb_plugins/environment/library_path.dsv
[0.705s] -- Up-to-date symlink: /home/huuhoa/hospital_robot/install/dwb_plugins/share/dwb_plugins//plugins.xml
[0.705s] -- Up-to-date symlink: /home/huuhoa/hospital_robot/install/dwb_plugins/share/ament_index/resource_index/package_run_dependencies/dwb_plugins
[0.706s] -- Up-to-date symlink: /home/huuhoa/hospital_robot/install/dwb_plugins/share/ament_index/resource_index/parent_prefix_path/dwb_plugins
[0.706s] -- Up-to-date symlink: /home/huuhoa/hospital_robot/install/dwb_plugins/share/dwb_plugins/environment/ament_prefix_path.sh
[0.706s] -- Up-to-date symlink: /home/huuhoa/hospital_robot/install/dwb_plugins/share/dwb_plugins/environment/ament_prefix_path.dsv
[0.707s] -- Up-to-date symlink: /home/huuhoa/hospital_robot/install/dwb_plugins/share/dwb_plugins/environment/path.sh
[0.707s] -- Up-to-date symlink: /home/huuhoa/hospital_robot/install/dwb_plugins/share/dwb_plugins/environment/path.dsv
[0.708s] -- Up-to-date symlink: /home/huuhoa/hospital_robot/install/dwb_plugins/share/dwb_plugins/local_setup.bash
[0.708s] -- Up-to-date symlink: /home/huuhoa/hospital_robot/install/dwb_plugins/share/dwb_plugins/local_setup.sh
[0.708s] -- Up-to-date symlink: /home/huuhoa/hospital_robot/install/dwb_plugins/share/dwb_plugins/local_setup.zsh
[0.708s] -- Up-to-date symlink: /home/huuhoa/hospital_robot/install/dwb_plugins/share/dwb_plugins/local_setup.dsv
[0.709s] -- Symlinking: /home/huuhoa/hospital_robot/install/dwb_plugins/share/dwb_plugins/package.dsv
[0.728s] -- Up-to-date symlink: /home/huuhoa/hospital_robot/install/dwb_plugins/share/ament_index/resource_index/packages/dwb_plugins
[0.728s] -- Up-to-date symlink: /home/huuhoa/hospital_robot/install/dwb_plugins/share/ament_index/resource_index/dwb_core__pluginlib__plugin/dwb_plugins
[0.728s] -- Up-to-date symlink: /home/huuhoa/hospital_robot/install/dwb_plugins/share/dwb_plugins/cmake/ament_cmake_export_include_directories-extras.cmake
[0.728s] -- Up-to-date symlink: /home/huuhoa/hospital_robot/install/dwb_plugins/share/dwb_plugins/cmake/ament_cmake_export_libraries-extras.cmake
[0.728s] -- Up-to-date symlink: /home/huuhoa/hospital_robot/install/dwb_plugins/share/dwb_plugins/cmake/dwb_pluginsConfig.cmake
[0.728s] -- Up-to-date symlink: /home/huuhoa/hospital_robot/install/dwb_plugins/share/dwb_plugins/cmake/dwb_pluginsConfig-version.cmake
[0.728s] -- Up-to-date symlink: /home/huuhoa/hospital_robot/install/dwb_plugins/share/dwb_plugins/package.xml
[0.757s] Invoked command in '/home/huuhoa/hospital_robot/build/dwb_plugins' returned '0': AMENT_PREFIX_PATH=/home/huuhoa/hospital_robot/install/dwb_core:/home/huuhoa/hospital_robot/install/nav2_core:/home/huuhoa/hospital_robot/install/nav2_costmap_2d:${AMENT_PREFIX_PATH} CMAKE_PREFIX_PATH=/home/huuhoa/hospital_robot/install/dwb_core:/home/huuhoa/hospital_robot/install/nav2_core:/home/huuhoa/hospital_robot/install/nav2_costmap_2d:/home/huuhoa/hospital_robot/install/nav_2d_utils:/home/huuhoa/hospital_robot/install/nav2_map_server:/home/huuhoa/hospital_robot/install/nav2_lifecycle_manager:/home/huuhoa/hospital_robot/install/nav2_util:/home/huuhoa/hospital_robot/install/nav2_voxel_grid:/home/huuhoa/hospital_robot/install/nav2_msgs:/home/huuhoa/hospital_robot/install/dwb_msgs:/home/huuhoa/hospital_robot/install/nav_2d_msgs:/home/huuhoa/hospital_robot/install/nav2_common:/home/huuhoa/hospital_robot/install/map_msgs:/home/huuhoa/hospital_robot/install/hospital_package:/home/huuhoa/hospital_robot/install/nav2_simple_commander:/opt/ros/humble LD_LIBRARY_PATH=/home/huuhoa/hospital_robot/install/dwb_core/lib:/home/huuhoa/hospital_robot/install/nav2_costmap_2d/lib:/home/huuhoa/hospital_robot/install/nav_2d_utils/lib:/home/huuhoa/hospital_robot/install/nav2_map_server/lib:/home/huuhoa/hospital_robot/install/nav2_lifecycle_manager/lib:/home/huuhoa/hospital_robot/install/nav2_util/lib:/home/huuhoa/hospital_robot/install/nav2_voxel_grid/lib:/home/huuhoa/hospital_robot/install/nav2_msgs/lib:/home/huuhoa/hospital_robot/install/dwb_msgs/lib:/home/huuhoa/hospital_robot/install/nav_2d_msgs/lib:/home/huuhoa/hospital_robot/install/map_msgs/lib:/opt/ros/humble/lib/x86_64-linux-gnu:/opt/ros/humble/lib /usr/bin/cmake --install /home/huuhoa/hospital_robot/build/dwb_plugins
