[0.108s] Invoking command in '/home/huuhoa/hospital_robot/build/nav2_costmap_2d': CMAKE_PREFIX_PATH=/home/huuhoa/hospital_robot/install/nav2_map_server:/home/huuhoa/hospital_robot/install/nav2_lifecycle_manager:/home/huuhoa/hospital_robot/install/nav2_util:/home/huuhoa/hospital_robot/install/nav2_voxel_grid:/home/huuhoa/hospital_robot/install/nav2_msgs:/home/huuhoa/hospital_robot/install/nav2_common:/home/huuhoa/hospital_robot/install/map_msgs:/home/huuhoa/hospital_robot/install/nav_2d_utils:/home/huuhoa/hospital_robot/install/dwb_msgs:/home/huuhoa/hospital_robot/install/nav_2d_msgs:/home/huuhoa/hospital_robot/install/hospital_package:/home/huuhoa/hospital_robot/install/nav2_simple_commander:/opt/ros/humble LD_LIBRARY_PATH=/home/huuhoa/hospital_robot/install/nav2_map_server/lib:/home/huuhoa/hospital_robot/install/nav2_lifecycle_manager/lib:/home/huuhoa/hospital_robot/install/nav2_util/lib:/home/huuhoa/hospital_robot/install/nav2_voxel_grid/lib:/home/huuhoa/hospital_robot/install/nav2_msgs/lib:/home/huuhoa/hospital_robot/install/map_msgs/lib:/home/huuhoa/hospital_robot/install/nav_2d_utils/lib:/home/huuhoa/hospital_robot/install/dwb_msgs/lib:/home/huuhoa/hospital_robot/install/nav_2d_msgs/lib:/opt/ros/humble/lib/x86_64-linux-gnu:/opt/ros/humble/lib /usr/bin/cmake --build /home/huuhoa/hospital_robot/build/nav2_costmap_2d -- -j2 -l2
[0.243s] [35m[1mConsolidate compiler generated dependencies of target nav2_costmap_2d_core[0m
[0.314s] [ 17%] Built target nav2_costmap_2d_core
[0.340s] [35m[1mConsolidate compiler generated dependencies of target gtest_main[0m
[0.369s] [ 19%] Built target gtest_main
[0.393s] [35m[1mConsolidate compiler generated dependencies of target gtest[0m
[0.424s] [ 21%] Built target gtest
[0.452s] [35m[1mConsolidate compiler generated dependencies of target order_layer[0m
[0.498s] [ 24%] Built target order_layer
[0.538s] [35m[1mConsolidate compiler generated dependencies of target layers[0m
[0.611s] [ 34%] Built target layers
[0.650s] [35m[1mConsolidate compiler generated dependencies of target filters[0m
[0.695s] [ 39%] Built target filters
[0.726s] [35m[1mConsolidate compiler generated dependencies of target nav2_costmap_2d_client[0m
[0.771s] [ 43%] Built target nav2_costmap_2d_client
[0.804s] [35m[1mConsolidate compiler generated dependencies of target nav2_costmap_2d_markers[0m
[0.843s] [ 46%] Built target nav2_costmap_2d_markers
[0.875s] [35m[1mConsolidate compiler generated dependencies of target nav2_costmap_2d_cloud[0m
[0.917s] [ 48%] Built target nav2_costmap_2d_cloud
[0.946s] [35m[1mConsolidate compiler generated dependencies of target nav2_costmap_2d[0m
[0.991s] [ 51%] Built target nav2_costmap_2d
[1.022s] [35m[1mConsolidate compiler generated dependencies of target array_parser_test[0m
[1.053s] [ 53%] Built target array_parser_test
[1.087s] [35m[1mConsolidate compiler generated dependencies of target collision_footprint_test[0m
[1.132s] [ 56%] Built target collision_footprint_test
[1.159s] [35m[1mConsolidate compiler generated dependencies of target costmap_convesion_test[0m
[1.201s] [ 58%] Built target costmap_convesion_test
[1.226s] [35m[1mConsolidate compiler generated dependencies of target declare_parameter_test[0m
[1.262s] [ 60%] Built target declare_parameter_test
[1.294s] [35m[1mConsolidate compiler generated dependencies of target costmap_filter_test[0m
[1.333s] [ 63%] Built target costmap_filter_test
[1.359s] [35m[1mConsolidate compiler generated dependencies of target keepout_filter_test[0m
[1.396s] [ 65%] Built target keepout_filter_test
[1.421s] [35m[1mConsolidate compiler generated dependencies of target speed_filter_test[0m
[1.456s] [ 68%] Built target speed_filter_test
[1.481s] [35m[1mConsolidate compiler generated dependencies of target binary_filter_test[0m
[1.526s] [ 70%] Built target binary_filter_test
[1.551s] [35m[1mConsolidate compiler generated dependencies of target copy_window_test[0m
[1.593s] [ 73%] Built target copy_window_test
[1.616s] [35m[1mConsolidate compiler generated dependencies of target costmap_filter_service_test[0m
[1.653s] [ 75%] Built target costmap_filter_service_test
[1.687s] [35m[1mConsolidate compiler generated dependencies of target denoise_layer_test[0m
[1.740s] [ 80%] Built target denoise_layer_test
[1.770s] [35m[1mConsolidate compiler generated dependencies of target footprint_tests_exec[0m
[1.813s] [ 82%] Built target footprint_tests_exec
[1.840s] [35m[1mConsolidate compiler generated dependencies of target test_collision_checker_exec[0m
[1.881s] [ 85%] Built target test_collision_checker_exec
[1.911s] [35m[1mConsolidate compiler generated dependencies of target inflation_tests_exec[0m
[1.955s] [ 87%] Built target inflation_tests_exec
[1.982s] [35m[1mConsolidate compiler generated dependencies of target obstacle_tests_exec[0m
[2.033s] [ 90%] Built target obstacle_tests_exec
[2.059s] [35m[1mConsolidate compiler generated dependencies of target range_tests_exec[0m
[2.099s] [ 92%] Built target range_tests_exec
[2.128s] [35m[1mConsolidate compiler generated dependencies of target dyn_params_tests[0m
[2.167s] [ 95%] Built target dyn_params_tests
[2.194s] [35m[1mConsolidate compiler generated dependencies of target costmap_bresenham_2d[0m
[2.232s] [ 97%] Built target costmap_bresenham_2d
[2.264s] [35m[1mConsolidate compiler generated dependencies of target plugin_api_order[0m
[2.309s] [100%] Built target plugin_api_order
[2.344s] Invoked command in '/home/huuhoa/hospital_robot/build/nav2_costmap_2d' returned '0': CMAKE_PREFIX_PATH=/home/huuhoa/hospital_robot/install/nav2_map_server:/home/huuhoa/hospital_robot/install/nav2_lifecycle_manager:/home/huuhoa/hospital_robot/install/nav2_util:/home/huuhoa/hospital_robot/install/nav2_voxel_grid:/home/huuhoa/hospital_robot/install/nav2_msgs:/home/huuhoa/hospital_robot/install/nav2_common:/home/huuhoa/hospital_robot/install/map_msgs:/home/huuhoa/hospital_robot/install/nav_2d_utils:/home/huuhoa/hospital_robot/install/dwb_msgs:/home/huuhoa/hospital_robot/install/nav_2d_msgs:/home/huuhoa/hospital_robot/install/hospital_package:/home/huuhoa/hospital_robot/install/nav2_simple_commander:/opt/ros/humble LD_LIBRARY_PATH=/home/huuhoa/hospital_robot/install/nav2_map_server/lib:/home/huuhoa/hospital_robot/install/nav2_lifecycle_manager/lib:/home/huuhoa/hospital_robot/install/nav2_util/lib:/home/huuhoa/hospital_robot/install/nav2_voxel_grid/lib:/home/huuhoa/hospital_robot/install/nav2_msgs/lib:/home/huuhoa/hospital_robot/install/map_msgs/lib:/home/huuhoa/hospital_robot/install/nav_2d_utils/lib:/home/huuhoa/hospital_robot/install/dwb_msgs/lib:/home/huuhoa/hospital_robot/install/nav_2d_msgs/lib:/opt/ros/humble/lib/x86_64-linux-gnu:/opt/ros/humble/lib /usr/bin/cmake --build /home/huuhoa/hospital_robot/build/nav2_costmap_2d -- -j2 -l2
[2.348s] Invoking command in '/home/huuhoa/hospital_robot/build/nav2_costmap_2d': CMAKE_PREFIX_PATH=/home/huuhoa/hospital_robot/install/nav2_map_server:/home/huuhoa/hospital_robot/install/nav2_lifecycle_manager:/home/huuhoa/hospital_robot/install/nav2_util:/home/huuhoa/hospital_robot/install/nav2_voxel_grid:/home/huuhoa/hospital_robot/install/nav2_msgs:/home/huuhoa/hospital_robot/install/nav2_common:/home/huuhoa/hospital_robot/install/map_msgs:/home/huuhoa/hospital_robot/install/nav_2d_utils:/home/huuhoa/hospital_robot/install/dwb_msgs:/home/huuhoa/hospital_robot/install/nav_2d_msgs:/home/huuhoa/hospital_robot/install/hospital_package:/home/huuhoa/hospital_robot/install/nav2_simple_commander:/opt/ros/humble LD_LIBRARY_PATH=/home/huuhoa/hospital_robot/install/nav2_map_server/lib:/home/huuhoa/hospital_robot/install/nav2_lifecycle_manager/lib:/home/huuhoa/hospital_robot/install/nav2_util/lib:/home/huuhoa/hospital_robot/install/nav2_voxel_grid/lib:/home/huuhoa/hospital_robot/install/nav2_msgs/lib:/home/huuhoa/hospital_robot/install/map_msgs/lib:/home/huuhoa/hospital_robot/install/nav_2d_utils/lib:/home/huuhoa/hospital_robot/install/dwb_msgs/lib:/home/huuhoa/hospital_robot/install/nav_2d_msgs/lib:/opt/ros/humble/lib/x86_64-linux-gnu:/opt/ros/humble/lib /usr/bin/cmake --install /home/huuhoa/hospital_robot/build/nav2_costmap_2d
[2.362s] -- Install configuration: "Release"
[2.364s] -- Execute custom install script
[2.365s] -- Up-to-date symlink: /home/huuhoa/hospital_robot/install/nav2_costmap_2d/lib/nav2_costmap_2d/nav2_costmap_2d_markers
[2.366s] -- Up-to-date symlink: /home/huuhoa/hospital_robot/install/nav2_costmap_2d/lib/nav2_costmap_2d/nav2_costmap_2d_cloud
[2.366s] -- Up-to-date symlink: /home/huuhoa/hospital_robot/install/nav2_costmap_2d/lib/nav2_costmap_2d/nav2_costmap_2d
[2.377s] -- Up-to-date symlink: /home/huuhoa/hospital_robot/install/nav2_costmap_2d/share/nav2_costmap_2d/costmap_plugins.xml
[2.377s] -- Up-to-date symlink: /home/huuhoa/hospital_robot/install/nav2_costmap_2d/include/nav2_costmap_2d/nav2_costmap_2d/array_parser.hpp
[2.377s] -- Up-to-date symlink: /home/huuhoa/hospital_robot/install/nav2_costmap_2d/include/nav2_costmap_2d/nav2_costmap_2d/clear_costmap_service.hpp
[2.377s] -- Up-to-date symlink: /home/huuhoa/hospital_robot/install/nav2_costmap_2d/include/nav2_costmap_2d/nav2_costmap_2d/cost_values.hpp
[2.378s] -- Up-to-date symlink: /home/huuhoa/hospital_robot/install/nav2_costmap_2d/include/nav2_costmap_2d/nav2_costmap_2d/costmap_2d.hpp
[2.378s] -- Up-to-date symlink: /home/huuhoa/hospital_robot/install/nav2_costmap_2d/include/nav2_costmap_2d/nav2_costmap_2d/costmap_2d_publisher.hpp
[2.378s] -- Up-to-date symlink: /home/huuhoa/hospital_robot/install/nav2_costmap_2d/include/nav2_costmap_2d/nav2_costmap_2d/costmap_2d_ros.hpp
[2.378s] -- Up-to-date symlink: /home/huuhoa/hospital_robot/install/nav2_costmap_2d/include/nav2_costmap_2d/nav2_costmap_2d/costmap_filters/binary_filter.hpp
[2.378s] -- Up-to-date symlink: /home/huuhoa/hospital_robot/install/nav2_costmap_2d/include/nav2_costmap_2d/nav2_costmap_2d/costmap_filters/costmap_filter.hpp
[2.378s] -- Up-to-date symlink: /home/huuhoa/hospital_robot/install/nav2_costmap_2d/include/nav2_costmap_2d/nav2_costmap_2d/costmap_filters/filter_values.hpp
[2.378s] -- Up-to-date symlink: /home/huuhoa/hospital_robot/install/nav2_costmap_2d/include/nav2_costmap_2d/nav2_costmap_2d/costmap_filters/keepout_filter.hpp
[2.378s] -- Up-to-date symlink: /home/huuhoa/hospital_robot/install/nav2_costmap_2d/include/nav2_costmap_2d/nav2_costmap_2d/costmap_filters/speed_filter.hpp
[2.378s] -- Up-to-date symlink: /home/huuhoa/hospital_robot/install/nav2_costmap_2d/include/nav2_costmap_2d/nav2_costmap_2d/costmap_layer.hpp
[2.378s] -- Up-to-date symlink: /home/huuhoa/hospital_robot/install/nav2_costmap_2d/include/nav2_costmap_2d/nav2_costmap_2d/costmap_math.hpp
[2.378s] -- Up-to-date symlink: /home/huuhoa/hospital_robot/install/nav2_costmap_2d/include/nav2_costmap_2d/nav2_costmap_2d/costmap_subscriber.hpp
[2.378s] -- Up-to-date symlink: /home/huuhoa/hospital_robot/install/nav2_costmap_2d/include/nav2_costmap_2d/nav2_costmap_2d/costmap_topic_collision_checker.hpp
[2.378s] -- Up-to-date symlink: /home/huuhoa/hospital_robot/install/nav2_costmap_2d/include/nav2_costmap_2d/nav2_costmap_2d/denoise/image.hpp
[2.379s] -- Up-to-date symlink: /home/huuhoa/hospital_robot/install/nav2_costmap_2d/include/nav2_costmap_2d/nav2_costmap_2d/denoise/image_processing.hpp
[2.379s] -- Up-to-date symlink: /home/huuhoa/hospital_robot/install/nav2_costmap_2d/include/nav2_costmap_2d/nav2_costmap_2d/denoise_layer.hpp
[2.379s] -- Up-to-date symlink: /home/huuhoa/hospital_robot/install/nav2_costmap_2d/include/nav2_costmap_2d/nav2_costmap_2d/exceptions.hpp
[2.379s] -- Up-to-date symlink: /home/huuhoa/hospital_robot/install/nav2_costmap_2d/include/nav2_costmap_2d/nav2_costmap_2d/footprint.hpp
[2.379s] -- Up-to-date symlink: /home/huuhoa/hospital_robot/install/nav2_costmap_2d/include/nav2_costmap_2d/nav2_costmap_2d/footprint_collision_checker.hpp
[2.379s] -- Up-to-date symlink: /home/huuhoa/hospital_robot/install/nav2_costmap_2d/include/nav2_costmap_2d/nav2_costmap_2d/footprint_subscriber.hpp
[2.379s] -- Up-to-date symlink: /home/huuhoa/hospital_robot/install/nav2_costmap_2d/include/nav2_costmap_2d/nav2_costmap_2d/inflation_layer.hpp
[2.380s] -- Up-to-date symlink: /home/huuhoa/hospital_robot/install/nav2_costmap_2d/include/nav2_costmap_2d/nav2_costmap_2d/layer.hpp
[2.380s] -- Up-to-date symlink: /home/huuhoa/hospital_robot/install/nav2_costmap_2d/include/nav2_costmap_2d/nav2_costmap_2d/layered_costmap.hpp
[2.380s] -- Up-to-date symlink: /home/huuhoa/hospital_robot/install/nav2_costmap_2d/include/nav2_costmap_2d/nav2_costmap_2d/observation.hpp
[2.380s] -- Up-to-date symlink: /home/huuhoa/hospital_robot/install/nav2_costmap_2d/include/nav2_costmap_2d/nav2_costmap_2d/observation_buffer.hpp
[2.380s] -- Up-to-date symlink: /home/huuhoa/hospital_robot/install/nav2_costmap_2d/include/nav2_costmap_2d/nav2_costmap_2d/obstacle_layer.hpp
[2.380s] -- Up-to-date symlink: /home/huuhoa/hospital_robot/install/nav2_costmap_2d/include/nav2_costmap_2d/nav2_costmap_2d/range_sensor_layer.hpp
[2.383s] -- Up-to-date symlink: /home/huuhoa/hospital_robot/install/nav2_costmap_2d/include/nav2_costmap_2d/nav2_costmap_2d/static_layer.hpp
[2.383s] -- Up-to-date symlink: /home/huuhoa/hospital_robot/install/nav2_costmap_2d/include/nav2_costmap_2d/nav2_costmap_2d/voxel_layer.hpp
[2.383s] -- Up-to-date symlink: /home/huuhoa/hospital_robot/install/nav2_costmap_2d/lib/liborder_layer.so
[2.383s] -- Up-to-date symlink: /home/huuhoa/hospital_robot/install/nav2_costmap_2d/share/nav2_costmap_2d/test/regression/order_layer.xml
[2.383s] -- Up-to-date symlink: /home/huuhoa/hospital_robot/install/nav2_costmap_2d/share/nav2_costmap_2d/environment/library_path.sh
[2.383s] -- Up-to-date symlink: /home/huuhoa/hospital_robot/install/nav2_costmap_2d/share/nav2_costmap_2d/environment/library_path.dsv
[2.383s] -- Up-to-date symlink: /home/huuhoa/hospital_robot/install/nav2_costmap_2d/share/nav2_costmap_2d//costmap_plugins.xml
[2.383s] -- Up-to-date symlink: /home/huuhoa/hospital_robot/install/nav2_costmap_2d/share/ament_index/resource_index/package_run_dependencies/nav2_costmap_2d
[2.383s] -- Up-to-date symlink: /home/huuhoa/hospital_robot/install/nav2_costmap_2d/share/ament_index/resource_index/parent_prefix_path/nav2_costmap_2d
[2.383s] -- Up-to-date symlink: /home/huuhoa/hospital_robot/install/nav2_costmap_2d/share/nav2_costmap_2d/environment/ament_prefix_path.sh
[2.383s] -- Up-to-date symlink: /home/huuhoa/hospital_robot/install/nav2_costmap_2d/share/nav2_costmap_2d/environment/ament_prefix_path.dsv
[2.383s] -- Up-to-date symlink: /home/huuhoa/hospital_robot/install/nav2_costmap_2d/share/nav2_costmap_2d/environment/path.sh
[2.383s] -- Up-to-date symlink: /home/huuhoa/hospital_robot/install/nav2_costmap_2d/share/nav2_costmap_2d/environment/path.dsv
[2.383s] -- Up-to-date symlink: /home/huuhoa/hospital_robot/install/nav2_costmap_2d/share/nav2_costmap_2d/local_setup.bash
[2.384s] -- Up-to-date symlink: /home/huuhoa/hospital_robot/install/nav2_costmap_2d/share/nav2_costmap_2d/local_setup.sh
[2.384s] -- Up-to-date symlink: /home/huuhoa/hospital_robot/install/nav2_costmap_2d/share/nav2_costmap_2d/local_setup.zsh
[2.384s] -- Up-to-date symlink: /home/huuhoa/hospital_robot/install/nav2_costmap_2d/share/nav2_costmap_2d/local_setup.dsv
[2.384s] -- Symlinking: /home/huuhoa/hospital_robot/install/nav2_costmap_2d/share/nav2_costmap_2d/package.dsv
[2.398s] -- Up-to-date symlink: /home/huuhoa/hospital_robot/install/nav2_costmap_2d/share/ament_index/resource_index/packages/nav2_costmap_2d
[2.400s] -- Up-to-date symlink: /home/huuhoa/hospital_robot/install/nav2_costmap_2d/share/ament_index/resource_index/nav2_costmap_2d__pluginlib__plugin/nav2_costmap_2d
[2.401s] -- Up-to-date symlink: /home/huuhoa/hospital_robot/install/nav2_costmap_2d/share/nav2_costmap_2d/cmake/ament_cmake_export_targets-extras.cmake
[2.402s] -- Up-to-date symlink: /home/huuhoa/hospital_robot/install/nav2_costmap_2d/share/nav2_costmap_2d/cmake/ament_cmake_export_dependencies-extras.cmake
[2.402s] -- Up-to-date symlink: /home/huuhoa/hospital_robot/install/nav2_costmap_2d/share/nav2_costmap_2d/cmake/nav2_costmap_2dConfig.cmake
[2.402s] -- Up-to-date symlink: /home/huuhoa/hospital_robot/install/nav2_costmap_2d/share/nav2_costmap_2d/cmake/nav2_costmap_2dConfig-version.cmake
[2.405s] -- Up-to-date symlink: /home/huuhoa/hospital_robot/install/nav2_costmap_2d/share/nav2_costmap_2d/package.xml
[2.406s] -- Up-to-date: /home/huuhoa/hospital_robot/install/nav2_costmap_2d/lib/liblayers.so
[2.406s] -- Up-to-date: /home/huuhoa/hospital_robot/install/nav2_costmap_2d/lib/libfilters.so
[2.406s] -- Up-to-date: /home/huuhoa/hospital_robot/install/nav2_costmap_2d/lib/libnav2_costmap_2d_core.so
[2.406s] -- Up-to-date: /home/huuhoa/hospital_robot/install/nav2_costmap_2d/lib/libnav2_costmap_2d_client.so
[2.406s] -- Up-to-date: /home/huuhoa/hospital_robot/install/nav2_costmap_2d/share/nav2_costmap_2d/cmake/export_nav2_costmap_2dExport.cmake
[2.406s] -- Up-to-date: /home/huuhoa/hospital_robot/install/nav2_costmap_2d/share/nav2_costmap_2d/cmake/export_nav2_costmap_2dExport-release.cmake
[2.412s] Invoked command in '/home/huuhoa/hospital_robot/build/nav2_costmap_2d' returned '0': CMAKE_PREFIX_PATH=/home/huuhoa/hospital_robot/install/nav2_map_server:/home/huuhoa/hospital_robot/install/nav2_lifecycle_manager:/home/huuhoa/hospital_robot/install/nav2_util:/home/huuhoa/hospital_robot/install/nav2_voxel_grid:/home/huuhoa/hospital_robot/install/nav2_msgs:/home/huuhoa/hospital_robot/install/nav2_common:/home/huuhoa/hospital_robot/install/map_msgs:/home/huuhoa/hospital_robot/install/nav_2d_utils:/home/huuhoa/hospital_robot/install/dwb_msgs:/home/huuhoa/hospital_robot/install/nav_2d_msgs:/home/huuhoa/hospital_robot/install/hospital_package:/home/huuhoa/hospital_robot/install/nav2_simple_commander:/opt/ros/humble LD_LIBRARY_PATH=/home/huuhoa/hospital_robot/install/nav2_map_server/lib:/home/huuhoa/hospital_robot/install/nav2_lifecycle_manager/lib:/home/huuhoa/hospital_robot/install/nav2_util/lib:/home/huuhoa/hospital_robot/install/nav2_voxel_grid/lib:/home/huuhoa/hospital_robot/install/nav2_msgs/lib:/home/huuhoa/hospital_robot/install/map_msgs/lib:/home/huuhoa/hospital_robot/install/nav_2d_utils/lib:/home/huuhoa/hospital_robot/install/dwb_msgs/lib:/home/huuhoa/hospital_robot/install/nav_2d_msgs/lib:/opt/ros/humble/lib/x86_64-linux-gnu:/opt/ros/humble/lib /usr/bin/cmake --install /home/huuhoa/hospital_robot/build/nav2_costmap_2d
