[0.097s] Invoking command in '/home/huuhoa/hospital_robot/build/dwb_plugins': AMENT_PREFIX_PATH=/home/huuhoa/hospital_robot/install/dwb_core:/home/huuhoa/hospital_robot/install/nav2_core:/home/huuhoa/hospital_robot/install/nav2_costmap_2d:${AMENT_PREFIX_PATH} CMAKE_PREFIX_PATH=/home/huuhoa/hospital_robot/install/dwb_core:/home/huuhoa/hospital_robot/install/nav2_core:/home/huuhoa/hospital_robot/install/nav2_costmap_2d:/home/huuhoa/hospital_robot/install/nav_2d_utils:/home/huuhoa/hospital_robot/install/nav2_map_server:/home/huuhoa/hospital_robot/install/nav2_lifecycle_manager:/home/huuhoa/hospital_robot/install/nav2_util:/home/huuhoa/hospital_robot/install/nav2_voxel_grid:/home/huuhoa/hospital_robot/install/nav2_msgs:/home/huuhoa/hospital_robot/install/dwb_msgs:/home/huuhoa/hospital_robot/install/nav_2d_msgs:/home/huuhoa/hospital_robot/install/nav2_common:/home/huuhoa/hospital_robot/install/map_msgs:/home/huuhoa/hospital_robot/install/hospital_package:/home/huuhoa/hospital_robot/install/nav2_simple_commander:/opt/ros/humble LD_LIBRARY_PATH=/home/huuhoa/hospital_robot/install/dwb_core/lib:/home/huuhoa/hospital_robot/install/nav2_costmap_2d/lib:/home/huuhoa/hospital_robot/install/nav_2d_utils/lib:/home/huuhoa/hospital_robot/install/nav2_map_server/lib:/home/huuhoa/hospital_robot/install/nav2_lifecycle_manager/lib:/home/huuhoa/hospital_robot/install/nav2_util/lib:/home/huuhoa/hospital_robot/install/nav2_voxel_grid/lib:/home/huuhoa/hospital_robot/install/nav2_msgs/lib:/home/huuhoa/hospital_robot/install/dwb_msgs/lib:/home/huuhoa/hospital_robot/install/nav_2d_msgs/lib:/home/huuhoa/hospital_robot/install/map_msgs/lib:/opt/ros/humble/lib/x86_64-linux-gnu:/opt/ros/humble/lib /usr/bin/cmake /home/huuhoa/hospital_robot/src/nav2_package/navigation2/nav2_dwb_controller/dwb_plugins -DAMENT_CMAKE_SYMLINK_INSTALL=1 -DCMAKE_INSTALL_PREFIX=/home/huuhoa/hospital_robot/install/dwb_plugins
[0.230s] -- The C compiler identification is GNU 11.4.0
[0.341s] -- The CXX compiler identification is GNU 11.4.0
[0.354s] -- Detecting C compiler ABI info
[0.511s] -- Detecting C compiler ABI info - done
[0.521s] -- Check for working C compiler: /usr/bin/cc - skipped
[0.521s] -- Detecting C compile features
[0.536s] -- Detecting C compile features - done
[0.536s] -- Detecting CXX compiler ABI info
[0.700s] -- Detecting CXX compiler ABI info - done
[0.710s] -- Check for working CXX compiler: /usr/bin/c++ - skipped
[0.710s] -- Detecting CXX compile features
[0.713s] -- Detecting CXX compile features - done
[0.722s] -- Found ament_cmake: 1.3.11 (/opt/ros/humble/share/ament_cmake/cmake)
[0.951s] -- Found Python3: /usr/bin/python3 (found version "3.10.12") found components: Interpreter 
[1.045s] -- Override CMake install command with custom implementation using symlinks instead of copying resources
[1.105s] -- Found nav2_common: 1.1.18 (/home/huuhoa/hospital_robot/install/nav2_common/share/nav2_common/cmake)
[1.108s] -- Found angles: 1.15.0 (/opt/ros/humble/share/angles/cmake)
[1.111s] -- Found dwb_core: 1.1.18 (/home/huuhoa/hospital_robot/install/dwb_core/share/dwb_core/cmake)
[1.179s] -- Found rosidl_generator_c: 3.1.6 (/opt/ros/humble/share/rosidl_generator_c/cmake)
[1.186s] -- Found rosidl_adapter: 3.1.6 (/opt/ros/humble/share/rosidl_adapter/cmake)
[1.201s] -- Found rosidl_generator_cpp: 3.1.6 (/opt/ros/humble/share/rosidl_generator_cpp/cmake)
[1.222s] -- Using all available rosidl_typesupport_c: rosidl_typesupport_fastrtps_c;rosidl_typesupport_introspection_c
[1.248s] -- Using all available rosidl_typesupport_cpp: rosidl_typesupport_fastrtps_cpp;rosidl_typesupport_introspection_cpp
[1.317s] -- Found rmw_implementation_cmake: 6.1.2 (/opt/ros/humble/share/rmw_implementation_cmake/cmake)
[1.359s] -- Found rmw_cyclonedds_cpp: 1.3.4 (/opt/ros/humble/share/rmw_cyclonedds_cpp/cmake)
[1.359s] -- Using RMW implementation 'rmw_cyclonedds_cpp' as default
[1.374s] -- Looking for pthread.h
[1.540s] -- Looking for pthread.h - found
[1.540s] -- Performing Test CMAKE_HAVE_LIBC_PTHREAD
[1.669s] -- Performing Test CMAKE_HAVE_LIBC_PTHREAD - Success
[1.671s] -- Found Threads: TRUE  
[2.109s] -- Found Eigen3: TRUE (found version "3.4.0") 
[2.113s] -- Ensuring Eigen3 include directory is part of orocos-kdl CMake target
[2.370s] -- Setting build type to Release as none was specified.
[2.820s] -- Found ament_lint_auto: 0.12.11 (/opt/ros/humble/share/ament_lint_auto/cmake)
[2.969s] -- Found gtest sources under '/opt/ros/humble/src/gtest_vendor': C++ tests using 'Google Test' will be built
[2.998s] -- Added test 'cppcheck' to perform static code analysis on C / C++ code
[3.002s] -- Configured cppcheck include dirs: /home/huuhoa/hospital_robot/src/nav2_package/navigation2/nav2_dwb_controller/dwb_plugins/include
[3.002s] -- Configured cppcheck exclude dirs and/or files: 
[3.003s] -- Added test 'cpplint' to check C / C++ code against the Google style
[3.003s] -- Configured cpplint exclude dirs and/or files: 
[3.004s] -- Added test 'lint_cmake' to check CMake code style
[3.007s] -- Added test 'uncrustify' to check C / C++ code style
[3.007s] -- Configured uncrustify additional arguments: 
[3.009s] -- Added test 'xmllint' to check XML markup files
[3.014s] -- Configuring done
[3.197s] -- Generating done
[3.230s] -- Build files have been written to: /home/huuhoa/hospital_robot/build/dwb_plugins
[3.245s] Invoked command in '/home/huuhoa/hospital_robot/build/dwb_plugins' returned '0': AMENT_PREFIX_PATH=/home/huuhoa/hospital_robot/install/dwb_core:/home/huuhoa/hospital_robot/install/nav2_core:/home/huuhoa/hospital_robot/install/nav2_costmap_2d:${AMENT_PREFIX_PATH} CMAKE_PREFIX_PATH=/home/huuhoa/hospital_robot/install/dwb_core:/home/huuhoa/hospital_robot/install/nav2_core:/home/huuhoa/hospital_robot/install/nav2_costmap_2d:/home/huuhoa/hospital_robot/install/nav_2d_utils:/home/huuhoa/hospital_robot/install/nav2_map_server:/home/huuhoa/hospital_robot/install/nav2_lifecycle_manager:/home/huuhoa/hospital_robot/install/nav2_util:/home/huuhoa/hospital_robot/install/nav2_voxel_grid:/home/huuhoa/hospital_robot/install/nav2_msgs:/home/huuhoa/hospital_robot/install/dwb_msgs:/home/huuhoa/hospital_robot/install/nav_2d_msgs:/home/huuhoa/hospital_robot/install/nav2_common:/home/huuhoa/hospital_robot/install/map_msgs:/home/huuhoa/hospital_robot/install/hospital_package:/home/huuhoa/hospital_robot/install/nav2_simple_commander:/opt/ros/humble LD_LIBRARY_PATH=/home/huuhoa/hospital_robot/install/dwb_core/lib:/home/huuhoa/hospital_robot/install/nav2_costmap_2d/lib:/home/huuhoa/hospital_robot/install/nav_2d_utils/lib:/home/huuhoa/hospital_robot/install/nav2_map_server/lib:/home/huuhoa/hospital_robot/install/nav2_lifecycle_manager/lib:/home/huuhoa/hospital_robot/install/nav2_util/lib:/home/huuhoa/hospital_robot/install/nav2_voxel_grid/lib:/home/huuhoa/hospital_robot/install/nav2_msgs/lib:/home/huuhoa/hospital_robot/install/dwb_msgs/lib:/home/huuhoa/hospital_robot/install/nav_2d_msgs/lib:/home/huuhoa/hospital_robot/install/map_msgs/lib:/opt/ros/humble/lib/x86_64-linux-gnu:/opt/ros/humble/lib /usr/bin/cmake /home/huuhoa/hospital_robot/src/nav2_package/navigation2/nav2_dwb_controller/dwb_plugins -DAMENT_CMAKE_SYMLINK_INSTALL=1 -DCMAKE_INSTALL_PREFIX=/home/huuhoa/hospital_robot/install/dwb_plugins
[3.246s] Invoking command in '/home/huuhoa/hospital_robot/build/dwb_plugins': AMENT_PREFIX_PATH=/home/huuhoa/hospital_robot/install/dwb_core:/home/huuhoa/hospital_robot/install/nav2_core:/home/huuhoa/hospital_robot/install/nav2_costmap_2d:${AMENT_PREFIX_PATH} CMAKE_PREFIX_PATH=/home/huuhoa/hospital_robot/install/dwb_core:/home/huuhoa/hospital_robot/install/nav2_core:/home/huuhoa/hospital_robot/install/nav2_costmap_2d:/home/huuhoa/hospital_robot/install/nav_2d_utils:/home/huuhoa/hospital_robot/install/nav2_map_server:/home/huuhoa/hospital_robot/install/nav2_lifecycle_manager:/home/huuhoa/hospital_robot/install/nav2_util:/home/huuhoa/hospital_robot/install/nav2_voxel_grid:/home/huuhoa/hospital_robot/install/nav2_msgs:/home/huuhoa/hospital_robot/install/dwb_msgs:/home/huuhoa/hospital_robot/install/nav_2d_msgs:/home/huuhoa/hospital_robot/install/nav2_common:/home/huuhoa/hospital_robot/install/map_msgs:/home/huuhoa/hospital_robot/install/hospital_package:/home/huuhoa/hospital_robot/install/nav2_simple_commander:/opt/ros/humble LD_LIBRARY_PATH=/home/huuhoa/hospital_robot/install/dwb_core/lib:/home/huuhoa/hospital_robot/install/nav2_costmap_2d/lib:/home/huuhoa/hospital_robot/install/nav_2d_utils/lib:/home/huuhoa/hospital_robot/install/nav2_map_server/lib:/home/huuhoa/hospital_robot/install/nav2_lifecycle_manager/lib:/home/huuhoa/hospital_robot/install/nav2_util/lib:/home/huuhoa/hospital_robot/install/nav2_voxel_grid/lib:/home/huuhoa/hospital_robot/install/nav2_msgs/lib:/home/huuhoa/hospital_robot/install/dwb_msgs/lib:/home/huuhoa/hospital_robot/install/nav_2d_msgs/lib:/home/huuhoa/hospital_robot/install/map_msgs/lib:/opt/ros/humble/lib/x86_64-linux-gnu:/opt/ros/humble/lib /usr/bin/cmake --build /home/huuhoa/hospital_robot/build/dwb_plugins -- -j2 -l2
[3.363s] [  5%] [32mBuilding CXX object CMakeFiles/standard_traj_generator.dir/src/standard_traj_generator.cpp.o[0m
[8.398s] [ 11%] [32mBuilding CXX object CMakeFiles/standard_traj_generator.dir/src/limited_accel_generator.cpp.o[0m
[12.699s] [ 17%] [32mBuilding CXX object CMakeFiles/standard_traj_generator.dir/src/kinematic_parameters.cpp.o[0m
[17.344s] [ 23%] [32mBuilding CXX object CMakeFiles/standard_traj_generator.dir/src/xy_theta_iterator.cpp.o[0m
[21.602s] [ 29%] [32m[1mLinking CXX shared library libstandard_traj_generator.so[0m
[22.039s] [ 29%] Built target standard_traj_generator
[22.094s] [ 35%] [32mBuilding CXX object gtest/CMakeFiles/gtest_main.dir/src/gtest_main.cc.o[0m
[23.285s] [ 41%] [32m[1mLinking CXX static library libgtest_main.a[0m
[23.418s] [ 41%] Built target gtest_main
[23.464s] [ 47%] [32mBuilding CXX object gtest/CMakeFiles/gtest.dir/src/gtest-all.cc.o[0m
[33.978s] [ 52%] [32m[1mLinking CXX static library libgtest.a[0m
[34.114s] [ 52%] Built target gtest
[34.159s] [ 58%] [32mBuilding CXX object test/CMakeFiles/vtest.dir/velocity_iterator_test.cpp.o[0m
[35.926s] [ 64%] [32m[1mLinking CXX executable vtest[0m
[36.076s] [ 64%] Built target vtest
[36.141s] [ 70%] [32mBuilding CXX object test/CMakeFiles/twist_gen_test.dir/twist_gen.cpp.o[0m
[43.946s] [ 76%] [32m[1mLinking CXX executable twist_gen_test[0m
[44.417s] [ 76%] Built target twist_gen_test
[44.489s] [ 82%] [32mBuilding CXX object test/CMakeFiles/kinematic_parameters_test.dir/kinematic_parameters_test.cpp.o[0m
[49.990s] [ 88%] [32m[1mLinking CXX executable kinematic_parameters_test[0m
[50.435s] [ 88%] Built target kinematic_parameters_test
[50.487s] [ 94%] [32mBuilding CXX object test/CMakeFiles/speed_limit_test.dir/speed_limit_test.cpp.o[0m
[55.752s] [100%] [32m[1mLinking CXX executable speed_limit_test[0m
[56.182s] [100%] Built target speed_limit_test
[56.202s] Invoked command in '/home/huuhoa/hospital_robot/build/dwb_plugins' returned '0': AMENT_PREFIX_PATH=/home/huuhoa/hospital_robot/install/dwb_core:/home/huuhoa/hospital_robot/install/nav2_core:/home/huuhoa/hospital_robot/install/nav2_costmap_2d:${AMENT_PREFIX_PATH} CMAKE_PREFIX_PATH=/home/huuhoa/hospital_robot/install/dwb_core:/home/huuhoa/hospital_robot/install/nav2_core:/home/huuhoa/hospital_robot/install/nav2_costmap_2d:/home/huuhoa/hospital_robot/install/nav_2d_utils:/home/huuhoa/hospital_robot/install/nav2_map_server:/home/huuhoa/hospital_robot/install/nav2_lifecycle_manager:/home/huuhoa/hospital_robot/install/nav2_util:/home/huuhoa/hospital_robot/install/nav2_voxel_grid:/home/huuhoa/hospital_robot/install/nav2_msgs:/home/huuhoa/hospital_robot/install/dwb_msgs:/home/huuhoa/hospital_robot/install/nav_2d_msgs:/home/huuhoa/hospital_robot/install/nav2_common:/home/huuhoa/hospital_robot/install/map_msgs:/home/huuhoa/hospital_robot/install/hospital_package:/home/huuhoa/hospital_robot/install/nav2_simple_commander:/opt/ros/humble LD_LIBRARY_PATH=/home/huuhoa/hospital_robot/install/dwb_core/lib:/home/huuhoa/hospital_robot/install/nav2_costmap_2d/lib:/home/huuhoa/hospital_robot/install/nav_2d_utils/lib:/home/huuhoa/hospital_robot/install/nav2_map_server/lib:/home/huuhoa/hospital_robot/install/nav2_lifecycle_manager/lib:/home/huuhoa/hospital_robot/install/nav2_util/lib:/home/huuhoa/hospital_robot/install/nav2_voxel_grid/lib:/home/huuhoa/hospital_robot/install/nav2_msgs/lib:/home/huuhoa/hospital_robot/install/dwb_msgs/lib:/home/huuhoa/hospital_robot/install/nav_2d_msgs/lib:/home/huuhoa/hospital_robot/install/map_msgs/lib:/opt/ros/humble/lib/x86_64-linux-gnu:/opt/ros/humble/lib /usr/bin/cmake --build /home/huuhoa/hospital_robot/build/dwb_plugins -- -j2 -l2
[56.203s] Invoking command in '/home/huuhoa/hospital_robot/build/dwb_plugins': AMENT_PREFIX_PATH=/home/huuhoa/hospital_robot/install/dwb_core:/home/huuhoa/hospital_robot/install/nav2_core:/home/huuhoa/hospital_robot/install/nav2_costmap_2d:${AMENT_PREFIX_PATH} CMAKE_PREFIX_PATH=/home/huuhoa/hospital_robot/install/dwb_core:/home/huuhoa/hospital_robot/install/nav2_core:/home/huuhoa/hospital_robot/install/nav2_costmap_2d:/home/huuhoa/hospital_robot/install/nav_2d_utils:/home/huuhoa/hospital_robot/install/nav2_map_server:/home/huuhoa/hospital_robot/install/nav2_lifecycle_manager:/home/huuhoa/hospital_robot/install/nav2_util:/home/huuhoa/hospital_robot/install/nav2_voxel_grid:/home/huuhoa/hospital_robot/install/nav2_msgs:/home/huuhoa/hospital_robot/install/dwb_msgs:/home/huuhoa/hospital_robot/install/nav_2d_msgs:/home/huuhoa/hospital_robot/install/nav2_common:/home/huuhoa/hospital_robot/install/map_msgs:/home/huuhoa/hospital_robot/install/hospital_package:/home/huuhoa/hospital_robot/install/nav2_simple_commander:/opt/ros/humble LD_LIBRARY_PATH=/home/huuhoa/hospital_robot/install/dwb_core/lib:/home/huuhoa/hospital_robot/install/nav2_costmap_2d/lib:/home/huuhoa/hospital_robot/install/nav_2d_utils/lib:/home/huuhoa/hospital_robot/install/nav2_map_server/lib:/home/huuhoa/hospital_robot/install/nav2_lifecycle_manager/lib:/home/huuhoa/hospital_robot/install/nav2_util/lib:/home/huuhoa/hospital_robot/install/nav2_voxel_grid/lib:/home/huuhoa/hospital_robot/install/nav2_msgs/lib:/home/huuhoa/hospital_robot/install/dwb_msgs/lib:/home/huuhoa/hospital_robot/install/nav_2d_msgs/lib:/home/huuhoa/hospital_robot/install/map_msgs/lib:/opt/ros/humble/lib/x86_64-linux-gnu:/opt/ros/humble/lib /usr/bin/cmake --install /home/huuhoa/hospital_robot/build/dwb_plugins
[56.218s] -- Install configuration: "Release"
[56.219s] -- Execute custom install script
[56.220s] -- Symlinking: /home/huuhoa/hospital_robot/install/dwb_plugins/lib/libstandard_traj_generator.so
[56.236s] -- Symlinking: /home/huuhoa/hospital_robot/install/dwb_plugins/include//dwb_plugins/kinematic_parameters.hpp
[56.254s] -- Symlinking: /home/huuhoa/hospital_robot/install/dwb_plugins/include//dwb_plugins/limited_accel_generator.hpp
[56.270s] -- Symlinking: /home/huuhoa/hospital_robot/install/dwb_plugins/include//dwb_plugins/one_d_velocity_iterator.hpp
[56.290s] -- Symlinking: /home/huuhoa/hospital_robot/install/dwb_plugins/include//dwb_plugins/standard_traj_generator.hpp
[56.317s] -- Symlinking: /home/huuhoa/hospital_robot/install/dwb_plugins/include//dwb_plugins/velocity_iterator.hpp
[56.337s] -- Symlinking: /home/huuhoa/hospital_robot/install/dwb_plugins/include//dwb_plugins/xy_theta_iterator.hpp
[56.355s] -- Symlinking: /home/huuhoa/hospital_robot/install/dwb_plugins/share/dwb_plugins/plugins.xml
[56.373s] -- Symlinking: /home/huuhoa/hospital_robot/install/dwb_plugins/share/dwb_plugins/environment/library_path.sh
[56.393s] -- Symlinking: /home/huuhoa/hospital_robot/install/dwb_plugins/share/dwb_plugins/environment/library_path.dsv
[56.413s] -- Up-to-date symlink: /home/huuhoa/hospital_robot/install/dwb_plugins/share/dwb_plugins//plugins.xml
[56.414s] -- Symlinking: /home/huuhoa/hospital_robot/install/dwb_plugins/share/ament_index/resource_index/package_run_dependencies/dwb_plugins
[56.434s] -- Symlinking: /home/huuhoa/hospital_robot/install/dwb_plugins/share/ament_index/resource_index/parent_prefix_path/dwb_plugins
[56.451s] -- Symlinking: /home/huuhoa/hospital_robot/install/dwb_plugins/share/dwb_plugins/environment/ament_prefix_path.sh
[56.466s] -- Symlinking: /home/huuhoa/hospital_robot/install/dwb_plugins/share/dwb_plugins/environment/ament_prefix_path.dsv
[56.482s] -- Symlinking: /home/huuhoa/hospital_robot/install/dwb_plugins/share/dwb_plugins/environment/path.sh
[56.498s] -- Symlinking: /home/huuhoa/hospital_robot/install/dwb_plugins/share/dwb_plugins/environment/path.dsv
[56.516s] -- Symlinking: /home/huuhoa/hospital_robot/install/dwb_plugins/share/dwb_plugins/local_setup.bash
[56.534s] -- Symlinking: /home/huuhoa/hospital_robot/install/dwb_plugins/share/dwb_plugins/local_setup.sh
[56.551s] -- Symlinking: /home/huuhoa/hospital_robot/install/dwb_plugins/share/dwb_plugins/local_setup.zsh
[56.569s] -- Symlinking: /home/huuhoa/hospital_robot/install/dwb_plugins/share/dwb_plugins/local_setup.dsv
[56.586s] -- Symlinking: /home/huuhoa/hospital_robot/install/dwb_plugins/share/dwb_plugins/package.dsv
[56.602s] -- Symlinking: /home/huuhoa/hospital_robot/install/dwb_plugins/share/ament_index/resource_index/packages/dwb_plugins
[56.620s] -- Symlinking: /home/huuhoa/hospital_robot/install/dwb_plugins/share/ament_index/resource_index/dwb_core__pluginlib__plugin/dwb_plugins
[56.638s] -- Symlinking: /home/huuhoa/hospital_robot/install/dwb_plugins/share/dwb_plugins/cmake/ament_cmake_export_include_directories-extras.cmake
[56.655s] -- Symlinking: /home/huuhoa/hospital_robot/install/dwb_plugins/share/dwb_plugins/cmake/ament_cmake_export_libraries-extras.cmake
[56.669s] -- Symlinking: /home/huuhoa/hospital_robot/install/dwb_plugins/share/dwb_plugins/cmake/dwb_pluginsConfig.cmake
[56.685s] -- Symlinking: /home/huuhoa/hospital_robot/install/dwb_plugins/share/dwb_plugins/cmake/dwb_pluginsConfig-version.cmake
[56.703s] -- Symlinking: /home/huuhoa/hospital_robot/install/dwb_plugins/share/dwb_plugins/package.xml
[56.740s] Invoked command in '/home/huuhoa/hospital_robot/build/dwb_plugins' returned '0': AMENT_PREFIX_PATH=/home/huuhoa/hospital_robot/install/dwb_core:/home/huuhoa/hospital_robot/install/nav2_core:/home/huuhoa/hospital_robot/install/nav2_costmap_2d:${AMENT_PREFIX_PATH} CMAKE_PREFIX_PATH=/home/huuhoa/hospital_robot/install/dwb_core:/home/huuhoa/hospital_robot/install/nav2_core:/home/huuhoa/hospital_robot/install/nav2_costmap_2d:/home/huuhoa/hospital_robot/install/nav_2d_utils:/home/huuhoa/hospital_robot/install/nav2_map_server:/home/huuhoa/hospital_robot/install/nav2_lifecycle_manager:/home/huuhoa/hospital_robot/install/nav2_util:/home/huuhoa/hospital_robot/install/nav2_voxel_grid:/home/huuhoa/hospital_robot/install/nav2_msgs:/home/huuhoa/hospital_robot/install/dwb_msgs:/home/huuhoa/hospital_robot/install/nav_2d_msgs:/home/huuhoa/hospital_robot/install/nav2_common:/home/huuhoa/hospital_robot/install/map_msgs:/home/huuhoa/hospital_robot/install/hospital_package:/home/huuhoa/hospital_robot/install/nav2_simple_commander:/opt/ros/humble LD_LIBRARY_PATH=/home/huuhoa/hospital_robot/install/dwb_core/lib:/home/huuhoa/hospital_robot/install/nav2_costmap_2d/lib:/home/huuhoa/hospital_robot/install/nav_2d_utils/lib:/home/huuhoa/hospital_robot/install/nav2_map_server/lib:/home/huuhoa/hospital_robot/install/nav2_lifecycle_manager/lib:/home/huuhoa/hospital_robot/install/nav2_util/lib:/home/huuhoa/hospital_robot/install/nav2_voxel_grid/lib:/home/huuhoa/hospital_robot/install/nav2_msgs/lib:/home/huuhoa/hospital_robot/install/dwb_msgs/lib:/home/huuhoa/hospital_robot/install/nav_2d_msgs/lib:/home/huuhoa/hospital_robot/install/map_msgs/lib:/opt/ros/humble/lib/x86_64-linux-gnu:/opt/ros/humble/lib /usr/bin/cmake --install /home/huuhoa/hospital_robot/build/dwb_plugins
