[0.087s] Invoking command in '/home/huuhoa/hospital_robot/build/nav2_costmap_2d': CMAKE_PREFIX_PATH=/home/huuhoa/hospital_robot/install/nav2_map_server:/home/huuhoa/hospital_robot/install/nav2_lifecycle_manager:/home/huuhoa/hospital_robot/install/nav2_util:/home/huuhoa/hospital_robot/install/nav2_voxel_grid:/home/huuhoa/hospital_robot/install/nav2_msgs:/home/huuhoa/hospital_robot/install/nav2_common:/home/huuhoa/hospital_robot/install/map_msgs:/home/huuhoa/hospital_robot/install/nav_2d_utils:/home/huuhoa/hospital_robot/install/dwb_msgs:/home/huuhoa/hospital_robot/install/nav_2d_msgs:/home/huuhoa/hospital_robot/install/hospital_package:/home/huuhoa/hospital_robot/install/nav2_simple_commander:/opt/ros/humble LD_LIBRARY_PATH=/home/huuhoa/hospital_robot/install/nav2_map_server/lib:/home/huuhoa/hospital_robot/install/nav2_lifecycle_manager/lib:/home/huuhoa/hospital_robot/install/nav2_util/lib:/home/huuhoa/hospital_robot/install/nav2_voxel_grid/lib:/home/huuhoa/hospital_robot/install/nav2_msgs/lib:/home/huuhoa/hospital_robot/install/map_msgs/lib:/home/huuhoa/hospital_robot/install/nav_2d_utils/lib:/home/huuhoa/hospital_robot/install/dwb_msgs/lib:/home/huuhoa/hospital_robot/install/nav_2d_msgs/lib:/opt/ros/humble/lib/x86_64-linux-gnu:/opt/ros/humble/lib /usr/bin/cmake /home/huuhoa/hospital_robot/src/nav2_package/navigation2/nav2_costmap_2d -DAMENT_CMAKE_SYMLINK_INSTALL=1 -DCMAKE_INSTALL_PREFIX=/home/huuhoa/hospital_robot/install/nav2_costmap_2d
[0.355s] -- The C compiler identification is GNU 11.4.0
[0.508s] -- The CXX compiler identification is GNU 11.4.0
[0.536s] -- Detecting C compiler ABI info
[0.762s] -- Detecting C compiler ABI info - done
[0.776s] -- Check for working C compiler: /usr/bin/cc - skipped
[0.777s] -- Detecting C compile features
[0.778s] -- Detecting C compile features - done
[0.783s] -- Detecting CXX compiler ABI info
[0.992s] -- Detecting CXX compiler ABI info - done
[1.006s] -- Check for working CXX compiler: /usr/bin/c++ - skipped
[1.006s] -- Detecting CXX compile features
[1.013s] -- Detecting CXX compile features - done
[1.013s] -- Found ament_cmake: 1.3.11 (/opt/ros/humble/share/ament_cmake/cmake)
[1.398s] -- Found Python3: /usr/bin/python3 (found version "3.10.12") found components: Interpreter 
[1.561s] -- Override CMake install command with custom implementation using symlinks instead of copying resources
[1.638s] -- Found geometry_msgs: 4.2.4 (/opt/ros/humble/share/geometry_msgs/cmake)
[1.818s] -- Found rosidl_generator_c: 3.1.6 (/opt/ros/humble/share/rosidl_generator_c/cmake)
[1.843s] -- Found rosidl_adapter: 3.1.6 (/opt/ros/humble/share/rosidl_adapter/cmake)
[1.898s] -- Found rosidl_generator_cpp: 3.1.6 (/opt/ros/humble/share/rosidl_generator_cpp/cmake)
[1.961s] -- Using all available rosidl_typesupport_c: rosidl_typesupport_fastrtps_c;rosidl_typesupport_introspection_c
[2.038s] -- Using all available rosidl_typesupport_cpp: rosidl_typesupport_fastrtps_cpp;rosidl_typesupport_introspection_cpp
[2.238s] -- Found laser_geometry: 2.4.0 (/opt/ros/humble/share/laser_geometry/cmake)
[2.398s] -- Found rmw_implementation_cmake: 6.1.2 (/opt/ros/humble/share/rmw_implementation_cmake/cmake)
[2.407s] -- Found rmw_cyclonedds_cpp: 1.3.4 (/opt/ros/humble/share/rmw_cyclonedds_cpp/cmake)
[2.480s] -- Using RMW implementation 'rmw_cyclonedds_cpp' as default
[2.534s] -- Looking for pthread.h
[2.700s] -- Looking for pthread.h - found
[2.702s] -- Performing Test CMAKE_HAVE_LIBC_PTHREAD
[2.883s] -- Performing Test CMAKE_HAVE_LIBC_PTHREAD - Success
[2.888s] -- Found Threads: TRUE  
[3.167s] -- Found map_msgs: 2.1.0 (/home/huuhoa/hospital_robot/install/map_msgs/share/map_msgs/cmake)
[3.321s] -- Found message_filters: 4.3.5 (/opt/ros/humble/share/message_filters/cmake)
[3.334s] -- Found nav2_common: 1.1.18 (/home/huuhoa/hospital_robot/install/nav2_common/share/nav2_common/cmake)
[3.340s] -- Found nav2_msgs: 1.1.18 (/home/huuhoa/hospital_robot/install/nav2_msgs/share/nav2_msgs/cmake)
[3.459s] -- Found nav2_util: 1.1.18 (/home/huuhoa/hospital_robot/install/nav2_util/share/nav2_util/cmake)
[3.753s] -- Found Eigen3: TRUE (found version "3.4.0") 
[3.754s] -- Ensuring Eigen3 include directory is part of orocos-kdl CMake target
[3.936s] -- Found nav2_voxel_grid: 1.1.18 (/home/huuhoa/hospital_robot/install/nav2_voxel_grid/share/nav2_voxel_grid/cmake)
[3.949s] -- Found pluginlib: 5.1.0 (/opt/ros/humble/share/pluginlib/cmake)
[3.987s] -- Found std_srvs: 4.2.4 (/opt/ros/humble/share/std_srvs/cmake)
[4.017s] -- Found tf2_sensor_msgs: 0.25.12 (/opt/ros/humble/share/tf2_sensor_msgs/cmake)
[4.042s] -- Found visualization_msgs: 4.2.4 (/opt/ros/humble/share/visualization_msgs/cmake)
[4.123s] -- Found angles: 1.15.0 (/opt/ros/humble/share/angles/cmake)
[4.139s] -- Found Eigen3: TRUE (found suitable version "3.4.0", minimum required is "3.3") 
[4.139s] -- Setting build type to Release as none was specified.
[4.443s] -- Found ament_lint_auto: 0.12.11 (/opt/ros/humble/share/ament_lint_auto/cmake)
[4.874s] -- Found gtest sources under '/opt/ros/humble/src/gtest_vendor': C++ tests using 'Google Test' will be built
[4.934s] -- Found gtest sources under '/opt/ros/humble/src/gtest_vendor': C++ tests using 'Google Test' will be built
[4.951s] -- Found gtest sources under '/opt/ros/humble/src/gtest_vendor': C++ tests using 'Google Test' will be built
[5.042s] -- Added test 'cppcheck' to perform static code analysis on C / C++ code
[5.046s] -- Configured cppcheck include dirs: $<BUILD_INTERFACE:/home/huuhoa/hospital_robot/src/nav2_package/navigation2/nav2_costmap_2d/include>
[5.046s] -- Configured cppcheck exclude dirs and/or files: 
[5.049s] -- Added test 'flake8' to check Python code syntax and style conventions
[5.052s] -- Added test 'lint_cmake' to check CMake code style
[5.055s] -- Added test 'pep257' to check Python code against some of the docstring style conventions in PEP 257
[5.063s] -- Added test 'uncrustify' to check C / C++ code style
[5.063s] -- Configured uncrustify additional arguments: 
[5.066s] -- Added test 'xmllint' to check XML markup files
[5.078s] -- Configuring done
[6.229s] -- Generating done
[6.351s] -- Build files have been written to: /home/huuhoa/hospital_robot/build/nav2_costmap_2d
[6.369s] Invoked command in '/home/huuhoa/hospital_robot/build/nav2_costmap_2d' returned '0': CMAKE_PREFIX_PATH=/home/huuhoa/hospital_robot/install/nav2_map_server:/home/huuhoa/hospital_robot/install/nav2_lifecycle_manager:/home/huuhoa/hospital_robot/install/nav2_util:/home/huuhoa/hospital_robot/install/nav2_voxel_grid:/home/huuhoa/hospital_robot/install/nav2_msgs:/home/huuhoa/hospital_robot/install/nav2_common:/home/huuhoa/hospital_robot/install/map_msgs:/home/huuhoa/hospital_robot/install/nav_2d_utils:/home/huuhoa/hospital_robot/install/dwb_msgs:/home/huuhoa/hospital_robot/install/nav_2d_msgs:/home/huuhoa/hospital_robot/install/hospital_package:/home/huuhoa/hospital_robot/install/nav2_simple_commander:/opt/ros/humble LD_LIBRARY_PATH=/home/huuhoa/hospital_robot/install/nav2_map_server/lib:/home/huuhoa/hospital_robot/install/nav2_lifecycle_manager/lib:/home/huuhoa/hospital_robot/install/nav2_util/lib:/home/huuhoa/hospital_robot/install/nav2_voxel_grid/lib:/home/huuhoa/hospital_robot/install/nav2_msgs/lib:/home/huuhoa/hospital_robot/install/map_msgs/lib:/home/huuhoa/hospital_robot/install/nav_2d_utils/lib:/home/huuhoa/hospital_robot/install/dwb_msgs/lib:/home/huuhoa/hospital_robot/install/nav_2d_msgs/lib:/opt/ros/humble/lib/x86_64-linux-gnu:/opt/ros/humble/lib /usr/bin/cmake /home/huuhoa/hospital_robot/src/nav2_package/navigation2/nav2_costmap_2d -DAMENT_CMAKE_SYMLINK_INSTALL=1 -DCMAKE_INSTALL_PREFIX=/home/huuhoa/hospital_robot/install/nav2_costmap_2d
[6.371s] Invoking command in '/home/huuhoa/hospital_robot/build/nav2_costmap_2d': CMAKE_PREFIX_PATH=/home/huuhoa/hospital_robot/install/nav2_map_server:/home/huuhoa/hospital_robot/install/nav2_lifecycle_manager:/home/huuhoa/hospital_robot/install/nav2_util:/home/huuhoa/hospital_robot/install/nav2_voxel_grid:/home/huuhoa/hospital_robot/install/nav2_msgs:/home/huuhoa/hospital_robot/install/nav2_common:/home/huuhoa/hospital_robot/install/map_msgs:/home/huuhoa/hospital_robot/install/nav_2d_utils:/home/huuhoa/hospital_robot/install/dwb_msgs:/home/huuhoa/hospital_robot/install/nav_2d_msgs:/home/huuhoa/hospital_robot/install/hospital_package:/home/huuhoa/hospital_robot/install/nav2_simple_commander:/opt/ros/humble LD_LIBRARY_PATH=/home/huuhoa/hospital_robot/install/nav2_map_server/lib:/home/huuhoa/hospital_robot/install/nav2_lifecycle_manager/lib:/home/huuhoa/hospital_robot/install/nav2_util/lib:/home/huuhoa/hospital_robot/install/nav2_voxel_grid/lib:/home/huuhoa/hospital_robot/install/nav2_msgs/lib:/home/huuhoa/hospital_robot/install/map_msgs/lib:/home/huuhoa/hospital_robot/install/nav_2d_utils/lib:/home/huuhoa/hospital_robot/install/dwb_msgs/lib:/home/huuhoa/hospital_robot/install/nav_2d_msgs/lib:/opt/ros/humble/lib/x86_64-linux-gnu:/opt/ros/humble/lib /usr/bin/cmake --build /home/huuhoa/hospital_robot/build/nav2_costmap_2d -- -j2 -l2
[6.521s] [  1%] [32mBuilding CXX object gtest/CMakeFiles/gtest_main.dir/src/gtest_main.cc.o[0m
[6.548s] [  2%] [32mBuilding CXX object CMakeFiles/nav2_costmap_2d_core.dir/src/array_parser.cpp.o[0m
[7.223s] [  3%] [32mBuilding CXX object CMakeFiles/nav2_costmap_2d_core.dir/src/costmap_2d.cpp.o[0m
[7.707s] [  4%] [32m[1mLinking CXX static library libgtest_main.a[0m
[7.900s] [  4%] Built target gtest_main
[7.949s] [  6%] [32mBuilding CXX object gtest/CMakeFiles/gtest.dir/src/gtest-all.cc.o[0m
[10.429s] [  7%] [32mBuilding CXX object CMakeFiles/nav2_costmap_2d_core.dir/src/layer.cpp.o[0m
[19.759s] [  8%] [32mBuilding CXX object CMakeFiles/nav2_costmap_2d_core.dir/src/layered_costmap.cpp.o[0m
[19.770s] [  9%] [32m[1mLinking CXX static library libgtest.a[0m
[20.199s] [  9%] Built target gtest
[20.228s] [ 10%] [32mBuilding CXX object CMakeFiles/nav2_costmap_2d_core.dir/src/costmap_2d_ros.cpp.o[0m
[28.858s] [ 12%] [32mBuilding CXX object CMakeFiles/nav2_costmap_2d_core.dir/src/costmap_2d_publisher.cpp.o[0m
[51.443s] [ 13%] [32mBuilding CXX object CMakeFiles/nav2_costmap_2d_core.dir/src/costmap_math.cpp.o[0m
[52.347s] [ 14%] [32mBuilding CXX object CMakeFiles/nav2_costmap_2d_core.dir/src/footprint.cpp.o[0m
[56.293s] [ 15%] [32mBuilding CXX object CMakeFiles/nav2_costmap_2d_core.dir/src/costmap_layer.cpp.o[0m
[60.306s] [ 17%] [32mBuilding CXX object CMakeFiles/nav2_costmap_2d_core.dir/src/observation_buffer.cpp.o[0m
[66.892s] [ 18%] [32mBuilding CXX object CMakeFiles/nav2_costmap_2d_core.dir/src/clear_costmap_service.cpp.o[0m
[75.452s] [ 19%] [32mBuilding CXX object CMakeFiles/nav2_costmap_2d_core.dir/src/footprint_collision_checker.cpp.o[0m
[79.622s] [ 20%] [32mBuilding CXX object CMakeFiles/nav2_costmap_2d_core.dir/plugins/costmap_filters/costmap_filter.cpp.o[0m
[85.442s] [ 21%] [32m[1mLinking CXX shared library libnav2_costmap_2d_core.so[0m
[86.033s] [ 21%] Built target nav2_costmap_2d_core
[86.096s] [ 23%] [32mBuilding CXX object CMakeFiles/layers.dir/plugins/inflation_layer.cpp.o[0m
[91.910s] [ 24%] [32mBuilding CXX object CMakeFiles/layers.dir/plugins/static_layer.cpp.o[0m
[110.268s] [ 25%] [32mBuilding CXX object CMakeFiles/layers.dir/plugins/obstacle_layer.cpp.o[0m
[135.268s] [ 26%] [32mBuilding CXX object CMakeFiles/layers.dir/src/observation_buffer.cpp.o[0m
[142.054s] [ 28%] [32mBuilding CXX object CMakeFiles/layers.dir/plugins/voxel_layer.cpp.o[0m
[152.927s] [ 29%] [32mBuilding CXX object CMakeFiles/layers.dir/plugins/range_sensor_layer.cpp.o[0m
[166.548s] [ 30%] [32mBuilding CXX object CMakeFiles/layers.dir/plugins/denoise_layer.cpp.o[0m
[172.774s] [ 31%] [32m[1mLinking CXX shared library liblayers.so[0m
[173.617s] [ 31%] Built target layers
[173.676s] [ 32%] [32mBuilding CXX object CMakeFiles/filters.dir/plugins/costmap_filters/keepout_filter.cpp.o[0m
[191.777s] [ 34%] [32mBuilding CXX object CMakeFiles/filters.dir/plugins/costmap_filters/speed_filter.cpp.o[0m
[211.096s] [ 35%] [32mBuilding CXX object CMakeFiles/filters.dir/plugins/costmap_filters/binary_filter.cpp.o[0m
[231.015s] [ 36%] [32m[1mLinking CXX shared library libfilters.so[0m
[231.771s] [ 36%] Built target filters
[231.818s] [ 37%] [32mBuilding CXX object CMakeFiles/nav2_costmap_2d_client.dir/src/footprint_subscriber.cpp.o[0m
[245.728s] [ 39%] [32mBuilding CXX object CMakeFiles/nav2_costmap_2d_client.dir/src/costmap_subscriber.cpp.o[0m
[258.875s] [ 40%] [32mBuilding CXX object CMakeFiles/nav2_costmap_2d_client.dir/src/costmap_topic_collision_checker.cpp.o[0m
[263.276s] [ 41%] [32m[1mLinking CXX shared library libnav2_costmap_2d_client.so[0m
[263.941s] [ 41%] Built target nav2_costmap_2d_client
[263.994s] [ 42%] [32mBuilding CXX object CMakeFiles/nav2_costmap_2d_markers.dir/src/costmap_2d_markers.cpp.o[0m
[280.810s] [ 43%] [32m[1mLinking CXX executable nav2_costmap_2d_markers[0m
[281.160s] [ 43%] Built target nav2_costmap_2d_markers
[281.202s] [ 45%] [32mBuilding CXX object CMakeFiles/nav2_costmap_2d_cloud.dir/src/costmap_2d_cloud.cpp.o[0m
[295.511s] [ 46%] [32m[1mLinking CXX executable nav2_costmap_2d_cloud[0m
[295.908s] [ 46%] Built target nav2_costmap_2d_cloud
[295.994s] [ 47%] [32mBuilding CXX object CMakeFiles/nav2_costmap_2d.dir/src/costmap_2d_node.cpp.o[0m
[302.023s] [ 48%] [32m[1mLinking CXX executable nav2_costmap_2d[0m
[302.538s] [ 48%] Built target nav2_costmap_2d
[302.589s] [ 50%] [32mBuilding CXX object test/unit/CMakeFiles/array_parser_test.dir/array_parser_test.cpp.o[0m
[304.582s] [ 51%] [32m[1mLinking CXX executable array_parser_test[0m
[304.959s] [ 51%] Built target array_parser_test
[305.013s] [ 52%] [32mBuilding CXX object test/unit/CMakeFiles/collision_footprint_test.dir/footprint_collision_checker_test.cpp.o[0m
[311.480s] [ 53%] [32m[1mLinking CXX executable collision_footprint_test[0m
[311.857s] [ 53%] Built target collision_footprint_test
[311.914s] [ 54%] [32mBuilding CXX object test/unit/CMakeFiles/costmap_convesion_test.dir/costmap_conversion_test.cpp.o[0m
[317.042s] [ 56%] [32m[1mLinking CXX executable costmap_convesion_test[0m
[317.848s] [ 56%] Built target costmap_convesion_test
[317.929s] [ 57%] [32mBuilding CXX object test/unit/CMakeFiles/declare_parameter_test.dir/declare_parameter_test.cpp.o[0m
[324.065s] [ 58%] [32m[1mLinking CXX executable declare_parameter_test[0m
[324.517s] [ 58%] Built target declare_parameter_test
[324.555s] [ 59%] [32mBuilding CXX object test/unit/CMakeFiles/costmap_filter_test.dir/costmap_filter_test.cpp.o[0m
[330.363s] [ 60%] [32m[1mLinking CXX executable costmap_filter_test[0m
[330.833s] [ 60%] Built target costmap_filter_test
[330.903s] [ 62%] [32mBuilding CXX object test/unit/CMakeFiles/keepout_filter_test.dir/keepout_filter_test.cpp.o[0m
[341.836s] [ 63%] [32m[1mLinking CXX executable keepout_filter_test[0m
[342.415s] [ 63%] Built target keepout_filter_test
[342.480s] [ 64%] [32mBuilding CXX object test/unit/CMakeFiles/speed_filter_test.dir/speed_filter_test.cpp.o[0m
[360.260s] [ 65%] [32m[1mLinking CXX executable speed_filter_test[0m
[360.865s] [ 65%] Built target speed_filter_test
[360.918s] [ 67%] [32mBuilding CXX object test/unit/CMakeFiles/binary_filter_test.dir/binary_filter_test.cpp.o[0m
[378.584s] [ 68%] [32m[1mLinking CXX executable binary_filter_test[0m
[379.181s] [ 68%] Built target binary_filter_test
[379.240s] [ 69%] [32mBuilding CXX object test/unit/CMakeFiles/copy_window_test.dir/copy_window_test.cpp.o[0m
[383.813s] [ 70%] [32m[1mLinking CXX executable copy_window_test[0m
[384.255s] [ 70%] Built target copy_window_test
[384.312s] [ 71%] [32mBuilding CXX object test/unit/CMakeFiles/costmap_filter_service_test.dir/costmap_filter_service_test.cpp.o[0m
[391.260s] [ 73%] [32m[1mLinking CXX executable costmap_filter_service_test[0m
[393.432s] [ 73%] Built target costmap_filter_service_test
[393.493s] [ 74%] [32mBuilding CXX object test/unit/CMakeFiles/denoise_layer_test.dir/denoise_layer_test.cpp.o[0m
[401.221s] [ 75%] [32mBuilding CXX object test/unit/CMakeFiles/denoise_layer_test.dir/image_test.cpp.o[0m
[403.379s] [ 76%] [32mBuilding CXX object test/unit/CMakeFiles/denoise_layer_test.dir/image_processing_test.cpp.o[0m
[408.214s] [ 78%] [32m[1mLinking CXX executable denoise_layer_test[0m
[408.841s] [ 78%] Built target denoise_layer_test
[411.019s] [ 79%] [32mBuilding CXX object test/integration/CMakeFiles/footprint_tests_exec.dir/footprint_tests.cpp.o[0m
[417.665s] [ 80%] [32m[1mLinking CXX executable footprint_tests_exec[0m
[418.061s] [ 80%] Built target footprint_tests_exec
[418.124s] [ 81%] [32mBuilding CXX object test/integration/CMakeFiles/test_collision_checker_exec.dir/test_costmap_topic_collision_checker.cpp.o[0m
[429.825s] [ 82%] [32m[1mLinking CXX executable test_collision_checker_exec[0m
[430.443s] [ 82%] Built target test_collision_checker_exec
[430.503s] [ 84%] [32mBuilding CXX object test/integration/CMakeFiles/inflation_tests_exec.dir/inflation_tests.cpp.o[0m
[443.272s] [ 85%] [32m[1mLinking CXX executable inflation_tests_exec[0m
[443.852s] [ 85%] Built target inflation_tests_exec
[443.902s] [ 86%] [32mBuilding CXX object test/integration/CMakeFiles/obstacle_tests_exec.dir/obstacle_tests.cpp.o[0m
[460.779s] [ 87%] [32m[1mLinking CXX executable obstacle_tests_exec[0m
[461.340s] [ 87%] Built target obstacle_tests_exec
[461.386s] [ 89%] [32mBuilding CXX object test/integration/CMakeFiles/range_tests_exec.dir/range_tests.cpp.o[0m
[470.972s] [ 90%] [32m[1mLinking CXX executable range_tests_exec[0m
[471.546s] [ 90%] Built target range_tests_exec
[471.616s] [ 91%] [32mBuilding CXX object test/integration/CMakeFiles/dyn_params_tests.dir/dyn_params_tests.cpp.o[0m
[481.544s] [ 92%] [32m[1mLinking CXX executable dyn_params_tests[0m
[482.358s] [ 92%] Built target dyn_params_tests
[482.534s] [ 93%] [32mBuilding CXX object test/regression/CMakeFiles/costmap_bresenham_2d.dir/costmap_bresenham_2d.cpp.o[0m
[484.550s] [ 95%] [32m[1mLinking CXX executable costmap_bresenham_2d[0m
[484.956s] [ 95%] Built target costmap_bresenham_2d
[485.002s] [ 96%] [32mBuilding CXX object test/regression/CMakeFiles/order_layer.dir/order_layer.cpp.o[0m
[489.404s] [ 97%] [32m[1mLinking CXX shared library liborder_layer.so[0m
[489.788s] [ 97%] Built target order_layer
[489.856s] [ 98%] [32mBuilding CXX object test/regression/CMakeFiles/plugin_api_order.dir/plugin_api_order.cpp.o[0m
[496.626s] [100%] [32m[1mLinking CXX executable plugin_api_order[0m
[497.043s] [100%] Built target plugin_api_order
[497.071s] Invoked command in '/home/huuhoa/hospital_robot/build/nav2_costmap_2d' returned '0': CMAKE_PREFIX_PATH=/home/huuhoa/hospital_robot/install/nav2_map_server:/home/huuhoa/hospital_robot/install/nav2_lifecycle_manager:/home/huuhoa/hospital_robot/install/nav2_util:/home/huuhoa/hospital_robot/install/nav2_voxel_grid:/home/huuhoa/hospital_robot/install/nav2_msgs:/home/huuhoa/hospital_robot/install/nav2_common:/home/huuhoa/hospital_robot/install/map_msgs:/home/huuhoa/hospital_robot/install/nav_2d_utils:/home/huuhoa/hospital_robot/install/dwb_msgs:/home/huuhoa/hospital_robot/install/nav_2d_msgs:/home/huuhoa/hospital_robot/install/hospital_package:/home/huuhoa/hospital_robot/install/nav2_simple_commander:/opt/ros/humble LD_LIBRARY_PATH=/home/huuhoa/hospital_robot/install/nav2_map_server/lib:/home/huuhoa/hospital_robot/install/nav2_lifecycle_manager/lib:/home/huuhoa/hospital_robot/install/nav2_util/lib:/home/huuhoa/hospital_robot/install/nav2_voxel_grid/lib:/home/huuhoa/hospital_robot/install/nav2_msgs/lib:/home/huuhoa/hospital_robot/install/map_msgs/lib:/home/huuhoa/hospital_robot/install/nav_2d_utils/lib:/home/huuhoa/hospital_robot/install/dwb_msgs/lib:/home/huuhoa/hospital_robot/install/nav_2d_msgs/lib:/opt/ros/humble/lib/x86_64-linux-gnu:/opt/ros/humble/lib /usr/bin/cmake --build /home/huuhoa/hospital_robot/build/nav2_costmap_2d -- -j2 -l2
[497.102s] Invoking command in '/home/huuhoa/hospital_robot/build/nav2_costmap_2d': CMAKE_PREFIX_PATH=/home/huuhoa/hospital_robot/install/nav2_map_server:/home/huuhoa/hospital_robot/install/nav2_lifecycle_manager:/home/huuhoa/hospital_robot/install/nav2_util:/home/huuhoa/hospital_robot/install/nav2_voxel_grid:/home/huuhoa/hospital_robot/install/nav2_msgs:/home/huuhoa/hospital_robot/install/nav2_common:/home/huuhoa/hospital_robot/install/map_msgs:/home/huuhoa/hospital_robot/install/nav_2d_utils:/home/huuhoa/hospital_robot/install/dwb_msgs:/home/huuhoa/hospital_robot/install/nav_2d_msgs:/home/huuhoa/hospital_robot/install/hospital_package:/home/huuhoa/hospital_robot/install/nav2_simple_commander:/opt/ros/humble LD_LIBRARY_PATH=/home/huuhoa/hospital_robot/install/nav2_map_server/lib:/home/huuhoa/hospital_robot/install/nav2_lifecycle_manager/lib:/home/huuhoa/hospital_robot/install/nav2_util/lib:/home/huuhoa/hospital_robot/install/nav2_voxel_grid/lib:/home/huuhoa/hospital_robot/install/nav2_msgs/lib:/home/huuhoa/hospital_robot/install/map_msgs/lib:/home/huuhoa/hospital_robot/install/nav_2d_utils/lib:/home/huuhoa/hospital_robot/install/dwb_msgs/lib:/home/huuhoa/hospital_robot/install/nav_2d_msgs/lib:/opt/ros/humble/lib/x86_64-linux-gnu:/opt/ros/humble/lib /usr/bin/cmake --install /home/huuhoa/hospital_robot/build/nav2_costmap_2d
[497.105s] -- Install configuration: "Release"
[497.106s] -- Execute custom install script
[497.107s] -- Symlinking: /home/huuhoa/hospital_robot/install/nav2_costmap_2d/lib/nav2_costmap_2d/nav2_costmap_2d_markers
[497.139s] -- Symlinking: /home/huuhoa/hospital_robot/install/nav2_costmap_2d/lib/nav2_costmap_2d/nav2_costmap_2d_cloud
[497.140s] -- Symlinking: /home/huuhoa/hospital_robot/install/nav2_costmap_2d/lib/nav2_costmap_2d/nav2_costmap_2d
[497.149s] -- Symlinking: /home/huuhoa/hospital_robot/install/nav2_costmap_2d/share/nav2_costmap_2d/costmap_plugins.xml
[497.163s] -- Symlinking: /home/huuhoa/hospital_robot/install/nav2_costmap_2d/include/nav2_costmap_2d/nav2_costmap_2d/array_parser.hpp
[497.177s] -- Symlinking: /home/huuhoa/hospital_robot/install/nav2_costmap_2d/include/nav2_costmap_2d/nav2_costmap_2d/clear_costmap_service.hpp
[497.191s] -- Symlinking: /home/huuhoa/hospital_robot/install/nav2_costmap_2d/include/nav2_costmap_2d/nav2_costmap_2d/cost_values.hpp
[497.204s] -- Symlinking: /home/huuhoa/hospital_robot/install/nav2_costmap_2d/include/nav2_costmap_2d/nav2_costmap_2d/costmap_2d.hpp
[497.218s] -- Symlinking: /home/huuhoa/hospital_robot/install/nav2_costmap_2d/include/nav2_costmap_2d/nav2_costmap_2d/costmap_2d_publisher.hpp
[497.231s] -- Symlinking: /home/huuhoa/hospital_robot/install/nav2_costmap_2d/include/nav2_costmap_2d/nav2_costmap_2d/costmap_2d_ros.hpp
[497.244s] -- Symlinking: /home/huuhoa/hospital_robot/install/nav2_costmap_2d/include/nav2_costmap_2d/nav2_costmap_2d/costmap_filters/binary_filter.hpp
[497.260s] -- Symlinking: /home/huuhoa/hospital_robot/install/nav2_costmap_2d/include/nav2_costmap_2d/nav2_costmap_2d/costmap_filters/costmap_filter.hpp
[497.274s] -- Symlinking: /home/huuhoa/hospital_robot/install/nav2_costmap_2d/include/nav2_costmap_2d/nav2_costmap_2d/costmap_filters/filter_values.hpp
[497.287s] -- Symlinking: /home/huuhoa/hospital_robot/install/nav2_costmap_2d/include/nav2_costmap_2d/nav2_costmap_2d/costmap_filters/keepout_filter.hpp
[497.302s] -- Symlinking: /home/huuhoa/hospital_robot/install/nav2_costmap_2d/include/nav2_costmap_2d/nav2_costmap_2d/costmap_filters/speed_filter.hpp
[497.316s] -- Symlinking: /home/huuhoa/hospital_robot/install/nav2_costmap_2d/include/nav2_costmap_2d/nav2_costmap_2d/costmap_layer.hpp
[497.331s] -- Symlinking: /home/huuhoa/hospital_robot/install/nav2_costmap_2d/include/nav2_costmap_2d/nav2_costmap_2d/costmap_math.hpp
[497.344s] -- Symlinking: /home/huuhoa/hospital_robot/install/nav2_costmap_2d/include/nav2_costmap_2d/nav2_costmap_2d/costmap_subscriber.hpp
[497.358s] -- Symlinking: /home/huuhoa/hospital_robot/install/nav2_costmap_2d/include/nav2_costmap_2d/nav2_costmap_2d/costmap_topic_collision_checker.hpp
[497.390s] -- Symlinking: /home/huuhoa/hospital_robot/install/nav2_costmap_2d/include/nav2_costmap_2d/nav2_costmap_2d/denoise/image.hpp
[497.406s] -- Symlinking: /home/huuhoa/hospital_robot/install/nav2_costmap_2d/include/nav2_costmap_2d/nav2_costmap_2d/denoise/image_processing.hpp
[497.433s] -- Symlinking: /home/huuhoa/hospital_robot/install/nav2_costmap_2d/include/nav2_costmap_2d/nav2_costmap_2d/denoise_layer.hpp
[497.448s] -- Symlinking: /home/huuhoa/hospital_robot/install/nav2_costmap_2d/include/nav2_costmap_2d/nav2_costmap_2d/exceptions.hpp
[497.463s] -- Symlinking: /home/huuhoa/hospital_robot/install/nav2_costmap_2d/include/nav2_costmap_2d/nav2_costmap_2d/footprint.hpp
[497.480s] -- Symlinking: /home/huuhoa/hospital_robot/install/nav2_costmap_2d/include/nav2_costmap_2d/nav2_costmap_2d/footprint_collision_checker.hpp
[497.494s] -- Symlinking: /home/huuhoa/hospital_robot/install/nav2_costmap_2d/include/nav2_costmap_2d/nav2_costmap_2d/footprint_subscriber.hpp
[497.510s] -- Symlinking: /home/huuhoa/hospital_robot/install/nav2_costmap_2d/include/nav2_costmap_2d/nav2_costmap_2d/inflation_layer.hpp
[497.533s] -- Symlinking: /home/huuhoa/hospital_robot/install/nav2_costmap_2d/include/nav2_costmap_2d/nav2_costmap_2d/layer.hpp
[497.585s] -- Symlinking: /home/huuhoa/hospital_robot/install/nav2_costmap_2d/include/nav2_costmap_2d/nav2_costmap_2d/layered_costmap.hpp
[497.586s] -- Symlinking: /home/huuhoa/hospital_robot/install/nav2_costmap_2d/include/nav2_costmap_2d/nav2_costmap_2d/observation.hpp
[497.586s] -- Symlinking: /home/huuhoa/hospital_robot/install/nav2_costmap_2d/include/nav2_costmap_2d/nav2_costmap_2d/observation_buffer.hpp
[497.594s] -- Symlinking: /home/huuhoa/hospital_robot/install/nav2_costmap_2d/include/nav2_costmap_2d/nav2_costmap_2d/obstacle_layer.hpp
[497.608s] -- Symlinking: /home/huuhoa/hospital_robot/install/nav2_costmap_2d/include/nav2_costmap_2d/nav2_costmap_2d/range_sensor_layer.hpp
[497.624s] -- Symlinking: /home/huuhoa/hospital_robot/install/nav2_costmap_2d/include/nav2_costmap_2d/nav2_costmap_2d/static_layer.hpp
[497.642s] -- Symlinking: /home/huuhoa/hospital_robot/install/nav2_costmap_2d/include/nav2_costmap_2d/nav2_costmap_2d/voxel_layer.hpp
[497.662s] -- Symlinking: /home/huuhoa/hospital_robot/install/nav2_costmap_2d/lib/liborder_layer.so
[497.677s] -- Symlinking: /home/huuhoa/hospital_robot/install/nav2_costmap_2d/share/nav2_costmap_2d/test/regression/order_layer.xml
[497.692s] -- Symlinking: /home/huuhoa/hospital_robot/install/nav2_costmap_2d/share/nav2_costmap_2d/environment/library_path.sh
[497.708s] -- Symlinking: /home/huuhoa/hospital_robot/install/nav2_costmap_2d/share/nav2_costmap_2d/environment/library_path.dsv
[497.723s] -- Up-to-date symlink: /home/huuhoa/hospital_robot/install/nav2_costmap_2d/share/nav2_costmap_2d//costmap_plugins.xml
[497.733s] -- Symlinking: /home/huuhoa/hospital_robot/install/nav2_costmap_2d/share/ament_index/resource_index/package_run_dependencies/nav2_costmap_2d
[497.751s] -- Symlinking: /home/huuhoa/hospital_robot/install/nav2_costmap_2d/share/ament_index/resource_index/parent_prefix_path/nav2_costmap_2d
[497.770s] -- Symlinking: /home/huuhoa/hospital_robot/install/nav2_costmap_2d/share/nav2_costmap_2d/environment/ament_prefix_path.sh
[497.784s] -- Symlinking: /home/huuhoa/hospital_robot/install/nav2_costmap_2d/share/nav2_costmap_2d/environment/ament_prefix_path.dsv
[497.800s] -- Symlinking: /home/huuhoa/hospital_robot/install/nav2_costmap_2d/share/nav2_costmap_2d/environment/path.sh
[497.814s] -- Symlinking: /home/huuhoa/hospital_robot/install/nav2_costmap_2d/share/nav2_costmap_2d/environment/path.dsv
[497.827s] -- Symlinking: /home/huuhoa/hospital_robot/install/nav2_costmap_2d/share/nav2_costmap_2d/local_setup.bash
[497.843s] -- Symlinking: /home/huuhoa/hospital_robot/install/nav2_costmap_2d/share/nav2_costmap_2d/local_setup.sh
[497.856s] -- Symlinking: /home/huuhoa/hospital_robot/install/nav2_costmap_2d/share/nav2_costmap_2d/local_setup.zsh
[497.869s] -- Symlinking: /home/huuhoa/hospital_robot/install/nav2_costmap_2d/share/nav2_costmap_2d/local_setup.dsv
[497.882s] -- Symlinking: /home/huuhoa/hospital_robot/install/nav2_costmap_2d/share/nav2_costmap_2d/package.dsv
[497.894s] -- Symlinking: /home/huuhoa/hospital_robot/install/nav2_costmap_2d/share/ament_index/resource_index/packages/nav2_costmap_2d
[497.907s] -- Symlinking: /home/huuhoa/hospital_robot/install/nav2_costmap_2d/share/ament_index/resource_index/nav2_costmap_2d__pluginlib__plugin/nav2_costmap_2d
[497.933s] -- Symlinking: /home/huuhoa/hospital_robot/install/nav2_costmap_2d/share/nav2_costmap_2d/cmake/ament_cmake_export_targets-extras.cmake
[497.954s] -- Symlinking: /home/huuhoa/hospital_robot/install/nav2_costmap_2d/share/nav2_costmap_2d/cmake/ament_cmake_export_dependencies-extras.cmake
[497.981s] -- Symlinking: /home/huuhoa/hospital_robot/install/nav2_costmap_2d/share/nav2_costmap_2d/cmake/nav2_costmap_2dConfig.cmake
[497.996s] -- Symlinking: /home/huuhoa/hospital_robot/install/nav2_costmap_2d/share/nav2_costmap_2d/cmake/nav2_costmap_2dConfig-version.cmake
[498.013s] -- Symlinking: /home/huuhoa/hospital_robot/install/nav2_costmap_2d/share/nav2_costmap_2d/package.xml
[498.029s] -- Installing: /home/huuhoa/hospital_robot/install/nav2_costmap_2d/lib/liblayers.so
[498.034s] -- Set runtime path of "/home/huuhoa/hospital_robot/install/nav2_costmap_2d/lib/liblayers.so" to ""
[498.034s] -- Installing: /home/huuhoa/hospital_robot/install/nav2_costmap_2d/lib/libfilters.so
[498.037s] -- Set runtime path of "/home/huuhoa/hospital_robot/install/nav2_costmap_2d/lib/libfilters.so" to ""
[498.037s] -- Installing: /home/huuhoa/hospital_robot/install/nav2_costmap_2d/lib/libnav2_costmap_2d_core.so
[498.040s] -- Set runtime path of "/home/huuhoa/hospital_robot/install/nav2_costmap_2d/lib/libnav2_costmap_2d_core.so" to ""
[498.041s] -- Installing: /home/huuhoa/hospital_robot/install/nav2_costmap_2d/lib/libnav2_costmap_2d_client.so
[498.043s] -- Set runtime path of "/home/huuhoa/hospital_robot/install/nav2_costmap_2d/lib/libnav2_costmap_2d_client.so" to ""
[498.045s] -- Installing: /home/huuhoa/hospital_robot/install/nav2_costmap_2d/share/nav2_costmap_2d/cmake/export_nav2_costmap_2dExport.cmake
[498.045s] -- Installing: /home/huuhoa/hospital_robot/install/nav2_costmap_2d/share/nav2_costmap_2d/cmake/export_nav2_costmap_2dExport-release.cmake
[498.053s] Invoked command in '/home/huuhoa/hospital_robot/build/nav2_costmap_2d' returned '0': CMAKE_PREFIX_PATH=/home/huuhoa/hospital_robot/install/nav2_map_server:/home/huuhoa/hospital_robot/install/nav2_lifecycle_manager:/home/huuhoa/hospital_robot/install/nav2_util:/home/huuhoa/hospital_robot/install/nav2_voxel_grid:/home/huuhoa/hospital_robot/install/nav2_msgs:/home/huuhoa/hospital_robot/install/nav2_common:/home/huuhoa/hospital_robot/install/map_msgs:/home/huuhoa/hospital_robot/install/nav_2d_utils:/home/huuhoa/hospital_robot/install/dwb_msgs:/home/huuhoa/hospital_robot/install/nav_2d_msgs:/home/huuhoa/hospital_robot/install/hospital_package:/home/huuhoa/hospital_robot/install/nav2_simple_commander:/opt/ros/humble LD_LIBRARY_PATH=/home/huuhoa/hospital_robot/install/nav2_map_server/lib:/home/huuhoa/hospital_robot/install/nav2_lifecycle_manager/lib:/home/huuhoa/hospital_robot/install/nav2_util/lib:/home/huuhoa/hospital_robot/install/nav2_voxel_grid/lib:/home/huuhoa/hospital_robot/install/nav2_msgs/lib:/home/huuhoa/hospital_robot/install/map_msgs/lib:/home/huuhoa/hospital_robot/install/nav_2d_utils/lib:/home/huuhoa/hospital_robot/install/dwb_msgs/lib:/home/huuhoa/hospital_robot/install/nav_2d_msgs/lib:/opt/ros/humble/lib/x86_64-linux-gnu:/opt/ros/humble/lib /usr/bin/cmake --install /home/huuhoa/hospital_robot/build/nav2_costmap_2d
